OpenROAD b7631451350809842e4fb0c635c3f3ed7f6b270f 
This program is licensed under the BSD-3 license. See the LICENSE file for details.
Components of this program may be licensed under more restrictive licenses which must be honored.
[WARNING STA-0357] virtual clock clk_i can not be propagated.
[INFO ORD-0030] Using 2 thread(s).
[INFO DRT-0149] Reading tech and libs.

Units:                2000
Number of layers:     21
Number of macros:     135
Number of vias:       27
Number of viarulegen: 19

[INFO DRT-0150] Reading design.

Design:                   fp_16_32_adder
Die area:                 ( 0 0 ) ( 179620 179620 )
Number of track patterns: 20
Number of DEF vias:       6
Number of components:     5407
Number of terminals:      80
Number of snets:          2
Number of nets:           2854

[INFO DRT-0167] List of default vias:
  Layer via1
    default via: via1_7
  Layer via2
    default via: via2_5
  Layer via3
    default via: via3_2
  Layer via4
    default via: via4_0
  Layer via5
    default via: via5_0
  Layer via6
    default via: via6_0
  Layer via7
    default via: via7_0
  Layer via8
    default via: via8_0
  Layer via9
    default via: via9_0
[INFO DRT-0162] Library cell analysis.
[INFO DRT-0163] Instance analysis.
[INFO DRT-0164] Number of unique instances = 117.
[INFO DRT-0168] Init region query.
[INFO DRT-0024]   Complete active.
[INFO DRT-0024]   Complete Fr_VIA.
[INFO DRT-0024]   Complete metal1.
[INFO DRT-0024]   Complete via1.
[INFO DRT-0024]   Complete metal2.
[INFO DRT-0024]   Complete via2.
[INFO DRT-0024]   Complete metal3.
[INFO DRT-0024]   Complete via3.
[INFO DRT-0024]   Complete metal4.
[INFO DRT-0024]   Complete via4.
[INFO DRT-0024]   Complete metal5.
[INFO DRT-0024]   Complete via5.
[INFO DRT-0024]   Complete metal6.
[INFO DRT-0024]   Complete via6.
[INFO DRT-0024]   Complete metal7.
[INFO DRT-0024]   Complete via7.
[INFO DRT-0024]   Complete metal8.
[INFO DRT-0024]   Complete via8.
[INFO DRT-0024]   Complete metal9.
[INFO DRT-0024]   Complete via9.
[INFO DRT-0024]   Complete metal10.
[INFO DRT-0033] active shape region query size = 0.
[INFO DRT-0033] FR_VIA shape region query size = 0.
[INFO DRT-0033] metal1 shape region query size = 39026.
[INFO DRT-0033] via1 shape region query size = 276.
[INFO DRT-0033] metal2 shape region query size = 231.
[INFO DRT-0033] via2 shape region query size = 276.
[INFO DRT-0033] metal3 shape region query size = 217.
[INFO DRT-0033] via3 shape region query size = 276.
[INFO DRT-0033] metal4 shape region query size = 101.
[INFO DRT-0033] via4 shape region query size = 60.
[INFO DRT-0033] metal5 shape region query size = 12.
[INFO DRT-0033] via5 shape region query size = 60.
[INFO DRT-0033] metal6 shape region query size = 12.
[INFO DRT-0033] via6 shape region query size = 24.
[INFO DRT-0033] metal7 shape region query size = 9.
[INFO DRT-0033] via7 shape region query size = 0.
[INFO DRT-0033] metal8 shape region query size = 0.
[INFO DRT-0033] via8 shape region query size = 0.
[INFO DRT-0033] metal9 shape region query size = 0.
[INFO DRT-0033] via9 shape region query size = 0.
[INFO DRT-0033] metal10 shape region query size = 0.
[INFO DRT-0165] Start pin access.
[INFO DRT-0076]   Complete 100 pins.
[INFO DRT-0076]   Complete 200 pins.
[INFO DRT-0076]   Complete 300 pins.
[INFO DRT-0078]   Complete 343 pins.
[INFO DRT-0079]   Complete 100 unique inst patterns.
[INFO DRT-0081]   Complete 101 unique inst patterns.
[INFO DRT-0082]   Complete 1000 groups.
[INFO DRT-0084]   Complete 1301 groups.
#scanned instances     = 5407
#unique  instances     = 117
#stdCellGenAp          = 3196
#stdCellValidPlanarAp  = 0
#stdCellValidViaAp     = 2301
#stdCellPinNoAp        = 0
#stdCellPinCnt         = 8738
#instTermValidViaApCnt = 0
#macroGenAp            = 0
#macroValidPlanarAp    = 0
#macroValidViaAp       = 0
#macroNoAp             = 0
[INFO DRT-0166] Complete pin access.
[INFO DRT-0267] cpu time = 00:00:14, elapsed time = 00:00:07, memory = 107.04 (MB), peak = 107.04 (MB)

Number of guides:     21284

[INFO DRT-0169] Post process guides.
[INFO DRT-0176] GCELLGRID X 0 DO 42 STEP 4200 ;
[INFO DRT-0177] GCELLGRID Y 0 DO 42 STEP 4200 ;
[INFO DRT-0026]   Complete 10000 origin guides.
[INFO DRT-0026]   Complete 20000 origin guides.
[INFO DRT-0028]   Complete active.
[INFO DRT-0028]   Complete Fr_VIA.
[INFO DRT-0028]   Complete metal1.
[INFO DRT-0028]   Complete via1.
[INFO DRT-0028]   Complete metal2.
[INFO DRT-0028]   Complete via2.
[INFO DRT-0028]   Complete metal3.
[INFO DRT-0028]   Complete via3.
[INFO DRT-0028]   Complete metal4.
[INFO DRT-0028]   Complete via4.
[INFO DRT-0028]   Complete metal5.
[INFO DRT-0028]   Complete via5.
[INFO DRT-0028]   Complete metal6.
[INFO DRT-0028]   Complete via6.
[INFO DRT-0028]   Complete metal7.
[INFO DRT-0028]   Complete via7.
[INFO DRT-0028]   Complete metal8.
[INFO DRT-0028]   Complete via8.
[INFO DRT-0028]   Complete metal9.
[INFO DRT-0028]   Complete via9.
[INFO DRT-0028]   Complete metal10.
[INFO DRT-0178] Init guide query.
[INFO DRT-0035]   Complete active (guide).
[INFO DRT-0035]   Complete Fr_VIA (guide).
[INFO DRT-0035]   Complete metal1 (guide).
[INFO DRT-0035]   Complete via1 (guide).
[INFO DRT-0035]   Complete metal2 (guide).
[INFO DRT-0035]   Complete via2 (guide).
[INFO DRT-0035]   Complete metal3 (guide).
[INFO DRT-0035]   Complete via3 (guide).
[INFO DRT-0035]   Complete metal4 (guide).
[INFO DRT-0035]   Complete via4 (guide).
[INFO DRT-0035]   Complete metal5 (guide).
[INFO DRT-0035]   Complete via5 (guide).
[INFO DRT-0035]   Complete metal6 (guide).
[INFO DRT-0035]   Complete via6 (guide).
[INFO DRT-0035]   Complete metal7 (guide).
[INFO DRT-0035]   Complete via7 (guide).
[INFO DRT-0035]   Complete metal8 (guide).
[INFO DRT-0035]   Complete via8 (guide).
[INFO DRT-0035]   Complete metal9 (guide).
[INFO DRT-0035]   Complete via9 (guide).
[INFO DRT-0035]   Complete metal10 (guide).
[INFO DRT-0036] active guide region query size = 0.
[INFO DRT-0036] FR_VIA guide region query size = 0.
[INFO DRT-0036] metal1 guide region query size = 6932.
[INFO DRT-0036] via1 guide region query size = 0.
[INFO DRT-0036] metal2 guide region query size = 5256.
[INFO DRT-0036] via2 guide region query size = 0.
[INFO DRT-0036] metal3 guide region query size = 3391.
[INFO DRT-0036] via3 guide region query size = 0.
[INFO DRT-0036] metal4 guide region query size = 1286.
[INFO DRT-0036] via4 guide region query size = 0.
[INFO DRT-0036] metal5 guide region query size = 482.
[INFO DRT-0036] via5 guide region query size = 0.
[INFO DRT-0036] metal6 guide region query size = 91.
[INFO DRT-0036] via6 guide region query size = 0.
[INFO DRT-0036] metal7 guide region query size = 8.
[INFO DRT-0036] via7 guide region query size = 0.
[INFO DRT-0036] metal8 guide region query size = 0.
[INFO DRT-0036] via8 guide region query size = 0.
[INFO DRT-0036] metal9 guide region query size = 0.
[INFO DRT-0036] via9 guide region query size = 0.
[INFO DRT-0036] metal10 guide region query size = 0.
[INFO DRT-0179] Init gr pin query.
[INFO DRT-0185] Post process initialize RPin region query.
[INFO DRT-0181] Start track assignment.
[INFO DRT-0184] Done with 6633 vertical wires in 1 frboxes and 10813 horizontal wires in 1 frboxes.
[INFO DRT-0186] Done with 2057 vertical wires in 1 frboxes and 3083 horizontal wires in 1 frboxes.
[INFO DRT-0182] Complete track assignment.
[INFO DRT-0267] cpu time = 00:00:01, elapsed time = 00:00:01, memory = 159.29 (MB), peak = 161.23 (MB)
[INFO DRT-0187] Start routing data preparation.
[INFO DRT-0267] cpu time = 00:00:00, elapsed time = 00:00:00, memory = 159.29 (MB), peak = 161.23 (MB)
[INFO DRT-0194] Start detail routing.
[INFO DRT-0195] Start 0th optimization iteration.
    Completing 10% with 0 violations.
    elapsed time = 00:00:00, memory = 161.15 (MB).
    Completing 20% with 0 violations.
    elapsed time = 00:00:01, memory = 174.01 (MB).
    Completing 30% with 34 violations.
    elapsed time = 00:00:01, memory = 174.23 (MB).
    Completing 40% with 34 violations.
    elapsed time = 00:00:02, memory = 176.04 (MB).
    Completing 50% with 34 violations.
    elapsed time = 00:00:03, memory = 188.09 (MB).
    Completing 60% with 64 violations.
    elapsed time = 00:00:04, memory = 192.98 (MB).
    Completing 70% with 64 violations.
    elapsed time = 00:00:05, memory = 195.73 (MB).
    Completing 80% with 101 violations.
    elapsed time = 00:00:05, memory = 197.53 (MB).
    Completing 90% with 101 violations.
    elapsed time = 00:00:06, memory = 198.82 (MB).
    Completing 100% with 139 violations.
    elapsed time = 00:00:07, memory = 202.62 (MB).
[INFO DRT-0199]   Number of violations = 615.
Viol/Layer      metal1   via1 metal2   via2 metal3   via3 metal4   via4 metal5   via5 metal6   via6
Cut Spacing          0      0      0      4      0      1      0      5      0      2      0      1
Metal Spacing       14      0     20      0      1      0      0      0      0      0      0      0
Recheck              3      0    195      0    185      0     77      0     13      0      3      0
Short                0      1     87      2      1      0      0      0      0      0      0      0
[INFO DRT-0267] cpu time = 00:00:13, elapsed time = 00:00:07, memory = 727.24 (MB), peak = 727.24 (MB)
Total wire length = 19212 um.
Total wire length on LAYER metal1 = 0 um.
Total wire length on LAYER metal2 = 5827 um.
Total wire length on LAYER metal3 = 7349 um.
Total wire length on LAYER metal4 = 3012 um.
Total wire length on LAYER metal5 = 2223 um.
Total wire length on LAYER metal6 = 696 um.
Total wire length on LAYER metal7 = 103 um.
Total wire length on LAYER metal8 = 0 um.
Total wire length on LAYER metal9 = 0 um.
Total wire length on LAYER metal10 = 0 um.
Total number of vias = 17760.
Up-via summary (total 17760):.

----------------
 active        0
 metal1     8740
 metal2     6875
 metal3     1401
 metal4      595
 metal5      134
 metal6       15
 metal7        0
 metal8        0
 metal9        0
----------------
           17760


[INFO DRT-0195] Start 1st optimization iteration.
    Completing 10% with 615 violations.
    elapsed time = 00:00:00, memory = 727.24 (MB).
    Completing 20% with 615 violations.
    elapsed time = 00:00:00, memory = 727.24 (MB).
    Completing 30% with 615 violations.
    elapsed time = 00:00:00, memory = 727.24 (MB).
    Completing 40% with 475 violations.
    elapsed time = 00:00:01, memory = 727.24 (MB).
    Completing 50% with 475 violations.
    elapsed time = 00:00:02, memory = 727.24 (MB).
    Completing 60% with 300 violations.
    elapsed time = 00:00:02, memory = 727.24 (MB).
    Completing 70% with 300 violations.
    elapsed time = 00:00:03, memory = 727.24 (MB).
    Completing 80% with 300 violations.
    elapsed time = 00:00:04, memory = 728.53 (MB).
    Completing 90% with 158 violations.
    elapsed time = 00:00:05, memory = 728.53 (MB).
    Completing 100% with 17 violations.
    elapsed time = 00:00:06, memory = 728.53 (MB).
[INFO DRT-0199]   Number of violations = 17.
Viol/Layer      metal2
Metal Spacing        4
Short               13
[INFO DRT-0267] cpu time = 00:00:10, elapsed time = 00:00:06, memory = 728.53 (MB), peak = 728.53 (MB)
Total wire length = 18948 um.
Total wire length on LAYER metal1 = 0 um.
Total wire length on LAYER metal2 = 5832 um.
Total wire length on LAYER metal3 = 7336 um.
Total wire length on LAYER metal4 = 2895 um.
Total wire length on LAYER metal5 = 2117 um.
Total wire length on LAYER metal6 = 672 um.
Total wire length on LAYER metal7 = 93 um.
Total wire length on LAYER metal8 = 0 um.
Total wire length on LAYER metal9 = 0 um.
Total wire length on LAYER metal10 = 0 um.
Total number of vias = 17486.
Up-via summary (total 17486):.

----------------
 active        0
 metal1     8737
 metal2     6808
 metal3     1288
 metal4      519
 metal5      121
 metal6       13
 metal7        0
 metal8        0
 metal9        0
----------------
           17486


[INFO DRT-0195] Start 2nd optimization iteration.
    Completing 10% with 17 violations.
    elapsed time = 00:00:00, memory = 728.53 (MB).
    Completing 20% with 17 violations.
    elapsed time = 00:00:00, memory = 728.53 (MB).
    Completing 30% with 17 violations.
    elapsed time = 00:00:00, memory = 728.53 (MB).
    Completing 40% with 16 violations.
    elapsed time = 00:00:00, memory = 728.53 (MB).
    Completing 50% with 16 violations.
    elapsed time = 00:00:01, memory = 728.53 (MB).
    Completing 60% with 18 violations.
    elapsed time = 00:00:02, memory = 728.53 (MB).
    Completing 70% with 18 violations.
    elapsed time = 00:00:02, memory = 728.53 (MB).
    Completing 80% with 18 violations.
    elapsed time = 00:00:03, memory = 728.53 (MB).
    Completing 90% with 13 violations.
    elapsed time = 00:00:03, memory = 728.53 (MB).
    Completing 100% with 13 violations.
    elapsed time = 00:00:03, memory = 728.53 (MB).
[INFO DRT-0199]   Number of violations = 13.
Viol/Layer      metal2
Metal Spacing        4
Short                9
[INFO DRT-0267] cpu time = 00:00:05, elapsed time = 00:00:03, memory = 728.53 (MB), peak = 728.53 (MB)
Total wire length = 18903 um.
Total wire length on LAYER metal1 = 0 um.
Total wire length on LAYER metal2 = 5824 um.
Total wire length on LAYER metal3 = 7334 um.
Total wire length on LAYER metal4 = 2881 um.
Total wire length on LAYER metal5 = 2095 um.
Total wire length on LAYER metal6 = 674 um.
Total wire length on LAYER metal7 = 92 um.
Total wire length on LAYER metal8 = 0 um.
Total wire length on LAYER metal9 = 0 um.
Total wire length on LAYER metal10 = 0 um.
Total number of vias = 17434.
Up-via summary (total 17434):.

----------------
 active        0
 metal1     8737
 metal2     6781
 metal3     1269
 metal4      510
 metal5      123
 metal6       14
 metal7        0
 metal8        0
 metal9        0
----------------
           17434


[INFO DRT-0195] Start 3rd optimization iteration.
    Completing 10% with 13 violations.
    elapsed time = 00:00:00, memory = 728.53 (MB).
    Completing 20% with 13 violations.
    elapsed time = 00:00:00, memory = 728.53 (MB).
    Completing 30% with 12 violations.
    elapsed time = 00:00:00, memory = 728.53 (MB).
    Completing 40% with 12 violations.
    elapsed time = 00:00:00, memory = 728.53 (MB).
    Completing 50% with 12 violations.
    elapsed time = 00:00:00, memory = 728.53 (MB).
    Completing 60% with 10 violations.
    elapsed time = 00:00:00, memory = 728.53 (MB).
    Completing 70% with 10 violations.
    elapsed time = 00:00:00, memory = 728.53 (MB).
    Completing 80% with 0 violations.
    elapsed time = 00:00:00, memory = 728.53 (MB).
    Completing 90% with 0 violations.
    elapsed time = 00:00:00, memory = 728.53 (MB).
    Completing 100% with 0 violations.
    elapsed time = 00:00:00, memory = 728.53 (MB).
[INFO DRT-0199]   Number of violations = 0.
[INFO DRT-0267] cpu time = 00:00:01, elapsed time = 00:00:01, memory = 728.53 (MB), peak = 728.53 (MB)
Total wire length = 18900 um.
Total wire length on LAYER metal1 = 0 um.
Total wire length on LAYER metal2 = 5823 um.
Total wire length on LAYER metal3 = 7337 um.
Total wire length on LAYER metal4 = 2885 um.
Total wire length on LAYER metal5 = 2093 um.
Total wire length on LAYER metal6 = 668 um.
Total wire length on LAYER metal7 = 92 um.
Total wire length on LAYER metal8 = 0 um.
Total wire length on LAYER metal9 = 0 um.
Total wire length on LAYER metal10 = 0 um.
Total number of vias = 17439.
Up-via summary (total 17439):.

----------------
 active        0
 metal1     8737
 metal2     6789
 metal3     1269
 metal4      508
 metal5      122
 metal6       14
 metal7        0
 metal8        0
 metal9        0
----------------
           17439


[INFO DRT-0198] Complete detail routing.
Total wire length = 18900 um.
Total wire length on LAYER metal1 = 0 um.
Total wire length on LAYER metal2 = 5823 um.
Total wire length on LAYER metal3 = 7337 um.
Total wire length on LAYER metal4 = 2885 um.
Total wire length on LAYER metal5 = 2093 um.
Total wire length on LAYER metal6 = 668 um.
Total wire length on LAYER metal7 = 92 um.
Total wire length on LAYER metal8 = 0 um.
Total wire length on LAYER metal9 = 0 um.
Total wire length on LAYER metal10 = 0 um.
Total number of vias = 17439.
Up-via summary (total 17439):.

----------------
 active        0
 metal1     8737
 metal2     6789
 metal3     1269
 metal4      508
 metal5      122
 metal6       14
 metal7        0
 metal8        0
 metal9        0
----------------
           17439


[INFO DRT-0267] cpu time = 00:00:30, elapsed time = 00:00:18, memory = 728.53 (MB), peak = 728.53 (MB)

[INFO DRT-0180] Post processing.
Elapsed time: 0:28.45[h:]min:sec. CPU time: user 47.58 sys 0.30 (168%). Peak memory: 746300KB.
