OpenROAD b57893514040c5aa453ab5c104f35d1173a8add9 
This program is licensed under the BSD-3 license. See the LICENSE file for details.
Components of this program may be licensed under more restrictive licenses which must be honored.
[INFO ORD-0030] Using 2 thread(s).
[INFO DRT-0149] Reading tech and libs.

Units:                2000
Number of layers:     21
Number of macros:     135
Number of vias:       27
Number of viarulegen: 19

[INFO DRT-0150] Reading design.

Design:                   fp_16_32_adder
Die area:                 ( 0 0 ) ( 189300 189300 )
Number of track patterns: 20
Number of DEF vias:       6
Number of components:     5692
Number of terminals:      82
Number of snets:          2
Number of nets:           2912

[INFO DRT-0167] List of default vias:
  Layer via1
    default via: via1_7
  Layer via2
    default via: via2_5
  Layer via3
    default via: via3_2
  Layer via4
    default via: via4_0
  Layer via5
    default via: via5_0
  Layer via6
    default via: via6_0
  Layer via7
    default via: via7_0
  Layer via8
    default via: via8_0
  Layer via9
    default via: via9_0
[INFO DRT-0162] Library cell analysis.
[INFO DRT-0163] Instance analysis.
[INFO DRT-0164] Number of unique instances = 114.
[INFO DRT-0168] Init region query.
[INFO DRT-0024]   Complete active.
[INFO DRT-0024]   Complete FR_VIA.
[INFO DRT-0024]   Complete metal1.
[INFO DRT-0024]   Complete via1.
[INFO DRT-0024]   Complete metal2.
[INFO DRT-0024]   Complete via2.
[INFO DRT-0024]   Complete metal3.
[INFO DRT-0024]   Complete via3.
[INFO DRT-0024]   Complete metal4.
[INFO DRT-0024]   Complete via4.
[INFO DRT-0024]   Complete metal5.
[INFO DRT-0024]   Complete via5.
[INFO DRT-0024]   Complete metal6.
[INFO DRT-0024]   Complete via6.
[INFO DRT-0024]   Complete metal7.
[INFO DRT-0024]   Complete via7.
[INFO DRT-0024]   Complete metal8.
[INFO DRT-0024]   Complete via8.
[INFO DRT-0024]   Complete metal9.
[INFO DRT-0024]   Complete via9.
[INFO DRT-0024]   Complete metal10.
[INFO DRT-0033] active shape region query size = 0.
[INFO DRT-0033] FR_VIA shape region query size = 0.
[INFO DRT-0033] metal1 shape region query size = 43619.
[INFO DRT-0033] via1 shape region query size = 390.
[INFO DRT-0033] metal2 shape region query size = 280.
[INFO DRT-0033] via2 shape region query size = 390.
[INFO DRT-0033] metal3 shape region query size = 322.
[INFO DRT-0033] via3 shape region query size = 390.
[INFO DRT-0033] metal4 shape region query size = 144.
[INFO DRT-0033] via4 shape region query size = 100.
[INFO DRT-0033] metal5 shape region query size = 20.
[INFO DRT-0033] via5 shape region query size = 100.
[INFO DRT-0033] metal6 shape region query size = 20.
[INFO DRT-0033] via6 shape region query size = 40.
[INFO DRT-0033] metal7 shape region query size = 15.
[INFO DRT-0033] via7 shape region query size = 0.
[INFO DRT-0033] metal8 shape region query size = 0.
[INFO DRT-0033] via8 shape region query size = 0.
[INFO DRT-0033] metal9 shape region query size = 0.
[INFO DRT-0033] via9 shape region query size = 0.
[INFO DRT-0033] metal10 shape region query size = 0.
[INFO DRT-0165] Start pin access.
[INFO DRT-0076]   Complete 100 pins.
[INFO DRT-0076]   Complete 200 pins.
[INFO DRT-0076]   Complete 300 pins.
[INFO DRT-0078]   Complete 354 pins.
[INFO DRT-0081]   Complete 98 unique inst patterns.
[INFO DRT-0082]   Complete 1000 groups.
[INFO DRT-0084]   Complete 1413 groups.
#scanned instances     = 5692
#unique  instances     = 114
#stdCellGenAp          = 3237
#stdCellValidPlanarAp  = 0
#stdCellValidViaAp     = 2328
#stdCellPinNoAp        = 0
#stdCellPinCnt         = 8872
#instTermValidViaApCnt = 0
#macroGenAp            = 0
#macroValidPlanarAp    = 0
#macroValidViaAp       = 0
#macroNoAp             = 0
[INFO DRT-0166] Complete pin access.
[INFO DRT-0267] cpu time = 00:00:17, elapsed time = 00:00:09, memory = 110.12 (MB), peak = 110.12 (MB)

Number of guides:     23396

[INFO DRT-0169] Post process guides.
[INFO DRT-0176] GCELLGRID X 0 DO 45 STEP 4200 ;
[INFO DRT-0177] GCELLGRID Y 0 DO 45 STEP 4200 ;
[INFO DRT-0026]   Complete 10000 origin guides.
[INFO DRT-0026]   Complete 20000 origin guides.
[INFO DRT-0028]   Complete active.
[INFO DRT-0028]   Complete FR_VIA.
[INFO DRT-0028]   Complete metal1.
[INFO DRT-0028]   Complete via1.
[INFO DRT-0028]   Complete metal2.
[INFO DRT-0028]   Complete via2.
[INFO DRT-0028]   Complete metal3.
[INFO DRT-0028]   Complete via3.
[INFO DRT-0028]   Complete metal4.
[INFO DRT-0028]   Complete via4.
[INFO DRT-0028]   Complete metal5.
[INFO DRT-0028]   Complete via5.
[INFO DRT-0028]   Complete metal6.
[INFO DRT-0028]   Complete via6.
[INFO DRT-0028]   Complete metal7.
[INFO DRT-0028]   Complete via7.
[INFO DRT-0028]   Complete metal8.
[INFO DRT-0028]   Complete via8.
[INFO DRT-0028]   Complete metal9.
[INFO DRT-0028]   Complete via9.
[INFO DRT-0028]   Complete metal10.
[INFO DRT-0178] Init guide query.
[INFO DRT-0035]   Complete active (guide).
[INFO DRT-0035]   Complete FR_VIA (guide).
[INFO DRT-0035]   Complete metal1 (guide).
[INFO DRT-0035]   Complete via1 (guide).
[INFO DRT-0035]   Complete metal2 (guide).
[INFO DRT-0035]   Complete via2 (guide).
[INFO DRT-0035]   Complete metal3 (guide).
[INFO DRT-0035]   Complete via3 (guide).
[INFO DRT-0035]   Complete metal4 (guide).
[INFO DRT-0035]   Complete via4 (guide).
[INFO DRT-0035]   Complete metal5 (guide).
[INFO DRT-0035]   Complete via5 (guide).
[INFO DRT-0035]   Complete metal6 (guide).
[INFO DRT-0035]   Complete via6 (guide).
[INFO DRT-0035]   Complete metal7 (guide).
[INFO DRT-0035]   Complete via7 (guide).
[INFO DRT-0035]   Complete metal8 (guide).
[INFO DRT-0035]   Complete via8 (guide).
[INFO DRT-0035]   Complete metal9 (guide).
[INFO DRT-0035]   Complete via9 (guide).
[INFO DRT-0035]   Complete metal10 (guide).
[INFO DRT-0036] active guide region query size = 0.
[INFO DRT-0036] FR_VIA guide region query size = 0.
[INFO DRT-0036] metal1 guide region query size = 7333.
[INFO DRT-0036] via1 guide region query size = 0.
[INFO DRT-0036] metal2 guide region query size = 5800.
[INFO DRT-0036] via2 guide region query size = 0.
[INFO DRT-0036] metal3 guide region query size = 3965.
[INFO DRT-0036] via3 guide region query size = 0.
[INFO DRT-0036] metal4 guide region query size = 1788.
[INFO DRT-0036] via4 guide region query size = 0.
[INFO DRT-0036] metal5 guide region query size = 620.
[INFO DRT-0036] via5 guide region query size = 0.
[INFO DRT-0036] metal6 guide region query size = 186.
[INFO DRT-0036] via6 guide region query size = 0.
[INFO DRT-0036] metal7 guide region query size = 16.
[INFO DRT-0036] via7 guide region query size = 0.
[INFO DRT-0036] metal8 guide region query size = 3.
[INFO DRT-0036] via8 guide region query size = 0.
[INFO DRT-0036] metal9 guide region query size = 0.
[INFO DRT-0036] via9 guide region query size = 0.
[INFO DRT-0036] metal10 guide region query size = 0.
[INFO DRT-0179] Init gr pin query.
[INFO DRT-0185] Post process initialize RPin region query.
[INFO DRT-0181] Start track assignment.
[INFO DRT-0184] Done with 7777 vertical wires in 1 frboxes and 11934 horizontal wires in 1 frboxes.
[INFO DRT-0186] Done with 2438 vertical wires in 1 frboxes and 3176 horizontal wires in 1 frboxes.
[INFO DRT-0182] Complete track assignment.
[INFO DRT-0267] cpu time = 00:00:01, elapsed time = 00:00:01, memory = 158.18 (MB), peak = 161.93 (MB)
[INFO DRT-0187] Start routing data preparation.
[INFO DRT-0267] cpu time = 00:00:00, elapsed time = 00:00:00, memory = 158.18 (MB), peak = 161.93 (MB)
[INFO DRT-0194] Start detail routing.
[INFO DRT-0195] Start 0th optimization iteration.
    Completing 10% with 0 violations.
    elapsed time = 00:00:00, memory = 169.73 (MB).
    Completing 20% with 0 violations.
    elapsed time = 00:00:01, memory = 186.48 (MB).
    Completing 30% with 0 violations.
    elapsed time = 00:00:01, memory = 189.31 (MB).
    Completing 40% with 34 violations.
    elapsed time = 00:00:04, memory = 194.40 (MB).
    Completing 50% with 34 violations.
    elapsed time = 00:00:04, memory = 196.72 (MB).
    Completing 60% with 56 violations.
    elapsed time = 00:00:06, memory = 202.33 (MB).
    Completing 70% with 56 violations.
    elapsed time = 00:00:07, memory = 202.33 (MB).
    Completing 80% with 56 violations.
    elapsed time = 00:00:09, memory = 212.32 (MB).
    Completing 90% with 109 violations.
    elapsed time = 00:00:10, memory = 212.32 (MB).
    Completing 100% with 147 violations.
    elapsed time = 00:00:13, memory = 213.27 (MB).
[INFO DRT-0199]   Number of violations = 707.
[INFO DRT-0267] cpu time = 00:00:20, elapsed time = 00:00:14, memory = 734.74 (MB), peak = 734.74 (MB)
Total wire length = 26198 um.
Total wire length on LAYER metal1 = 0 um.
Total wire length on LAYER metal2 = 7267 um.
Total wire length on LAYER metal3 = 8462 um.
Total wire length on LAYER metal4 = 6189 um.
Total wire length on LAYER metal5 = 2354 um.
Total wire length on LAYER metal6 = 1835 um.
Total wire length on LAYER metal7 = 59 um.
Total wire length on LAYER metal8 = 30 um.
Total wire length on LAYER metal9 = 0 um.
Total wire length on LAYER metal10 = 0 um.
Total number of vias = 19281.
Up-via summary (total 19281):.

----------------
 active        0
 metal1     8813
 metal2     7320
 metal3     2135
 metal4      708
 metal5      292
 metal6       11
 metal7        2
 metal8        0
 metal9        0
----------------
           19281


[INFO DRT-0195] Start 1st optimization iteration.
    Completing 10% with 707 violations.
    elapsed time = 00:00:00, memory = 734.74 (MB).
    Completing 20% with 707 violations.
    elapsed time = 00:00:00, memory = 734.74 (MB).
    Completing 30% with 707 violations.
    elapsed time = 00:00:01, memory = 734.74 (MB).
    Completing 40% with 584 violations.
    elapsed time = 00:00:02, memory = 734.74 (MB).
    Completing 50% with 584 violations.
    elapsed time = 00:00:03, memory = 738.28 (MB).
    Completing 60% with 383 violations.
    elapsed time = 00:00:04, memory = 742.08 (MB).
    Completing 70% with 383 violations.
    elapsed time = 00:00:04, memory = 742.08 (MB).
    Completing 80% with 383 violations.
    elapsed time = 00:00:05, memory = 742.08 (MB).
    Completing 90% with 228 violations.
    elapsed time = 00:00:06, memory = 742.08 (MB).
    Completing 100% with 27 violations.
    elapsed time = 00:00:08, memory = 742.08 (MB).
[INFO DRT-0199]   Number of violations = 27.
[INFO DRT-0267] cpu time = 00:00:14, elapsed time = 00:00:08, memory = 742.34 (MB), peak = 742.34 (MB)
Total wire length = 25863 um.
Total wire length on LAYER metal1 = 0 um.
Total wire length on LAYER metal2 = 7309 um.
Total wire length on LAYER metal3 = 8441 um.
Total wire length on LAYER metal4 = 6045 um.
Total wire length on LAYER metal5 = 2191 um.
Total wire length on LAYER metal6 = 1781 um.
Total wire length on LAYER metal7 = 64 um.
Total wire length on LAYER metal8 = 29 um.
Total wire length on LAYER metal9 = 0 um.
Total wire length on LAYER metal10 = 0 um.
Total number of vias = 18942.
Up-via summary (total 18942):.

----------------
 active        0
 metal1     8807
 metal2     7254
 metal3     1982
 metal4      623
 metal5      262
 metal6       12
 metal7        2
 metal8        0
 metal9        0
----------------
           18942


[INFO DRT-0195] Start 2nd optimization iteration.
    Completing 10% with 27 violations.
    elapsed time = 00:00:00, memory = 742.34 (MB).
    Completing 20% with 27 violations.
    elapsed time = 00:00:00, memory = 742.34 (MB).
    Completing 30% with 21 violations.
    elapsed time = 00:00:02, memory = 742.34 (MB).
    Completing 40% with 21 violations.
    elapsed time = 00:00:02, memory = 742.34 (MB).
    Completing 50% with 21 violations.
    elapsed time = 00:00:03, memory = 742.34 (MB).
    Completing 60% with 18 violations.
    elapsed time = 00:00:03, memory = 742.34 (MB).
    Completing 70% with 18 violations.
    elapsed time = 00:00:04, memory = 742.34 (MB).
    Completing 80% with 25 violations.
    elapsed time = 00:00:05, memory = 743.11 (MB).
    Completing 90% with 25 violations.
    elapsed time = 00:00:05, memory = 743.11 (MB).
    Completing 100% with 23 violations.
    elapsed time = 00:00:06, memory = 743.11 (MB).
[INFO DRT-0199]   Number of violations = 23.
[INFO DRT-0267] cpu time = 00:00:08, elapsed time = 00:00:06, memory = 743.11 (MB), peak = 743.11 (MB)
Total wire length = 25831 um.
Total wire length on LAYER metal1 = 0 um.
Total wire length on LAYER metal2 = 7274 um.
Total wire length on LAYER metal3 = 8453 um.
Total wire length on LAYER metal4 = 6028 um.
Total wire length on LAYER metal5 = 2188 um.
Total wire length on LAYER metal6 = 1793 um.
Total wire length on LAYER metal7 = 62 um.
Total wire length on LAYER metal8 = 29 um.
Total wire length on LAYER metal9 = 0 um.
Total wire length on LAYER metal10 = 0 um.
Total number of vias = 18939.
Up-via summary (total 18939):.

----------------
 active        0
 metal1     8807
 metal2     7241
 metal3     1979
 metal4      628
 metal5      270
 metal6       12
 metal7        2
 metal8        0
 metal9        0
----------------
           18939


[INFO DRT-0195] Start 3rd optimization iteration.
    Completing 10% with 23 violations.
    elapsed time = 00:00:00, memory = 743.11 (MB).
    Completing 20% with 23 violations.
    elapsed time = 00:00:00, memory = 743.11 (MB).
    Completing 30% with 23 violations.
    elapsed time = 00:00:00, memory = 743.11 (MB).
    Completing 40% with 22 violations.
    elapsed time = 00:00:00, memory = 743.11 (MB).
    Completing 50% with 22 violations.
    elapsed time = 00:00:00, memory = 743.11 (MB).
    Completing 60% with 16 violations.
    elapsed time = 00:00:00, memory = 743.11 (MB).
    Completing 70% with 16 violations.
    elapsed time = 00:00:00, memory = 743.11 (MB).
    Completing 80% with 16 violations.
    elapsed time = 00:00:00, memory = 743.11 (MB).
    Completing 90% with 10 violations.
    elapsed time = 00:00:00, memory = 743.11 (MB).
    Completing 100% with 0 violations.
    elapsed time = 00:00:00, memory = 743.11 (MB).
[INFO DRT-0199]   Number of violations = 0.
[INFO DRT-0267] cpu time = 00:00:01, elapsed time = 00:00:01, memory = 743.11 (MB), peak = 743.11 (MB)
Total wire length = 25835 um.
Total wire length on LAYER metal1 = 0 um.
Total wire length on LAYER metal2 = 7285 um.
Total wire length on LAYER metal3 = 8457 um.
Total wire length on LAYER metal4 = 6022 um.
Total wire length on LAYER metal5 = 2189 um.
Total wire length on LAYER metal6 = 1788 um.
Total wire length on LAYER metal7 = 62 um.
Total wire length on LAYER metal8 = 29 um.
Total wire length on LAYER metal9 = 0 um.
Total wire length on LAYER metal10 = 0 um.
Total number of vias = 18953.
Up-via summary (total 18953):.

----------------
 active        0
 metal1     8807
 metal2     7263
 metal3     1976
 metal4      625
 metal5      268
 metal6       12
 metal7        2
 metal8        0
 metal9        0
----------------
           18953


[INFO DRT-0198] Complete detail routing.
Total wire length = 25835 um.
Total wire length on LAYER metal1 = 0 um.
Total wire length on LAYER metal2 = 7285 um.
Total wire length on LAYER metal3 = 8457 um.
Total wire length on LAYER metal4 = 6022 um.
Total wire length on LAYER metal5 = 2189 um.
Total wire length on LAYER metal6 = 1788 um.
Total wire length on LAYER metal7 = 62 um.
Total wire length on LAYER metal8 = 29 um.
Total wire length on LAYER metal9 = 0 um.
Total wire length on LAYER metal10 = 0 um.
Total number of vias = 18953.
Up-via summary (total 18953):.

----------------
 active        0
 metal1     8807
 metal2     7263
 metal3     1976
 metal4      625
 metal5      268
 metal6       12
 metal7        2
 metal8        0
 metal9        0
----------------
           18953


[INFO DRT-0267] cpu time = 00:00:45, elapsed time = 00:00:30, memory = 743.11 (MB), peak = 743.11 (MB)

[INFO DRT-0180] Post processing.
Elapsed time: 0:41.95[h:]min:sec. CPU time: user 65.50 sys 0.41 (157%). Peak memory: 761096KB.
