OpenROAD b57893514040c5aa453ab5c104f35d1173a8add9 
This program is licensed under the BSD-3 license. See the LICENSE file for details.
Components of this program may be licensed under more restrictive licenses which must be honored.
[INFO GPL-0002] DBU: 1000
[INFO GPL-0003] SiteSize: 54 270
[INFO GPL-0004] CoreAreaLxLy: 2052 2160
[INFO GPL-0005] CoreAreaUxUy: 140832 140670
[INFO GPL-0006] NumInstances: 59775
[INFO GPL-0007] NumPlaceInstances: 57462
[INFO GPL-0008] NumFixedInstances: 2313
[INFO GPL-0009] NumDummyInstances: 0
[INFO GPL-0010] NumNets: 57871
[INFO GPL-0011] NumPins: 179697
[INFO GPL-0012] DieAreaLxLy: 0 0
[INFO GPL-0013] DieAreaUxUy: 142865 142865
[INFO GPL-0014] CoreAreaLxLy: 2052 2160
[INFO GPL-0015] CoreAreaUxUy: 140832 140670
[INFO GPL-0016] CoreArea: 19222417800
[INFO GPL-0017] NonPlaceInstsArea: 67447080
[INFO GPL-0018] PlaceInstsArea: 10972033200
[INFO GPL-0019] Util(%): 57.28
[INFO GPL-0020] StdInstsArea: 10972033200
[INFO GPL-0021] MacroInstsArea: 0
[InitialPlace]  Iter: 1 CG residual: 0.00600753 HPWL: 185412162
[InitialPlace]  Iter: 2 CG residual: 0.00031188 HPWL: 81309453
[InitialPlace]  Iter: 3 CG residual: 0.00016327 HPWL: 75932127
[InitialPlace]  Iter: 4 CG residual: 0.00012309 HPWL: 73022386
[InitialPlace]  Iter: 5 CG residual: 0.00008520 HPWL: 71792756
[InitialPlace]  Iter: 6 CG residual: 0.00006718 HPWL: 71126033
[InitialPlace]  Iter: 7 CG residual: 0.00006443 HPWL: 70933961
[InitialPlace]  Iter: 8 CG residual: 0.00007044 HPWL: 70664354
[InitialPlace]  Iter: 9 CG residual: 0.00008150 HPWL: 70604209
[InitialPlace]  Iter: 10 CG residual: 0.00005449 HPWL: 70434401
[InitialPlace]  Iter: 11 CG residual: 0.00004877 HPWL: 70523968
[InitialPlace]  Iter: 12 CG residual: 0.00004386 HPWL: 70405630
[InitialPlace]  Iter: 13 CG residual: 0.00016799 HPWL: 70465365
[InitialPlace]  Iter: 14 CG residual: 0.00001300 HPWL: 70531212
[InitialPlace]  Iter: 15 CG residual: 0.00001093 HPWL: 70620628
[InitialPlace]  Iter: 16 CG residual: 0.00001440 HPWL: 70460972
[InitialPlace]  Iter: 17 CG residual: 0.00001705 HPWL: 70568322
[InitialPlace]  Iter: 18 CG residual: 0.00002000 HPWL: 70443941
[InitialPlace]  Iter: 19 CG residual: 0.00003584 HPWL: 70578267
[InitialPlace]  Iter: 20 CG residual: 0.00002186 HPWL: 70451109
[INFO GPL-0031] FillerInit: NumGCells: 60222
[INFO GPL-0032] FillerInit: NumGNets: 57871
[INFO GPL-0033] FillerInit: NumGPins: 179697
[INFO GPL-0023] TargetDensity: 0.60
[INFO GPL-0024] AveragePlaceInstArea: 190944
[INFO GPL-0025] IdealBinArea: 318240
[INFO GPL-0026] IdealBinCnt: 60402
[INFO GPL-0027] TotalBinArea: 19222417800
[INFO GPL-0028] BinCnt: 128 128
[INFO GPL-0029] BinSize: 1085 1083
[INFO GPL-0030] NumBins: 16384
[NesterovSolve] Iter: 1 overflow: 0.9774 HPWL: 19463707
[NesterovSolve] Iter: 10 overflow: 0.96803 HPWL: 24235057
[NesterovSolve] Iter: 20 overflow: 0.965921 HPWL: 25682573
[NesterovSolve] Iter: 30 overflow: 0.964458 HPWL: 27017487
[NesterovSolve] Iter: 40 overflow: 0.964113 HPWL: 27286043
[NesterovSolve] Iter: 50 overflow: 0.964359 HPWL: 26898491
[NesterovSolve] Iter: 60 overflow: 0.96426 HPWL: 26587152
[NesterovSolve] Iter: 70 overflow: 0.963702 HPWL: 26672665
[NesterovSolve] Iter: 80 overflow: 0.963499 HPWL: 26918872
[NesterovSolve] Iter: 90 overflow: 0.963382 HPWL: 27072031
[NesterovSolve] Iter: 100 overflow: 0.96274 HPWL: 27115771
[NesterovSolve] Iter: 110 overflow: 0.962728 HPWL: 27170174
[NesterovSolve] Iter: 120 overflow: 0.962531 HPWL: 27308095
[NesterovSolve] Iter: 130 overflow: 0.961866 HPWL: 27547353
[NesterovSolve] Iter: 140 overflow: 0.96165 HPWL: 27949501
[NesterovSolve] Iter: 150 overflow: 0.961286 HPWL: 28510738
[NesterovSolve] Iter: 160 overflow: 0.960632 HPWL: 29470234
[NesterovSolve] Iter: 170 overflow: 0.959243 HPWL: 31263149
[NesterovSolve] Iter: 180 overflow: 0.956434 HPWL: 34068994
[NesterovSolve] Iter: 190 overflow: 0.951898 HPWL: 37693982
[NesterovSolve] Iter: 200 overflow: 0.946025 HPWL: 41969643
[NesterovSolve] Iter: 210 overflow: 0.937788 HPWL: 47931594
[NesterovSolve] Iter: 220 overflow: 0.926199 HPWL: 54922020
[NesterovSolve] Iter: 230 overflow: 0.912468 HPWL: 62581741
[NesterovSolve] Iter: 240 overflow: 0.894802 HPWL: 72778473
[NesterovSolve] Iter: 250 overflow: 0.870687 HPWL: 84398623
[NesterovSolve] Iter: 260 overflow: 0.842383 HPWL: 96121497
[NesterovSolve] Iter: 270 overflow: 0.812805 HPWL: 104596856
[INFO GPL-0100] worst slack -1.39e-17
[INFO GPL-0103] Weighted 6791 nets.
[NesterovSolve] Iter: 280 overflow: 0.78135 HPWL: 104468270
[NesterovSolve] Iter: 290 overflow: 0.769843 HPWL: 104695591
[NesterovSolve] Iter: 300 overflow: 0.731072 HPWL: 115709106
[NesterovSolve] Iter: 310 overflow: 0.686201 HPWL: 126668790
[NesterovSolve] Iter: 320 overflow: 0.650824 HPWL: 132461225
[INFO GPL-0100] worst slack -1.71e-11
[INFO GPL-0103] Weighted 6790 nets.
[NesterovSolve] Iter: 330 overflow: 0.598645 HPWL: 138436770
[NesterovSolve] Snapshot saved at iter = 329
[NesterovSolve] Iter: 340 overflow: 0.556111 HPWL: 147983704
[NesterovSolve] Iter: 350 overflow: 0.504845 HPWL: 150133670
[INFO GPL-0100] worst slack -1.39e-17
[INFO GPL-0103] Weighted 6791 nets.
[NesterovSolve] Iter: 360 overflow: 0.452404 HPWL: 154717074
[NesterovSolve] Iter: 370 overflow: 0.395623 HPWL: 152504642
[NesterovSolve] Iter: 380 overflow: 0.34407 HPWL: 152593354
[NesterovSolve] Iter: 390 overflow: 0.298027 HPWL: 148282691
[INFO GPL-0100] worst slack -1.11e-11
[INFO GPL-0103] Weighted 6789 nets.
[NesterovSolve] Iter: 400 overflow: 0.259518 HPWL: 144655475
[NesterovSolve] Iter: 410 overflow: 0.224186 HPWL: 141988832
[INFO GPL-0100] worst slack -1.81e-12
[INFO GPL-0103] Weighted 6791 nets.
[INFO GPL-0075] Routability numCall: 1 inflationIterCnt: 1 bloatIterCnt: 0
[INFO GPL-0036] TileLxLy: 0 0
[INFO GPL-0037] TileSize: 540 540
[INFO GPL-0038] TileCnt: 264 264
[INFO GPL-0039] numRoutingLayers: 10
[INFO GPL-0040] NumTiles: 69696
[INFO GPL-0063] TotalRouteOverflowH2: 1234.400186419487
[INFO GPL-0064] TotalRouteOverflowV2: 32.11515390872955
[INFO GPL-0065] OverflowTileCnt2: 8291
[INFO GPL-0066] 0.5%RC: 1.3341317274970208
[INFO GPL-0067] 1.0%RC: 1.2670658875903684
[INFO GPL-0068] 2.0%RC: 1.2335455220810532
[INFO GPL-0069] 5.0%RC: 1.1648156425065805
[INFO GPL-0070] 0.5rcK: 1.0
[INFO GPL-0071] 1.0rcK: 1.0
[INFO GPL-0072] 2.0rcK: 0.0
[INFO GPL-0073] 5.0rcK: 0.0
[INFO GPL-0074] FinalRC: 1.3005989
[INFO GPL-0045] InflatedAreaDelta: 1651295080
[INFO GPL-0046] TargetDensity: 0.6
[INFO GPL-0049] WhiteSpaceArea: 19154970720
[INFO GPL-0050] NesterovInstsArea: 10972033200
[INFO GPL-0051] TotalFillerArea: 520949584
[INFO GPL-0052] TotalGCellsArea: 11492982784
[INFO GPL-0053] ExpectedTotalGCellsArea: 13144277864
[INFO GPL-0054] NewTargetDensity: 0.6862072
[INFO GPL-0055] NewWhiteSpaceArea: 19154970720
[INFO GPL-0056] MovableArea: 13144278016
[INFO GPL-0057] NewNesterovInstsArea: 12623328280
[INFO GPL-0058] NewTotalFillerArea: 520949736
[INFO GPL-0059] NewTotalGCellsArea: 13144278016
[NesterovSolve] Revert back to snapshot coordi
[NesterovSolve] Iter: 420 overflow: 0.579719 HPWL: 143366068
[NesterovSolve] Iter: 430 overflow: 0.532733 HPWL: 151717808
[NesterovSolve] Iter: 440 overflow: 0.48909 HPWL: 151700824
[NesterovSolve] Iter: 450 overflow: 0.449944 HPWL: 154661278
[NesterovSolve] Iter: 460 overflow: 0.404622 HPWL: 153045954
[NesterovSolve] Iter: 470 overflow: 0.362625 HPWL: 152361976
[NesterovSolve] Iter: 480 overflow: 0.314581 HPWL: 149459022
[NesterovSolve] Iter: 490 overflow: 0.276958 HPWL: 146339093
[NesterovSolve] Iter: 500 overflow: 0.240935 HPWL: 143825898
[NesterovSolve] Iter: 510 overflow: 0.207659 HPWL: 141300569
[INFO GPL-0075] Routability numCall: 2 inflationIterCnt: 2 bloatIterCnt: 0
[INFO GPL-0036] TileLxLy: 0 0
[INFO GPL-0037] TileSize: 540 540
[INFO GPL-0038] TileCnt: 264 264
[INFO GPL-0039] numRoutingLayers: 10
[INFO GPL-0040] NumTiles: 69696
[INFO GPL-0063] TotalRouteOverflowH2: 994.9820016622543
[INFO GPL-0064] TotalRouteOverflowV2: 12.551517486572266
[INFO GPL-0065] OverflowTileCnt2: 7050
[INFO GPL-0066] 0.5%RC: 1.272727291027229
[INFO GPL-0067] 1.0%RC: 1.2363636693554725
[INFO GPL-0068] 2.0%RC: 1.2157448957761723
[INFO GPL-0069] 5.0%RC: 1.1451304798143362
[INFO GPL-0070] 0.5rcK: 1.0
[INFO GPL-0071] 1.0rcK: 1.0
[INFO GPL-0072] 2.0rcK: 0.0
[INFO GPL-0073] 5.0rcK: 0.0
[INFO GPL-0074] FinalRC: 1.2545455
[INFO GPL-0045] InflatedAreaDelta: 1720021292
[INFO GPL-0046] TargetDensity: 0.6862072
[INFO GPL-0049] WhiteSpaceArea: 19154970720
[INFO GPL-0050] NesterovInstsArea: 12623328280
[INFO GPL-0051] TotalFillerArea: 520949736
[INFO GPL-0052] TotalGCellsArea: 13144278016
[INFO GPL-0053] ExpectedTotalGCellsArea: 14864299308
[INFO GPL-0054] NewTargetDensity: 0.77600217
[INFO GPL-0055] NewWhiteSpaceArea: 19154970720
[INFO GPL-0056] MovableArea: 14864299008
[INFO GPL-0057] NewNesterovInstsArea: 14343349572
[INFO GPL-0058] NewTotalFillerArea: 520949436
[INFO GPL-0059] NewTotalGCellsArea: 14864299008
[NesterovSolve] Revert back to snapshot coordi
[NesterovSolve] Iter: 520 overflow: 0.523426 HPWL: 156255692
[NesterovSolve] Iter: 530 overflow: 0.514455 HPWL: 154535726
[NesterovSolve] Iter: 540 overflow: 0.4521 HPWL: 157165814
[NesterovSolve] Iter: 550 overflow: 0.420282 HPWL: 153912100
[NesterovSolve] Iter: 560 overflow: 0.370874 HPWL: 156176869
[NesterovSolve] Iter: 570 overflow: 0.328135 HPWL: 152274170
[NesterovSolve] Iter: 580 overflow: 0.286627 HPWL: 148408249
[NesterovSolve] Iter: 590 overflow: 0.253314 HPWL: 145972020
[NesterovSolve] Iter: 600 overflow: 0.216064 HPWL: 143131803
[INFO GPL-0075] Routability numCall: 3 inflationIterCnt: 3 bloatIterCnt: 0
[INFO GPL-0036] TileLxLy: 0 0
[INFO GPL-0037] TileSize: 540 540
[INFO GPL-0038] TileCnt: 264 264
[INFO GPL-0039] numRoutingLayers: 10
[INFO GPL-0040] NumTiles: 69696
[INFO GPL-0063] TotalRouteOverflowH2: 990.0911011695862
[INFO GPL-0064] TotalRouteOverflowV2: 7.848486542701721
[INFO GPL-0065] OverflowTileCnt2: 7166
[INFO GPL-0066] 0.5%RC: 1.261431705808925
[INFO GPL-0067] 1.0%RC: 1.2307158767463204
[INFO GPL-0068] 2.0%RC: 1.2123821767159322
[INFO GPL-0069] 5.0%RC: 1.1424642131848561
[INFO GPL-0070] 0.5rcK: 1.0
[INFO GPL-0071] 1.0rcK: 1.0
[INFO GPL-0072] 2.0rcK: 0.0
[INFO GPL-0073] 5.0rcK: 0.0
[INFO GPL-0074] FinalRC: 1.2460738
[NesterovSolve] Iter: 610 overflow: 0.189659 HPWL: 141380290
[NesterovSolve] Iter: 620 overflow: 0.162701 HPWL: 139824502
[INFO GPL-0100] worst slack -1.39e-17
[INFO GPL-0103] Weighted 6791 nets.
[NesterovSolve] Iter: 630 overflow: 0.138834 HPWL: 138582547
[NesterovSolve] Iter: 640 overflow: 0.118455 HPWL: 138047134
[NesterovSolve] Iter: 650 overflow: 0.10084 HPWL: 137538718
[NesterovSolve] Finished with Overflow: 0.099335

==========================================================================
global place report_tns
--------------------------------------------------------------------------
tns -103080.20

==========================================================================
global place report_wns
--------------------------------------------------------------------------
wns -4602.37

==========================================================================
global place report_worst_slack
--------------------------------------------------------------------------
worst slack -4602.37

==========================================================================
global place report_clock_skew
--------------------------------------------------------------------------
Clock clk_i
Latency      CRPR       Skew
encoder/gen_encoder_units[0].encoder_unit/threshold_memory/_11317_/CLK ^
 121.65
encoder/gen_encoder_units[0].encoder_unit/_531_/CLK ^
   0.00      0.00     121.65


==========================================================================
global place report_checks -path_delay min
--------------------------------------------------------------------------
Startpoint: rst_ni (input port clocked by clk_i)
Endpoint: encoder/gen_encoder_units[2].encoder_unit/threshold_memory/_09460_
          (removal check against rising-edge clock clk_i)
Path Group: **async_default**
Path Type: min

Fanout     Cap    Slew   Delay    Time   Description
-----------------------------------------------------------------------------
                  0.00    0.00    0.00   clock clk_i (rise edge)
                          0.00    0.00   clock network delay (ideal)
                        300.00  300.00 ^ input external delay
                  0.00    0.00  300.00 ^ rst_ni (in)
    13  130.07                           rst_ni (net)
                130.12   41.05  341.05 ^ encoder/gen_encoder_units[2].encoder_unit/threshold_memory/_09404_/A (CKINVDCx6p67_ASAP7_75t_R)
                 36.00   24.59  365.64 v encoder/gen_encoder_units[2].encoder_unit/threshold_memory/_09404_/Y (CKINVDCx6p67_ASAP7_75t_R)
    16   15.06                           encoder/gen_encoder_units[2].encoder_unit/threshold_memory/_00016_ (net)
                 36.00    0.12  365.76 v encoder/gen_encoder_units[2].encoder_unit/threshold_memory/_09460_/RESET (ASYNC_DFFHx1_ASAP7_75t_R)
                                365.76   data arrival time

                  0.00    0.00    0.00   clock clk_i (rise edge)
                          0.00    0.00   clock network delay (ideal)
                          0.00    0.00   clock reconvergence pessimism
                                  0.00 ^ encoder/gen_encoder_units[2].encoder_unit/threshold_memory/_09460_/CLK (ASYNC_DFFHx1_ASAP7_75t_R)
                         36.28   36.28   library removal time
                                 36.28   data required time
-----------------------------------------------------------------------------
                                 36.28   data required time
                               -365.76   data arrival time
-----------------------------------------------------------------------------
                                329.48   slack (MET)


Startpoint: gen_decoderX_units[0].decoder/gen_decoders[0].sub_unit_decoder/lut/_45477_
            (negative level-sensitive latch clocked by clk_i)
Endpoint: gen_decoderX_units[0].decoder/gen_decoders[0].sub_unit_decoder/lut/_32193_
          (rising clock gating-check end-point clocked by clk_i)
Path Group: **clock_gating_default**
Path Type: min

Fanout     Cap    Slew   Delay    Time   Description
-----------------------------------------------------------------------------
                  0.00 1500.00 1500.00   clock clk_i (fall edge)
                          0.00 1500.00   clock network delay (ideal)
                  0.00    0.00 1500.00 v gen_decoderX_units[0].decoder/gen_decoders[0].sub_unit_decoder/lut/_45477_/CLK (DLLx1_ASAP7_75t_R)
                  7.67   18.14 1518.14 ^ gen_decoderX_units[0].decoder/gen_decoders[0].sub_unit_decoder/lut/_45477_/Q (DLLx1_ASAP7_75t_R)
     1    0.57                           gen_decoderX_units[0].decoder/gen_decoders[0].sub_unit_decoder/lut/cg_we_global.en_latch (net)
                  7.67    0.00 1518.14 ^ gen_decoderX_units[0].decoder/gen_decoders[0].sub_unit_decoder/lut/_32193_/B (AND2x2_ASAP7_75t_R)
                               1518.14   data arrival time

                  0.00 1500.00 1500.00   clock clk_i (fall edge)
                          0.00 1500.00   clock network delay (ideal)
                          0.00 1500.00   clock reconvergence pessimism
                               1500.00 v gen_decoderX_units[0].decoder/gen_decoders[0].sub_unit_decoder/lut/_32193_/A (AND2x2_ASAP7_75t_R)
                          0.00 1500.00   clock gating hold time
                               1500.00   data required time
-----------------------------------------------------------------------------
                               1500.00   data required time
                               -1518.14   data arrival time
-----------------------------------------------------------------------------
                                 18.14   slack (MET)


Startpoint: gen_decoderX_units[0].decoder/_387_
            (rising edge-triggered flip-flop clocked by clk_i)
Endpoint: gen_decoderX_units[0].decoder/_422_
          (rising edge-triggered flip-flop clocked by clk_i)
Path Group: clk_i
Path Type: min

Fanout     Cap    Slew   Delay    Time   Description
-----------------------------------------------------------------------------
                  0.00    0.00    0.00   clock clk_i (rise edge)
                          0.00    0.00   clock network delay (ideal)
                  0.00    0.00    0.00 ^ gen_decoderX_units[0].decoder/_387_/CLK (ASYNC_DFFHx1_ASAP7_75t_R)
                 29.54   46.82   46.82 ^ gen_decoderX_units[0].decoder/_387_/QN (ASYNC_DFFHx1_ASAP7_75t_R)
     3    3.13                           gen_decoderX_units[0].decoder/_038_ (net)
                 29.54    0.00   46.82 ^ gen_decoderX_units[0].decoder/_385_/A1 (OAI21x1_ASAP7_75t_R)
                  6.49    7.99   54.81 v gen_decoderX_units[0].decoder/_385_/Y (OAI21x1_ASAP7_75t_R)
     1    0.64                           gen_decoderX_units[0].decoder/_074_ (net)
                  6.49    0.00   54.81 v gen_decoderX_units[0].decoder/_422_/D (ASYNC_DFFHx1_ASAP7_75t_R)
                                 54.81   data arrival time

                  0.00    0.00    0.00   clock clk_i (rise edge)
                          0.00    0.00   clock network delay (ideal)
                          0.00    0.00   clock reconvergence pessimism
                                  0.00 ^ gen_decoderX_units[0].decoder/_422_/CLK (ASYNC_DFFHx1_ASAP7_75t_R)
                          5.13    5.13   library hold time
                                  5.13   data required time
-----------------------------------------------------------------------------
                                  5.13   data required time
                                -54.81   data arrival time
-----------------------------------------------------------------------------
                                 49.68   slack (MET)



==========================================================================
global place report_checks -path_delay max
--------------------------------------------------------------------------
Startpoint: rst_ni (input port clocked by clk_i)
Endpoint: gen_decoderX_units[0].decoder/gen_decoders[0].sub_unit_decoder/fp_adder/adder/_3874_
          (recovery check against rising-edge clock clk_i')
Path Group: **async_default**
Path Type: max

Fanout     Cap    Slew   Delay    Time   Description
-----------------------------------------------------------------------------
                  0.00    0.00    0.00   clock clk_i (rise edge)
                          0.00    0.00   clock network delay (ideal)
                        300.00  300.00 ^ input external delay
                  0.00    0.00  300.00 ^ rst_ni (in)
    13  130.07                           rst_ni (net)
                764.67  241.23  541.23 ^ gen_decoderX_units[0].decoder/gen_decoders[0].sub_unit_decoder/fp_adder/adder/_3848_/A (CKINVDCx20_ASAP7_75t_R)
                128.20   64.31  605.53 v gen_decoderX_units[0].decoder/gen_decoders[0].sub_unit_decoder/fp_adder/adder/_3848_/Y (CKINVDCx20_ASAP7_75t_R)
    64   63.33                           gen_decoderX_units[0].decoder/gen_decoders[0].sub_unit_decoder/fp_adder/adder/_0064_ (net)
                132.70   12.84  618.37 v gen_decoderX_units[0].decoder/gen_decoders[0].sub_unit_decoder/fp_adder/adder/_3874_/RESET (ASYNC_DFFHx1_ASAP7_75t_R)
                                618.37   data arrival time

                  0.00 1500.00 1500.00   clock clk_i' (rise edge)
                          0.00 1500.00   clock network delay (ideal)
                          0.00 1500.00   clock reconvergence pessimism
                               1500.00 ^ gen_decoderX_units[0].decoder/gen_decoders[0].sub_unit_decoder/fp_adder/adder/_3874_/CLK (ASYNC_DFFHx1_ASAP7_75t_R)
                         29.84 1529.84   library recovery time
                               1529.84   data required time
-----------------------------------------------------------------------------
                               1529.84   data required time
                               -618.37   data arrival time
-----------------------------------------------------------------------------
                                911.48   slack (MET)


Startpoint: gen_decoderX_units[0].decoder/gen_decoders[0].sub_unit_decoder/lut/_39514_
            (negative level-sensitive latch clocked by clk_i)
Endpoint: gen_decoderX_units[0].decoder/gen_decoders[0].sub_unit_decoder/lut/_31777_
          (rising clock gating-check end-point clocked by clk_i)
Path Group: **clock_gating_default**
Path Type: max

Fanout     Cap    Slew   Delay    Time   Description
-----------------------------------------------------------------------------
                  0.00 1500.00 1500.00   clock clk_i (fall edge)
                          0.00 1500.00   clock network delay (ideal)
                  0.00    0.00 1500.00 v gen_decoderX_units[0].decoder/gen_decoders[0].sub_unit_decoder/lut/_39514_/CLK (DLLx3_ASAP7_75t_R)
                 63.49   53.42 1553.42 v gen_decoderX_units[0].decoder/gen_decoders[0].sub_unit_decoder/lut/_39514_/Q (DLLx3_ASAP7_75t_R)
    33   30.10                           gen_decoderX_units[0].decoder/gen_decoders[0].sub_unit_decoder/lut/gen_sub_units_scm[5].sub_unit_i.cg_we_global.en_latch (net)
                 82.28   18.02 1571.44 v gen_decoderX_units[0].decoder/gen_decoders[0].sub_unit_decoder/lut/_31777_/B (AND3x1_ASAP7_75t_R)
                               1571.44   data arrival time

                  0.00 3000.00 3000.00   clock clk_i (rise edge)
                          0.00 3000.00   clock network delay (ideal)
                          0.00 3000.00   clock reconvergence pessimism
                               3000.00 ^ gen_decoderX_units[0].decoder/gen_decoders[0].sub_unit_decoder/lut/_31777_/A (AND3x1_ASAP7_75t_R)
                          0.00 3000.00   clock gating setup time
                               3000.00   data required time
-----------------------------------------------------------------------------
                               3000.00   data required time
                               -1571.44   data arrival time
-----------------------------------------------------------------------------
                               1428.56   slack (MET)


Startpoint: encoder/_280_ (rising edge-triggered flip-flop clocked by clk_i)
Endpoint: gen_decoderX_units[0].decoder/gen_decoders[0].sub_unit_decoder/fp_adder/adder/_3866_
          (rising edge-triggered flip-flop clocked by clk_i')
Path Group: clk_i
Path Type: max

Fanout     Cap    Slew   Delay    Time   Description
-----------------------------------------------------------------------------
                  0.00    0.00    0.00   clock clk_i (rise edge)
                          0.00    0.00   clock network delay (ideal)
                  0.00    0.00    0.00 ^ encoder/_280_/CLK (ASYNC_DFFHx1_ASAP7_75t_R)
                 77.59   72.89   72.89 v encoder/_280_/QN (ASYNC_DFFHx1_ASAP7_75t_R)
     1   13.28                           encoder/_009_ (net)
                 77.59    0.13   73.02 v encoder/_151_/A (CKINVDCx20_ASAP7_75t_R)
                120.37   47.01  120.03 ^ encoder/_151_/Y (CKINVDCx20_ASAP7_75t_R)
   214  432.99                           c_addr_enc_o[0] (net)
                366.23   96.06  216.09 ^ gen_decoderX_units[0].decoder/gen_decoders[0].sub_unit_decoder/lut/_32286_/A (CKINVDCx20_ASAP7_75t_R)
                302.46   80.80  296.88 v gen_decoderX_units[0].decoder/gen_decoders[0].sub_unit_decoder/lut/_32286_/Y (CKINVDCx20_ASAP7_75t_R)
   500  816.38                           gen_decoderX_units[0].decoder/gen_decoders[0].sub_unit_decoder/lut/_17997_ (net)
                870.24  231.23  528.11 v gen_decoderX_units[0].decoder/gen_decoders[0].sub_unit_decoder/lut/_32306_/A (NOR3x2_ASAP7_75t_R)
               2596.66  825.14 1353.25 ^ gen_decoderX_units[0].decoder/gen_decoders[0].sub_unit_decoder/lut/_32306_/Y (NOR3x2_ASAP7_75t_R)
   249  459.99                           gen_decoderX_units[0].decoder/gen_decoders[0].sub_unit_decoder/lut/_18017_ (net)
               3011.25  655.69 2008.94 ^ gen_decoderX_units[0].decoder/gen_decoders[0].sub_unit_decoder/lut/_32491_/B (NAND2x2_ASAP7_75t_R)
               1427.32 3160.29 5169.23 v gen_decoderX_units[0].decoder/gen_decoders[0].sub_unit_decoder/lut/_32491_/Y (NAND2x2_ASAP7_75t_R)
   254  374.04                           gen_decoderX_units[0].decoder/gen_decoders[0].sub_unit_decoder/lut/_00121_ (net)
               1480.97  383.34 5552.56 v gen_decoderX_units[0].decoder/gen_decoders[0].sub_unit_decoder/lut/_23017_/B1 (OAI22x1_ASAP7_75t_R)
                162.60  121.38 5673.95 ^ gen_decoderX_units[0].decoder/gen_decoders[0].sub_unit_decoder/lut/_23017_/Y (OAI22x1_ASAP7_75t_R)
     1    1.15                           gen_decoderX_units[0].decoder/gen_decoders[0].sub_unit_decoder/lut/_09826_ (net)
                162.60    0.02 5673.97 ^ gen_decoderX_units[0].decoder/gen_decoders[0].sub_unit_decoder/lut/_23021_/A (NOR2x1_ASAP7_75t_R)
                 55.16   40.11 5714.08 v gen_decoderX_units[0].decoder/gen_decoders[0].sub_unit_decoder/lut/_23021_/Y (NOR2x1_ASAP7_75t_R)
     1    2.24                           gen_decoderX_units[0].decoder/gen_decoders[0].sub_unit_decoder/lut/_09830_ (net)
                 55.17    0.37 5714.45 v gen_decoderX_units[0].decoder/gen_decoders[0].sub_unit_decoder/lut/_23029_/A (NAND2x1_ASAP7_75t_R)
                 28.98   27.42 5741.88 ^ gen_decoderX_units[0].decoder/gen_decoders[0].sub_unit_decoder/lut/_23029_/Y (NAND2x1_ASAP7_75t_R)
     1    1.88                           gen_decoderX_units[0].decoder/gen_decoders[0].sub_unit_decoder/lut/_09838_ (net)
                 28.99    0.23 5742.11 ^ gen_decoderX_units[0].decoder/gen_decoders[0].sub_unit_decoder/lut/_23045_/A (NOR2x1_ASAP7_75t_R)
                 16.96   16.67 5758.78 v gen_decoderX_units[0].decoder/gen_decoders[0].sub_unit_decoder/lut/_23045_/Y (NOR2x1_ASAP7_75t_R)
     1    1.46                           gen_decoderX_units[0].decoder/gen_decoders[0].sub_unit_decoder/lut/_09854_ (net)
                 16.96    0.05 5758.83 v gen_decoderX_units[0].decoder/gen_decoders[0].sub_unit_decoder/lut/_23078_/A1 (AOI21x1_ASAP7_75t_R)
                 30.08   17.36 5776.20 ^ gen_decoderX_units[0].decoder/gen_decoders[0].sub_unit_decoder/lut/_23078_/Y (AOI21x1_ASAP7_75t_R)
     1    3.76                           gen_decoderX_units[0].decoder/gen_decoders[0].sub_unit_decoder/lut/_09887_ (net)
                 30.24    1.21 5777.41 ^ gen_decoderX_units[0].decoder/gen_decoders[0].sub_unit_decoder/lut/_23079_/B (NOR2x1_ASAP7_75t_R)
                 22.81   19.53 5796.94 v gen_decoderX_units[0].decoder/gen_decoders[0].sub_unit_decoder/lut/_23079_/Y (NOR2x1_ASAP7_75t_R)
     1    2.82                           gen_decoderX_units[0].decoder/gen_decoders[0].sub_unit_decoder/lut/_09888_ (net)
                 22.86    0.64 5797.58 v gen_decoderX_units[0].decoder/gen_decoders[0].sub_unit_decoder/lut/_23080_/B (NAND2x1_ASAP7_75t_R)
                 18.21   13.89 5811.47 ^ gen_decoderX_units[0].decoder/gen_decoders[0].sub_unit_decoder/lut/_23080_/Y (NAND2x1_ASAP7_75t_R)
     1    1.13                           gen_decoderX_units[0].decoder/gen_decoders[0].sub_unit_decoder/lut/_09889_ (net)
                 18.21    0.01 5811.48 ^ gen_decoderX_units[0].decoder/gen_decoders[0].sub_unit_decoder/lut/_23081_/B (NOR2x1_ASAP7_75t_R)
                 16.99   14.11 5825.59 v gen_decoderX_units[0].decoder/gen_decoders[0].sub_unit_decoder/lut/_23081_/Y (NOR2x1_ASAP7_75t_R)
     1    2.06                           gen_decoderX_units[0].decoder/gen_decoders[0].sub_unit_decoder/lut/_09890_ (net)
                 16.99    0.02 5825.61 v gen_decoderX_units[0].decoder/gen_decoders[0].sub_unit_decoder/lut/_23601_/A (NAND2x2_ASAP7_75t_R)
                 57.30   25.61 5851.22 ^ gen_decoderX_units[0].decoder/gen_decoders[0].sub_unit_decoder/lut/_23601_/Y (NAND2x2_ASAP7_75t_R)
     5   11.60                           gen_decoderX_units[0].decoder/gen_decoders[0].sub_unit_decoder/rdata_o[7] (net)
                 60.13    6.82 5858.04 ^ gen_decoderX_units[0].decoder/gen_decoders[0].sub_unit_decoder/fp_adder/_141_/A (NOR2x2_ASAP7_75t_R)
                 27.14   25.22 5883.26 v gen_decoderX_units[0].decoder/gen_decoders[0].sub_unit_decoder/fp_adder/_141_/Y (NOR2x2_ASAP7_75t_R)
     3    4.17                           gen_decoderX_units[0].decoder/gen_decoders[0].sub_unit_decoder/fp_adder/_081_ (net)
                 27.14    0.11 5883.36 v gen_decoderX_units[0].decoder/gen_decoders[0].sub_unit_decoder/fp_adder/_142_/B (NAND2x2_ASAP7_75t_R)
                 36.38   25.91 5909.28 ^ gen_decoderX_units[0].decoder/gen_decoders[0].sub_unit_decoder/fp_adder/_142_/Y (NAND2x2_ASAP7_75t_R)
     5    8.38                           gen_decoderX_units[0].decoder/gen_decoders[0].sub_unit_decoder/fp_adder/_082_ (net)
                 36.38    0.02 5909.30 ^ gen_decoderX_units[0].decoder/gen_decoders[0].sub_unit_decoder/fp_adder/_145_/A2 (OAI21x1_ASAP7_75t_R)
                 69.62   38.52 5947.82 v gen_decoderX_units[0].decoder/gen_decoders[0].sub_unit_decoder/fp_adder/_145_/Y (OAI21x1_ASAP7_75t_R)
     9   13.87                           gen_decoderX_units[0].decoder/gen_decoders[0].sub_unit_decoder/fp_adder/_085_ (net)
                 69.66    0.97 5948.79 v gen_decoderX_units[0].decoder/gen_decoders[0].sub_unit_decoder/fp_adder/_161_/B (NOR2x2_ASAP7_75t_R)
                 33.94   26.09 5974.88 ^ gen_decoderX_units[0].decoder/gen_decoders[0].sub_unit_decoder/fp_adder/_161_/Y (NOR2x2_ASAP7_75t_R)
     4    4.53                           gen_decoderX_units[0].decoder/gen_decoders[0].sub_unit_decoder/fp_adder/_100_ (net)
                 33.94    0.07 5974.96 ^ gen_decoderX_units[0].decoder/gen_decoders[0].sub_unit_decoder/fp_adder/_195_/A2 (OAI21x1_ASAP7_75t_R)
                 51.45   27.47 6002.42 v gen_decoderX_units[0].decoder/gen_decoders[0].sub_unit_decoder/fp_adder/_195_/Y (OAI21x1_ASAP7_75t_R)
     6    8.67                           gen_decoderX_units[0].decoder/gen_decoders[0].sub_unit_decoder/fp_adder/_127_ (net)
                 51.48    0.66 6003.08 v gen_decoderX_units[0].decoder/gen_decoders[0].sub_unit_decoder/fp_adder/_201_/A (XOR2x2_ASAP7_75t_R)
                 39.61   52.60 6055.68 ^ gen_decoderX_units[0].decoder/gen_decoders[0].sub_unit_decoder/fp_adder/_201_/Y (XOR2x2_ASAP7_75t_R)
     9    9.67                           gen_decoderX_units[0].decoder/gen_decoders[0].sub_unit_decoder/fp_adder/_000_ (net)
                 39.61    0.25 6055.93 ^ gen_decoderX_units[0].decoder/gen_decoders[0].sub_unit_decoder/fp_adder/_229_/C (AND3x1_ASAP7_75t_R)
                 13.43   26.18 6082.11 ^ gen_decoderX_units[0].decoder/gen_decoders[0].sub_unit_decoder/fp_adder/_229_/Y (AND3x1_ASAP7_75t_R)
     1    1.11                           gen_decoderX_units[0].decoder/gen_decoders[0].sub_unit_decoder/fp_adder/_025_ (net)
                 13.43    0.01 6082.12 ^ gen_decoderX_units[0].decoder/gen_decoders[0].sub_unit_decoder/fp_adder/_231_/A2 (OAI21x1_ASAP7_75t_R)
                 13.18    8.10 6090.22 v gen_decoderX_units[0].decoder/gen_decoders[0].sub_unit_decoder/fp_adder/_231_/Y (OAI21x1_ASAP7_75t_R)
     1    0.99                           gen_decoderX_units[0].decoder/gen_decoders[0].sub_unit_decoder/fp_adder/converter.mant_converted[4] (net)
                 13.19    0.06 6090.27 v gen_decoderX_units[0].decoder/gen_decoders[0].sub_unit_decoder/fp_adder/adder/_3866_/D (ASYNC_DFFHx1_ASAP7_75t_R)
                               6090.27   data arrival time

                  0.00 1500.00 1500.00   clock clk_i' (rise edge)
                          0.00 1500.00   clock network delay (ideal)
                          0.00 1500.00   clock reconvergence pessimism
                               1500.00 ^ gen_decoderX_units[0].decoder/gen_decoders[0].sub_unit_decoder/fp_adder/adder/_3866_/CLK (ASYNC_DFFHx1_ASAP7_75t_R)
                        -12.10 1487.90   library setup time
                               1487.90   data required time
-----------------------------------------------------------------------------
                               1487.90   data required time
                               -6090.27   data arrival time
-----------------------------------------------------------------------------
                               -4602.37   slack (VIOLATED)



==========================================================================
global place report_checks -unconstrained
--------------------------------------------------------------------------
Startpoint: rst_ni (input port clocked by clk_i)
Endpoint: gen_decoderX_units[0].decoder/gen_decoders[0].sub_unit_decoder/fp_adder/adder/_3874_
          (recovery check against rising-edge clock clk_i')
Path Group: **async_default**
Path Type: max

Fanout     Cap    Slew   Delay    Time   Description
-----------------------------------------------------------------------------
                  0.00    0.00    0.00   clock clk_i (rise edge)
                          0.00    0.00   clock network delay (ideal)
                        300.00  300.00 ^ input external delay
                  0.00    0.00  300.00 ^ rst_ni (in)
    13  130.07                           rst_ni (net)
                764.67  241.23  541.23 ^ gen_decoderX_units[0].decoder/gen_decoders[0].sub_unit_decoder/fp_adder/adder/_3848_/A (CKINVDCx20_ASAP7_75t_R)
                128.20   64.31  605.53 v gen_decoderX_units[0].decoder/gen_decoders[0].sub_unit_decoder/fp_adder/adder/_3848_/Y (CKINVDCx20_ASAP7_75t_R)
    64   63.33                           gen_decoderX_units[0].decoder/gen_decoders[0].sub_unit_decoder/fp_adder/adder/_0064_ (net)
                132.70   12.84  618.37 v gen_decoderX_units[0].decoder/gen_decoders[0].sub_unit_decoder/fp_adder/adder/_3874_/RESET (ASYNC_DFFHx1_ASAP7_75t_R)
                                618.37   data arrival time

                  0.00 1500.00 1500.00   clock clk_i' (rise edge)
                          0.00 1500.00   clock network delay (ideal)
                          0.00 1500.00   clock reconvergence pessimism
                               1500.00 ^ gen_decoderX_units[0].decoder/gen_decoders[0].sub_unit_decoder/fp_adder/adder/_3874_/CLK (ASYNC_DFFHx1_ASAP7_75t_R)
                         29.84 1529.84   library recovery time
                               1529.84   data required time
-----------------------------------------------------------------------------
                               1529.84   data required time
                               -618.37   data arrival time
-----------------------------------------------------------------------------
                                911.48   slack (MET)


Startpoint: gen_decoderX_units[0].decoder/gen_decoders[0].sub_unit_decoder/lut/_39514_
            (negative level-sensitive latch clocked by clk_i)
Endpoint: gen_decoderX_units[0].decoder/gen_decoders[0].sub_unit_decoder/lut/_31777_
          (rising clock gating-check end-point clocked by clk_i)
Path Group: **clock_gating_default**
Path Type: max

Fanout     Cap    Slew   Delay    Time   Description
-----------------------------------------------------------------------------
                  0.00 1500.00 1500.00   clock clk_i (fall edge)
                          0.00 1500.00   clock network delay (ideal)
                  0.00    0.00 1500.00 v gen_decoderX_units[0].decoder/gen_decoders[0].sub_unit_decoder/lut/_39514_/CLK (DLLx3_ASAP7_75t_R)
                 63.49   53.42 1553.42 v gen_decoderX_units[0].decoder/gen_decoders[0].sub_unit_decoder/lut/_39514_/Q (DLLx3_ASAP7_75t_R)
    33   30.10                           gen_decoderX_units[0].decoder/gen_decoders[0].sub_unit_decoder/lut/gen_sub_units_scm[5].sub_unit_i.cg_we_global.en_latch (net)
                 82.28   18.02 1571.44 v gen_decoderX_units[0].decoder/gen_decoders[0].sub_unit_decoder/lut/_31777_/B (AND3x1_ASAP7_75t_R)
                               1571.44   data arrival time

                  0.00 3000.00 3000.00   clock clk_i (rise edge)
                          0.00 3000.00   clock network delay (ideal)
                          0.00 3000.00   clock reconvergence pessimism
                               3000.00 ^ gen_decoderX_units[0].decoder/gen_decoders[0].sub_unit_decoder/lut/_31777_/A (AND3x1_ASAP7_75t_R)
                          0.00 3000.00   clock gating setup time
                               3000.00   data required time
-----------------------------------------------------------------------------
                               3000.00   data required time
                               -1571.44   data arrival time
-----------------------------------------------------------------------------
                               1428.56   slack (MET)


Startpoint: encoder/_280_ (rising edge-triggered flip-flop clocked by clk_i)
Endpoint: gen_decoderX_units[0].decoder/gen_decoders[0].sub_unit_decoder/fp_adder/adder/_3866_
          (rising edge-triggered flip-flop clocked by clk_i')
Path Group: clk_i
Path Type: max

Fanout     Cap    Slew   Delay    Time   Description
-----------------------------------------------------------------------------
                  0.00    0.00    0.00   clock clk_i (rise edge)
                          0.00    0.00   clock network delay (ideal)
                  0.00    0.00    0.00 ^ encoder/_280_/CLK (ASYNC_DFFHx1_ASAP7_75t_R)
                 77.59   72.89   72.89 v encoder/_280_/QN (ASYNC_DFFHx1_ASAP7_75t_R)
     1   13.28                           encoder/_009_ (net)
                 77.59    0.13   73.02 v encoder/_151_/A (CKINVDCx20_ASAP7_75t_R)
                120.37   47.01  120.03 ^ encoder/_151_/Y (CKINVDCx20_ASAP7_75t_R)
   214  432.99                           c_addr_enc_o[0] (net)
                366.23   96.06  216.09 ^ gen_decoderX_units[0].decoder/gen_decoders[0].sub_unit_decoder/lut/_32286_/A (CKINVDCx20_ASAP7_75t_R)
                302.46   80.80  296.88 v gen_decoderX_units[0].decoder/gen_decoders[0].sub_unit_decoder/lut/_32286_/Y (CKINVDCx20_ASAP7_75t_R)
   500  816.38                           gen_decoderX_units[0].decoder/gen_decoders[0].sub_unit_decoder/lut/_17997_ (net)
                870.24  231.23  528.11 v gen_decoderX_units[0].decoder/gen_decoders[0].sub_unit_decoder/lut/_32306_/A (NOR3x2_ASAP7_75t_R)
               2596.66  825.14 1353.25 ^ gen_decoderX_units[0].decoder/gen_decoders[0].sub_unit_decoder/lut/_32306_/Y (NOR3x2_ASAP7_75t_R)
   249  459.99                           gen_decoderX_units[0].decoder/gen_decoders[0].sub_unit_decoder/lut/_18017_ (net)
               3011.25  655.69 2008.94 ^ gen_decoderX_units[0].decoder/gen_decoders[0].sub_unit_decoder/lut/_32491_/B (NAND2x2_ASAP7_75t_R)
               1427.32 3160.29 5169.23 v gen_decoderX_units[0].decoder/gen_decoders[0].sub_unit_decoder/lut/_32491_/Y (NAND2x2_ASAP7_75t_R)
   254  374.04                           gen_decoderX_units[0].decoder/gen_decoders[0].sub_unit_decoder/lut/_00121_ (net)
               1480.97  383.34 5552.56 v gen_decoderX_units[0].decoder/gen_decoders[0].sub_unit_decoder/lut/_23017_/B1 (OAI22x1_ASAP7_75t_R)
                162.60  121.38 5673.95 ^ gen_decoderX_units[0].decoder/gen_decoders[0].sub_unit_decoder/lut/_23017_/Y (OAI22x1_ASAP7_75t_R)
     1    1.15                           gen_decoderX_units[0].decoder/gen_decoders[0].sub_unit_decoder/lut/_09826_ (net)
                162.60    0.02 5673.97 ^ gen_decoderX_units[0].decoder/gen_decoders[0].sub_unit_decoder/lut/_23021_/A (NOR2x1_ASAP7_75t_R)
                 55.16   40.11 5714.08 v gen_decoderX_units[0].decoder/gen_decoders[0].sub_unit_decoder/lut/_23021_/Y (NOR2x1_ASAP7_75t_R)
     1    2.24                           gen_decoderX_units[0].decoder/gen_decoders[0].sub_unit_decoder/lut/_09830_ (net)
                 55.17    0.37 5714.45 v gen_decoderX_units[0].decoder/gen_decoders[0].sub_unit_decoder/lut/_23029_/A (NAND2x1_ASAP7_75t_R)
                 28.98   27.42 5741.88 ^ gen_decoderX_units[0].decoder/gen_decoders[0].sub_unit_decoder/lut/_23029_/Y (NAND2x1_ASAP7_75t_R)
     1    1.88                           gen_decoderX_units[0].decoder/gen_decoders[0].sub_unit_decoder/lut/_09838_ (net)
                 28.99    0.23 5742.11 ^ gen_decoderX_units[0].decoder/gen_decoders[0].sub_unit_decoder/lut/_23045_/A (NOR2x1_ASAP7_75t_R)
                 16.96   16.67 5758.78 v gen_decoderX_units[0].decoder/gen_decoders[0].sub_unit_decoder/lut/_23045_/Y (NOR2x1_ASAP7_75t_R)
     1    1.46                           gen_decoderX_units[0].decoder/gen_decoders[0].sub_unit_decoder/lut/_09854_ (net)
                 16.96    0.05 5758.83 v gen_decoderX_units[0].decoder/gen_decoders[0].sub_unit_decoder/lut/_23078_/A1 (AOI21x1_ASAP7_75t_R)
                 30.08   17.36 5776.20 ^ gen_decoderX_units[0].decoder/gen_decoders[0].sub_unit_decoder/lut/_23078_/Y (AOI21x1_ASAP7_75t_R)
     1    3.76                           gen_decoderX_units[0].decoder/gen_decoders[0].sub_unit_decoder/lut/_09887_ (net)
                 30.24    1.21 5777.41 ^ gen_decoderX_units[0].decoder/gen_decoders[0].sub_unit_decoder/lut/_23079_/B (NOR2x1_ASAP7_75t_R)
                 22.81   19.53 5796.94 v gen_decoderX_units[0].decoder/gen_decoders[0].sub_unit_decoder/lut/_23079_/Y (NOR2x1_ASAP7_75t_R)
     1    2.82                           gen_decoderX_units[0].decoder/gen_decoders[0].sub_unit_decoder/lut/_09888_ (net)
                 22.86    0.64 5797.58 v gen_decoderX_units[0].decoder/gen_decoders[0].sub_unit_decoder/lut/_23080_/B (NAND2x1_ASAP7_75t_R)
                 18.21   13.89 5811.47 ^ gen_decoderX_units[0].decoder/gen_decoders[0].sub_unit_decoder/lut/_23080_/Y (NAND2x1_ASAP7_75t_R)
     1    1.13                           gen_decoderX_units[0].decoder/gen_decoders[0].sub_unit_decoder/lut/_09889_ (net)
                 18.21    0.01 5811.48 ^ gen_decoderX_units[0].decoder/gen_decoders[0].sub_unit_decoder/lut/_23081_/B (NOR2x1_ASAP7_75t_R)
                 16.99   14.11 5825.59 v gen_decoderX_units[0].decoder/gen_decoders[0].sub_unit_decoder/lut/_23081_/Y (NOR2x1_ASAP7_75t_R)
     1    2.06                           gen_decoderX_units[0].decoder/gen_decoders[0].sub_unit_decoder/lut/_09890_ (net)
                 16.99    0.02 5825.61 v gen_decoderX_units[0].decoder/gen_decoders[0].sub_unit_decoder/lut/_23601_/A (NAND2x2_ASAP7_75t_R)
                 57.30   25.61 5851.22 ^ gen_decoderX_units[0].decoder/gen_decoders[0].sub_unit_decoder/lut/_23601_/Y (NAND2x2_ASAP7_75t_R)
     5   11.60                           gen_decoderX_units[0].decoder/gen_decoders[0].sub_unit_decoder/rdata_o[7] (net)
                 60.13    6.82 5858.04 ^ gen_decoderX_units[0].decoder/gen_decoders[0].sub_unit_decoder/fp_adder/_141_/A (NOR2x2_ASAP7_75t_R)
                 27.14   25.22 5883.26 v gen_decoderX_units[0].decoder/gen_decoders[0].sub_unit_decoder/fp_adder/_141_/Y (NOR2x2_ASAP7_75t_R)
     3    4.17                           gen_decoderX_units[0].decoder/gen_decoders[0].sub_unit_decoder/fp_adder/_081_ (net)
                 27.14    0.11 5883.36 v gen_decoderX_units[0].decoder/gen_decoders[0].sub_unit_decoder/fp_adder/_142_/B (NAND2x2_ASAP7_75t_R)
                 36.38   25.91 5909.28 ^ gen_decoderX_units[0].decoder/gen_decoders[0].sub_unit_decoder/fp_adder/_142_/Y (NAND2x2_ASAP7_75t_R)
     5    8.38                           gen_decoderX_units[0].decoder/gen_decoders[0].sub_unit_decoder/fp_adder/_082_ (net)
                 36.38    0.02 5909.30 ^ gen_decoderX_units[0].decoder/gen_decoders[0].sub_unit_decoder/fp_adder/_145_/A2 (OAI21x1_ASAP7_75t_R)
                 69.62   38.52 5947.82 v gen_decoderX_units[0].decoder/gen_decoders[0].sub_unit_decoder/fp_adder/_145_/Y (OAI21x1_ASAP7_75t_R)
     9   13.87                           gen_decoderX_units[0].decoder/gen_decoders[0].sub_unit_decoder/fp_adder/_085_ (net)
                 69.66    0.97 5948.79 v gen_decoderX_units[0].decoder/gen_decoders[0].sub_unit_decoder/fp_adder/_161_/B (NOR2x2_ASAP7_75t_R)
                 33.94   26.09 5974.88 ^ gen_decoderX_units[0].decoder/gen_decoders[0].sub_unit_decoder/fp_adder/_161_/Y (NOR2x2_ASAP7_75t_R)
     4    4.53                           gen_decoderX_units[0].decoder/gen_decoders[0].sub_unit_decoder/fp_adder/_100_ (net)
                 33.94    0.07 5974.96 ^ gen_decoderX_units[0].decoder/gen_decoders[0].sub_unit_decoder/fp_adder/_195_/A2 (OAI21x1_ASAP7_75t_R)
                 51.45   27.47 6002.42 v gen_decoderX_units[0].decoder/gen_decoders[0].sub_unit_decoder/fp_adder/_195_/Y (OAI21x1_ASAP7_75t_R)
     6    8.67                           gen_decoderX_units[0].decoder/gen_decoders[0].sub_unit_decoder/fp_adder/_127_ (net)
                 51.48    0.66 6003.08 v gen_decoderX_units[0].decoder/gen_decoders[0].sub_unit_decoder/fp_adder/_201_/A (XOR2x2_ASAP7_75t_R)
                 39.61   52.60 6055.68 ^ gen_decoderX_units[0].decoder/gen_decoders[0].sub_unit_decoder/fp_adder/_201_/Y (XOR2x2_ASAP7_75t_R)
     9    9.67                           gen_decoderX_units[0].decoder/gen_decoders[0].sub_unit_decoder/fp_adder/_000_ (net)
                 39.61    0.25 6055.93 ^ gen_decoderX_units[0].decoder/gen_decoders[0].sub_unit_decoder/fp_adder/_229_/C (AND3x1_ASAP7_75t_R)
                 13.43   26.18 6082.11 ^ gen_decoderX_units[0].decoder/gen_decoders[0].sub_unit_decoder/fp_adder/_229_/Y (AND3x1_ASAP7_75t_R)
     1    1.11                           gen_decoderX_units[0].decoder/gen_decoders[0].sub_unit_decoder/fp_adder/_025_ (net)
                 13.43    0.01 6082.12 ^ gen_decoderX_units[0].decoder/gen_decoders[0].sub_unit_decoder/fp_adder/_231_/A2 (OAI21x1_ASAP7_75t_R)
                 13.18    8.10 6090.22 v gen_decoderX_units[0].decoder/gen_decoders[0].sub_unit_decoder/fp_adder/_231_/Y (OAI21x1_ASAP7_75t_R)
     1    0.99                           gen_decoderX_units[0].decoder/gen_decoders[0].sub_unit_decoder/fp_adder/converter.mant_converted[4] (net)
                 13.19    0.06 6090.27 v gen_decoderX_units[0].decoder/gen_decoders[0].sub_unit_decoder/fp_adder/adder/_3866_/D (ASYNC_DFFHx1_ASAP7_75t_R)
                               6090.27   data arrival time

                  0.00 1500.00 1500.00   clock clk_i' (rise edge)
                          0.00 1500.00   clock network delay (ideal)
                          0.00 1500.00   clock reconvergence pessimism
                               1500.00 ^ gen_decoderX_units[0].decoder/gen_decoders[0].sub_unit_decoder/fp_adder/adder/_3866_/CLK (ASYNC_DFFHx1_ASAP7_75t_R)
                        -12.10 1487.90   library setup time
                               1487.90   data required time
-----------------------------------------------------------------------------
                               1487.90   data required time
                               -6090.27   data arrival time
-----------------------------------------------------------------------------
                               -4602.37   slack (VIOLATED)



==========================================================================
global place report_power
--------------------------------------------------------------------------
Group                  Internal  Switching    Leakage      Total
                          Power      Power      Power      Power (Watts)
----------------------------------------------------------------
Sequential             5.10e-03   2.56e-04   1.66e-06   5.35e-03  42.2%
Combinational          2.42e-03   4.90e-03   3.88e-06   7.32e-03  57.8%
Macro                  0.00e+00   0.00e+00   0.00e+00   0.00e+00   0.0%
Pad                    0.00e+00   0.00e+00   0.00e+00   0.00e+00   0.0%
----------------------------------------------------------------
Total                  7.52e-03   5.15e-03   5.54e-06   1.27e-02 100.0%
                          59.3%      40.6%       0.0%

==========================================================================
global place report_design_area
--------------------------------------------------------------------------
Design area 7688 u^2 40% utilization.

Elapsed time: 3:57.51[h:]min:sec. CPU time: user 236.78 sys 0.30 (99%). Peak memory: 804480KB.
