OpenROAD b7631451350809842e4fb0c635c3f3ed7f6b270f 
This program is licensed under the BSD-3 license. See the LICENSE file for details.
Components of this program may be licensed under more restrictive licenses which must be honored.
[INFO GPL-0002] DBU: 2000
[INFO GPL-0003] SiteSize: 380 2800
[INFO GPL-0004] CoreAreaLxLy: 4180 5600
[INFO GPL-0005] CoreAreaUxUy: 694260 694400
[INFO GPL-0006] NumInstances: 30398
[INFO GPL-0007] NumPlaceInstances: 29658
[INFO GPL-0008] NumFixedInstances: 740
[INFO GPL-0009] NumDummyInstances: 0
[INFO GPL-0010] NumNets: 30420
[INFO GPL-0011] NumPins: 95948
[INFO GPL-0012] DieAreaLxLy: 0 0
[INFO GPL-0013] DieAreaUxUy: 698590 698590
[INFO GPL-0014] CoreAreaLxLy: 4180 5600
[INFO GPL-0015] CoreAreaUxUy: 694260 694400
[INFO GPL-0016] CoreArea: 475327104000
[INFO GPL-0017] NonPlaceInstsArea: 787360000
[INFO GPL-0018] PlaceInstsArea: 181298152000
[INFO GPL-0019] Util(%): 38.21
[INFO GPL-0020] StdInstsArea: 181298152000
[INFO GPL-0021] MacroInstsArea: 0
[INFO GPL-0031] FillerInit: NumGCells: 47239
[INFO GPL-0032] FillerInit: NumGNets: 30420
[INFO GPL-0033] FillerInit: NumGPins: 95948
[INFO GPL-0023] TargetDensity: 0.60
[INFO GPL-0024] AveragePlaceInstArea: 6112959
[INFO GPL-0025] IdealBinArea: 10188265
[INFO GPL-0026] IdealBinCnt: 46654
[INFO GPL-0027] TotalBinArea: 475327104000
[INFO GPL-0028] BinCnt: 128 128
[INFO GPL-0029] BinSize: 5392 5382
[INFO GPL-0030] NumBins: 16384
[NesterovSolve] Iter: 1 overflow: 0.999256 HPWL: 20860775
[NesterovSolve] Iter: 10 overflow: 0.998872 HPWL: 6684508
[NesterovSolve] Iter: 20 overflow: 0.998872 HPWL: 5079189
[NesterovSolve] Iter: 30 overflow: 0.998872 HPWL: 4197946
[NesterovSolve] Iter: 40 overflow: 0.998872 HPWL: 4005699
[NesterovSolve] Iter: 50 overflow: 0.998872 HPWL: 4024420
[NesterovSolve] Iter: 60 overflow: 0.998868 HPWL: 4181631
[NesterovSolve] Iter: 70 overflow: 0.998771 HPWL: 4829335
[NesterovSolve] Iter: 80 overflow: 0.998403 HPWL: 6571251
[NesterovSolve] Iter: 90 overflow: 0.99798 HPWL: 10202748
[NesterovSolve] Iter: 100 overflow: 0.996745 HPWL: 17483866
[NesterovSolve] Iter: 110 overflow: 0.994837 HPWL: 29581354
[NesterovSolve] Iter: 120 overflow: 0.993331 HPWL: 42372009
[NesterovSolve] Iter: 130 overflow: 0.991114 HPWL: 55071897
[NesterovSolve] Iter: 140 overflow: 0.986276 HPWL: 68462902
[NesterovSolve] Iter: 150 overflow: 0.977485 HPWL: 82852803
[NesterovSolve] Iter: 160 overflow: 0.965525 HPWL: 97289415
[NesterovSolve] Iter: 170 overflow: 0.951611 HPWL: 116799175
[NesterovSolve] Iter: 180 overflow: 0.93251 HPWL: 141397872
[NesterovSolve] Iter: 190 overflow: 0.914117 HPWL: 164946817
[NesterovSolve] Iter: 200 overflow: 0.8942 HPWL: 181809740
[NesterovSolve] Iter: 210 overflow: 0.879062 HPWL: 192422834
[NesterovSolve] Iter: 220 overflow: 0.854142 HPWL: 210927996
[NesterovSolve] Iter: 230 overflow: 0.81944 HPWL: 234846182
[NesterovSolve] Iter: 240 overflow: 0.786991 HPWL: 264427367
[NesterovSolve] Iter: 250 overflow: 0.75541 HPWL: 309481550
[NesterovSolve] Iter: 260 overflow: 0.728406 HPWL: 327735779
[NesterovSolve] Iter: 270 overflow: 0.684571 HPWL: 334798228
[NesterovSolve] Iter: 280 overflow: 0.63819 HPWL: 346181133
[NesterovSolve] Iter: 290 overflow: 0.587119 HPWL: 343841398
[NesterovSolve] Iter: 300 overflow: 0.538431 HPWL: 352556705
[NesterovSolve] Iter: 310 overflow: 0.48662 HPWL: 355254595
[NesterovSolve] Iter: 320 overflow: 0.432971 HPWL: 356110268
[NesterovSolve] Iter: 330 overflow: 0.371614 HPWL: 351056793
[NesterovSolve] Iter: 340 overflow: 0.319484 HPWL: 343326337
[NesterovSolve] Iter: 350 overflow: 0.283498 HPWL: 335479118
[NesterovSolve] Iter: 360 overflow: 0.247426 HPWL: 330669124
[NesterovSolve] Iter: 370 overflow: 0.216956 HPWL: 325217610
[NesterovSolve] Iter: 380 overflow: 0.187593 HPWL: 321459640
[NesterovSolve] Iter: 390 overflow: 0.164226 HPWL: 317927016
[NesterovSolve] Iter: 400 overflow: 0.141687 HPWL: 315251776
[NesterovSolve] Iter: 410 overflow: 0.121522 HPWL: 313607912
[NesterovSolve] Iter: 420 overflow: 0.104781 HPWL: 312506102
[NesterovSolve] Finished with Overflow: 0.099480
Elapsed time: 0:08.87[h:]min:sec. CPU time: user 8.79 sys 0.07 (99%). Peak memory: 178240KB.
