OpenROAD b7631451350809842e4fb0c635c3f3ed7f6b270f 
This program is licensed under the BSD-3 license. See the LICENSE file for details.
Components of this program may be licensed under more restrictive licenses which must be honored.
Placement Analysis
---------------------------------
total displacement      38853.6 u
average displacement        1.2 u
max displacement           10.5 u
original HPWL          193520.6 u
legalized HPWL         232974.0 u
delta HPWL                   20 %

Detailed placement improvement.
Importing netlist into detailed improver.
[INFO DPO-0100] Creating network with 31668 cells, 71 terminals, 31074 edges and 99742 pins.
[INFO DPO-0109] Network stats: inst 31739, edges 31074, pins 99742
[INFO DPO-0110] Number of regions is 1
[INFO DPO-0401] Setting random seed to 1.
[INFO DPO-0402] Setting maximum displacement 5 1 to 14000 2800 units.
[INFO DPO-0320] Collected 805 fixed cells (excluded terminal_NI).
[INFO DPO-0318] Collected 30934 single height cells.
[INFO DPO-0321] Collected 0 wide cells.
[INFO DPO-0322] Image (4180, 5600) - (689700, 688800)
[INFO DPO-0310] Assigned 30934 cells into segments.  Movement in X-direction is 0.000000, movement in Y-direction is 0.000000.
[INFO DPO-0313] Found 0 cells in wrong regions.
[INFO DPO-0315] Found 0 row alignment problems.
[INFO DPO-0314] Found 0 site alignment problems.
[INFO DPO-0311] Found 0 overlaps between adjacent cells.
[INFO DPO-0312] Found 0 edge spacing violations and 0 padding violations.
[INFO DPO-0303] Running algorithm for independent set matching.
[INFO DPO-0300] Set matching objective is wirelength.
[INFO DPO-0301] Pass   1 of matching; objective is 4.696649e+08.
[INFO DPO-0302] End of matching; objective is 4.674442e+08, improvement is 0.47 percent.
[INFO DPO-0303] Running algorithm for global swaps.
[INFO DPO-0306] Pass   1 of global swaps; hpwl is 4.477838e+08.
[INFO DPO-0306] Pass   2 of global swaps; hpwl is 4.432534e+08.
[INFO DPO-0306] Pass   3 of global swaps; hpwl is 4.417928e+08.
[INFO DPO-0307] End of global swaps; objective is 4.417928e+08, improvement is 5.49 percent.
[INFO DPO-0303] Running algorithm for vertical swaps.
[INFO DPO-0308] Pass   1 of vertical swaps; hpwl is 4.397085e+08.
[INFO DPO-0309] End of vertical swaps; objective is 4.397085e+08, improvement is 0.47 percent.
[INFO DPO-0303] Running algorithm for reordering.
[INFO DPO-0304] Pass   1 of reordering; objective is 4.371744e+08.
[INFO DPO-0305] End of reordering; objective is 4.371744e+08, improvement is 0.58 percent.
[INFO DPO-0303] Running algorithm for random improvement.
[INFO DPO-0324] Random improver is using displacement generator.
[INFO DPO-0325] Random improver is using hpwl objective.
[INFO DPO-0326] Random improver cost string is (a).
[INFO DPO-0332] End of pass, Generator displacement called 618680 times.
[INFO DPO-0335] Generator displacement, Cumulative attempts 618680, swaps 97066, moves 160623 since last reset.
[INFO DPO-0333] End of pass, Objective hpwl, Initial cost 4.275665e+08, Scratch cost 4.198070e+08, Incremental cost 4.198070e+08, Mismatch? N
[INFO DPO-0338] End of pass, Total cost is 4.198070e+08.
[INFO DPO-0327] Pass   1 of random improver; improvement in cost is 1.81 percent.
[INFO DPO-0332] End of pass, Generator displacement called 618680 times.
[INFO DPO-0335] Generator displacement, Cumulative attempts 1237360, swaps 191448, moves 321183 since last reset.
[INFO DPO-0333] End of pass, Objective hpwl, Initial cost 4.198070e+08, Scratch cost 4.168366e+08, Incremental cost 4.168366e+08, Mismatch? N
[INFO DPO-0338] End of pass, Total cost is 4.168366e+08.
[INFO DPO-0327] Pass   2 of random improver; improvement in cost is 0.71 percent.
[INFO DPO-0328] End of random improver; improvement is 2.509537 percent.
[INFO DPO-0380] Cell flipping.
[INFO DPO-0382] Changed 15480 cell orientations for row compatibility.
[INFO DPO-0383] Performed 9639 cell flips.
[INFO DPO-0384] End of flipping; objective is 4.197246e+08, improvement is 1.58 percent.
[INFO DPO-0313] Found 0 cells in wrong regions.
[INFO DPO-0315] Found 0 row alignment problems.
[INFO DPO-0314] Found 0 site alignment problems.
[INFO DPO-0311] Found 0 overlaps between adjacent cells.
[INFO DPO-0312] Found 0 edge spacing violations and 0 padding violations.
Detailed Improvement Results
------------------------------------------
Original HPWL           232974.0 u
Final HPWL              206639.1 u
Delta HPWL                 -11.3 %

[INFO DPL-0020] Mirrored 813 instances
[INFO DPL-0021] HPWL before          206639.1 u
[INFO DPL-0022] HPWL after           206557.7 u
[INFO DPL-0023] HPWL delta               -0.0 %
[INFO FLW-0012] Placement violations .

==========================================================================
detailed place report_tns
--------------------------------------------------------------------------
tns -0.17

==========================================================================
detailed place report_wns
--------------------------------------------------------------------------
wns -0.06

==========================================================================
detailed place report_worst_slack
--------------------------------------------------------------------------
worst slack -0.06

==========================================================================
detailed place report_clock_skew
--------------------------------------------------------------------------
Clock clk_i
Latency      CRPR       Skew
lut/gen_sub_units_scm[2].sub_unit_i/_2403_/G ^
   0.46
_547_/CK ^
   0.00      0.00       0.46


==========================================================================
detailed place report_checks -path_delay min
--------------------------------------------------------------------------
Startpoint: rst_ni (input port clocked by clk_i)
Endpoint: _592_ (removal check against rising-edge clock clk_i)
Path Group: **async_default**
Path Type: min

Fanout     Cap    Slew   Delay    Time   Description
-----------------------------------------------------------------------------
                  0.00    0.00    0.00   clock clk_i (rise edge)
                          0.00    0.00   clock network delay (ideal)
                          0.30    0.30 ^ input external delay
                  0.00    0.00    0.30 ^ rst_ni (in)
     1   27.05                           rst_ni (net)
                  0.00    0.00    0.30 ^ input11/A (BUF_X32)
                  0.01    0.02    0.32 ^ input11/Z (BUF_X32)
   102  243.38                           net11 (net)
                  0.01    0.00    0.32 ^ _592_/RN (DFFR_X1)
                                  0.32   data arrival time

                  0.00    0.00    0.00   clock clk_i (rise edge)
                          0.00    0.00   clock network delay (ideal)
                          0.00    0.00   clock reconvergence pessimism
                                  0.00 ^ _592_/CK (DFFR_X1)
                          0.20    0.20   library removal time
                                  0.20   data required time
-----------------------------------------------------------------------------
                                  0.20   data required time
                                 -0.32   data arrival time
-----------------------------------------------------------------------------
                                  0.13   slack (MET)


Startpoint: lut/gen_sub_units_scm[0].sub_unit_i/_2813_
            (negative level-sensitive latch clocked by clk_i)
Endpoint: lut/gen_sub_units_scm[0].sub_unit_i/_2369_
          (rising clock gating-check end-point clocked by clk_i)
Path Group: **clock_gating_default**
Path Type: min

Fanout     Cap    Slew   Delay    Time   Description
-----------------------------------------------------------------------------
                  0.00    1.50    1.50   clock clk_i (fall edge)
                          0.00    1.50   clock network delay (ideal)
                  0.00    0.00    1.50 v lut/gen_sub_units_scm[0].sub_unit_i/_2813_/GN (DLL_X1)
                  0.01    0.04    1.54 ^ lut/gen_sub_units_scm[0].sub_unit_i/_2813_/Q (DLL_X1)
     1    1.05                           lut/gen_sub_units_scm[0].sub_unit_i/gen_cg_word_iter[5].cg_i.en_latch (net)
                  0.01    0.00    1.54 ^ lut/gen_sub_units_scm[0].sub_unit_i/_2369_/A2 (AND2_X1)
                                  1.54   data arrival time

                  0.00    1.50    1.50   clock clk_i (fall edge)
                          0.00    1.50   clock network delay (ideal)
                          0.00    1.50   clock reconvergence pessimism
                                  1.50 v lut/gen_sub_units_scm[0].sub_unit_i/_2369_/A1 (AND2_X1)
                          0.00    1.50   clock gating hold time
                                  1.50   data required time
-----------------------------------------------------------------------------
                                  1.50   data required time
                                 -1.54   data arrival time
-----------------------------------------------------------------------------
                                  0.04   slack (MET)


Startpoint: _510_ (rising edge-triggered flip-flop clocked by clk_i)
Endpoint: _510_ (rising edge-triggered flip-flop clocked by clk_i)
Path Group: clk_i
Path Type: min

Fanout     Cap    Slew   Delay    Time   Description
-----------------------------------------------------------------------------
                  0.00    0.00    0.00   clock clk_i (rise edge)
                          0.00    0.00   clock network delay (ideal)
                  0.00    0.00    0.00 ^ _510_/CK (DFFR_X1)
                  0.01    0.09    0.09 v _510_/Q (DFFR_X1)
     2    2.58                           net49 (net)
                  0.01    0.00    0.09 v _401_/A3 (NAND3_X1)
                  0.01    0.02    0.11 ^ _401_/ZN (NAND3_X1)
     1    1.71                           _109_ (net)
                  0.01    0.00    0.11 ^ _403_/A1 (NAND2_X1)
                  0.01    0.01    0.12 v _403_/ZN (NAND2_X1)
     1    1.26                           _001_ (net)
                  0.01    0.00    0.12 v _510_/D (DFFR_X1)
                                  0.12   data arrival time

                  0.00    0.00    0.00   clock clk_i (rise edge)
                          0.00    0.00   clock network delay (ideal)
                          0.00    0.00   clock reconvergence pessimism
                                  0.00 ^ _510_/CK (DFFR_X1)
                          0.00    0.00   library hold time
                                  0.00   data required time
-----------------------------------------------------------------------------
                                  0.00   data required time
                                 -0.12   data arrival time
-----------------------------------------------------------------------------
                                  0.11   slack (MET)



==========================================================================
detailed place report_checks -path_delay max
--------------------------------------------------------------------------
Startpoint: rst_ni (input port clocked by clk_i)
Endpoint: _547_ (recovery check against rising-edge clock clk_i)
Path Group: **async_default**
Path Type: max

Fanout     Cap    Slew   Delay    Time   Description
-----------------------------------------------------------------------------
                  0.00    0.00    0.00   clock clk_i (rise edge)
                          0.00    0.00   clock network delay (ideal)
                          0.30    0.30 ^ input external delay
                  0.00    0.00    0.30 ^ rst_ni (in)
     1   27.05                           rst_ni (net)
                  0.00    0.00    0.30 ^ input11/A (BUF_X32)
                  0.01    0.02    0.32 ^ input11/Z (BUF_X32)
   102  243.38                           net11 (net)
                  0.03    0.02    0.35 ^ _547_/RN (DFFR_X1)
                                  0.35   data arrival time

                  0.00    3.00    3.00   clock clk_i (rise edge)
                          0.00    3.00   clock network delay (ideal)
                          0.00    3.00   clock reconvergence pessimism
                                  3.00 ^ _547_/CK (DFFR_X1)
                          0.05    3.05   library recovery time
                                  3.05   data required time
-----------------------------------------------------------------------------
                                  3.05   data required time
                                 -0.35   data arrival time
-----------------------------------------------------------------------------
                                  2.70   slack (MET)


Startpoint: lut/gen_sub_units_scm[1].sub_unit_i/_2841_
            (negative level-sensitive latch clocked by clk_i)
Endpoint: lut/gen_sub_units_scm[1].sub_unit_i/_2399_
          (rising clock gating-check end-point clocked by clk_i)
Path Group: **clock_gating_default**
Path Type: max

Fanout     Cap    Slew   Delay    Time   Description
-----------------------------------------------------------------------------
                  0.00    1.50    1.50   clock clk_i (fall edge)
                          0.00    1.50   clock network delay (ideal)
                  0.00    0.00    1.50 v lut/gen_sub_units_scm[1].sub_unit_i/_2841_/GN (DLL_X1)
                  0.01    0.07    1.57 v lut/gen_sub_units_scm[1].sub_unit_i/_2841_/Q (DLL_X1)
     1    2.86                           lut/gen_sub_units_scm[1].sub_unit_i/gen_cg_word_iter[3].cg_i.en_latch (net)
                  0.01    0.00    1.57 v lut/gen_sub_units_scm[1].sub_unit_i/_2399_/A2 (AND2_X1)
                                  1.57   data arrival time

                  0.00    3.00    3.00   clock clk_i (rise edge)
                          0.00    3.00   clock network delay (ideal)
                          0.00    3.00   clock reconvergence pessimism
                                  3.00 ^ lut/gen_sub_units_scm[1].sub_unit_i/_2399_/A1 (AND2_X1)
                          0.00    3.00   clock gating setup time
                                  3.00   data required time
-----------------------------------------------------------------------------
                                  3.00   data required time
                                 -1.57   data arrival time
-----------------------------------------------------------------------------
                                  1.43   slack (MET)


Startpoint: _547_ (rising edge-triggered flip-flop clocked by clk_i)
Endpoint: _539_ (rising edge-triggered flip-flop clocked by clk_i)
Path Group: clk_i
Path Type: max

Fanout     Cap    Slew   Delay    Time   Description
-----------------------------------------------------------------------------
                  0.00    0.00    0.00   clock clk_i (rise edge)
                          0.00    0.00   clock network delay (ideal)
                  0.00    0.00    0.00 ^ _547_/CK (DFFR_X1)
                  0.01    0.10    0.10 v _547_/Q (DFFR_X1)
     3    8.81                           rdata_o_q[6] (net)
                  0.01    0.00    0.10 v fp_adder/converter/_174_/A2 (NOR2_X2)
                  0.03    0.04    0.14 ^ fp_adder/converter/_174_/ZN (NOR2_X2)
     2    8.83                           fp_adder/converter/_107_ (net)
                  0.03    0.00    0.14 ^ fp_adder/converter/_175_/A2 (NAND2_X1)
                  0.02    0.03    0.17 v fp_adder/converter/_175_/ZN (NAND2_X1)
     2    6.34                           fp_adder/converter/_108_ (net)
                  0.02    0.00    0.17 v fp_adder/converter/_193_/A2 (NOR2_X2)
                  0.03    0.05    0.22 ^ fp_adder/converter/_193_/ZN (NOR2_X2)
     3   12.20                           fp_adder/converter/_126_ (net)
                  0.03    0.00    0.22 ^ fp_adder/converter/_196_/A1 (NAND2_X4)
                  0.02    0.03    0.26 v fp_adder/converter/_196_/ZN (NAND2_X4)
    13   29.78                           fp_adder/converter/_129_ (net)
                  0.02    0.00    0.26 v fp_adder/converter/_199_/A2 (NAND2_X4)
                  0.02    0.04    0.29 ^ fp_adder/converter/_199_/ZN (NAND2_X4)
    14   29.18                           fp_adder/converter/_132_ (net)
                  0.02    0.00    0.29 ^ fp_adder/converter/_233_/A1 (NAND2_X2)
                  0.01    0.03    0.32 v fp_adder/converter/_233_/ZN (NAND2_X2)
     4   10.71                           fp_adder/converter/_006_ (net)
                  0.01    0.00    0.32 v fp_adder/converter/_326_/B1 (AOI21_X1)
                  0.02    0.03    0.35 ^ fp_adder/converter/_326_/ZN (AOI21_X1)
     1    1.73                           fp_adder/converter/_089_ (net)
                  0.02    0.00    0.35 ^ fp_adder/converter/_327_/A (OAI21_X1)
                  0.01    0.02    0.37 v fp_adder/converter/_327_/ZN (OAI21_X1)
     1    2.01                           fp_adder/converter/_090_ (net)
                  0.01    0.00    0.37 v fp_adder/converter/_328_/A1 (NAND2_X1)
                  0.02    0.03    0.40 ^ fp_adder/converter/_328_/ZN (NAND2_X1)
     3    7.17                           fp_adder/operand_fp16_fp32[25] (net)
                  0.02    0.00    0.40 ^ fp_adder/adder/adder/_1257_/A (INV_X1)
                  0.01    0.02    0.41 v fp_adder/adder/adder/_1257_/ZN (INV_X1)
     2    4.56                           fp_adder/adder/adder/_0369_ (net)
                  0.01    0.00    0.41 v fp_adder/adder/adder/_1258_/A1 (NAND2_X1)
                  0.02    0.02    0.44 ^ fp_adder/adder/adder/_1258_/ZN (NAND2_X1)
     3    5.75                           fp_adder/adder/adder/_0370_ (net)
                  0.02    0.00    0.44 ^ fp_adder/adder/adder/_1261_/A1 (NAND2_X1)
                  0.01    0.02    0.46 v fp_adder/adder/adder/_1261_/ZN (NAND2_X1)
     2    3.31                           fp_adder/adder/adder/_0373_ (net)
                  0.01    0.00    0.46 v fp_adder/adder/adder/_1262_/A2 (NOR2_X1)
                  0.02    0.04    0.50 ^ fp_adder/adder/adder/_1262_/ZN (NOR2_X1)
     2    3.72                           fp_adder/adder/adder/_0374_ (net)
                  0.02    0.00    0.50 ^ fp_adder/adder/adder/_1263_/A2 (NAND2_X1)
                  0.02    0.02    0.52 v fp_adder/adder/adder/_1263_/ZN (NAND2_X1)
     2    4.01                           fp_adder/adder/adder/_0375_ (net)
                  0.02    0.00    0.52 v fp_adder/adder/adder/_1267_/A1 (NAND2_X1)
                  0.02    0.03    0.55 ^ fp_adder/adder/adder/_1267_/ZN (NAND2_X1)
     3    7.83                           fp_adder/adder/adder/_0379_ (net)
                  0.02    0.00    0.55 ^ fp_adder/adder/adder/_1300_/A1 (NAND2_X2)
                  0.02    0.03    0.58 v fp_adder/adder/adder/_1300_/ZN (NAND2_X2)
     4   12.78                           fp_adder/adder/adder/_0411_ (net)
                  0.02    0.00    0.58 v fp_adder/adder/adder/_1307_/A1 (NAND2_X4)
                  0.12    0.13    0.71 ^ fp_adder/adder/adder/_1307_/ZN (NAND2_X4)
    91  205.97                           fp_adder/adder/adder/_0418_ (net)
                  0.12    0.00    0.71 ^ fp_adder/adder/adder/_1324_/A (INV_X8)
                  0.03    0.03    0.75 v fp_adder/adder/adder/_1324_/ZN (INV_X8)
    35   73.24                           fp_adder/adder/adder/_0435_ (net)
                  0.03    0.00    0.75 v fp_adder/adder/adder/_1329_/A1 (NAND2_X1)
                  0.01    0.02    0.77 ^ fp_adder/adder/adder/_1329_/ZN (NAND2_X1)
     1    1.77                           fp_adder/adder/adder/_0440_ (net)
                  0.01    0.00    0.77 ^ fp_adder/adder/adder/_1330_/A2 (NAND2_X1)
                  0.01    0.01    0.78 v fp_adder/adder/adder/_1330_/ZN (NAND2_X1)
     1    1.81                           fp_adder/adder/adder/_0441_ (net)
                  0.01    0.00    0.78 v fp_adder/adder/adder/_1331_/A1 (NAND2_X1)
                  0.01    0.02    0.80 ^ fp_adder/adder/adder/_1331_/ZN (NAND2_X1)
     1    3.23                           fp_adder/adder/adder/_0442_ (net)
                  0.01    0.00    0.80 ^ fp_adder/adder/adder/_1338_/A1 (NAND2_X2)
                  0.01    0.02    0.82 v fp_adder/adder/adder/_1338_/ZN (NAND2_X2)
     3    9.12                           fp_adder/adder/adder/_0449_ (net)
                  0.01    0.00    0.82 v fp_adder/adder/adder/_1339_/B1 (AOI21_X4)
                  0.09    0.10    0.92 ^ fp_adder/adder/adder/_1339_/ZN (AOI21_X4)
    34   64.80                           fp_adder/adder/adder/_0450_ (net)
                  0.09    0.01    0.93 ^ fp_adder/adder/adder/_1788_/A1 (NAND2_X1)
                  0.02    0.03    0.95 v fp_adder/adder/adder/_1788_/ZN (NAND2_X1)
     2    3.25                           fp_adder/adder/adder/_0891_ (net)
                  0.02    0.00    0.95 v fp_adder/adder/adder/_1948_/A (MUX2_X1)
                  0.01    0.07    1.02 v fp_adder/adder/adder/_1948_/Z (MUX2_X1)
     2    2.94                           fp_adder/adder/adder/_1051_ (net)
                  0.01    0.00    1.02 v fp_adder/adder/adder/_1987_/B (MUX2_X1)
                  0.01    0.06    1.09 v fp_adder/adder/adder/_1987_/Z (MUX2_X1)
     2    3.52                           fp_adder/adder/adder/_1090_ (net)
                  0.01    0.00    1.09 v fp_adder/adder/adder/_1988_/A1 (NAND2_X1)
                  0.01    0.02    1.10 ^ fp_adder/adder/adder/_1988_/ZN (NAND2_X1)
     1    1.72                           fp_adder/adder/adder/_1091_ (net)
                  0.01    0.00    1.10 ^ fp_adder/adder/adder/_1991_/A1 (NAND3_X1)
                  0.02    0.02    1.12 v fp_adder/adder/adder/_1991_/ZN (NAND3_X1)
     2    3.46                           fp_adder/adder/adder/_1094_ (net)
                  0.02    0.00    1.12 v fp_adder/adder/adder/_1995_/A1 (NAND2_X1)
                  0.01    0.02    1.14 ^ fp_adder/adder/adder/_1995_/ZN (NAND2_X1)
     1    1.87                           fp_adder/adder/adder/_1098_ (net)
                  0.01    0.00    1.14 ^ fp_adder/adder/adder/_1996_/A1 (NAND2_X1)
                  0.01    0.01    1.16 v fp_adder/adder/adder/_1996_/ZN (NAND2_X1)
     1    1.58                           fp_adder/adder/adder/_1099_ (net)
                  0.01    0.00    1.16 v fp_adder/adder/adder/_1998_/A1 (NAND2_X1)
                  0.02    0.03    1.18 ^ fp_adder/adder/adder/_1998_/ZN (NAND2_X1)
     2    5.87                           fp_adder/adder/adder/_1101_ (net)
                  0.02    0.00    1.18 ^ fp_adder/adder/adder/_2003_/A1 (NOR2_X1)
                  0.01    0.02    1.20 v fp_adder/adder/adder/_2003_/ZN (NOR2_X1)
     3    6.42                           fp_adder/adder/adder/_1106_ (net)
                  0.01    0.00    1.20 v fp_adder/adder/adder/_2004_/A (INV_X2)
                  0.01    0.01    1.21 ^ fp_adder/adder/adder/_2004_/ZN (INV_X2)
     1    1.64                           fp_adder/adder/adder/_1107_ (net)
                  0.01    0.00    1.21 ^ fp_adder/adder/adder/_2006_/A1 (NAND2_X1)
                  0.01    0.02    1.23 v fp_adder/adder/adder/_2006_/ZN (NAND2_X1)
     2    6.31                           fp_adder/adder/adder/_1109_ (net)
                  0.01    0.00    1.23 v fp_adder/adder/adder/_2007_/A2 (NOR2_X1)
                  0.03    0.04    1.27 ^ fp_adder/adder/adder/_2007_/ZN (NOR2_X1)
     2    3.89                           fp_adder/adder/adder/_1110_ (net)
                  0.03    0.00    1.27 ^ fp_adder/adder/adder/_2034_/A1 (NAND2_X1)
                  0.01    0.02    1.29 v fp_adder/adder/adder/_2034_/ZN (NAND2_X1)
     1    1.64                           fp_adder/adder/adder/_0014_ (net)
                  0.01    0.00    1.29 v fp_adder/adder/adder/_2035_/A (INV_X1)
                  0.01    0.02    1.31 ^ fp_adder/adder/adder/_2035_/ZN (INV_X1)
     2    2.85                           fp_adder/adder/adder/_0015_ (net)
                  0.01    0.00    1.31 ^ fp_adder/adder/adder/_2078_/A1 (AND2_X1)
                  0.01    0.03    1.34 ^ fp_adder/adder/adder/_2078_/ZN (AND2_X1)
     1    1.69                           fp_adder/adder/adder/_0059_ (net)
                  0.01    0.00    1.34 ^ fp_adder/adder/adder/_2079_/A2 (NAND2_X1)
                  0.01    0.02    1.35 v fp_adder/adder/adder/_2079_/ZN (NAND2_X1)
     1    3.15                           fp_adder/adder/adder/_0060_ (net)
                  0.01    0.00    1.35 v fp_adder/adder/adder/_2095_/A1 (NAND2_X2)
                  0.02    0.02    1.38 ^ fp_adder/adder/adder/_2095_/ZN (NAND2_X2)
     4   10.41                           fp_adder/adder/adder/_0078_ (net)
                  0.02    0.00    1.38 ^ fp_adder/adder/adder/_2262_/A1 (NAND2_X1)
                  0.01    0.01    1.39 v fp_adder/adder/adder/_2262_/ZN (NAND2_X1)
     1    1.69                           fp_adder/adder/adder/_0241_ (net)
                  0.01    0.00    1.39 v fp_adder/adder/adder/_2263_/A1 (NAND2_X1)
                  0.02    0.03    1.42 ^ fp_adder/adder/adder/_2263_/ZN (NAND2_X1)
     3    7.71                           fp_adder/adder/adder/_0242_ (net)
                  0.02    0.00    1.42 ^ fp_adder/adder/adder/_2268_/A1 (NAND2_X1)
                  0.01    0.02    1.44 v fp_adder/adder/adder/_2268_/ZN (NAND2_X1)
     1    1.58                           fp_adder/adder/adder/_0245_ (net)
                  0.01    0.00    1.44 v fp_adder/adder/adder/_2269_/A1 (NAND2_X1)
                  0.02    0.03    1.46 ^ fp_adder/adder/adder/_2269_/ZN (NAND2_X1)
     2    6.11                           fp_adder/adder/adder/_0246_ (net)
                  0.02    0.00    1.46 ^ fp_adder/adder/adder/_2272_/A1 (NAND2_X1)
                  0.01    0.02    1.48 v fp_adder/adder/adder/_2272_/ZN (NAND2_X1)
     2    3.31                           fp_adder/adder/adder/_0249_ (net)
                  0.01    0.00    1.48 v fp_adder/adder/adder/_2276_/A1 (NAND3_X1)
                  0.02    0.02    1.51 ^ fp_adder/adder/adder/_2276_/ZN (NAND3_X1)
     1    3.65                           fp_adder/adder/adder/_0253_ (net)
                  0.02    0.00    1.51 ^ fp_adder/adder/adder/_2277_/A2 (NAND2_X2)
                  0.01    0.02    1.53 v fp_adder/adder/adder/_2277_/ZN (NAND2_X2)
     4    9.29                           fp_adder/adder/mant_prenorm_d[43] (net)
                  0.01    0.00    1.53 v fp_adder/adder/norm/LOD/_177_/A2 (NOR2_X1)
                  0.02    0.04    1.57 ^ fp_adder/adder/norm/LOD/_177_/ZN (NOR2_X1)
     2    3.55                           fp_adder/adder/norm/LOD/_133_ (net)
                  0.02    0.00    1.57 ^ fp_adder/adder/norm/LOD/_178_/A2 (NAND2_X1)
                  0.02    0.03    1.60 v fp_adder/adder/norm/LOD/_178_/ZN (NAND2_X1)
     2    7.78                           fp_adder/adder/norm/LOD/_134_ (net)
                  0.02    0.00    1.60 v fp_adder/adder/norm/LOD/_179_/A (INV_X4)
                  0.01    0.01    1.61 ^ fp_adder/adder/norm/LOD/_179_/ZN (INV_X4)
     1    3.14                           fp_adder/adder/norm/LOD/_135_ (net)
                  0.01    0.00    1.61 ^ fp_adder/adder/norm/LOD/_187_/A1 (NAND2_X2)
                  0.01    0.02    1.63 v fp_adder/adder/norm/LOD/_187_/ZN (NAND2_X2)
     5    9.42                           fp_adder/adder/norm/LOD/_143_ (net)
                  0.01    0.00    1.63 v fp_adder/adder/norm/LOD/_200_/A1 (NOR2_X2)
                  0.03    0.04    1.67 ^ fp_adder/adder/norm/LOD/_200_/ZN (NOR2_X2)
     5    9.46                           fp_adder/adder/norm/LOD/_008_ (net)
                  0.03    0.00    1.67 ^ fp_adder/adder/norm/LOD/_207_/A1 (NAND2_X1)
                  0.02    0.03    1.70 v fp_adder/adder/norm/LOD/_207_/ZN (NAND2_X1)
     2    4.88                           fp_adder/adder/norm/LOD/_015_ (net)
                  0.02    0.00    1.70 v fp_adder/adder/norm/LOD/_292_/A (INV_X2)
                  0.01    0.02    1.72 ^ fp_adder/adder/norm/LOD/_292_/ZN (INV_X2)
     3    8.63                           fp_adder/adder/norm/Mant_leadingOne_D[4] (net)
                  0.01    0.00    1.72 ^ fp_adder/adder/norm/LOD/_295_/A1 (NAND2_X1)
                  0.01    0.01    1.73 v fp_adder/adder/norm/LOD/_295_/ZN (NAND2_X1)
     1    1.53                           fp_adder/adder/norm/LOD/_099_ (net)
                  0.01    0.00    1.73 v fp_adder/adder/norm/LOD/_296_/A3 (NAND3_X1)
                  0.02    0.03    1.76 ^ fp_adder/adder/norm/LOD/_296_/ZN (NAND3_X1)
     2    4.39                           fp_adder/adder/norm/Mant_leadingOne_D[2] (net)
                  0.02    0.00    1.76 ^ fp_adder/adder/norm/_1150_/A (INV_X1)
                  0.01    0.01    1.77 v fp_adder/adder/norm/_1150_/ZN (INV_X1)
     2    3.42                           fp_adder/adder/norm/_0101_ (net)
                  0.01    0.00    1.77 v fp_adder/adder/norm/_1151_/A1 (NAND2_X1)
                  0.03    0.03    1.80 ^ fp_adder/adder/norm/_1151_/ZN (NAND2_X1)
     3    8.78                           fp_adder/adder/norm/_0112_ (net)
                  0.03    0.00    1.80 ^ fp_adder/adder/norm/_1152_/A2 (NAND2_X1)
                  0.02    0.03    1.83 v fp_adder/adder/norm/_1152_/ZN (NAND2_X1)
     3    7.10                           fp_adder/adder/norm/_0123_ (net)
                  0.02    0.00    1.83 v fp_adder/adder/norm/_1158_/A1 (NOR2_X1)
                  0.02    0.04    1.87 ^ fp_adder/adder/norm/_1158_/ZN (NOR2_X1)
     2    3.55                           fp_adder/adder/norm/_0189_ (net)
                  0.02    0.00    1.87 ^ fp_adder/adder/norm/_1159_/A2 (NAND2_X1)
                  0.01    0.02    1.88 v fp_adder/adder/norm/_1159_/ZN (NAND2_X1)
     1    1.69                           fp_adder/adder/norm/_0200_ (net)
                  0.01    0.00    1.88 v fp_adder/adder/norm/_1163_/A1 (NAND2_X1)
                  0.01    0.01    1.90 ^ fp_adder/adder/norm/_1163_/ZN (NAND2_X1)
     1    1.74                           fp_adder/adder/norm/_0239_ (net)
                  0.01    0.00    1.90 ^ fp_adder/adder/norm/_1186_/A1 (NAND2_X1)
                  0.01    0.01    1.91 v fp_adder/adder/norm/_1186_/ZN (NAND2_X1)
     1    1.72                           fp_adder/adder/norm/_0282_ (net)
                  0.01    0.00    1.91 v fp_adder/adder/norm/_1194_/A1 (NAND2_X1)
                  0.01    0.02    1.93 ^ fp_adder/adder/norm/_1194_/ZN (NAND2_X1)
     1    3.18                           fp_adder/adder/norm/_0290_ (net)
                  0.01    0.00    1.93 ^ fp_adder/adder/norm/_1198_/A1 (NAND2_X2)
                  0.01    0.02    1.95 v fp_adder/adder/norm/_1198_/ZN (NAND2_X2)
     4   11.26                           fp_adder/adder/norm/_0294_ (net)
                  0.01    0.00    1.95 v fp_adder/adder/norm/_1211_/A1 (NAND2_X4)
                  0.03    0.04    1.99 ^ fp_adder/adder/norm/_1211_/ZN (NAND2_X4)
    13   49.04                           fp_adder/adder/norm/_0307_ (net)
                  0.03    0.00    1.99 ^ fp_adder/adder/norm/_1215_/A1 (NAND2_X1)
                  0.02    0.03    2.02 v fp_adder/adder/norm/_1215_/ZN (NAND2_X1)
     1    5.88                           fp_adder/adder/norm/_0311_ (net)
                  0.02    0.00    2.02 v fp_adder/adder/norm/_1217_/A1 (NAND2_X4)
                  0.07    0.08    2.10 ^ fp_adder/adder/norm/_1217_/ZN (NAND2_X4)
    52  129.27                           fp_adder/adder/norm/_0313_ (net)
                  0.07    0.01    2.11 ^ fp_adder/adder/norm/_1221_/A2 (NAND3_X2)
                  0.02    0.04    2.15 v fp_adder/adder/norm/_1221_/ZN (NAND3_X2)
     3    8.11                           fp_adder/adder/norm/_0317_ (net)
                  0.02    0.00    2.15 v fp_adder/adder/norm/_1236_/A1 (NAND3_X1)
                  0.02    0.03    2.19 ^ fp_adder/adder/norm/_1236_/ZN (NAND3_X1)
     2    5.39                           fp_adder/adder/norm/_0332_ (net)
                  0.02    0.00    2.19 ^ fp_adder/adder/norm/_1238_/A1 (NAND2_X1)
                  0.01    0.03    2.21 v fp_adder/adder/norm/_1238_/ZN (NAND2_X1)
     1    6.05                           fp_adder/adder/norm/_0334_ (net)
                  0.01    0.00    2.21 v fp_adder/adder/norm/_1240_/A1 (NAND2_X4)
                  0.08    0.10    2.31 ^ fp_adder/adder/norm/_1240_/ZN (NAND2_X4)
    75  150.21                           fp_adder/adder/norm/_0336_ (net)
                  0.08    0.01    2.32 ^ fp_adder/adder/norm/_1269_/A1 (AND2_X4)
                  0.04    0.08    2.39 ^ fp_adder/adder/norm/_1269_/ZN (AND2_X4)
    26   60.22                           fp_adder/adder/norm/_0365_ (net)
                  0.04    0.00    2.40 ^ fp_adder/adder/norm/_1615_/A1 (NAND2_X1)
                  0.02    0.03    2.43 v fp_adder/adder/norm/_1615_/ZN (NAND2_X1)
     4    6.39                           fp_adder/adder/norm/_0711_ (net)
                  0.02    0.00    2.43 v fp_adder/adder/norm/_1739_/A2 (NAND3_X1)
                  0.02    0.03    2.45 ^ fp_adder/adder/norm/_1739_/ZN (NAND3_X1)
     2    3.50                           fp_adder/adder/norm/_0835_ (net)
                  0.02    0.00    2.45 ^ fp_adder/adder/norm/_1740_/A2 (NAND2_X1)
                  0.02    0.03    2.48 v fp_adder/adder/norm/_1740_/ZN (NAND2_X1)
     3    6.50                           fp_adder/adder/norm/_0836_ (net)
                  0.02    0.00    2.48 v fp_adder/adder/norm/_1741_/A1 (NAND2_X1)
                  0.01    0.02    2.50 ^ fp_adder/adder/norm/_1741_/ZN (NAND2_X1)
     1    1.87                           fp_adder/adder/norm/_0837_ (net)
                  0.01    0.00    2.50 ^ fp_adder/adder/norm/_1742_/A2 (NAND2_X1)
                  0.01    0.01    2.51 v fp_adder/adder/norm/_1742_/ZN (NAND2_X1)
     1    1.89                           fp_adder/adder/norm/_0838_ (net)
                  0.01    0.00    2.51 v fp_adder/adder/norm/_1743_/A1 (NAND2_X1)
                  0.01    0.02    2.53 ^ fp_adder/adder/norm/_1743_/ZN (NAND2_X1)
     1    3.01                           fp_adder/adder/norm/_0839_ (net)
                  0.01    0.00    2.53 ^ fp_adder/adder/norm/_1744_/A2 (NAND2_X1)
                  0.01    0.01    2.54 v fp_adder/adder/norm/_1744_/ZN (NAND2_X1)
     1    1.47                           fp_adder/adder/norm/_0840_ (net)
                  0.01    0.00    2.54 v fp_adder/adder/norm/_1756_/A1 (NOR2_X1)
                  0.04    0.05    2.60 ^ fp_adder/adder/norm/_1756_/ZN (NOR2_X1)
     2    7.79                           fp_adder/adder/norm/_0852_ (net)
                  0.04    0.00    2.60 ^ fp_adder/adder/norm/_1784_/A1 (NAND2_X1)
                  0.01    0.02    2.62 v fp_adder/adder/norm/_1784_/ZN (NAND2_X1)
     1    1.53                           fp_adder/adder/norm/_0880_ (net)
                  0.01    0.00    2.62 v fp_adder/adder/norm/_1843_/A1 (NOR2_X1)
                  0.02    0.03    2.65 ^ fp_adder/adder/norm/_1843_/ZN (NOR2_X1)
     2    3.56                           fp_adder/adder/norm/_0939_ (net)
                  0.02    0.00    2.65 ^ fp_adder/adder/norm/_1844_/A3 (NAND3_X1)
                  0.02    0.03    2.68 v fp_adder/adder/norm/_1844_/ZN (NAND3_X1)
     2    4.47                           fp_adder/adder/norm/_0940_ (net)
                  0.02    0.00    2.68 v fp_adder/adder/norm/_1992_/A1 (NOR2_X2)
                  0.04    0.06    2.74 ^ fp_adder/adder/norm/_1992_/ZN (NOR2_X2)
     6   14.68                           fp_adder/adder/norm/_1088_ (net)
                  0.04    0.00    2.74 ^ fp_adder/adder/norm/_2078_/A1 (NAND4_X1)
                  0.02    0.03    2.77 v fp_adder/adder/norm/_2078_/ZN (NAND4_X1)
     1    1.94                           fp_adder/adder/norm/_0039_ (net)
                  0.02    0.00    2.77 v fp_adder/adder/norm/_2079_/A1 (NAND2_X1)
                  0.02    0.04    2.81 ^ fp_adder/adder/norm/_2079_/ZN (NAND2_X1)
     3    8.61                           fp_adder/adder/norm/_0040_ (net)
                  0.02    0.00    2.81 ^ fp_adder/adder/norm/_2089_/A1 (NAND2_X1)
                  0.01    0.02    2.83 v fp_adder/adder/norm/_2089_/ZN (NAND2_X1)
     1    1.60                           fp_adder/adder/norm/_0049_ (net)
                  0.01    0.00    2.83 v fp_adder/adder/norm/_2093_/A1 (NAND2_X1)
                  0.02    0.03    2.86 ^ fp_adder/adder/norm/_2093_/ZN (NAND2_X1)
     3    8.02                           fp_adder/adder/norm/_0054_ (net)
                  0.02    0.00    2.86 ^ fp_adder/adder/norm/_2104_/A1 (NAND2_X1)
                  0.01    0.02    2.87 v fp_adder/adder/norm/_2104_/ZN (NAND2_X1)
     1    1.60                           fp_adder/adder/norm/_0064_ (net)
                  0.01    0.00    2.87 v fp_adder/adder/norm/_2106_/A1 (NAND2_X1)
                  0.02    0.02    2.90 ^ fp_adder/adder/norm/_2106_/ZN (NAND2_X1)
     2    5.91                           fp_adder/adder/norm/_0066_ (net)
                  0.02    0.00    2.90 ^ fp_adder/adder/norm/_2112_/A1 (NAND2_X1)
                  0.01    0.02    2.92 v fp_adder/adder/norm/_2112_/ZN (NAND2_X1)
     2    3.35                           fp_adder/adder/norm/_0072_ (net)
                  0.01    0.00    2.92 v fp_adder/adder/norm/_2113_/A1 (NAND2_X1)
                  0.01    0.02    2.93 ^ fp_adder/adder/norm/_2113_/ZN (NAND2_X1)
     1    1.67                           fp_adder/adder/norm/_0073_ (net)
                  0.01    0.00    2.93 ^ fp_adder/adder/norm/_2116_/A1 (NAND2_X1)
                  0.01    0.01    2.94 v fp_adder/adder/norm/_2116_/ZN (NAND2_X1)
     1    1.72                           fp_adder/adder/norm/_0076_ (net)
                  0.01    0.00    2.94 v fp_adder/adder/norm/_2119_/A1 (NAND2_X1)
                  0.02    0.02    2.97 ^ fp_adder/adder/norm/_2119_/ZN (NAND2_X1)
     2    6.31                           result_int_d[30] (net)
                  0.02    0.00    2.97 ^ _499_/A4 (NAND4_X1)
                  0.03    0.03    3.00 v _499_/ZN (NAND4_X1)
     1    1.82                           _178_ (net)
                  0.03    0.00    3.00 v _500_/A2 (NAND2_X1)
                  0.01    0.02    3.03 ^ _500_/ZN (NAND2_X1)
     1    1.26                           _030_ (net)
                  0.01    0.00    3.03 ^ _539_/D (DFFR_X1)
                                  3.03   data arrival time

                  0.00    3.00    3.00   clock clk_i (rise edge)
                          0.00    3.00   clock network delay (ideal)
                          0.00    3.00   clock reconvergence pessimism
                                  3.00 ^ _539_/CK (DFFR_X1)
                         -0.03    2.97   library setup time
                                  2.97   data required time
-----------------------------------------------------------------------------
                                  2.97   data required time
                                 -3.03   data arrival time
-----------------------------------------------------------------------------
                                 -0.06   slack (VIOLATED)



==========================================================================
detailed place report_checks -unconstrained
--------------------------------------------------------------------------
Startpoint: rst_ni (input port clocked by clk_i)
Endpoint: _547_ (recovery check against rising-edge clock clk_i)
Path Group: **async_default**
Path Type: max

Fanout     Cap    Slew   Delay    Time   Description
-----------------------------------------------------------------------------
                  0.00    0.00    0.00   clock clk_i (rise edge)
                          0.00    0.00   clock network delay (ideal)
                          0.30    0.30 ^ input external delay
                  0.00    0.00    0.30 ^ rst_ni (in)
     1   27.05                           rst_ni (net)
                  0.00    0.00    0.30 ^ input11/A (BUF_X32)
                  0.01    0.02    0.32 ^ input11/Z (BUF_X32)
   102  243.38                           net11 (net)
                  0.03    0.02    0.35 ^ _547_/RN (DFFR_X1)
                                  0.35   data arrival time

                  0.00    3.00    3.00   clock clk_i (rise edge)
                          0.00    3.00   clock network delay (ideal)
                          0.00    3.00   clock reconvergence pessimism
                                  3.00 ^ _547_/CK (DFFR_X1)
                          0.05    3.05   library recovery time
                                  3.05   data required time
-----------------------------------------------------------------------------
                                  3.05   data required time
                                 -0.35   data arrival time
-----------------------------------------------------------------------------
                                  2.70   slack (MET)


Startpoint: lut/gen_sub_units_scm[1].sub_unit_i/_2841_
            (negative level-sensitive latch clocked by clk_i)
Endpoint: lut/gen_sub_units_scm[1].sub_unit_i/_2399_
          (rising clock gating-check end-point clocked by clk_i)
Path Group: **clock_gating_default**
Path Type: max

Fanout     Cap    Slew   Delay    Time   Description
-----------------------------------------------------------------------------
                  0.00    1.50    1.50   clock clk_i (fall edge)
                          0.00    1.50   clock network delay (ideal)
                  0.00    0.00    1.50 v lut/gen_sub_units_scm[1].sub_unit_i/_2841_/GN (DLL_X1)
                  0.01    0.07    1.57 v lut/gen_sub_units_scm[1].sub_unit_i/_2841_/Q (DLL_X1)
     1    2.86                           lut/gen_sub_units_scm[1].sub_unit_i/gen_cg_word_iter[3].cg_i.en_latch (net)
                  0.01    0.00    1.57 v lut/gen_sub_units_scm[1].sub_unit_i/_2399_/A2 (AND2_X1)
                                  1.57   data arrival time

                  0.00    3.00    3.00   clock clk_i (rise edge)
                          0.00    3.00   clock network delay (ideal)
                          0.00    3.00   clock reconvergence pessimism
                                  3.00 ^ lut/gen_sub_units_scm[1].sub_unit_i/_2399_/A1 (AND2_X1)
                          0.00    3.00   clock gating setup time
                                  3.00   data required time
-----------------------------------------------------------------------------
                                  3.00   data required time
                                 -1.57   data arrival time
-----------------------------------------------------------------------------
                                  1.43   slack (MET)


Startpoint: _547_ (rising edge-triggered flip-flop clocked by clk_i)
Endpoint: _539_ (rising edge-triggered flip-flop clocked by clk_i)
Path Group: clk_i
Path Type: max

Fanout     Cap    Slew   Delay    Time   Description
-----------------------------------------------------------------------------
                  0.00    0.00    0.00   clock clk_i (rise edge)
                          0.00    0.00   clock network delay (ideal)
                  0.00    0.00    0.00 ^ _547_/CK (DFFR_X1)
                  0.01    0.10    0.10 v _547_/Q (DFFR_X1)
     3    8.81                           rdata_o_q[6] (net)
                  0.01    0.00    0.10 v fp_adder/converter/_174_/A2 (NOR2_X2)
                  0.03    0.04    0.14 ^ fp_adder/converter/_174_/ZN (NOR2_X2)
     2    8.83                           fp_adder/converter/_107_ (net)
                  0.03    0.00    0.14 ^ fp_adder/converter/_175_/A2 (NAND2_X1)
                  0.02    0.03    0.17 v fp_adder/converter/_175_/ZN (NAND2_X1)
     2    6.34                           fp_adder/converter/_108_ (net)
                  0.02    0.00    0.17 v fp_adder/converter/_193_/A2 (NOR2_X2)
                  0.03    0.05    0.22 ^ fp_adder/converter/_193_/ZN (NOR2_X2)
     3   12.20                           fp_adder/converter/_126_ (net)
                  0.03    0.00    0.22 ^ fp_adder/converter/_196_/A1 (NAND2_X4)
                  0.02    0.03    0.26 v fp_adder/converter/_196_/ZN (NAND2_X4)
    13   29.78                           fp_adder/converter/_129_ (net)
                  0.02    0.00    0.26 v fp_adder/converter/_199_/A2 (NAND2_X4)
                  0.02    0.04    0.29 ^ fp_adder/converter/_199_/ZN (NAND2_X4)
    14   29.18                           fp_adder/converter/_132_ (net)
                  0.02    0.00    0.29 ^ fp_adder/converter/_233_/A1 (NAND2_X2)
                  0.01    0.03    0.32 v fp_adder/converter/_233_/ZN (NAND2_X2)
     4   10.71                           fp_adder/converter/_006_ (net)
                  0.01    0.00    0.32 v fp_adder/converter/_326_/B1 (AOI21_X1)
                  0.02    0.03    0.35 ^ fp_adder/converter/_326_/ZN (AOI21_X1)
     1    1.73                           fp_adder/converter/_089_ (net)
                  0.02    0.00    0.35 ^ fp_adder/converter/_327_/A (OAI21_X1)
                  0.01    0.02    0.37 v fp_adder/converter/_327_/ZN (OAI21_X1)
     1    2.01                           fp_adder/converter/_090_ (net)
                  0.01    0.00    0.37 v fp_adder/converter/_328_/A1 (NAND2_X1)
                  0.02    0.03    0.40 ^ fp_adder/converter/_328_/ZN (NAND2_X1)
     3    7.17                           fp_adder/operand_fp16_fp32[25] (net)
                  0.02    0.00    0.40 ^ fp_adder/adder/adder/_1257_/A (INV_X1)
                  0.01    0.02    0.41 v fp_adder/adder/adder/_1257_/ZN (INV_X1)
     2    4.56                           fp_adder/adder/adder/_0369_ (net)
                  0.01    0.00    0.41 v fp_adder/adder/adder/_1258_/A1 (NAND2_X1)
                  0.02    0.02    0.44 ^ fp_adder/adder/adder/_1258_/ZN (NAND2_X1)
     3    5.75                           fp_adder/adder/adder/_0370_ (net)
                  0.02    0.00    0.44 ^ fp_adder/adder/adder/_1261_/A1 (NAND2_X1)
                  0.01    0.02    0.46 v fp_adder/adder/adder/_1261_/ZN (NAND2_X1)
     2    3.31                           fp_adder/adder/adder/_0373_ (net)
                  0.01    0.00    0.46 v fp_adder/adder/adder/_1262_/A2 (NOR2_X1)
                  0.02    0.04    0.50 ^ fp_adder/adder/adder/_1262_/ZN (NOR2_X1)
     2    3.72                           fp_adder/adder/adder/_0374_ (net)
                  0.02    0.00    0.50 ^ fp_adder/adder/adder/_1263_/A2 (NAND2_X1)
                  0.02    0.02    0.52 v fp_adder/adder/adder/_1263_/ZN (NAND2_X1)
     2    4.01                           fp_adder/adder/adder/_0375_ (net)
                  0.02    0.00    0.52 v fp_adder/adder/adder/_1267_/A1 (NAND2_X1)
                  0.02    0.03    0.55 ^ fp_adder/adder/adder/_1267_/ZN (NAND2_X1)
     3    7.83                           fp_adder/adder/adder/_0379_ (net)
                  0.02    0.00    0.55 ^ fp_adder/adder/adder/_1300_/A1 (NAND2_X2)
                  0.02    0.03    0.58 v fp_adder/adder/adder/_1300_/ZN (NAND2_X2)
     4   12.78                           fp_adder/adder/adder/_0411_ (net)
                  0.02    0.00    0.58 v fp_adder/adder/adder/_1307_/A1 (NAND2_X4)
                  0.12    0.13    0.71 ^ fp_adder/adder/adder/_1307_/ZN (NAND2_X4)
    91  205.97                           fp_adder/adder/adder/_0418_ (net)
                  0.12    0.00    0.71 ^ fp_adder/adder/adder/_1324_/A (INV_X8)
                  0.03    0.03    0.75 v fp_adder/adder/adder/_1324_/ZN (INV_X8)
    35   73.24                           fp_adder/adder/adder/_0435_ (net)
                  0.03    0.00    0.75 v fp_adder/adder/adder/_1329_/A1 (NAND2_X1)
                  0.01    0.02    0.77 ^ fp_adder/adder/adder/_1329_/ZN (NAND2_X1)
     1    1.77                           fp_adder/adder/adder/_0440_ (net)
                  0.01    0.00    0.77 ^ fp_adder/adder/adder/_1330_/A2 (NAND2_X1)
                  0.01    0.01    0.78 v fp_adder/adder/adder/_1330_/ZN (NAND2_X1)
     1    1.81                           fp_adder/adder/adder/_0441_ (net)
                  0.01    0.00    0.78 v fp_adder/adder/adder/_1331_/A1 (NAND2_X1)
                  0.01    0.02    0.80 ^ fp_adder/adder/adder/_1331_/ZN (NAND2_X1)
     1    3.23                           fp_adder/adder/adder/_0442_ (net)
                  0.01    0.00    0.80 ^ fp_adder/adder/adder/_1338_/A1 (NAND2_X2)
                  0.01    0.02    0.82 v fp_adder/adder/adder/_1338_/ZN (NAND2_X2)
     3    9.12                           fp_adder/adder/adder/_0449_ (net)
                  0.01    0.00    0.82 v fp_adder/adder/adder/_1339_/B1 (AOI21_X4)
                  0.09    0.10    0.92 ^ fp_adder/adder/adder/_1339_/ZN (AOI21_X4)
    34   64.80                           fp_adder/adder/adder/_0450_ (net)
                  0.09    0.01    0.93 ^ fp_adder/adder/adder/_1788_/A1 (NAND2_X1)
                  0.02    0.03    0.95 v fp_adder/adder/adder/_1788_/ZN (NAND2_X1)
     2    3.25                           fp_adder/adder/adder/_0891_ (net)
                  0.02    0.00    0.95 v fp_adder/adder/adder/_1948_/A (MUX2_X1)
                  0.01    0.07    1.02 v fp_adder/adder/adder/_1948_/Z (MUX2_X1)
     2    2.94                           fp_adder/adder/adder/_1051_ (net)
                  0.01    0.00    1.02 v fp_adder/adder/adder/_1987_/B (MUX2_X1)
                  0.01    0.06    1.09 v fp_adder/adder/adder/_1987_/Z (MUX2_X1)
     2    3.52                           fp_adder/adder/adder/_1090_ (net)
                  0.01    0.00    1.09 v fp_adder/adder/adder/_1988_/A1 (NAND2_X1)
                  0.01    0.02    1.10 ^ fp_adder/adder/adder/_1988_/ZN (NAND2_X1)
     1    1.72                           fp_adder/adder/adder/_1091_ (net)
                  0.01    0.00    1.10 ^ fp_adder/adder/adder/_1991_/A1 (NAND3_X1)
                  0.02    0.02    1.12 v fp_adder/adder/adder/_1991_/ZN (NAND3_X1)
     2    3.46                           fp_adder/adder/adder/_1094_ (net)
                  0.02    0.00    1.12 v fp_adder/adder/adder/_1995_/A1 (NAND2_X1)
                  0.01    0.02    1.14 ^ fp_adder/adder/adder/_1995_/ZN (NAND2_X1)
     1    1.87                           fp_adder/adder/adder/_1098_ (net)
                  0.01    0.00    1.14 ^ fp_adder/adder/adder/_1996_/A1 (NAND2_X1)
                  0.01    0.01    1.16 v fp_adder/adder/adder/_1996_/ZN (NAND2_X1)
     1    1.58                           fp_adder/adder/adder/_1099_ (net)
                  0.01    0.00    1.16 v fp_adder/adder/adder/_1998_/A1 (NAND2_X1)
                  0.02    0.03    1.18 ^ fp_adder/adder/adder/_1998_/ZN (NAND2_X1)
     2    5.87                           fp_adder/adder/adder/_1101_ (net)
                  0.02    0.00    1.18 ^ fp_adder/adder/adder/_2003_/A1 (NOR2_X1)
                  0.01    0.02    1.20 v fp_adder/adder/adder/_2003_/ZN (NOR2_X1)
     3    6.42                           fp_adder/adder/adder/_1106_ (net)
                  0.01    0.00    1.20 v fp_adder/adder/adder/_2004_/A (INV_X2)
                  0.01    0.01    1.21 ^ fp_adder/adder/adder/_2004_/ZN (INV_X2)
     1    1.64                           fp_adder/adder/adder/_1107_ (net)
                  0.01    0.00    1.21 ^ fp_adder/adder/adder/_2006_/A1 (NAND2_X1)
                  0.01    0.02    1.23 v fp_adder/adder/adder/_2006_/ZN (NAND2_X1)
     2    6.31                           fp_adder/adder/adder/_1109_ (net)
                  0.01    0.00    1.23 v fp_adder/adder/adder/_2007_/A2 (NOR2_X1)
                  0.03    0.04    1.27 ^ fp_adder/adder/adder/_2007_/ZN (NOR2_X1)
     2    3.89                           fp_adder/adder/adder/_1110_ (net)
                  0.03    0.00    1.27 ^ fp_adder/adder/adder/_2034_/A1 (NAND2_X1)
                  0.01    0.02    1.29 v fp_adder/adder/adder/_2034_/ZN (NAND2_X1)
     1    1.64                           fp_adder/adder/adder/_0014_ (net)
                  0.01    0.00    1.29 v fp_adder/adder/adder/_2035_/A (INV_X1)
                  0.01    0.02    1.31 ^ fp_adder/adder/adder/_2035_/ZN (INV_X1)
     2    2.85                           fp_adder/adder/adder/_0015_ (net)
                  0.01    0.00    1.31 ^ fp_adder/adder/adder/_2078_/A1 (AND2_X1)
                  0.01    0.03    1.34 ^ fp_adder/adder/adder/_2078_/ZN (AND2_X1)
     1    1.69                           fp_adder/adder/adder/_0059_ (net)
                  0.01    0.00    1.34 ^ fp_adder/adder/adder/_2079_/A2 (NAND2_X1)
                  0.01    0.02    1.35 v fp_adder/adder/adder/_2079_/ZN (NAND2_X1)
     1    3.15                           fp_adder/adder/adder/_0060_ (net)
                  0.01    0.00    1.35 v fp_adder/adder/adder/_2095_/A1 (NAND2_X2)
                  0.02    0.02    1.38 ^ fp_adder/adder/adder/_2095_/ZN (NAND2_X2)
     4   10.41                           fp_adder/adder/adder/_0078_ (net)
                  0.02    0.00    1.38 ^ fp_adder/adder/adder/_2262_/A1 (NAND2_X1)
                  0.01    0.01    1.39 v fp_adder/adder/adder/_2262_/ZN (NAND2_X1)
     1    1.69                           fp_adder/adder/adder/_0241_ (net)
                  0.01    0.00    1.39 v fp_adder/adder/adder/_2263_/A1 (NAND2_X1)
                  0.02    0.03    1.42 ^ fp_adder/adder/adder/_2263_/ZN (NAND2_X1)
     3    7.71                           fp_adder/adder/adder/_0242_ (net)
                  0.02    0.00    1.42 ^ fp_adder/adder/adder/_2268_/A1 (NAND2_X1)
                  0.01    0.02    1.44 v fp_adder/adder/adder/_2268_/ZN (NAND2_X1)
     1    1.58                           fp_adder/adder/adder/_0245_ (net)
                  0.01    0.00    1.44 v fp_adder/adder/adder/_2269_/A1 (NAND2_X1)
                  0.02    0.03    1.46 ^ fp_adder/adder/adder/_2269_/ZN (NAND2_X1)
     2    6.11                           fp_adder/adder/adder/_0246_ (net)
                  0.02    0.00    1.46 ^ fp_adder/adder/adder/_2272_/A1 (NAND2_X1)
                  0.01    0.02    1.48 v fp_adder/adder/adder/_2272_/ZN (NAND2_X1)
     2    3.31                           fp_adder/adder/adder/_0249_ (net)
                  0.01    0.00    1.48 v fp_adder/adder/adder/_2276_/A1 (NAND3_X1)
                  0.02    0.02    1.51 ^ fp_adder/adder/adder/_2276_/ZN (NAND3_X1)
     1    3.65                           fp_adder/adder/adder/_0253_ (net)
                  0.02    0.00    1.51 ^ fp_adder/adder/adder/_2277_/A2 (NAND2_X2)
                  0.01    0.02    1.53 v fp_adder/adder/adder/_2277_/ZN (NAND2_X2)
     4    9.29                           fp_adder/adder/mant_prenorm_d[43] (net)
                  0.01    0.00    1.53 v fp_adder/adder/norm/LOD/_177_/A2 (NOR2_X1)
                  0.02    0.04    1.57 ^ fp_adder/adder/norm/LOD/_177_/ZN (NOR2_X1)
     2    3.55                           fp_adder/adder/norm/LOD/_133_ (net)
                  0.02    0.00    1.57 ^ fp_adder/adder/norm/LOD/_178_/A2 (NAND2_X1)
                  0.02    0.03    1.60 v fp_adder/adder/norm/LOD/_178_/ZN (NAND2_X1)
     2    7.78                           fp_adder/adder/norm/LOD/_134_ (net)
                  0.02    0.00    1.60 v fp_adder/adder/norm/LOD/_179_/A (INV_X4)
                  0.01    0.01    1.61 ^ fp_adder/adder/norm/LOD/_179_/ZN (INV_X4)
     1    3.14                           fp_adder/adder/norm/LOD/_135_ (net)
                  0.01    0.00    1.61 ^ fp_adder/adder/norm/LOD/_187_/A1 (NAND2_X2)
                  0.01    0.02    1.63 v fp_adder/adder/norm/LOD/_187_/ZN (NAND2_X2)
     5    9.42                           fp_adder/adder/norm/LOD/_143_ (net)
                  0.01    0.00    1.63 v fp_adder/adder/norm/LOD/_200_/A1 (NOR2_X2)
                  0.03    0.04    1.67 ^ fp_adder/adder/norm/LOD/_200_/ZN (NOR2_X2)
     5    9.46                           fp_adder/adder/norm/LOD/_008_ (net)
                  0.03    0.00    1.67 ^ fp_adder/adder/norm/LOD/_207_/A1 (NAND2_X1)
                  0.02    0.03    1.70 v fp_adder/adder/norm/LOD/_207_/ZN (NAND2_X1)
     2    4.88                           fp_adder/adder/norm/LOD/_015_ (net)
                  0.02    0.00    1.70 v fp_adder/adder/norm/LOD/_292_/A (INV_X2)
                  0.01    0.02    1.72 ^ fp_adder/adder/norm/LOD/_292_/ZN (INV_X2)
     3    8.63                           fp_adder/adder/norm/Mant_leadingOne_D[4] (net)
                  0.01    0.00    1.72 ^ fp_adder/adder/norm/LOD/_295_/A1 (NAND2_X1)
                  0.01    0.01    1.73 v fp_adder/adder/norm/LOD/_295_/ZN (NAND2_X1)
     1    1.53                           fp_adder/adder/norm/LOD/_099_ (net)
                  0.01    0.00    1.73 v fp_adder/adder/norm/LOD/_296_/A3 (NAND3_X1)
                  0.02    0.03    1.76 ^ fp_adder/adder/norm/LOD/_296_/ZN (NAND3_X1)
     2    4.39                           fp_adder/adder/norm/Mant_leadingOne_D[2] (net)
                  0.02    0.00    1.76 ^ fp_adder/adder/norm/_1150_/A (INV_X1)
                  0.01    0.01    1.77 v fp_adder/adder/norm/_1150_/ZN (INV_X1)
     2    3.42                           fp_adder/adder/norm/_0101_ (net)
                  0.01    0.00    1.77 v fp_adder/adder/norm/_1151_/A1 (NAND2_X1)
                  0.03    0.03    1.80 ^ fp_adder/adder/norm/_1151_/ZN (NAND2_X1)
     3    8.78                           fp_adder/adder/norm/_0112_ (net)
                  0.03    0.00    1.80 ^ fp_adder/adder/norm/_1152_/A2 (NAND2_X1)
                  0.02    0.03    1.83 v fp_adder/adder/norm/_1152_/ZN (NAND2_X1)
     3    7.10                           fp_adder/adder/norm/_0123_ (net)
                  0.02    0.00    1.83 v fp_adder/adder/norm/_1158_/A1 (NOR2_X1)
                  0.02    0.04    1.87 ^ fp_adder/adder/norm/_1158_/ZN (NOR2_X1)
     2    3.55                           fp_adder/adder/norm/_0189_ (net)
                  0.02    0.00    1.87 ^ fp_adder/adder/norm/_1159_/A2 (NAND2_X1)
                  0.01    0.02    1.88 v fp_adder/adder/norm/_1159_/ZN (NAND2_X1)
     1    1.69                           fp_adder/adder/norm/_0200_ (net)
                  0.01    0.00    1.88 v fp_adder/adder/norm/_1163_/A1 (NAND2_X1)
                  0.01    0.01    1.90 ^ fp_adder/adder/norm/_1163_/ZN (NAND2_X1)
     1    1.74                           fp_adder/adder/norm/_0239_ (net)
                  0.01    0.00    1.90 ^ fp_adder/adder/norm/_1186_/A1 (NAND2_X1)
                  0.01    0.01    1.91 v fp_adder/adder/norm/_1186_/ZN (NAND2_X1)
     1    1.72                           fp_adder/adder/norm/_0282_ (net)
                  0.01    0.00    1.91 v fp_adder/adder/norm/_1194_/A1 (NAND2_X1)
                  0.01    0.02    1.93 ^ fp_adder/adder/norm/_1194_/ZN (NAND2_X1)
     1    3.18                           fp_adder/adder/norm/_0290_ (net)
                  0.01    0.00    1.93 ^ fp_adder/adder/norm/_1198_/A1 (NAND2_X2)
                  0.01    0.02    1.95 v fp_adder/adder/norm/_1198_/ZN (NAND2_X2)
     4   11.26                           fp_adder/adder/norm/_0294_ (net)
                  0.01    0.00    1.95 v fp_adder/adder/norm/_1211_/A1 (NAND2_X4)
                  0.03    0.04    1.99 ^ fp_adder/adder/norm/_1211_/ZN (NAND2_X4)
    13   49.04                           fp_adder/adder/norm/_0307_ (net)
                  0.03    0.00    1.99 ^ fp_adder/adder/norm/_1215_/A1 (NAND2_X1)
                  0.02    0.03    2.02 v fp_adder/adder/norm/_1215_/ZN (NAND2_X1)
     1    5.88                           fp_adder/adder/norm/_0311_ (net)
                  0.02    0.00    2.02 v fp_adder/adder/norm/_1217_/A1 (NAND2_X4)
                  0.07    0.08    2.10 ^ fp_adder/adder/norm/_1217_/ZN (NAND2_X4)
    52  129.27                           fp_adder/adder/norm/_0313_ (net)
                  0.07    0.01    2.11 ^ fp_adder/adder/norm/_1221_/A2 (NAND3_X2)
                  0.02    0.04    2.15 v fp_adder/adder/norm/_1221_/ZN (NAND3_X2)
     3    8.11                           fp_adder/adder/norm/_0317_ (net)
                  0.02    0.00    2.15 v fp_adder/adder/norm/_1236_/A1 (NAND3_X1)
                  0.02    0.03    2.19 ^ fp_adder/adder/norm/_1236_/ZN (NAND3_X1)
     2    5.39                           fp_adder/adder/norm/_0332_ (net)
                  0.02    0.00    2.19 ^ fp_adder/adder/norm/_1238_/A1 (NAND2_X1)
                  0.01    0.03    2.21 v fp_adder/adder/norm/_1238_/ZN (NAND2_X1)
     1    6.05                           fp_adder/adder/norm/_0334_ (net)
                  0.01    0.00    2.21 v fp_adder/adder/norm/_1240_/A1 (NAND2_X4)
                  0.08    0.10    2.31 ^ fp_adder/adder/norm/_1240_/ZN (NAND2_X4)
    75  150.21                           fp_adder/adder/norm/_0336_ (net)
                  0.08    0.01    2.32 ^ fp_adder/adder/norm/_1269_/A1 (AND2_X4)
                  0.04    0.08    2.39 ^ fp_adder/adder/norm/_1269_/ZN (AND2_X4)
    26   60.22                           fp_adder/adder/norm/_0365_ (net)
                  0.04    0.00    2.40 ^ fp_adder/adder/norm/_1615_/A1 (NAND2_X1)
                  0.02    0.03    2.43 v fp_adder/adder/norm/_1615_/ZN (NAND2_X1)
     4    6.39                           fp_adder/adder/norm/_0711_ (net)
                  0.02    0.00    2.43 v fp_adder/adder/norm/_1739_/A2 (NAND3_X1)
                  0.02    0.03    2.45 ^ fp_adder/adder/norm/_1739_/ZN (NAND3_X1)
     2    3.50                           fp_adder/adder/norm/_0835_ (net)
                  0.02    0.00    2.45 ^ fp_adder/adder/norm/_1740_/A2 (NAND2_X1)
                  0.02    0.03    2.48 v fp_adder/adder/norm/_1740_/ZN (NAND2_X1)
     3    6.50                           fp_adder/adder/norm/_0836_ (net)
                  0.02    0.00    2.48 v fp_adder/adder/norm/_1741_/A1 (NAND2_X1)
                  0.01    0.02    2.50 ^ fp_adder/adder/norm/_1741_/ZN (NAND2_X1)
     1    1.87                           fp_adder/adder/norm/_0837_ (net)
                  0.01    0.00    2.50 ^ fp_adder/adder/norm/_1742_/A2 (NAND2_X1)
                  0.01    0.01    2.51 v fp_adder/adder/norm/_1742_/ZN (NAND2_X1)
     1    1.89                           fp_adder/adder/norm/_0838_ (net)
                  0.01    0.00    2.51 v fp_adder/adder/norm/_1743_/A1 (NAND2_X1)
                  0.01    0.02    2.53 ^ fp_adder/adder/norm/_1743_/ZN (NAND2_X1)
     1    3.01                           fp_adder/adder/norm/_0839_ (net)
                  0.01    0.00    2.53 ^ fp_adder/adder/norm/_1744_/A2 (NAND2_X1)
                  0.01    0.01    2.54 v fp_adder/adder/norm/_1744_/ZN (NAND2_X1)
     1    1.47                           fp_adder/adder/norm/_0840_ (net)
                  0.01    0.00    2.54 v fp_adder/adder/norm/_1756_/A1 (NOR2_X1)
                  0.04    0.05    2.60 ^ fp_adder/adder/norm/_1756_/ZN (NOR2_X1)
     2    7.79                           fp_adder/adder/norm/_0852_ (net)
                  0.04    0.00    2.60 ^ fp_adder/adder/norm/_1784_/A1 (NAND2_X1)
                  0.01    0.02    2.62 v fp_adder/adder/norm/_1784_/ZN (NAND2_X1)
     1    1.53                           fp_adder/adder/norm/_0880_ (net)
                  0.01    0.00    2.62 v fp_adder/adder/norm/_1843_/A1 (NOR2_X1)
                  0.02    0.03    2.65 ^ fp_adder/adder/norm/_1843_/ZN (NOR2_X1)
     2    3.56                           fp_adder/adder/norm/_0939_ (net)
                  0.02    0.00    2.65 ^ fp_adder/adder/norm/_1844_/A3 (NAND3_X1)
                  0.02    0.03    2.68 v fp_adder/adder/norm/_1844_/ZN (NAND3_X1)
     2    4.47                           fp_adder/adder/norm/_0940_ (net)
                  0.02    0.00    2.68 v fp_adder/adder/norm/_1992_/A1 (NOR2_X2)
                  0.04    0.06    2.74 ^ fp_adder/adder/norm/_1992_/ZN (NOR2_X2)
     6   14.68                           fp_adder/adder/norm/_1088_ (net)
                  0.04    0.00    2.74 ^ fp_adder/adder/norm/_2078_/A1 (NAND4_X1)
                  0.02    0.03    2.77 v fp_adder/adder/norm/_2078_/ZN (NAND4_X1)
     1    1.94                           fp_adder/adder/norm/_0039_ (net)
                  0.02    0.00    2.77 v fp_adder/adder/norm/_2079_/A1 (NAND2_X1)
                  0.02    0.04    2.81 ^ fp_adder/adder/norm/_2079_/ZN (NAND2_X1)
     3    8.61                           fp_adder/adder/norm/_0040_ (net)
                  0.02    0.00    2.81 ^ fp_adder/adder/norm/_2089_/A1 (NAND2_X1)
                  0.01    0.02    2.83 v fp_adder/adder/norm/_2089_/ZN (NAND2_X1)
     1    1.60                           fp_adder/adder/norm/_0049_ (net)
                  0.01    0.00    2.83 v fp_adder/adder/norm/_2093_/A1 (NAND2_X1)
                  0.02    0.03    2.86 ^ fp_adder/adder/norm/_2093_/ZN (NAND2_X1)
     3    8.02                           fp_adder/adder/norm/_0054_ (net)
                  0.02    0.00    2.86 ^ fp_adder/adder/norm/_2104_/A1 (NAND2_X1)
                  0.01    0.02    2.87 v fp_adder/adder/norm/_2104_/ZN (NAND2_X1)
     1    1.60                           fp_adder/adder/norm/_0064_ (net)
                  0.01    0.00    2.87 v fp_adder/adder/norm/_2106_/A1 (NAND2_X1)
                  0.02    0.02    2.90 ^ fp_adder/adder/norm/_2106_/ZN (NAND2_X1)
     2    5.91                           fp_adder/adder/norm/_0066_ (net)
                  0.02    0.00    2.90 ^ fp_adder/adder/norm/_2112_/A1 (NAND2_X1)
                  0.01    0.02    2.92 v fp_adder/adder/norm/_2112_/ZN (NAND2_X1)
     2    3.35                           fp_adder/adder/norm/_0072_ (net)
                  0.01    0.00    2.92 v fp_adder/adder/norm/_2113_/A1 (NAND2_X1)
                  0.01    0.02    2.93 ^ fp_adder/adder/norm/_2113_/ZN (NAND2_X1)
     1    1.67                           fp_adder/adder/norm/_0073_ (net)
                  0.01    0.00    2.93 ^ fp_adder/adder/norm/_2116_/A1 (NAND2_X1)
                  0.01    0.01    2.94 v fp_adder/adder/norm/_2116_/ZN (NAND2_X1)
     1    1.72                           fp_adder/adder/norm/_0076_ (net)
                  0.01    0.00    2.94 v fp_adder/adder/norm/_2119_/A1 (NAND2_X1)
                  0.02    0.02    2.97 ^ fp_adder/adder/norm/_2119_/ZN (NAND2_X1)
     2    6.31                           result_int_d[30] (net)
                  0.02    0.00    2.97 ^ _499_/A4 (NAND4_X1)
                  0.03    0.03    3.00 v _499_/ZN (NAND4_X1)
     1    1.82                           _178_ (net)
                  0.03    0.00    3.00 v _500_/A2 (NAND2_X1)
                  0.01    0.02    3.03 ^ _500_/ZN (NAND2_X1)
     1    1.26                           _030_ (net)
                  0.01    0.00    3.03 ^ _539_/D (DFFR_X1)
                                  3.03   data arrival time

                  0.00    3.00    3.00   clock clk_i (rise edge)
                          0.00    3.00   clock network delay (ideal)
                          0.00    3.00   clock reconvergence pessimism
                                  3.00 ^ _539_/CK (DFFR_X1)
                         -0.03    2.97   library setup time
                                  2.97   data required time
-----------------------------------------------------------------------------
                                  2.97   data required time
                                 -3.03   data arrival time
-----------------------------------------------------------------------------
                                 -0.06   slack (VIOLATED)



==========================================================================
detailed place report_check_types -max_slew -max_cap -max_fanout -violators
--------------------------------------------------------------------------
max capacitance

Pin                                    Limit     Cap   Slack
------------------------------------------------------------
lut/_213_/Q                           120.85  122.03   -1.18 (VIOLATED)
lut/gen_sub_units_scm[15].sub_unit_i/_1321_/ZN  106.81  107.40   -0.59 (VIOLATED)


==========================================================================
detailed place max_slew_check_slack
--------------------------------------------------------------------------
0.05737735331058502

==========================================================================
detailed place max_slew_check_limit
--------------------------------------------------------------------------
0.1985349953174591

==========================================================================
detailed place max_slew_check_slack_limit
--------------------------------------------------------------------------
0.2890

==========================================================================
detailed place max_fanout_check_slack
--------------------------------------------------------------------------
1.0000000150474662e+30

==========================================================================
detailed place max_fanout_check_limit
--------------------------------------------------------------------------
1.0000000150474662e+30

==========================================================================
detailed place max_capacitance_check_slack
--------------------------------------------------------------------------
-1.1836642026901245

==========================================================================
detailed place max_capacitance_check_limit
--------------------------------------------------------------------------
120.8499984741211

==========================================================================
detailed place max_capacitance_check_slack_limit
--------------------------------------------------------------------------
-0.0098

==========================================================================
detailed place max_slew_violation_count
--------------------------------------------------------------------------
max slew violation count 0

==========================================================================
detailed place max_fanout_violation_count
--------------------------------------------------------------------------
max fanout violation count 0

==========================================================================
detailed place max_cap_violation_count
--------------------------------------------------------------------------
max cap violation count 2

==========================================================================
detailed place setup_violation_count
--------------------------------------------------------------------------
setup violation count 0

==========================================================================
detailed place hold_violation_count
--------------------------------------------------------------------------
hold violation count 1

==========================================================================
detailed place critical path delay
--------------------------------------------------------------------------
3.0255

==========================================================================
detailed place critical path slack
--------------------------------------------------------------------------
-0.0593

==========================================================================
detailed place slack div critical path delay
--------------------------------------------------------------------------
-1.960007

==========================================================================
detailed place report_power
--------------------------------------------------------------------------
Group                  Internal  Switching    Leakage      Total
                          Power      Power      Power      Power (Watts)
----------------------------------------------------------------
Sequential             9.62e-03   3.47e-04   2.75e-04   1.02e-02  45.0%
Combinational          2.96e-03   9.03e-03   5.34e-04   1.25e-02  55.0%
Macro                  0.00e+00   0.00e+00   0.00e+00   0.00e+00   0.0%
Pad                    0.00e+00   0.00e+00   0.00e+00   0.00e+00   0.0%
----------------------------------------------------------------
Total                  1.26e-02   9.38e-03   8.09e-04   2.28e-02 100.0%
                          55.3%      41.2%       3.6%

==========================================================================
detailed place report_design_area
--------------------------------------------------------------------------
Design area 46388 u^2 40% utilization.

Elapsed time: 0:29.01[h:]min:sec. CPU time: user 28.84 sys 0.15 (99%). Peak memory: 281372KB.
