OpenROAD 353633e018e57e35041db2841116ba382830b97b 
This program is licensed under the BSD-3 license. See the LICENSE file for details.
Components of this program may be licensed under more restrictive licenses which must be honored.
[INFO ORD-0030] Using 2 thread(s).
[INFO DRT-0149] Reading tech and libs.

Units:                2000
Number of layers:     21
Number of macros:     135
Number of vias:       27
Number of viarulegen: 19

[INFO DRT-0150] Reading design.

Design:                   halut_matmul
Die area:                 ( 0 0 ) ( 995950 995950 )
Number of track patterns: 20
Number of DEF vias:       0
Number of components:     99891
Number of terminals:      477
Number of snets:          2
Number of nets:           68422

[INFO DRT-0167] List of default vias:
  Layer via1
    default via: via1_7
  Layer via2
    default via: via2_5
  Layer via3
    default via: via3_2
  Layer via4
    default via: via4_0
  Layer via5
    default via: via5_0
  Layer via6
    default via: via6_0
  Layer via7
    default via: via7_0
  Layer via8
    default via: via8_0
  Layer via9
    default via: via9_0
[INFO DRT-0162] Library cell analysis.
[INFO DRT-0163] Instance analysis.
  Complete 10000 instances.
  Complete 20000 instances.
  Complete 30000 instances.
  Complete 40000 instances.
  Complete 50000 instances.
  Complete 60000 instances.
  Complete 70000 instances.
  Complete 80000 instances.
  Complete 90000 instances.
[INFO DRT-0164] Number of unique instances = 137.
[INFO DRT-0168] Init region query.
[INFO DRT-0018]   Complete 10000 insts.
[INFO DRT-0018]   Complete 20000 insts.
[INFO DRT-0018]   Complete 30000 insts.
[INFO DRT-0018]   Complete 40000 insts.
[INFO DRT-0018]   Complete 50000 insts.
[INFO DRT-0018]   Complete 60000 insts.
[INFO DRT-0018]   Complete 70000 insts.
[INFO DRT-0018]   Complete 80000 insts.
[INFO DRT-0018]   Complete 90000 insts.
[INFO DRT-0024]   Complete active.
[INFO DRT-0024]   Complete Fr_VIA.
[INFO DRT-0024]   Complete metal1.
[INFO DRT-0024]   Complete via1.
[INFO DRT-0024]   Complete metal2.
[INFO DRT-0024]   Complete via2.
[INFO DRT-0024]   Complete metal3.
[INFO DRT-0024]   Complete via3.
[INFO DRT-0024]   Complete metal4.
[INFO DRT-0024]   Complete via4.
[INFO DRT-0024]   Complete metal5.
[INFO DRT-0024]   Complete via5.
[INFO DRT-0024]   Complete metal6.
[INFO DRT-0024]   Complete via6.
[INFO DRT-0024]   Complete metal7.
[INFO DRT-0024]   Complete via7.
[INFO DRT-0024]   Complete metal8.
[INFO DRT-0024]   Complete via8.
[INFO DRT-0024]   Complete metal9.
[INFO DRT-0024]   Complete via9.
[INFO DRT-0024]   Complete metal10.
[INFO DRT-0033] active shape region query size = 0.
[INFO DRT-0033] FR_VIA shape region query size = 0.
[INFO DRT-0033] metal1 shape region query size = 1431708.
[INFO DRT-0033] via1 shape region query size = 9531.
[INFO DRT-0033] metal2 shape region query size = 6604.
[INFO DRT-0033] via2 shape region query size = 9531.
[INFO DRT-0033] metal3 shape region query size = 6581.
[INFO DRT-0033] via3 shape region query size = 9531.
[INFO DRT-0033] metal4 shape region query size = 3420.
[INFO DRT-0033] via4 shape region query size = 2250.
[INFO DRT-0033] metal5 shape region query size = 450.
[INFO DRT-0033] via5 shape region query size = 2250.
[INFO DRT-0033] metal6 shape region query size = 450.
[INFO DRT-0033] via6 shape region query size = 900.
[INFO DRT-0033] metal7 shape region query size = 250.
[INFO DRT-0033] via7 shape region query size = 0.
[INFO DRT-0033] metal8 shape region query size = 0.
[INFO DRT-0033] via8 shape region query size = 0.
[INFO DRT-0033] metal9 shape region query size = 0.
[INFO DRT-0033] via9 shape region query size = 0.
[INFO DRT-0033] metal10 shape region query size = 0.
[INFO DRT-0165] Start pin access.
[INFO DRT-0076]   Complete 100 pins.
[INFO DRT-0076]   Complete 200 pins.
[INFO DRT-0076]   Complete 300 pins.
[INFO DRT-0076]   Complete 400 pins.
[INFO DRT-0078]   Complete 418 pins.
[INFO DRT-0079]   Complete 100 unique inst patterns.
[INFO DRT-0081]   Complete 121 unique inst patterns.
[INFO DRT-0082]   Complete 1000 groups.
[INFO DRT-0082]   Complete 2000 groups.
[INFO DRT-0082]   Complete 3000 groups.
[INFO DRT-0082]   Complete 4000 groups.
[INFO DRT-0082]   Complete 5000 groups.
[INFO DRT-0082]   Complete 6000 groups.
[INFO DRT-0082]   Complete 7000 groups.
[INFO DRT-0082]   Complete 8000 groups.
[INFO DRT-0082]   Complete 9000 groups.
[INFO DRT-0083]   Complete 10000 groups.
[INFO DRT-0084]   Complete 14768 groups.
#scanned instances     = 99891
#unique  instances     = 137
#stdCellGenAp          = 4123
#stdCellValidPlanarAp  = 0
#stdCellValidViaAp     = 2933
#stdCellPinNoAp        = 0
#stdCellPinCnt         = 213863
#instTermValidViaApCnt = 0
#macroGenAp            = 0
#macroValidPlanarAp    = 0
#macroValidViaAp       = 0
#macroNoAp             = 0
[INFO DRT-0166] Complete pin access.
[INFO DRT-0267] cpu time = 00:19:07, elapsed time = 00:09:37, memory = 468.49 (MB), peak = 500.84 (MB)
[INFO DRT-0156] guideIn read 100000 guides.
[INFO DRT-0156] guideIn read 200000 guides.
[INFO DRT-0156] guideIn read 300000 guides.
[INFO DRT-0156] guideIn read 400000 guides.
[INFO DRT-0156] guideIn read 500000 guides.
[INFO DRT-0156] guideIn read 600000 guides.
[INFO DRT-0156] guideIn read 700000 guides.

Number of guides:     749430

[INFO DRT-0169] Post process guides.
[INFO DRT-0176] GCELLGRID X 0 DO 237 STEP 4200 ;
[INFO DRT-0177] GCELLGRID Y 0 DO 237 STEP 4200 ;
[INFO DRT-0026]   Complete 10000 origin guides.
[INFO DRT-0026]   Complete 20000 origin guides.
[INFO DRT-0026]   Complete 30000 origin guides.
[INFO DRT-0026]   Complete 40000 origin guides.
[INFO DRT-0026]   Complete 50000 origin guides.
[INFO DRT-0026]   Complete 60000 origin guides.
[INFO DRT-0026]   Complete 70000 origin guides.
[INFO DRT-0026]   Complete 80000 origin guides.
[INFO DRT-0026]   Complete 90000 origin guides.
[INFO DRT-0027]   Complete 100000 origin guides.
[INFO DRT-0027]   Complete 200000 origin guides.
[INFO DRT-0027]   Complete 300000 origin guides.
[INFO DRT-0027]   Complete 400000 origin guides.
[INFO DRT-0027]   Complete 500000 origin guides.
[INFO DRT-0027]   Complete 600000 origin guides.
[INFO DRT-0027]   Complete 700000 origin guides.
[INFO DRT-0028]   Complete active.
[INFO DRT-0028]   Complete Fr_VIA.
[INFO DRT-0028]   Complete metal1.
[INFO DRT-0028]   Complete via1.
[INFO DRT-0028]   Complete metal2.
[INFO DRT-0028]   Complete via2.
[INFO DRT-0028]   Complete metal3.
[INFO DRT-0028]   Complete via3.
[INFO DRT-0028]   Complete metal4.
[INFO DRT-0028]   Complete via4.
[INFO DRT-0028]   Complete metal5.
[INFO DRT-0028]   Complete via5.
[INFO DRT-0028]   Complete metal6.
[INFO DRT-0028]   Complete via6.
[INFO DRT-0028]   Complete metal7.
[INFO DRT-0028]   Complete via7.
[INFO DRT-0028]   Complete metal8.
[INFO DRT-0028]   Complete via8.
[INFO DRT-0028]   Complete metal9.
[INFO DRT-0028]   Complete via9.
[INFO DRT-0028]   Complete metal10.
  complete 10000 nets.
  complete 20000 nets.
  complete 30000 nets.
  complete 40000 nets.
  complete 50000 nets.
  complete 60000 nets.
[INFO DRT-0178] Init guide query.
[INFO DRT-0029]   Complete 10000 nets (guide).
[INFO DRT-0029]   Complete 20000 nets (guide).
[INFO DRT-0029]   Complete 30000 nets (guide).
[INFO DRT-0029]   Complete 40000 nets (guide).
[INFO DRT-0029]   Complete 50000 nets (guide).
[INFO DRT-0029]   Complete 60000 nets (guide).
[INFO DRT-0035]   Complete active (guide).
[INFO DRT-0035]   Complete Fr_VIA (guide).
[INFO DRT-0035]   Complete metal1 (guide).
[INFO DRT-0035]   Complete via1 (guide).
[INFO DRT-0035]   Complete metal2 (guide).
[INFO DRT-0035]   Complete via2 (guide).
[INFO DRT-0035]   Complete metal3 (guide).
[INFO DRT-0035]   Complete via3 (guide).
[INFO DRT-0035]   Complete metal4 (guide).
[INFO DRT-0035]   Complete via4 (guide).
[INFO DRT-0035]   Complete metal5 (guide).
[INFO DRT-0035]   Complete via5 (guide).
[INFO DRT-0035]   Complete metal6 (guide).
[INFO DRT-0035]   Complete via6 (guide).
[INFO DRT-0035]   Complete metal7 (guide).
[INFO DRT-0035]   Complete via7 (guide).
[INFO DRT-0035]   Complete metal8 (guide).
[INFO DRT-0035]   Complete via8 (guide).
[INFO DRT-0035]   Complete metal9 (guide).
[INFO DRT-0035]   Complete via9 (guide).
[INFO DRT-0035]   Complete metal10 (guide).
[INFO DRT-0036] active guide region query size = 0.
[INFO DRT-0036] FR_VIA guide region query size = 0.
[INFO DRT-0036] metal1 guide region query size = 192161.
[INFO DRT-0036] via1 guide region query size = 0.
[INFO DRT-0036] metal2 guide region query size = 165047.
[INFO DRT-0036] via2 guide region query size = 0.
[INFO DRT-0036] metal3 guide region query size = 123953.
[INFO DRT-0036] via3 guide region query size = 0.
[INFO DRT-0036] metal4 guide region query size = 67993.
[INFO DRT-0036] via4 guide region query size = 0.
[INFO DRT-0036] metal5 guide region query size = 32847.
[INFO DRT-0036] via5 guide region query size = 0.
[INFO DRT-0036] metal6 guide region query size = 9059.
[INFO DRT-0036] via6 guide region query size = 0.
[INFO DRT-0036] metal7 guide region query size = 2165.
[INFO DRT-0036] via7 guide region query size = 0.
[INFO DRT-0036] metal8 guide region query size = 1147.
[INFO DRT-0036] via8 guide region query size = 0.
[INFO DRT-0036] metal9 guide region query size = 625.
[INFO DRT-0036] via9 guide region query size = 0.
[INFO DRT-0036] metal10 guide region query size = 55.
[INFO DRT-0179] Init gr pin query.
[INFO DRT-0185] Post process initialize RPin region query.
[INFO DRT-0181] Start track assignment.
[INFO DRT-0184] Done with 243301 vertical wires in 5 frboxes and 351751 horizontal wires in 5 frboxes.
[INFO DRT-0186] Done with 84035 vertical wires in 5 frboxes and 99604 horizontal wires in 5 frboxes.
[INFO DRT-0182] Complete track assignment.
[INFO DRT-0267] cpu time = 00:01:06, elapsed time = 00:00:35, memory = 1823.96 (MB), peak = 1823.96 (MB)
[INFO DRT-0187] Start routing data preparation.
[INFO DRT-0267] cpu time = 00:00:00, elapsed time = 00:00:00, memory = 1823.96 (MB), peak = 1823.96 (MB)
[INFO DRT-0194] Start detail routing.
[INFO DRT-0195] Start 0th optimization iteration.
    Completing 10% with 0 violations.
    elapsed time = 00:00:36, memory = 1824.22 (MB).
    Completing 20% with 0 violations.
    elapsed time = 00:01:26, memory = 2247.06 (MB).
    Completing 30% with 1992 violations.
    elapsed time = 00:01:59, memory = 2608.68 (MB).
    Completing 40% with 1992 violations.
    elapsed time = 00:02:59, memory = 2609.19 (MB).
    Completing 50% with 1992 violations.
    elapsed time = 00:03:52, memory = 2663.00 (MB).
    Completing 60% with 4341 violations.
    elapsed time = 00:04:31, memory = 2699.32 (MB).
    Completing 70% with 4341 violations.
    elapsed time = 00:05:30, memory = 2699.32 (MB).
    Completing 80% with 6375 violations.
    elapsed time = 00:06:02, memory = 2817.15 (MB).
    Completing 90% with 6375 violations.
    elapsed time = 00:07:04, memory = 2817.15 (MB).
    Completing 100% with 8814 violations.
    elapsed time = 00:08:05, memory = 2924.66 (MB).
[INFO DRT-0199]   Number of violations = 33968.
Viol/Layer      metal1   via1 metal2   via2 metal3   via3 metal4   via4 metal5   via5 metal6   via6 metal7   via7 metal8   via8 metal9   via9
Cut Spacing          0     53      0     92      0    130      0    505      0     44      0     17      0      6      0      1      0      1
Metal Spacing      590      0   1154      0     48      0     33      0     21      0      3      0      0      0      1      0      0      0
Recheck              7      0   8814      0   8978      0   4750      0   2074      0    402      0     89      0     34      0      6      0
Short               18      1   3757     19   1363     12    393      1    485      0     31      3     32      0      0      0      0      0
[INFO DRT-0267] cpu time = 00:16:00, elapsed time = 00:08:09, memory = 2924.91 (MB), peak = 2924.91 (MB)
Total wire length = 929079 um.
Total wire length on LAYER metal1 = 0 um.
Total wire length on LAYER metal2 = 204481 um.
Total wire length on LAYER metal3 = 284180 um.
Total wire length on LAYER metal4 = 171423 um.
Total wire length on LAYER metal5 = 158967 um.
Total wire length on LAYER metal6 = 75115 um.
Total wire length on LAYER metal7 = 17011 um.
Total wire length on LAYER metal8 = 4063 um.
Total wire length on LAYER metal9 = 13110 um.
Total wire length on LAYER metal10 = 724 um.
Total number of vias = 530159.
Up-via summary (total 530159):.

-----------------
 active         0
 metal1    213342
 metal2    196889
 metal3     66976
 metal4     36130
 metal5     12346
 metal6      2499
 metal7      1020
 metal8       882
 metal9        75
-----------------
           530159


[INFO DRT-0195] Start 1st optimization iteration.
    Completing 10% with 33968 violations.
    elapsed time = 00:00:31, memory = 2924.91 (MB).
    Completing 20% with 33968 violations.
    elapsed time = 00:01:17, memory = 2924.91 (MB).
    Completing 30% with 25570 violations.
    elapsed time = 00:01:45, memory = 2924.91 (MB).
    Completing 40% with 25570 violations.
    elapsed time = 00:02:32, memory = 2924.91 (MB).
    Completing 50% with 25570 violations.
    elapsed time = 00:03:16, memory = 2924.91 (MB).
    Completing 60% with 17567 violations.
    elapsed time = 00:03:45, memory = 2925.23 (MB).
    Completing 70% with 17567 violations.
    elapsed time = 00:04:35, memory = 2925.23 (MB).
    Completing 80% with 10041 violations.
    elapsed time = 00:05:07, memory = 2925.23 (MB).
    Completing 90% with 10041 violations.
    elapsed time = 00:05:57, memory = 2925.23 (MB).
    Completing 100% with 2217 violations.
    elapsed time = 00:06:43, memory = 2925.23 (MB).
[INFO DRT-0199]   Number of violations = 2217.
Viol/Layer        via1 metal2   via2 metal3   via3 metal4   via4 metal5   via5 metal6   via9
Cut Spacing          2      0     10      0      1      0     27      0      2      0      1
Metal Spacing        0    589      0     14      0      0      0      7      0      0      0
Short                0   1313      0    236      0      1      0     13      0      1      0
[INFO DRT-0267] cpu time = 00:13:15, elapsed time = 00:06:46, memory = 2931.61 (MB), peak = 2931.61 (MB)
Total wire length = 919017 um.
Total wire length on LAYER metal1 = 0 um.
Total wire length on LAYER metal2 = 209351 um.
Total wire length on LAYER metal3 = 287785 um.
Total wire length on LAYER metal4 = 163604 um.
Total wire length on LAYER metal5 = 151258 um.
Total wire length on LAYER metal6 = 73230 um.
Total wire length on LAYER metal7 = 16392 um.
Total wire length on LAYER metal8 = 3926 um.
Total wire length on LAYER metal9 = 12773 um.
Total wire length on LAYER metal10 = 694 um.
Total number of vias = 520325.
Up-via summary (total 520325):.

-----------------
 active         0
 metal1    213327
 metal2    198064
 metal3     61236
 metal4     32308
 metal5     11458
 metal6      2142
 metal7       931
 metal8       789
 metal9        70
-----------------
           520325


[INFO DRT-0195] Start 2nd optimization iteration.
    Completing 10% with 2217 violations.
    elapsed time = 00:00:23, memory = 2931.61 (MB).
    Completing 20% with 2217 violations.
    elapsed time = 00:00:59, memory = 2931.61 (MB).
    Completing 30% with 2076 violations.
    elapsed time = 00:01:22, memory = 2931.61 (MB).
    Completing 40% with 2076 violations.
    elapsed time = 00:01:59, memory = 2931.61 (MB).
    Completing 50% with 2076 violations.
    elapsed time = 00:02:34, memory = 2931.61 (MB).
    Completing 60% with 1926 violations.
    elapsed time = 00:02:56, memory = 2931.61 (MB).
    Completing 70% with 1926 violations.
    elapsed time = 00:03:32, memory = 2931.61 (MB).
    Completing 80% with 1871 violations.
    elapsed time = 00:03:57, memory = 2931.61 (MB).
    Completing 90% with 1871 violations.
    elapsed time = 00:04:37, memory = 2931.61 (MB).
    Completing 100% with 1652 violations.
    elapsed time = 00:05:12, memory = 2931.61 (MB).
[INFO DRT-0199]   Number of violations = 1652.
Viol/Layer        via1 metal2   via2 metal3 metal4   via4 metal5   via5 metal6   via6
Cut Spacing          3      0      5      0      0     32      0      4      0      1
Metal Spacing        0    469      0     16      0      0      0      0      2      0
NS Metal             0      0      0      2      0      0      0      0      0      0
Short                0    971      0    129      5      0     12      0      1      0
[INFO DRT-0267] cpu time = 00:10:17, elapsed time = 00:05:16, memory = 2931.61 (MB), peak = 2931.61 (MB)
Total wire length = 916594 um.
Total wire length on LAYER metal1 = 0 um.
Total wire length on LAYER metal2 = 209950 um.
Total wire length on LAYER metal3 = 288680 um.
Total wire length on LAYER metal4 = 162424 um.
Total wire length on LAYER metal5 = 149679 um.
Total wire length on LAYER metal6 = 72700 um.
Total wire length on LAYER metal7 = 16115 um.
Total wire length on LAYER metal8 = 3849 um.
Total wire length on LAYER metal9 = 12550 um.
Total wire length on LAYER metal10 = 643 um.
Total number of vias = 517957.
Up-via summary (total 517957):.

-----------------
 active         0
 metal1    213327
 metal2    197845
 metal3     60359
 metal4     31516
 metal5     11190
 metal6      2042
 metal7       878
 metal8       740
 metal9        60
-----------------
           517957


[INFO DRT-0195] Start 3rd optimization iteration.
    Completing 10% with 1652 violations.
    elapsed time = 00:00:08, memory = 2931.61 (MB).
    Completing 20% with 1652 violations.
    elapsed time = 00:00:16, memory = 2931.61 (MB).
    Completing 30% with 1261 violations.
    elapsed time = 00:00:22, memory = 2931.61 (MB).
    Completing 40% with 1261 violations.
    elapsed time = 00:00:30, memory = 2931.61 (MB).
    Completing 50% with 1261 violations.
    elapsed time = 00:00:37, memory = 2931.61 (MB).
    Completing 60% with 863 violations.
    elapsed time = 00:00:46, memory = 2931.61 (MB).
    Completing 70% with 863 violations.
    elapsed time = 00:00:54, memory = 2931.61 (MB).
    Completing 80% with 400 violations.
    elapsed time = 00:00:59, memory = 2931.61 (MB).
    Completing 90% with 400 violations.
    elapsed time = 00:01:09, memory = 2931.61 (MB).
    Completing 100% with 36 violations.
    elapsed time = 00:01:19, memory = 2931.61 (MB).
[INFO DRT-0199]   Number of violations = 36.
Viol/Layer      metal2 metal3
Metal Spacing        6      2
NS Metal             0      2
Short               23      3
[INFO DRT-0267] cpu time = 00:02:35, elapsed time = 00:01:20, memory = 2931.61 (MB), peak = 2931.61 (MB)
Total wire length = 916676 um.
Total wire length on LAYER metal1 = 0 um.
Total wire length on LAYER metal2 = 210542 um.
Total wire length on LAYER metal3 = 289938 um.
Total wire length on LAYER metal4 = 161785 um.
Total wire length on LAYER metal5 = 148841 um.
Total wire length on LAYER metal6 = 72431 um.
Total wire length on LAYER metal7 = 16101 um.
Total wire length on LAYER metal8 = 3844 um.
Total wire length on LAYER metal9 = 12548 um.
Total wire length on LAYER metal10 = 641 um.
Total number of vias = 518653.
Up-via summary (total 518653):.

-----------------
 active         0
 metal1    213327
 metal2    199082
 metal3     60120
 metal4     31283
 metal5     11126
 metal6      2037
 metal7       878
 metal8       740
 metal9        60
-----------------
           518653


[INFO DRT-0195] Start 4th optimization iteration.
    Completing 10% with 36 violations.
    elapsed time = 00:00:00, memory = 2931.61 (MB).
    Completing 20% with 36 violations.
    elapsed time = 00:00:00, memory = 2931.61 (MB).
    Completing 30% with 35 violations.
    elapsed time = 00:00:00, memory = 2931.61 (MB).
    Completing 40% with 35 violations.
    elapsed time = 00:00:00, memory = 2931.61 (MB).
    Completing 50% with 35 violations.
    elapsed time = 00:00:00, memory = 2931.61 (MB).
    Completing 60% with 23 violations.
    elapsed time = 00:00:01, memory = 2931.61 (MB).
    Completing 70% with 23 violations.
    elapsed time = 00:00:01, memory = 2931.61 (MB).
    Completing 80% with 14 violations.
    elapsed time = 00:00:01, memory = 2931.61 (MB).
    Completing 90% with 14 violations.
    elapsed time = 00:00:01, memory = 2931.61 (MB).
    Completing 100% with 0 violations.
    elapsed time = 00:00:01, memory = 2931.61 (MB).
[INFO DRT-0199]   Number of violations = 0.
[INFO DRT-0267] cpu time = 00:00:03, elapsed time = 00:00:02, memory = 2931.61 (MB), peak = 2931.61 (MB)
Total wire length = 916675 um.
Total wire length on LAYER metal1 = 0 um.
Total wire length on LAYER metal2 = 210559 um.
Total wire length on LAYER metal3 = 289943 um.
Total wire length on LAYER metal4 = 161772 um.
Total wire length on LAYER metal5 = 148829 um.
Total wire length on LAYER metal6 = 72433 um.
Total wire length on LAYER metal7 = 16101 um.
Total wire length on LAYER metal8 = 3844 um.
Total wire length on LAYER metal9 = 12548 um.
Total wire length on LAYER metal10 = 641 um.
Total number of vias = 518650.
Up-via summary (total 518650):.

-----------------
 active         0
 metal1    213327
 metal2    199091
 metal3     60112
 metal4     31279
 metal5     11126
 metal6      2037
 metal7       878
 metal8       740
 metal9        60
-----------------
           518650


[INFO DRT-0198] Complete detail routing.
Total wire length = 916675 um.
Total wire length on LAYER metal1 = 0 um.
Total wire length on LAYER metal2 = 210559 um.
Total wire length on LAYER metal3 = 289943 um.
Total wire length on LAYER metal4 = 161772 um.
Total wire length on LAYER metal5 = 148829 um.
Total wire length on LAYER metal6 = 72433 um.
Total wire length on LAYER metal7 = 16101 um.
Total wire length on LAYER metal8 = 3844 um.
Total wire length on LAYER metal9 = 12548 um.
Total wire length on LAYER metal10 = 641 um.
Total number of vias = 518650.
Up-via summary (total 518650):.

-----------------
 active         0
 metal1    213327
 metal2    199091
 metal3     60112
 metal4     31279
 metal5     11126
 metal6      2037
 metal7       878
 metal8       740
 metal9        60
-----------------
           518650


[INFO DRT-0267] cpu time = 00:42:12, elapsed time = 00:21:35, memory = 2931.61 (MB), peak = 2931.61 (MB)

[INFO DRT-0180] Post processing.
Elapsed time: 31:56.70[h:]min:sec. CPU time: user 3752.49 sys 2.16 (195%). Peak memory: 3002028KB.
