OpenROAD b57893514040c5aa453ab5c104f35d1173a8add9 
This program is licensed under the BSD-3 license. See the LICENSE file for details.
Components of this program may be licensed under more restrictive licenses which must be honored.
[INFO GPL-0002] DBU: 1000
[INFO GPL-0003] SiteSize: 54 270
[INFO GPL-0004] CoreAreaLxLy: 2052 2160
[INFO GPL-0005] CoreAreaUxUy: 28296 28080
[INFO GPL-0006] NumInstances: 2755
[INFO GPL-0007] NumPlaceInstances: 2514
[INFO GPL-0008] NumFixedInstances: 241
[INFO GPL-0009] NumDummyInstances: 0
[INFO GPL-0010] NumNets: 2564
[INFO GPL-0011] NumPins: 8612
[INFO GPL-0012] DieAreaLxLy: 0 0
[INFO GPL-0013] DieAreaUxUy: 30304 30304
[INFO GPL-0014] CoreAreaLxLy: 2052 2160
[INFO GPL-0015] CoreAreaUxUy: 28296 28080
[INFO GPL-0016] CoreArea: 680244480
[INFO GPL-0017] NonPlaceInstsArea: 7027560
[INFO GPL-0018] PlaceInstsArea: 428622840
[INFO GPL-0019] Util(%): 63.67
[INFO GPL-0020] StdInstsArea: 428622840
[INFO GPL-0021] MacroInstsArea: 0
[INFO GPL-0031] FillerInit: NumGCells: 2569
[INFO GPL-0032] FillerInit: NumGNets: 2564
[INFO GPL-0033] FillerInit: NumGPins: 8612
[INFO GPL-0023] TargetDensity: 0.65
[INFO GPL-0024] AveragePlaceInstArea: 170494
[INFO GPL-0025] IdealBinArea: 262298
[INFO GPL-0026] IdealBinCnt: 2593
[INFO GPL-0027] TotalBinArea: 680244480
[INFO GPL-0028] BinCnt: 32 32
[INFO GPL-0029] BinSize: 821 810
[INFO GPL-0030] NumBins: 1024
[NesterovSolve] Iter: 1 overflow: 0.990217 HPWL: 321637
[NesterovSolve] Iter: 10 overflow: 0.989826 HPWL: 240463
[NesterovSolve] Iter: 20 overflow: 0.989712 HPWL: 222272
[NesterovSolve] Iter: 30 overflow: 0.987894 HPWL: 206946
[NesterovSolve] Iter: 40 overflow: 0.987751 HPWL: 197630
[NesterovSolve] Iter: 50 overflow: 0.987409 HPWL: 197201
[NesterovSolve] Iter: 60 overflow: 0.984935 HPWL: 207891
[NesterovSolve] Iter: 70 overflow: 0.982775 HPWL: 250102
[NesterovSolve] Iter: 80 overflow: 0.978302 HPWL: 327923
[NesterovSolve] Iter: 90 overflow: 0.97356 HPWL: 442518
[NesterovSolve] Iter: 100 overflow: 0.965628 HPWL: 593701
[NesterovSolve] Iter: 110 overflow: 0.955939 HPWL: 770470
[NesterovSolve] Iter: 120 overflow: 0.938494 HPWL: 1013620
[NesterovSolve] Iter: 130 overflow: 0.905276 HPWL: 1374330
[NesterovSolve] Iter: 140 overflow: 0.862204 HPWL: 1751468
[NesterovSolve] Iter: 150 overflow: 0.826584 HPWL: 2087018
[NesterovSolve] Iter: 160 overflow: 0.796315 HPWL: 2358340
[NesterovSolve] Iter: 170 overflow: 0.762066 HPWL: 2662451
[NesterovSolve] Iter: 180 overflow: 0.725038 HPWL: 3034741
[NesterovSolve] Iter: 190 overflow: 0.684449 HPWL: 3373899
[NesterovSolve] Iter: 200 overflow: 0.645599 HPWL: 3675731
[NesterovSolve] Iter: 210 overflow: 0.600719 HPWL: 3976924
[NesterovSolve] Iter: 220 overflow: 0.554434 HPWL: 4284948
[NesterovSolve] Iter: 230 overflow: 0.508365 HPWL: 4561304
[NesterovSolve] Iter: 240 overflow: 0.454268 HPWL: 4811778
[NesterovSolve] Iter: 250 overflow: 0.398003 HPWL: 5054171
[NesterovSolve] Iter: 260 overflow: 0.346596 HPWL: 5245071
[NesterovSolve] Iter: 270 overflow: 0.299914 HPWL: 5375003
[NesterovSolve] Iter: 280 overflow: 0.266821 HPWL: 5459199
[NesterovSolve] Iter: 290 overflow: 0.236268 HPWL: 5560783
[NesterovSolve] Iter: 300 overflow: 0.207122 HPWL: 5625122
[NesterovSolve] Iter: 310 overflow: 0.179171 HPWL: 5653067
[NesterovSolve] Iter: 320 overflow: 0.158251 HPWL: 5686886
[NesterovSolve] Iter: 330 overflow: 0.133363 HPWL: 5706941
[NesterovSolve] Iter: 340 overflow: 0.113363 HPWL: 5726776
[NesterovSolve] Finished with Overflow: 0.099568
Elapsed time: 0:02.06[h:]min:sec. CPU time: user 1.98 sys 0.07 (99%). Peak memory: 186296KB.
