OpenROAD 6152e58f84f491089daa6361239468c001e24e34 
This program is licensed under the BSD-3 license. See the LICENSE file for details.
Components of this program may be licensed under more restrictive licenses which must be honored.
[INFO GPL-0002] DBU: 1000
[INFO GPL-0003] SiteSize: 54 270
[INFO GPL-0004] CoreAreaLxLy: 2052 2160
[INFO GPL-0005] CoreAreaUxUy: 97956 97740
[INFO GPL-0006] NumInstances: 17556
[INFO GPL-0007] NumPlaceInstances: 16314
[INFO GPL-0008] NumFixedInstances: 1242
[INFO GPL-0009] NumDummyInstances: 0
[INFO GPL-0010] NumNets: 16352
[INFO GPL-0011] NumPins: 64686
[INFO GPL-0012] DieAreaLxLy: 0 0
[INFO GPL-0013] DieAreaUxUy: 100000 100000
[INFO GPL-0014] CoreAreaLxLy: 2052 2160
[INFO GPL-0015] CoreAreaUxUy: 97956 97740
[INFO GPL-0016] CoreArea: 9166504320
[INFO GPL-0017] NonPlaceInstsArea: 36216720
[INFO GPL-0018] PlaceInstsArea: 3917325240
[INFO GPL-0019] Util(%): 42.90
[INFO GPL-0020] StdInstsArea: 3917325240
[INFO GPL-0021] MacroInstsArea: 0
[INFO GPL-0031] FillerInit: NumGCells: 22920
[INFO GPL-0032] FillerInit: NumGNets: 16352
[INFO GPL-0033] FillerInit: NumGPins: 64686
[INFO GPL-0023] TargetDensity: 0.60
[INFO GPL-0024] AveragePlaceInstArea: 240120
[INFO GPL-0025] IdealBinArea: 400200
[INFO GPL-0026] IdealBinCnt: 22904
[INFO GPL-0027] TotalBinArea: 9166504320
[INFO GPL-0028] BinCnt: 128 128
[INFO GPL-0029] BinSize: 750 747
[INFO GPL-0030] NumBins: 16384
[NesterovSolve] Iter: 1 overflow: 0.998342 HPWL: 3327578
[NesterovSolve] Iter: 10 overflow: 0.99834 HPWL: 1670100
[NesterovSolve] Iter: 20 overflow: 0.998252 HPWL: 1402846
[NesterovSolve] Iter: 30 overflow: 0.998168 HPWL: 1336661
[NesterovSolve] Iter: 40 overflow: 0.99815 HPWL: 1356444
[NesterovSolve] Iter: 50 overflow: 0.997993 HPWL: 1432886
[NesterovSolve] Iter: 60 overflow: 0.997985 HPWL: 1566005
[NesterovSolve] Iter: 70 overflow: 0.997804 HPWL: 1794508
[NesterovSolve] Iter: 80 overflow: 0.997514 HPWL: 2144941
[NesterovSolve] Iter: 90 overflow: 0.997077 HPWL: 2835363
[NesterovSolve] Iter: 100 overflow: 0.995253 HPWL: 4151065
[NesterovSolve] Iter: 110 overflow: 0.991468 HPWL: 6160902
[NesterovSolve] Iter: 120 overflow: 0.984992 HPWL: 8163594
[NesterovSolve] Iter: 130 overflow: 0.97825 HPWL: 9838176
[NesterovSolve] Iter: 140 overflow: 0.972474 HPWL: 11638853
[NesterovSolve] Iter: 150 overflow: 0.961858 HPWL: 14315456
[NesterovSolve] Iter: 160 overflow: 0.945731 HPWL: 17798460
[NesterovSolve] Iter: 170 overflow: 0.92743 HPWL: 21482452
[NesterovSolve] Iter: 180 overflow: 0.907773 HPWL: 25251692
[NesterovSolve] Iter: 190 overflow: 0.884313 HPWL: 29330819
[NesterovSolve] Iter: 200 overflow: 0.856427 HPWL: 33709842
[NesterovSolve] Iter: 210 overflow: 0.825152 HPWL: 37869338
[NesterovSolve] Iter: 220 overflow: 0.793451 HPWL: 42033578
[NesterovSolve] Iter: 230 overflow: 0.759337 HPWL: 45208622
[NesterovSolve] Iter: 240 overflow: 0.723682 HPWL: 46337633
[NesterovSolve] Iter: 250 overflow: 0.682358 HPWL: 45816262
[NesterovSolve] Iter: 260 overflow: 0.643368 HPWL: 45432766
[NesterovSolve] Iter: 270 overflow: 0.593303 HPWL: 45542557
[NesterovSolve] Iter: 280 overflow: 0.543854 HPWL: 45753609
[NesterovSolve] Iter: 290 overflow: 0.489158 HPWL: 46648403
[NesterovSolve] Iter: 300 overflow: 0.438101 HPWL: 47482734
[NesterovSolve] Iter: 310 overflow: 0.386223 HPWL: 48023106
[NesterovSolve] Iter: 320 overflow: 0.33846 HPWL: 48528494
[NesterovSolve] Iter: 330 overflow: 0.304131 HPWL: 48649150
[NesterovSolve] Iter: 340 overflow: 0.267119 HPWL: 48813086
[NesterovSolve] Iter: 350 overflow: 0.23454 HPWL: 48986436
[NesterovSolve] Iter: 360 overflow: 0.206131 HPWL: 49099673
[NesterovSolve] Iter: 370 overflow: 0.179766 HPWL: 49233182
[NesterovSolve] Iter: 380 overflow: 0.156494 HPWL: 49410854
[NesterovSolve] Iter: 390 overflow: 0.135626 HPWL: 49563314
[NesterovSolve] Iter: 400 overflow: 0.1163 HPWL: 49753562
[NesterovSolve] Iter: 410 overflow: 0.0993257 HPWL: 49942524
[NesterovSolve] Finished with Overflow: 0.099326
Elapsed time: 0:07.98[h:]min:sec. CPU time: user 7.88 sys 0.09 (99%). Peak memory: 230424KB.
