OpenROAD b57893514040c5aa453ab5c104f35d1173a8add9 
This program is licensed under the BSD-3 license. See the LICENSE file for details.
Components of this program may be licensed under more restrictive licenses which must be honored.
[INFO GPL-0002] DBU: 1000
[INFO GPL-0003] SiteSize: 54 270
[INFO GPL-0004] CoreAreaLxLy: 2052 2160
[INFO GPL-0005] CoreAreaUxUy: 100116 99900
[INFO GPL-0006] NumInstances: 29476
[INFO GPL-0007] NumPlaceInstances: 28206
[INFO GPL-0008] NumFixedInstances: 1270
[INFO GPL-0009] NumDummyInstances: 0
[INFO GPL-0010] NumNets: 28561
[INFO GPL-0011] NumPins: 88585
[INFO GPL-0012] DieAreaLxLy: 0 0
[INFO GPL-0013] DieAreaUxUy: 102151 102151
[INFO GPL-0014] CoreAreaLxLy: 2052 2160
[INFO GPL-0015] CoreAreaUxUy: 100116 99900
[INFO GPL-0016] CoreArea: 9584775360
[INFO GPL-0017] NonPlaceInstsArea: 37033200
[INFO GPL-0018] PlaceInstsArea: 5387703660
[INFO GPL-0019] Util(%): 56.43
[INFO GPL-0020] StdInstsArea: 5387703660
[INFO GPL-0021] MacroInstsArea: 0
[INFO GPL-0031] FillerInit: NumGCells: 29999
[INFO GPL-0032] FillerInit: NumGNets: 28561
[INFO GPL-0033] FillerInit: NumGPins: 88585
[INFO GPL-0023] TargetDensity: 0.60
[INFO GPL-0024] AveragePlaceInstArea: 191012
[INFO GPL-0025] IdealBinArea: 318353
[INFO GPL-0026] IdealBinCnt: 30107
[INFO GPL-0027] TotalBinArea: 9584775360
[INFO GPL-0028] BinCnt: 128 128
[INFO GPL-0029] BinSize: 767 764
[INFO GPL-0030] NumBins: 16384
[NesterovSolve] Iter: 1 overflow: 0.998523 HPWL: 4943109
[NesterovSolve] Iter: 10 overflow: 0.998412 HPWL: 1636549
[NesterovSolve] Iter: 20 overflow: 0.99832 HPWL: 1349830
[NesterovSolve] Iter: 30 overflow: 0.998281 HPWL: 1287355
[NesterovSolve] Iter: 40 overflow: 0.998114 HPWL: 1569385
[NesterovSolve] Iter: 50 overflow: 0.99802 HPWL: 2165163
[NesterovSolve] Iter: 60 overflow: 0.997628 HPWL: 3254989
[NesterovSolve] Iter: 70 overflow: 0.997042 HPWL: 5202649
[NesterovSolve] Iter: 80 overflow: 0.995388 HPWL: 8899516
[NesterovSolve] Iter: 90 overflow: 0.991112 HPWL: 13078867
[NesterovSolve] Iter: 100 overflow: 0.984919 HPWL: 13717319
[NesterovSolve] Iter: 110 overflow: 0.976728 HPWL: 14336587
[NesterovSolve] Iter: 120 overflow: 0.970502 HPWL: 15714109
[NesterovSolve] Iter: 130 overflow: 0.960125 HPWL: 19057181
[NesterovSolve] Iter: 140 overflow: 0.942321 HPWL: 23552461
[NesterovSolve] Iter: 150 overflow: 0.926452 HPWL: 27366785
[NesterovSolve] Iter: 160 overflow: 0.908197 HPWL: 31149010
[NesterovSolve] Iter: 170 overflow: 0.884656 HPWL: 35515793
[NesterovSolve] Iter: 180 overflow: 0.852228 HPWL: 39615339
[NesterovSolve] Iter: 190 overflow: 0.818247 HPWL: 43697962
[NesterovSolve] Iter: 200 overflow: 0.778644 HPWL: 49153671
[NesterovSolve] Iter: 210 overflow: 0.733478 HPWL: 53623228
[NesterovSolve] Iter: 220 overflow: 0.685017 HPWL: 56606827
[NesterovSolve] Iter: 230 overflow: 0.630766 HPWL: 61830743
[NesterovSolve] Iter: 240 overflow: 0.57381 HPWL: 64820707
[NesterovSolve] Iter: 250 overflow: 0.512509 HPWL: 65221298
[NesterovSolve] Iter: 260 overflow: 0.449197 HPWL: 66093521
[NesterovSolve] Iter: 270 overflow: 0.396724 HPWL: 66242808
[NesterovSolve] Iter: 280 overflow: 0.354308 HPWL: 66121583
[NesterovSolve] Iter: 290 overflow: 0.322197 HPWL: 65641969
[NesterovSolve] Iter: 300 overflow: 0.292535 HPWL: 65089910
[NesterovSolve] Iter: 310 overflow: 0.263142 HPWL: 64475554
[NesterovSolve] Iter: 320 overflow: 0.23278 HPWL: 64037348
[NesterovSolve] Iter: 330 overflow: 0.208116 HPWL: 63596832
[NesterovSolve] Iter: 340 overflow: 0.184945 HPWL: 63341436
[NesterovSolve] Iter: 350 overflow: 0.160664 HPWL: 63188909
[NesterovSolve] Iter: 360 overflow: 0.139192 HPWL: 63075392
[NesterovSolve] Iter: 370 overflow: 0.119139 HPWL: 63040826
[NesterovSolve] Iter: 380 overflow: 0.102558 HPWL: 63041509
[NesterovSolve] Finished with Overflow: 0.099199
Elapsed time: 0:09.61[h:]min:sec. CPU time: user 9.51 sys 0.10 (99%). Peak memory: 256904KB.
