OpenROAD b57893514040c5aa453ab5c104f35d1173a8add9 
This program is licensed under the BSD-3 license. See the LICENSE file for details.
Components of this program may be licensed under more restrictive licenses which must be honored.
[INFO GRT-0020] Min routing layer: M2
[INFO GRT-0021] Max routing layer: M7
[INFO GRT-0022] Global adjustment: 0%
[INFO GRT-0023] Grid origin: (0, 0)
[INFO GRT-0043] No OR_DEFAULT vias defined.
[INFO GRT-0088] Layer M1      Track-Pitch = 0.0360  line-2-Via Pitch: 0.0360
[INFO GRT-0088] Layer M2      Track-Pitch = 0.2700  line-2-Via Pitch: 0.0360
[INFO GRT-0088] Layer M3      Track-Pitch = 0.0360  line-2-Via Pitch: 0.0360
[INFO GRT-0088] Layer M4      Track-Pitch = 0.0480  line-2-Via Pitch: 0.0480
[INFO GRT-0088] Layer M5      Track-Pitch = 0.0480  line-2-Via Pitch: 0.0480
[INFO GRT-0088] Layer M6      Track-Pitch = 0.0640  line-2-Via Pitch: 0.1040
[INFO GRT-0088] Layer M7      Track-Pitch = 0.0640  line-2-Via Pitch: 0.1040
[INFO GRT-0019] Found 2244 clock nets.
[INFO GRT-0001] Minimum degree: 2
[INFO GRT-0002] Maximum degree: 151
[INFO GRT-0003] Macros: 0
[INFO GRT-0004] Blockages: 27159

[INFO GRT-0053] Routing resources analysis:
          Routing      Original      Derated      Resource
Layer     Direction    Resources     Resources    Reduction (%)
---------------------------------------------------------------
M1         Vertical            0             0          0.00%
M2         Horizontal      72200           378          99.48%
M3         Vertical       541500        144261          73.36%
M4         Horizontal     397100        109431          72.44%
M5         Vertical       397100        177597          55.28%
M6         Horizontal     180500         68215          62.21%
M7         Vertical       180500         73143          59.48%
---------------------------------------------------------------

[INFO GRT-0101] Running extra iterations to remove overflow.
[INFO GRT-0197] Via related to pin nodes: 224578
[INFO GRT-0198] Via related Steiner nodes: 7020
[INFO GRT-0199] Via filling finished.
[INFO GRT-0111] Final number of vias: 260222
[INFO GRT-0112] Final usage 3D: 1029809

[INFO GRT-0096] Final congestion report:
Layer         Resource        Demand        Usage (%)    Max H / Max V / Total Overflow
---------------------------------------------------------------------------------------
M1                   0             0            0.00%             0 /  0 /  0
M2                 378           114           30.16%             0 /  0 /  0
M3              144261         72600           50.33%             0 /  0 /  0
M4              109431         74126           67.74%             0 /  0 /  0
M5              177597         57334           32.28%             0 /  0 /  0
M6               68215         39441           57.82%             0 /  0 /  0
M7               73143          5528            7.56%             0 /  0 /  0
---------------------------------------------------------------------------------------
Total           573025        249143           43.48%             0 /  0 /  0

[INFO GRT-0018] Total wirelength: 182588 um
[INFO GRT-0014] Routed nets: 32211

==========================================================================
global route report_tns
--------------------------------------------------------------------------
tns -3642.81

==========================================================================
global route report_wns
--------------------------------------------------------------------------
wns -138.57

==========================================================================
global route report_worst_slack
--------------------------------------------------------------------------
worst slack -138.57

==========================================================================
global route report_clock_skew
--------------------------------------------------------------------------
Clock clk_i
Latency      CRPR       Skew
lut/_39145_/CLK ^
 287.32
_731_/CLK ^
  85.67      0.00     201.65


==========================================================================
global route report_checks -path_delay min
--------------------------------------------------------------------------
Startpoint: rst_ni (input port clocked by clk_i)
Endpoint: lut/_45485_ (removal check against rising-edge clock clk_i)
Path Group: **async_default**
Path Type: min

Fanout     Cap    Slew   Delay    Time   Description
-----------------------------------------------------------------------------
                          0.00    0.00   clock clk_i (rise edge)
                          0.00    0.00   clock network delay (propagated)
                        300.00  300.00 ^ input external delay
                  0.00    0.00  300.00 ^ rst_ni (in)
     1    3.03                           rst_ni (net)
                  0.60    0.19  300.19 ^ input11/A (BUFx16f_ASAP7_75t_R)
                 17.95   13.59  313.78 ^ input11/Y (BUFx16f_ASAP7_75t_R)
     2   25.95                           net11 (net)
                 30.16    7.98  321.77 ^ lut/_37250_/A (CKINVDCx10_ASAP7_75t_R)
                 21.12   10.91  332.68 v lut/_37250_/Y (CKINVDCx10_ASAP7_75t_R)
    16   17.83                           lut/_00016_ (net)
                 22.84    3.18  335.85 v lut/_45485_/RESET (ASYNC_DFFHx1_ASAP7_75t_R)
                                335.85   data arrival time

                          0.00    0.00   clock clk_i (rise edge)
                          0.00    0.00   clock source latency
                  0.00    0.00    0.00 ^ clk_i (in)
     1   11.08                           clk_i (net)
                 11.55    3.64    3.64 ^ clkbuf_0_clk_i/A (BUFx12_ASAP7_75t_R)
                 11.00   18.82   22.46 ^ clkbuf_0_clk_i/Y (BUFx12_ASAP7_75t_R)
     2    8.40                           clknet_0_clk_i (net)
                 11.81    1.55   24.01 ^ clkbuf_1_1__f_clk_i/A (BUFx12_ASAP7_75t_R)
                 33.19   24.25   48.26 ^ clkbuf_1_1__f_clk_i/Y (BUFx12_ASAP7_75t_R)
    12   41.93                           clknet_1_1__leaf_clk_i (net)
                 39.47    7.29   55.55 ^ clkbuf_leaf_10_clk_i/A (BUFx12_ASAP7_75t_R)
                 23.72   30.58   86.12 ^ clkbuf_leaf_10_clk_i/Y (BUFx12_ASAP7_75t_R)
    30   27.19                           clknet_leaf_10_clk_i (net)
                 29.58    6.14   92.27 ^ lut/_37211_/A (AND2x2_ASAP7_75t_R)
                 12.29   22.68  114.95 ^ lut/_37211_/Y (AND2x2_ASAP7_75t_R)
     1    2.06                           lut/cg_we_global.clk_o (net)
                 12.32    0.36  115.31 ^ clkbuf_0_lut/cg_we_global.clk_o/A (BUFx12_ASAP7_75t_R)
                  7.26   17.62  132.94 ^ clkbuf_0_lut/cg_we_global.clk_o/Y (BUFx12_ASAP7_75t_R)
     2    3.22                           clknet_0_lut/cg_we_global.clk_o (net)
                  7.29    0.27  133.21 ^ clkbuf_1_1__f_lut/cg_we_global.clk_o/A (BUFx12_ASAP7_75t_R)
                  9.30   17.21  150.42 ^ clkbuf_1_1__f_lut/cg_we_global.clk_o/Y (BUFx12_ASAP7_75t_R)
     9    6.58                           clknet_1_1__leaf_lut/cg_we_global.clk_o (net)
                  9.46    0.62  151.04 ^ lut/_45485_/CLK (ASYNC_DFFHx1_ASAP7_75t_R)
                          0.00  151.04   clock reconvergence pessimism
                         39.65  190.70   library removal time
                                190.70   data required time
-----------------------------------------------------------------------------
                                190.70   data required time
                               -335.85   data arrival time
-----------------------------------------------------------------------------
                                145.16   slack (MET)


Startpoint: lut/_38969_ (negative level-sensitive latch clocked by clk_i)
Endpoint: lut/_36769_ (rising clock gating-check end-point clocked by clk_i)
Path Group: **clock_gating_default**
Path Type: min

Fanout     Cap    Slew   Delay    Time   Description
-----------------------------------------------------------------------------
                       1500.00 1500.00   clock clk_i (fall edge)
                          0.00 1500.00   clock source latency
                  0.00    0.00 1500.00 v clk_i (in)
     1   11.09                           clk_i (net)
                 11.55    3.64 1503.64 v clkbuf_0_clk_i/A (BUFx12_ASAP7_75t_R)
                 10.64   19.86 1523.50 v clkbuf_0_clk_i/Y (BUFx12_ASAP7_75t_R)
     2    8.40                           clknet_0_clk_i (net)
                 11.82    1.85 1525.35 v clkbuf_1_0__f_clk_i/A (BUFx12_ASAP7_75t_R)
                 28.73   24.07 1549.43 v clkbuf_1_0__f_clk_i/Y (BUFx12_ASAP7_75t_R)
    12   39.38                           clknet_1_0__leaf_clk_i (net)
                 46.46   12.23 1561.66 v clkbuf_leaf_23_clk_i/A (BUFx12_ASAP7_75t_R)
                  9.39   29.43 1591.09 v clkbuf_leaf_23_clk_i/Y (BUFx12_ASAP7_75t_R)
     6    4.98                           clknet_leaf_23_clk_i (net)
                  9.46    0.39 1591.47 v lut/_38969_/CLK (DLLx3_ASAP7_75t_R)
                 68.70   48.16 1639.63 ^ lut/_38969_/Q (DLLx3_ASAP7_75t_R)
    33   28.28                           lut/gen_sub_units_scm[4].sub_unit_i.cg_we_global.en_latch (net)
                 69.56    4.54 1644.17 ^ lut/_36769_/B (AND3x1_ASAP7_75t_R)
                               1644.17   data arrival time

                       1500.00 1500.00   clock clk_i (fall edge)
                          0.00 1500.00   clock source latency
                  0.00    0.00 1500.00 v clk_i (in)
     1   11.09                           clk_i (net)
                 11.55    3.64 1503.64 v clkbuf_0_clk_i/A (BUFx12_ASAP7_75t_R)
                 10.64   19.86 1523.50 v clkbuf_0_clk_i/Y (BUFx12_ASAP7_75t_R)
     2    8.40                           clknet_0_clk_i (net)
                 11.82    1.85 1525.35 v clkbuf_1_0__f_clk_i/A (BUFx12_ASAP7_75t_R)
                 28.73   24.07 1549.43 v clkbuf_1_0__f_clk_i/Y (BUFx12_ASAP7_75t_R)
    12   39.38                           clknet_1_0__leaf_clk_i (net)
                 33.76    5.95 1555.38 v clkbuf_opt_2_0_clk_i/A (BUFx12_ASAP7_75t_R)
                  8.66   25.89 1581.27 v clkbuf_opt_2_0_clk_i/Y (BUFx12_ASAP7_75t_R)
     1    4.57                           clknet_opt_2_0_clk_i (net)
                  9.55    1.38 1582.65 v clkbuf_opt_2_1_clk_i/A (BUFx12_ASAP7_75t_R)
                  8.20   18.20 1600.85 v clkbuf_opt_2_1_clk_i/Y (BUFx12_ASAP7_75t_R)
     1    5.02                           clknet_opt_2_1_clk_i (net)
                  9.45    1.60 1602.45 v clkbuf_leaf_22_clk_i/A (BUFx12_ASAP7_75t_R)
                 22.01   23.66 1626.11 v clkbuf_leaf_22_clk_i/Y (BUFx12_ASAP7_75t_R)
    30   28.51                           clknet_leaf_22_clk_i (net)
                 25.11    4.33 1630.43 v lut/_36769_/A (AND3x1_ASAP7_75t_R)
                          0.00 1630.43   clock reconvergence pessimism
                          0.00 1630.43   clock gating hold time
                               1630.43   data required time
-----------------------------------------------------------------------------
                               1630.43   data required time
                               -1644.17   data arrival time
-----------------------------------------------------------------------------
                                 13.74   slack (MET)


Startpoint: _771_ (rising edge-triggered flip-flop clocked by clk_i)
Endpoint: _771_ (rising edge-triggered flip-flop clocked by clk_i)
Path Group: clk_i
Path Type: min

Fanout     Cap    Slew   Delay    Time   Description
-----------------------------------------------------------------------------
                          0.00    0.00   clock clk_i (rise edge)
                          0.00    0.00   clock source latency
                  0.00    0.00    0.00 ^ clk_i (in)
     1   11.08                           clk_i (net)
                 11.55    3.64    3.64 ^ clkbuf_0_clk_i/A (BUFx12_ASAP7_75t_R)
                 11.00   18.82   22.46 ^ clkbuf_0_clk_i/Y (BUFx12_ASAP7_75t_R)
     2    8.40                           clknet_0_clk_i (net)
                 11.81    1.55   24.01 ^ clkbuf_1_1__f_clk_i/A (BUFx12_ASAP7_75t_R)
                 33.19   24.25   48.26 ^ clkbuf_1_1__f_clk_i/Y (BUFx12_ASAP7_75t_R)
    12   41.93                           clknet_1_1__leaf_clk_i (net)
                 48.38   12.01   60.27 ^ clkbuf_leaf_15_clk_i/A (BUFx12_ASAP7_75t_R)
                 22.07   31.12   91.39 ^ clkbuf_leaf_15_clk_i/Y (BUFx12_ASAP7_75t_R)
    30   24.44                           clknet_leaf_15_clk_i (net)
                 25.14    4.20   95.59 ^ _771_/CLK (ASYNC_DFFHx1_ASAP7_75t_R)
                 13.51   43.31  138.90 ^ _771_/QN (ASYNC_DFFHx1_ASAP7_75t_R)
     1    0.73                           _025_ (net)
                 13.51    0.01  138.91 ^ _383_/A (INVx1_ASAP7_75t_R)
                 14.04   10.50  149.41 v _383_/Y (INVx1_ASAP7_75t_R)
     2    2.16                           net67 (net)
                 14.05    0.14  149.55 v _630_/B (OAI21x1_ASAP7_75t_R)
                  8.77    7.82  157.37 ^ _630_/Y (OAI21x1_ASAP7_75t_R)
     1    1.47                           _302_ (net)
                  8.78    0.12  157.48 ^ _631_/B (OAI21x1_ASAP7_75t_R)
                  6.08    5.47  162.95 v _631_/Y (OAI21x1_ASAP7_75t_R)
     1    0.68                           _148_ (net)
                  6.08    0.01  162.96 v _771_/D (ASYNC_DFFHx1_ASAP7_75t_R)
                                162.96   data arrival time

                          0.00    0.00   clock clk_i (rise edge)
                          0.00    0.00   clock source latency
                  0.00    0.00    0.00 ^ clk_i (in)
     1   11.08                           clk_i (net)
                 11.55    3.64    3.64 ^ clkbuf_0_clk_i/A (BUFx12_ASAP7_75t_R)
                 11.00   18.82   22.46 ^ clkbuf_0_clk_i/Y (BUFx12_ASAP7_75t_R)
     2    8.40                           clknet_0_clk_i (net)
                 11.81    1.55   24.01 ^ clkbuf_1_1__f_clk_i/A (BUFx12_ASAP7_75t_R)
                 33.19   24.25   48.26 ^ clkbuf_1_1__f_clk_i/Y (BUFx12_ASAP7_75t_R)
    12   41.93                           clknet_1_1__leaf_clk_i (net)
                 48.38   12.01   60.27 ^ clkbuf_leaf_15_clk_i/A (BUFx12_ASAP7_75t_R)
                 22.07   31.12   91.39 ^ clkbuf_leaf_15_clk_i/Y (BUFx12_ASAP7_75t_R)
    30   24.44                           clknet_leaf_15_clk_i (net)
                 25.14    4.20   95.59 ^ _771_/CLK (ASYNC_DFFHx1_ASAP7_75t_R)
                          0.00   95.59   clock reconvergence pessimism
                         11.47  107.06   library hold time
                                107.06   data required time
-----------------------------------------------------------------------------
                                107.06   data required time
                               -162.96   data arrival time
-----------------------------------------------------------------------------
                                 55.90   slack (MET)



==========================================================================
global route report_checks -path_delay max
--------------------------------------------------------------------------
Startpoint: rst_ni (input port clocked by clk_i)
Endpoint: fp_adder/adder/_2339_
          (recovery check against rising-edge clock clk_i')
Path Group: **async_default**
Path Type: max

Fanout     Cap    Slew   Delay    Time   Description
-----------------------------------------------------------------------------
                          0.00    0.00   clock clk_i (rise edge)
                          0.00    0.00   clock network delay (propagated)
                        300.00  300.00 ^ input external delay
                  0.00    0.00  300.00 ^ rst_ni (in)
     1    3.03                           rst_ni (net)
                  0.60    0.19  300.19 ^ input11/A (BUFx16f_ASAP7_75t_R)
                 17.95   13.59  313.78 ^ input11/Y (BUFx16f_ASAP7_75t_R)
     2   25.95                           net11 (net)
                 27.48    6.77  320.55 ^ _358_/A (CKINVDCx20_ASAP7_75t_R)
                 25.01   16.25  336.80 v _358_/Y (CKINVDCx20_ASAP7_75t_R)
   150  153.01                           _000_ (net)
                378.61  119.96  456.76 v fp_adder/adder/_2339_/RESET (ASYNC_DFFHx1_ASAP7_75t_R)
                                456.76   data arrival time

                       1500.00 1500.00   clock clk_i' (rise edge)
                          0.00 1500.00   clock source latency
                  0.00    0.00 1500.00 v clk_i (in)
     1   11.09                           clk_i (net)
                 11.55    3.64 1503.64 v clkbuf_0_clk_i/A (BUFx12_ASAP7_75t_R)
                 10.64   19.86 1523.50 v clkbuf_0_clk_i/Y (BUFx12_ASAP7_75t_R)
     2    8.40                           clknet_0_clk_i (net)
                 11.47    1.55 1525.05 v clkbuf_1_1__f_clk_i/A (BUFx12_ASAP7_75t_R)
                 30.64   24.66 1549.71 v clkbuf_1_1__f_clk_i/Y (BUFx12_ASAP7_75t_R)
    12   41.97                           clknet_1_1__leaf_clk_i (net)
                 33.11    4.55 1554.26 v clkbuf_leaf_12_clk_i/A (BUFx12_ASAP7_75t_R)
                 22.44   31.69 1585.95 v clkbuf_leaf_12_clk_i/Y (BUFx12_ASAP7_75t_R)
    30   28.87                           clknet_leaf_12_clk_i (net)
                 23.22    2.29 1588.25 v _26_35/A (INVx1_ASAP7_75t_R)
                  9.83    8.62 1596.87 ^ _26_35/Y (INVx1_ASAP7_75t_R)
     1    0.59                           net884 (net)
                  9.83    0.01 1596.88 ^ fp_adder/adder/_2339_/CLK (ASYNC_DFFHx1_ASAP7_75t_R)
                          0.00 1596.88   clock reconvergence pessimism
                         39.39 1636.27   library recovery time
                               1636.27   data required time
-----------------------------------------------------------------------------
                               1636.27   data required time
                               -456.76   data arrival time
-----------------------------------------------------------------------------
                               1179.51   slack (MET)


Startpoint: lut/_38945_ (negative level-sensitive latch clocked by clk_i)
Endpoint: lut/_36749_ (rising clock gating-check end-point clocked by clk_i)
Path Group: **clock_gating_default**
Path Type: max

Fanout     Cap    Slew   Delay    Time   Description
-----------------------------------------------------------------------------
                       1500.00 1500.00   clock clk_i (fall edge)
                          0.00 1500.00   clock source latency
                  0.00    0.00 1500.00 v clk_i (in)
     1   11.09                           clk_i (net)
                 11.55    3.64 1503.64 v clkbuf_0_clk_i/A (BUFx12_ASAP7_75t_R)
                 10.64   19.86 1523.50 v clkbuf_0_clk_i/Y (BUFx12_ASAP7_75t_R)
     2    8.40                           clknet_0_clk_i (net)
                 11.82    1.85 1525.35 v clkbuf_1_0__f_clk_i/A (BUFx12_ASAP7_75t_R)
                 28.73   24.07 1549.43 v clkbuf_1_0__f_clk_i/Y (BUFx12_ASAP7_75t_R)
    12   39.38                           clknet_1_0__leaf_clk_i (net)
                 33.76    5.95 1555.38 v clkbuf_opt_2_0_clk_i/A (BUFx12_ASAP7_75t_R)
                  8.66   25.89 1581.27 v clkbuf_opt_2_0_clk_i/Y (BUFx12_ASAP7_75t_R)
     1    4.57                           clknet_opt_2_0_clk_i (net)
                  9.55    1.38 1582.65 v clkbuf_opt_2_1_clk_i/A (BUFx12_ASAP7_75t_R)
                  8.20   18.20 1600.85 v clkbuf_opt_2_1_clk_i/Y (BUFx12_ASAP7_75t_R)
     1    5.02                           clknet_opt_2_1_clk_i (net)
                  9.45    1.60 1602.45 v clkbuf_leaf_22_clk_i/A (BUFx12_ASAP7_75t_R)
                 22.01   23.66 1626.11 v clkbuf_leaf_22_clk_i/Y (BUFx12_ASAP7_75t_R)
    30   28.51                           clknet_leaf_22_clk_i (net)
                 24.37    3.79 1629.90 v lut/_36739_/A (AND2x2_ASAP7_75t_R)
                 13.32   25.19 1655.09 v lut/_36739_/Y (AND2x2_ASAP7_75t_R)
     1    2.49                           lut/gen_sub_units_scm[4].sub_unit_i.cg_we_global.clk_o (net)
                 13.38    0.49 1655.58 v clkbuf_0_lut/gen_sub_units_scm[4].sub_unit_i.cg_we_global.clk_o/A (BUFx12_ASAP7_75t_R)
                  9.65   20.22 1675.80 v clkbuf_0_lut/gen_sub_units_scm[4].sub_unit_i.cg_we_global.clk_o/Y (BUFx12_ASAP7_75t_R)
     4    7.11                           clknet_0_lut/gen_sub_units_scm[4].sub_unit_i.cg_we_global.clk_o (net)
                  9.98    0.93 1676.73 v clkbuf_2_3__f_lut/gen_sub_units_scm[4].sub_unit_i.cg_we_global.clk_o/A (BUFx12_ASAP7_75t_R)
                  8.79   18.64 1695.37 v clkbuf_2_3__f_lut/gen_sub_units_scm[4].sub_unit_i.cg_we_global.clk_o/Y (BUFx12_ASAP7_75t_R)
     7    5.83                           clknet_2_3__leaf_lut/gen_sub_units_scm[4].sub_unit_i.cg_we_global.clk_o (net)
                  9.36    1.15 1696.51 v lut/_38945_/CLK (DLLx1_ASAP7_75t_R)
                  8.20   30.73 1727.24 v lut/_38945_/Q (DLLx1_ASAP7_75t_R)
     1    0.73                           lut/gen_sub_units_scm[4].sub_unit_i.gen_cg_word_iter[23].cg_i.en_latch (net)
                  8.20    0.06 1727.31 v lut/_36749_/C (AND3x1_ASAP7_75t_R)
                               1727.31   data arrival time

                       3000.00 3000.00   clock clk_i (rise edge)
                          0.00 3000.00   clock source latency
                  0.00    0.00 3000.00 ^ clk_i (in)
     1   11.08                           clk_i (net)
                 11.55    3.64 3003.64 ^ clkbuf_0_clk_i/A (BUFx12_ASAP7_75t_R)
                 11.00   18.82 3022.46 ^ clkbuf_0_clk_i/Y (BUFx12_ASAP7_75t_R)
     2    8.40                           clknet_0_clk_i (net)
                 12.15    1.85 3024.31 ^ clkbuf_1_0__f_clk_i/A (BUFx12_ASAP7_75t_R)
                 31.15   23.58 3047.89 ^ clkbuf_1_0__f_clk_i/Y (BUFx12_ASAP7_75t_R)
    12   39.34                           clknet_1_0__leaf_clk_i (net)
                 48.04   12.27 3060.16 ^ clkbuf_leaf_23_clk_i/A (BUFx12_ASAP7_75t_R)
                  9.56   26.97 3087.13 ^ clkbuf_leaf_23_clk_i/Y (BUFx12_ASAP7_75t_R)
     6    4.96                           clknet_leaf_23_clk_i (net)
                  9.61    0.34 3087.48 ^ lut/_36749_/A (AND3x1_ASAP7_75t_R)
                          0.00 3087.48   clock reconvergence pessimism
                          0.00 3087.48   clock gating setup time
                               3087.48   data required time
-----------------------------------------------------------------------------
                               3087.48   data required time
                               -1727.31   data arrival time
-----------------------------------------------------------------------------
                               1360.17   slack (MET)


Startpoint: fp_adder/adder/_2333_
            (rising edge-triggered flip-flop clocked by clk_i')
Endpoint: _762_ (rising edge-triggered flip-flop clocked by clk_i)
Path Group: clk_i
Path Type: max

Fanout     Cap    Slew   Delay    Time   Description
-----------------------------------------------------------------------------
                       1500.00 1500.00   clock clk_i' (rise edge)
                          0.00 1500.00   clock source latency
                  0.00    0.00 1500.00 v clk_i (in)
     1   11.09                           clk_i (net)
                 11.55    3.64 1503.64 v clkbuf_0_clk_i/A (BUFx12_ASAP7_75t_R)
                 10.64   19.86 1523.50 v clkbuf_0_clk_i/Y (BUFx12_ASAP7_75t_R)
     2    8.40                           clknet_0_clk_i (net)
                 11.47    1.55 1525.05 v clkbuf_1_1__f_clk_i/A (BUFx12_ASAP7_75t_R)
                 30.64   24.66 1549.71 v clkbuf_1_1__f_clk_i/Y (BUFx12_ASAP7_75t_R)
    12   41.97                           clknet_1_1__leaf_clk_i (net)
                 44.64   11.03 1560.74 v clkbuf_leaf_13_clk_i/A (BUFx12_ASAP7_75t_R)
                 20.89   33.80 1594.54 v clkbuf_leaf_13_clk_i/Y (BUFx12_ASAP7_75t_R)
    30   25.20                           clknet_leaf_13_clk_i (net)
                 24.28    4.40 1598.94 v _26_41/A (INVx1_ASAP7_75t_R)
                 10.87    9.38 1608.32 ^ _26_41/Y (INVx1_ASAP7_75t_R)
     1    0.74                           net890 (net)
                 10.87    0.07 1608.39 ^ fp_adder/adder/_2333_/CLK (ASYNC_DFFHx1_ASAP7_75t_R)
                 46.29   59.23 1667.62 v fp_adder/adder/_2333_/QN (ASYNC_DFFHx1_ASAP7_75t_R)
     4    6.83                           fp_adder/adder/_0063_ (net)
                 46.30    0.42 1668.04 v fp_adder/adder/_1187_/A (INVx2_ASAP7_75t_R)
                 27.73   21.46 1689.50 ^ fp_adder/adder/_1187_/Y (INVx2_ASAP7_75t_R)
     3    5.54                           fp_adder/adder/_0291_ (net)
                 27.77    0.59 1690.09 ^ fp_adder/adder/_1188_/B (NOR2x2_ASAP7_75t_R)
                 28.01   17.91 1708.00 v fp_adder/adder/_1188_/Y (NOR2x2_ASAP7_75t_R)
     3    5.01                           fp_adder/adder/_0298_ (net)
                 28.05    0.54 1708.54 v fp_adder/adder/_1190_/A (NOR2x2_ASAP7_75t_R)
                 35.99   24.39 1732.93 ^ fp_adder/adder/_1190_/Y (NOR2x2_ASAP7_75t_R)
     5    8.34                           fp_adder/adder/_0302_ (net)
                 36.02    0.58 1733.51 ^ fp_adder/adder/_1191_/B (NAND2x1_ASAP7_75t_R)
                 16.69   13.79 1747.30 v fp_adder/adder/_1191_/Y (NAND2x1_ASAP7_75t_R)
     1    1.44                           fp_adder/adder/_0303_ (net)
                 16.69    0.16 1747.47 v fp_adder/adder/_1192_/B (NOR2x1_ASAP7_75t_R)
                 22.97   16.21 1763.68 ^ fp_adder/adder/_1192_/Y (NOR2x1_ASAP7_75t_R)
     1    2.56                           fp_adder/adder/_0304_ (net)
                 22.98    0.31 1763.99 ^ fp_adder/adder/_1193_/B (NAND2x2_ASAP7_75t_R)
                 34.49   21.81 1785.80 v fp_adder/adder/_1193_/Y (NAND2x2_ASAP7_75t_R)
     6   10.81                           fp_adder/adder/_0305_ (net)
                 34.90    2.07 1787.87 v fp_adder/adder/_1234_/A (NAND2x2_ASAP7_75t_R)
                 55.85   36.97 1824.84 ^ fp_adder/adder/_1234_/Y (NAND2x2_ASAP7_75t_R)
     7   12.96                           fp_adder/adder/_0346_ (net)
                 55.99    1.72 1826.56 ^ load_slew81/A (BUFx16f_ASAP7_75t_R)
                  9.55   24.32 1850.88 ^ load_slew81/Y (BUFx16f_ASAP7_75t_R)
     6    7.71                           net81 (net)
                 10.14    1.18 1852.05 ^ fp_adder/adder/_1474_/A1 (OAI21x1_ASAP7_75t_R)
                 37.72   18.73 1870.79 v fp_adder/adder/_1474_/Y (OAI21x1_ASAP7_75t_R)
     4    6.91                           fp_adder/adder/_0577_ (net)
                 37.91    1.52 1872.30 v rebuffer76/A (BUFx12_ASAP7_75t_R)
                 19.50   30.82 1903.12 v rebuffer76/Y (BUFx12_ASAP7_75t_R)
     8   21.12                           net925 (net)
                 24.13    4.89 1908.01 v fp_adder/adder/_1501_/A (CKINVDCx20_ASAP7_75t_R)
                 10.10    9.33 1917.34 ^ fp_adder/adder/_1501_/Y (CKINVDCx20_ASAP7_75t_R)
     6    8.98                           fp_adder/adder/_0604_ (net)
                 10.93    1.47 1918.81 ^ fp_adder/adder/_2025_/B (OAI21x1_ASAP7_75t_R)
                 22.69   12.73 1931.54 v fp_adder/adder/_2025_/Y (OAI21x1_ASAP7_75t_R)
     2    2.98                           fp_adder/adder/_1128_ (net)
                 22.69    0.14 1931.68 v fp_adder/adder/_2027_/A2 (OAI21x1_ASAP7_75t_R)
                 36.32   21.99 1953.68 ^ fp_adder/adder/_2027_/Y (OAI21x1_ASAP7_75t_R)
     2    4.74                           fp_adder/adder/_1130_ (net)
                 36.33    0.41 1954.08 ^ fp_adder/adder/_2028_/B (NAND2x2_ASAP7_75t_R)
                 38.62   26.83 1980.91 v fp_adder/adder/_2028_/Y (NAND2x2_ASAP7_75t_R)
     8   11.57                           fp_adder/adder/_1131_ (net)
                 38.90    1.84 1982.75 v fp_adder/adder/_2043_/A (NAND2x2_ASAP7_75t_R)
                 47.51   34.49 2017.24 ^ fp_adder/adder/_2043_/Y (NAND2x2_ASAP7_75t_R)
     8   10.41                           fp_adder/adder/_1146_ (net)
                 47.57    1.00 2018.24 ^ fp_adder/adder/_2063_/A2 (AOI21x1_ASAP7_75t_R)
                 22.08   16.13 2034.37 v fp_adder/adder/_2063_/Y (AOI21x1_ASAP7_75t_R)
     2    2.69                           fp_adder/adder/_1166_ (net)
                 22.10    0.40 2034.77 v fp_adder/adder/_2067_/A (NOR2x1_ASAP7_75t_R)
                 18.49   13.79 2048.56 ^ fp_adder/adder/_2067_/Y (NOR2x1_ASAP7_75t_R)
     1    1.26                           fp_adder/adder/_0067_ (net)
                 18.49    0.08 2048.64 ^ fp_adder/adder/_2074_/A2 (OAI21x1_ASAP7_75t_R)
                 24.54   14.85 2063.49 v fp_adder/adder/_2074_/Y (OAI21x1_ASAP7_75t_R)
     3    3.79                           fp_adder/adder/_0074_ (net)
                 24.56    0.30 2063.79 v fp_adder/adder/_2105_/A (INVx2_ASAP7_75t_R)
                 10.34    8.82 2072.61 ^ fp_adder/adder/_2105_/Y (INVx2_ASAP7_75t_R)
     1    1.43                           fp_adder/adder/_0105_ (net)
                 10.34    0.09 2072.70 ^ fp_adder/adder/_2111_/A1 (OAI21x1_ASAP7_75t_R)
                 14.20    7.91 2080.61 v fp_adder/adder/_2111_/Y (OAI21x1_ASAP7_75t_R)
     1    1.32                           fp_adder/adder/_0111_ (net)
                 14.20    0.14 2080.75 v fp_adder/adder/_2115_/A (NAND2x1_ASAP7_75t_R)
                 22.33   17.08 2097.83 ^ fp_adder/adder/_2115_/Y (NAND2x1_ASAP7_75t_R)
     1    2.33                           fp_adder/adder/_0116_ (net)
                 22.33    0.06 2097.88 ^ fp_adder/adder/_2116_/B (NOR2x2_ASAP7_75t_R)
                 16.33   13.83 2111.71 v fp_adder/adder/_2116_/Y (NOR2x2_ASAP7_75t_R)
     2    3.25                           fp_adder/adder/_0117_ (net)
                 16.38    0.45 2112.17 v fp_adder/adder/_2186_/B (NAND3x1_ASAP7_75t_R)
                 21.38   16.79 2128.96 ^ fp_adder/adder/_2186_/Y (NAND3x1_ASAP7_75t_R)
     1    1.50                           fp_adder/adder/_0194_ (net)
                 21.39    0.22 2129.18 ^ fp_adder/adder/_2189_/A2 (AOI21x1_ASAP7_75t_R)
                 13.74    9.67 2138.84 v fp_adder/adder/_2189_/Y (AOI21x1_ASAP7_75t_R)
     1    1.24                           fp_adder/adder/_0197_ (net)
                 13.74    0.07 2138.91 v fp_adder/adder/_2204_/A2 (AOI21x1_ASAP7_75t_R)
                 68.62   32.52 2171.43 ^ fp_adder/adder/_2204_/Y (AOI21x1_ASAP7_75t_R)
     6   10.38                           fp_adder/adder/adder.Mant_addOut_D[0] (net)
                 68.94    2.68 2174.12 ^ fp_adder/adder/_2208_/A2 (AOI21x1_ASAP7_75t_R)
                 55.83   23.20 2197.31 v fp_adder/adder/_2208_/Y (AOI21x1_ASAP7_75t_R)
     3    4.57                           fp_adder/adder/_0217_ (net)
                 55.84    0.40 2197.71 v fp_adder/adder/_2209_/B (NAND2x1_ASAP7_75t_R)
                 30.82   27.13 2224.84 ^ fp_adder/adder/_2209_/Y (NAND2x1_ASAP7_75t_R)
     2    2.39                           fp_adder/adder/_0218_ (net)
                 30.82    0.16 2225.00 ^ fp_adder/adder/_2211_/A2 (OAI21x1_ASAP7_75t_R)
                 20.71   15.03 2240.04 v fp_adder/adder/_2211_/Y (OAI21x1_ASAP7_75t_R)
     3    2.99                           fp_adder/adder/_0220_ (net)
                 20.72    0.23 2240.26 v fp_adder/adder/_2218_/A2 (AOI21x1_ASAP7_75t_R)
                 39.34   23.89 2264.15 ^ fp_adder/adder/_2218_/Y (AOI21x1_ASAP7_75t_R)
     5    5.69                           fp_adder/adder/_0228_ (net)
                 39.37    0.61 2264.77 ^ fp_adder/adder/_2236_/A2 (OAI21x1_ASAP7_75t_R)
                 35.77   22.95 2287.72 v fp_adder/adder/_2236_/Y (OAI21x1_ASAP7_75t_R)
     5    6.09                           fp_adder/adder/_0248_ (net)
                 35.89    1.15 2288.86 v fp_adder/adder/_2237_/B (NAND2x1_ASAP7_75t_R)
                 23.70   20.75 2309.62 ^ fp_adder/adder/_2237_/Y (NAND2x1_ASAP7_75t_R)
     2    1.99                           fp_adder/adder/_0249_ (net)
                 23.70    0.19 2309.81 ^ fp_adder/adder/_2301_/A (AND2x2_ASAP7_75t_R)
                 12.80   22.14 2331.95 ^ fp_adder/adder/_2301_/Y (AND2x2_ASAP7_75t_R)
     2    2.24                           fp_adder/adder/_0295_ (net)
                 12.81    0.19 2332.14 ^ fp_adder/adder/_2305_/A2 (OAI21x1_ASAP7_75t_R)
                 11.00    8.26 2340.40 v fp_adder/adder/_2305_/Y (OAI21x1_ASAP7_75t_R)
     1    1.09                           fp_adder/adder/_0299_ (net)
                 11.00    0.02 2340.42 v fp_adder/adder/_2306_/A (XOR2x2_ASAP7_75t_R)
                 21.02   34.54 2374.96 ^ fp_adder/adder/_2306_/Y (XOR2x2_ASAP7_75t_R)
     3    4.40                           fp_adder/adder/adder.Mant_addOut_D[25] (net)
                 21.04    0.40 2375.36 ^ fp_adder/adder/norm/_1296_/A (NOR2x2_ASAP7_75t_R)
                 17.43   15.87 2391.23 v fp_adder/adder/norm/_1296_/Y (NOR2x2_ASAP7_75t_R)
     2    3.76                           fp_adder/adder/norm/_0356_ (net)
                 17.44    0.24 2391.47 v fp_adder/adder/norm/_1297_/B (NAND2x2_ASAP7_75t_R)
                 23.98   16.80 2408.27 ^ fp_adder/adder/norm/_1297_/Y (NAND2x2_ASAP7_75t_R)
     3    4.88                           fp_adder/adder/norm/_0363_ (net)
                 24.04    0.65 2408.92 ^ fp_adder/adder/norm/_1301_/A (NOR2x2_ASAP7_75t_R)
                 30.43   22.88 2431.80 v fp_adder/adder/norm/_1301_/Y (NOR2x2_ASAP7_75t_R)
     6    8.33                           fp_adder/adder/norm/_0383_ (net)
                 30.46    0.56 2432.37 v fp_adder/adder/norm/_1309_/A (NAND2x2_ASAP7_75t_R)
                 45.75   31.57 2463.94 ^ fp_adder/adder/norm/_1309_/Y (NAND2x2_ASAP7_75t_R)
     6   10.48                           fp_adder/adder/norm/_0391_ (net)
                 45.86    1.31 2465.24 ^ fp_adder/adder/norm/_1316_/A (NOR2x2_ASAP7_75t_R)
                 44.00   34.59 2499.83 v fp_adder/adder/norm/_1316_/Y (NOR2x2_ASAP7_75t_R)
     8   11.74                           fp_adder/adder/norm/_0398_ (net)
                 44.01    0.42 2500.26 v fp_adder/adder/norm/_1412_/A2 (AOI21x1_ASAP7_75t_R)
                 62.88   37.41 2537.67 ^ fp_adder/adder/norm/_1412_/Y (AOI21x1_ASAP7_75t_R)
     7    9.11                           fp_adder/adder/norm/_0494_ (net)
                 63.02    1.68 2539.35 ^ fp_adder/adder/norm/_1475_/B (NOR2x1_ASAP7_75t_R)
                 28.49   25.35 2564.70 v fp_adder/adder/norm/_1475_/Y (NOR2x1_ASAP7_75t_R)
     2    2.55                           fp_adder/adder/norm/_0557_ (net)
                 28.49    0.02 2564.72 v fp_adder/adder/norm/_1478_/A1 (OAI21x1_ASAP7_75t_R)
                 17.79   15.05 2579.77 ^ fp_adder/adder/norm/_1478_/Y (OAI21x1_ASAP7_75t_R)
     1    1.26                           fp_adder/adder/norm/_0560_ (net)
                 17.79    0.12 2579.89 ^ fp_adder/adder/norm/_1479_/B (NOR2x1_ASAP7_75t_R)
                 13.92   11.27 2591.16 v fp_adder/adder/norm/_1479_/Y (NOR2x1_ASAP7_75t_R)
     1    1.18                           fp_adder/adder/norm/_0561_ (net)
                 13.92    0.02 2591.18 v fp_adder/adder/norm/_1480_/A2 (AOI21x1_ASAP7_75t_R)
                 15.13   11.02 2602.21 ^ fp_adder/adder/norm/_1480_/Y (AOI21x1_ASAP7_75t_R)
     1    1.28                           fp_adder/adder/norm/_0562_ (net)
                 15.13    0.08 2602.29 ^ fp_adder/adder/norm/_1482_/A2 (OAI21x1_ASAP7_75t_R)
                 11.69    9.00 2611.29 v fp_adder/adder/norm/_1482_/Y (OAI21x1_ASAP7_75t_R)
     1    1.27                           fp_adder/adder/norm/_0564_ (net)
                 11.70    0.08 2611.37 v fp_adder/adder/norm/_1484_/A2 (AOI21x1_ASAP7_75t_R)
                 81.02   39.41 2650.78 ^ fp_adder/adder/norm/_1484_/Y (AOI21x1_ASAP7_75t_R)
     8   12.81                           fp_adder/adder/norm/_0566_ (net)
                 81.06    1.10 2651.88 ^ fp_adder/adder/norm/_1502_/B (NOR2x2_ASAP7_75t_R)
                 34.15   29.06 2680.94 v fp_adder/adder/norm/_1502_/Y (NOR2x2_ASAP7_75t_R)
     3    5.37                           fp_adder/adder/norm/_0584_ (net)
                 34.20    0.73 2681.67 v fp_adder/adder/norm/_1543_/B (NOR2x2_ASAP7_75t_R)
                 39.10   27.10 2708.78 ^ fp_adder/adder/norm/_1543_/Y (NOR2x2_ASAP7_75t_R)
     6    8.63                           fp_adder/adder/norm/_0625_ (net)
                 39.12    0.53 2709.31 ^ load_slew77/A (BUFx16f_ASAP7_75t_R)
                 19.27   24.81 2734.12 ^ load_slew77/Y (BUFx16f_ASAP7_75t_R)
    15   26.46                           net77 (net)
                 23.59    4.70 2738.82 ^ load_slew76/A (BUFx16f_ASAP7_75t_R)
                 27.21   21.92 2760.74 ^ load_slew76/Y (BUFx16f_ASAP7_75t_R)
    25   43.18                           net76 (net)
                 50.62   14.18 2774.92 ^ fp_adder/adder/norm/_1547_/A (CKINVDCx20_ASAP7_75t_R)
                 31.96   14.62 2789.54 v fp_adder/adder/norm/_1547_/Y (CKINVDCx20_ASAP7_75t_R)
    32   44.10                           fp_adder/adder/norm/_0629_ (net)
                 59.15   16.65 2806.18 v fp_adder/adder/norm/_1567_/B (NOR2x2_ASAP7_75t_R)
                 39.61   29.87 2836.05 ^ fp_adder/adder/norm/_1567_/Y (NOR2x2_ASAP7_75t_R)
     6    6.94                           fp_adder/adder/norm/_0649_ (net)
                 39.66    0.77 2836.82 ^ fp_adder/adder/norm/_1568_/B (NOR2x2_ASAP7_75t_R)
                 77.02   45.72 2882.54 v fp_adder/adder/norm/_1568_/Y (NOR2x2_ASAP7_75t_R)
     6   24.10                           fp_adder/adder/norm/_0650_ (net)
                 77.08    1.25 2883.79 v split80/A (BUFx3_ASAP7_75t_R)
                 18.62   33.12 2916.91 v split80/Y (BUFx3_ASAP7_75t_R)
     4    7.38                           net929 (net)
                 18.93    1.30 2918.20 v fp_adder/adder/norm/_2143_/A1 (AOI21x1_ASAP7_75t_R)
                 22.19   14.92 2933.13 ^ fp_adder/adder/norm/_2143_/Y (AOI21x1_ASAP7_75t_R)
     2    2.59                           fp_adder/adder/norm/_1232_ (net)
                 22.20    0.26 2933.39 ^ fp_adder/adder/norm/_2144_/B (NAND2x1_ASAP7_75t_R)
                 23.86   13.68 2947.07 v fp_adder/adder/norm/_2144_/Y (NAND2x1_ASAP7_75t_R)
     1    2.13                           fp_adder/adder/norm/_1233_ (net)
                 23.86    0.19 2947.26 v fp_adder/adder/norm/_2151_/A (NAND2x2_ASAP7_75t_R)
                 18.32   17.17 2964.42 ^ fp_adder/adder/norm/_2151_/Y (NAND2x2_ASAP7_75t_R)
     1    2.74                           fp_adder/adder/norm/_1240_ (net)
                 18.35    0.39 2964.81 ^ fp_adder/adder/norm/_2152_/B (NOR2x2_ASAP7_75t_R)
                 20.43   13.52 2978.33 v fp_adder/adder/norm/_2152_/Y (NOR2x2_ASAP7_75t_R)
     2    3.66                           fp_adder/adder/norm/_1241_ (net)
                 20.44    0.26 2978.59 v fp_adder/adder/norm/_2160_/A (NAND2x2_ASAP7_75t_R)
                 28.26   21.21 2999.80 ^ fp_adder/adder/norm/_2160_/Y (NAND2x2_ASAP7_75t_R)
     4    6.02                           fp_adder/adder/norm/_1250_ (net)
                 28.34    0.84 3000.64 ^ fp_adder/adder/norm/_2161_/B (NOR2x2_ASAP7_75t_R)
                 24.79   20.10 3020.74 v fp_adder/adder/norm/_2161_/Y (NOR2x2_ASAP7_75t_R)
     4    6.24                           fp_adder/adder/norm/_1251_ (net)
                 24.82    0.42 3021.16 v fp_adder/adder/norm/_2204_/A (NAND3x2_ASAP7_75t_R)
                 46.14   27.68 3048.84 ^ fp_adder/adder/norm/_2204_/Y (NAND3x2_ASAP7_75t_R)
     6    9.64                           fp_adder/adder/norm/_0045_ (net)
                 46.32    1.61 3050.45 ^ fp_adder/adder/norm/_2363_/A (NOR2x2_ASAP7_75t_R)
                 42.89   32.63 3083.08 v fp_adder/adder/norm/_2363_/Y (NOR2x2_ASAP7_75t_R)
     7   10.58                           fp_adder/adder/norm/_0220_ (net)
                 43.08    1.64 3084.71 v fp_adder/adder/norm/_2366_/A (NAND3x2_ASAP7_75t_R)
                 24.13   22.55 3107.26 ^ fp_adder/adder/norm/_2366_/Y (NAND3x2_ASAP7_75t_R)
     2    3.25                           fp_adder/adder/norm/_0222_ (net)
                 24.16    0.40 3107.66 ^ fp_adder/adder/norm/_2372_/A2 (OAI21x1_ASAP7_75t_R)
                 24.24   16.18 3123.84 v fp_adder/adder/norm/_2372_/Y (OAI21x1_ASAP7_75t_R)
     3    4.00                           fp_adder/adder/norm/_0227_ (net)
                 24.25    0.36 3124.21 v fp_adder/adder/norm/_2384_/A2 (AOI21x1_ASAP7_75t_R)
                 29.47   19.99 3144.19 ^ fp_adder/adder/norm/_2384_/Y (AOI21x1_ASAP7_75t_R)
     3    3.86                           fp_adder/adder/norm/_0239_ (net)
                 29.48    0.40 3144.59 ^ fp_adder/adder/norm/_2394_/A2 (OAI21x1_ASAP7_75t_R)
                 20.75   14.96 3159.55 v fp_adder/adder/norm/_2394_/Y (OAI21x1_ASAP7_75t_R)
     2    3.04                           fp_adder/adder/norm/_0248_ (net)
                 20.76    0.25 3159.80 v fp_adder/adder/norm/_2398_/A2 (AOI21x1_ASAP7_75t_R)
                 17.33   13.78 3173.58 ^ fp_adder/adder/norm/_2398_/Y (AOI21x1_ASAP7_75t_R)
     1    1.77                           fp_adder/adder/norm/_0251_ (net)
                 17.33    0.07 3173.65 ^ fp_adder/adder/norm/_2400_/A (XOR2x1_ASAP7_75t_R)
                 18.39   21.31 3194.96 ^ fp_adder/adder/norm/_2400_/Y (XOR2x1_ASAP7_75t_R)
     2    1.62                           result_int_d[30] (net)
                 18.40    0.10 3195.06 ^ _600_/A2 (AO21x1_ASAP7_75t_R)
                 10.55   15.71 3210.77 ^ _600_/Y (AO21x1_ASAP7_75t_R)
     1    0.76                           _281_ (net)
                 10.55    0.07 3210.83 ^ _601_/B (AND2x2_ASAP7_75t_R)
                 12.94   17.07 3227.90 ^ _601_/Y (AND2x2_ASAP7_75t_R)
     1    0.84                           _139_ (net)
                 12.94    0.08 3227.98 ^ _762_/D (ASYNC_DFFHx1_ASAP7_75t_R)
                               3227.98   data arrival time

                       3000.00 3000.00   clock clk_i (rise edge)
                          0.00 3000.00   clock source latency
                  0.00    0.00 3000.00 ^ clk_i (in)
     1   11.08                           clk_i (net)
                 11.55    3.64 3003.64 ^ clkbuf_0_clk_i/A (BUFx12_ASAP7_75t_R)
                 11.00   18.82 3022.46 ^ clkbuf_0_clk_i/Y (BUFx12_ASAP7_75t_R)
     2    8.40                           clknet_0_clk_i (net)
                 11.81    1.55 3024.01 ^ clkbuf_1_1__f_clk_i/A (BUFx12_ASAP7_75t_R)
                 33.19   24.25 3048.26 ^ clkbuf_1_1__f_clk_i/Y (BUFx12_ASAP7_75t_R)
    12   41.93                           clknet_1_1__leaf_clk_i (net)
                 46.46   11.05 3059.31 ^ clkbuf_leaf_13_clk_i/A (BUFx12_ASAP7_75t_R)
                 22.42   31.74 3091.05 ^ clkbuf_leaf_13_clk_i/Y (BUFx12_ASAP7_75t_R)
    30   25.22                           clknet_leaf_13_clk_i (net)
                 24.28    3.39 3094.44 ^ _762_/CLK (ASYNC_DFFHx1_ASAP7_75t_R)
                          0.00 3094.44   clock reconvergence pessimism
                         -5.03 3089.41   library setup time
                               3089.41   data required time
-----------------------------------------------------------------------------
                               3089.41   data required time
                               -3227.98   data arrival time
-----------------------------------------------------------------------------
                               -138.57   slack (VIOLATED)



==========================================================================
global route report_checks -unconstrained
--------------------------------------------------------------------------
Startpoint: rst_ni (input port clocked by clk_i)
Endpoint: fp_adder/adder/_2339_
          (recovery check against rising-edge clock clk_i')
Path Group: **async_default**
Path Type: max

Fanout     Cap    Slew   Delay    Time   Description
-----------------------------------------------------------------------------
                          0.00    0.00   clock clk_i (rise edge)
                          0.00    0.00   clock network delay (propagated)
                        300.00  300.00 ^ input external delay
                  0.00    0.00  300.00 ^ rst_ni (in)
     1    3.03                           rst_ni (net)
                  0.60    0.19  300.19 ^ input11/A (BUFx16f_ASAP7_75t_R)
                 17.95   13.59  313.78 ^ input11/Y (BUFx16f_ASAP7_75t_R)
     2   25.95                           net11 (net)
                 27.48    6.77  320.55 ^ _358_/A (CKINVDCx20_ASAP7_75t_R)
                 25.01   16.25  336.80 v _358_/Y (CKINVDCx20_ASAP7_75t_R)
   150  153.01                           _000_ (net)
                378.61  119.96  456.76 v fp_adder/adder/_2339_/RESET (ASYNC_DFFHx1_ASAP7_75t_R)
                                456.76   data arrival time

                       1500.00 1500.00   clock clk_i' (rise edge)
                          0.00 1500.00   clock source latency
                  0.00    0.00 1500.00 v clk_i (in)
     1   11.09                           clk_i (net)
                 11.55    3.64 1503.64 v clkbuf_0_clk_i/A (BUFx12_ASAP7_75t_R)
                 10.64   19.86 1523.50 v clkbuf_0_clk_i/Y (BUFx12_ASAP7_75t_R)
     2    8.40                           clknet_0_clk_i (net)
                 11.47    1.55 1525.05 v clkbuf_1_1__f_clk_i/A (BUFx12_ASAP7_75t_R)
                 30.64   24.66 1549.71 v clkbuf_1_1__f_clk_i/Y (BUFx12_ASAP7_75t_R)
    12   41.97                           clknet_1_1__leaf_clk_i (net)
                 33.11    4.55 1554.26 v clkbuf_leaf_12_clk_i/A (BUFx12_ASAP7_75t_R)
                 22.44   31.69 1585.95 v clkbuf_leaf_12_clk_i/Y (BUFx12_ASAP7_75t_R)
    30   28.87                           clknet_leaf_12_clk_i (net)
                 23.22    2.29 1588.25 v _26_35/A (INVx1_ASAP7_75t_R)
                  9.83    8.62 1596.87 ^ _26_35/Y (INVx1_ASAP7_75t_R)
     1    0.59                           net884 (net)
                  9.83    0.01 1596.88 ^ fp_adder/adder/_2339_/CLK (ASYNC_DFFHx1_ASAP7_75t_R)
                          0.00 1596.88   clock reconvergence pessimism
                         39.39 1636.27   library recovery time
                               1636.27   data required time
-----------------------------------------------------------------------------
                               1636.27   data required time
                               -456.76   data arrival time
-----------------------------------------------------------------------------
                               1179.51   slack (MET)


Startpoint: lut/_38945_ (negative level-sensitive latch clocked by clk_i)
Endpoint: lut/_36749_ (rising clock gating-check end-point clocked by clk_i)
Path Group: **clock_gating_default**
Path Type: max

Fanout     Cap    Slew   Delay    Time   Description
-----------------------------------------------------------------------------
                       1500.00 1500.00   clock clk_i (fall edge)
                          0.00 1500.00   clock source latency
                  0.00    0.00 1500.00 v clk_i (in)
     1   11.09                           clk_i (net)
                 11.55    3.64 1503.64 v clkbuf_0_clk_i/A (BUFx12_ASAP7_75t_R)
                 10.64   19.86 1523.50 v clkbuf_0_clk_i/Y (BUFx12_ASAP7_75t_R)
     2    8.40                           clknet_0_clk_i (net)
                 11.82    1.85 1525.35 v clkbuf_1_0__f_clk_i/A (BUFx12_ASAP7_75t_R)
                 28.73   24.07 1549.43 v clkbuf_1_0__f_clk_i/Y (BUFx12_ASAP7_75t_R)
    12   39.38                           clknet_1_0__leaf_clk_i (net)
                 33.76    5.95 1555.38 v clkbuf_opt_2_0_clk_i/A (BUFx12_ASAP7_75t_R)
                  8.66   25.89 1581.27 v clkbuf_opt_2_0_clk_i/Y (BUFx12_ASAP7_75t_R)
     1    4.57                           clknet_opt_2_0_clk_i (net)
                  9.55    1.38 1582.65 v clkbuf_opt_2_1_clk_i/A (BUFx12_ASAP7_75t_R)
                  8.20   18.20 1600.85 v clkbuf_opt_2_1_clk_i/Y (BUFx12_ASAP7_75t_R)
     1    5.02                           clknet_opt_2_1_clk_i (net)
                  9.45    1.60 1602.45 v clkbuf_leaf_22_clk_i/A (BUFx12_ASAP7_75t_R)
                 22.01   23.66 1626.11 v clkbuf_leaf_22_clk_i/Y (BUFx12_ASAP7_75t_R)
    30   28.51                           clknet_leaf_22_clk_i (net)
                 24.37    3.79 1629.90 v lut/_36739_/A (AND2x2_ASAP7_75t_R)
                 13.32   25.19 1655.09 v lut/_36739_/Y (AND2x2_ASAP7_75t_R)
     1    2.49                           lut/gen_sub_units_scm[4].sub_unit_i.cg_we_global.clk_o (net)
                 13.38    0.49 1655.58 v clkbuf_0_lut/gen_sub_units_scm[4].sub_unit_i.cg_we_global.clk_o/A (BUFx12_ASAP7_75t_R)
                  9.65   20.22 1675.80 v clkbuf_0_lut/gen_sub_units_scm[4].sub_unit_i.cg_we_global.clk_o/Y (BUFx12_ASAP7_75t_R)
     4    7.11                           clknet_0_lut/gen_sub_units_scm[4].sub_unit_i.cg_we_global.clk_o (net)
                  9.98    0.93 1676.73 v clkbuf_2_3__f_lut/gen_sub_units_scm[4].sub_unit_i.cg_we_global.clk_o/A (BUFx12_ASAP7_75t_R)
                  8.79   18.64 1695.37 v clkbuf_2_3__f_lut/gen_sub_units_scm[4].sub_unit_i.cg_we_global.clk_o/Y (BUFx12_ASAP7_75t_R)
     7    5.83                           clknet_2_3__leaf_lut/gen_sub_units_scm[4].sub_unit_i.cg_we_global.clk_o (net)
                  9.36    1.15 1696.51 v lut/_38945_/CLK (DLLx1_ASAP7_75t_R)
                  8.20   30.73 1727.24 v lut/_38945_/Q (DLLx1_ASAP7_75t_R)
     1    0.73                           lut/gen_sub_units_scm[4].sub_unit_i.gen_cg_word_iter[23].cg_i.en_latch (net)
                  8.20    0.06 1727.31 v lut/_36749_/C (AND3x1_ASAP7_75t_R)
                               1727.31   data arrival time

                       3000.00 3000.00   clock clk_i (rise edge)
                          0.00 3000.00   clock source latency
                  0.00    0.00 3000.00 ^ clk_i (in)
     1   11.08                           clk_i (net)
                 11.55    3.64 3003.64 ^ clkbuf_0_clk_i/A (BUFx12_ASAP7_75t_R)
                 11.00   18.82 3022.46 ^ clkbuf_0_clk_i/Y (BUFx12_ASAP7_75t_R)
     2    8.40                           clknet_0_clk_i (net)
                 12.15    1.85 3024.31 ^ clkbuf_1_0__f_clk_i/A (BUFx12_ASAP7_75t_R)
                 31.15   23.58 3047.89 ^ clkbuf_1_0__f_clk_i/Y (BUFx12_ASAP7_75t_R)
    12   39.34                           clknet_1_0__leaf_clk_i (net)
                 48.04   12.27 3060.16 ^ clkbuf_leaf_23_clk_i/A (BUFx12_ASAP7_75t_R)
                  9.56   26.97 3087.13 ^ clkbuf_leaf_23_clk_i/Y (BUFx12_ASAP7_75t_R)
     6    4.96                           clknet_leaf_23_clk_i (net)
                  9.61    0.34 3087.48 ^ lut/_36749_/A (AND3x1_ASAP7_75t_R)
                          0.00 3087.48   clock reconvergence pessimism
                          0.00 3087.48   clock gating setup time
                               3087.48   data required time
-----------------------------------------------------------------------------
                               3087.48   data required time
                               -1727.31   data arrival time
-----------------------------------------------------------------------------
                               1360.17   slack (MET)


Startpoint: fp_adder/adder/_2333_
            (rising edge-triggered flip-flop clocked by clk_i')
Endpoint: _762_ (rising edge-triggered flip-flop clocked by clk_i)
Path Group: clk_i
Path Type: max

Fanout     Cap    Slew   Delay    Time   Description
-----------------------------------------------------------------------------
                       1500.00 1500.00   clock clk_i' (rise edge)
                          0.00 1500.00   clock source latency
                  0.00    0.00 1500.00 v clk_i (in)
     1   11.09                           clk_i (net)
                 11.55    3.64 1503.64 v clkbuf_0_clk_i/A (BUFx12_ASAP7_75t_R)
                 10.64   19.86 1523.50 v clkbuf_0_clk_i/Y (BUFx12_ASAP7_75t_R)
     2    8.40                           clknet_0_clk_i (net)
                 11.47    1.55 1525.05 v clkbuf_1_1__f_clk_i/A (BUFx12_ASAP7_75t_R)
                 30.64   24.66 1549.71 v clkbuf_1_1__f_clk_i/Y (BUFx12_ASAP7_75t_R)
    12   41.97                           clknet_1_1__leaf_clk_i (net)
                 44.64   11.03 1560.74 v clkbuf_leaf_13_clk_i/A (BUFx12_ASAP7_75t_R)
                 20.89   33.80 1594.54 v clkbuf_leaf_13_clk_i/Y (BUFx12_ASAP7_75t_R)
    30   25.20                           clknet_leaf_13_clk_i (net)
                 24.28    4.40 1598.94 v _26_41/A (INVx1_ASAP7_75t_R)
                 10.87    9.38 1608.32 ^ _26_41/Y (INVx1_ASAP7_75t_R)
     1    0.74                           net890 (net)
                 10.87    0.07 1608.39 ^ fp_adder/adder/_2333_/CLK (ASYNC_DFFHx1_ASAP7_75t_R)
                 46.29   59.23 1667.62 v fp_adder/adder/_2333_/QN (ASYNC_DFFHx1_ASAP7_75t_R)
     4    6.83                           fp_adder/adder/_0063_ (net)
                 46.30    0.42 1668.04 v fp_adder/adder/_1187_/A (INVx2_ASAP7_75t_R)
                 27.73   21.46 1689.50 ^ fp_adder/adder/_1187_/Y (INVx2_ASAP7_75t_R)
     3    5.54                           fp_adder/adder/_0291_ (net)
                 27.77    0.59 1690.09 ^ fp_adder/adder/_1188_/B (NOR2x2_ASAP7_75t_R)
                 28.01   17.91 1708.00 v fp_adder/adder/_1188_/Y (NOR2x2_ASAP7_75t_R)
     3    5.01                           fp_adder/adder/_0298_ (net)
                 28.05    0.54 1708.54 v fp_adder/adder/_1190_/A (NOR2x2_ASAP7_75t_R)
                 35.99   24.39 1732.93 ^ fp_adder/adder/_1190_/Y (NOR2x2_ASAP7_75t_R)
     5    8.34                           fp_adder/adder/_0302_ (net)
                 36.02    0.58 1733.51 ^ fp_adder/adder/_1191_/B (NAND2x1_ASAP7_75t_R)
                 16.69   13.79 1747.30 v fp_adder/adder/_1191_/Y (NAND2x1_ASAP7_75t_R)
     1    1.44                           fp_adder/adder/_0303_ (net)
                 16.69    0.16 1747.47 v fp_adder/adder/_1192_/B (NOR2x1_ASAP7_75t_R)
                 22.97   16.21 1763.68 ^ fp_adder/adder/_1192_/Y (NOR2x1_ASAP7_75t_R)
     1    2.56                           fp_adder/adder/_0304_ (net)
                 22.98    0.31 1763.99 ^ fp_adder/adder/_1193_/B (NAND2x2_ASAP7_75t_R)
                 34.49   21.81 1785.80 v fp_adder/adder/_1193_/Y (NAND2x2_ASAP7_75t_R)
     6   10.81                           fp_adder/adder/_0305_ (net)
                 34.90    2.07 1787.87 v fp_adder/adder/_1234_/A (NAND2x2_ASAP7_75t_R)
                 55.85   36.97 1824.84 ^ fp_adder/adder/_1234_/Y (NAND2x2_ASAP7_75t_R)
     7   12.96                           fp_adder/adder/_0346_ (net)
                 55.99    1.72 1826.56 ^ load_slew81/A (BUFx16f_ASAP7_75t_R)
                  9.55   24.32 1850.88 ^ load_slew81/Y (BUFx16f_ASAP7_75t_R)
     6    7.71                           net81 (net)
                 10.14    1.18 1852.05 ^ fp_adder/adder/_1474_/A1 (OAI21x1_ASAP7_75t_R)
                 37.72   18.73 1870.79 v fp_adder/adder/_1474_/Y (OAI21x1_ASAP7_75t_R)
     4    6.91                           fp_adder/adder/_0577_ (net)
                 37.91    1.52 1872.30 v rebuffer76/A (BUFx12_ASAP7_75t_R)
                 19.50   30.82 1903.12 v rebuffer76/Y (BUFx12_ASAP7_75t_R)
     8   21.12                           net925 (net)
                 24.13    4.89 1908.01 v fp_adder/adder/_1501_/A (CKINVDCx20_ASAP7_75t_R)
                 10.10    9.33 1917.34 ^ fp_adder/adder/_1501_/Y (CKINVDCx20_ASAP7_75t_R)
     6    8.98                           fp_adder/adder/_0604_ (net)
                 10.93    1.47 1918.81 ^ fp_adder/adder/_2025_/B (OAI21x1_ASAP7_75t_R)
                 22.69   12.73 1931.54 v fp_adder/adder/_2025_/Y (OAI21x1_ASAP7_75t_R)
     2    2.98                           fp_adder/adder/_1128_ (net)
                 22.69    0.14 1931.68 v fp_adder/adder/_2027_/A2 (OAI21x1_ASAP7_75t_R)
                 36.32   21.99 1953.68 ^ fp_adder/adder/_2027_/Y (OAI21x1_ASAP7_75t_R)
     2    4.74                           fp_adder/adder/_1130_ (net)
                 36.33    0.41 1954.08 ^ fp_adder/adder/_2028_/B (NAND2x2_ASAP7_75t_R)
                 38.62   26.83 1980.91 v fp_adder/adder/_2028_/Y (NAND2x2_ASAP7_75t_R)
     8   11.57                           fp_adder/adder/_1131_ (net)
                 38.90    1.84 1982.75 v fp_adder/adder/_2043_/A (NAND2x2_ASAP7_75t_R)
                 47.51   34.49 2017.24 ^ fp_adder/adder/_2043_/Y (NAND2x2_ASAP7_75t_R)
     8   10.41                           fp_adder/adder/_1146_ (net)
                 47.57    1.00 2018.24 ^ fp_adder/adder/_2063_/A2 (AOI21x1_ASAP7_75t_R)
                 22.08   16.13 2034.37 v fp_adder/adder/_2063_/Y (AOI21x1_ASAP7_75t_R)
     2    2.69                           fp_adder/adder/_1166_ (net)
                 22.10    0.40 2034.77 v fp_adder/adder/_2067_/A (NOR2x1_ASAP7_75t_R)
                 18.49   13.79 2048.56 ^ fp_adder/adder/_2067_/Y (NOR2x1_ASAP7_75t_R)
     1    1.26                           fp_adder/adder/_0067_ (net)
                 18.49    0.08 2048.64 ^ fp_adder/adder/_2074_/A2 (OAI21x1_ASAP7_75t_R)
                 24.54   14.85 2063.49 v fp_adder/adder/_2074_/Y (OAI21x1_ASAP7_75t_R)
     3    3.79                           fp_adder/adder/_0074_ (net)
                 24.56    0.30 2063.79 v fp_adder/adder/_2105_/A (INVx2_ASAP7_75t_R)
                 10.34    8.82 2072.61 ^ fp_adder/adder/_2105_/Y (INVx2_ASAP7_75t_R)
     1    1.43                           fp_adder/adder/_0105_ (net)
                 10.34    0.09 2072.70 ^ fp_adder/adder/_2111_/A1 (OAI21x1_ASAP7_75t_R)
                 14.20    7.91 2080.61 v fp_adder/adder/_2111_/Y (OAI21x1_ASAP7_75t_R)
     1    1.32                           fp_adder/adder/_0111_ (net)
                 14.20    0.14 2080.75 v fp_adder/adder/_2115_/A (NAND2x1_ASAP7_75t_R)
                 22.33   17.08 2097.83 ^ fp_adder/adder/_2115_/Y (NAND2x1_ASAP7_75t_R)
     1    2.33                           fp_adder/adder/_0116_ (net)
                 22.33    0.06 2097.88 ^ fp_adder/adder/_2116_/B (NOR2x2_ASAP7_75t_R)
                 16.33   13.83 2111.71 v fp_adder/adder/_2116_/Y (NOR2x2_ASAP7_75t_R)
     2    3.25                           fp_adder/adder/_0117_ (net)
                 16.38    0.45 2112.17 v fp_adder/adder/_2186_/B (NAND3x1_ASAP7_75t_R)
                 21.38   16.79 2128.96 ^ fp_adder/adder/_2186_/Y (NAND3x1_ASAP7_75t_R)
     1    1.50                           fp_adder/adder/_0194_ (net)
                 21.39    0.22 2129.18 ^ fp_adder/adder/_2189_/A2 (AOI21x1_ASAP7_75t_R)
                 13.74    9.67 2138.84 v fp_adder/adder/_2189_/Y (AOI21x1_ASAP7_75t_R)
     1    1.24                           fp_adder/adder/_0197_ (net)
                 13.74    0.07 2138.91 v fp_adder/adder/_2204_/A2 (AOI21x1_ASAP7_75t_R)
                 68.62   32.52 2171.43 ^ fp_adder/adder/_2204_/Y (AOI21x1_ASAP7_75t_R)
     6   10.38                           fp_adder/adder/adder.Mant_addOut_D[0] (net)
                 68.94    2.68 2174.12 ^ fp_adder/adder/_2208_/A2 (AOI21x1_ASAP7_75t_R)
                 55.83   23.20 2197.31 v fp_adder/adder/_2208_/Y (AOI21x1_ASAP7_75t_R)
     3    4.57                           fp_adder/adder/_0217_ (net)
                 55.84    0.40 2197.71 v fp_adder/adder/_2209_/B (NAND2x1_ASAP7_75t_R)
                 30.82   27.13 2224.84 ^ fp_adder/adder/_2209_/Y (NAND2x1_ASAP7_75t_R)
     2    2.39                           fp_adder/adder/_0218_ (net)
                 30.82    0.16 2225.00 ^ fp_adder/adder/_2211_/A2 (OAI21x1_ASAP7_75t_R)
                 20.71   15.03 2240.04 v fp_adder/adder/_2211_/Y (OAI21x1_ASAP7_75t_R)
     3    2.99                           fp_adder/adder/_0220_ (net)
                 20.72    0.23 2240.26 v fp_adder/adder/_2218_/A2 (AOI21x1_ASAP7_75t_R)
                 39.34   23.89 2264.15 ^ fp_adder/adder/_2218_/Y (AOI21x1_ASAP7_75t_R)
     5    5.69                           fp_adder/adder/_0228_ (net)
                 39.37    0.61 2264.77 ^ fp_adder/adder/_2236_/A2 (OAI21x1_ASAP7_75t_R)
                 35.77   22.95 2287.72 v fp_adder/adder/_2236_/Y (OAI21x1_ASAP7_75t_R)
     5    6.09                           fp_adder/adder/_0248_ (net)
                 35.89    1.15 2288.86 v fp_adder/adder/_2237_/B (NAND2x1_ASAP7_75t_R)
                 23.70   20.75 2309.62 ^ fp_adder/adder/_2237_/Y (NAND2x1_ASAP7_75t_R)
     2    1.99                           fp_adder/adder/_0249_ (net)
                 23.70    0.19 2309.81 ^ fp_adder/adder/_2301_/A (AND2x2_ASAP7_75t_R)
                 12.80   22.14 2331.95 ^ fp_adder/adder/_2301_/Y (AND2x2_ASAP7_75t_R)
     2    2.24                           fp_adder/adder/_0295_ (net)
                 12.81    0.19 2332.14 ^ fp_adder/adder/_2305_/A2 (OAI21x1_ASAP7_75t_R)
                 11.00    8.26 2340.40 v fp_adder/adder/_2305_/Y (OAI21x1_ASAP7_75t_R)
     1    1.09                           fp_adder/adder/_0299_ (net)
                 11.00    0.02 2340.42 v fp_adder/adder/_2306_/A (XOR2x2_ASAP7_75t_R)
                 21.02   34.54 2374.96 ^ fp_adder/adder/_2306_/Y (XOR2x2_ASAP7_75t_R)
     3    4.40                           fp_adder/adder/adder.Mant_addOut_D[25] (net)
                 21.04    0.40 2375.36 ^ fp_adder/adder/norm/_1296_/A (NOR2x2_ASAP7_75t_R)
                 17.43   15.87 2391.23 v fp_adder/adder/norm/_1296_/Y (NOR2x2_ASAP7_75t_R)
     2    3.76                           fp_adder/adder/norm/_0356_ (net)
                 17.44    0.24 2391.47 v fp_adder/adder/norm/_1297_/B (NAND2x2_ASAP7_75t_R)
                 23.98   16.80 2408.27 ^ fp_adder/adder/norm/_1297_/Y (NAND2x2_ASAP7_75t_R)
     3    4.88                           fp_adder/adder/norm/_0363_ (net)
                 24.04    0.65 2408.92 ^ fp_adder/adder/norm/_1301_/A (NOR2x2_ASAP7_75t_R)
                 30.43   22.88 2431.80 v fp_adder/adder/norm/_1301_/Y (NOR2x2_ASAP7_75t_R)
     6    8.33                           fp_adder/adder/norm/_0383_ (net)
                 30.46    0.56 2432.37 v fp_adder/adder/norm/_1309_/A (NAND2x2_ASAP7_75t_R)
                 45.75   31.57 2463.94 ^ fp_adder/adder/norm/_1309_/Y (NAND2x2_ASAP7_75t_R)
     6   10.48                           fp_adder/adder/norm/_0391_ (net)
                 45.86    1.31 2465.24 ^ fp_adder/adder/norm/_1316_/A (NOR2x2_ASAP7_75t_R)
                 44.00   34.59 2499.83 v fp_adder/adder/norm/_1316_/Y (NOR2x2_ASAP7_75t_R)
     8   11.74                           fp_adder/adder/norm/_0398_ (net)
                 44.01    0.42 2500.26 v fp_adder/adder/norm/_1412_/A2 (AOI21x1_ASAP7_75t_R)
                 62.88   37.41 2537.67 ^ fp_adder/adder/norm/_1412_/Y (AOI21x1_ASAP7_75t_R)
     7    9.11                           fp_adder/adder/norm/_0494_ (net)
                 63.02    1.68 2539.35 ^ fp_adder/adder/norm/_1475_/B (NOR2x1_ASAP7_75t_R)
                 28.49   25.35 2564.70 v fp_adder/adder/norm/_1475_/Y (NOR2x1_ASAP7_75t_R)
     2    2.55                           fp_adder/adder/norm/_0557_ (net)
                 28.49    0.02 2564.72 v fp_adder/adder/norm/_1478_/A1 (OAI21x1_ASAP7_75t_R)
                 17.79   15.05 2579.77 ^ fp_adder/adder/norm/_1478_/Y (OAI21x1_ASAP7_75t_R)
     1    1.26                           fp_adder/adder/norm/_0560_ (net)
                 17.79    0.12 2579.89 ^ fp_adder/adder/norm/_1479_/B (NOR2x1_ASAP7_75t_R)
                 13.92   11.27 2591.16 v fp_adder/adder/norm/_1479_/Y (NOR2x1_ASAP7_75t_R)
     1    1.18                           fp_adder/adder/norm/_0561_ (net)
                 13.92    0.02 2591.18 v fp_adder/adder/norm/_1480_/A2 (AOI21x1_ASAP7_75t_R)
                 15.13   11.02 2602.21 ^ fp_adder/adder/norm/_1480_/Y (AOI21x1_ASAP7_75t_R)
     1    1.28                           fp_adder/adder/norm/_0562_ (net)
                 15.13    0.08 2602.29 ^ fp_adder/adder/norm/_1482_/A2 (OAI21x1_ASAP7_75t_R)
                 11.69    9.00 2611.29 v fp_adder/adder/norm/_1482_/Y (OAI21x1_ASAP7_75t_R)
     1    1.27                           fp_adder/adder/norm/_0564_ (net)
                 11.70    0.08 2611.37 v fp_adder/adder/norm/_1484_/A2 (AOI21x1_ASAP7_75t_R)
                 81.02   39.41 2650.78 ^ fp_adder/adder/norm/_1484_/Y (AOI21x1_ASAP7_75t_R)
     8   12.81                           fp_adder/adder/norm/_0566_ (net)
                 81.06    1.10 2651.88 ^ fp_adder/adder/norm/_1502_/B (NOR2x2_ASAP7_75t_R)
                 34.15   29.06 2680.94 v fp_adder/adder/norm/_1502_/Y (NOR2x2_ASAP7_75t_R)
     3    5.37                           fp_adder/adder/norm/_0584_ (net)
                 34.20    0.73 2681.67 v fp_adder/adder/norm/_1543_/B (NOR2x2_ASAP7_75t_R)
                 39.10   27.10 2708.78 ^ fp_adder/adder/norm/_1543_/Y (NOR2x2_ASAP7_75t_R)
     6    8.63                           fp_adder/adder/norm/_0625_ (net)
                 39.12    0.53 2709.31 ^ load_slew77/A (BUFx16f_ASAP7_75t_R)
                 19.27   24.81 2734.12 ^ load_slew77/Y (BUFx16f_ASAP7_75t_R)
    15   26.46                           net77 (net)
                 23.59    4.70 2738.82 ^ load_slew76/A (BUFx16f_ASAP7_75t_R)
                 27.21   21.92 2760.74 ^ load_slew76/Y (BUFx16f_ASAP7_75t_R)
    25   43.18                           net76 (net)
                 50.62   14.18 2774.92 ^ fp_adder/adder/norm/_1547_/A (CKINVDCx20_ASAP7_75t_R)
                 31.96   14.62 2789.54 v fp_adder/adder/norm/_1547_/Y (CKINVDCx20_ASAP7_75t_R)
    32   44.10                           fp_adder/adder/norm/_0629_ (net)
                 59.15   16.65 2806.18 v fp_adder/adder/norm/_1567_/B (NOR2x2_ASAP7_75t_R)
                 39.61   29.87 2836.05 ^ fp_adder/adder/norm/_1567_/Y (NOR2x2_ASAP7_75t_R)
     6    6.94                           fp_adder/adder/norm/_0649_ (net)
                 39.66    0.77 2836.82 ^ fp_adder/adder/norm/_1568_/B (NOR2x2_ASAP7_75t_R)
                 77.02   45.72 2882.54 v fp_adder/adder/norm/_1568_/Y (NOR2x2_ASAP7_75t_R)
     6   24.10                           fp_adder/adder/norm/_0650_ (net)
                 77.08    1.25 2883.79 v split80/A (BUFx3_ASAP7_75t_R)
                 18.62   33.12 2916.91 v split80/Y (BUFx3_ASAP7_75t_R)
     4    7.38                           net929 (net)
                 18.93    1.30 2918.20 v fp_adder/adder/norm/_2143_/A1 (AOI21x1_ASAP7_75t_R)
                 22.19   14.92 2933.13 ^ fp_adder/adder/norm/_2143_/Y (AOI21x1_ASAP7_75t_R)
     2    2.59                           fp_adder/adder/norm/_1232_ (net)
                 22.20    0.26 2933.39 ^ fp_adder/adder/norm/_2144_/B (NAND2x1_ASAP7_75t_R)
                 23.86   13.68 2947.07 v fp_adder/adder/norm/_2144_/Y (NAND2x1_ASAP7_75t_R)
     1    2.13                           fp_adder/adder/norm/_1233_ (net)
                 23.86    0.19 2947.26 v fp_adder/adder/norm/_2151_/A (NAND2x2_ASAP7_75t_R)
                 18.32   17.17 2964.42 ^ fp_adder/adder/norm/_2151_/Y (NAND2x2_ASAP7_75t_R)
     1    2.74                           fp_adder/adder/norm/_1240_ (net)
                 18.35    0.39 2964.81 ^ fp_adder/adder/norm/_2152_/B (NOR2x2_ASAP7_75t_R)
                 20.43   13.52 2978.33 v fp_adder/adder/norm/_2152_/Y (NOR2x2_ASAP7_75t_R)
     2    3.66                           fp_adder/adder/norm/_1241_ (net)
                 20.44    0.26 2978.59 v fp_adder/adder/norm/_2160_/A (NAND2x2_ASAP7_75t_R)
                 28.26   21.21 2999.80 ^ fp_adder/adder/norm/_2160_/Y (NAND2x2_ASAP7_75t_R)
     4    6.02                           fp_adder/adder/norm/_1250_ (net)
                 28.34    0.84 3000.64 ^ fp_adder/adder/norm/_2161_/B (NOR2x2_ASAP7_75t_R)
                 24.79   20.10 3020.74 v fp_adder/adder/norm/_2161_/Y (NOR2x2_ASAP7_75t_R)
     4    6.24                           fp_adder/adder/norm/_1251_ (net)
                 24.82    0.42 3021.16 v fp_adder/adder/norm/_2204_/A (NAND3x2_ASAP7_75t_R)
                 46.14   27.68 3048.84 ^ fp_adder/adder/norm/_2204_/Y (NAND3x2_ASAP7_75t_R)
     6    9.64                           fp_adder/adder/norm/_0045_ (net)
                 46.32    1.61 3050.45 ^ fp_adder/adder/norm/_2363_/A (NOR2x2_ASAP7_75t_R)
                 42.89   32.63 3083.08 v fp_adder/adder/norm/_2363_/Y (NOR2x2_ASAP7_75t_R)
     7   10.58                           fp_adder/adder/norm/_0220_ (net)
                 43.08    1.64 3084.71 v fp_adder/adder/norm/_2366_/A (NAND3x2_ASAP7_75t_R)
                 24.13   22.55 3107.26 ^ fp_adder/adder/norm/_2366_/Y (NAND3x2_ASAP7_75t_R)
     2    3.25                           fp_adder/adder/norm/_0222_ (net)
                 24.16    0.40 3107.66 ^ fp_adder/adder/norm/_2372_/A2 (OAI21x1_ASAP7_75t_R)
                 24.24   16.18 3123.84 v fp_adder/adder/norm/_2372_/Y (OAI21x1_ASAP7_75t_R)
     3    4.00                           fp_adder/adder/norm/_0227_ (net)
                 24.25    0.36 3124.21 v fp_adder/adder/norm/_2384_/A2 (AOI21x1_ASAP7_75t_R)
                 29.47   19.99 3144.19 ^ fp_adder/adder/norm/_2384_/Y (AOI21x1_ASAP7_75t_R)
     3    3.86                           fp_adder/adder/norm/_0239_ (net)
                 29.48    0.40 3144.59 ^ fp_adder/adder/norm/_2394_/A2 (OAI21x1_ASAP7_75t_R)
                 20.75   14.96 3159.55 v fp_adder/adder/norm/_2394_/Y (OAI21x1_ASAP7_75t_R)
     2    3.04                           fp_adder/adder/norm/_0248_ (net)
                 20.76    0.25 3159.80 v fp_adder/adder/norm/_2398_/A2 (AOI21x1_ASAP7_75t_R)
                 17.33   13.78 3173.58 ^ fp_adder/adder/norm/_2398_/Y (AOI21x1_ASAP7_75t_R)
     1    1.77                           fp_adder/adder/norm/_0251_ (net)
                 17.33    0.07 3173.65 ^ fp_adder/adder/norm/_2400_/A (XOR2x1_ASAP7_75t_R)
                 18.39   21.31 3194.96 ^ fp_adder/adder/norm/_2400_/Y (XOR2x1_ASAP7_75t_R)
     2    1.62                           result_int_d[30] (net)
                 18.40    0.10 3195.06 ^ _600_/A2 (AO21x1_ASAP7_75t_R)
                 10.55   15.71 3210.77 ^ _600_/Y (AO21x1_ASAP7_75t_R)
     1    0.76                           _281_ (net)
                 10.55    0.07 3210.83 ^ _601_/B (AND2x2_ASAP7_75t_R)
                 12.94   17.07 3227.90 ^ _601_/Y (AND2x2_ASAP7_75t_R)
     1    0.84                           _139_ (net)
                 12.94    0.08 3227.98 ^ _762_/D (ASYNC_DFFHx1_ASAP7_75t_R)
                               3227.98   data arrival time

                       3000.00 3000.00   clock clk_i (rise edge)
                          0.00 3000.00   clock source latency
                  0.00    0.00 3000.00 ^ clk_i (in)
     1   11.08                           clk_i (net)
                 11.55    3.64 3003.64 ^ clkbuf_0_clk_i/A (BUFx12_ASAP7_75t_R)
                 11.00   18.82 3022.46 ^ clkbuf_0_clk_i/Y (BUFx12_ASAP7_75t_R)
     2    8.40                           clknet_0_clk_i (net)
                 11.81    1.55 3024.01 ^ clkbuf_1_1__f_clk_i/A (BUFx12_ASAP7_75t_R)
                 33.19   24.25 3048.26 ^ clkbuf_1_1__f_clk_i/Y (BUFx12_ASAP7_75t_R)
    12   41.93                           clknet_1_1__leaf_clk_i (net)
                 46.46   11.05 3059.31 ^ clkbuf_leaf_13_clk_i/A (BUFx12_ASAP7_75t_R)
                 22.42   31.74 3091.05 ^ clkbuf_leaf_13_clk_i/Y (BUFx12_ASAP7_75t_R)
    30   25.22                           clknet_leaf_13_clk_i (net)
                 24.28    3.39 3094.44 ^ _762_/CLK (ASYNC_DFFHx1_ASAP7_75t_R)
                          0.00 3094.44   clock reconvergence pessimism
                         -5.03 3089.41   library setup time
                               3089.41   data required time
-----------------------------------------------------------------------------
                               3089.41   data required time
                               -3227.98   data arrival time
-----------------------------------------------------------------------------
                               -138.57   slack (VIOLATED)



==========================================================================
global route report_check_types -max_slew -max_cap -max_fanout -violators
--------------------------------------------------------------------------
max slew

Pin                                    Limit    Slew   Slack
------------------------------------------------------------
_725_/RESET                           320.00  389.51  -69.51 (VIOLATED)
_724_/RESET                           320.00  389.50  -69.50 (VIOLATED)
_722_/RESET                           320.00  389.39  -69.39 (VIOLATED)
_717_/RESET                           320.00  389.20  -69.20 (VIOLATED)
_716_/RESET                           320.00  388.89  -68.89 (VIOLATED)
_721_/RESET                           320.00  388.89  -68.89 (VIOLATED)
_718_/RESET                           320.00  388.57  -68.57 (VIOLATED)
_723_/RESET                           320.00  388.37  -68.37 (VIOLATED)
_727_/RESET                           320.00  387.21  -67.21 (VIOLATED)
_720_/RESET                           320.00  386.32  -66.32 (VIOLATED)
_719_/RESET                           320.00  386.22  -66.22 (VIOLATED)
_728_/RESET                           320.00  386.16  -66.16 (VIOLATED)
_729_/RESET                           320.00  385.72  -65.72 (VIOLATED)
_726_/RESET                           320.00  385.40  -65.40 (VIOLATED)
_730_/RESET                           320.00  385.12  -65.12 (VIOLATED)
fp_adder/adder/_2335_/RESET           320.00  383.10  -63.10 (VIOLATED)
fp_adder/adder/_2338_/RESET           320.00  383.01  -63.01 (VIOLATED)
fp_adder/adder/_2372_/RESET           320.00  382.85  -62.85 (VIOLATED)
fp_adder/adder/_2340_/RESET           320.00  382.50  -62.50 (VIOLATED)
fp_adder/adder/_2320_/RESET           320.00  381.93  -61.93 (VIOLATED)
fp_adder/adder/_2352_/RESET           320.00  381.92  -61.92 (VIOLATED)
fp_adder/adder/_2318_/RESET           320.00  381.85  -61.85 (VIOLATED)
fp_adder/adder/_2322_/RESET           320.00  381.83  -61.83 (VIOLATED)
_731_/RESET                           320.00  381.58  -61.58 (VIOLATED)
fp_adder/adder/_2339_/RESET           320.00  381.54  -61.54 (VIOLATED)
fp_adder/adder/_2321_/RESET           320.00  381.53  -61.53 (VIOLATED)
fp_adder/adder/_2319_/RESET           320.00  381.25  -61.25 (VIOLATED)
fp_adder/adder/_2353_/RESET           320.00  381.18  -61.18 (VIOLATED)
fp_adder/adder/_2350_/RESET           320.00  381.14  -61.14 (VIOLATED)
fp_adder/adder/_2371_/RESET           320.00  380.95  -60.95 (VIOLATED)
fp_adder/adder/_2323_/RESET           320.00  380.37  -60.37 (VIOLATED)
fp_adder/adder/_2337_/RESET           320.00  380.35  -60.35 (VIOLATED)
fp_adder/adder/_2351_/RESET           320.00  379.89  -59.89 (VIOLATED)
fp_adder/adder/_2325_/RESET           320.00  379.89  -59.89 (VIOLATED)
fp_adder/adder/_2357_/RESET           320.00  378.74  -58.74 (VIOLATED)
fp_adder/adder/_2324_/RESET           320.00  377.77  -57.77 (VIOLATED)
fp_adder/adder/_2356_/RESET           320.00  377.12  -57.12 (VIOLATED)
fp_adder/adder/_2354_/RESET           320.00  376.46  -56.46 (VIOLATED)
fp_adder/adder/_2332_/RESET           320.00  376.18  -56.18 (VIOLATED)
fp_adder/adder/_2355_/RESET           320.00  375.79  -55.79 (VIOLATED)
lut/_36265_/B                         320.00  372.37  -52.37 (VIOLATED)
lut/_36303_/B                         320.00  370.58  -50.58 (VIOLATED)
fp_adder/adder/_2331_/RESET           320.00  369.77  -49.77 (VIOLATED)
lut/_36603_/B                         320.00  368.97  -48.97 (VIOLATED)
fp_adder/adder/_2362_/RESET           320.00  367.58  -47.58 (VIOLATED)
fp_adder/adder/_2330_/RESET           320.00  366.32  -46.32 (VIOLATED)
fp_adder/adder/_2344_/RESET           320.00  363.94  -43.94 (VIOLATED)
fp_adder/adder/_2312_/RESET           320.00  362.52  -42.52 (VIOLATED)
fp_adder/adder/_2313_/RESET           320.00  362.42  -42.42 (VIOLATED)
fp_adder/adder/_2311_/RESET           320.00  362.30  -42.30 (VIOLATED)
fp_adder/adder/_2310_/RESET           320.00  362.04  -42.04 (VIOLATED)
fp_adder/adder/_2345_/RESET           320.00  361.82  -41.82 (VIOLATED)
fp_adder/adder/_2343_/RESET           320.00  361.69  -41.69 (VIOLATED)
fp_adder/adder/_2363_/RESET           320.00  359.82  -39.82 (VIOLATED)
fp_adder/adder/_2342_/RESET           320.00  359.63  -39.63 (VIOLATED)
lut/_36492_/B                         320.00  358.15  -38.15 (VIOLATED)
fp_adder/adder/_2316_/RESET           320.00  356.84  -36.84 (VIOLATED)
fp_adder/adder/_2317_/RESET           320.00  356.70  -36.70 (VIOLATED)
fp_adder/adder/_2314_/RESET           320.00  356.64  -36.64 (VIOLATED)
fp_adder/adder/_2315_/RESET           320.00  356.46  -36.46 (VIOLATED)
fp_adder/adder/_2347_/RESET           320.00  355.98  -35.98 (VIOLATED)
fp_adder/adder/_2329_/RESET           320.00  354.45  -34.45 (VIOLATED)
fp_adder/adder/_2328_/RESET           320.00  353.40  -33.40 (VIOLATED)
lut/_36379_/B                         320.00  353.34  -33.34 (VIOLATED)
fp_adder/adder/_2348_/RESET           320.00  350.77  -30.77 (VIOLATED)
fp_adder/adder/_2349_/RESET           320.00  350.75  -30.75 (VIOLATED)
fp_adder/adder/_2346_/RESET           320.00  350.48  -30.48 (VIOLATED)
fp_adder/adder/_2361_/RESET           320.00  350.09  -30.09 (VIOLATED)
fp_adder/adder/_2326_/RESET           320.00  342.90  -22.90 (VIOLATED)
lut/_36094_/B                         320.00  340.35  -20.35 (VIOLATED)
lut/_36416_/B                         320.00  339.06  -19.06 (VIOLATED)
lut/_36131_/B                         320.00  338.90  -18.90 (VIOLATED)
lut/_36285_/B                         320.00  337.64  -17.64 (VIOLATED)
lut/_36585_/B                         320.00  337.34  -17.34 (VIOLATED)
lut/_35935_/B                         320.00  337.23  -17.23 (VIOLATED)
fp_adder/adder/_2333_/RESET           320.00  336.36  -16.36 (VIOLATED)
fp_adder/adder/_2327_/RESET           320.00  336.29  -16.29 (VIOLATED)
lut/_36247_/B                         320.00  334.96  -14.96 (VIOLATED)
fp_adder/adder/_2364_/RESET           320.00  333.71  -13.71 (VIOLATED)
fp_adder/adder/_2358_/RESET           320.00  333.68  -13.68 (VIOLATED)
lut/_36324_/B                         320.00  332.23  -12.23 (VIOLATED)
lut/_36246_/B                         320.00  329.88   -9.88 (VIOLATED)
fp_adder/adder/_2359_/RESET           320.00  329.80   -9.80 (VIOLATED)
lut/_36284_/B                         320.00  329.18   -9.18 (VIOLATED)
lut/_36453_/B                         320.00  329.08   -9.08 (VIOLATED)
lut/_36584_/B                         320.00  325.75   -5.75 (VIOLATED)
fp_adder/adder/_2373_/RESET           320.00  323.93   -3.93 (VIOLATED)
lut/_36360_/B                         320.00  322.58   -2.58 (VIOLATED)


==========================================================================
global route max_slew_check_slack
--------------------------------------------------------------------------
-69.51017761230469

==========================================================================
global route max_slew_check_limit
--------------------------------------------------------------------------
320.0

==========================================================================
global route max_slew_check_slack_limit
--------------------------------------------------------------------------
-0.2172

==========================================================================
global route max_fanout_check_slack
--------------------------------------------------------------------------
1.0000000150474662e+30

==========================================================================
global route max_fanout_check_limit
--------------------------------------------------------------------------
1.0000000150474662e+30

==========================================================================
global route max_capacitance_check_slack
--------------------------------------------------------------------------
10.228981018066406

==========================================================================
global route max_capacitance_check_limit
--------------------------------------------------------------------------
23.040000915527344

==========================================================================
global route max_capacitance_check_slack_limit
--------------------------------------------------------------------------
0.4440

==========================================================================
global route max_slew_violation_count
--------------------------------------------------------------------------
max slew violation count 88

==========================================================================
global route max_fanout_violation_count
--------------------------------------------------------------------------
max fanout violation count 0

==========================================================================
global route max_cap_violation_count
--------------------------------------------------------------------------
max cap violation count 0

==========================================================================
global route setup_violation_count
--------------------------------------------------------------------------
setup violation count 0

==========================================================================
global route hold_violation_count
--------------------------------------------------------------------------
hold violation count 1

==========================================================================
global route critical path delay
--------------------------------------------------------------------------
3227.9841

==========================================================================
global route critical path slack
--------------------------------------------------------------------------
-138.5694

==========================================================================
global route slack div critical path delay
--------------------------------------------------------------------------
-4.292753

==========================================================================
global route report_power
--------------------------------------------------------------------------
Group                  Internal  Switching    Leakage      Total
                          Power      Power      Power      Power (Watts)
----------------------------------------------------------------
Sequential             2.21e-03   8.49e-05   8.29e-07   2.30e-03  25.0%
Combinational          4.16e-03   2.71e-03   3.18e-06   6.88e-03  75.0%
Macro                  0.00e+00   0.00e+00   0.00e+00   0.00e+00   0.0%
Pad                    0.00e+00   0.00e+00   0.00e+00   0.00e+00   0.0%
----------------------------------------------------------------
Total                  6.38e-03   2.79e-03   4.01e-06   9.17e-03 100.0%
                          69.5%      30.5%       0.0%

==========================================================================
global route report_design_area
--------------------------------------------------------------------------
Design area 4492 u^2 46% utilization.


==========================================================================
check_antennas
--------------------------------------------------------------------------
[WARNING ANT-0011] -report_violating_nets is deprecated.
[INFO GRT-0043] No OR_DEFAULT vias defined.
[INFO ANT-0002] Found 0 net violations.
[INFO ANT-0001] Found 0 pin violations.
[INFO FLW-0007] clock clk_i period 3000.000000
[INFO FLW-0008] Clock clk_i period 2981.641
[INFO FLW-0009] Clock clk_i slack -138.569
[INFO FLW-0011] Path endpoint count 10303
Elapsed time: 0:20.07[h:]min:sec. CPU time: user 19.61 sys 0.44 (99%). Peak memory: 901584KB.
