asap7 register_file_latch (base)
  Found 35 warnings in the logs.
      [WARNING STA-0337] port 'clk' not found.
      [WARNING IFP-0028] Core area lower left (2.000, 2.000) snapped to (2.052, 2.160).
      [WARNING STA-0337] port 'clk' not found.
      [WARNING STA-0337] port 'clk' not found.
      [WARNING STA-0337] port 'clk' not found.
      [WARNING STA-0337] port 'clk' not found.
      [WARNING STA-0337] port 'clk' not found.
      [WARNING PDN-1024] -verbose has been deprecated.
      [WARNING CTS-0043] 1584 wires are pure wire and no slew degradation.
      [WARNING CTS-0083] No clock nets have been found.
      [WARNING CTS-0082] No valid clock nets in the design.
      [WARNING STA-0357] virtual clock clk can not be propagated.
      [WARNING STA-0357] virtual clock clk can not be propagated.
      [WARNING STA-0357] virtual clock clk can not be propagated.
      [WARNING ANT-0011] -report_violating_nets is deprecated.
      [WARNING STA-0357] virtual clock clk can not be propagated.
      [WARNING STA-0357] virtual clock clk can not be propagated.
      [WARNING DRT-0140] SpacingRange unsupported.
      [WARNING DRT-0145] New SPACINGTABLE PARALLELRUNLENGTH overrides old SPACING rule.
      [WARNING DRT-0145] New SPACINGTABLE PARALLELRUNLENGTH overrides old SPACING rule.
      [WARNING DRT-0145] New SPACINGTABLE PARALLELRUNLENGTH overrides old SPACING rule.
      [WARNING DRT-0145] New SPACINGTABLE PARALLELRUNLENGTH overrides old SPACING rule.
      [WARNING DRT-0240] CUT layer V3 does not have square single-cut via, cut layer width may be set incorrectly.
      [WARNING DRT-0240] CUT layer V5 does not have square single-cut via, cut layer width may be set incorrectly.
      [WARNING STA-0357] virtual clock clk can not be propagated.
      [WARNING PSM-0016] Voltage pad location (VSRC) file not specified, defaulting pad location to checkerboard pattern on core area.
      [WARNING PSM-0017] X direction bump pitch is not specified, defaulting to 140um.
      [WARNING PSM-0018] Y direction bump pitch is not specified, defaulting to 140um.
      [WARNING PSM-0063] Specified bump pitches of 140.000 and 140.000 are less than core width of 25.920 or core height of 25.650. Changing bump location to the center of the die at (15.012, 14.985).
      [WARNING PSM-0065] VSRC location not specified, using default checkerboard pattern with one VDD every size bumps in x-direction and one in two bumps in the y-direction
      [WARNING PSM-0016] Voltage pad location (VSRC) file not specified, defaulting pad location to checkerboard pattern on core area.
      [WARNING PSM-0017] X direction bump pitch is not specified, defaulting to 140um.
      [WARNING PSM-0018] Y direction bump pitch is not specified, defaulting to 140um.
      [WARNING PSM-0063] Specified bump pitches of 140.000 and 140.000 are less than core width of 25.920 or core height of 25.650. Changing bump location to the center of the die at (15.012, 14.985).
      [WARNING PSM-0065] VSRC location not specified, using default checkerboard pattern with one VDD every size bumps in x-direction and one in two bumps in the y-direction
  Generated report file: reports/asap7/register_file_latch/base/report.log

