OpenROAD 353633e018e57e35041db2841116ba382830b97b 
This program is licensed under the BSD-3 license. See the LICENSE file for details.
Components of this program may be licensed under more restrictive licenses which must be honored.
[INFO] Deleted 0 routing obstructions
[INFO RCX-0431] Defined process_corner X with ext_model_index 0
[INFO RCX-0029] Defined extraction corner X
[INFO RCX-0008] extracting parasitics of halut_matmul ...
[INFO RCX-0435] Reading extraction model file /__w/halutmatmul/halutmatmul/hardware/flow/OpenROAD/flow/platforms/nangate45/rcx_patterns.rules ...
[INFO RCX-0436] RC segment generation halut_matmul (max_merge_res 50.0) ...
[INFO RCX-0040] Final 246954 rc segments
[INFO RCX-0439] Coupling Cap extraction halut_matmul ...
[INFO RCX-0440] Coupling threshhold is 0.1000 fF, coupling capacitance less than 0.1000 fF will be grounded.
[INFO RCX-0043] 517726 wires to be extracted
[INFO RCX-0442] 8% completion -- 41433 wires have been extracted
[INFO RCX-0442] 27% completion -- 142151 wires have been extracted
[INFO RCX-0442] 49% completion -- 253917 wires have been extracted
[INFO RCX-0442] 57% completion -- 298980 wires have been extracted
[INFO RCX-0442] 75% completion -- 390895 wires have been extracted
[INFO RCX-0442] 100% completion -- 517726 wires have been extracted
[INFO RCX-0045] Extract 68422 nets, 314814 rsegs, 314814 caps, 780011 ccs
[INFO RCX-0015] Finished extracting halut_matmul.
[INFO RCX-0016] Writing SPEF ...
[INFO RCX-0443] 68422 nets finished
[INFO RCX-0017] Finished writing SPEF ...
[WARNING STA-0179] ./results/nangate45/halut_matmul/base/6_final.spef line 286, syntax error.
[WARNING PSM-0016] Voltage pad location (VSRC) file not specified, defaulting pad location to checkerboard pattern on core area.
[WARNING PSM-0017] X direction bump pitch is not specified, defaulting to 140um.
[WARNING PSM-0018] Y direction bump pitch is not specified, defaulting to 140um.
[WARNING PSM-0065] VSRC location not specified, using default checkerboard pattern with one VDD every size bumps in x-direction and one in two bumps in the y-direction
[INFO PSM-0076] Setting metal node density to be standard cell height times 5.
[WARNING PSM-0030] VSRC location at (108.995um, 109.200um) and size 10.000um, is not located on an existing power stripe node. Moving to closest node at (88.090um, 104.800um).
[WARNING PSM-0030] VSRC location at (388.995um, 249.200um) and size 10.000um, is not located on an existing power stripe node. Moving to closest node at (368.090um, 264.800um).
[INFO PSM-0031] Number of PDN nodes on net VDD = 18074.
[INFO PSM-0064] Number of voltage sources = 2.
[INFO PSM-0040] All PDN stripes on net VDD are connected.
########## IR report #################
Corner: default
Worstcase voltage: 9.61e-01 V
Average IR drop  : 7.06e-02 V
Worstcase IR drop: 1.39e-01 V
######################################
[WARNING PSM-0016] Voltage pad location (VSRC) file not specified, defaulting pad location to checkerboard pattern on core area.
[WARNING PSM-0017] X direction bump pitch is not specified, defaulting to 140um.
[WARNING PSM-0018] Y direction bump pitch is not specified, defaulting to 140um.
[WARNING PSM-0065] VSRC location not specified, using default checkerboard pattern with one VDD every size bumps in x-direction and one in two bumps in the y-direction
[INFO PSM-0076] Setting metal node density to be standard cell height times 5.
[WARNING PSM-0030] VSRC location at (108.995um, 109.200um) and size 10.000um, is not located on an existing power stripe node. Moving to closest node at (116.090um, 124.800um).
[WARNING PSM-0030] VSRC location at (388.995um, 249.200um) and size 10.000um, is not located on an existing power stripe node. Moving to closest node at (396.090um, 244.800um).
[INFO PSM-0031] Number of PDN nodes on net VSS = 18194.
[INFO PSM-0064] Number of voltage sources = 2.
[INFO PSM-0040] All PDN stripes on net VSS are connected.
########## IR report #################
Corner: default
Worstcase voltage: 1.63e-01 V
Average IR drop  : 8.08e-02 V
Worstcase IR drop: 1.63e-01 V
######################################

==========================================================================
finish report_tns
--------------------------------------------------------------------------
tns 0.00

==========================================================================
finish report_wns
--------------------------------------------------------------------------
wns 0.00

==========================================================================
finish report_worst_slack
--------------------------------------------------------------------------
worst slack 0.00

==========================================================================
finish report_clock_skew
--------------------------------------------------------------------------
Clock clk_i
Latency      CRPR       Skew
encoder/gen_encoder_units[3].encoder_unit/threshold_memory/gen_sub_units_scm[3].sub_unit_i/_2641_/G ^
   0.47
encoder/gen_encoder_units[3].encoder_unit/_512_/CK ^
   0.15      0.00       0.32


==========================================================================
finish report_checks -path_delay min
--------------------------------------------------------------------------
Startpoint: rst_ni (input port clocked by clk_i)
Endpoint: encoder/gen_encoder_units[1].encoder_unit/threshold_memory/_146_
          (removal check against rising-edge clock clk_i)
Path Group: asynchronous
Path Type: min

Fanout     Cap    Slew   Delay    Time   Description
-----------------------------------------------------------------------------
                          0.00    0.00   clock clk_i (rise edge)
                          0.00    0.00   clock network delay (propagated)
                          0.30    0.30 ^ input external delay
                  0.00    0.00    0.30 ^ rst_ni (in)
     1    0.78                           rst_ni (net)
                  0.00    0.00    0.30 ^ hold2139/A (CLKBUF_X1)
                  0.01    0.02    0.32 ^ hold2139/Z (CLKBUF_X1)
     1    0.78                           net3230 (net)
                  0.01    0.00    0.32 ^ hold2136/A (CLKBUF_X1)
                  0.01    0.02    0.35 ^ hold2136/Z (CLKBUF_X1)
     1    0.78                           net3227 (net)
                  0.01    0.00    0.35 ^ hold2140/A (CLKBUF_X1)
                  0.06    0.09    0.44 ^ hold2140/Z (CLKBUF_X1)
     1   26.70                           net3231 (net)
                  0.06    0.00    0.44 ^ input260/A (BUF_X32)
                  0.01    0.03    0.46 ^ input260/Z (BUF_X32)
     1    0.78                           net260 (net)
                  0.01    0.00    0.46 ^ hold2141/A (CLKBUF_X1)
                  0.06    0.09    0.55 ^ hold2141/Z (CLKBUF_X1)
     1   26.70                           net3232 (net)
                  0.06    0.00    0.55 ^ hold2137/A (BUF_X32)
                  0.02    0.04    0.59 ^ hold2137/Z (BUF_X32)
    85  201.03                           net3228 (net)
                  0.02    0.00    0.59 ^ wire897/A (BUF_X32)
                  0.01    0.02    0.62 ^ wire897/Z (BUF_X32)
     1   26.70                           net897 (net)
                  0.01    0.00    0.62 ^ hold2138/A (BUF_X32)
                  0.02    0.03    0.65 ^ hold2138/Z (BUF_X32)
   109  223.12                           net3229 (net)
                  0.02    0.00    0.65 ^ encoder/gen_encoder_units[1].encoder_unit/threshold_memory/_146_/RN (DFFR_X2)
                                  0.65   data arrival time

                          0.00    0.00   clock clk_i (rise edge)
                          0.00    0.00   clock source latency
                  0.00    0.00    0.00 ^ clk_i (in)
     1   26.70                           clk_i (net)
                  0.00    0.00    0.00 ^ clkbuf_0_clk_i/A (BUF_X32)
                  0.00    0.01    0.01 ^ clkbuf_0_clk_i/Z (BUF_X32)
     4   13.61                           clknet_0_clk_i (net)
                  0.00    0.00    0.01 ^ clkbuf_2_2_0_clk_i/A (BUF_X4)
                  0.14    0.16    0.18 ^ clkbuf_2_2_0_clk_i/Z (BUF_X4)
     9  240.34                           clknet_2_2_0_clk_i (net)
                  0.14    0.00    0.18 ^ clkbuf_leaf_0_clk_i/A (BUF_X32)
                  0.01    0.03    0.20 ^ clkbuf_leaf_0_clk_i/Z (BUF_X32)
     8   10.35                           clknet_leaf_0_clk_i (net)
                  0.01    0.00    0.20 ^ encoder/gen_encoder_units[1].encoder_unit/threshold_memory/_082_/A1 (NAND2_X1)
                  0.05    0.06    0.26 v encoder/gen_encoder_units[1].encoder_unit/threshold_memory/_082_/ZN (NAND2_X1)
     1   23.57                           encoder/gen_encoder_units[1].encoder_unit/threshold_memory/_040_ (net)
                  0.05    0.00    0.26 v clkbuf_0_encoder/gen_encoder_units[1].encoder_unit/threshold_memory/_040_/A (BUF_X32)
                  0.01    0.04    0.30 v clkbuf_0_encoder/gen_encoder_units[1].encoder_unit/threshold_memory/_040_/Z (BUF_X32)
     2   47.15                           clknet_0_encoder/gen_encoder_units[1].encoder_unit/threshold_memory/_040_ (net)
                  0.01    0.00    0.30 v clkbuf_1_1__f_encoder/gen_encoder_units[1].encoder_unit/threshold_memory/_040_/A (BUF_X32)
                  0.00    0.02    0.32 v clkbuf_1_1__f_encoder/gen_encoder_units[1].encoder_unit/threshold_memory/_040_/Z (BUF_X32)
     9   13.94                           clknet_1_1__leaf_encoder/gen_encoder_units[1].encoder_unit/threshold_memory/_040_ (net)
                  0.00    0.00    0.32 v encoder/gen_encoder_units[1].encoder_unit/threshold_memory/_083__288/A (INV_X1)
                  0.00    0.01    0.33 ^ encoder/gen_encoder_units[1].encoder_unit/threshold_memory/_083__288/ZN (INV_X1)
     1    0.97                           net1379 (net)
                  0.00    0.00    0.33 ^ encoder/gen_encoder_units[1].encoder_unit/threshold_memory/_146_/CK (DFFR_X2)
                          0.00    0.33   clock reconvergence pessimism
                          0.19    0.52   library removal time
                                  0.52   data required time
-----------------------------------------------------------------------------
                                  0.52   data required time
                                 -0.65   data arrival time
-----------------------------------------------------------------------------
                                  0.13   slack (MET)


Startpoint: gen_decoderX_units[0].decoder/gen_decoders[0].sub_unit_decoder/lut/gen_sub_units_scm[13].sub_unit_i/_2969_
            (negative level-sensitive latch clocked by clk_i)
Endpoint: gen_decoderX_units[0].decoder/gen_decoders[0].sub_unit_decoder/lut/gen_sub_units_scm[13].sub_unit_i/_2424_
          (rising clock gating-check end-point clocked by clk_i)
Path Group: gated clock
Path Type: min

Fanout     Cap    Slew   Delay    Time   Description
-----------------------------------------------------------------------------
                          1.50    1.50   clock clk_i (fall edge)
                          0.00    1.50   clock source latency
                  0.00    0.00    1.50 v clk_i (in)
     1   23.57                           clk_i (net)
                  0.00    0.00    1.50 v clkbuf_0_clk_i/A (BUF_X32)
                  0.00    0.02    1.52 v clkbuf_0_clk_i/Z (BUF_X32)
     4   12.01                           clknet_0_clk_i (net)
                  0.00    0.00    1.52 v clkbuf_2_0_0_clk_i/A (BUF_X4)
                  0.05    0.08    1.60 v clkbuf_2_0_0_clk_i/Z (BUF_X4)
     8  188.58                           clknet_2_0_0_clk_i (net)
                  0.05    0.00    1.60 v clkbuf_leaf_27_clk_i/A (BUF_X32)
                  0.01    0.04    1.64 v clkbuf_leaf_27_clk_i/Z (BUF_X32)
     4    4.85                           clknet_leaf_27_clk_i (net)
                  0.01    0.00    1.64 v gen_decoderX_units[0].decoder/gen_decoders[0].sub_unit_decoder/lut/gen_sub_units_scm[13].sub_unit_i/_2398_/A1 (NAND2_X1)
                  0.06    0.07    1.71 ^ gen_decoderX_units[0].decoder/gen_decoders[0].sub_unit_decoder/lut/gen_sub_units_scm[13].sub_unit_i/_2398_/ZN (NAND2_X1)
     1   26.70                           gen_decoderX_units[0].decoder/gen_decoders[0].sub_unit_decoder/lut/gen_sub_units_scm[13].sub_unit_i/_0846_ (net)
                  0.06    0.00    1.71 ^ clkbuf_0_gen_decoderX_units[0].decoder/gen_decoders[0].sub_unit_decoder/lut/gen_sub_units_scm[13].sub_unit_i/_0846_/A (BUF_X32)
                  0.02    0.04    1.76 ^ clkbuf_0_gen_decoderX_units[0].decoder/gen_decoders[0].sub_unit_decoder/lut/gen_sub_units_scm[13].sub_unit_i/_0846_/Z (BUF_X32)
     8  213.63                           clknet_0_gen_decoderX_units[0].decoder/gen_decoders[0].sub_unit_decoder/lut/gen_sub_units_scm[13].sub_unit_i/_0846_ (net)
                  0.02    0.00    1.76 ^ clkbuf_3_6__f_gen_decoderX_units[0].decoder/gen_decoders[0].sub_unit_decoder/lut/gen_sub_units_scm[13].sub_unit_i/_0846_/A (BUF_X32)
                  0.00    0.02    1.78 ^ clkbuf_3_6__f_gen_decoderX_units[0].decoder/gen_decoders[0].sub_unit_decoder/lut/gen_sub_units_scm[13].sub_unit_i/_0846_/Z (BUF_X32)
     6   10.20                           clknet_3_6__leaf_gen_decoderX_units[0].decoder/gen_decoders[0].sub_unit_decoder/lut/gen_sub_units_scm[13].sub_unit_i/_0846_ (net)
                  0.00    0.00    1.78 ^ _1410_1411/A (INV_X1)
                  0.00    0.01    1.78 v _1410_1411/ZN (INV_X1)
     1    0.89                           net2502 (net)
                  0.00    0.00    1.78 v gen_decoderX_units[0].decoder/gen_decoders[0].sub_unit_decoder/lut/gen_sub_units_scm[13].sub_unit_i/_2969_/GN (DLL_X1)
                  0.01    0.05    1.83 ^ gen_decoderX_units[0].decoder/gen_decoders[0].sub_unit_decoder/lut/gen_sub_units_scm[13].sub_unit_i/_2969_/Q (DLL_X1)
     1    0.97                           gen_decoderX_units[0].decoder/gen_decoders[0].sub_unit_decoder/lut/gen_sub_units_scm[13].sub_unit_i/gen_cg_word_iter[21].cg_i.en_latch (net)
                  0.01    0.00    1.83 ^ gen_decoderX_units[0].decoder/gen_decoders[0].sub_unit_decoder/lut/gen_sub_units_scm[13].sub_unit_i/_2424_/A2 (AND2_X1)
                                  1.83   data arrival time

                          1.50    1.50   clock clk_i (fall edge)
                          0.00    1.50   clock source latency
                  0.00    0.00    1.50 v clk_i (in)
     1   23.57                           clk_i (net)
                  0.00    0.00    1.50 v clkbuf_0_clk_i/A (BUF_X32)
                  0.00    0.02    1.52 v clkbuf_0_clk_i/Z (BUF_X32)
     4   12.01                           clknet_0_clk_i (net)
                  0.00    0.00    1.52 v clkbuf_2_0_0_clk_i/A (BUF_X4)
                  0.05    0.08    1.60 v clkbuf_2_0_0_clk_i/Z (BUF_X4)
     8  188.58                           clknet_2_0_0_clk_i (net)
                  0.05    0.00    1.60 v clkbuf_leaf_27_clk_i/A (BUF_X32)
                  0.01    0.04    1.64 v clkbuf_leaf_27_clk_i/Z (BUF_X32)
     4    4.85                           clknet_leaf_27_clk_i (net)
                  0.01    0.00    1.64 v gen_decoderX_units[0].decoder/gen_decoders[0].sub_unit_decoder/lut/gen_sub_units_scm[13].sub_unit_i/_2398_/A1 (NAND2_X1)
                  0.07    0.07    1.71 ^ gen_decoderX_units[0].decoder/gen_decoders[0].sub_unit_decoder/lut/gen_sub_units_scm[13].sub_unit_i/_2398_/ZN (NAND2_X1)
     1   26.70                           gen_decoderX_units[0].decoder/gen_decoders[0].sub_unit_decoder/lut/gen_sub_units_scm[13].sub_unit_i/_0846_ (net)
                  0.07    0.00    1.71 ^ clkbuf_0_gen_decoderX_units[0].decoder/gen_decoders[0].sub_unit_decoder/lut/gen_sub_units_scm[13].sub_unit_i/_0846_/A (BUF_X32)
                  0.02    0.04    1.76 ^ clkbuf_0_gen_decoderX_units[0].decoder/gen_decoders[0].sub_unit_decoder/lut/gen_sub_units_scm[13].sub_unit_i/_0846_/Z (BUF_X32)
     8  213.63                           clknet_0_gen_decoderX_units[0].decoder/gen_decoders[0].sub_unit_decoder/lut/gen_sub_units_scm[13].sub_unit_i/_0846_ (net)
                  0.02    0.00    1.76 ^ clkbuf_3_3__f_gen_decoderX_units[0].decoder/gen_decoders[0].sub_unit_decoder/lut/gen_sub_units_scm[13].sub_unit_i/_0846_/A (BUF_X32)
                  0.01    0.02    1.78 ^ clkbuf_3_3__f_gen_decoderX_units[0].decoder/gen_decoders[0].sub_unit_decoder/lut/gen_sub_units_scm[13].sub_unit_i/_0846_/Z (BUF_X32)
    12   20.40                           clknet_3_3__leaf_gen_decoderX_units[0].decoder/gen_decoders[0].sub_unit_decoder/lut/gen_sub_units_scm[13].sub_unit_i/_0846_ (net)
                  0.01    0.00    1.78 ^ gen_decoderX_units[0].decoder/gen_decoders[0].sub_unit_decoder/lut/gen_sub_units_scm[13].sub_unit_i/_2399__1363/A (INV_X1)
                  0.00    0.01    1.78 v gen_decoderX_units[0].decoder/gen_decoders[0].sub_unit_decoder/lut/gen_sub_units_scm[13].sub_unit_i/_2399__1363/ZN (INV_X1)
     1    0.87                           net2454 (net)
                  0.00    0.00    1.78 v gen_decoderX_units[0].decoder/gen_decoders[0].sub_unit_decoder/lut/gen_sub_units_scm[13].sub_unit_i/_2424_/A1 (AND2_X1)
                          0.00    1.78   clock reconvergence pessimism
                          0.00    1.78   clock gating hold time
                                  1.78   data required time
-----------------------------------------------------------------------------
                                  1.78   data required time
                                 -1.83   data arrival time
-----------------------------------------------------------------------------
                                  0.04   slack (MET)


Startpoint: waddr_dec_i[10] (input port clocked by clk_i)
Endpoint: gen_decoderX_units[0].decoder/gen_decoders[0].sub_unit_decoder/lut/gen_sub_units_scm[9].sub_unit_i/_2436_
          (negative level-sensitive latch clocked by clk_i)
Path Group: clk_i
Path Type: min

Fanout     Cap    Slew   Delay    Time   Description
-----------------------------------------------------------------------------
                          0.00    0.00   clock clk_i (rise edge)
                          0.00    0.00   clock network delay (propagated)
                          0.30    0.30 ^ input external delay
                  0.00    0.00    0.30 ^ waddr_dec_i[10] (in)
     1   12.41                           waddr_dec_i[10] (net)
                  0.00    0.00    0.30 ^ input261/A (BUF_X16)
                  0.01    0.03    0.33 ^ input261/Z (BUF_X16)
    48   80.22                           net261 (net)
                  0.01    0.00    0.33 ^ gen_decoderX_units[0].decoder/gen_decoders[0].sub_unit_decoder/lut/gen_sub_units_scm[9].sub_unit_i/_1178_/A1 (NOR2_X1)
                  0.01    0.02    0.34 v gen_decoderX_units[0].decoder/gen_decoders[0].sub_unit_decoder/lut/gen_sub_units_scm[9].sub_unit_i/_1178_/ZN (NOR2_X1)
     4    6.01                           gen_decoderX_units[0].decoder/gen_decoders[0].sub_unit_decoder/lut/gen_sub_units_scm[9].sub_unit_i/_0851_ (net)
                  0.01    0.00    0.34 v gen_decoderX_units[0].decoder/gen_decoders[0].sub_unit_decoder/lut/gen_sub_units_scm[9].sub_unit_i/_1206_/A2 (NAND2_X1)
                  0.01    0.02    0.36 ^ gen_decoderX_units[0].decoder/gen_decoders[0].sub_unit_decoder/lut/gen_sub_units_scm[9].sub_unit_i/_1206_/ZN (NAND2_X1)
     2    3.43                           gen_decoderX_units[0].decoder/gen_decoders[0].sub_unit_decoder/lut/gen_sub_units_scm[9].sub_unit_i/_0871_ (net)
                  0.01    0.00    0.36 ^ gen_decoderX_units[0].decoder/gen_decoders[0].sub_unit_decoder/lut/gen_sub_units_scm[9].sub_unit_i/_1207_/A1 (NOR2_X1)
                  0.00    0.01    0.37 v gen_decoderX_units[0].decoder/gen_decoders[0].sub_unit_decoder/lut/gen_sub_units_scm[9].sub_unit_i/_1207_/ZN (NOR2_X1)
     1    0.83                           gen_decoderX_units[0].decoder/gen_decoders[0].sub_unit_decoder/lut/gen_sub_units_scm[9].sub_unit_i/gen_cg_word_iter[8].cg_i.en_i (net)
                  0.00    0.00    0.37 v gen_decoderX_units[0].decoder/gen_decoders[0].sub_unit_decoder/lut/gen_sub_units_scm[9].sub_unit_i/_2436_/D (DLL_X1)
                                  0.37   data arrival time

                          0.00    0.00   clock clk_i (rise edge)
                          0.00    0.00   clock source latency
                  0.00    0.00    0.00 ^ clk_i (in)
     1   26.70                           clk_i (net)
                  0.00    0.00    0.00 ^ clkbuf_0_clk_i/A (BUF_X32)
                  0.00    0.01    0.01 ^ clkbuf_0_clk_i/Z (BUF_X32)
     4   13.61                           clknet_0_clk_i (net)
                  0.00    0.00    0.01 ^ clkbuf_2_3_0_clk_i/A (BUF_X4)
                  0.16    0.18    0.19 ^ clkbuf_2_3_0_clk_i/Z (BUF_X4)
    10  267.04                           clknet_2_3_0_clk_i (net)
                  0.16    0.00    0.19 ^ clkbuf_leaf_16_clk_i/A (BUF_X32)
                  0.01    0.03    0.22 ^ clkbuf_leaf_16_clk_i/Z (BUF_X32)
    22   22.58                           clknet_leaf_16_clk_i (net)
                  0.01    0.00    0.22 ^ gen_decoderX_units[0].decoder/gen_decoders[0].sub_unit_decoder/lut/gen_sub_units_scm[9].sub_unit_i/_2398_/A1 (NAND2_X1)
                  0.05    0.06    0.28 v gen_decoderX_units[0].decoder/gen_decoders[0].sub_unit_decoder/lut/gen_sub_units_scm[9].sub_unit_i/_2398_/ZN (NAND2_X1)
     1   23.57                           gen_decoderX_units[0].decoder/gen_decoders[0].sub_unit_decoder/lut/gen_sub_units_scm[9].sub_unit_i/_0846_ (net)
                  0.05    0.00    0.28 v clkbuf_0_gen_decoderX_units[0].decoder/gen_decoders[0].sub_unit_decoder/lut/gen_sub_units_scm[9].sub_unit_i/_0846_/A (BUF_X32)
                  0.01    0.05    0.33 v clkbuf_0_gen_decoderX_units[0].decoder/gen_decoders[0].sub_unit_decoder/lut/gen_sub_units_scm[9].sub_unit_i/_0846_/Z (BUF_X32)
     8  188.58                           clknet_0_gen_decoderX_units[0].decoder/gen_decoders[0].sub_unit_decoder/lut/gen_sub_units_scm[9].sub_unit_i/_0846_ (net)
                  0.01    0.00    0.33 v clkbuf_3_2__f_gen_decoderX_units[0].decoder/gen_decoders[0].sub_unit_decoder/lut/gen_sub_units_scm[9].sub_unit_i/_0846_/A (BUF_X32)
                  0.00    0.02    0.35 v clkbuf_3_2__f_gen_decoderX_units[0].decoder/gen_decoders[0].sub_unit_decoder/lut/gen_sub_units_scm[9].sub_unit_i/_0846_/Z (BUF_X32)
    11   17.04                           clknet_3_2__leaf_gen_decoderX_units[0].decoder/gen_decoders[0].sub_unit_decoder/lut/gen_sub_units_scm[9].sub_unit_i/_0846_ (net)
                  0.00    0.00    0.35 v gen_decoderX_units[0].decoder/gen_decoders[0].sub_unit_decoder/lut/gen_sub_units_scm[9].sub_unit_i/_2399__2095/A (INV_X1)
                  0.00    0.01    0.36 ^ gen_decoderX_units[0].decoder/gen_decoders[0].sub_unit_decoder/lut/gen_sub_units_scm[9].sub_unit_i/_2399__2095/ZN (INV_X1)
     1    0.99                           net3186 (net)
                  0.00    0.00    0.36 ^ gen_decoderX_units[0].decoder/gen_decoders[0].sub_unit_decoder/lut/gen_sub_units_scm[9].sub_unit_i/_2436_/GN (DLL_X1)
                          0.00    0.36   clock reconvergence pessimism
                          0.00    0.36   library hold time
                                  0.36   data required time
-----------------------------------------------------------------------------
                                  0.36   data required time
                                 -0.37   data arrival time
-----------------------------------------------------------------------------
                                  0.01   slack (MET)



==========================================================================
finish report_checks -path_delay max
--------------------------------------------------------------------------
Startpoint: rst_ni (input port clocked by clk_i)
Endpoint: encoder/gen_encoder_units[3].encoder_unit/_443_
          (recovery check against rising-edge clock clk_i)
Path Group: asynchronous
Path Type: max

Fanout     Cap    Slew   Delay    Time   Description
-----------------------------------------------------------------------------
                          0.00    0.00   clock clk_i (rise edge)
                          0.00    0.00   clock network delay (propagated)
                          0.30    0.30 ^ input external delay
                  0.00    0.00    0.30 ^ rst_ni (in)
     1    0.78                           rst_ni (net)
                  0.00    0.00    0.30 ^ hold2139/A (CLKBUF_X1)
                  0.01    0.02    0.32 ^ hold2139/Z (CLKBUF_X1)
     1    0.78                           net3230 (net)
                  0.01    0.00    0.32 ^ hold2136/A (CLKBUF_X1)
                  0.01    0.02    0.35 ^ hold2136/Z (CLKBUF_X1)
     1    0.78                           net3227 (net)
                  0.01    0.00    0.35 ^ hold2140/A (CLKBUF_X1)
                  0.06    0.09    0.44 ^ hold2140/Z (CLKBUF_X1)
     1   26.70                           net3231 (net)
                  0.06    0.00    0.44 ^ input260/A (BUF_X32)
                  0.01    0.03    0.46 ^ input260/Z (BUF_X32)
     1    0.78                           net260 (net)
                  0.01    0.00    0.46 ^ hold2141/A (CLKBUF_X1)
                  0.06    0.09    0.55 ^ hold2141/Z (CLKBUF_X1)
     1   26.70                           net3232 (net)
                  0.06    0.00    0.55 ^ hold2137/A (BUF_X32)
                  0.02    0.04    0.59 ^ hold2137/Z (BUF_X32)
    85  201.03                           net3228 (net)
                  0.02    0.00    0.59 ^ max_length900/A (BUF_X32)
                  0.03    0.05    0.64 ^ max_length900/Z (BUF_X32)
   145  300.92                           net900 (net)
                  0.03    0.00    0.64 ^ max_length899/A (BUF_X32)
                  0.02    0.04    0.68 ^ max_length899/Z (BUF_X32)
   102  219.31                           net899 (net)
                  0.02    0.00    0.68 ^ wire898/A (BUF_X32)
                  0.02    0.04    0.72 ^ wire898/Z (BUF_X32)
   109  225.83                           net898 (net)
                  0.02    0.00    0.72 ^ encoder/gen_encoder_units[3].encoder_unit/_443_/SN (DFFS_X2)
                                  0.72   data arrival time

                          3.00    3.00   clock clk_i (rise edge)
                          0.00    3.00   clock source latency
                  0.00    0.00    3.00 ^ clk_i (in)
     1   26.70                           clk_i (net)
                  0.00    0.00    3.00 ^ clkbuf_0_clk_i/A (BUF_X32)
                  0.00    0.01    3.01 ^ clkbuf_0_clk_i/Z (BUF_X32)
     4   13.61                           clknet_0_clk_i (net)
                  0.00    0.00    3.01 ^ clkbuf_2_1_0_clk_i/A (BUF_X4)
                  0.09    0.11    3.13 ^ clkbuf_2_1_0_clk_i/Z (BUF_X4)
     6  160.22                           clknet_2_1_0_clk_i (net)
                  0.09    0.00    3.13 ^ clkbuf_leaf_17_clk_i/A (BUF_X32)
                  0.01    0.03    3.15 ^ clkbuf_leaf_17_clk_i/Z (BUF_X32)
     5    5.49                           clknet_leaf_17_clk_i (net)
                  0.01    0.00    3.15 ^ encoder/gen_encoder_units[3].encoder_unit/_443_/CK (DFFS_X2)
                          0.00    3.15   clock reconvergence pessimism
                          0.04    3.19   library recovery time
                                  3.19   data required time
-----------------------------------------------------------------------------
                                  3.19   data required time
                                 -0.72   data arrival time
-----------------------------------------------------------------------------
                                  2.47   slack (MET)


Startpoint: encoder/gen_encoder_units[0].encoder_unit/threshold_memory/gen_sub_units_scm[0].sub_unit_i/_2961_
            (negative level-sensitive latch clocked by clk_i)
Endpoint: encoder/gen_encoder_units[0].encoder_unit/threshold_memory/gen_sub_units_scm[0].sub_unit_i/_2415_
          (rising clock gating-check end-point clocked by clk_i)
Path Group: gated clock
Path Type: max

Fanout     Cap    Slew   Delay    Time   Description
-----------------------------------------------------------------------------
                          1.50    1.50   clock clk_i (fall edge)
                          0.00    1.50   clock source latency
                  0.00    0.00    1.50 v clk_i (in)
     1   23.57                           clk_i (net)
                  0.00    0.00    1.50 v clkbuf_0_clk_i/A (BUF_X32)
                  0.00    0.02    1.52 v clkbuf_0_clk_i/Z (BUF_X32)
     4   12.01                           clknet_0_clk_i (net)
                  0.00    0.00    1.52 v clkbuf_2_1_0_clk_i/A (BUF_X4)
                  0.04    0.07    1.58 v clkbuf_2_1_0_clk_i/Z (BUF_X4)
     6  141.44                           clknet_2_1_0_clk_i (net)
                  0.04    0.00    1.58 v clkbuf_leaf_17_clk_i/A (BUF_X32)
                  0.01    0.04    1.62 v clkbuf_leaf_17_clk_i/Z (BUF_X32)
     5    5.04                           clknet_leaf_17_clk_i (net)
                  0.01    0.00    1.62 v encoder/gen_encoder_units[0].encoder_unit/threshold_memory/gen_sub_units_scm[0].sub_unit_i/_2398_/A1 (NAND2_X1)
                  0.07    0.07    1.69 ^ encoder/gen_encoder_units[0].encoder_unit/threshold_memory/gen_sub_units_scm[0].sub_unit_i/_2398_/ZN (NAND2_X1)
     1   26.70                           encoder/gen_encoder_units[0].encoder_unit/threshold_memory/gen_sub_units_scm[0].sub_unit_i/_0846_ (net)
                  0.07    0.00    1.69 ^ clkbuf_0_encoder/gen_encoder_units[0].encoder_unit/threshold_memory/gen_sub_units_scm[0].sub_unit_i/_0846_/A (BUF_X32)
                  0.02    0.04    1.74 ^ clkbuf_0_encoder/gen_encoder_units[0].encoder_unit/threshold_memory/gen_sub_units_scm[0].sub_unit_i/_0846_/Z (BUF_X32)
     8  213.63                           clknet_0_encoder/gen_encoder_units[0].encoder_unit/threshold_memory/gen_sub_units_scm[0].sub_unit_i/_0846_ (net)
                  0.02    0.00    1.74 ^ clkbuf_3_3__f_encoder/gen_encoder_units[0].encoder_unit/threshold_memory/gen_sub_units_scm[0].sub_unit_i/_0846_/A (BUF_X32)
                  0.01    0.02    1.76 ^ clkbuf_3_3__f_encoder/gen_encoder_units[0].encoder_unit/threshold_memory/gen_sub_units_scm[0].sub_unit_i/_0846_/Z (BUF_X32)
    10   17.00                           clknet_3_3__leaf_encoder/gen_encoder_units[0].encoder_unit/threshold_memory/gen_sub_units_scm[0].sub_unit_i/_0846_ (net)
                  0.01    0.00    1.76 ^ encoder/gen_encoder_units[0].encoder_unit/threshold_memory/gen_sub_units_scm[0].sub_unit_i/_2399__59/A (INV_X1)
                  0.00    0.01    1.76 v encoder/gen_encoder_units[0].encoder_unit/threshold_memory/gen_sub_units_scm[0].sub_unit_i/_2399__59/ZN (INV_X1)
     1    0.89                           net1150 (net)
                  0.00    0.00    1.76 v encoder/gen_encoder_units[0].encoder_unit/threshold_memory/gen_sub_units_scm[0].sub_unit_i/_2961_/GN (DLL_X1)
                  0.01    0.07    1.83 v encoder/gen_encoder_units[0].encoder_unit/threshold_memory/gen_sub_units_scm[0].sub_unit_i/_2961_/Q (DLL_X1)
     1    0.89                           encoder/gen_encoder_units[0].encoder_unit/threshold_memory/gen_sub_units_scm[0].sub_unit_i/gen_cg_word_iter[13].cg_i.en_latch (net)
                  0.01    0.00    1.83 v encoder/gen_encoder_units[0].encoder_unit/threshold_memory/gen_sub_units_scm[0].sub_unit_i/_2415_/A2 (AND2_X1)
                                  1.83   data arrival time

                          3.00    3.00   clock clk_i (rise edge)
                          0.00    3.00   clock source latency
                  0.00    0.00    3.00 ^ clk_i (in)
     1   26.70                           clk_i (net)
                  0.00    0.00    3.00 ^ clkbuf_0_clk_i/A (BUF_X32)
                  0.00    0.01    3.01 ^ clkbuf_0_clk_i/Z (BUF_X32)
     4   13.61                           clknet_0_clk_i (net)
                  0.00    0.00    3.01 ^ clkbuf_2_1_0_clk_i/A (BUF_X4)
                  0.09    0.11    3.13 ^ clkbuf_2_1_0_clk_i/Z (BUF_X4)
     6  160.22                           clknet_2_1_0_clk_i (net)
                  0.09    0.00    3.13 ^ clkbuf_leaf_17_clk_i/A (BUF_X32)
                  0.01    0.03    3.15 ^ clkbuf_leaf_17_clk_i/Z (BUF_X32)
     5    5.49                           clknet_leaf_17_clk_i (net)
                  0.01    0.00    3.15 ^ encoder/gen_encoder_units[0].encoder_unit/threshold_memory/gen_sub_units_scm[0].sub_unit_i/_2398_/A1 (NAND2_X1)
                  0.05    0.06    3.21 v encoder/gen_encoder_units[0].encoder_unit/threshold_memory/gen_sub_units_scm[0].sub_unit_i/_2398_/ZN (NAND2_X1)
     1   23.57                           encoder/gen_encoder_units[0].encoder_unit/threshold_memory/gen_sub_units_scm[0].sub_unit_i/_0846_ (net)
                  0.05    0.00    3.21 v clkbuf_0_encoder/gen_encoder_units[0].encoder_unit/threshold_memory/gen_sub_units_scm[0].sub_unit_i/_0846_/A (BUF_X32)
                  0.01    0.05    3.26 v clkbuf_0_encoder/gen_encoder_units[0].encoder_unit/threshold_memory/gen_sub_units_scm[0].sub_unit_i/_0846_/Z (BUF_X32)
     8  188.58                           clknet_0_encoder/gen_encoder_units[0].encoder_unit/threshold_memory/gen_sub_units_scm[0].sub_unit_i/_0846_ (net)
                  0.01    0.00    3.26 v clkbuf_3_1__f_encoder/gen_encoder_units[0].encoder_unit/threshold_memory/gen_sub_units_scm[0].sub_unit_i/_0846_/A (BUF_X32)
                  0.00    0.02    3.28 v clkbuf_3_1__f_encoder/gen_encoder_units[0].encoder_unit/threshold_memory/gen_sub_units_scm[0].sub_unit_i/_0846_/Z (BUF_X32)
     5    7.75                           clknet_3_1__leaf_encoder/gen_encoder_units[0].encoder_unit/threshold_memory/gen_sub_units_scm[0].sub_unit_i/_0846_ (net)
                  0.00    0.00    3.28 v encoder/gen_encoder_units[0].encoder_unit/threshold_memory/gen_sub_units_scm[0].sub_unit_i/_2399__31/A (INV_X1)
                  0.00    0.01    3.29 ^ encoder/gen_encoder_units[0].encoder_unit/threshold_memory/gen_sub_units_scm[0].sub_unit_i/_2399__31/ZN (INV_X1)
     1    0.92                           net1122 (net)
                  0.00    0.00    3.29 ^ encoder/gen_encoder_units[0].encoder_unit/threshold_memory/gen_sub_units_scm[0].sub_unit_i/_2415_/A1 (AND2_X1)
                          0.00    3.29   clock reconvergence pessimism
                          0.00    3.29   clock gating setup time
                                  3.29   data required time
-----------------------------------------------------------------------------
                                  3.29   data required time
                                 -1.83   data arrival time
-----------------------------------------------------------------------------
                                  1.46   slack (MET)


Startpoint: gen_decoderX_units[0].decoder/gen_decoders[0].sub_unit_decoder/lut/_223_
            (rising edge-triggered flip-flop clocked by clk_i)
Endpoint: gen_decoderX_units[0].decoder/gen_decoders[0].sub_unit_decoder/lut/gen_sub_units_scm[14].sub_unit_i/_2482_
          (positive level-sensitive latch clocked by clk_i)
Path Group: clk_i
Path Type: max

Fanout     Cap    Slew   Delay    Time   Description
-----------------------------------------------------------------------------
                          0.00    0.00   clock clk_i (rise edge)
                          0.00    0.00   clock source latency
                  0.00    0.00    0.00 ^ clk_i (in)
     1   26.70                           clk_i (net)
                  0.00    0.00    0.00 ^ clkbuf_0_clk_i/A (BUF_X32)
                  0.00    0.01    0.01 ^ clkbuf_0_clk_i/Z (BUF_X32)
     4   13.61                           clknet_0_clk_i (net)
                  0.00    0.00    0.01 ^ clkbuf_2_3_0_clk_i/A (BUF_X4)
                  0.16    0.18    0.19 ^ clkbuf_2_3_0_clk_i/Z (BUF_X4)
    10  267.04                           clknet_2_3_0_clk_i (net)
                  0.16    0.00    0.19 ^ clkbuf_leaf_16_clk_i/A (BUF_X32)
                  0.01    0.03    0.22 ^ clkbuf_leaf_16_clk_i/Z (BUF_X32)
    22   22.58                           clknet_leaf_16_clk_i (net)
                  0.01    0.00    0.22 ^ gen_decoderX_units[0].decoder/gen_decoders[0].sub_unit_decoder/lut/_128_/A1 (NAND2_X1)
                  0.05    0.06    0.28 v gen_decoderX_units[0].decoder/gen_decoders[0].sub_unit_decoder/lut/_128_/ZN (NAND2_X1)
     1   23.57                           gen_decoderX_units[0].decoder/gen_decoders[0].sub_unit_decoder/lut/_022_ (net)
                  0.05    0.00    0.28 v clkbuf_0_gen_decoderX_units[0].decoder/gen_decoders[0].sub_unit_decoder/lut/_022_/A (BUF_X32)
                  0.01    0.04    0.32 v clkbuf_0_gen_decoderX_units[0].decoder/gen_decoders[0].sub_unit_decoder/lut/_022_/Z (BUF_X32)
     2   47.15                           clknet_0_gen_decoderX_units[0].decoder/gen_decoders[0].sub_unit_decoder/lut/_022_ (net)
                  0.01    0.00    0.32 v clkbuf_1_1__f_gen_decoderX_units[0].decoder/gen_decoders[0].sub_unit_decoder/lut/_022_/A (BUF_X32)
                  0.00    0.02    0.34 v clkbuf_1_1__f_gen_decoderX_units[0].decoder/gen_decoders[0].sub_unit_decoder/lut/_022_/Z (BUF_X32)
     9   13.94                           clknet_1_1__leaf_gen_decoderX_units[0].decoder/gen_decoders[0].sub_unit_decoder/lut/_022_ (net)
                  0.00    0.00    0.34 v gen_decoderX_units[0].decoder/gen_decoders[0].sub_unit_decoder/lut/_129__1099/A (INV_X1)
                  0.00    0.01    0.35 ^ gen_decoderX_units[0].decoder/gen_decoders[0].sub_unit_decoder/lut/_129__1099/ZN (INV_X1)
     1    0.97                           net2190 (net)
                  0.00    0.00    0.35 ^ gen_decoderX_units[0].decoder/gen_decoders[0].sub_unit_decoder/lut/_223_/CK (DFFR_X2)
                  0.10    0.22    0.56 ^ gen_decoderX_units[0].decoder/gen_decoders[0].sub_unit_decoder/lut/_223_/Q (DFFR_X2)
    62   80.46                           gen_decoderX_units[0].decoder/gen_decoders[0].sub_unit_decoder/lut/wdata_a_q[5] (net)
                  0.10    0.00    0.56 ^ max_cap540/A (BUF_X16)
                  0.02    0.04    0.61 ^ max_cap540/Z (BUF_X16)
    66   86.12                           net540 (net)
                  0.02    0.00    0.61 ^ max_length539/A (BUF_X32)
                  0.01    0.03    0.63 ^ max_length539/Z (BUF_X32)
    74   79.14                           net539 (net)
                  0.01    0.00    0.63 ^ max_cap538/A (BUF_X16)
                  0.01    0.03    0.66 ^ max_cap538/Z (BUF_X16)
    65   70.92                           net538 (net)
                  0.01    0.00    0.66 ^ max_length537/A (BUF_X16)
                  0.01    0.03    0.69 ^ max_length537/Z (BUF_X16)
    67   72.74                           net537 (net)
                  0.01    0.00    0.69 ^ max_cap536/A (BUF_X16)
                  0.01    0.03    0.72 ^ max_cap536/Z (BUF_X16)
    70   63.99                           net536 (net)
                  0.01    0.00    0.72 ^ gen_decoderX_units[0].decoder/gen_decoders[0].sub_unit_decoder/lut/gen_sub_units_scm[14].sub_unit_i/_2482_/D (DLH_X1)
                                  0.72   data arrival time

                          0.00    0.00   clock clk_i (rise edge)
                          0.00    0.00   clock source latency
                  0.00    0.00    0.00 ^ clk_i (in)
     1   26.70                           clk_i (net)
                  0.00    0.00    0.00 ^ clkbuf_0_clk_i/A (BUF_X32)
                  0.00    0.01    0.01 ^ clkbuf_0_clk_i/Z (BUF_X32)
     4   13.61                           clknet_0_clk_i (net)
                  0.00    0.00    0.01 ^ clkbuf_2_0_0_clk_i/A (BUF_X4)
                  0.13    0.14    0.16 ^ clkbuf_2_0_0_clk_i/Z (BUF_X4)
     8  213.63                           clknet_2_0_0_clk_i (net)
                  0.13    0.00    0.16 ^ clkbuf_leaf_28_clk_i/A (BUF_X32)
                  0.01    0.03    0.19 ^ clkbuf_leaf_28_clk_i/Z (BUF_X32)
     4    5.18                           clknet_leaf_28_clk_i (net)
                  0.01    0.00    0.19 ^ gen_decoderX_units[0].decoder/gen_decoders[0].sub_unit_decoder/lut/gen_sub_units_scm[14].sub_unit_i/_2398_/A1 (NAND2_X1)
                  0.05    0.06    0.24 v gen_decoderX_units[0].decoder/gen_decoders[0].sub_unit_decoder/lut/gen_sub_units_scm[14].sub_unit_i/_2398_/ZN (NAND2_X1)
     1   23.57                           gen_decoderX_units[0].decoder/gen_decoders[0].sub_unit_decoder/lut/gen_sub_units_scm[14].sub_unit_i/_0846_ (net)
                  0.05    0.00    0.24 v clkbuf_0_gen_decoderX_units[0].decoder/gen_decoders[0].sub_unit_decoder/lut/gen_sub_units_scm[14].sub_unit_i/_0846_/A (BUF_X32)
                  0.01    0.05    0.29 v clkbuf_0_gen_decoderX_units[0].decoder/gen_decoders[0].sub_unit_decoder/lut/gen_sub_units_scm[14].sub_unit_i/_0846_/Z (BUF_X32)
     8  188.58                           clknet_0_gen_decoderX_units[0].decoder/gen_decoders[0].sub_unit_decoder/lut/gen_sub_units_scm[14].sub_unit_i/_0846_ (net)
                  0.01    0.00    0.29 v clkbuf_3_6__f_gen_decoderX_units[0].decoder/gen_decoders[0].sub_unit_decoder/lut/gen_sub_units_scm[14].sub_unit_i/_0846_/A (BUF_X32)
                  0.00    0.02    0.32 v clkbuf_3_6__f_gen_decoderX_units[0].decoder/gen_decoders[0].sub_unit_decoder/lut/gen_sub_units_scm[14].sub_unit_i/_0846_/Z (BUF_X32)
     5    7.75                           clknet_3_6__leaf_gen_decoderX_units[0].decoder/gen_decoders[0].sub_unit_decoder/lut/gen_sub_units_scm[14].sub_unit_i/_0846_ (net)
                  0.00    0.00    0.32 v _1474_1488/A (INV_X1)
                  0.00    0.01    0.32 ^ _1474_1488/ZN (INV_X1)
     1    0.92                           net2579 (net)
                  0.00    0.00    0.32 ^ gen_decoderX_units[0].decoder/gen_decoders[0].sub_unit_decoder/lut/gen_sub_units_scm[14].sub_unit_i/_2432_/A1 (AND2_X1)
                  0.06    0.09    0.41 ^ gen_decoderX_units[0].decoder/gen_decoders[0].sub_unit_decoder/lut/gen_sub_units_scm[14].sub_unit_i/_2432_/ZN (AND2_X1)
     1   26.70                           gen_decoderX_units[0].decoder/gen_decoders[0].sub_unit_decoder/lut/gen_sub_units_scm[14].sub_unit_i/gen_cg_word_iter[29].cg_i.clk_o (net)
                  0.06    0.00    0.41 ^ clkbuf_0_gen_decoderX_units[0].decoder/gen_decoders[0].sub_unit_decoder/lut/gen_sub_units_scm[14].sub_unit_i/gen_cg_word_iter[29].cg_i.clk_o/A (BUF_X32)
                  0.01    0.03    0.44 ^ clkbuf_0_gen_decoderX_units[0].decoder/gen_decoders[0].sub_unit_decoder/lut/gen_sub_units_scm[14].sub_unit_i/gen_cg_word_iter[29].cg_i.clk_o/Z (BUF_X32)
     2   53.41                           clknet_0_gen_decoderX_units[0].decoder/gen_decoders[0].sub_unit_decoder/lut/gen_sub_units_scm[14].sub_unit_i/gen_cg_word_iter[29].cg_i.clk_o (net)
                  0.01    0.00    0.44 ^ clkbuf_1_0__f_gen_decoderX_units[0].decoder/gen_decoders[0].sub_unit_decoder/lut/gen_sub_units_scm[14].sub_unit_i/gen_cg_word_iter[29].cg_i.clk_o/A (BUF_X32)
                  0.00    0.02    0.46 ^ clkbuf_1_0__f_gen_decoderX_units[0].decoder/gen_decoders[0].sub_unit_decoder/lut/gen_sub_units_scm[14].sub_unit_i/gen_cg_word_iter[29].cg_i.clk_o/Z (BUF_X32)
     8    7.88                           clknet_1_0__leaf_gen_decoderX_units[0].decoder/gen_decoders[0].sub_unit_decoder/lut/gen_sub_units_scm[14].sub_unit_i/gen_cg_word_iter[29].cg_i.clk_o (net)
                  0.00    0.00    0.46 ^ gen_decoderX_units[0].decoder/gen_decoders[0].sub_unit_decoder/lut/gen_sub_units_scm[14].sub_unit_i/_2482_/G (DLH_X1)
                          0.00    0.46   clock reconvergence pessimism
                          0.26    0.72   time borrowed from endpoint
                                  0.72   data required time
-----------------------------------------------------------------------------
                                  0.72   data required time
                                 -0.72   data arrival time
-----------------------------------------------------------------------------
                                  0.00   slack (MET)

Time Borrowing Information
--------------------------------------------
clk_i nominal pulse width               1.50
clock latency difference               -0.07
library setup time                     -0.02
--------------------------------------------
max time borrow                         1.41
actual time borrow                      0.26
--------------------------------------------



==========================================================================
finish report_checks -unconstrained
--------------------------------------------------------------------------
Startpoint: rst_ni (input port clocked by clk_i)
Endpoint: encoder/gen_encoder_units[3].encoder_unit/_443_
          (recovery check against rising-edge clock clk_i)
Path Group: asynchronous
Path Type: max

Fanout     Cap    Slew   Delay    Time   Description
-----------------------------------------------------------------------------
                          0.00    0.00   clock clk_i (rise edge)
                          0.00    0.00   clock network delay (propagated)
                          0.30    0.30 ^ input external delay
                  0.00    0.00    0.30 ^ rst_ni (in)
     1    0.78                           rst_ni (net)
                  0.00    0.00    0.30 ^ hold2139/A (CLKBUF_X1)
                  0.01    0.02    0.32 ^ hold2139/Z (CLKBUF_X1)
     1    0.78                           net3230 (net)
                  0.01    0.00    0.32 ^ hold2136/A (CLKBUF_X1)
                  0.01    0.02    0.35 ^ hold2136/Z (CLKBUF_X1)
     1    0.78                           net3227 (net)
                  0.01    0.00    0.35 ^ hold2140/A (CLKBUF_X1)
                  0.06    0.09    0.44 ^ hold2140/Z (CLKBUF_X1)
     1   26.70                           net3231 (net)
                  0.06    0.00    0.44 ^ input260/A (BUF_X32)
                  0.01    0.03    0.46 ^ input260/Z (BUF_X32)
     1    0.78                           net260 (net)
                  0.01    0.00    0.46 ^ hold2141/A (CLKBUF_X1)
                  0.06    0.09    0.55 ^ hold2141/Z (CLKBUF_X1)
     1   26.70                           net3232 (net)
                  0.06    0.00    0.55 ^ hold2137/A (BUF_X32)
                  0.02    0.04    0.59 ^ hold2137/Z (BUF_X32)
    85  201.03                           net3228 (net)
                  0.02    0.00    0.59 ^ max_length900/A (BUF_X32)
                  0.03    0.05    0.64 ^ max_length900/Z (BUF_X32)
   145  300.92                           net900 (net)
                  0.03    0.00    0.64 ^ max_length899/A (BUF_X32)
                  0.02    0.04    0.68 ^ max_length899/Z (BUF_X32)
   102  219.31                           net899 (net)
                  0.02    0.00    0.68 ^ wire898/A (BUF_X32)
                  0.02    0.04    0.72 ^ wire898/Z (BUF_X32)
   109  225.83                           net898 (net)
                  0.02    0.00    0.72 ^ encoder/gen_encoder_units[3].encoder_unit/_443_/SN (DFFS_X2)
                                  0.72   data arrival time

                          3.00    3.00   clock clk_i (rise edge)
                          0.00    3.00   clock source latency
                  0.00    0.00    3.00 ^ clk_i (in)
     1   26.70                           clk_i (net)
                  0.00    0.00    3.00 ^ clkbuf_0_clk_i/A (BUF_X32)
                  0.00    0.01    3.01 ^ clkbuf_0_clk_i/Z (BUF_X32)
     4   13.61                           clknet_0_clk_i (net)
                  0.00    0.00    3.01 ^ clkbuf_2_1_0_clk_i/A (BUF_X4)
                  0.09    0.11    3.13 ^ clkbuf_2_1_0_clk_i/Z (BUF_X4)
     6  160.22                           clknet_2_1_0_clk_i (net)
                  0.09    0.00    3.13 ^ clkbuf_leaf_17_clk_i/A (BUF_X32)
                  0.01    0.03    3.15 ^ clkbuf_leaf_17_clk_i/Z (BUF_X32)
     5    5.49                           clknet_leaf_17_clk_i (net)
                  0.01    0.00    3.15 ^ encoder/gen_encoder_units[3].encoder_unit/_443_/CK (DFFS_X2)
                          0.00    3.15   clock reconvergence pessimism
                          0.04    3.19   library recovery time
                                  3.19   data required time
-----------------------------------------------------------------------------
                                  3.19   data required time
                                 -0.72   data arrival time
-----------------------------------------------------------------------------
                                  2.47   slack (MET)


Startpoint: encoder/gen_encoder_units[0].encoder_unit/threshold_memory/gen_sub_units_scm[0].sub_unit_i/_2961_
            (negative level-sensitive latch clocked by clk_i)
Endpoint: encoder/gen_encoder_units[0].encoder_unit/threshold_memory/gen_sub_units_scm[0].sub_unit_i/_2415_
          (rising clock gating-check end-point clocked by clk_i)
Path Group: gated clock
Path Type: max

Fanout     Cap    Slew   Delay    Time   Description
-----------------------------------------------------------------------------
                          1.50    1.50   clock clk_i (fall edge)
                          0.00    1.50   clock source latency
                  0.00    0.00    1.50 v clk_i (in)
     1   23.57                           clk_i (net)
                  0.00    0.00    1.50 v clkbuf_0_clk_i/A (BUF_X32)
                  0.00    0.02    1.52 v clkbuf_0_clk_i/Z (BUF_X32)
     4   12.01                           clknet_0_clk_i (net)
                  0.00    0.00    1.52 v clkbuf_2_1_0_clk_i/A (BUF_X4)
                  0.04    0.07    1.58 v clkbuf_2_1_0_clk_i/Z (BUF_X4)
     6  141.44                           clknet_2_1_0_clk_i (net)
                  0.04    0.00    1.58 v clkbuf_leaf_17_clk_i/A (BUF_X32)
                  0.01    0.04    1.62 v clkbuf_leaf_17_clk_i/Z (BUF_X32)
     5    5.04                           clknet_leaf_17_clk_i (net)
                  0.01    0.00    1.62 v encoder/gen_encoder_units[0].encoder_unit/threshold_memory/gen_sub_units_scm[0].sub_unit_i/_2398_/A1 (NAND2_X1)
                  0.07    0.07    1.69 ^ encoder/gen_encoder_units[0].encoder_unit/threshold_memory/gen_sub_units_scm[0].sub_unit_i/_2398_/ZN (NAND2_X1)
     1   26.70                           encoder/gen_encoder_units[0].encoder_unit/threshold_memory/gen_sub_units_scm[0].sub_unit_i/_0846_ (net)
                  0.07    0.00    1.69 ^ clkbuf_0_encoder/gen_encoder_units[0].encoder_unit/threshold_memory/gen_sub_units_scm[0].sub_unit_i/_0846_/A (BUF_X32)
                  0.02    0.04    1.74 ^ clkbuf_0_encoder/gen_encoder_units[0].encoder_unit/threshold_memory/gen_sub_units_scm[0].sub_unit_i/_0846_/Z (BUF_X32)
     8  213.63                           clknet_0_encoder/gen_encoder_units[0].encoder_unit/threshold_memory/gen_sub_units_scm[0].sub_unit_i/_0846_ (net)
                  0.02    0.00    1.74 ^ clkbuf_3_3__f_encoder/gen_encoder_units[0].encoder_unit/threshold_memory/gen_sub_units_scm[0].sub_unit_i/_0846_/A (BUF_X32)
                  0.01    0.02    1.76 ^ clkbuf_3_3__f_encoder/gen_encoder_units[0].encoder_unit/threshold_memory/gen_sub_units_scm[0].sub_unit_i/_0846_/Z (BUF_X32)
    10   17.00                           clknet_3_3__leaf_encoder/gen_encoder_units[0].encoder_unit/threshold_memory/gen_sub_units_scm[0].sub_unit_i/_0846_ (net)
                  0.01    0.00    1.76 ^ encoder/gen_encoder_units[0].encoder_unit/threshold_memory/gen_sub_units_scm[0].sub_unit_i/_2399__59/A (INV_X1)
                  0.00    0.01    1.76 v encoder/gen_encoder_units[0].encoder_unit/threshold_memory/gen_sub_units_scm[0].sub_unit_i/_2399__59/ZN (INV_X1)
     1    0.89                           net1150 (net)
                  0.00    0.00    1.76 v encoder/gen_encoder_units[0].encoder_unit/threshold_memory/gen_sub_units_scm[0].sub_unit_i/_2961_/GN (DLL_X1)
                  0.01    0.07    1.83 v encoder/gen_encoder_units[0].encoder_unit/threshold_memory/gen_sub_units_scm[0].sub_unit_i/_2961_/Q (DLL_X1)
     1    0.89                           encoder/gen_encoder_units[0].encoder_unit/threshold_memory/gen_sub_units_scm[0].sub_unit_i/gen_cg_word_iter[13].cg_i.en_latch (net)
                  0.01    0.00    1.83 v encoder/gen_encoder_units[0].encoder_unit/threshold_memory/gen_sub_units_scm[0].sub_unit_i/_2415_/A2 (AND2_X1)
                                  1.83   data arrival time

                          3.00    3.00   clock clk_i (rise edge)
                          0.00    3.00   clock source latency
                  0.00    0.00    3.00 ^ clk_i (in)
     1   26.70                           clk_i (net)
                  0.00    0.00    3.00 ^ clkbuf_0_clk_i/A (BUF_X32)
                  0.00    0.01    3.01 ^ clkbuf_0_clk_i/Z (BUF_X32)
     4   13.61                           clknet_0_clk_i (net)
                  0.00    0.00    3.01 ^ clkbuf_2_1_0_clk_i/A (BUF_X4)
                  0.09    0.11    3.13 ^ clkbuf_2_1_0_clk_i/Z (BUF_X4)
     6  160.22                           clknet_2_1_0_clk_i (net)
                  0.09    0.00    3.13 ^ clkbuf_leaf_17_clk_i/A (BUF_X32)
                  0.01    0.03    3.15 ^ clkbuf_leaf_17_clk_i/Z (BUF_X32)
     5    5.49                           clknet_leaf_17_clk_i (net)
                  0.01    0.00    3.15 ^ encoder/gen_encoder_units[0].encoder_unit/threshold_memory/gen_sub_units_scm[0].sub_unit_i/_2398_/A1 (NAND2_X1)
                  0.05    0.06    3.21 v encoder/gen_encoder_units[0].encoder_unit/threshold_memory/gen_sub_units_scm[0].sub_unit_i/_2398_/ZN (NAND2_X1)
     1   23.57                           encoder/gen_encoder_units[0].encoder_unit/threshold_memory/gen_sub_units_scm[0].sub_unit_i/_0846_ (net)
                  0.05    0.00    3.21 v clkbuf_0_encoder/gen_encoder_units[0].encoder_unit/threshold_memory/gen_sub_units_scm[0].sub_unit_i/_0846_/A (BUF_X32)
                  0.01    0.05    3.26 v clkbuf_0_encoder/gen_encoder_units[0].encoder_unit/threshold_memory/gen_sub_units_scm[0].sub_unit_i/_0846_/Z (BUF_X32)
     8  188.58                           clknet_0_encoder/gen_encoder_units[0].encoder_unit/threshold_memory/gen_sub_units_scm[0].sub_unit_i/_0846_ (net)
                  0.01    0.00    3.26 v clkbuf_3_1__f_encoder/gen_encoder_units[0].encoder_unit/threshold_memory/gen_sub_units_scm[0].sub_unit_i/_0846_/A (BUF_X32)
                  0.00    0.02    3.28 v clkbuf_3_1__f_encoder/gen_encoder_units[0].encoder_unit/threshold_memory/gen_sub_units_scm[0].sub_unit_i/_0846_/Z (BUF_X32)
     5    7.75                           clknet_3_1__leaf_encoder/gen_encoder_units[0].encoder_unit/threshold_memory/gen_sub_units_scm[0].sub_unit_i/_0846_ (net)
                  0.00    0.00    3.28 v encoder/gen_encoder_units[0].encoder_unit/threshold_memory/gen_sub_units_scm[0].sub_unit_i/_2399__31/A (INV_X1)
                  0.00    0.01    3.29 ^ encoder/gen_encoder_units[0].encoder_unit/threshold_memory/gen_sub_units_scm[0].sub_unit_i/_2399__31/ZN (INV_X1)
     1    0.92                           net1122 (net)
                  0.00    0.00    3.29 ^ encoder/gen_encoder_units[0].encoder_unit/threshold_memory/gen_sub_units_scm[0].sub_unit_i/_2415_/A1 (AND2_X1)
                          0.00    3.29   clock reconvergence pessimism
                          0.00    3.29   clock gating setup time
                                  3.29   data required time
-----------------------------------------------------------------------------
                                  3.29   data required time
                                 -1.83   data arrival time
-----------------------------------------------------------------------------
                                  1.46   slack (MET)


Startpoint: gen_decoderX_units[0].decoder/gen_decoders[0].sub_unit_decoder/lut/_223_
            (rising edge-triggered flip-flop clocked by clk_i)
Endpoint: gen_decoderX_units[0].decoder/gen_decoders[0].sub_unit_decoder/lut/gen_sub_units_scm[14].sub_unit_i/_2482_
          (positive level-sensitive latch clocked by clk_i)
Path Group: clk_i
Path Type: max

Fanout     Cap    Slew   Delay    Time   Description
-----------------------------------------------------------------------------
                          0.00    0.00   clock clk_i (rise edge)
                          0.00    0.00   clock source latency
                  0.00    0.00    0.00 ^ clk_i (in)
     1   26.70                           clk_i (net)
                  0.00    0.00    0.00 ^ clkbuf_0_clk_i/A (BUF_X32)
                  0.00    0.01    0.01 ^ clkbuf_0_clk_i/Z (BUF_X32)
     4   13.61                           clknet_0_clk_i (net)
                  0.00    0.00    0.01 ^ clkbuf_2_3_0_clk_i/A (BUF_X4)
                  0.16    0.18    0.19 ^ clkbuf_2_3_0_clk_i/Z (BUF_X4)
    10  267.04                           clknet_2_3_0_clk_i (net)
                  0.16    0.00    0.19 ^ clkbuf_leaf_16_clk_i/A (BUF_X32)
                  0.01    0.03    0.22 ^ clkbuf_leaf_16_clk_i/Z (BUF_X32)
    22   22.58                           clknet_leaf_16_clk_i (net)
                  0.01    0.00    0.22 ^ gen_decoderX_units[0].decoder/gen_decoders[0].sub_unit_decoder/lut/_128_/A1 (NAND2_X1)
                  0.05    0.06    0.28 v gen_decoderX_units[0].decoder/gen_decoders[0].sub_unit_decoder/lut/_128_/ZN (NAND2_X1)
     1   23.57                           gen_decoderX_units[0].decoder/gen_decoders[0].sub_unit_decoder/lut/_022_ (net)
                  0.05    0.00    0.28 v clkbuf_0_gen_decoderX_units[0].decoder/gen_decoders[0].sub_unit_decoder/lut/_022_/A (BUF_X32)
                  0.01    0.04    0.32 v clkbuf_0_gen_decoderX_units[0].decoder/gen_decoders[0].sub_unit_decoder/lut/_022_/Z (BUF_X32)
     2   47.15                           clknet_0_gen_decoderX_units[0].decoder/gen_decoders[0].sub_unit_decoder/lut/_022_ (net)
                  0.01    0.00    0.32 v clkbuf_1_1__f_gen_decoderX_units[0].decoder/gen_decoders[0].sub_unit_decoder/lut/_022_/A (BUF_X32)
                  0.00    0.02    0.34 v clkbuf_1_1__f_gen_decoderX_units[0].decoder/gen_decoders[0].sub_unit_decoder/lut/_022_/Z (BUF_X32)
     9   13.94                           clknet_1_1__leaf_gen_decoderX_units[0].decoder/gen_decoders[0].sub_unit_decoder/lut/_022_ (net)
                  0.00    0.00    0.34 v gen_decoderX_units[0].decoder/gen_decoders[0].sub_unit_decoder/lut/_129__1099/A (INV_X1)
                  0.00    0.01    0.35 ^ gen_decoderX_units[0].decoder/gen_decoders[0].sub_unit_decoder/lut/_129__1099/ZN (INV_X1)
     1    0.97                           net2190 (net)
                  0.00    0.00    0.35 ^ gen_decoderX_units[0].decoder/gen_decoders[0].sub_unit_decoder/lut/_223_/CK (DFFR_X2)
                  0.10    0.22    0.56 ^ gen_decoderX_units[0].decoder/gen_decoders[0].sub_unit_decoder/lut/_223_/Q (DFFR_X2)
    62   80.46                           gen_decoderX_units[0].decoder/gen_decoders[0].sub_unit_decoder/lut/wdata_a_q[5] (net)
                  0.10    0.00    0.56 ^ max_cap540/A (BUF_X16)
                  0.02    0.04    0.61 ^ max_cap540/Z (BUF_X16)
    66   86.12                           net540 (net)
                  0.02    0.00    0.61 ^ max_length539/A (BUF_X32)
                  0.01    0.03    0.63 ^ max_length539/Z (BUF_X32)
    74   79.14                           net539 (net)
                  0.01    0.00    0.63 ^ max_cap538/A (BUF_X16)
                  0.01    0.03    0.66 ^ max_cap538/Z (BUF_X16)
    65   70.92                           net538 (net)
                  0.01    0.00    0.66 ^ max_length537/A (BUF_X16)
                  0.01    0.03    0.69 ^ max_length537/Z (BUF_X16)
    67   72.74                           net537 (net)
                  0.01    0.00    0.69 ^ max_cap536/A (BUF_X16)
                  0.01    0.03    0.72 ^ max_cap536/Z (BUF_X16)
    70   63.99                           net536 (net)
                  0.01    0.00    0.72 ^ gen_decoderX_units[0].decoder/gen_decoders[0].sub_unit_decoder/lut/gen_sub_units_scm[14].sub_unit_i/_2482_/D (DLH_X1)
                                  0.72   data arrival time

                          0.00    0.00   clock clk_i (rise edge)
                          0.00    0.00   clock source latency
                  0.00    0.00    0.00 ^ clk_i (in)
     1   26.70                           clk_i (net)
                  0.00    0.00    0.00 ^ clkbuf_0_clk_i/A (BUF_X32)
                  0.00    0.01    0.01 ^ clkbuf_0_clk_i/Z (BUF_X32)
     4   13.61                           clknet_0_clk_i (net)
                  0.00    0.00    0.01 ^ clkbuf_2_0_0_clk_i/A (BUF_X4)
                  0.13    0.14    0.16 ^ clkbuf_2_0_0_clk_i/Z (BUF_X4)
     8  213.63                           clknet_2_0_0_clk_i (net)
                  0.13    0.00    0.16 ^ clkbuf_leaf_28_clk_i/A (BUF_X32)
                  0.01    0.03    0.19 ^ clkbuf_leaf_28_clk_i/Z (BUF_X32)
     4    5.18                           clknet_leaf_28_clk_i (net)
                  0.01    0.00    0.19 ^ gen_decoderX_units[0].decoder/gen_decoders[0].sub_unit_decoder/lut/gen_sub_units_scm[14].sub_unit_i/_2398_/A1 (NAND2_X1)
                  0.05    0.06    0.24 v gen_decoderX_units[0].decoder/gen_decoders[0].sub_unit_decoder/lut/gen_sub_units_scm[14].sub_unit_i/_2398_/ZN (NAND2_X1)
     1   23.57                           gen_decoderX_units[0].decoder/gen_decoders[0].sub_unit_decoder/lut/gen_sub_units_scm[14].sub_unit_i/_0846_ (net)
                  0.05    0.00    0.24 v clkbuf_0_gen_decoderX_units[0].decoder/gen_decoders[0].sub_unit_decoder/lut/gen_sub_units_scm[14].sub_unit_i/_0846_/A (BUF_X32)
                  0.01    0.05    0.29 v clkbuf_0_gen_decoderX_units[0].decoder/gen_decoders[0].sub_unit_decoder/lut/gen_sub_units_scm[14].sub_unit_i/_0846_/Z (BUF_X32)
     8  188.58                           clknet_0_gen_decoderX_units[0].decoder/gen_decoders[0].sub_unit_decoder/lut/gen_sub_units_scm[14].sub_unit_i/_0846_ (net)
                  0.01    0.00    0.29 v clkbuf_3_6__f_gen_decoderX_units[0].decoder/gen_decoders[0].sub_unit_decoder/lut/gen_sub_units_scm[14].sub_unit_i/_0846_/A (BUF_X32)
                  0.00    0.02    0.32 v clkbuf_3_6__f_gen_decoderX_units[0].decoder/gen_decoders[0].sub_unit_decoder/lut/gen_sub_units_scm[14].sub_unit_i/_0846_/Z (BUF_X32)
     5    7.75                           clknet_3_6__leaf_gen_decoderX_units[0].decoder/gen_decoders[0].sub_unit_decoder/lut/gen_sub_units_scm[14].sub_unit_i/_0846_ (net)
                  0.00    0.00    0.32 v _1474_1488/A (INV_X1)
                  0.00    0.01    0.32 ^ _1474_1488/ZN (INV_X1)
     1    0.92                           net2579 (net)
                  0.00    0.00    0.32 ^ gen_decoderX_units[0].decoder/gen_decoders[0].sub_unit_decoder/lut/gen_sub_units_scm[14].sub_unit_i/_2432_/A1 (AND2_X1)
                  0.06    0.09    0.41 ^ gen_decoderX_units[0].decoder/gen_decoders[0].sub_unit_decoder/lut/gen_sub_units_scm[14].sub_unit_i/_2432_/ZN (AND2_X1)
     1   26.70                           gen_decoderX_units[0].decoder/gen_decoders[0].sub_unit_decoder/lut/gen_sub_units_scm[14].sub_unit_i/gen_cg_word_iter[29].cg_i.clk_o (net)
                  0.06    0.00    0.41 ^ clkbuf_0_gen_decoderX_units[0].decoder/gen_decoders[0].sub_unit_decoder/lut/gen_sub_units_scm[14].sub_unit_i/gen_cg_word_iter[29].cg_i.clk_o/A (BUF_X32)
                  0.01    0.03    0.44 ^ clkbuf_0_gen_decoderX_units[0].decoder/gen_decoders[0].sub_unit_decoder/lut/gen_sub_units_scm[14].sub_unit_i/gen_cg_word_iter[29].cg_i.clk_o/Z (BUF_X32)
     2   53.41                           clknet_0_gen_decoderX_units[0].decoder/gen_decoders[0].sub_unit_decoder/lut/gen_sub_units_scm[14].sub_unit_i/gen_cg_word_iter[29].cg_i.clk_o (net)
                  0.01    0.00    0.44 ^ clkbuf_1_0__f_gen_decoderX_units[0].decoder/gen_decoders[0].sub_unit_decoder/lut/gen_sub_units_scm[14].sub_unit_i/gen_cg_word_iter[29].cg_i.clk_o/A (BUF_X32)
                  0.00    0.02    0.46 ^ clkbuf_1_0__f_gen_decoderX_units[0].decoder/gen_decoders[0].sub_unit_decoder/lut/gen_sub_units_scm[14].sub_unit_i/gen_cg_word_iter[29].cg_i.clk_o/Z (BUF_X32)
     8    7.88                           clknet_1_0__leaf_gen_decoderX_units[0].decoder/gen_decoders[0].sub_unit_decoder/lut/gen_sub_units_scm[14].sub_unit_i/gen_cg_word_iter[29].cg_i.clk_o (net)
                  0.00    0.00    0.46 ^ gen_decoderX_units[0].decoder/gen_decoders[0].sub_unit_decoder/lut/gen_sub_units_scm[14].sub_unit_i/_2482_/G (DLH_X1)
                          0.00    0.46   clock reconvergence pessimism
                          0.26    0.72   time borrowed from endpoint
                                  0.72   data required time
-----------------------------------------------------------------------------
                                  0.72   data required time
                                 -0.72   data arrival time
-----------------------------------------------------------------------------
                                  0.00   slack (MET)

Time Borrowing Information
--------------------------------------------
clk_i nominal pulse width               1.50
clock latency difference               -0.07
library setup time                     -0.02
--------------------------------------------
max time borrow                         1.41
actual time borrow                      0.26
--------------------------------------------



==========================================================================
finish report_check_types -max_slew -max_cap -max_fanout -violators
--------------------------------------------------------------------------
max capacitance

Pin                                    Limit     Cap   Slack
------------------------------------------------------------
clkbuf_2_3_0_clk_i/Z                  242.31  267.04  -24.73 (VIOLATED)


==========================================================================
finish max_slew_check_slack
--------------------------------------------------------------------------
0.04298500716686249

==========================================================================
finish max_slew_check_limit
--------------------------------------------------------------------------
0.1985349953174591

==========================================================================
finish max_slew_check_slack_limit
--------------------------------------------------------------------------
0.2165

==========================================================================
finish max_fanout_check_slack
--------------------------------------------------------------------------
1.0000000150474662e+30

==========================================================================
finish max_fanout_check_limit
--------------------------------------------------------------------------
1.0000000150474662e+30

==========================================================================
finish max_capacitance_check_slack
--------------------------------------------------------------------------
-24.7292423248291

==========================================================================
finish max_capacitance_check_limit
--------------------------------------------------------------------------
242.30999755859375

==========================================================================
finish max_capacitance_check_slack_limit
--------------------------------------------------------------------------
-0.1021

==========================================================================
finish max_slew_violation_count
--------------------------------------------------------------------------
max slew violation count 0

==========================================================================
finish max_fanout_violation_count
--------------------------------------------------------------------------
max fanout violation count 0

==========================================================================
finish max_cap_violation_count
--------------------------------------------------------------------------
max cap violation count 1

==========================================================================
finish setup_violation_count
--------------------------------------------------------------------------
setup violation count 0

==========================================================================
finish hold_violation_count
--------------------------------------------------------------------------
hold violation count 1

==========================================================================
finish critical path delay
--------------------------------------------------------------------------
0.7230

==========================================================================
finish critical path slack
--------------------------------------------------------------------------
0.0000

==========================================================================
finish slack div critical path delay
--------------------------------------------------------------------------
0.000000

==========================================================================
finish report_power
--------------------------------------------------------------------------
Group                  Internal  Switching    Leakage      Total
                          Power      Power      Power      Power (Watts)
----------------------------------------------------------------
Sequential             7.36e-03   1.47e-03   7.66e-04   9.59e-03  28.2%
Combinational          1.34e-02   7.56e-03   3.47e-03   2.44e-02  71.8%
Macro                  0.00e+00   0.00e+00   0.00e+00   0.00e+00   0.0%
Pad                    0.00e+00   0.00e+00   0.00e+00   0.00e+00   0.0%
----------------------------------------------------------------
Total                  2.07e-02   9.03e-03   4.23e-03   3.40e-02 100.0%
                          61.0%      26.6%      12.5%

==========================================================================
finish report_design_area
--------------------------------------------------------------------------
Design area 141160 u^2 58% utilization.

Elapsed time: 1:08.30[h:]min:sec. CPU time: user 67.57 sys 1.21 (100%). Peak memory: 889928KB.
