OpenROAD b57893514040c5aa453ab5c104f35d1173a8add9 
This program is licensed under the BSD-3 license. See the LICENSE file for details.
Components of this program may be licensed under more restrictive licenses which must be honored.
[WARNING STA-0357] virtual clock clk_i can not be propagated.
[INFO ORD-0030] Using 48 thread(s).
[INFO DRT-0149] Reading tech and libs.
[WARNING DRT-0140] SpacingRange unsupported.
[WARNING DRT-0145] New SPACINGTABLE PARALLELRUNLENGTH overrides old SPACING rule.
[WARNING DRT-0145] New SPACINGTABLE PARALLELRUNLENGTH overrides old SPACING rule.
[WARNING DRT-0145] New SPACINGTABLE PARALLELRUNLENGTH overrides old SPACING rule.
[WARNING DRT-0145] New SPACINGTABLE PARALLELRUNLENGTH overrides old SPACING rule.

Units:                1000
Number of layers:     21
Number of macros:     212
Number of vias:       9
Number of viarulegen: 11

[INFO DRT-0150] Reading design.

Design:                   fp_16_32_adder
Die area:                 ( 0 0 ) ( 29101 29101 )
Number of track patterns: 32
Number of DEF vias:       2
Number of components:     25228
Number of terminals:      80
Number of snets:          2
Number of nets:           2800

[WARNING DRT-0240] CUT layer V3 does not have square single-cut via, cut layer width may be set incorrectly.
[WARNING DRT-0240] CUT layer V5 does not have square single-cut via, cut layer width may be set incorrectly.
[INFO DRT-0167] List of default vias:
  Layer V1
    default via: VIA12
  Layer V2
    default via: VIA23
  Layer V3
    default via: VIA34
  Layer V4
    default via: VIA45
  Layer V5
    default via: VIA56
  Layer V6
    default via: VIA67
  Layer V7
    default via: VIA78
  Layer V8
    default via: VIA89
  Layer V9
    default via: VIA9Pad
[INFO DRT-0162] Library cell analysis.
[INFO DRT-0163] Instance analysis.
  Complete 10000 instances.
  Complete 20000 instances.
[INFO DRT-0164] Number of unique instances = 202.
[INFO DRT-0168] Init region query.
[INFO DRT-0018]   Complete 10000 insts.
[INFO DRT-0018]   Complete 20000 insts.
[INFO DRT-0024]   Complete Active.
[INFO DRT-0024]   Complete V0.
[INFO DRT-0024]   Complete M1.
[INFO DRT-0024]   Complete V1.
[INFO DRT-0024]   Complete M2.
[INFO DRT-0024]   Complete V2.
[INFO DRT-0024]   Complete M3.
[INFO DRT-0024]   Complete V3.
[INFO DRT-0024]   Complete M4.
[INFO DRT-0024]   Complete V4.
[INFO DRT-0024]   Complete M5.
[INFO DRT-0024]   Complete V5.
[INFO DRT-0024]   Complete M6.
[INFO DRT-0024]   Complete V6.
[INFO DRT-0024]   Complete M7.
[INFO DRT-0024]   Complete V7.
[INFO DRT-0024]   Complete M8.
[INFO DRT-0024]   Complete V8.
[INFO DRT-0024]   Complete M9.
[INFO DRT-0024]   Complete V9.
[INFO DRT-0024]   Complete Pad.
[INFO DRT-0033] Active shape region query size = 0.
[INFO DRT-0033] V0 shape region query size = 0.
[INFO DRT-0033] M1 shape region query size = 84653.
[INFO DRT-0033] V1 shape region query size = 64884.
[INFO DRT-0033] M2 shape region query size = 1194.
[INFO DRT-0033] V2 shape region query size = 837.
[INFO DRT-0033] M3 shape region query size = 1674.
[INFO DRT-0033] V3 shape region query size = 558.
[INFO DRT-0033] M4 shape region query size = 1447.
[INFO DRT-0033] V4 shape region query size = 558.
[INFO DRT-0033] M5 shape region query size = 607.
[INFO DRT-0033] V5 shape region query size = 30.
[INFO DRT-0033] M6 shape region query size = 20.
[INFO DRT-0033] V6 shape region query size = 0.
[INFO DRT-0033] M7 shape region query size = 0.
[INFO DRT-0033] V7 shape region query size = 0.
[INFO DRT-0033] M8 shape region query size = 0.
[INFO DRT-0033] V8 shape region query size = 0.
[INFO DRT-0033] M9 shape region query size = 0.
[INFO DRT-0033] V9 shape region query size = 0.
[INFO DRT-0033] Pad shape region query size = 0.
[INFO DRT-0165] Start pin access.
[INFO DRT-0076]   Complete 100 pins.
[INFO DRT-0076]   Complete 200 pins.
[INFO DRT-0076]   Complete 300 pins.
[INFO DRT-0076]   Complete 400 pins.
[INFO DRT-0076]   Complete 500 pins.
[INFO DRT-0076]   Complete 600 pins.
[INFO DRT-0078]   Complete 677 pins.
[INFO DRT-0079]   Complete 100 unique inst patterns.
[INFO DRT-0081]   Complete 194 unique inst patterns.
[INFO DRT-0082]   Complete 1000 groups.
[INFO DRT-0082]   Complete 2000 groups.
[INFO DRT-0084]   Complete 2752 groups.
#scanned instances     = 25228
#unique  instances     = 200
#stdCellGenAp          = 6752
#stdCellValidPlanarAp  = 66
#stdCellValidViaAp     = 5377
#stdCellPinNoAp        = 0
#stdCellPinCnt         = 8825
#instTermValidViaApCnt = 0
#macroGenAp            = 0
#macroValidPlanarAp    = 0
#macroValidViaAp       = 0
#macroNoAp             = 0
[INFO DRT-0166] Complete pin access.
[INFO DRT-0267] cpu time = 00:00:55, elapsed time = 00:00:05, memory = 311.40 (MB), peak = 311.40 (MB)

Number of guides:     30214

[INFO DRT-0169] Post process guides.
[INFO DRT-0176] GCELLGRID X 0 DO 53 STEP 540 ;
[INFO DRT-0177] GCELLGRID Y 0 DO 53 STEP 540 ;
[INFO DRT-0026]   Complete 10000 origin guides.
[INFO DRT-0026]   Complete 20000 origin guides.
[INFO DRT-0026]   Complete 30000 origin guides.
[INFO DRT-0028]   Complete Active.
[INFO DRT-0028]   Complete V0.
[INFO DRT-0028]   Complete M1.
[INFO DRT-0028]   Complete V1.
[INFO DRT-0028]   Complete M2.
[INFO DRT-0028]   Complete V2.
[INFO DRT-0028]   Complete M3.
[INFO DRT-0028]   Complete V3.
[INFO DRT-0028]   Complete M4.
[INFO DRT-0028]   Complete V4.
[INFO DRT-0028]   Complete M5.
[INFO DRT-0028]   Complete V5.
[INFO DRT-0028]   Complete M6.
[INFO DRT-0028]   Complete V6.
[INFO DRT-0028]   Complete M7.
[INFO DRT-0028]   Complete V7.
[INFO DRT-0028]   Complete M8.
[INFO DRT-0028]   Complete V8.
[INFO DRT-0028]   Complete M9.
[INFO DRT-0028]   Complete V9.
[INFO DRT-0028]   Complete Pad.
[INFO DRT-0178] Init guide query.
[INFO DRT-0035]   Complete Active (guide).
[INFO DRT-0035]   Complete V0 (guide).
[INFO DRT-0035]   Complete M1 (guide).
[INFO DRT-0035]   Complete V1 (guide).
[INFO DRT-0035]   Complete M2 (guide).
[INFO DRT-0035]   Complete V2 (guide).
[INFO DRT-0035]   Complete M3 (guide).
[INFO DRT-0035]   Complete V3 (guide).
[INFO DRT-0035]   Complete M4 (guide).
[INFO DRT-0035]   Complete V4 (guide).
[INFO DRT-0035]   Complete M5 (guide).
[INFO DRT-0035]   Complete V5 (guide).
[INFO DRT-0035]   Complete M6 (guide).
[INFO DRT-0035]   Complete V6 (guide).
[INFO DRT-0035]   Complete M7 (guide).
[INFO DRT-0035]   Complete V7 (guide).
[INFO DRT-0035]   Complete M8 (guide).
[INFO DRT-0035]   Complete V8 (guide).
[INFO DRT-0035]   Complete M9 (guide).
[INFO DRT-0035]   Complete V9 (guide).
[INFO DRT-0035]   Complete Pad (guide).
[INFO DRT-0036] Active guide region query size = 0.
[INFO DRT-0036] V0 guide region query size = 0.
[INFO DRT-0036] M1 guide region query size = 7688.
[INFO DRT-0036] V1 guide region query size = 0.
[INFO DRT-0036] M2 guide region query size = 6710.
[INFO DRT-0036] V2 guide region query size = 0.
[INFO DRT-0036] M3 guide region query size = 5426.
[INFO DRT-0036] V3 guide region query size = 0.
[INFO DRT-0036] M4 guide region query size = 2935.
[INFO DRT-0036] V4 guide region query size = 0.
[INFO DRT-0036] M5 guide region query size = 1091.
[INFO DRT-0036] V5 guide region query size = 0.
[INFO DRT-0036] M6 guide region query size = 409.
[INFO DRT-0036] V6 guide region query size = 0.
[INFO DRT-0036] M7 guide region query size = 28.
[INFO DRT-0036] V7 guide region query size = 0.
[INFO DRT-0036] M8 guide region query size = 0.
[INFO DRT-0036] V8 guide region query size = 0.
[INFO DRT-0036] M9 guide region query size = 0.
[INFO DRT-0036] V9 guide region query size = 0.
[INFO DRT-0036] Pad guide region query size = 0.
[INFO DRT-0179] Init gr pin query.
[INFO DRT-0185] Post process initialize RPin region query.
[INFO DRT-0181] Start track assignment.
[INFO DRT-0184] Done with 14233 vertical wires in 2 frboxes and 10054 horizontal wires in 2 frboxes.
[INFO DRT-0186] Done with 1783 vertical wires in 2 frboxes and 729 horizontal wires in 2 frboxes.
[INFO DRT-0182] Complete track assignment.
[INFO DRT-0267] cpu time = 00:00:02, elapsed time = 00:00:01, memory = 420.27 (MB), peak = 420.27 (MB)
[INFO DRT-0187] Start routing data preparation.
[INFO DRT-0267] cpu time = 00:00:00, elapsed time = 00:00:00, memory = 423.37 (MB), peak = 423.37 (MB)
[INFO DRT-0194] Start detail routing.
[INFO DRT-0195] Start 0th optimization iteration.
    Completing 10% with 0 violations.
    elapsed time = 00:00:00, memory = 970.32 (MB).
    Completing 20% with 0 violations.
    elapsed time = 00:00:01, memory = 782.97 (MB).
    Completing 30% with 50 violations.
    elapsed time = 00:00:01, memory = 1348.78 (MB).
    Completing 40% with 50 violations.
    elapsed time = 00:00:02, memory = 1231.73 (MB).
    Completing 50% with 50 violations.
    elapsed time = 00:00:03, memory = 1013.55 (MB).
    Completing 60% with 78 violations.
    elapsed time = 00:00:04, memory = 1661.85 (MB).
    Completing 70% with 78 violations.
    elapsed time = 00:00:05, memory = 1443.39 (MB).
    Completing 80% with 110 violations.
    elapsed time = 00:00:06, memory = 1873.27 (MB).
    Completing 90% with 110 violations.
    elapsed time = 00:00:07, memory = 1796.70 (MB).
    Completing 100% with 146 violations.
    elapsed time = 00:00:08, memory = 1542.15 (MB).
[INFO DRT-0199]   Number of violations = 929.
[INFO DRT-0267] cpu time = 00:01:08, elapsed time = 00:00:09, memory = 2063.18 (MB), peak = 2063.18 (MB)
Total wire length = 7798 um.
Total wire length on LAYER M1 = 0 um.
Total wire length on LAYER M2 = 865 um.
Total wire length on LAYER M3 = 2725 um.
Total wire length on LAYER M4 = 1884 um.
Total wire length on LAYER M5 = 1542 um.
Total wire length on LAYER M6 = 602 um.
Total wire length on LAYER M7 = 178 um.
Total wire length on LAYER M8 = 0 um.
Total wire length on LAYER M9 = 0 um.
Total wire length on LAYER Pad = 0 um.
Total number of vias = 24838.
Up-via summary (total 24838):.

----------------
 Active        0
     M1     8667
     M2    10083
     M3     4077
     M4     1397
     M5      559
     M6       55
     M7        0
     M8        0
     M9        0
----------------
           24838


[INFO DRT-0195] Start 1st optimization iteration.
    Completing 10% with 929 violations.
    elapsed time = 00:00:00, memory = 2661.26 (MB).
    Completing 20% with 929 violations.
    elapsed time = 00:00:02, memory = 2435.94 (MB).
    Completing 30% with 667 violations.
    elapsed time = 00:00:03, memory = 2901.14 (MB).
    Completing 40% with 667 violations.
    elapsed time = 00:00:04, memory = 2709.15 (MB).
    Completing 50% with 667 violations.
    elapsed time = 00:00:05, memory = 2447.41 (MB).
    Completing 60% with 381 violations.
    elapsed time = 00:00:07, memory = 2967.30 (MB).
    Completing 70% with 381 violations.
    elapsed time = 00:00:08, memory = 2722.30 (MB).
    Completing 80% with 143 violations.
    elapsed time = 00:00:09, memory = 3016.94 (MB).
    Completing 90% with 143 violations.
    elapsed time = 00:00:10, memory = 2895.89 (MB).
    Completing 100% with 27 violations.
    elapsed time = 00:00:11, memory = 2678.38 (MB).
[INFO DRT-0199]   Number of violations = 829.
[INFO DRT-0267] cpu time = 00:01:27, elapsed time = 00:00:11, memory = 2684.31 (MB), peak = 3045.64 (MB)
Total wire length = 7738 um.
Total wire length on LAYER M1 = 0 um.
Total wire length on LAYER M2 = 896 um.
Total wire length on LAYER M3 = 2739 um.
Total wire length on LAYER M4 = 1837 um.
Total wire length on LAYER M5 = 1501 um.
Total wire length on LAYER M6 = 587 um.
Total wire length on LAYER M7 = 175 um.
Total wire length on LAYER M8 = 0 um.
Total wire length on LAYER M9 = 0 um.
Total wire length on LAYER Pad = 0 um.
Total number of vias = 24543.
Up-via summary (total 24543):.

----------------
 Active        0
     M1     8668
     M2    10048
     M3     3905
     M4     1316
     M5      544
     M6       62
     M7        0
     M8        0
     M9        0
----------------
           24543


[INFO DRT-0195] Start 2nd optimization iteration.
    Completing 10% with 829 violations.
    elapsed time = 00:00:00, memory = 2684.31 (MB).
    Completing 20% with 829 violations.
    elapsed time = 00:00:01, memory = 3053.35 (MB).
    Completing 30% with 829 violations.
    elapsed time = 00:00:02, memory = 2702.05 (MB).
    Completing 40% with 672 violations.
    elapsed time = 00:00:03, memory = 3189.29 (MB).
    Completing 50% with 672 violations.
    elapsed time = 00:00:04, memory = 2898.72 (MB).
    Completing 60% with 428 violations.
    elapsed time = 00:00:05, memory = 2720.57 (MB).
    Completing 70% with 428 violations.
    elapsed time = 00:00:06, memory = 3067.50 (MB).
    Completing 80% with 428 violations.
    elapsed time = 00:00:07, memory = 2731.95 (MB).
    Completing 90% with 271 violations.
    elapsed time = 00:00:09, memory = 3001.12 (MB).
    Completing 100% with 116 violations.
    elapsed time = 00:00:10, memory = 2673.91 (MB).
[INFO DRT-0199]   Number of violations = 764.
[INFO DRT-0267] cpu time = 00:01:19, elapsed time = 00:00:10, memory = 2764.92 (MB), peak = 3271.50 (MB)
Total wire length = 7720 um.
Total wire length on LAYER M1 = 0 um.
Total wire length on LAYER M2 = 899 um.
Total wire length on LAYER M3 = 2739 um.
Total wire length on LAYER M4 = 1822 um.
Total wire length on LAYER M5 = 1499 um.
Total wire length on LAYER M6 = 582 um.
Total wire length on LAYER M7 = 176 um.
Total wire length on LAYER M8 = 0 um.
Total wire length on LAYER M9 = 0 um.
Total wire length on LAYER Pad = 0 um.
Total number of vias = 24491.
Up-via summary (total 24491):.

----------------
 Active        0
     M1     8675
     M2    10003
     M3     3876
     M4     1347
     M5      533
     M6       57
     M7        0
     M8        0
     M9        0
----------------
           24491


[INFO DRT-0195] Start 3rd optimization iteration.
    Completing 10% with 764 violations.
    elapsed time = 00:00:00, memory = 3247.33 (MB).
    Completing 20% with 764 violations.
    elapsed time = 00:00:01, memory = 2996.23 (MB).
    Completing 30% with 479 violations.
    elapsed time = 00:00:01, memory = 3311.05 (MB).
    Completing 40% with 479 violations.
    elapsed time = 00:00:02, memory = 3199.89 (MB).
    Completing 50% with 479 violations.
    elapsed time = 00:00:02, memory = 2935.75 (MB).
    Completing 60% with 341 violations.
    elapsed time = 00:00:03, memory = 3283.51 (MB).
    Completing 70% with 341 violations.
    elapsed time = 00:00:03, memory = 3077.19 (MB).
    Completing 80% with 106 violations.
    elapsed time = 00:00:04, memory = 2940.49 (MB).
    Completing 90% with 106 violations.
    elapsed time = 00:00:05, memory = 3211.79 (MB).
    Completing 100% with 0 violations.
    elapsed time = 00:00:05, memory = 2945.89 (MB).
[INFO DRT-0199]   Number of violations = 0.
[INFO DRT-0267] cpu time = 00:00:46, elapsed time = 00:00:05, memory = 2948.98 (MB), peak = 3335.94 (MB)
Total wire length = 7718 um.
Total wire length on LAYER M1 = 0 um.
Total wire length on LAYER M2 = 899 um.
Total wire length on LAYER M3 = 2738 um.
Total wire length on LAYER M4 = 1822 um.
Total wire length on LAYER M5 = 1499 um.
Total wire length on LAYER M6 = 581 um.
Total wire length on LAYER M7 = 176 um.
Total wire length on LAYER M8 = 0 um.
Total wire length on LAYER M9 = 0 um.
Total wire length on LAYER Pad = 0 um.
Total number of vias = 24480.
Up-via summary (total 24480):.

----------------
 Active        0
     M1     8675
     M2    10001
     M3     3871
     M4     1345
     M5      531
     M6       57
     M7        0
     M8        0
     M9        0
----------------
           24480


[INFO DRT-0198] Complete detail routing.
Total wire length = 7718 um.
Total wire length on LAYER M1 = 0 um.
Total wire length on LAYER M2 = 899 um.
Total wire length on LAYER M3 = 2738 um.
Total wire length on LAYER M4 = 1822 um.
Total wire length on LAYER M5 = 1499 um.
Total wire length on LAYER M6 = 581 um.
Total wire length on LAYER M7 = 176 um.
Total wire length on LAYER M8 = 0 um.
Total wire length on LAYER M9 = 0 um.
Total wire length on LAYER Pad = 0 um.
Total number of vias = 24480.
Up-via summary (total 24480):.

----------------
 Active        0
     M1     8675
     M2    10001
     M3     3871
     M4     1345
     M5      531
     M6       57
     M7        0
     M8        0
     M9        0
----------------
           24480


[INFO DRT-0267] cpu time = 00:04:42, elapsed time = 00:00:37, memory = 2948.98 (MB), peak = 3335.94 (MB)

[INFO DRT-0180] Post processing.
Elapsed time: 0:46.64[h:]min:sec. CPU time: user 337.07 sys 6.12 (735%). Peak memory: 3416004KB.
