OpenROAD b57893514040c5aa453ab5c104f35d1173a8add9 
This program is licensed under the BSD-3 license. See the LICENSE file for details.
Components of this program may be licensed under more restrictive licenses which must be honored.
[INFO GPL-0002] DBU: 1000
[INFO GPL-0003] SiteSize: 54 270
[INFO GPL-0004] CoreAreaLxLy: 2052 2160
[INFO GPL-0005] CoreAreaUxUy: 28296 28080
[INFO GPL-0006] NumInstances: 2755
[INFO GPL-0007] NumPlaceInstances: 2514
[INFO GPL-0008] NumFixedInstances: 241
[INFO GPL-0009] NumDummyInstances: 0
[INFO GPL-0010] NumNets: 2564
[INFO GPL-0011] NumPins: 8694
[INFO GPL-0012] DieAreaLxLy: 0 0
[INFO GPL-0013] DieAreaUxUy: 30304 30304
[INFO GPL-0014] CoreAreaLxLy: 2052 2160
[INFO GPL-0015] CoreAreaUxUy: 28296 28080
[INFO GPL-0016] CoreArea: 680244480
[INFO GPL-0017] NonPlaceInstsArea: 7027560
[INFO GPL-0018] PlaceInstsArea: 428622840
[INFO GPL-0019] Util(%): 63.67
[INFO GPL-0020] StdInstsArea: 428622840
[INFO GPL-0021] MacroInstsArea: 0
[InitialPlace]  Iter: 1 CG residual: 0.00000049 HPWL: 8021243
[InitialPlace]  Iter: 2 CG residual: 0.00000008 HPWL: 4101235
[InitialPlace]  Iter: 3 CG residual: 0.00000088 HPWL: 4126472
[InitialPlace]  Iter: 4 CG residual: 0.00000010 HPWL: 4139961
[InitialPlace]  Iter: 5 CG residual: 0.00000011 HPWL: 4132753
[INFO GPL-0031] FillerInit: NumGCells: 2569
[INFO GPL-0032] FillerInit: NumGNets: 2564
[INFO GPL-0033] FillerInit: NumGPins: 8694
[INFO GPL-0023] TargetDensity: 0.65
[INFO GPL-0024] AveragePlaceInstArea: 170494
[INFO GPL-0025] IdealBinArea: 262298
[INFO GPL-0026] IdealBinCnt: 2593
[INFO GPL-0027] TotalBinArea: 680244480
[INFO GPL-0028] BinCnt: 32 32
[INFO GPL-0029] BinSize: 821 810
[INFO GPL-0030] NumBins: 1024
[NesterovSolve] Iter: 1 overflow: 0.884174 HPWL: 2209451
[NesterovSolve] Iter: 10 overflow: 0.8462 HPWL: 2501382
[NesterovSolve] Iter: 20 overflow: 0.831715 HPWL: 2658903
[NesterovSolve] Iter: 30 overflow: 0.823173 HPWL: 2712881
[NesterovSolve] Iter: 40 overflow: 0.816561 HPWL: 2747825
[NesterovSolve] Iter: 50 overflow: 0.808488 HPWL: 2791984
[NesterovSolve] Iter: 60 overflow: 0.804059 HPWL: 2827788
[NesterovSolve] Iter: 70 overflow: 0.798008 HPWL: 2845127
[NesterovSolve] Iter: 80 overflow: 0.795618 HPWL: 2852265
[NesterovSolve] Iter: 90 overflow: 0.794694 HPWL: 2854438
[NesterovSolve] Iter: 100 overflow: 0.792717 HPWL: 2852962
[NesterovSolve] Iter: 110 overflow: 0.79288 HPWL: 2850533
[NesterovSolve] Iter: 120 overflow: 0.793862 HPWL: 2850156
[NesterovSolve] Iter: 130 overflow: 0.793785 HPWL: 2852378
[NesterovSolve] Iter: 140 overflow: 0.793147 HPWL: 2858054
[NesterovSolve] Iter: 150 overflow: 0.791775 HPWL: 2870545
[NesterovSolve] Iter: 160 overflow: 0.788869 HPWL: 2896509
[INFO GPL-0100] worst slack 8.19e-10
[INFO GPL-0103] Weighted 368 nets.
[NesterovSolve] Iter: 170 overflow: 0.78728 HPWL: 2993346
[NesterovSolve] Iter: 180 overflow: 0.821859 HPWL: 3524064
[NesterovSolve] Iter: 190 overflow: 0.827286 HPWL: 3669460
[NesterovSolve] Iter: 200 overflow: 0.808612 HPWL: 3606974
[NesterovSolve] Iter: 210 overflow: 0.799327 HPWL: 3543997
[NesterovSolve] Iter: 220 overflow: 0.808783 HPWL: 3714757
[NesterovSolve] Iter: 230 overflow: 0.790911 HPWL: 3860249
[NesterovSolve] Iter: 240 overflow: 0.763145 HPWL: 4022440
[NesterovSolve] Iter: 250 overflow: 0.727835 HPWL: 4242064
[NesterovSolve] Iter: 260 overflow: 0.692726 HPWL: 4586381
[NesterovSolve] Iter: 270 overflow: 0.635471 HPWL: 5034310
[INFO GPL-0100] worst slack 7.2e-10
[INFO GPL-0103] Weighted 368 nets.
[NesterovSolve] Snapshot saved at iter = 275
[NesterovSolve] Iter: 280 overflow: 0.567408 HPWL: 5483929
[NesterovSolve] Iter: 290 overflow: 0.497341 HPWL: 5925774
[INFO GPL-0100] worst slack 7.68e-10
[INFO GPL-0103] Weighted 367 nets.
[NesterovSolve] Iter: 300 overflow: 0.451443 HPWL: 6335018
[NesterovSolve] Iter: 310 overflow: 0.425151 HPWL: 6618426
[NesterovSolve] Iter: 320 overflow: 0.395513 HPWL: 6783707
[NesterovSolve] Iter: 330 overflow: 0.349847 HPWL: 6971312
[NesterovSolve] Iter: 340 overflow: 0.296631 HPWL: 7084700
[INFO GPL-0100] worst slack 8.29e-10
[INFO GPL-0103] Weighted 368 nets.
[NesterovSolve] Iter: 350 overflow: 0.255912 HPWL: 7072018
[NesterovSolve] Iter: 360 overflow: 0.245303 HPWL: 7077689
[NesterovSolve] Iter: 370 overflow: 0.22364 HPWL: 7238327
[INFO GPL-0100] worst slack 8.98e-10
[INFO GPL-0103] Weighted 368 nets.
[INFO GPL-0075] Routability numCall: 1 inflationIterCnt: 1 bloatIterCnt: 0
[INFO GPL-0036] TileLxLy: 0 0
[INFO GPL-0037] TileSize: 540 540
[INFO GPL-0038] TileCnt: 56 56
[INFO GPL-0039] numRoutingLayers: 10
[INFO GPL-0040] NumTiles: 3136
[INFO GPL-0063] TotalRouteOverflowH2: 33.50909698009491
[INFO GPL-0064] TotalRouteOverflowV2: 0.9212123155593872
[INFO GPL-0065] OverflowTileCnt2: 216
[INFO GPL-0066] 0.5%RC: 1.2630303223927817
[INFO GPL-0067] 1.0%RC: 1.2320493399086645
[INFO GPL-0068] 2.0%RC: 1.2115562659198955
[INFO GPL-0069] 5.0%RC: 1.113590159254559
[INFO GPL-0070] 0.5rcK: 1.0
[INFO GPL-0071] 1.0rcK: 1.0
[INFO GPL-0072] 2.0rcK: 0.0
[INFO GPL-0073] 5.0rcK: 0.0
[INFO GPL-0074] FinalRC: 1.2475399
[NesterovSolve] Iter: 380 overflow: 0.188116 HPWL: 7339546
[NesterovSolve] Iter: 390 overflow: 0.175791 HPWL: 7352942
[NesterovSolve] Iter: 400 overflow: 0.155759 HPWL: 7407769
[INFO GPL-0100] worst slack 8.87e-10
[INFO GPL-0103] Weighted 368 nets.
[NesterovSolve] Iter: 410 overflow: 0.131904 HPWL: 7407764
[NesterovSolve] Iter: 420 overflow: 0.120431 HPWL: 7396171
[NesterovSolve] Iter: 430 overflow: 0.105097 HPWL: 7398219
[NesterovSolve] Finished with Overflow: 0.099416

==========================================================================
global place report_tns
--------------------------------------------------------------------------
tns 0.00

==========================================================================
global place report_wns
--------------------------------------------------------------------------
wns 0.00

==========================================================================
global place report_worst_slack
--------------------------------------------------------------------------
worst slack 649.87

==========================================================================
global place report_clock_skew
--------------------------------------------------------------------------
Clock clk_i
No launch/capture paths found.


==========================================================================
global place report_checks -path_delay min
--------------------------------------------------------------------------
Startpoint: rst_ni (input port clocked by clk_i)
Endpoint: adder/_2419_ (removal check against rising-edge clock clk_i)
Path Group: **async_default**
Path Type: min

Fanout     Cap    Slew   Delay    Time   Description
-----------------------------------------------------------------------------
                  0.00    0.00    0.00   clock clk_i (rise edge)
                          0.00    0.00   clock network delay (ideal)
                        300.00  300.00 ^ input external delay
                  0.00    0.00  300.00 ^ rst_ni (in)
     1   13.56                           rst_ni (net)
                  1.93    0.61  300.61 ^ adder/_2397_/A (CKINVDCx20_ASAP7_75t_R)
                 24.55    5.47  306.07 v adder/_2397_/Y (CKINVDCx20_ASAP7_75t_R)
    64   58.80                           adder/_0064_ (net)
                 32.51    7.19  313.27 v adder/_2419_/RESET (ASYNC_DFFHx1_ASAP7_75t_R)
                                313.27   data arrival time

                  0.00    0.00    0.00   clock clk_i (rise edge)
                          0.00    0.00   clock network delay (ideal)
                          0.00    0.00   clock reconvergence pessimism
                                  0.00 ^ adder/_2419_/CLK (ASYNC_DFFHx1_ASAP7_75t_R)
                         34.97   34.97   library removal time
                                 34.97   data required time
-----------------------------------------------------------------------------
                                 34.97   data required time
                               -313.27   data arrival time
-----------------------------------------------------------------------------
                                278.30   slack (MET)


Startpoint: operand_fp32_i[17] (input port clocked by clk_i)
Endpoint: adder/_2447_ (rising edge-triggered flip-flop clocked by clk_i)
Path Group: clk_i
Path Type: min

Fanout     Cap    Slew   Delay    Time   Description
-----------------------------------------------------------------------------
                  0.00    0.00    0.00   clock clk_i (rise edge)
                          0.00    0.00   clock network delay (ideal)
                        300.00  300.00 v input external delay
                  0.00    0.00  300.00 v operand_fp32_i[17] (in)
     1    0.92                           operand_fp32_i[17] (net)
                  0.09    0.03  300.03 v adder/_2447_/D (ASYNC_DFFHx1_ASAP7_75t_R)
                                300.03   data arrival time

                  0.00    0.00    0.00   clock clk_i (rise edge)
                          0.00    0.00   clock network delay (ideal)
                          0.00    0.00   clock reconvergence pessimism
                                  0.00 ^ adder/_2447_/CLK (ASYNC_DFFHx1_ASAP7_75t_R)
                          6.39    6.39   library hold time
                                  6.39   data required time
-----------------------------------------------------------------------------
                                  6.39   data required time
                               -300.03   data arrival time
-----------------------------------------------------------------------------
                                293.64   slack (MET)



==========================================================================
global place report_checks -path_delay max
--------------------------------------------------------------------------
Startpoint: rst_ni (input port clocked by clk_i)
Endpoint: adder/_2446_ (recovery check against rising-edge clock clk_i)
Path Group: **async_default**
Path Type: max

Fanout     Cap    Slew   Delay    Time   Description
-----------------------------------------------------------------------------
                  0.00    0.00    0.00   clock clk_i (rise edge)
                          0.00    0.00   clock network delay (ideal)
                        300.00  300.00 ^ input external delay
                  0.00    0.00  300.00 ^ rst_ni (in)
     1   13.56                           rst_ni (net)
                  1.93    0.61  300.61 ^ adder/_2397_/A (CKINVDCx20_ASAP7_75t_R)
                 24.55    5.47  306.07 v adder/_2397_/Y (CKINVDCx20_ASAP7_75t_R)
    64   58.80                           adder/_0064_ (net)
                 46.99   14.06  320.13 v adder/_2446_/RESET (ASYNC_DFFHx1_ASAP7_75t_R)
                                320.13   data arrival time

                  0.00 3000.00 3000.00   clock clk_i (rise edge)
                          0.00 3000.00   clock network delay (ideal)
                          0.00 3000.00   clock reconvergence pessimism
                               3000.00 ^ adder/_2446_/CLK (ASYNC_DFFHx1_ASAP7_75t_R)
                         24.89 3024.89   library recovery time
                               3024.89   data required time
-----------------------------------------------------------------------------
                               3024.89   data required time
                               -320.13   data arrival time
-----------------------------------------------------------------------------
                               2704.76   slack (MET)


Startpoint: adder/_2453_ (rising edge-triggered flip-flop clocked by clk_i)
Endpoint: result_o[28] (output port clocked by clk_i)
Path Group: clk_i
Path Type: max

Fanout     Cap    Slew   Delay    Time   Description
-----------------------------------------------------------------------------
                  0.00    0.00    0.00   clock clk_i (rise edge)
                          0.00    0.00   clock network delay (ideal)
                  0.00    0.00    0.00 ^ adder/_2453_/CLK (ASYNC_DFFHx1_ASAP7_75t_R)
                 45.57   56.05   56.05 ^ adder/_2453_/QN (ASYNC_DFFHx1_ASAP7_75t_R)
     5    5.87                           adder/_0054_ (net)
                 45.57    0.16   56.22 ^ adder/_1221_/A (XNOR2x2_ASAP7_75t_R)
                173.58  103.11  159.33 v adder/_1221_/Y (XNOR2x2_ASAP7_75t_R)
    36   55.73                           adder/_0203_ (net)
                173.99    5.09  164.42 v adder/_1222_/B (NAND2x2_ASAP7_75t_R)
                 49.33   43.59  208.01 ^ adder/_1222_/Y (NAND2x2_ASAP7_75t_R)
     3    4.05                           adder/_0214_ (net)
                 49.33    0.01  208.03 ^ adder/_1223_/B (NOR2x2_ASAP7_75t_R)
                 19.18   17.96  225.99 v adder/_1223_/Y (NOR2x2_ASAP7_75t_R)
     2    2.77                           adder/_0225_ (net)
                 19.18    0.03  226.02 v adder/_1236_/A (NAND2x2_ASAP7_75t_R)
                 56.31   32.44  258.46 ^ adder/_1236_/Y (NAND2x2_ASAP7_75t_R)
    10   13.96                           adder/_0344_ (net)
                 56.61    2.30  260.77 ^ adder/_1279_/A (NAND2x2_ASAP7_75t_R)
                242.03  114.18  374.94 v adder/_1279_/Y (NAND2x2_ASAP7_75t_R)
    85   86.84                           adder/_0391_ (net)
                242.48    6.10  381.04 v adder/_1448_/A1 (OAI21x1_ASAP7_75t_R)
                318.98  189.33  570.37 ^ adder/_1448_/Y (OAI21x1_ASAP7_75t_R)
    29   45.13                           adder/_0552_ (net)
                320.25   11.64  582.01 ^ adder/_1449_/A (CKINVDCx12_ASAP7_75t_R)
                 58.28   31.19  613.20 v adder/_1449_/Y (CKINVDCx12_ASAP7_75t_R)
    18   25.56                           adder/_0553_ (net)
                 58.28    0.26  613.45 v adder/_2031_/B (OAI21x1_ASAP7_75t_R)
                 51.85   16.81  630.27 ^ adder/_2031_/Y (OAI21x1_ASAP7_75t_R)
     2    2.31                           adder/_1134_ (net)
                 51.85    0.06  630.32 ^ adder/_2034_/A2 (OAI21x1_ASAP7_75t_R)
                 34.86   21.47  651.79 v adder/_2034_/Y (OAI21x1_ASAP7_75t_R)
     2    4.58                           adder/_1137_ (net)
                 34.86    0.04  651.83 v adder/_2035_/B (NOR2x2_ASAP7_75t_R)
                 50.90   32.57  684.40 ^ adder/_2035_/Y (NOR2x2_ASAP7_75t_R)
     8   12.14                           adder/_1138_ (net)
                 51.14    1.99  686.40 ^ adder/_2047_/A (NOR2x2_ASAP7_75t_R)
                 33.78   26.98  713.37 v adder/_2047_/Y (NOR2x2_ASAP7_75t_R)
     4    5.88                           adder/_1150_ (net)
                 33.78    0.22  713.59 v adder/_2080_/B (NOR2x2_ASAP7_75t_R)
                 22.47   16.27  729.87 ^ adder/_2080_/Y (NOR2x2_ASAP7_75t_R)
     3    2.78                           adder/_1183_ (net)
                 22.47    0.01  729.87 ^ adder/_2081_/B (NOR2x1_ASAP7_75t_R)
                 22.13   15.48  745.35 v adder/_2081_/Y (NOR2x1_ASAP7_75t_R)
     2    2.13                           adder/_1184_ (net)
                 22.13    0.02  745.36 v adder/_2171_/A (INVx1_ASAP7_75t_R)
                 14.34   11.95  757.31 ^ adder/_2171_/Y (INVx1_ASAP7_75t_R)
     1    1.44                           adder/_0129_ (net)
                 14.34    0.04  757.34 ^ adder/_2172_/C (NAND3x1_ASAP7_75t_R)
                 14.69   11.01  768.36 v adder/_2172_/Y (NAND3x1_ASAP7_75t_R)
     1    1.37                           adder/_0130_ (net)
                 14.69    0.03  768.39 v adder/_2173_/C (NAND3x1_ASAP7_75t_R)
                 19.88   17.30  785.69 ^ adder/_2173_/Y (NAND3x1_ASAP7_75t_R)
     1    1.25                           adder/_0131_ (net)
                 19.88    0.03  785.72 ^ adder/_2174_/B (NOR2x1_ASAP7_75t_R)
                 13.60   12.57  798.29 v adder/_2174_/Y (NOR2x1_ASAP7_75t_R)
     1    1.38                           adder/_0132_ (net)
                 13.60    0.03  798.33 v adder/_2194_/A1 (AOI21x1_ASAP7_75t_R)
                 12.83    9.85  808.18 ^ adder/_2194_/Y (AOI21x1_ASAP7_75t_R)
     1    1.15                           adder/_0154_ (net)
                 12.83    0.01  808.19 ^ adder/_2198_/A2 (OAI21x1_ASAP7_75t_R)
                 39.21   20.04  828.23 v adder/_2198_/Y (OAI21x1_ASAP7_75t_R)
     3    7.30                           adder/_0158_ (net)
                 39.51    1.95  830.18 v adder/_2220_/A (NAND3x2_ASAP7_75t_R)
                 24.83   22.94  853.13 ^ adder/_2220_/Y (NAND3x2_ASAP7_75t_R)
     4    3.76                           adder/_0183_ (net)
                 24.84    0.18  853.31 ^ adder/_2221_/A2 (OAI21x1_ASAP7_75t_R)
                 34.95   20.45  873.76 v adder/_2221_/Y (OAI21x1_ASAP7_75t_R)
     4    6.13                           adder/_0184_ (net)
                 35.07    1.17  874.92 v adder/_2227_/A2 (AOI21x1_ASAP7_75t_R)
                 32.75   23.00  897.92 ^ adder/_2227_/Y (AOI21x1_ASAP7_75t_R)
     4    4.14                           adder/_0190_ (net)
                 32.76    0.13  898.05 ^ adder/_2242_/A2 (OAI21x1_ASAP7_75t_R)
                 34.15   21.81  919.87 v adder/_2242_/Y (OAI21x1_ASAP7_75t_R)
     5    6.01                           adder/_0207_ (net)
                 34.20    0.76  920.63 v adder/_2326_/A1 (AOI21x1_ASAP7_75t_R)
                 29.88   20.81  941.44 ^ adder/_2326_/Y (AOI21x1_ASAP7_75t_R)
     3    3.75                           adder/_0299_ (net)
                 29.93    0.65  942.09 ^ adder/_2330_/A2 (OAI21x1_ASAP7_75t_R)
                 17.17   13.09  955.19 v adder/_2330_/Y (OAI21x1_ASAP7_75t_R)
     2    2.20                           adder/_0304_ (net)
                 17.17    0.05  955.24 v adder/_2396_/A (XOR2x2_ASAP7_75t_R)
                 25.67   39.16  994.40 ^ adder/_2396_/Y (XOR2x2_ASAP7_75t_R)
     4    5.89                           adder/adder.Mant_addOut_D[26] (net)
                 25.67    0.22  994.62 ^ adder/norm/_1217_/B (NOR2x2_ASAP7_75t_R)
                 23.02   17.35 1011.97 v adder/norm/_1217_/Y (NOR2x2_ASAP7_75t_R)
     3    4.88                           adder/norm/_1128_ (net)
                 23.02    0.11 1012.07 v adder/norm/_1219_/A (NAND2x2_ASAP7_75t_R)
                 26.22   21.23 1033.31 ^ adder/norm/_1219_/Y (NAND2x2_ASAP7_75t_R)
     4    5.32                           adder/norm/_1150_ (net)
                 26.23    0.15 1033.46 ^ adder/norm/_1223_/A (NOR2x2_ASAP7_75t_R)
                 24.57   20.83 1054.29 v adder/norm/_1223_/Y (NOR2x2_ASAP7_75t_R)
     4    6.13                           adder/norm/_1194_ (net)
                 24.57    0.05 1054.34 v adder/norm/_1231_/A (NAND2x2_ASAP7_75t_R)
                 40.09   27.76 1082.10 ^ adder/norm/_1231_/Y (NAND2x2_ASAP7_75t_R)
     6    9.29                           adder/norm/_0065_ (net)
                 40.14    0.83 1082.94 ^ adder/norm/_1247_/A (NOR2x2_ASAP7_75t_R)
                 42.00   32.11 1115.05 v adder/norm/_1247_/Y (NOR2x2_ASAP7_75t_R)
     7   11.30                           adder/norm/_0233_ (net)
                 42.19    1.58 1116.62 v adder/norm/_1360_/A1 (AOI21x1_ASAP7_75t_R)
                 53.01   32.98 1149.60 ^ adder/norm/_1360_/Y (AOI21x1_ASAP7_75t_R)
     5    7.72                           adder/norm/_0442_ (net)
                 53.10    1.25 1150.86 ^ adder/norm/_1362_/A (XOR2x2_ASAP7_75t_R)
                 15.67   30.25 1181.10 ^ adder/norm/_1362_/Y (XOR2x2_ASAP7_75t_R)
     2    2.83                           adder/norm/_0444_ (net)
                 15.67    0.02 1181.12 ^ adder/norm/_1363_/B (NAND2x1_ASAP7_75t_R)
                 12.39   10.37 1191.49 v adder/norm/_1363_/Y (NAND2x1_ASAP7_75t_R)
     1    1.46                           adder/norm/_0445_ (net)
                 12.39    0.06 1191.55 v adder/norm/_1407_/A1 (OAI21x1_ASAP7_75t_R)
                 13.86   11.08 1202.64 ^ adder/norm/_1407_/Y (OAI21x1_ASAP7_75t_R)
     1    1.21                           adder/norm/_0489_ (net)
                 13.86    0.03 1202.66 ^ adder/norm/_1413_/A2 (AOI21x1_ASAP7_75t_R)
                 12.69    8.95 1211.62 v adder/norm/_1413_/Y (AOI21x1_ASAP7_75t_R)
     1    1.38                           adder/norm/_0495_ (net)
                 12.70    0.07 1211.69 v adder/norm/_1419_/A2 (OAI21x1_ASAP7_75t_R)
                114.12   53.68 1265.37 ^ adder/norm/_1419_/Y (OAI21x1_ASAP7_75t_R)
    14   18.26                           adder/norm/_0501_ (net)
                114.16    1.27 1266.64 ^ adder/norm/_1456_/B (NOR2x2_ASAP7_75t_R)
                 31.72   27.47 1294.11 v adder/norm/_1456_/Y (NOR2x2_ASAP7_75t_R)
     2    3.48                           adder/norm/_0538_ (net)
                 31.72    0.04 1294.14 v adder/norm/_1496_/A (NOR2x2_ASAP7_75t_R)
                341.54  122.76 1416.91 ^ adder/norm/_1496_/Y (NOR2x2_ASAP7_75t_R)
    52   88.33                           adder/norm/_0578_ (net)
                362.13   44.85 1461.76 ^ adder/norm/_1497_/A (CKINVDCx20_ASAP7_75t_R)
                 97.20   47.01 1508.77 v adder/norm/_1497_/Y (CKINVDCx20_ASAP7_75t_R)
    57   81.03                           adder/norm/_0579_ (net)
                104.51   14.12 1522.89 v adder/norm/_1517_/B (NOR2x2_ASAP7_75t_R)
                 45.43   34.80 1557.69 ^ adder/norm/_1517_/Y (NOR2x2_ASAP7_75t_R)
     5    5.97                           adder/norm/_0599_ (net)
                 45.43    0.23 1557.92 ^ adder/norm/_1518_/A (INVx2_ASAP7_75t_R)
                 24.00   18.43 1576.36 v adder/norm/_1518_/Y (INVx2_ASAP7_75t_R)
     3    5.51                           adder/norm/_0600_ (net)
                 24.00    0.19 1576.55 v adder/norm/_1519_/B (NAND2x2_ASAP7_75t_R)
                320.14  141.11 1717.66 ^ adder/norm/_1519_/Y (NAND2x2_ASAP7_75t_R)
    58   86.22                           adder/norm/_0601_ (net)
                320.68    7.62 1725.29 ^ adder/norm/_1542_/A (CKINVDCx20_ASAP7_75t_R)
                 82.31   41.84 1767.13 v adder/norm/_1542_/Y (CKINVDCx20_ASAP7_75t_R)
    55   70.17                           adder/norm/_0624_ (net)
                 88.41   11.92 1779.04 v adder/norm/_1962_/B (AOI21x1_ASAP7_75t_R)
                 33.66   27.61 1806.66 ^ adder/norm/_1962_/Y (AOI21x1_ASAP7_75t_R)
     1    2.21                           adder/norm/_1044_ (net)
                 33.66    0.01 1806.66 ^ adder/norm/_1963_/B (NOR2x2_ASAP7_75t_R)
                 27.32   19.30 1825.96 v adder/norm/_1963_/Y (NOR2x2_ASAP7_75t_R)
     4    4.84                           adder/norm/_1045_ (net)
                 27.33    0.22 1826.18 v adder/norm/_1970_/A2 (OAI21x1_ASAP7_75t_R)
                 25.86   16.68 1842.87 ^ adder/norm/_1970_/Y (OAI21x1_ASAP7_75t_R)
     1    2.39                           adder/norm/_1052_ (net)
                 25.86    0.16 1843.02 ^ adder/norm/_1985_/A (NOR2x2_ASAP7_75t_R)
                 19.25   17.51 1860.53 v adder/norm/_1985_/Y (NOR2x2_ASAP7_75t_R)
     2    4.02                           adder/norm/_1067_ (net)
                 19.25    0.19 1860.73 v adder/norm/_2000_/B (NAND3x2_ASAP7_75t_R)
                 33.77   22.94 1883.66 ^ adder/norm/_2000_/Y (NAND3x2_ASAP7_75t_R)
     5    6.24                           adder/norm/_1082_ (net)
                 33.90    1.13 1884.79 ^ adder/norm/_2001_/B (NOR2x2_ASAP7_75t_R)
                 22.98   20.15 1904.94 v adder/norm/_2001_/Y (NOR2x2_ASAP7_75t_R)
     4    5.24                           adder/norm/_1083_ (net)
                 22.98    0.11 1905.06 v adder/norm/_2002_/B (NAND2x2_ASAP7_75t_R)
                 26.92   20.79 1925.85 ^ adder/norm/_2002_/Y (NAND2x2_ASAP7_75t_R)
     5    6.00                           adder/norm/_1084_ (net)
                 26.92    0.04 1925.88 ^ adder/norm/_2129_/A (NOR2x2_ASAP7_75t_R)
                 36.42   25.63 1951.51 v adder/norm/_2129_/Y (NOR2x2_ASAP7_75t_R)
     8    9.99                           adder/norm/_0003_ (net)
                 36.64    1.59 1953.10 v adder/norm/_2205_/A (NAND3x2_ASAP7_75t_R)
                 19.35   18.45 1971.55 ^ adder/norm/_2205_/Y (NAND3x2_ASAP7_75t_R)
     2    2.14                           adder/norm/_0086_ (net)
                 19.35    0.05 1971.59 ^ adder/norm/_2210_/A2 (OAI21x1_ASAP7_75t_R)
                 19.20   13.35 1984.94 v adder/norm/_2210_/Y (OAI21x1_ASAP7_75t_R)
     3    2.94                           adder/norm/_0091_ (net)
                 19.21    0.10 1985.04 v adder/norm/_2221_/A2 (AOI21x1_ASAP7_75t_R)
                 24.44   17.13 2002.18 ^ adder/norm/_2221_/Y (AOI21x1_ASAP7_75t_R)
     3    3.12                           adder/norm/_0101_ (net)
                 24.44    0.19 2002.37 ^ adder/norm/_2227_/A1 (OA21x2_ASAP7_75t_R)
                  7.61   20.25 2022.62 ^ adder/norm/_2227_/Y (OA21x2_ASAP7_75t_R)
     1    1.01                           adder/norm/_0107_ (net)
                  7.61    0.00 2022.62 ^ adder/norm/_2228_/B (XNOR2x2_ASAP7_75t_R)
                  7.37   27.48 2050.10 v adder/norm/_2228_/Y (XNOR2x2_ASAP7_75t_R)
     1    0.58                           result_o[28] (net)
                  7.37    0.03 2050.13 v result_o[28] (out)
                               2050.13   data arrival time

                  0.00 3000.00 3000.00   clock clk_i (rise edge)
                          0.00 3000.00   clock network delay (ideal)
                          0.00 3000.00   clock reconvergence pessimism
                       -300.00 2700.00   output external delay
                               2700.00   data required time
-----------------------------------------------------------------------------
                               2700.00   data required time
                               -2050.13   data arrival time
-----------------------------------------------------------------------------
                                649.87   slack (MET)



==========================================================================
global place report_checks -unconstrained
--------------------------------------------------------------------------
Startpoint: rst_ni (input port clocked by clk_i)
Endpoint: adder/_2446_ (recovery check against rising-edge clock clk_i)
Path Group: **async_default**
Path Type: max

Fanout     Cap    Slew   Delay    Time   Description
-----------------------------------------------------------------------------
                  0.00    0.00    0.00   clock clk_i (rise edge)
                          0.00    0.00   clock network delay (ideal)
                        300.00  300.00 ^ input external delay
                  0.00    0.00  300.00 ^ rst_ni (in)
     1   13.56                           rst_ni (net)
                  1.93    0.61  300.61 ^ adder/_2397_/A (CKINVDCx20_ASAP7_75t_R)
                 24.55    5.47  306.07 v adder/_2397_/Y (CKINVDCx20_ASAP7_75t_R)
    64   58.80                           adder/_0064_ (net)
                 46.99   14.06  320.13 v adder/_2446_/RESET (ASYNC_DFFHx1_ASAP7_75t_R)
                                320.13   data arrival time

                  0.00 3000.00 3000.00   clock clk_i (rise edge)
                          0.00 3000.00   clock network delay (ideal)
                          0.00 3000.00   clock reconvergence pessimism
                               3000.00 ^ adder/_2446_/CLK (ASYNC_DFFHx1_ASAP7_75t_R)
                         24.89 3024.89   library recovery time
                               3024.89   data required time
-----------------------------------------------------------------------------
                               3024.89   data required time
                               -320.13   data arrival time
-----------------------------------------------------------------------------
                               2704.76   slack (MET)


Startpoint: adder/_2453_ (rising edge-triggered flip-flop clocked by clk_i)
Endpoint: result_o[28] (output port clocked by clk_i)
Path Group: clk_i
Path Type: max

Fanout     Cap    Slew   Delay    Time   Description
-----------------------------------------------------------------------------
                  0.00    0.00    0.00   clock clk_i (rise edge)
                          0.00    0.00   clock network delay (ideal)
                  0.00    0.00    0.00 ^ adder/_2453_/CLK (ASYNC_DFFHx1_ASAP7_75t_R)
                 45.57   56.05   56.05 ^ adder/_2453_/QN (ASYNC_DFFHx1_ASAP7_75t_R)
     5    5.87                           adder/_0054_ (net)
                 45.57    0.16   56.22 ^ adder/_1221_/A (XNOR2x2_ASAP7_75t_R)
                173.58  103.11  159.33 v adder/_1221_/Y (XNOR2x2_ASAP7_75t_R)
    36   55.73                           adder/_0203_ (net)
                173.99    5.09  164.42 v adder/_1222_/B (NAND2x2_ASAP7_75t_R)
                 49.33   43.59  208.01 ^ adder/_1222_/Y (NAND2x2_ASAP7_75t_R)
     3    4.05                           adder/_0214_ (net)
                 49.33    0.01  208.03 ^ adder/_1223_/B (NOR2x2_ASAP7_75t_R)
                 19.18   17.96  225.99 v adder/_1223_/Y (NOR2x2_ASAP7_75t_R)
     2    2.77                           adder/_0225_ (net)
                 19.18    0.03  226.02 v adder/_1236_/A (NAND2x2_ASAP7_75t_R)
                 56.31   32.44  258.46 ^ adder/_1236_/Y (NAND2x2_ASAP7_75t_R)
    10   13.96                           adder/_0344_ (net)
                 56.61    2.30  260.77 ^ adder/_1279_/A (NAND2x2_ASAP7_75t_R)
                242.03  114.18  374.94 v adder/_1279_/Y (NAND2x2_ASAP7_75t_R)
    85   86.84                           adder/_0391_ (net)
                242.48    6.10  381.04 v adder/_1448_/A1 (OAI21x1_ASAP7_75t_R)
                318.98  189.33  570.37 ^ adder/_1448_/Y (OAI21x1_ASAP7_75t_R)
    29   45.13                           adder/_0552_ (net)
                320.25   11.64  582.01 ^ adder/_1449_/A (CKINVDCx12_ASAP7_75t_R)
                 58.28   31.19  613.20 v adder/_1449_/Y (CKINVDCx12_ASAP7_75t_R)
    18   25.56                           adder/_0553_ (net)
                 58.28    0.26  613.45 v adder/_2031_/B (OAI21x1_ASAP7_75t_R)
                 51.85   16.81  630.27 ^ adder/_2031_/Y (OAI21x1_ASAP7_75t_R)
     2    2.31                           adder/_1134_ (net)
                 51.85    0.06  630.32 ^ adder/_2034_/A2 (OAI21x1_ASAP7_75t_R)
                 34.86   21.47  651.79 v adder/_2034_/Y (OAI21x1_ASAP7_75t_R)
     2    4.58                           adder/_1137_ (net)
                 34.86    0.04  651.83 v adder/_2035_/B (NOR2x2_ASAP7_75t_R)
                 50.90   32.57  684.40 ^ adder/_2035_/Y (NOR2x2_ASAP7_75t_R)
     8   12.14                           adder/_1138_ (net)
                 51.14    1.99  686.40 ^ adder/_2047_/A (NOR2x2_ASAP7_75t_R)
                 33.78   26.98  713.37 v adder/_2047_/Y (NOR2x2_ASAP7_75t_R)
     4    5.88                           adder/_1150_ (net)
                 33.78    0.22  713.59 v adder/_2080_/B (NOR2x2_ASAP7_75t_R)
                 22.47   16.27  729.87 ^ adder/_2080_/Y (NOR2x2_ASAP7_75t_R)
     3    2.78                           adder/_1183_ (net)
                 22.47    0.01  729.87 ^ adder/_2081_/B (NOR2x1_ASAP7_75t_R)
                 22.13   15.48  745.35 v adder/_2081_/Y (NOR2x1_ASAP7_75t_R)
     2    2.13                           adder/_1184_ (net)
                 22.13    0.02  745.36 v adder/_2171_/A (INVx1_ASAP7_75t_R)
                 14.34   11.95  757.31 ^ adder/_2171_/Y (INVx1_ASAP7_75t_R)
     1    1.44                           adder/_0129_ (net)
                 14.34    0.04  757.34 ^ adder/_2172_/C (NAND3x1_ASAP7_75t_R)
                 14.69   11.01  768.36 v adder/_2172_/Y (NAND3x1_ASAP7_75t_R)
     1    1.37                           adder/_0130_ (net)
                 14.69    0.03  768.39 v adder/_2173_/C (NAND3x1_ASAP7_75t_R)
                 19.88   17.30  785.69 ^ adder/_2173_/Y (NAND3x1_ASAP7_75t_R)
     1    1.25                           adder/_0131_ (net)
                 19.88    0.03  785.72 ^ adder/_2174_/B (NOR2x1_ASAP7_75t_R)
                 13.60   12.57  798.29 v adder/_2174_/Y (NOR2x1_ASAP7_75t_R)
     1    1.38                           adder/_0132_ (net)
                 13.60    0.03  798.33 v adder/_2194_/A1 (AOI21x1_ASAP7_75t_R)
                 12.83    9.85  808.18 ^ adder/_2194_/Y (AOI21x1_ASAP7_75t_R)
     1    1.15                           adder/_0154_ (net)
                 12.83    0.01  808.19 ^ adder/_2198_/A2 (OAI21x1_ASAP7_75t_R)
                 39.21   20.04  828.23 v adder/_2198_/Y (OAI21x1_ASAP7_75t_R)
     3    7.30                           adder/_0158_ (net)
                 39.51    1.95  830.18 v adder/_2220_/A (NAND3x2_ASAP7_75t_R)
                 24.83   22.94  853.13 ^ adder/_2220_/Y (NAND3x2_ASAP7_75t_R)
     4    3.76                           adder/_0183_ (net)
                 24.84    0.18  853.31 ^ adder/_2221_/A2 (OAI21x1_ASAP7_75t_R)
                 34.95   20.45  873.76 v adder/_2221_/Y (OAI21x1_ASAP7_75t_R)
     4    6.13                           adder/_0184_ (net)
                 35.07    1.17  874.92 v adder/_2227_/A2 (AOI21x1_ASAP7_75t_R)
                 32.75   23.00  897.92 ^ adder/_2227_/Y (AOI21x1_ASAP7_75t_R)
     4    4.14                           adder/_0190_ (net)
                 32.76    0.13  898.05 ^ adder/_2242_/A2 (OAI21x1_ASAP7_75t_R)
                 34.15   21.81  919.87 v adder/_2242_/Y (OAI21x1_ASAP7_75t_R)
     5    6.01                           adder/_0207_ (net)
                 34.20    0.76  920.63 v adder/_2326_/A1 (AOI21x1_ASAP7_75t_R)
                 29.88   20.81  941.44 ^ adder/_2326_/Y (AOI21x1_ASAP7_75t_R)
     3    3.75                           adder/_0299_ (net)
                 29.93    0.65  942.09 ^ adder/_2330_/A2 (OAI21x1_ASAP7_75t_R)
                 17.17   13.09  955.19 v adder/_2330_/Y (OAI21x1_ASAP7_75t_R)
     2    2.20                           adder/_0304_ (net)
                 17.17    0.05  955.24 v adder/_2396_/A (XOR2x2_ASAP7_75t_R)
                 25.67   39.16  994.40 ^ adder/_2396_/Y (XOR2x2_ASAP7_75t_R)
     4    5.89                           adder/adder.Mant_addOut_D[26] (net)
                 25.67    0.22  994.62 ^ adder/norm/_1217_/B (NOR2x2_ASAP7_75t_R)
                 23.02   17.35 1011.97 v adder/norm/_1217_/Y (NOR2x2_ASAP7_75t_R)
     3    4.88                           adder/norm/_1128_ (net)
                 23.02    0.11 1012.07 v adder/norm/_1219_/A (NAND2x2_ASAP7_75t_R)
                 26.22   21.23 1033.31 ^ adder/norm/_1219_/Y (NAND2x2_ASAP7_75t_R)
     4    5.32                           adder/norm/_1150_ (net)
                 26.23    0.15 1033.46 ^ adder/norm/_1223_/A (NOR2x2_ASAP7_75t_R)
                 24.57   20.83 1054.29 v adder/norm/_1223_/Y (NOR2x2_ASAP7_75t_R)
     4    6.13                           adder/norm/_1194_ (net)
                 24.57    0.05 1054.34 v adder/norm/_1231_/A (NAND2x2_ASAP7_75t_R)
                 40.09   27.76 1082.10 ^ adder/norm/_1231_/Y (NAND2x2_ASAP7_75t_R)
     6    9.29                           adder/norm/_0065_ (net)
                 40.14    0.83 1082.94 ^ adder/norm/_1247_/A (NOR2x2_ASAP7_75t_R)
                 42.00   32.11 1115.05 v adder/norm/_1247_/Y (NOR2x2_ASAP7_75t_R)
     7   11.30                           adder/norm/_0233_ (net)
                 42.19    1.58 1116.62 v adder/norm/_1360_/A1 (AOI21x1_ASAP7_75t_R)
                 53.01   32.98 1149.60 ^ adder/norm/_1360_/Y (AOI21x1_ASAP7_75t_R)
     5    7.72                           adder/norm/_0442_ (net)
                 53.10    1.25 1150.86 ^ adder/norm/_1362_/A (XOR2x2_ASAP7_75t_R)
                 15.67   30.25 1181.10 ^ adder/norm/_1362_/Y (XOR2x2_ASAP7_75t_R)
     2    2.83                           adder/norm/_0444_ (net)
                 15.67    0.02 1181.12 ^ adder/norm/_1363_/B (NAND2x1_ASAP7_75t_R)
                 12.39   10.37 1191.49 v adder/norm/_1363_/Y (NAND2x1_ASAP7_75t_R)
     1    1.46                           adder/norm/_0445_ (net)
                 12.39    0.06 1191.55 v adder/norm/_1407_/A1 (OAI21x1_ASAP7_75t_R)
                 13.86   11.08 1202.64 ^ adder/norm/_1407_/Y (OAI21x1_ASAP7_75t_R)
     1    1.21                           adder/norm/_0489_ (net)
                 13.86    0.03 1202.66 ^ adder/norm/_1413_/A2 (AOI21x1_ASAP7_75t_R)
                 12.69    8.95 1211.62 v adder/norm/_1413_/Y (AOI21x1_ASAP7_75t_R)
     1    1.38                           adder/norm/_0495_ (net)
                 12.70    0.07 1211.69 v adder/norm/_1419_/A2 (OAI21x1_ASAP7_75t_R)
                114.12   53.68 1265.37 ^ adder/norm/_1419_/Y (OAI21x1_ASAP7_75t_R)
    14   18.26                           adder/norm/_0501_ (net)
                114.16    1.27 1266.64 ^ adder/norm/_1456_/B (NOR2x2_ASAP7_75t_R)
                 31.72   27.47 1294.11 v adder/norm/_1456_/Y (NOR2x2_ASAP7_75t_R)
     2    3.48                           adder/norm/_0538_ (net)
                 31.72    0.04 1294.14 v adder/norm/_1496_/A (NOR2x2_ASAP7_75t_R)
                341.54  122.76 1416.91 ^ adder/norm/_1496_/Y (NOR2x2_ASAP7_75t_R)
    52   88.33                           adder/norm/_0578_ (net)
                362.13   44.85 1461.76 ^ adder/norm/_1497_/A (CKINVDCx20_ASAP7_75t_R)
                 97.20   47.01 1508.77 v adder/norm/_1497_/Y (CKINVDCx20_ASAP7_75t_R)
    57   81.03                           adder/norm/_0579_ (net)
                104.51   14.12 1522.89 v adder/norm/_1517_/B (NOR2x2_ASAP7_75t_R)
                 45.43   34.80 1557.69 ^ adder/norm/_1517_/Y (NOR2x2_ASAP7_75t_R)
     5    5.97                           adder/norm/_0599_ (net)
                 45.43    0.23 1557.92 ^ adder/norm/_1518_/A (INVx2_ASAP7_75t_R)
                 24.00   18.43 1576.36 v adder/norm/_1518_/Y (INVx2_ASAP7_75t_R)
     3    5.51                           adder/norm/_0600_ (net)
                 24.00    0.19 1576.55 v adder/norm/_1519_/B (NAND2x2_ASAP7_75t_R)
                320.14  141.11 1717.66 ^ adder/norm/_1519_/Y (NAND2x2_ASAP7_75t_R)
    58   86.22                           adder/norm/_0601_ (net)
                320.68    7.62 1725.29 ^ adder/norm/_1542_/A (CKINVDCx20_ASAP7_75t_R)
                 82.31   41.84 1767.13 v adder/norm/_1542_/Y (CKINVDCx20_ASAP7_75t_R)
    55   70.17                           adder/norm/_0624_ (net)
                 88.41   11.92 1779.04 v adder/norm/_1962_/B (AOI21x1_ASAP7_75t_R)
                 33.66   27.61 1806.66 ^ adder/norm/_1962_/Y (AOI21x1_ASAP7_75t_R)
     1    2.21                           adder/norm/_1044_ (net)
                 33.66    0.01 1806.66 ^ adder/norm/_1963_/B (NOR2x2_ASAP7_75t_R)
                 27.32   19.30 1825.96 v adder/norm/_1963_/Y (NOR2x2_ASAP7_75t_R)
     4    4.84                           adder/norm/_1045_ (net)
                 27.33    0.22 1826.18 v adder/norm/_1970_/A2 (OAI21x1_ASAP7_75t_R)
                 25.86   16.68 1842.87 ^ adder/norm/_1970_/Y (OAI21x1_ASAP7_75t_R)
     1    2.39                           adder/norm/_1052_ (net)
                 25.86    0.16 1843.02 ^ adder/norm/_1985_/A (NOR2x2_ASAP7_75t_R)
                 19.25   17.51 1860.53 v adder/norm/_1985_/Y (NOR2x2_ASAP7_75t_R)
     2    4.02                           adder/norm/_1067_ (net)
                 19.25    0.19 1860.73 v adder/norm/_2000_/B (NAND3x2_ASAP7_75t_R)
                 33.77   22.94 1883.66 ^ adder/norm/_2000_/Y (NAND3x2_ASAP7_75t_R)
     5    6.24                           adder/norm/_1082_ (net)
                 33.90    1.13 1884.79 ^ adder/norm/_2001_/B (NOR2x2_ASAP7_75t_R)
                 22.98   20.15 1904.94 v adder/norm/_2001_/Y (NOR2x2_ASAP7_75t_R)
     4    5.24                           adder/norm/_1083_ (net)
                 22.98    0.11 1905.06 v adder/norm/_2002_/B (NAND2x2_ASAP7_75t_R)
                 26.92   20.79 1925.85 ^ adder/norm/_2002_/Y (NAND2x2_ASAP7_75t_R)
     5    6.00                           adder/norm/_1084_ (net)
                 26.92    0.04 1925.88 ^ adder/norm/_2129_/A (NOR2x2_ASAP7_75t_R)
                 36.42   25.63 1951.51 v adder/norm/_2129_/Y (NOR2x2_ASAP7_75t_R)
     8    9.99                           adder/norm/_0003_ (net)
                 36.64    1.59 1953.10 v adder/norm/_2205_/A (NAND3x2_ASAP7_75t_R)
                 19.35   18.45 1971.55 ^ adder/norm/_2205_/Y (NAND3x2_ASAP7_75t_R)
     2    2.14                           adder/norm/_0086_ (net)
                 19.35    0.05 1971.59 ^ adder/norm/_2210_/A2 (OAI21x1_ASAP7_75t_R)
                 19.20   13.35 1984.94 v adder/norm/_2210_/Y (OAI21x1_ASAP7_75t_R)
     3    2.94                           adder/norm/_0091_ (net)
                 19.21    0.10 1985.04 v adder/norm/_2221_/A2 (AOI21x1_ASAP7_75t_R)
                 24.44   17.13 2002.18 ^ adder/norm/_2221_/Y (AOI21x1_ASAP7_75t_R)
     3    3.12                           adder/norm/_0101_ (net)
                 24.44    0.19 2002.37 ^ adder/norm/_2227_/A1 (OA21x2_ASAP7_75t_R)
                  7.61   20.25 2022.62 ^ adder/norm/_2227_/Y (OA21x2_ASAP7_75t_R)
     1    1.01                           adder/norm/_0107_ (net)
                  7.61    0.00 2022.62 ^ adder/norm/_2228_/B (XNOR2x2_ASAP7_75t_R)
                  7.37   27.48 2050.10 v adder/norm/_2228_/Y (XNOR2x2_ASAP7_75t_R)
     1    0.58                           result_o[28] (net)
                  7.37    0.03 2050.13 v result_o[28] (out)
                               2050.13   data arrival time

                  0.00 3000.00 3000.00   clock clk_i (rise edge)
                          0.00 3000.00   clock network delay (ideal)
                          0.00 3000.00   clock reconvergence pessimism
                       -300.00 2700.00   output external delay
                               2700.00   data required time
-----------------------------------------------------------------------------
                               2700.00   data required time
                               -2050.13   data arrival time
-----------------------------------------------------------------------------
                                649.87   slack (MET)



==========================================================================
global place report_power
--------------------------------------------------------------------------
Group                  Internal  Switching    Leakage      Total
                          Power      Power      Power      Power (Watts)
----------------------------------------------------------------
Sequential             2.95e-05   2.62e-06   7.56e-09   3.21e-05   6.5%
Combinational          1.77e-04   2.82e-04   3.13e-07   4.59e-04  93.5%
Macro                  0.00e+00   0.00e+00   0.00e+00   0.00e+00   0.0%
Pad                    0.00e+00   0.00e+00   0.00e+00   0.00e+00   0.0%
----------------------------------------------------------------
Total                  2.06e-04   2.84e-04   3.21e-07   4.91e-04 100.0%
                          42.0%      57.9%       0.1%

==========================================================================
global place report_design_area
--------------------------------------------------------------------------
Design area 289 u^2 42% utilization.

Elapsed time: 0:13.82[h:]min:sec. CPU time: user 13.72 sys 0.07 (99%). Peak memory: 242288KB.
