OpenROAD 6152e58f84f491089daa6361239468c001e24e34 
This program is licensed under the BSD-3 license. See the LICENSE file for details.
Components of this program may be licensed under more restrictive licenses which must be honored.
[INFO GRT-0020] Min routing layer: metal2
[INFO GRT-0021] Max routing layer: metal10
[INFO GRT-0022] Global adjustment: 0%
[INFO GRT-0023] Grid origin: (0, 0)
[INFO GRT-0043] No OR_DEFAULT vias defined.
[INFO GRT-0088] Layer metal1  Track-Pitch = 0.1400  line-2-Via Pitch: 0.1350
[INFO GRT-0088] Layer metal2  Track-Pitch = 0.1900  line-2-Via Pitch: 0.1400
[INFO GRT-0088] Layer metal3  Track-Pitch = 0.1400  line-2-Via Pitch: 0.1400
[INFO GRT-0088] Layer metal4  Track-Pitch = 0.2800  line-2-Via Pitch: 0.2800
[INFO GRT-0088] Layer metal5  Track-Pitch = 0.2800  line-2-Via Pitch: 0.2800
[INFO GRT-0088] Layer metal6  Track-Pitch = 0.2800  line-2-Via Pitch: 0.2800
[INFO GRT-0088] Layer metal7  Track-Pitch = 0.8000  line-2-Via Pitch: 0.8000
[INFO GRT-0088] Layer metal8  Track-Pitch = 0.8000  line-2-Via Pitch: 0.8000
[INFO GRT-0088] Layer metal9  Track-Pitch = 1.6000  line-2-Via Pitch: 1.6000
[INFO GRT-0088] Layer metal10 Track-Pitch = 1.6000  line-2-Via Pitch: 1.6000
[INFO GRT-0019] Found 0 clock nets.
[INFO GRT-0001] Minimum degree: 2
[INFO GRT-0002] Maximum degree: 49
[INFO GRT-0003] Macros: 0
[INFO GRT-0004] Blockages: 0

[INFO GRT-0053] Routing resources analysis:
          Routing      Original      Derated      Resource
Layer     Direction    Resources     Resources    Reduction (%)
---------------------------------------------------------------
metal1     Horizontal          0             0          0.00%
metal2     Vertical        99275         18800          81.06%
metal3     Horizontal     135375         37036          72.64%
metal4     Vertical        63175         44323          29.84%
metal5     Horizontal      63175         45026          28.73%
metal6     Vertical        63175         44932          28.88%
metal7     Horizontal      18050          8408          53.42%
metal8     Vertical        18050          9024          50.01%
metal9     Horizontal       9025             0          100.00%
metal10    Vertical         9025             0          100.00%
---------------------------------------------------------------

[INFO GRT-0197] Via related to pin nodes: 5180
[INFO GRT-0198] Via related Steiner nodes: 64
[INFO GRT-0199] Via filling finished.
[INFO GRT-0111] Final number of vias: 5846
[INFO GRT-0112] Final usage 3D: 22802

[INFO GRT-0096] Final congestion report:
Layer         Resource        Demand        Usage (%)    Max H / Max V / Total Overflow
---------------------------------------------------------------------------------------
metal1               0             0            0.00%             0 /  0 /  0
metal2           18800          1187            6.31%             0 /  0 /  0
metal3           37036          1921            5.19%             0 /  0 /  0
metal4           44323          1380            3.11%             0 /  0 /  0
metal5           45026           659            1.46%             0 /  0 /  0
metal6           44932           117            0.26%             0 /  0 /  0
metal7            8408             0            0.00%             0 /  0 /  0
metal8            9024             0            0.00%             0 /  0 /  0
metal9               0             0            0.00%             0 /  0 /  0
metal10              0             0            0.00%             0 /  0 /  0
---------------------------------------------------------------------------------------
Total           207549          5264            2.54%             0 /  0 /  0

[INFO GRT-0018] Total wirelength: 16359 um
[INFO GRT-0014] Routed nets: 966
[WARNING STA-0357] virtual clock clk can not be propagated.

==========================================================================
global route report_tns
--------------------------------------------------------------------------
tns 0.00

==========================================================================
global route report_wns
--------------------------------------------------------------------------
wns 0.00

==========================================================================
global route report_worst_slack
--------------------------------------------------------------------------
worst slack 799.64

==========================================================================
global route report_clock_skew
--------------------------------------------------------------------------
Clock clk
No launch/capture paths found.


==========================================================================
global route report_checks -path_delay min
--------------------------------------------------------------------------
Startpoint: _1527_ (positive level-sensitive latch)
Endpoint: rdata_a_o[10] (output port clocked by clk)
Path Group: clk
Path Type: min

Fanout     Cap    Slew   Delay    Time   Description
-----------------------------------------------------------------------------
                  0.02    0.00    0.00 ^ _1527_/G (DLH_X1)
                  0.01    0.06    0.06 ^ _1527_/Q (DLH_X1)
     1    1.77                           mem[0][10] (net)
                  0.01    0.00    0.06 ^ _1064_/A2 (NAND2_X1)
                  0.01    0.01    0.07 v _1064_/ZN (NAND2_X1)
     1    1.60                           _0450_ (net)
                  0.01    0.00    0.07 v _1065_/A3 (NAND3_X1)
                  0.01    0.02    0.09 ^ _1065_/ZN (NAND3_X1)
     1    2.60                           net30 (net)
                  0.01    0.00    0.09 ^ output30/A (BUF_X1)
                  0.01    0.02    0.11 ^ output30/Z (BUF_X1)
     1    1.30                           rdata_a_o[10] (net)
                  0.01    0.00    0.11 ^ rdata_a_o[10] (out)
                                  0.11   data arrival time

                  0.00    0.00    0.00   clock clk (rise edge)
                          0.00    0.00   clock network delay (ideal)
                          0.00    0.00   clock reconvergence pessimism
                       -100.00 -100.00   output external delay
                               -100.00   data required time
-----------------------------------------------------------------------------
                               -100.00   data required time
                                 -0.11   data arrival time
-----------------------------------------------------------------------------
                                100.11   slack (MET)



==========================================================================
global route report_checks -path_delay max
--------------------------------------------------------------------------
Startpoint: raddr_a_i[3] (input port clocked by clk)
Endpoint: rdata_a_o[7] (output port clocked by clk)
Path Group: clk
Path Type: max

Fanout     Cap    Slew   Delay    Time   Description
-----------------------------------------------------------------------------
                  0.00    0.00    0.00   clock clk (rise edge)
                          0.00    0.00   clock network delay (ideal)
                        100.00  100.00 ^ input external delay
                  0.00    0.00  100.00 ^ raddr_a_i[3] (in)
     1    2.48                           raddr_a_i[3] (net)
                  0.00    0.00  100.00 ^ input5/A (CLKBUF_X3)
                  0.02    0.04  100.04 ^ input5/Z (CLKBUF_X3)
     4   24.77                           net5 (net)
                  0.02    0.00  100.04 ^ _0650_/A (INV_X2)
                  0.01    0.01  100.06 v _0650_/ZN (INV_X2)
     1    5.77                           _0046_ (net)
                  0.01    0.00  100.06 v _0652_/A1 (NOR2_X4)
                  0.10    0.12  100.18 ^ _0652_/ZN (NOR2_X4)
    35   88.75                           _0048_ (net)
                  0.10    0.00  100.18 ^ max_cap47/A (BUF_X16)
                  0.01    0.03  100.22 ^ max_cap47/Z (BUF_X16)
    30   64.38                           net47 (net)
                  0.02    0.01  100.23 ^ _0939_/A2 (NAND3_X1)
                  0.03    0.02  100.25 v _0939_/ZN (NAND3_X1)
     1    1.88                           _0328_ (net)
                  0.03    0.00  100.25 v _0940_/A2 (NAND2_X1)
                  0.01    0.03  100.28 ^ _0940_/ZN (NAND2_X1)
     1    2.08                           _0329_ (net)
                  0.01    0.00  100.28 ^ _0944_/A1 (NOR2_X1)
                  0.01    0.01  100.29 v _0944_/ZN (NOR2_X1)
     1    1.86                           _0333_ (net)
                  0.01    0.00  100.29 v _0952_/A1 (NAND2_X1)
                  0.01    0.01  100.30 ^ _0952_/ZN (NAND2_X1)
     1    1.92                           _0341_ (net)
                  0.01    0.00  100.30 ^ _0953_/A (INV_X1)
                  0.01    0.01  100.31 v _0953_/ZN (INV_X1)
     1    5.46                           _0342_ (net)
                  0.01    0.00  100.31 v _0969_/A1 (NAND3_X1)
                  0.02    0.02  100.33 ^ _0969_/ZN (NAND3_X1)
     1    4.15                           net42 (net)
                  0.02    0.00  100.33 ^ output42/A (BUF_X1)
                  0.01    0.03  100.36 ^ output42/Z (BUF_X1)
     1    1.83                           rdata_a_o[7] (net)
                  0.01    0.00  100.36 ^ rdata_a_o[7] (out)
                                100.36   data arrival time

                  0.00 1000.00 1000.00   clock clk (rise edge)
                          0.00 1000.00   clock network delay (ideal)
                          0.00 1000.00   clock reconvergence pessimism
                       -100.00  900.00   output external delay
                                900.00   data required time
-----------------------------------------------------------------------------
                                900.00   data required time
                               -100.36   data arrival time
-----------------------------------------------------------------------------
                                799.64   slack (MET)



==========================================================================
global route report_checks -unconstrained
--------------------------------------------------------------------------
Startpoint: raddr_a_i[3] (input port clocked by clk)
Endpoint: rdata_a_o[7] (output port clocked by clk)
Path Group: clk
Path Type: max

Fanout     Cap    Slew   Delay    Time   Description
-----------------------------------------------------------------------------
                  0.00    0.00    0.00   clock clk (rise edge)
                          0.00    0.00   clock network delay (ideal)
                        100.00  100.00 ^ input external delay
                  0.00    0.00  100.00 ^ raddr_a_i[3] (in)
     1    2.48                           raddr_a_i[3] (net)
                  0.00    0.00  100.00 ^ input5/A (CLKBUF_X3)
                  0.02    0.04  100.04 ^ input5/Z (CLKBUF_X3)
     4   24.77                           net5 (net)
                  0.02    0.00  100.04 ^ _0650_/A (INV_X2)
                  0.01    0.01  100.06 v _0650_/ZN (INV_X2)
     1    5.77                           _0046_ (net)
                  0.01    0.00  100.06 v _0652_/A1 (NOR2_X4)
                  0.10    0.12  100.18 ^ _0652_/ZN (NOR2_X4)
    35   88.75                           _0048_ (net)
                  0.10    0.00  100.18 ^ max_cap47/A (BUF_X16)
                  0.01    0.03  100.22 ^ max_cap47/Z (BUF_X16)
    30   64.38                           net47 (net)
                  0.02    0.01  100.23 ^ _0939_/A2 (NAND3_X1)
                  0.03    0.02  100.25 v _0939_/ZN (NAND3_X1)
     1    1.88                           _0328_ (net)
                  0.03    0.00  100.25 v _0940_/A2 (NAND2_X1)
                  0.01    0.03  100.28 ^ _0940_/ZN (NAND2_X1)
     1    2.08                           _0329_ (net)
                  0.01    0.00  100.28 ^ _0944_/A1 (NOR2_X1)
                  0.01    0.01  100.29 v _0944_/ZN (NOR2_X1)
     1    1.86                           _0333_ (net)
                  0.01    0.00  100.29 v _0952_/A1 (NAND2_X1)
                  0.01    0.01  100.30 ^ _0952_/ZN (NAND2_X1)
     1    1.92                           _0341_ (net)
                  0.01    0.00  100.30 ^ _0953_/A (INV_X1)
                  0.01    0.01  100.31 v _0953_/ZN (INV_X1)
     1    5.46                           _0342_ (net)
                  0.01    0.00  100.31 v _0969_/A1 (NAND3_X1)
                  0.02    0.02  100.33 ^ _0969_/ZN (NAND3_X1)
     1    4.15                           net42 (net)
                  0.02    0.00  100.33 ^ output42/A (BUF_X1)
                  0.01    0.03  100.36 ^ output42/Z (BUF_X1)
     1    1.83                           rdata_a_o[7] (net)
                  0.01    0.00  100.36 ^ rdata_a_o[7] (out)
                                100.36   data arrival time

                  0.00 1000.00 1000.00   clock clk (rise edge)
                          0.00 1000.00   clock network delay (ideal)
                          0.00 1000.00   clock reconvergence pessimism
                       -100.00  900.00   output external delay
                                900.00   data required time
-----------------------------------------------------------------------------
                                900.00   data required time
                               -100.36   data arrival time
-----------------------------------------------------------------------------
                                799.64   slack (MET)



==========================================================================
global route report_check_types -max_slew -max_cap -max_fanout -violators
--------------------------------------------------------------------------

==========================================================================
global route max_slew_check_slack
--------------------------------------------------------------------------
0.08745913952589035

==========================================================================
global route max_slew_check_limit
--------------------------------------------------------------------------
0.1985349953174591

==========================================================================
global route max_slew_check_slack_limit
--------------------------------------------------------------------------
0.4405

==========================================================================
global route max_fanout_check_slack
--------------------------------------------------------------------------
1.0000000150474662e+30

==========================================================================
global route max_fanout_check_limit
--------------------------------------------------------------------------
1.0000000150474662e+30

==========================================================================
global route max_capacitance_check_slack
--------------------------------------------------------------------------
13.113966941833496

==========================================================================
global route max_capacitance_check_limit
--------------------------------------------------------------------------
106.81099700927734

==========================================================================
global route max_capacitance_check_slack_limit
--------------------------------------------------------------------------
0.1228

==========================================================================
global route max_slew_violation_count
--------------------------------------------------------------------------
max slew violation count 0

==========================================================================
global route max_fanout_violation_count
--------------------------------------------------------------------------
max fanout violation count 0

==========================================================================
global route max_cap_violation_count
--------------------------------------------------------------------------
max cap violation count 0

==========================================================================
global route setup_violation_count
--------------------------------------------------------------------------
setup violation count 0

==========================================================================
global route hold_violation_count
--------------------------------------------------------------------------
hold violation count 0

==========================================================================
global route critical path delay
--------------------------------------------------------------------------
100.3592

==========================================================================
global route critical path slack
--------------------------------------------------------------------------
799.6409

==========================================================================
global route slack div critical path delay
--------------------------------------------------------------------------
796.778870

==========================================================================
global route report_power
--------------------------------------------------------------------------
Group                  Internal  Switching    Leakage      Total
                          Power      Power      Power      Power (Watts)
----------------------------------------------------------------
Sequential             1.86e-07   7.00e-08   9.88e-06   1.01e-05  36.6%
Combinational          1.44e-07   2.07e-07   1.72e-05   1.76e-05  63.4%
Macro                  0.00e+00   0.00e+00   0.00e+00   0.00e+00   0.0%
Pad                    0.00e+00   0.00e+00   0.00e+00   0.00e+00   0.0%
----------------------------------------------------------------
Total                  3.30e-07   2.77e-07   2.71e-05   2.77e-05 100.0%
                           1.2%       1.0%      97.8%

==========================================================================
global route report_design_area
--------------------------------------------------------------------------
Design area 1599 u^2 5% utilization.
Core area = 135620632000


==========================================================================
check_antennas
--------------------------------------------------------------------------
[WARNING ANT-0011] -report_violating_nets is deprecated.
[INFO GRT-0043] No OR_DEFAULT vias defined.
[INFO ANT-0002] Found 0 net violations.
[INFO ANT-0001] Found 0 pin violations.
[INFO FLW-0007] clock clk period 1000.000000
[INFO FLW-0008] Clock clk period 190.341
[INFO FLW-0009] Clock clk slack 799.641
[WARNING STA-0357] virtual clock clk can not be propagated.
[INFO FLW-0011] Path endpoint count 337
Elapsed time: 0:00.93[h:]min:sec. CPU time: user 0.86 sys 0.06 (99%). Peak memory: 200892KB.
