1. Executing Verilog-2005 frontend: ../src/lowrisc_prim_abstract_prim_pkg_0.1/prim_pkg.sv
2. Executing Verilog-2005 frontend: ../src/lowrisc_prim_generic_and2_0/rtl/prim_generic_and2.sv
3. Executing Verilog-2005 frontend: ../src/lowrisc_prim_util_0.1/rtl/prim_util_pkg.sv
4. Executing Verilog-2005 frontend: ../src/lowrisc_prim_xilinx_and2_0/rtl/prim_xilinx_and2.sv
5. Executing Verilog-2005 frontend: ../src/lowrisc_prim_abstract_and2_0/prim_and2.sv
6. Executing Verilog-2005 frontend: ../src/lowrisc_prim_onehot_0/rtl/prim_onehot_enc.sv
7. Executing Verilog-2005 frontend: ../src/lowrisc_prim_onehot_0/rtl/prim_onehot_mux.sv
8. Executing Verilog-2005 frontend: ../src/halut_ip_halut_top_0.1/rtl/halut_pkg.sv
9. Executing Verilog-2005 frontend: ../src/halut_ip_halut_top_0.1/rtl/halut_matmul.sv
10. Executing Verilog-2005 frontend: ../src/halut_ip_halut_top_0.1/rtl/halut_decoder_x.sv
11. Executing Verilog-2005 frontend: ../src/halut_ip_halut_top_0.1/rtl/halut_encoder_4.sv
12. Executing Verilog-2005 frontend: ../src/halut_ip_halut_top_0.1/rtl/halut_decoder.sv
13. Executing Verilog-2005 frontend: ../src/halut_ip_halut_top_0.1/rtl/halut_encoder.sv
14. Executing Verilog-2005 frontend: ../src/halut_ip_halut_top_0.1/rtl/fp_16_comparision.sv
15. Executing Verilog-2005 frontend: ../src/halut_ip_halut_top_0.1/rtl/fp_defs_pkg.sv
16. Executing Verilog-2005 frontend: ../src/halut_ip_halut_top_0.1/rtl/fp_add.sv
17. Executing Verilog-2005 frontend: ../src/halut_ip_halut_top_0.1/rtl/fp_leading_one.sv
18. Executing Verilog-2005 frontend: ../src/halut_ip_halut_top_0.1/rtl/fp_norm.sv
19. Executing Verilog-2005 frontend: ../src/halut_ip_halut_top_0.1/rtl/fp_adder.sv
20. Executing Verilog-2005 frontend: ../src/halut_ip_halut_top_0.1/rtl/fp_16_to_32_convert.sv
21. Executing Verilog-2005 frontend: ../src/halut_ip_halut_top_0.1/rtl/fp_16_32_adder.sv
22. Executing Verilog-2005 frontend: ../src/halut_ip_halut_top_0.1/rtl/register_file_mem_latch.sv
23. Executing Verilog-2005 frontend: ../src/halut_ip_halut_top_0.1/rtl/prim_clock_gating.sv
24. Executing Verilog-2005 frontend: ../src/halut_ip_halut_top_0.1/rtl/scm.sv
25. Executing Liberty frontend.
26. Executing Verilog-2005 frontend: /__w/halutmatmul/halutmatmul/hardware/flow/OpenROAD/flow/platforms/nangate45/cells_clkgate.v
27. Executing SYNTH pass.
27.1. Executing HIERARCHY pass (managing design hierarchy).
27.2. Executing AST frontend in derive mode using pre-parsed AST for module `\halut_encoder_4'.
27.2.1. Analyzing design hierarchy..
27.2.2. Executing AST frontend in derive mode using pre-parsed AST for module `\halut_encoder'.
27.2.3. Executing AST frontend in derive mode using pre-parsed AST for module `\halut_encoder'.
27.2.4. Executing AST frontend in derive mode using pre-parsed AST for module `\halut_encoder'.
27.2.5. Executing AST frontend in derive mode using pre-parsed AST for module `\halut_encoder'.
27.2.6. Analyzing design hierarchy..
27.2.7. Analyzing design hierarchy..
27.2.8. Executing AST frontend in derive mode using pre-parsed AST for module `\fp_16_comparision'.
27.2.9. Executing AST frontend in derive mode using pre-parsed AST for module `\scm'.
27.2.10. Executing AST frontend in derive mode using pre-parsed AST for module `\prim_onehot_mux'.
27.2.11. Executing AST frontend in derive mode using pre-parsed AST for module `\prim_onehot_enc'.
27.2.12. Analyzing design hierarchy..
27.2.13. Executing AST frontend in derive mode using pre-parsed AST for module `\register_file_mem_latch'.
Warning: Replacing memory \mem with list of registers. See ../src/halut_ip_halut_top_0.1/rtl/register_file_mem_latch.sv:65
27.2.14. Executing AST frontend in derive mode using pre-parsed AST for module `\prim_clock_gating'.
27.2.15. Executing AST frontend in derive mode using pre-parsed AST for module `\prim_and2'.
27.2.16. Analyzing design hierarchy..
27.2.17. Analyzing design hierarchy..
27.2.18. Executing AST frontend in derive mode using pre-parsed AST for module `\prim_generic_and2'.
27.2.19. Analyzing design hierarchy..
27.2.20. Analyzing design hierarchy..
27.3. Executing PROC pass (convert processes to netlists).
27.3.1. Executing PROC_CLEAN pass (remove empty switches from decision trees).
27.3.2. Executing PROC_RMDEAD pass (remove dead branches from decision trees).
27.3.3. Executing PROC_PRUNE pass (remove redundant assignments in processes).
27.3.4. Executing PROC_INIT pass (extract init attributes).
27.3.5. Executing PROC_ARST pass (detect async resets in processes).
27.3.6. Executing PROC_ROM pass (convert switches to ROMs).
27.3.7. Executing PROC_MUX pass (convert decision trees to multiplexers).
27.3.8. Executing PROC_DLATCH pass (convert process syncs to latches).
27.3.9. Executing PROC_DFF pass (convert process syncs to FFs).
27.3.10. Executing PROC_MEMWR pass (convert process memory writes to cells).
27.3.11. Executing PROC_CLEAN pass (remove empty switches from decision trees).
27.3.12. Executing OPT_EXPR pass (perform const folding).
27.4. Executing OPT_EXPR pass (perform const folding).
27.5. Executing OPT_CLEAN pass (remove unused cells and wires).
27.6. Executing CHECK pass (checking for obvious problems).
27.7. Executing OPT pass (performing simple optimizations).
27.7.1. Executing OPT_EXPR pass (perform const folding).
27.7.2. Executing OPT_MERGE pass (detect identical cells).
27.7.3. Executing OPT_MUXTREE pass (detect dead branches in mux trees).
27.7.4. Executing OPT_REDUCE pass (consolidate $*mux and $reduce_* inputs).
27.7.5. Executing OPT_MERGE pass (detect identical cells).
27.7.6. Executing OPT_DFF pass (perform DFF optimizations).
27.7.7. Executing OPT_CLEAN pass (remove unused cells and wires).
27.7.8. Executing OPT_EXPR pass (perform const folding).
27.7.9. Rerunning OPT passes. (Maybe there is more to do..)
27.7.10. Executing OPT_MUXTREE pass (detect dead branches in mux trees).
27.7.11. Executing OPT_REDUCE pass (consolidate $*mux and $reduce_* inputs).
27.7.12. Executing OPT_MERGE pass (detect identical cells).
27.7.13. Executing OPT_DFF pass (perform DFF optimizations).
27.7.14. Executing OPT_CLEAN pass (remove unused cells and wires).
27.7.15. Executing OPT_EXPR pass (perform const folding).
27.7.16. Finished OPT passes. (There is nothing left to do.)
27.8. Executing FSM pass (extract and optimize FSM).
27.8.1. Executing FSM_DETECT pass (finding FSMs in design).
27.8.2. Executing FSM_EXTRACT pass (extracting FSM from design).
27.8.3. Executing FSM_OPT pass (simple optimizations of FSMs).
27.8.4. Executing OPT_CLEAN pass (remove unused cells and wires).
27.8.5. Executing FSM_OPT pass (simple optimizations of FSMs).
27.8.6. Executing FSM_RECODE pass (re-assigning FSM state encoding).
27.8.7. Executing FSM_INFO pass (dumping all available information on FSM cells).
27.8.8. Executing FSM_MAP pass (mapping FSMs to basic logic).
27.9. Executing OPT pass (performing simple optimizations).
27.9.1. Executing OPT_EXPR pass (perform const folding).
27.9.2. Executing OPT_MERGE pass (detect identical cells).
27.9.3. Executing OPT_MUXTREE pass (detect dead branches in mux trees).
27.9.4. Executing OPT_REDUCE pass (consolidate $*mux and $reduce_* inputs).
27.9.5. Executing OPT_MERGE pass (detect identical cells).
27.9.6. Executing OPT_DFF pass (perform DFF optimizations).
27.9.7. Executing OPT_CLEAN pass (remove unused cells and wires).
27.9.8. Executing OPT_EXPR pass (perform const folding).
27.9.9. Rerunning OPT passes. (Maybe there is more to do..)
27.9.10. Executing OPT_MUXTREE pass (detect dead branches in mux trees).
27.9.11. Executing OPT_REDUCE pass (consolidate $*mux and $reduce_* inputs).
27.9.12. Executing OPT_MERGE pass (detect identical cells).
27.9.13. Executing OPT_DFF pass (perform DFF optimizations).
27.9.14. Executing OPT_CLEAN pass (remove unused cells and wires).
27.9.15. Executing OPT_EXPR pass (perform const folding).
27.9.16. Rerunning OPT passes. (Maybe there is more to do..)
27.9.17. Executing OPT_MUXTREE pass (detect dead branches in mux trees).
27.9.18. Executing OPT_REDUCE pass (consolidate $*mux and $reduce_* inputs).
27.9.19. Executing OPT_MERGE pass (detect identical cells).
27.9.20. Executing OPT_DFF pass (perform DFF optimizations).
27.9.21. Executing OPT_CLEAN pass (remove unused cells and wires).
27.9.22. Executing OPT_EXPR pass (perform const folding).
27.9.23. Finished OPT passes. (There is nothing left to do.)
27.10. Executing WREDUCE pass (reducing word size of cells).
27.11. Executing PEEPOPT pass (run peephole optimizers).
27.12. Executing OPT_CLEAN pass (remove unused cells and wires).
27.13. Executing ALUMACC pass (create $alu and $macc cells).
27.14. Executing SHARE pass (SAT-based resource sharing).
27.15. Executing OPT pass (performing simple optimizations).
27.15.1. Executing OPT_EXPR pass (perform const folding).
27.15.2. Executing OPT_MERGE pass (detect identical cells).
27.15.3. Executing OPT_MUXTREE pass (detect dead branches in mux trees).
27.15.4. Executing OPT_REDUCE pass (consolidate $*mux and $reduce_* inputs).
27.15.5. Executing OPT_MERGE pass (detect identical cells).
27.15.6. Executing OPT_DFF pass (perform DFF optimizations).
27.15.7. Executing OPT_CLEAN pass (remove unused cells and wires).
27.15.8. Executing OPT_EXPR pass (perform const folding).
27.15.9. Rerunning OPT passes. (Maybe there is more to do..)
27.15.10. Executing OPT_MUXTREE pass (detect dead branches in mux trees).
27.15.11. Executing OPT_REDUCE pass (consolidate $*mux and $reduce_* inputs).
27.15.12. Executing OPT_MERGE pass (detect identical cells).
27.15.13. Executing OPT_DFF pass (perform DFF optimizations).
27.15.14. Executing OPT_CLEAN pass (remove unused cells and wires).
27.15.15. Executing OPT_EXPR pass (perform const folding).
27.15.16. Finished OPT passes. (There is nothing left to do.)
27.16. Executing MEMORY pass.
27.16.1. Executing OPT_MEM pass (optimize memories).
27.16.2. Executing OPT_MEM_PRIORITY pass (removing unnecessary memory write priority relations).
27.16.3. Executing OPT_MEM_FEEDBACK pass (finding memory read-to-write feedback paths).
27.16.4. Executing MEMORY_BMUX2ROM pass (converting muxes to ROMs).
27.16.5. Executing MEMORY_DFF pass (merging $dff cells to $memrd).
27.16.6. Executing OPT_CLEAN pass (remove unused cells and wires).
27.16.7. Executing MEMORY_SHARE pass (consolidating $memrd/$memwr cells).
27.16.8. Executing OPT_MEM_WIDEN pass (optimize memories where all ports are wide).
27.16.9. Executing OPT_CLEAN pass (remove unused cells and wires).
27.16.10. Executing MEMORY_COLLECT pass (generating $mem cells).
27.17. Executing OPT_CLEAN pass (remove unused cells and wires).
27.18. Executing OPT pass (performing simple optimizations).
27.18.1. Executing OPT_EXPR pass (perform const folding).
27.18.2. Executing OPT_MERGE pass (detect identical cells).
27.18.3. Executing OPT_DFF pass (perform DFF optimizations).
27.18.4. Executing OPT_CLEAN pass (remove unused cells and wires).
27.18.5. Finished fast OPT passes.
27.19. Executing MEMORY_MAP pass (converting memories to logic and flip-flops).
27.20. Executing OPT pass (performing simple optimizations).
27.20.1. Executing OPT_EXPR pass (perform const folding).
27.20.2. Executing OPT_MERGE pass (detect identical cells).
27.20.3. Executing OPT_MUXTREE pass (detect dead branches in mux trees).
27.20.4. Executing OPT_REDUCE pass (consolidate $*mux and $reduce_* inputs).
27.20.5. Executing OPT_MERGE pass (detect identical cells).
27.20.6. Executing OPT_SHARE pass.
27.20.7. Executing OPT_DFF pass (perform DFF optimizations).
27.20.8. Executing OPT_CLEAN pass (remove unused cells and wires).
27.20.9. Executing OPT_EXPR pass (perform const folding).
27.20.10. Rerunning OPT passes. (Maybe there is more to do..)
27.20.11. Executing OPT_MUXTREE pass (detect dead branches in mux trees).
27.20.12. Executing OPT_REDUCE pass (consolidate $*mux and $reduce_* inputs).
27.20.13. Executing OPT_MERGE pass (detect identical cells).
27.20.14. Executing OPT_SHARE pass.
27.20.15. Executing OPT_DFF pass (perform DFF optimizations).
27.20.16. Executing OPT_CLEAN pass (remove unused cells and wires).
27.20.17. Executing OPT_EXPR pass (perform const folding).
27.20.18. Rerunning OPT passes. (Maybe there is more to do..)
27.20.19. Executing OPT_MUXTREE pass (detect dead branches in mux trees).
27.20.20. Executing OPT_REDUCE pass (consolidate $*mux and $reduce_* inputs).
27.20.21. Executing OPT_MERGE pass (detect identical cells).
27.20.22. Executing OPT_SHARE pass.
27.20.23. Executing OPT_DFF pass (perform DFF optimizations).
27.20.24. Executing OPT_CLEAN pass (remove unused cells and wires).
27.20.25. Executing OPT_EXPR pass (perform const folding).
27.20.26. Finished OPT passes. (There is nothing left to do.)
27.21. Executing TECHMAP pass (map to technology primitives).
27.21.1. Executing Verilog-2005 frontend: /venv/bin/../share/yosys/techmap.v
27.21.2. Continuing TECHMAP pass.
27.22. Executing OPT pass (performing simple optimizations).
27.22.1. Executing OPT_EXPR pass (perform const folding).
27.22.2. Executing OPT_MERGE pass (detect identical cells).
27.22.3. Executing OPT_DFF pass (perform DFF optimizations).
27.22.4. Executing OPT_CLEAN pass (remove unused cells and wires).
27.22.5. Finished fast OPT passes.
27.23. Executing ABC pass (technology mapping using ABC).
27.23.1. Extracting gate netlist of module `$paramod$073bb16c7b9fea55850bd3525567a05530c8101a\scm' to `<abc-temp-dir>/input.blif'..
27.23.2. Extracting gate netlist of module `$paramod$1f4521be73f9aaf080b44857d4e75971678ecaa5\halut_encoder' to `<abc-temp-dir>/input.blif'..
27.23.3. Extracting gate netlist of module `$paramod$a2516ea83daeb244e87caef5470d07b265a7b1d6\halut_encoder' to `<abc-temp-dir>/input.blif'..
27.23.4. Extracting gate netlist of module `$paramod$d4363594a82a4d67c6f04a905a6319a5113d24ff\halut_encoder' to `<abc-temp-dir>/input.blif'..
27.23.5. Extracting gate netlist of module `$paramod$d7e0f0371c821888b223279e0c81e33e591c5555\register_file_mem_latch' to `<abc-temp-dir>/input.blif'..
27.23.6. Extracting gate netlist of module `$paramod$e095b41facc15d5d7dcfa4c5daf9eda9a280552a\halut_encoder' to `<abc-temp-dir>/input.blif'..
27.23.7. Extracting gate netlist of module `$paramod$e14bb7955ef84afa87d66b6822ffd16060dd5231\prim_onehot_mux' to `<abc-temp-dir>/input.blif'..
27.23.8. Extracting gate netlist of module `$paramod\prim_and2\Width=s32'00000000000000000000000000000100' to `<abc-temp-dir>/input.blif'..
27.23.9. Extracting gate netlist of module `$paramod\prim_generic_and2\Width=s32'00000000000000000000000000000100' to `<abc-temp-dir>/input.blif'..
27.23.10. Extracting gate netlist of module `$paramod\prim_onehot_enc\OneHotWidth=32'00000000000000000000000000000100' to `<abc-temp-dir>/input.blif'..
27.23.11. Extracting gate netlist of module `\fp_16_comparision' to `<abc-temp-dir>/input.blif'..
27.23.12. Extracting gate netlist of module `\halut_encoder_4' to `<abc-temp-dir>/input.blif'..
27.23.13. Extracting gate netlist of module `\prim_clock_gating' to `<abc-temp-dir>/input.blif'..
27.24. Executing OPT pass (performing simple optimizations).
27.24.1. Executing OPT_EXPR pass (perform const folding).
27.24.2. Executing OPT_MERGE pass (detect identical cells).
27.24.3. Executing OPT_DFF pass (perform DFF optimizations).
27.24.4. Executing OPT_CLEAN pass (remove unused cells and wires).
27.24.5. Finished fast OPT passes.
27.25. Executing HIERARCHY pass (managing design hierarchy).
27.25.1. Analyzing design hierarchy..
27.25.2. Analyzing design hierarchy..
27.26. Printing statistics.
27.27. Executing CHECK pass (checking for obvious problems).
28. Executing TECHMAP pass (map to technology primitives).
28.1. Executing Verilog-2005 frontend: /venv/bin/../share/yosys/techmap.v
28.2. Continuing TECHMAP pass.
29. Executing DFFLIBMAP pass (mapping DFF cells to sequential cells from liberty file).
Warning: Found unsupported expression 'SE*SI+D*!SE' in pin attribute of cell 'SDFFRS_X1' - skipping.
Warning: Found unsupported expression 'SE*SI+D*!SE' in pin attribute of cell 'SDFFRS_X2' - skipping.
Warning: Found unsupported expression 'SE*SI+D*!SE' in pin attribute of cell 'SDFFR_X1' - skipping.
Warning: Found unsupported expression 'SE*SI+D*!SE' in pin attribute of cell 'SDFFR_X2' - skipping.
Warning: Found unsupported expression 'SE*SI+D*!SE' in pin attribute of cell 'SDFFS_X1' - skipping.
Warning: Found unsupported expression 'SE*SI+D*!SE' in pin attribute of cell 'SDFFS_X2' - skipping.
Warning: Found unsupported expression 'SE*SI+D*!SE' in pin attribute of cell 'SDFF_X1' - skipping.
Warning: Found unsupported expression 'SE*SI+D*!SE' in pin attribute of cell 'SDFF_X2' - skipping.
29.1. Executing DFFLEGALIZE pass (convert FFs to types supported by the target).
30. Executing ABC pass (technology mapping using ABC).
30.1. Extracting gate netlist of module `$paramod$073bb16c7b9fea55850bd3525567a05530c8101a\scm' to `<abc-temp-dir>/input.blif'..
30.1.1. Executing ABC.
30.1.2. Re-integrating ABC results.
30.2. Extracting gate netlist of module `$paramod$1f4521be73f9aaf080b44857d4e75971678ecaa5\halut_encoder' to `<abc-temp-dir>/input.blif'..
30.2.1. Executing ABC.
30.2.2. Re-integrating ABC results.
30.3. Extracting gate netlist of module `$paramod$a2516ea83daeb244e87caef5470d07b265a7b1d6\halut_encoder' to `<abc-temp-dir>/input.blif'..
30.3.1. Executing ABC.
30.3.2. Re-integrating ABC results.
30.4. Extracting gate netlist of module `$paramod$d4363594a82a4d67c6f04a905a6319a5113d24ff\halut_encoder' to `<abc-temp-dir>/input.blif'..
30.4.1. Executing ABC.
30.4.2. Re-integrating ABC results.
30.5. Extracting gate netlist of module `$paramod$d7e0f0371c821888b223279e0c81e33e591c5555\register_file_mem_latch' to `<abc-temp-dir>/input.blif'..
30.5.1. Executing ABC.
30.5.2. Re-integrating ABC results.
30.6. Extracting gate netlist of module `$paramod$e095b41facc15d5d7dcfa4c5daf9eda9a280552a\halut_encoder' to `<abc-temp-dir>/input.blif'..
30.6.1. Executing ABC.
30.6.2. Re-integrating ABC results.
30.7. Extracting gate netlist of module `$paramod$e14bb7955ef84afa87d66b6822ffd16060dd5231\prim_onehot_mux' to `<abc-temp-dir>/input.blif'..
30.7.1. Executing ABC.
30.7.2. Re-integrating ABC results.
30.8. Extracting gate netlist of module `$paramod\prim_and2\Width=s32'00000000000000000000000000000100' to `<abc-temp-dir>/input.blif'..
30.9. Extracting gate netlist of module `$paramod\prim_generic_and2\Width=s32'00000000000000000000000000000100' to `<abc-temp-dir>/input.blif'..
30.9.1. Executing ABC.
30.9.2. Re-integrating ABC results.
30.10. Extracting gate netlist of module `$paramod\prim_onehot_enc\OneHotWidth=32'00000000000000000000000000000100' to `<abc-temp-dir>/input.blif'..
30.10.1. Executing ABC.
30.10.2. Re-integrating ABC results.
30.11. Extracting gate netlist of module `\fp_16_comparision' to `<abc-temp-dir>/input.blif'..
30.11.1. Executing ABC.
30.11.2. Re-integrating ABC results.
30.12. Extracting gate netlist of module `\halut_encoder_4' to `<abc-temp-dir>/input.blif'..
30.12.1. Executing ABC.
30.12.2. Re-integrating ABC results.
30.13. Extracting gate netlist of module `\prim_clock_gating' to `<abc-temp-dir>/input.blif'..
30.13.1. Executing ABC.
30.13.2. Re-integrating ABC results.
31. Printing statistics.
Ungroup modules of size 100
32. Executing HIERARCHY pass (managing design hierarchy).
32.1. Analyzing design hierarchy..
32.2. Analyzing design hierarchy..
Found module halut_encoder_4
Found module $paramod$1f4521be73f9aaf080b44857d4e75971678ecaa5\halut_encoder
Found module $paramod$073bb16c7b9fea55850bd3525567a05530c8101a\scm
Found module $paramod$d7e0f0371c821888b223279e0c81e33e591c5555\register_file_mem_latch
Found module prim_clock_gating
Found module $paramod$e14bb7955ef84afa87d66b6822ffd16060dd5231\prim_onehot_mux
Found module $paramod\prim_and2\Width=s32'00000000000000000000000000000100
Found module $paramod\prim_generic_and2\Width=s32'00000000000000000000000000000100
Found module $paramod\prim_onehot_enc\OneHotWidth=32'00000000000000000000000000000100
Found module prim_clock_gating
Found module $paramod$e14bb7955ef84afa87d66b6822ffd16060dd5231\prim_onehot_mux
Found module $paramod\prim_and2\Width=s32'00000000000000000000000000000100
Found module $paramod\prim_generic_and2\Width=s32'00000000000000000000000000000100
Found module $paramod\prim_onehot_enc\OneHotWidth=32'00000000000000000000000000000100
Found module fp_16_comparision
Found module $paramod$a2516ea83daeb244e87caef5470d07b265a7b1d6\halut_encoder
Found module $paramod$073bb16c7b9fea55850bd3525567a05530c8101a\scm
Found module $paramod$d7e0f0371c821888b223279e0c81e33e591c5555\register_file_mem_latch
Found module prim_clock_gating
Found module $paramod$e14bb7955ef84afa87d66b6822ffd16060dd5231\prim_onehot_mux
Found module $paramod\prim_and2\Width=s32'00000000000000000000000000000100
Found module $paramod\prim_generic_and2\Width=s32'00000000000000000000000000000100
Found module $paramod\prim_onehot_enc\OneHotWidth=32'00000000000000000000000000000100
Found module prim_clock_gating
Found module $paramod$e14bb7955ef84afa87d66b6822ffd16060dd5231\prim_onehot_mux
Found module $paramod\prim_and2\Width=s32'00000000000000000000000000000100
Found module $paramod\prim_generic_and2\Width=s32'00000000000000000000000000000100
Found module $paramod\prim_onehot_enc\OneHotWidth=32'00000000000000000000000000000100
Found module fp_16_comparision
Found module $paramod$d4363594a82a4d67c6f04a905a6319a5113d24ff\halut_encoder
Found module $paramod$073bb16c7b9fea55850bd3525567a05530c8101a\scm
Found module $paramod$d7e0f0371c821888b223279e0c81e33e591c5555\register_file_mem_latch
Found module prim_clock_gating
Found module $paramod$e14bb7955ef84afa87d66b6822ffd16060dd5231\prim_onehot_mux
Found module $paramod\prim_and2\Width=s32'00000000000000000000000000000100
Found module $paramod\prim_generic_and2\Width=s32'00000000000000000000000000000100
Found module $paramod\prim_onehot_enc\OneHotWidth=32'00000000000000000000000000000100
Found module prim_clock_gating
Found module $paramod$e14bb7955ef84afa87d66b6822ffd16060dd5231\prim_onehot_mux
Found module $paramod\prim_and2\Width=s32'00000000000000000000000000000100
Found module $paramod\prim_generic_and2\Width=s32'00000000000000000000000000000100
Found module $paramod\prim_onehot_enc\OneHotWidth=32'00000000000000000000000000000100
Found module fp_16_comparision
Found module $paramod$e095b41facc15d5d7dcfa4c5daf9eda9a280552a\halut_encoder
Found module $paramod$073bb16c7b9fea55850bd3525567a05530c8101a\scm
Found module $paramod$d7e0f0371c821888b223279e0c81e33e591c5555\register_file_mem_latch
Found module prim_clock_gating
Found module $paramod$e14bb7955ef84afa87d66b6822ffd16060dd5231\prim_onehot_mux
Found module $paramod\prim_and2\Width=s32'00000000000000000000000000000100
Found module $paramod\prim_generic_and2\Width=s32'00000000000000000000000000000100
Found module $paramod\prim_onehot_enc\OneHotWidth=32'00000000000000000000000000000100
Found module prim_clock_gating
Found module $paramod$e14bb7955ef84afa87d66b6822ffd16060dd5231\prim_onehot_mux
Found module $paramod\prim_and2\Width=s32'00000000000000000000000000000100
Found module $paramod\prim_generic_and2\Width=s32'00000000000000000000000000000100
Found module $paramod\prim_onehot_enc\OneHotWidth=32'00000000000000000000000000000100
Found module fp_16_comparision
33. Printing statistics.
Area of module \halut_encoder_4 is 15325.856000
Preserving hierarchical module: \halut_encoder_4
34. Printing statistics.
Area of module $paramod$1f4521be73f9aaf080b44857d4e75971678ecaa5\halut_encoder is 3783.584000
Preserving hierarchical module: $paramod$1f4521be73f9aaf080b44857d4e75971678ecaa5\halut_encoder
35. Printing statistics.
Area of module $paramod$073bb16c7b9fea55850bd3525567a05530c8101a\scm is 3433.794000
Preserving hierarchical module: $paramod$073bb16c7b9fea55850bd3525567a05530c8101a\scm
36. Printing statistics.
Area of module $paramod$d7e0f0371c821888b223279e0c81e33e591c5555\register_file_mem_latch is 796.138000
Preserving hierarchical module: $paramod$d7e0f0371c821888b223279e0c81e33e591c5555\register_file_mem_latch
37. Printing statistics.
Area of module \prim_clock_gating is 2.394000
38. Printing statistics.
Area of module $paramod$e14bb7955ef84afa87d66b6822ffd16060dd5231\prim_onehot_mux is 114.912000
Preserving hierarchical module: $paramod$e14bb7955ef84afa87d66b6822ffd16060dd5231\prim_onehot_mux
39. Printing statistics.
Area of module $paramod\prim_and2\Width=s32'00000000000000000000000000000100 is 5.320000
40. Printing statistics.
Area of module $paramod\prim_generic_and2\Width=s32'00000000000000000000000000000100 is 5.320000
41. Printing statistics.
Area of module $paramod\prim_onehot_enc\OneHotWidth=32'00000000000000000000000000000100 is 5.852000
42. Printing statistics.
Area of module \prim_clock_gating is 2.394000
43. Printing statistics.
Area of module $paramod$e14bb7955ef84afa87d66b6822ffd16060dd5231\prim_onehot_mux is 114.912000
Preserving hierarchical module: $paramod$e14bb7955ef84afa87d66b6822ffd16060dd5231\prim_onehot_mux
44. Printing statistics.
Area of module $paramod\prim_and2\Width=s32'00000000000000000000000000000100 is 5.320000
45. Printing statistics.
Area of module $paramod\prim_generic_and2\Width=s32'00000000000000000000000000000100 is 5.320000
46. Printing statistics.
Area of module $paramod\prim_onehot_enc\OneHotWidth=32'00000000000000000000000000000100 is 5.852000
47. Printing statistics.
Area of module \fp_16_comparision is 73.948000
48. Printing statistics.
Area of module $paramod$a2516ea83daeb244e87caef5470d07b265a7b1d6\halut_encoder is 3783.584000
Preserving hierarchical module: $paramod$a2516ea83daeb244e87caef5470d07b265a7b1d6\halut_encoder
49. Printing statistics.
Area of module $paramod$073bb16c7b9fea55850bd3525567a05530c8101a\scm is 3433.794000
Preserving hierarchical module: $paramod$073bb16c7b9fea55850bd3525567a05530c8101a\scm
50. Printing statistics.
Area of module $paramod$d7e0f0371c821888b223279e0c81e33e591c5555\register_file_mem_latch is 796.138000
Preserving hierarchical module: $paramod$d7e0f0371c821888b223279e0c81e33e591c5555\register_file_mem_latch
51. Printing statistics.
Area of module \prim_clock_gating is 2.394000
52. Printing statistics.
Area of module $paramod$e14bb7955ef84afa87d66b6822ffd16060dd5231\prim_onehot_mux is 114.912000
Preserving hierarchical module: $paramod$e14bb7955ef84afa87d66b6822ffd16060dd5231\prim_onehot_mux
53. Printing statistics.
Area of module $paramod\prim_and2\Width=s32'00000000000000000000000000000100 is 5.320000
54. Printing statistics.
Area of module $paramod\prim_generic_and2\Width=s32'00000000000000000000000000000100 is 5.320000
55. Printing statistics.
Area of module $paramod\prim_onehot_enc\OneHotWidth=32'00000000000000000000000000000100 is 5.852000
56. Printing statistics.
Area of module \prim_clock_gating is 2.394000
57. Printing statistics.
Area of module $paramod$e14bb7955ef84afa87d66b6822ffd16060dd5231\prim_onehot_mux is 114.912000
Preserving hierarchical module: $paramod$e14bb7955ef84afa87d66b6822ffd16060dd5231\prim_onehot_mux
58. Printing statistics.
Area of module $paramod\prim_and2\Width=s32'00000000000000000000000000000100 is 5.320000
59. Printing statistics.
Area of module $paramod\prim_generic_and2\Width=s32'00000000000000000000000000000100 is 5.320000
60. Printing statistics.
Area of module $paramod\prim_onehot_enc\OneHotWidth=32'00000000000000000000000000000100 is 5.852000
61. Printing statistics.
Area of module \fp_16_comparision is 73.948000
62. Printing statistics.
Area of module $paramod$d4363594a82a4d67c6f04a905a6319a5113d24ff\halut_encoder is 3783.584000
Preserving hierarchical module: $paramod$d4363594a82a4d67c6f04a905a6319a5113d24ff\halut_encoder
63. Printing statistics.
Area of module $paramod$073bb16c7b9fea55850bd3525567a05530c8101a\scm is 3433.794000
Preserving hierarchical module: $paramod$073bb16c7b9fea55850bd3525567a05530c8101a\scm
64. Printing statistics.
Area of module $paramod$d7e0f0371c821888b223279e0c81e33e591c5555\register_file_mem_latch is 796.138000
Preserving hierarchical module: $paramod$d7e0f0371c821888b223279e0c81e33e591c5555\register_file_mem_latch
65. Printing statistics.
Area of module \prim_clock_gating is 2.394000
66. Printing statistics.
Area of module $paramod$e14bb7955ef84afa87d66b6822ffd16060dd5231\prim_onehot_mux is 114.912000
Preserving hierarchical module: $paramod$e14bb7955ef84afa87d66b6822ffd16060dd5231\prim_onehot_mux
67. Printing statistics.
Area of module $paramod\prim_and2\Width=s32'00000000000000000000000000000100 is 5.320000
68. Printing statistics.
Area of module $paramod\prim_generic_and2\Width=s32'00000000000000000000000000000100 is 5.320000
69. Printing statistics.
Area of module $paramod\prim_onehot_enc\OneHotWidth=32'00000000000000000000000000000100 is 5.852000
70. Printing statistics.
Area of module \prim_clock_gating is 2.394000
71. Printing statistics.
Area of module $paramod$e14bb7955ef84afa87d66b6822ffd16060dd5231\prim_onehot_mux is 114.912000
Preserving hierarchical module: $paramod$e14bb7955ef84afa87d66b6822ffd16060dd5231\prim_onehot_mux
72. Printing statistics.
Area of module $paramod\prim_and2\Width=s32'00000000000000000000000000000100 is 5.320000
73. Printing statistics.
Area of module $paramod\prim_generic_and2\Width=s32'00000000000000000000000000000100 is 5.320000
74. Printing statistics.
Area of module $paramod\prim_onehot_enc\OneHotWidth=32'00000000000000000000000000000100 is 5.852000
75. Printing statistics.
Area of module \fp_16_comparision is 73.948000
76. Printing statistics.
Area of module $paramod$e095b41facc15d5d7dcfa4c5daf9eda9a280552a\halut_encoder is 3783.584000
Preserving hierarchical module: $paramod$e095b41facc15d5d7dcfa4c5daf9eda9a280552a\halut_encoder
77. Printing statistics.
Area of module $paramod$073bb16c7b9fea55850bd3525567a05530c8101a\scm is 3433.794000
Preserving hierarchical module: $paramod$073bb16c7b9fea55850bd3525567a05530c8101a\scm
78. Printing statistics.
Area of module $paramod$d7e0f0371c821888b223279e0c81e33e591c5555\register_file_mem_latch is 796.138000
Preserving hierarchical module: $paramod$d7e0f0371c821888b223279e0c81e33e591c5555\register_file_mem_latch
79. Printing statistics.
Area of module \prim_clock_gating is 2.394000
80. Printing statistics.
Area of module $paramod$e14bb7955ef84afa87d66b6822ffd16060dd5231\prim_onehot_mux is 114.912000
Preserving hierarchical module: $paramod$e14bb7955ef84afa87d66b6822ffd16060dd5231\prim_onehot_mux
81. Printing statistics.
Area of module $paramod\prim_and2\Width=s32'00000000000000000000000000000100 is 5.320000
82. Printing statistics.
Area of module $paramod\prim_generic_and2\Width=s32'00000000000000000000000000000100 is 5.320000
83. Printing statistics.
Area of module $paramod\prim_onehot_enc\OneHotWidth=32'00000000000000000000000000000100 is 5.852000
84. Printing statistics.
Area of module \prim_clock_gating is 2.394000
85. Printing statistics.
Area of module $paramod$e14bb7955ef84afa87d66b6822ffd16060dd5231\prim_onehot_mux is 114.912000
Preserving hierarchical module: $paramod$e14bb7955ef84afa87d66b6822ffd16060dd5231\prim_onehot_mux
86. Printing statistics.
Area of module $paramod\prim_and2\Width=s32'00000000000000000000000000000100 is 5.320000
87. Printing statistics.
Area of module $paramod\prim_generic_and2\Width=s32'00000000000000000000000000000100 is 5.320000
88. Printing statistics.
Area of module $paramod\prim_onehot_enc\OneHotWidth=32'00000000000000000000000000000100 is 5.852000
89. Printing statistics.
Area of module \fp_16_comparision is 73.948000
Warnings: 9 unique messages, 73 total
End of script. Logfile hash: 40410e2f28, CPU: user 10.88s system 0.22s, MEM: 38.96 MB peak
Yosys 0.20+17 (git sha1 6f439dc59, x86_64-conda-linux-gnu-cc 11.2.0 -fvisibility-inlines-hidden -fmessage-length=0 -march=nocona -mtune=haswell -ftree-vectorize -fPIC -fstack-protector-strong -fno-plt -O2 -ffunction-sections -fdebug-prefix-map=/home/runner/work/conda-eda/conda-eda/workdir/conda-env/conda-bld/yosys_1660259142736/work=/usr/local/src/conda/yosys-0.20_22_g6f439dc59 -fdebug-prefix-map=/venv=/usr/local/src/conda-prefix -fPIC -Os -fno-merge-constants)
Time spent: 60% 59x stat (8 sec), 24% 2x abc (3 sec), ...
Elapsed time: 0:14.46[h:]min:sec. CPU time: user 13.94 sys 0.50 (99%). Peak memory: 40396KB.
