OpenROAD b57893514040c5aa453ab5c104f35d1173a8add9 
This program is licensed under the BSD-3 license. See the LICENSE file for details.
Components of this program may be licensed under more restrictive licenses which must be honored.
[INFO GRT-0020] Min routing layer: metal2
[INFO GRT-0021] Max routing layer: metal10
[INFO GRT-0022] Global adjustment: 0%
[INFO GRT-0023] Grid origin: (0, 0)
[INFO GRT-0043] No OR_DEFAULT vias defined.
[INFO GRT-0088] Layer metal1  Track-Pitch = 0.1400  line-2-Via Pitch: 0.1350
[INFO GRT-0088] Layer metal2  Track-Pitch = 0.1900  line-2-Via Pitch: 0.1400
[INFO GRT-0088] Layer metal3  Track-Pitch = 0.1400  line-2-Via Pitch: 0.1400
[INFO GRT-0088] Layer metal4  Track-Pitch = 0.2800  line-2-Via Pitch: 0.2800
[INFO GRT-0088] Layer metal5  Track-Pitch = 0.2800  line-2-Via Pitch: 0.2800
[INFO GRT-0088] Layer metal6  Track-Pitch = 0.2800  line-2-Via Pitch: 0.2800
[INFO GRT-0088] Layer metal7  Track-Pitch = 0.8000  line-2-Via Pitch: 0.8000
[INFO GRT-0088] Layer metal8  Track-Pitch = 0.8000  line-2-Via Pitch: 0.8000
[INFO GRT-0088] Layer metal9  Track-Pitch = 1.6000  line-2-Via Pitch: 1.6000
[INFO GRT-0088] Layer metal10 Track-Pitch = 1.6000  line-2-Via Pitch: 1.6000
[INFO GRT-0019] Found 74 clock nets.
[INFO GRT-0001] Minimum degree: 2
[INFO GRT-0002] Maximum degree: 76
[INFO GRT-0003] Macros: 0
[INFO GRT-0004] Blockages: 0

[INFO GRT-0053] Routing resources analysis:
          Routing      Original      Derated      Resource
Layer     Direction    Resources     Resources    Reduction (%)
---------------------------------------------------------------
metal1     Horizontal          0             0          0.00%
metal2     Vertical        21296          4558          78.60%
metal3     Horizontal      29040          8600          70.39%
metal4     Vertical        13552          9636          28.90%
metal5     Horizontal      13552          9804          27.66%
metal6     Vertical        13552          9804          27.66%
metal7     Horizontal       3872          1886          51.29%
metal8     Vertical         3872          2021          47.80%
metal9     Horizontal       1936            43          97.78%
metal10    Vertical         1936            43          97.78%
---------------------------------------------------------------

[INFO GRT-0197] Via related to pin nodes: 14531
[INFO GRT-0198] Via related Steiner nodes: 213
[INFO GRT-0199] Via filling finished.
[INFO GRT-0111] Final number of vias: 15981
[INFO GRT-0112] Final usage 3D: 57032

[INFO GRT-0096] Final congestion report:
Layer         Resource        Demand        Usage (%)    Max H / Max V / Total Overflow
---------------------------------------------------------------------------------------
metal1               0             0            0.00%             0 /  0 /  0
metal2            4558          1962           43.05%             0 /  0 /  0
metal3            8600          3105           36.10%             0 /  0 /  0
metal4            9636          2248           23.33%             0 /  0 /  0
metal5            9804          1227           12.52%             0 /  0 /  0
metal6            9804           523            5.33%             0 /  0 /  0
metal7            1886            24            1.27%             0 /  0 /  0
metal8            2021             0            0.00%             0 /  0 /  0
metal9              43             0            0.00%             0 /  0 /  0
metal10             43             0            0.00%             0 /  0 /  0
---------------------------------------------------------------------------------------
Total            46395          9089           19.59%             0 /  0 /  0

[INFO GRT-0018] Total wirelength: 31896 um
[INFO GRT-0014] Routed nets: 2927

==========================================================================
global route report_tns
--------------------------------------------------------------------------
tns -0.32

==========================================================================
global route report_wns
--------------------------------------------------------------------------
wns -0.08

==========================================================================
global route report_worst_slack
--------------------------------------------------------------------------
worst slack -0.08

==========================================================================
global route report_clock_skew
--------------------------------------------------------------------------
Clock clk_i
No launch/capture paths found.


==========================================================================
global route report_checks -path_delay min
--------------------------------------------------------------------------
Startpoint: rst_i (input port clocked by clk_i)
Endpoint: adder/_147_ (removal check against rising-edge clock clk_i')
Path Group: **async_default**
Path Type: min

Fanout     Cap    Slew   Delay    Time   Description
-----------------------------------------------------------------------------
                          6.00    6.00   clock clk_i (rise edge)
                          0.00    6.00   clock network delay (propagated)
                          0.60    6.60 v input external delay
                  0.00    0.00    6.60 v rst_i (in)
     1    1.98                           rst_i (net)
                  0.00    0.00    6.60 v input49/A (CLKBUF_X3)
                  0.02    0.05    6.65 v input49/Z (CLKBUF_X3)
     1   23.55                           net49 (net)
                  0.02    0.00    6.65 v adder/_109_/A (INV_X16)
                  0.02    0.03    6.67 ^ adder/_109_/ZN (INV_X16)
    64  136.78                           adder/_000_ (net)
                  0.02    0.01    6.68 ^ adder/_147_/RN (DFFR_X1)
                                  6.68   data arrival time

                          3.00    3.00   clock clk_i' (rise edge)
                          0.00    3.00   clock source latency
                  0.00    0.00    3.00 v clk_i (in)
     1   30.00                           clk_i (net)
                  0.00    0.00    3.00 v clkbuf_0_clk_i/A (BUF_X32)
                  0.01    0.02    3.03 v clkbuf_0_clk_i/Z (BUF_X32)
     8  199.90                           clknet_0_clk_i (net)
                  0.02    0.01    3.04 v clkbuf_3_3__f_clk_i/A (BUF_X32)
                  0.00    0.03    3.07 v clkbuf_3_3__f_clk_i/Z (BUF_X32)
     7   16.01                           clknet_3_3__leaf_clk_i (net)
                  0.00    0.00    3.07 v net194_27/A (INV_X1)
                  0.01    0.01    3.08 ^ net194_27/ZN (INV_X1)
     1    1.58                           net215 (net)
                  0.01    0.00    3.08 ^ adder/_147_/CK (DFFR_X1)
                          0.00    3.08   clock reconvergence pessimism
                          0.21    3.29   library removal time
                                  3.29   data required time
-----------------------------------------------------------------------------
                                  3.29   data required time
                                 -6.68   data arrival time
-----------------------------------------------------------------------------
                                  3.39   slack (MET)


Startpoint: operand_fp32_i[5] (input port clocked by clk_i)
Endpoint: adder/_147_ (rising edge-triggered flip-flop clocked by clk_i')
Path Group: clk_i
Path Type: min

Fanout     Cap    Slew   Delay    Time   Description
-----------------------------------------------------------------------------
                          6.00    6.00   clock clk_i (rise edge)
                          0.00    6.00   clock network delay (propagated)
                          0.60    6.60 ^ input external delay
                  0.00    0.00    6.60 ^ operand_fp32_i[5] (in)
     1    1.50                           operand_fp32_i[5] (net)
                  0.00    0.00    6.60 ^ input44/A (BUF_X1)
                  0.01    0.02    6.62 ^ input44/Z (BUF_X1)
     1    1.96                           net44 (net)
                  0.01    0.00    6.62 ^ adder/_147_/D (DFFR_X1)
                                  6.62   data arrival time

                          3.00    3.00   clock clk_i' (rise edge)
                          0.00    3.00   clock source latency
                  0.00    0.00    3.00 v clk_i (in)
     1   30.00                           clk_i (net)
                  0.00    0.00    3.00 v clkbuf_0_clk_i/A (BUF_X32)
                  0.01    0.02    3.03 v clkbuf_0_clk_i/Z (BUF_X32)
     8  199.90                           clknet_0_clk_i (net)
                  0.02    0.01    3.04 v clkbuf_3_3__f_clk_i/A (BUF_X32)
                  0.00    0.03    3.07 v clkbuf_3_3__f_clk_i/Z (BUF_X32)
     7   16.01                           clknet_3_3__leaf_clk_i (net)
                  0.00    0.00    3.07 v net194_27/A (INV_X1)
                  0.01    0.01    3.08 ^ net194_27/ZN (INV_X1)
     1    1.58                           net215 (net)
                  0.01    0.00    3.08 ^ adder/_147_/CK (DFFR_X1)
                          0.00    3.08   clock reconvergence pessimism
                          0.01    3.09   library hold time
                                  3.09   data required time
-----------------------------------------------------------------------------
                                  3.09   data required time
                                 -6.62   data arrival time
-----------------------------------------------------------------------------
                                  3.53   slack (MET)



==========================================================================
global route report_checks -path_delay max
--------------------------------------------------------------------------
Startpoint: rst_i (input port clocked by clk_i)
Endpoint: adder/_137_ (recovery check against rising-edge clock clk_i')
Path Group: **async_default**
Path Type: max

Fanout     Cap    Slew   Delay    Time   Description
-----------------------------------------------------------------------------
                          0.00    0.00   clock clk_i (rise edge)
                          0.00    0.00   clock network delay (propagated)
                          0.60    0.60 v input external delay
                  0.00    0.00    0.60 v rst_i (in)
     1    1.98                           rst_i (net)
                  0.00    0.00    0.60 v input49/A (CLKBUF_X3)
                  0.02    0.05    0.65 v input49/Z (CLKBUF_X3)
     1   23.55                           net49 (net)
                  0.02    0.00    0.65 v adder/_109_/A (INV_X16)
                  0.02    0.03    0.67 ^ adder/_109_/ZN (INV_X16)
    64  136.78                           adder/_000_ (net)
                  0.03    0.02    0.69 ^ adder/_137_/RN (DFFR_X1)
                                  0.69   data arrival time

                          3.00    3.00   clock clk_i' (rise edge)
                          0.00    3.00   clock source latency
                  0.00    0.00    3.00 v clk_i (in)
     1   30.00                           clk_i (net)
                  0.00    0.00    3.00 v clkbuf_0_clk_i/A (BUF_X32)
                  0.01    0.02    3.03 v clkbuf_0_clk_i/Z (BUF_X32)
     8  199.90                           clknet_0_clk_i (net)
                  0.01    0.01    3.04 v clkbuf_3_6__f_clk_i/A (BUF_X32)
                  0.00    0.03    3.06 v clkbuf_3_6__f_clk_i/Z (BUF_X32)
     8   17.22                           clknet_3_6__leaf_clk_i (net)
                  0.00    0.00    3.06 v net194_37/A (INV_X1)
                  0.00    0.01    3.07 ^ net194_37/ZN (INV_X1)
     1    1.07                           net225 (net)
                  0.00    0.00    3.07 ^ adder/_137_/CK (DFFR_X1)
                          0.00    3.07   clock reconvergence pessimism
                          0.05    3.12   library recovery time
                                  3.12   data required time
-----------------------------------------------------------------------------
                                  3.12   data required time
                                 -0.69   data arrival time
-----------------------------------------------------------------------------
                                  2.43   slack (MET)


Startpoint: adder/_133_ (rising edge-triggered flip-flop clocked by clk_i')
Endpoint: result_o[30] (output port clocked by clk_i)
Path Group: clk_i
Path Type: max

Fanout     Cap    Slew   Delay    Time   Description
-----------------------------------------------------------------------------
                          3.00    3.00   clock clk_i' (rise edge)
                          0.00    3.00   clock source latency
                  0.00    0.00    3.00 v clk_i (in)
     1   30.00                           clk_i (net)
                  0.00    0.00    3.00 v clkbuf_0_clk_i/A (BUF_X32)
                  0.01    0.02    3.03 v clkbuf_0_clk_i/Z (BUF_X32)
     8  199.90                           clknet_0_clk_i (net)
                  0.01    0.01    3.03 v clkbuf_3_7__f_clk_i/A (BUF_X32)
                  0.00    0.03    3.06 v clkbuf_3_7__f_clk_i/Z (BUF_X32)
    11   21.13                           clknet_3_7__leaf_clk_i (net)
                  0.00    0.00    3.06 v net194_41/A (INV_X1)
                  0.00    0.01    3.07 ^ net194_41/ZN (INV_X1)
     1    1.07                           net229 (net)
                  0.00    0.00    3.07 ^ adder/_133_/CK (DFFR_X1)
                  0.02    0.11    3.18 ^ adder/_133_/Q (DFFR_X1)
     3    5.70                           adder/exp_a_d[0] (net)
                  0.02    0.00    3.18 ^ adder/adder/_1251_/A (INV_X1)
                  0.01    0.01    3.20 v adder/adder/_1251_/ZN (INV_X1)
     2    4.84                           adder/adder/_0363_ (net)
                  0.01    0.00    3.20 v adder/adder/_1252_/A1 (NAND2_X1)
                  0.02    0.03    3.23 ^ adder/adder/_1252_/ZN (NAND2_X1)
     2    8.17                           adder/adder/_0364_ (net)
                  0.02    0.00    3.23 ^ adder/adder/_1255_/A1 (NAND2_X4)
                  0.02    0.04    3.26 v adder/adder/_1255_/ZN (NAND2_X4)
    19   49.68                           adder/adder/_0367_ (net)
                  0.02    0.00    3.27 v adder/adder/_1256_/A2 (NOR2_X2)
                  0.03    0.05    3.32 ^ adder/adder/_1256_/ZN (NOR2_X2)
     2    9.77                           adder/adder/_0368_ (net)
                  0.03    0.00    3.32 ^ adder/adder/_1257_/A2 (NAND2_X1)
                  0.02    0.03    3.35 v adder/adder/_1257_/ZN (NAND2_X1)
     1    6.46                           adder/adder/_0369_ (net)
                  0.02    0.00    3.35 v adder/adder/_1258_/A2 (NOR2_X4)
                  0.03    0.05    3.39 ^ adder/adder/_1258_/ZN (NOR2_X4)
     5   18.34                           adder/adder/_0370_ (net)
                  0.03    0.00    3.39 ^ adder/adder/_1277_/A (INV_X2)
                  0.01    0.02    3.41 v adder/adder/_1277_/ZN (INV_X2)
     2    8.97                           adder/adder/_0389_ (net)
                  0.01    0.00    3.41 v adder/adder/_1278_/A2 (NAND2_X4)
                  0.02    0.03    3.44 ^ adder/adder/_1278_/ZN (NAND2_X4)
    13   35.22                           adder/adder/_0390_ (net)
                  0.02    0.00    3.44 ^ adder/adder/_1333_/A2 (NAND2_X1)
                  0.01    0.03    3.47 v adder/adder/_1333_/ZN (NAND2_X1)
     1    5.96                           adder/adder/_0436_ (net)
                  0.01    0.00    3.47 v adder/adder/_1338_/A1 (NAND2_X4)
                  0.03    0.04    3.51 ^ adder/adder/_1338_/ZN (NAND2_X4)
    24   50.35                           adder/adder/_0441_ (net)
                  0.03    0.00    3.52 ^ adder/adder/_1339_/A (INV_X4)
                  0.01    0.02    3.54 v adder/adder/_1339_/ZN (INV_X4)
    16   30.01                           adder/adder/_0442_ (net)
                  0.01    0.00    3.54 v adder/adder/_1340_/A3 (NAND3_X1)
                  0.02    0.03    3.57 ^ adder/adder/_1340_/ZN (NAND3_X1)
     3    6.62                           adder/adder/_0443_ (net)
                  0.02    0.00    3.57 ^ adder/adder/_1384_/A1 (NAND2_X1)
                  0.01    0.02    3.59 v adder/adder/_1384_/ZN (NAND2_X1)
     1    1.74                           adder/adder/_0487_ (net)
                  0.01    0.00    3.59 v adder/adder/_1386_/A1 (NAND2_X1)
                  0.02    0.03    3.62 ^ adder/adder/_1386_/ZN (NAND2_X1)
     1    7.37                           adder/adder/_0489_ (net)
                  0.02    0.00    3.62 ^ adder/adder/_1387_/A1 (NAND2_X4)
                  0.02    0.03    3.65 v adder/adder/_1387_/ZN (NAND2_X4)
    22   40.14                           adder/adder/_0490_ (net)
                  0.02    0.00    3.65 v adder/adder/_1592_/A1 (NAND2_X1)
                  0.01    0.03    3.68 ^ adder/adder/_1592_/ZN (NAND2_X1)
     2    4.13                           adder/adder/_0695_ (net)
                  0.01    0.00    3.68 ^ adder/adder/_1593_/A1 (NAND2_X1)
                  0.01    0.02    3.70 v adder/adder/_1593_/ZN (NAND2_X1)
     2    3.45                           adder/adder/_0696_ (net)
                  0.01    0.00    3.70 v adder/adder/_1594_/A2 (NAND2_X1)
                  0.01    0.02    3.72 ^ adder/adder/_1594_/ZN (NAND2_X1)
     2    3.93                           adder/adder/_0697_ (net)
                  0.01    0.00    3.72 ^ adder/adder/_1595_/A1 (NAND2_X1)
                  0.01    0.02    3.74 v adder/adder/_1595_/ZN (NAND2_X1)
     2    3.52                           adder/adder/_0698_ (net)
                  0.01    0.00    3.74 v adder/adder/_1596_/A2 (NAND2_X1)
                  0.01    0.02    3.76 ^ adder/adder/_1596_/ZN (NAND2_X1)
     1    1.88                           adder/adder/_0699_ (net)
                  0.01    0.00    3.76 ^ adder/adder/_1605_/A1 (NAND2_X1)
                  0.01    0.01    3.77 v adder/adder/_1605_/ZN (NAND2_X1)
     1    1.86                           adder/adder/_0708_ (net)
                  0.01    0.00    3.77 v adder/adder/_1606_/A1 (NAND2_X1)
                  0.01    0.02    3.79 ^ adder/adder/_1606_/ZN (NAND2_X1)
     2    3.40                           adder/adder/_0709_ (net)
                  0.01    0.00    3.79 ^ adder/adder/_1632_/A1 (NAND2_X1)
                  0.01    0.01    3.80 v adder/adder/_1632_/ZN (NAND2_X1)
     1    1.71                           adder/adder/_0735_ (net)
                  0.01    0.00    3.80 v adder/adder/_1635_/A1 (NOR2_X1)
                  0.02    0.02    3.83 ^ adder/adder/_1635_/ZN (NOR2_X1)
     1    1.88                           adder/adder/_0738_ (net)
                  0.02    0.00    3.83 ^ adder/adder/_1636_/A1 (NAND2_X1)
                  0.01    0.01    3.84 v adder/adder/_1636_/ZN (NAND2_X1)
     1    1.70                           adder/adder/_0739_ (net)
                  0.01    0.00    3.84 v adder/adder/_1637_/A1 (NAND2_X1)
                  0.01    0.01    3.86 ^ adder/adder/_1637_/ZN (NAND2_X1)
     1    1.85                           adder/adder/_0740_ (net)
                  0.01    0.00    3.86 ^ adder/adder/_1638_/A1 (NAND2_X1)
                  0.01    0.01    3.87 v adder/adder/_1638_/ZN (NAND2_X1)
     1    1.72                           adder/adder/_0741_ (net)
                  0.01    0.00    3.87 v adder/adder/_1639_/A2 (NAND2_X1)
                  0.02    0.02    3.89 ^ adder/adder/_1639_/ZN (NAND2_X1)
     2    4.46                           adder/adder/_0742_ (net)
                  0.02    0.00    3.89 ^ adder/adder/_1822_/A1 (NAND4_X1)
                  0.02    0.03    3.92 v adder/adder/_1822_/ZN (NAND4_X1)
     1    1.94                           adder/adder/_0925_ (net)
                  0.02    0.00    3.92 v adder/adder/_1823_/A1 (NAND2_X1)
                  0.02    0.03    3.95 ^ adder/adder/_1823_/ZN (NAND2_X1)
     3    8.54                           adder/adder/_0926_ (net)
                  0.02    0.00    3.95 ^ adder/adder/_1923_/A1 (NAND2_X1)
                  0.01    0.02    3.97 v adder/adder/_1923_/ZN (NAND2_X1)
     1    3.15                           adder/adder/_1026_ (net)
                  0.01    0.00    3.97 v adder/adder/_1933_/A1 (NAND2_X2)
                  0.02    0.03    4.00 ^ adder/adder/_1933_/ZN (NAND2_X2)
     4   11.97                           adder/adder/_1036_ (net)
                  0.02    0.00    4.00 ^ adder/adder/_2027_/A1 (NAND2_X1)
                  0.01    0.02    4.02 v adder/adder/_2027_/ZN (NAND2_X1)
     1    3.26                           adder/adder/_0032_ (net)
                  0.01    0.00    4.02 v adder/adder/_2044_/A1 (NAND2_X2)
                  0.02    0.03    4.05 ^ adder/adder/_2044_/ZN (NAND2_X2)
     4   11.62                           adder/adder/_0049_ (net)
                  0.02    0.00    4.05 ^ adder/adder/_2213_/A1 (NAND2_X1)
                  0.01    0.02    4.06 v adder/adder/_2213_/ZN (NAND2_X1)
     1    1.68                           adder/adder/_0214_ (net)
                  0.01    0.00    4.06 v adder/adder/_2214_/A1 (NAND2_X1)
                  0.02    0.03    4.09 ^ adder/adder/_2214_/ZN (NAND2_X1)
     3    7.86                           adder/adder/_0215_ (net)
                  0.02    0.00    4.09 ^ adder/adder/_2219_/A1 (NAND2_X1)
                  0.01    0.02    4.11 v adder/adder/_2219_/ZN (NAND2_X1)
     1    2.07                           adder/adder/_0219_ (net)
                  0.01    0.00    4.11 v adder/adder/_2220_/A1 (NAND2_X1)
                  0.02    0.03    4.13 ^ adder/adder/_2220_/ZN (NAND2_X1)
     2    5.92                           adder/adder/_0220_ (net)
                  0.02    0.00    4.13 ^ adder/adder/_2223_/A1 (NAND2_X1)
                  0.01    0.02    4.15 v adder/adder/_2223_/ZN (NAND2_X1)
     2    3.51                           adder/adder/_0222_ (net)
                  0.01    0.00    4.15 v adder/adder/_2227_/A1 (NAND3_X1)
                  0.01    0.02    4.17 ^ adder/adder/_2227_/ZN (NAND3_X1)
     1    1.96                           adder/adder/_0227_ (net)
                  0.01    0.00    4.17 ^ adder/adder/_2228_/A2 (NAND2_X1)
                  0.02    0.03    4.20 v adder/adder/_2228_/ZN (NAND2_X1)
     4    7.93                           adder/mant_prenorm_d[43] (net)
                  0.02    0.00    4.20 v adder/norm/LOD/_154_/A2 (NOR2_X1)
                  0.02    0.04    4.24 ^ adder/norm/LOD/_154_/ZN (NOR2_X1)
     2    3.70                           adder/norm/LOD/_133_ (net)
                  0.02    0.00    4.24 ^ adder/norm/LOD/_155_/A2 (NAND2_X1)
                  0.02    0.03    4.27 v adder/norm/LOD/_155_/ZN (NAND2_X1)
     2    7.70                           adder/norm/LOD/_134_ (net)
                  0.02    0.00    4.27 v adder/norm/LOD/_156_/A (INV_X4)
                  0.01    0.01    4.29 ^ adder/norm/LOD/_156_/ZN (INV_X4)
     1    3.14                           adder/norm/LOD/_135_ (net)
                  0.01    0.00    4.29 ^ adder/norm/LOD/_164_/A1 (NAND2_X2)
                  0.01    0.02    4.30 v adder/norm/LOD/_164_/ZN (NAND2_X2)
     5    9.59                           adder/norm/LOD/_143_ (net)
                  0.01    0.00    4.30 v adder/norm/LOD/_177_/A1 (NOR2_X2)
                  0.03    0.04    4.35 ^ adder/norm/LOD/_177_/ZN (NOR2_X2)
     5    9.72                           adder/norm/LOD/_008_ (net)
                  0.03    0.00    4.35 ^ adder/norm/LOD/_184_/A1 (NAND2_X1)
                  0.02    0.03    4.37 v adder/norm/LOD/_184_/ZN (NAND2_X1)
     2    4.88                           adder/norm/LOD/_015_ (net)
                  0.02    0.00    4.37 v adder/norm/LOD/_269_/A (INV_X2)
                  0.01    0.02    4.39 ^ adder/norm/LOD/_269_/ZN (INV_X2)
     3    5.79                           adder/norm/Mant_leadingOne_D[4] (net)
                  0.01    0.00    4.39 ^ adder/norm/LOD/_272_/A1 (NAND2_X1)
                  0.01    0.01    4.40 v adder/norm/LOD/_272_/ZN (NAND2_X1)
     1    1.73                           adder/norm/LOD/_099_ (net)
                  0.01    0.00    4.40 v adder/norm/LOD/_273_/A3 (NAND3_X1)
                  0.02    0.03    4.43 ^ adder/norm/LOD/_273_/ZN (NAND3_X1)
     2    4.09                           adder/norm/Mant_leadingOne_D[2] (net)
                  0.02    0.00    4.43 ^ adder/norm/_1150_/A (INV_X1)
                  0.01    0.02    4.45 v adder/norm/_1150_/ZN (INV_X1)
     2    5.16                           adder/norm/_0101_ (net)
                  0.01    0.00    4.45 v adder/norm/_1151_/A1 (NAND2_X1)
                  0.02    0.03    4.47 ^ adder/norm/_1151_/ZN (NAND2_X1)
     3    6.98                           adder/norm/_0112_ (net)
                  0.02    0.00    4.47 ^ adder/norm/_1152_/A2 (NAND2_X1)
                  0.02    0.03    4.50 v adder/norm/_1152_/ZN (NAND2_X1)
     3    7.00                           adder/norm/_0123_ (net)
                  0.02    0.00    4.50 v adder/norm/_1158_/A1 (NOR2_X1)
                  0.02    0.04    4.54 ^ adder/norm/_1158_/ZN (NOR2_X1)
     2    3.82                           adder/norm/_0189_ (net)
                  0.02    0.00    4.54 ^ adder/norm/_1159_/A2 (NAND2_X1)
                  0.01    0.02    4.55 v adder/norm/_1159_/ZN (NAND2_X1)
     1    1.70                           adder/norm/_0200_ (net)
                  0.01    0.00    4.55 v adder/norm/_1163_/A1 (NAND2_X1)
                  0.01    0.01    4.57 ^ adder/norm/_1163_/ZN (NAND2_X1)
     1    1.99                           adder/norm/_0239_ (net)
                  0.01    0.00    4.57 ^ adder/norm/_1186_/A1 (NAND2_X1)
                  0.01    0.01    4.58 v adder/norm/_1186_/ZN (NAND2_X1)
     1    1.91                           adder/norm/_0282_ (net)
                  0.01    0.00    4.58 v adder/norm/_1194_/A1 (NAND2_X1)
                  0.01    0.02    4.60 ^ adder/norm/_1194_/ZN (NAND2_X1)
     1    3.35                           adder/norm/_0290_ (net)
                  0.01    0.00    4.60 ^ adder/norm/_1198_/A1 (NAND2_X2)
                  0.01    0.02    4.63 v adder/norm/_1198_/ZN (NAND2_X2)
     4   12.53                           adder/norm/_0294_ (net)
                  0.01    0.00    4.63 v adder/norm/_1211_/A1 (NAND2_X4)
                  0.03    0.04    4.67 ^ adder/norm/_1211_/ZN (NAND2_X4)
    13   49.11                           adder/norm/_0307_ (net)
                  0.03    0.00    4.67 ^ adder/norm/_1215_/A1 (NAND2_X1)
                  0.02    0.03    4.70 v adder/norm/_1215_/ZN (NAND2_X1)
     1    6.20                           adder/norm/_0311_ (net)
                  0.02    0.00    4.70 v adder/norm/_1217_/A1 (NAND2_X4)
                  0.03    0.04    4.74 ^ adder/norm/_1217_/ZN (NAND2_X4)
     6   44.99                           adder/norm/_0313_ (net)
                  0.03    0.00    4.74 ^ adder/norm/_1221_/A2 (NAND3_X2)
                  0.02    0.03    4.77 v adder/norm/_1221_/ZN (NAND3_X2)
     3    8.63                           adder/norm/_0317_ (net)
                  0.02    0.00    4.77 v adder/norm/_1236_/A1 (NAND3_X1)
                  0.02    0.03    4.80 ^ adder/norm/_1236_/ZN (NAND3_X1)
     2    5.48                           adder/norm/_0332_ (net)
                  0.02    0.00    4.80 ^ adder/norm/_1238_/A1 (NAND2_X1)
                  0.01    0.03    4.83 v adder/norm/_1238_/ZN (NAND2_X1)
     1    6.08                           adder/norm/_0334_ (net)
                  0.01    0.00    4.83 v adder/norm/_1240_/A1 (NAND2_X4)
                  0.02    0.03    4.86 ^ adder/norm/_1240_/ZN (NAND2_X4)
    12   36.86                           adder/norm/_0336_ (net)
                  0.02    0.00    4.87 ^ split70/A (BUF_X4)
                  0.03    0.05    4.91 ^ split70/Z (BUF_X4)
    19   46.08                           net258 (net)
                  0.03    0.01    4.92 ^ adder/norm/_1599_/A1 (NAND4_X1)
                  0.02    0.04    4.95 v adder/norm/_1599_/ZN (NAND4_X1)
     2    3.48                           adder/norm/_0695_ (net)
                  0.02    0.00    4.95 v adder/norm/_1600_/A2 (NAND3_X1)
                  0.02    0.04    4.99 ^ adder/norm/_1600_/ZN (NAND3_X1)
     3    6.02                           adder/norm/_0696_ (net)
                  0.02    0.00    4.99 ^ adder/norm/_1897_/A1 (NAND3_X1)
                  0.01    0.02    5.01 v adder/norm/_1897_/ZN (NAND3_X1)
     1    2.05                           adder/norm/_0993_ (net)
                  0.01    0.00    5.01 v adder/norm/_1899_/A1 (NAND2_X1)
                  0.02    0.03    5.04 ^ adder/norm/_1899_/ZN (NAND2_X1)
     2    6.87                           adder/norm/_0995_ (net)
                  0.02    0.00    5.04 ^ adder/norm/_1900_/A (INV_X1)
                  0.01    0.01    5.05 v adder/norm/_1900_/ZN (INV_X1)
     2    4.17                           adder/norm/_0996_ (net)
                  0.01    0.00    5.06 v adder/norm/_1901_/A1 (NAND2_X1)
                  0.01    0.01    5.07 ^ adder/norm/_1901_/ZN (NAND2_X1)
     1    1.87                           adder/norm/_0997_ (net)
                  0.01    0.00    5.07 ^ adder/norm/_1902_/A2 (NAND2_X1)
                  0.01    0.01    5.08 v adder/norm/_1902_/ZN (NAND2_X1)
     1    1.67                           adder/norm/_0998_ (net)
                  0.01    0.00    5.08 v adder/norm/_1909_/A1 (NOR2_X1)
                  0.03    0.04    5.13 ^ adder/norm/_1909_/ZN (NOR2_X1)
     2    5.97                           adder/norm/_1005_ (net)
                  0.03    0.00    5.13 ^ adder/norm/_1925_/A1 (NAND2_X1)
                  0.01    0.02    5.15 v adder/norm/_1925_/ZN (NAND2_X1)
     1    1.80                           adder/norm/_1021_ (net)
                  0.01    0.00    5.15 v adder/norm/_1957_/A1 (NOR2_X1)
                  0.02    0.03    5.18 ^ adder/norm/_1957_/ZN (NOR2_X1)
     1    3.54                           adder/norm/_1053_ (net)
                  0.02    0.00    5.18 ^ adder/norm/_1991_/A2 (NAND3_X2)
                  0.02    0.04    5.22 v adder/norm/_1991_/ZN (NAND3_X2)
     5   13.89                           adder/norm/_1087_ (net)
                  0.02    0.00    5.22 v adder/norm/_1992_/A2 (NOR2_X4)
                  0.02    0.04    5.26 ^ adder/norm/_1992_/ZN (NOR2_X4)
     6   14.06                           adder/norm/_1088_ (net)
                  0.02    0.00    5.26 ^ adder/norm/_2078_/A1 (NAND4_X1)
                  0.02    0.03    5.29 v adder/norm/_2078_/ZN (NAND4_X1)
     1    1.88                           adder/norm/_0039_ (net)
                  0.02    0.00    5.29 v adder/norm/_2079_/A1 (NAND2_X1)
                  0.02    0.03    5.32 ^ adder/norm/_2079_/ZN (NAND2_X1)
     3    6.47                           adder/norm/_0040_ (net)
                  0.02    0.00    5.32 ^ adder/norm/_2089_/A1 (NAND2_X1)
                  0.01    0.02    5.34 v adder/norm/_2089_/ZN (NAND2_X1)
     1    1.78                           adder/norm/_0049_ (net)
                  0.01    0.00    5.34 v adder/norm/_2093_/A1 (NAND2_X1)
                  0.02    0.03    5.37 ^ adder/norm/_2093_/ZN (NAND2_X1)
     3    6.30                           adder/norm/_0054_ (net)
                  0.02    0.00    5.37 ^ adder/norm/_2104_/A1 (NAND2_X1)
                  0.01    0.02    5.38 v adder/norm/_2104_/ZN (NAND2_X1)
     1    1.97                           adder/norm/_0064_ (net)
                  0.01    0.00    5.38 v adder/norm/_2106_/A1 (NAND2_X1)
                  0.01    0.02    5.40 ^ adder/norm/_2106_/ZN (NAND2_X1)
     2    4.28                           adder/norm/_0066_ (net)
                  0.01    0.00    5.40 ^ adder/norm/_2112_/A1 (NAND2_X1)
                  0.01    0.02    5.42 v adder/norm/_2112_/ZN (NAND2_X1)
     2    3.60                           adder/norm/_0072_ (net)
                  0.01    0.00    5.42 v adder/norm/_2113_/A1 (NAND2_X1)
                  0.01    0.02    5.44 ^ adder/norm/_2113_/ZN (NAND2_X1)
     1    1.79                           adder/norm/_0073_ (net)
                  0.01    0.00    5.44 ^ adder/norm/_2116_/A1 (NAND2_X1)
                  0.01    0.01    5.45 v adder/norm/_2116_/ZN (NAND2_X1)
     1    1.58                           adder/norm/_0076_ (net)
                  0.01    0.00    5.45 v adder/norm/_2119_/A1 (NAND2_X1)
                  0.01    0.01    5.46 ^ adder/norm/_2119_/ZN (NAND2_X1)
     1    1.31                           net73 (net)
                  0.01    0.00    5.46 ^ output73/A (BUF_X1)
                  0.00    0.02    5.48 ^ output73/Z (BUF_X1)
     1    0.33                           result_o[30] (net)
                  0.00    0.00    5.48 ^ result_o[30] (out)
                                  5.48   data arrival time

                          6.00    6.00   clock clk_i (rise edge)
                          0.00    6.00   clock network delay (propagated)
                          0.00    6.00   clock reconvergence pessimism
                         -0.60    5.40   output external delay
                                  5.40   data required time
-----------------------------------------------------------------------------
                                  5.40   data required time
                                 -5.48   data arrival time
-----------------------------------------------------------------------------
                                 -0.08   slack (VIOLATED)



==========================================================================
global route report_checks -unconstrained
--------------------------------------------------------------------------
Startpoint: rst_i (input port clocked by clk_i)
Endpoint: adder/_137_ (recovery check against rising-edge clock clk_i')
Path Group: **async_default**
Path Type: max

Fanout     Cap    Slew   Delay    Time   Description
-----------------------------------------------------------------------------
                          0.00    0.00   clock clk_i (rise edge)
                          0.00    0.00   clock network delay (propagated)
                          0.60    0.60 v input external delay
                  0.00    0.00    0.60 v rst_i (in)
     1    1.98                           rst_i (net)
                  0.00    0.00    0.60 v input49/A (CLKBUF_X3)
                  0.02    0.05    0.65 v input49/Z (CLKBUF_X3)
     1   23.55                           net49 (net)
                  0.02    0.00    0.65 v adder/_109_/A (INV_X16)
                  0.02    0.03    0.67 ^ adder/_109_/ZN (INV_X16)
    64  136.78                           adder/_000_ (net)
                  0.03    0.02    0.69 ^ adder/_137_/RN (DFFR_X1)
                                  0.69   data arrival time

                          3.00    3.00   clock clk_i' (rise edge)
                          0.00    3.00   clock source latency
                  0.00    0.00    3.00 v clk_i (in)
     1   30.00                           clk_i (net)
                  0.00    0.00    3.00 v clkbuf_0_clk_i/A (BUF_X32)
                  0.01    0.02    3.03 v clkbuf_0_clk_i/Z (BUF_X32)
     8  199.90                           clknet_0_clk_i (net)
                  0.01    0.01    3.04 v clkbuf_3_6__f_clk_i/A (BUF_X32)
                  0.00    0.03    3.06 v clkbuf_3_6__f_clk_i/Z (BUF_X32)
     8   17.22                           clknet_3_6__leaf_clk_i (net)
                  0.00    0.00    3.06 v net194_37/A (INV_X1)
                  0.00    0.01    3.07 ^ net194_37/ZN (INV_X1)
     1    1.07                           net225 (net)
                  0.00    0.00    3.07 ^ adder/_137_/CK (DFFR_X1)
                          0.00    3.07   clock reconvergence pessimism
                          0.05    3.12   library recovery time
                                  3.12   data required time
-----------------------------------------------------------------------------
                                  3.12   data required time
                                 -0.69   data arrival time
-----------------------------------------------------------------------------
                                  2.43   slack (MET)


Startpoint: adder/_133_ (rising edge-triggered flip-flop clocked by clk_i')
Endpoint: result_o[30] (output port clocked by clk_i)
Path Group: clk_i
Path Type: max

Fanout     Cap    Slew   Delay    Time   Description
-----------------------------------------------------------------------------
                          3.00    3.00   clock clk_i' (rise edge)
                          0.00    3.00   clock source latency
                  0.00    0.00    3.00 v clk_i (in)
     1   30.00                           clk_i (net)
                  0.00    0.00    3.00 v clkbuf_0_clk_i/A (BUF_X32)
                  0.01    0.02    3.03 v clkbuf_0_clk_i/Z (BUF_X32)
     8  199.90                           clknet_0_clk_i (net)
                  0.01    0.01    3.03 v clkbuf_3_7__f_clk_i/A (BUF_X32)
                  0.00    0.03    3.06 v clkbuf_3_7__f_clk_i/Z (BUF_X32)
    11   21.13                           clknet_3_7__leaf_clk_i (net)
                  0.00    0.00    3.06 v net194_41/A (INV_X1)
                  0.00    0.01    3.07 ^ net194_41/ZN (INV_X1)
     1    1.07                           net229 (net)
                  0.00    0.00    3.07 ^ adder/_133_/CK (DFFR_X1)
                  0.02    0.11    3.18 ^ adder/_133_/Q (DFFR_X1)
     3    5.70                           adder/exp_a_d[0] (net)
                  0.02    0.00    3.18 ^ adder/adder/_1251_/A (INV_X1)
                  0.01    0.01    3.20 v adder/adder/_1251_/ZN (INV_X1)
     2    4.84                           adder/adder/_0363_ (net)
                  0.01    0.00    3.20 v adder/adder/_1252_/A1 (NAND2_X1)
                  0.02    0.03    3.23 ^ adder/adder/_1252_/ZN (NAND2_X1)
     2    8.17                           adder/adder/_0364_ (net)
                  0.02    0.00    3.23 ^ adder/adder/_1255_/A1 (NAND2_X4)
                  0.02    0.04    3.26 v adder/adder/_1255_/ZN (NAND2_X4)
    19   49.68                           adder/adder/_0367_ (net)
                  0.02    0.00    3.27 v adder/adder/_1256_/A2 (NOR2_X2)
                  0.03    0.05    3.32 ^ adder/adder/_1256_/ZN (NOR2_X2)
     2    9.77                           adder/adder/_0368_ (net)
                  0.03    0.00    3.32 ^ adder/adder/_1257_/A2 (NAND2_X1)
                  0.02    0.03    3.35 v adder/adder/_1257_/ZN (NAND2_X1)
     1    6.46                           adder/adder/_0369_ (net)
                  0.02    0.00    3.35 v adder/adder/_1258_/A2 (NOR2_X4)
                  0.03    0.05    3.39 ^ adder/adder/_1258_/ZN (NOR2_X4)
     5   18.34                           adder/adder/_0370_ (net)
                  0.03    0.00    3.39 ^ adder/adder/_1277_/A (INV_X2)
                  0.01    0.02    3.41 v adder/adder/_1277_/ZN (INV_X2)
     2    8.97                           adder/adder/_0389_ (net)
                  0.01    0.00    3.41 v adder/adder/_1278_/A2 (NAND2_X4)
                  0.02    0.03    3.44 ^ adder/adder/_1278_/ZN (NAND2_X4)
    13   35.22                           adder/adder/_0390_ (net)
                  0.02    0.00    3.44 ^ adder/adder/_1333_/A2 (NAND2_X1)
                  0.01    0.03    3.47 v adder/adder/_1333_/ZN (NAND2_X1)
     1    5.96                           adder/adder/_0436_ (net)
                  0.01    0.00    3.47 v adder/adder/_1338_/A1 (NAND2_X4)
                  0.03    0.04    3.51 ^ adder/adder/_1338_/ZN (NAND2_X4)
    24   50.35                           adder/adder/_0441_ (net)
                  0.03    0.00    3.52 ^ adder/adder/_1339_/A (INV_X4)
                  0.01    0.02    3.54 v adder/adder/_1339_/ZN (INV_X4)
    16   30.01                           adder/adder/_0442_ (net)
                  0.01    0.00    3.54 v adder/adder/_1340_/A3 (NAND3_X1)
                  0.02    0.03    3.57 ^ adder/adder/_1340_/ZN (NAND3_X1)
     3    6.62                           adder/adder/_0443_ (net)
                  0.02    0.00    3.57 ^ adder/adder/_1384_/A1 (NAND2_X1)
                  0.01    0.02    3.59 v adder/adder/_1384_/ZN (NAND2_X1)
     1    1.74                           adder/adder/_0487_ (net)
                  0.01    0.00    3.59 v adder/adder/_1386_/A1 (NAND2_X1)
                  0.02    0.03    3.62 ^ adder/adder/_1386_/ZN (NAND2_X1)
     1    7.37                           adder/adder/_0489_ (net)
                  0.02    0.00    3.62 ^ adder/adder/_1387_/A1 (NAND2_X4)
                  0.02    0.03    3.65 v adder/adder/_1387_/ZN (NAND2_X4)
    22   40.14                           adder/adder/_0490_ (net)
                  0.02    0.00    3.65 v adder/adder/_1592_/A1 (NAND2_X1)
                  0.01    0.03    3.68 ^ adder/adder/_1592_/ZN (NAND2_X1)
     2    4.13                           adder/adder/_0695_ (net)
                  0.01    0.00    3.68 ^ adder/adder/_1593_/A1 (NAND2_X1)
                  0.01    0.02    3.70 v adder/adder/_1593_/ZN (NAND2_X1)
     2    3.45                           adder/adder/_0696_ (net)
                  0.01    0.00    3.70 v adder/adder/_1594_/A2 (NAND2_X1)
                  0.01    0.02    3.72 ^ adder/adder/_1594_/ZN (NAND2_X1)
     2    3.93                           adder/adder/_0697_ (net)
                  0.01    0.00    3.72 ^ adder/adder/_1595_/A1 (NAND2_X1)
                  0.01    0.02    3.74 v adder/adder/_1595_/ZN (NAND2_X1)
     2    3.52                           adder/adder/_0698_ (net)
                  0.01    0.00    3.74 v adder/adder/_1596_/A2 (NAND2_X1)
                  0.01    0.02    3.76 ^ adder/adder/_1596_/ZN (NAND2_X1)
     1    1.88                           adder/adder/_0699_ (net)
                  0.01    0.00    3.76 ^ adder/adder/_1605_/A1 (NAND2_X1)
                  0.01    0.01    3.77 v adder/adder/_1605_/ZN (NAND2_X1)
     1    1.86                           adder/adder/_0708_ (net)
                  0.01    0.00    3.77 v adder/adder/_1606_/A1 (NAND2_X1)
                  0.01    0.02    3.79 ^ adder/adder/_1606_/ZN (NAND2_X1)
     2    3.40                           adder/adder/_0709_ (net)
                  0.01    0.00    3.79 ^ adder/adder/_1632_/A1 (NAND2_X1)
                  0.01    0.01    3.80 v adder/adder/_1632_/ZN (NAND2_X1)
     1    1.71                           adder/adder/_0735_ (net)
                  0.01    0.00    3.80 v adder/adder/_1635_/A1 (NOR2_X1)
                  0.02    0.02    3.83 ^ adder/adder/_1635_/ZN (NOR2_X1)
     1    1.88                           adder/adder/_0738_ (net)
                  0.02    0.00    3.83 ^ adder/adder/_1636_/A1 (NAND2_X1)
                  0.01    0.01    3.84 v adder/adder/_1636_/ZN (NAND2_X1)
     1    1.70                           adder/adder/_0739_ (net)
                  0.01    0.00    3.84 v adder/adder/_1637_/A1 (NAND2_X1)
                  0.01    0.01    3.86 ^ adder/adder/_1637_/ZN (NAND2_X1)
     1    1.85                           adder/adder/_0740_ (net)
                  0.01    0.00    3.86 ^ adder/adder/_1638_/A1 (NAND2_X1)
                  0.01    0.01    3.87 v adder/adder/_1638_/ZN (NAND2_X1)
     1    1.72                           adder/adder/_0741_ (net)
                  0.01    0.00    3.87 v adder/adder/_1639_/A2 (NAND2_X1)
                  0.02    0.02    3.89 ^ adder/adder/_1639_/ZN (NAND2_X1)
     2    4.46                           adder/adder/_0742_ (net)
                  0.02    0.00    3.89 ^ adder/adder/_1822_/A1 (NAND4_X1)
                  0.02    0.03    3.92 v adder/adder/_1822_/ZN (NAND4_X1)
     1    1.94                           adder/adder/_0925_ (net)
                  0.02    0.00    3.92 v adder/adder/_1823_/A1 (NAND2_X1)
                  0.02    0.03    3.95 ^ adder/adder/_1823_/ZN (NAND2_X1)
     3    8.54                           adder/adder/_0926_ (net)
                  0.02    0.00    3.95 ^ adder/adder/_1923_/A1 (NAND2_X1)
                  0.01    0.02    3.97 v adder/adder/_1923_/ZN (NAND2_X1)
     1    3.15                           adder/adder/_1026_ (net)
                  0.01    0.00    3.97 v adder/adder/_1933_/A1 (NAND2_X2)
                  0.02    0.03    4.00 ^ adder/adder/_1933_/ZN (NAND2_X2)
     4   11.97                           adder/adder/_1036_ (net)
                  0.02    0.00    4.00 ^ adder/adder/_2027_/A1 (NAND2_X1)
                  0.01    0.02    4.02 v adder/adder/_2027_/ZN (NAND2_X1)
     1    3.26                           adder/adder/_0032_ (net)
                  0.01    0.00    4.02 v adder/adder/_2044_/A1 (NAND2_X2)
                  0.02    0.03    4.05 ^ adder/adder/_2044_/ZN (NAND2_X2)
     4   11.62                           adder/adder/_0049_ (net)
                  0.02    0.00    4.05 ^ adder/adder/_2213_/A1 (NAND2_X1)
                  0.01    0.02    4.06 v adder/adder/_2213_/ZN (NAND2_X1)
     1    1.68                           adder/adder/_0214_ (net)
                  0.01    0.00    4.06 v adder/adder/_2214_/A1 (NAND2_X1)
                  0.02    0.03    4.09 ^ adder/adder/_2214_/ZN (NAND2_X1)
     3    7.86                           adder/adder/_0215_ (net)
                  0.02    0.00    4.09 ^ adder/adder/_2219_/A1 (NAND2_X1)
                  0.01    0.02    4.11 v adder/adder/_2219_/ZN (NAND2_X1)
     1    2.07                           adder/adder/_0219_ (net)
                  0.01    0.00    4.11 v adder/adder/_2220_/A1 (NAND2_X1)
                  0.02    0.03    4.13 ^ adder/adder/_2220_/ZN (NAND2_X1)
     2    5.92                           adder/adder/_0220_ (net)
                  0.02    0.00    4.13 ^ adder/adder/_2223_/A1 (NAND2_X1)
                  0.01    0.02    4.15 v adder/adder/_2223_/ZN (NAND2_X1)
     2    3.51                           adder/adder/_0222_ (net)
                  0.01    0.00    4.15 v adder/adder/_2227_/A1 (NAND3_X1)
                  0.01    0.02    4.17 ^ adder/adder/_2227_/ZN (NAND3_X1)
     1    1.96                           adder/adder/_0227_ (net)
                  0.01    0.00    4.17 ^ adder/adder/_2228_/A2 (NAND2_X1)
                  0.02    0.03    4.20 v adder/adder/_2228_/ZN (NAND2_X1)
     4    7.93                           adder/mant_prenorm_d[43] (net)
                  0.02    0.00    4.20 v adder/norm/LOD/_154_/A2 (NOR2_X1)
                  0.02    0.04    4.24 ^ adder/norm/LOD/_154_/ZN (NOR2_X1)
     2    3.70                           adder/norm/LOD/_133_ (net)
                  0.02    0.00    4.24 ^ adder/norm/LOD/_155_/A2 (NAND2_X1)
                  0.02    0.03    4.27 v adder/norm/LOD/_155_/ZN (NAND2_X1)
     2    7.70                           adder/norm/LOD/_134_ (net)
                  0.02    0.00    4.27 v adder/norm/LOD/_156_/A (INV_X4)
                  0.01    0.01    4.29 ^ adder/norm/LOD/_156_/ZN (INV_X4)
     1    3.14                           adder/norm/LOD/_135_ (net)
                  0.01    0.00    4.29 ^ adder/norm/LOD/_164_/A1 (NAND2_X2)
                  0.01    0.02    4.30 v adder/norm/LOD/_164_/ZN (NAND2_X2)
     5    9.59                           adder/norm/LOD/_143_ (net)
                  0.01    0.00    4.30 v adder/norm/LOD/_177_/A1 (NOR2_X2)
                  0.03    0.04    4.35 ^ adder/norm/LOD/_177_/ZN (NOR2_X2)
     5    9.72                           adder/norm/LOD/_008_ (net)
                  0.03    0.00    4.35 ^ adder/norm/LOD/_184_/A1 (NAND2_X1)
                  0.02    0.03    4.37 v adder/norm/LOD/_184_/ZN (NAND2_X1)
     2    4.88                           adder/norm/LOD/_015_ (net)
                  0.02    0.00    4.37 v adder/norm/LOD/_269_/A (INV_X2)
                  0.01    0.02    4.39 ^ adder/norm/LOD/_269_/ZN (INV_X2)
     3    5.79                           adder/norm/Mant_leadingOne_D[4] (net)
                  0.01    0.00    4.39 ^ adder/norm/LOD/_272_/A1 (NAND2_X1)
                  0.01    0.01    4.40 v adder/norm/LOD/_272_/ZN (NAND2_X1)
     1    1.73                           adder/norm/LOD/_099_ (net)
                  0.01    0.00    4.40 v adder/norm/LOD/_273_/A3 (NAND3_X1)
                  0.02    0.03    4.43 ^ adder/norm/LOD/_273_/ZN (NAND3_X1)
     2    4.09                           adder/norm/Mant_leadingOne_D[2] (net)
                  0.02    0.00    4.43 ^ adder/norm/_1150_/A (INV_X1)
                  0.01    0.02    4.45 v adder/norm/_1150_/ZN (INV_X1)
     2    5.16                           adder/norm/_0101_ (net)
                  0.01    0.00    4.45 v adder/norm/_1151_/A1 (NAND2_X1)
                  0.02    0.03    4.47 ^ adder/norm/_1151_/ZN (NAND2_X1)
     3    6.98                           adder/norm/_0112_ (net)
                  0.02    0.00    4.47 ^ adder/norm/_1152_/A2 (NAND2_X1)
                  0.02    0.03    4.50 v adder/norm/_1152_/ZN (NAND2_X1)
     3    7.00                           adder/norm/_0123_ (net)
                  0.02    0.00    4.50 v adder/norm/_1158_/A1 (NOR2_X1)
                  0.02    0.04    4.54 ^ adder/norm/_1158_/ZN (NOR2_X1)
     2    3.82                           adder/norm/_0189_ (net)
                  0.02    0.00    4.54 ^ adder/norm/_1159_/A2 (NAND2_X1)
                  0.01    0.02    4.55 v adder/norm/_1159_/ZN (NAND2_X1)
     1    1.70                           adder/norm/_0200_ (net)
                  0.01    0.00    4.55 v adder/norm/_1163_/A1 (NAND2_X1)
                  0.01    0.01    4.57 ^ adder/norm/_1163_/ZN (NAND2_X1)
     1    1.99                           adder/norm/_0239_ (net)
                  0.01    0.00    4.57 ^ adder/norm/_1186_/A1 (NAND2_X1)
                  0.01    0.01    4.58 v adder/norm/_1186_/ZN (NAND2_X1)
     1    1.91                           adder/norm/_0282_ (net)
                  0.01    0.00    4.58 v adder/norm/_1194_/A1 (NAND2_X1)
                  0.01    0.02    4.60 ^ adder/norm/_1194_/ZN (NAND2_X1)
     1    3.35                           adder/norm/_0290_ (net)
                  0.01    0.00    4.60 ^ adder/norm/_1198_/A1 (NAND2_X2)
                  0.01    0.02    4.63 v adder/norm/_1198_/ZN (NAND2_X2)
     4   12.53                           adder/norm/_0294_ (net)
                  0.01    0.00    4.63 v adder/norm/_1211_/A1 (NAND2_X4)
                  0.03    0.04    4.67 ^ adder/norm/_1211_/ZN (NAND2_X4)
    13   49.11                           adder/norm/_0307_ (net)
                  0.03    0.00    4.67 ^ adder/norm/_1215_/A1 (NAND2_X1)
                  0.02    0.03    4.70 v adder/norm/_1215_/ZN (NAND2_X1)
     1    6.20                           adder/norm/_0311_ (net)
                  0.02    0.00    4.70 v adder/norm/_1217_/A1 (NAND2_X4)
                  0.03    0.04    4.74 ^ adder/norm/_1217_/ZN (NAND2_X4)
     6   44.99                           adder/norm/_0313_ (net)
                  0.03    0.00    4.74 ^ adder/norm/_1221_/A2 (NAND3_X2)
                  0.02    0.03    4.77 v adder/norm/_1221_/ZN (NAND3_X2)
     3    8.63                           adder/norm/_0317_ (net)
                  0.02    0.00    4.77 v adder/norm/_1236_/A1 (NAND3_X1)
                  0.02    0.03    4.80 ^ adder/norm/_1236_/ZN (NAND3_X1)
     2    5.48                           adder/norm/_0332_ (net)
                  0.02    0.00    4.80 ^ adder/norm/_1238_/A1 (NAND2_X1)
                  0.01    0.03    4.83 v adder/norm/_1238_/ZN (NAND2_X1)
     1    6.08                           adder/norm/_0334_ (net)
                  0.01    0.00    4.83 v adder/norm/_1240_/A1 (NAND2_X4)
                  0.02    0.03    4.86 ^ adder/norm/_1240_/ZN (NAND2_X4)
    12   36.86                           adder/norm/_0336_ (net)
                  0.02    0.00    4.87 ^ split70/A (BUF_X4)
                  0.03    0.05    4.91 ^ split70/Z (BUF_X4)
    19   46.08                           net258 (net)
                  0.03    0.01    4.92 ^ adder/norm/_1599_/A1 (NAND4_X1)
                  0.02    0.04    4.95 v adder/norm/_1599_/ZN (NAND4_X1)
     2    3.48                           adder/norm/_0695_ (net)
                  0.02    0.00    4.95 v adder/norm/_1600_/A2 (NAND3_X1)
                  0.02    0.04    4.99 ^ adder/norm/_1600_/ZN (NAND3_X1)
     3    6.02                           adder/norm/_0696_ (net)
                  0.02    0.00    4.99 ^ adder/norm/_1897_/A1 (NAND3_X1)
                  0.01    0.02    5.01 v adder/norm/_1897_/ZN (NAND3_X1)
     1    2.05                           adder/norm/_0993_ (net)
                  0.01    0.00    5.01 v adder/norm/_1899_/A1 (NAND2_X1)
                  0.02    0.03    5.04 ^ adder/norm/_1899_/ZN (NAND2_X1)
     2    6.87                           adder/norm/_0995_ (net)
                  0.02    0.00    5.04 ^ adder/norm/_1900_/A (INV_X1)
                  0.01    0.01    5.05 v adder/norm/_1900_/ZN (INV_X1)
     2    4.17                           adder/norm/_0996_ (net)
                  0.01    0.00    5.06 v adder/norm/_1901_/A1 (NAND2_X1)
                  0.01    0.01    5.07 ^ adder/norm/_1901_/ZN (NAND2_X1)
     1    1.87                           adder/norm/_0997_ (net)
                  0.01    0.00    5.07 ^ adder/norm/_1902_/A2 (NAND2_X1)
                  0.01    0.01    5.08 v adder/norm/_1902_/ZN (NAND2_X1)
     1    1.67                           adder/norm/_0998_ (net)
                  0.01    0.00    5.08 v adder/norm/_1909_/A1 (NOR2_X1)
                  0.03    0.04    5.13 ^ adder/norm/_1909_/ZN (NOR2_X1)
     2    5.97                           adder/norm/_1005_ (net)
                  0.03    0.00    5.13 ^ adder/norm/_1925_/A1 (NAND2_X1)
                  0.01    0.02    5.15 v adder/norm/_1925_/ZN (NAND2_X1)
     1    1.80                           adder/norm/_1021_ (net)
                  0.01    0.00    5.15 v adder/norm/_1957_/A1 (NOR2_X1)
                  0.02    0.03    5.18 ^ adder/norm/_1957_/ZN (NOR2_X1)
     1    3.54                           adder/norm/_1053_ (net)
                  0.02    0.00    5.18 ^ adder/norm/_1991_/A2 (NAND3_X2)
                  0.02    0.04    5.22 v adder/norm/_1991_/ZN (NAND3_X2)
     5   13.89                           adder/norm/_1087_ (net)
                  0.02    0.00    5.22 v adder/norm/_1992_/A2 (NOR2_X4)
                  0.02    0.04    5.26 ^ adder/norm/_1992_/ZN (NOR2_X4)
     6   14.06                           adder/norm/_1088_ (net)
                  0.02    0.00    5.26 ^ adder/norm/_2078_/A1 (NAND4_X1)
                  0.02    0.03    5.29 v adder/norm/_2078_/ZN (NAND4_X1)
     1    1.88                           adder/norm/_0039_ (net)
                  0.02    0.00    5.29 v adder/norm/_2079_/A1 (NAND2_X1)
                  0.02    0.03    5.32 ^ adder/norm/_2079_/ZN (NAND2_X1)
     3    6.47                           adder/norm/_0040_ (net)
                  0.02    0.00    5.32 ^ adder/norm/_2089_/A1 (NAND2_X1)
                  0.01    0.02    5.34 v adder/norm/_2089_/ZN (NAND2_X1)
     1    1.78                           adder/norm/_0049_ (net)
                  0.01    0.00    5.34 v adder/norm/_2093_/A1 (NAND2_X1)
                  0.02    0.03    5.37 ^ adder/norm/_2093_/ZN (NAND2_X1)
     3    6.30                           adder/norm/_0054_ (net)
                  0.02    0.00    5.37 ^ adder/norm/_2104_/A1 (NAND2_X1)
                  0.01    0.02    5.38 v adder/norm/_2104_/ZN (NAND2_X1)
     1    1.97                           adder/norm/_0064_ (net)
                  0.01    0.00    5.38 v adder/norm/_2106_/A1 (NAND2_X1)
                  0.01    0.02    5.40 ^ adder/norm/_2106_/ZN (NAND2_X1)
     2    4.28                           adder/norm/_0066_ (net)
                  0.01    0.00    5.40 ^ adder/norm/_2112_/A1 (NAND2_X1)
                  0.01    0.02    5.42 v adder/norm/_2112_/ZN (NAND2_X1)
     2    3.60                           adder/norm/_0072_ (net)
                  0.01    0.00    5.42 v adder/norm/_2113_/A1 (NAND2_X1)
                  0.01    0.02    5.44 ^ adder/norm/_2113_/ZN (NAND2_X1)
     1    1.79                           adder/norm/_0073_ (net)
                  0.01    0.00    5.44 ^ adder/norm/_2116_/A1 (NAND2_X1)
                  0.01    0.01    5.45 v adder/norm/_2116_/ZN (NAND2_X1)
     1    1.58                           adder/norm/_0076_ (net)
                  0.01    0.00    5.45 v adder/norm/_2119_/A1 (NAND2_X1)
                  0.01    0.01    5.46 ^ adder/norm/_2119_/ZN (NAND2_X1)
     1    1.31                           net73 (net)
                  0.01    0.00    5.46 ^ output73/A (BUF_X1)
                  0.00    0.02    5.48 ^ output73/Z (BUF_X1)
     1    0.33                           result_o[30] (net)
                  0.00    0.00    5.48 ^ result_o[30] (out)
                                  5.48   data arrival time

                          6.00    6.00   clock clk_i (rise edge)
                          0.00    6.00   clock network delay (propagated)
                          0.00    6.00   clock reconvergence pessimism
                         -0.60    5.40   output external delay
                                  5.40   data required time
-----------------------------------------------------------------------------
                                  5.40   data required time
                                 -5.48   data arrival time
-----------------------------------------------------------------------------
                                 -0.08   slack (VIOLATED)



==========================================================================
global route report_check_types -max_slew -max_cap -max_fanout -violators
--------------------------------------------------------------------------

==========================================================================
global route max_slew_check_slack
--------------------------------------------------------------------------
0.12739968299865723

==========================================================================
global route max_slew_check_limit
--------------------------------------------------------------------------
0.1985349953174591

==========================================================================
global route max_slew_check_slack_limit
--------------------------------------------------------------------------
0.6417

==========================================================================
global route max_fanout_check_slack
--------------------------------------------------------------------------
1.0000000150474662e+30

==========================================================================
global route max_fanout_check_limit
--------------------------------------------------------------------------
1.0000000150474662e+30

==========================================================================
global route max_capacitance_check_slack
--------------------------------------------------------------------------
6.010859966278076

==========================================================================
global route max_capacitance_check_limit
--------------------------------------------------------------------------
10.47130012512207

==========================================================================
global route max_capacitance_check_slack_limit
--------------------------------------------------------------------------
0.5740

==========================================================================
global route max_slew_violation_count
--------------------------------------------------------------------------
max slew violation count 0

==========================================================================
global route max_fanout_violation_count
--------------------------------------------------------------------------
max fanout violation count 0

==========================================================================
global route max_cap_violation_count
--------------------------------------------------------------------------
max cap violation count 0

==========================================================================
global route setup_violation_count
--------------------------------------------------------------------------
setup violation count 0

==========================================================================
global route hold_violation_count
--------------------------------------------------------------------------
hold violation count 1

==========================================================================
global route critical path delay
--------------------------------------------------------------------------
5.4806

==========================================================================
global route critical path slack
--------------------------------------------------------------------------
-0.0806

==========================================================================
global route slack div critical path delay
--------------------------------------------------------------------------
-1.470642

==========================================================================
global route report_power
--------------------------------------------------------------------------
Group                  Internal  Switching    Leakage      Total
                          Power      Power      Power      Power (Watts)
----------------------------------------------------------------
Sequential             5.35e-05   3.39e-06   4.20e-06   6.11e-05   7.4%
Combinational          3.69e-04   3.23e-04   7.07e-05   7.62e-04  92.6%
Macro                  0.00e+00   0.00e+00   0.00e+00   0.00e+00   0.0%
Pad                    0.00e+00   0.00e+00   0.00e+00   0.00e+00   0.0%
----------------------------------------------------------------
Total                  4.22e-04   3.26e-04   7.49e-05   8.23e-04 100.0%
                          51.3%      39.6%       9.1%

==========================================================================
global route report_design_area
--------------------------------------------------------------------------
Design area 3288 u^2 41% utilization.


==========================================================================
check_antennas
--------------------------------------------------------------------------
[WARNING ANT-0011] -report_violating_nets is deprecated.
[INFO GRT-0043] No OR_DEFAULT vias defined.
[INFO ANT-0002] Found 0 net violations.
[INFO ANT-0001] Found 0 pin violations.
[INFO FLW-0007] clock clk_i period 6.000000
[INFO FLW-0008] Clock clk_i period 5.777
[INFO FLW-0009] Clock clk_i slack -0.081
[INFO FLW-0011] Path endpoint count 361
Elapsed time: 0:02.05[h:]min:sec. CPU time: user 1.92 sys 0.12 (99%). Peak memory: 195340KB.
