OpenROAD b57893514040c5aa453ab5c104f35d1173a8add9 
This program is licensed under the BSD-3 license. See the LICENSE file for details.
Components of this program may be licensed under more restrictive licenses which must be honored.
[WARNING STA-0357] virtual clock clk_i can not be propagated.
[INFO ORD-0030] Using 2 thread(s).
[INFO DRT-0149] Reading tech and libs.

Units:                2000
Number of layers:     21
Number of macros:     135
Number of vias:       27
Number of viarulegen: 19

[INFO DRT-0150] Reading design.

Design:                   fp_16_32_adder
Die area:                 ( 0 0 ) ( 181060 181060 )
Number of track patterns: 20
Number of DEF vias:       6
Number of components:     5538
Number of terminals:      80
Number of snets:          2
Number of nets:           2811

[INFO DRT-0167] List of default vias:
  Layer via1
    default via: via1_7
  Layer via2
    default via: via2_5
  Layer via3
    default via: via3_2
  Layer via4
    default via: via4_0
  Layer via5
    default via: via5_0
  Layer via6
    default via: via6_0
  Layer via7
    default via: via7_0
  Layer via8
    default via: via8_0
  Layer via9
    default via: via9_0
[INFO DRT-0162] Library cell analysis.
[INFO DRT-0163] Instance analysis.
[INFO DRT-0164] Number of unique instances = 105.
[INFO DRT-0168] Init region query.
[INFO DRT-0024]   Complete active.
[INFO DRT-0024]   Complete FR_VIA.
[INFO DRT-0024]   Complete metal1.
[INFO DRT-0024]   Complete via1.
[INFO DRT-0024]   Complete metal2.
[INFO DRT-0024]   Complete via2.
[INFO DRT-0024]   Complete metal3.
[INFO DRT-0024]   Complete via3.
[INFO DRT-0024]   Complete metal4.
[INFO DRT-0024]   Complete via4.
[INFO DRT-0024]   Complete metal5.
[INFO DRT-0024]   Complete via5.
[INFO DRT-0024]   Complete metal6.
[INFO DRT-0024]   Complete via6.
[INFO DRT-0024]   Complete metal7.
[INFO DRT-0024]   Complete via7.
[INFO DRT-0024]   Complete metal8.
[INFO DRT-0024]   Complete via8.
[INFO DRT-0024]   Complete metal9.
[INFO DRT-0024]   Complete via9.
[INFO DRT-0024]   Complete metal10.
[INFO DRT-0033] active shape region query size = 0.
[INFO DRT-0033] FR_VIA shape region query size = 0.
[INFO DRT-0033] metal1 shape region query size = 38968.
[INFO DRT-0033] via1 shape region query size = 372.
[INFO DRT-0033] metal2 shape region query size = 297.
[INFO DRT-0033] via2 shape region query size = 372.
[INFO DRT-0033] metal3 shape region query size = 279.
[INFO DRT-0033] via3 shape region query size = 372.
[INFO DRT-0033] metal4 shape region query size = 138.
[INFO DRT-0033] via4 shape region query size = 100.
[INFO DRT-0033] metal5 shape region query size = 20.
[INFO DRT-0033] via5 shape region query size = 100.
[INFO DRT-0033] metal6 shape region query size = 20.
[INFO DRT-0033] via6 shape region query size = 40.
[INFO DRT-0033] metal7 shape region query size = 15.
[INFO DRT-0033] via7 shape region query size = 0.
[INFO DRT-0033] metal8 shape region query size = 0.
[INFO DRT-0033] via8 shape region query size = 0.
[INFO DRT-0033] metal9 shape region query size = 0.
[INFO DRT-0033] via9 shape region query size = 0.
[INFO DRT-0033] metal10 shape region query size = 0.
[INFO DRT-0165] Start pin access.
[INFO DRT-0076]   Complete 100 pins.
[INFO DRT-0076]   Complete 200 pins.
[INFO DRT-0076]   Complete 300 pins.
[INFO DRT-0078]   Complete 312 pins.
[INFO DRT-0081]   Complete 89 unique inst patterns.
[INFO DRT-0082]   Complete 1000 groups.
[INFO DRT-0084]   Complete 1363 groups.
#scanned instances     = 5538
#unique  instances     = 105
#stdCellGenAp          = 2812
#stdCellValidPlanarAp  = 0
#stdCellValidViaAp     = 2039
#stdCellPinNoAp        = 0
#stdCellPinCnt         = 8632
#instTermValidViaApCnt = 0
#macroGenAp            = 0
#macroValidPlanarAp    = 0
#macroValidViaAp       = 0
#macroNoAp             = 0
[INFO DRT-0166] Complete pin access.
[INFO DRT-0267] cpu time = 00:00:13, elapsed time = 00:00:06, memory = 107.36 (MB), peak = 107.36 (MB)

Number of guides:     22353

[INFO DRT-0169] Post process guides.
[INFO DRT-0176] GCELLGRID X 0 DO 43 STEP 4200 ;
[INFO DRT-0177] GCELLGRID Y 0 DO 43 STEP 4200 ;
[INFO DRT-0026]   Complete 10000 origin guides.
[INFO DRT-0026]   Complete 20000 origin guides.
[INFO DRT-0028]   Complete active.
[INFO DRT-0028]   Complete FR_VIA.
[INFO DRT-0028]   Complete metal1.
[INFO DRT-0028]   Complete via1.
[INFO DRT-0028]   Complete metal2.
[INFO DRT-0028]   Complete via2.
[INFO DRT-0028]   Complete metal3.
[INFO DRT-0028]   Complete via3.
[INFO DRT-0028]   Complete metal4.
[INFO DRT-0028]   Complete via4.
[INFO DRT-0028]   Complete metal5.
[INFO DRT-0028]   Complete via5.
[INFO DRT-0028]   Complete metal6.
[INFO DRT-0028]   Complete via6.
[INFO DRT-0028]   Complete metal7.
[INFO DRT-0028]   Complete via7.
[INFO DRT-0028]   Complete metal8.
[INFO DRT-0028]   Complete via8.
[INFO DRT-0028]   Complete metal9.
[INFO DRT-0028]   Complete via9.
[INFO DRT-0028]   Complete metal10.
[INFO DRT-0178] Init guide query.
[INFO DRT-0035]   Complete active (guide).
[INFO DRT-0035]   Complete FR_VIA (guide).
[INFO DRT-0035]   Complete metal1 (guide).
[INFO DRT-0035]   Complete via1 (guide).
[INFO DRT-0035]   Complete metal2 (guide).
[INFO DRT-0035]   Complete via2 (guide).
[INFO DRT-0035]   Complete metal3 (guide).
[INFO DRT-0035]   Complete via3 (guide).
[INFO DRT-0035]   Complete metal4 (guide).
[INFO DRT-0035]   Complete via4 (guide).
[INFO DRT-0035]   Complete metal5 (guide).
[INFO DRT-0035]   Complete via5 (guide).
[INFO DRT-0035]   Complete metal6 (guide).
[INFO DRT-0035]   Complete via6 (guide).
[INFO DRT-0035]   Complete metal7 (guide).
[INFO DRT-0035]   Complete via7 (guide).
[INFO DRT-0035]   Complete metal8 (guide).
[INFO DRT-0035]   Complete via8 (guide).
[INFO DRT-0035]   Complete metal9 (guide).
[INFO DRT-0035]   Complete via9 (guide).
[INFO DRT-0035]   Complete metal10 (guide).
[INFO DRT-0036] active guide region query size = 0.
[INFO DRT-0036] FR_VIA guide region query size = 0.
[INFO DRT-0036] metal1 guide region query size = 7042.
[INFO DRT-0036] via1 guide region query size = 0.
[INFO DRT-0036] metal2 guide region query size = 5476.
[INFO DRT-0036] via2 guide region query size = 0.
[INFO DRT-0036] metal3 guide region query size = 3657.
[INFO DRT-0036] via3 guide region query size = 0.
[INFO DRT-0036] metal4 guide region query size = 1553.
[INFO DRT-0036] via4 guide region query size = 0.
[INFO DRT-0036] metal5 guide region query size = 588.
[INFO DRT-0036] via5 guide region query size = 0.
[INFO DRT-0036] metal6 guide region query size = 151.
[INFO DRT-0036] via6 guide region query size = 0.
[INFO DRT-0036] metal7 guide region query size = 11.
[INFO DRT-0036] via7 guide region query size = 0.
[INFO DRT-0036] metal8 guide region query size = 0.
[INFO DRT-0036] via8 guide region query size = 0.
[INFO DRT-0036] metal9 guide region query size = 0.
[INFO DRT-0036] via9 guide region query size = 0.
[INFO DRT-0036] metal10 guide region query size = 0.
[INFO DRT-0179] Init gr pin query.
[INFO DRT-0185] Post process initialize RPin region query.
[INFO DRT-0181] Start track assignment.
[INFO DRT-0184] Done with 7180 vertical wires in 1 frboxes and 11298 horizontal wires in 1 frboxes.
[INFO DRT-0186] Done with 2304 vertical wires in 1 frboxes and 3143 horizontal wires in 1 frboxes.
[INFO DRT-0182] Complete track assignment.
[INFO DRT-0267] cpu time = 00:00:01, elapsed time = 00:00:01, memory = 165.90 (MB), peak = 167.83 (MB)
[INFO DRT-0187] Start routing data preparation.
[INFO DRT-0267] cpu time = 00:00:00, elapsed time = 00:00:00, memory = 165.90 (MB), peak = 167.83 (MB)
[INFO DRT-0194] Start detail routing.
[INFO DRT-0195] Start 0th optimization iteration.
    Completing 10% with 0 violations.
    elapsed time = 00:00:00, memory = 170.17 (MB).
    Completing 20% with 0 violations.
    elapsed time = 00:00:01, memory = 179.72 (MB).
    Completing 30% with 0 violations.
    elapsed time = 00:00:01, memory = 179.72 (MB).
    Completing 40% with 53 violations.
    elapsed time = 00:00:03, memory = 183.15 (MB).
    Completing 50% with 53 violations.
    elapsed time = 00:00:05, memory = 193.48 (MB).
    Completing 60% with 97 violations.
    elapsed time = 00:00:06, memory = 191.46 (MB).
    Completing 70% with 97 violations.
    elapsed time = 00:00:07, memory = 198.73 (MB).
    Completing 80% with 97 violations.
    elapsed time = 00:00:09, memory = 199.98 (MB).
    Completing 90% with 155 violations.
    elapsed time = 00:00:11, memory = 210.86 (MB).
    Completing 100% with 223 violations.
    elapsed time = 00:00:11, memory = 210.86 (MB).
[INFO DRT-0199]   Number of violations = 836.
[INFO DRT-0267] cpu time = 00:00:18, elapsed time = 00:00:12, memory = 734.90 (MB), peak = 734.90 (MB)
Total wire length = 22636 um.
Total wire length on LAYER metal1 = 0 um.
Total wire length on LAYER metal2 = 6436 um.
Total wire length on LAYER metal3 = 8017 um.
Total wire length on LAYER metal4 = 4521 um.
Total wire length on LAYER metal5 = 2433 um.
Total wire length on LAYER metal6 = 1077 um.
Total wire length on LAYER metal7 = 149 um.
Total wire length on LAYER metal8 = 0 um.
Total wire length on LAYER metal9 = 0 um.
Total wire length on LAYER metal10 = 0 um.
Total number of vias = 18326.
Up-via summary (total 18326):.

----------------
 active        0
 metal1     8633
 metal2     7022
 metal3     1753
 metal4      673
 metal5      225
 metal6       20
 metal7        0
 metal8        0
 metal9        0
----------------
           18326


[INFO DRT-0195] Start 1st optimization iteration.
    Completing 10% with 836 violations.
    elapsed time = 00:00:00, memory = 734.90 (MB).
    Completing 20% with 836 violations.
    elapsed time = 00:00:00, memory = 734.90 (MB).
    Completing 30% with 836 violations.
    elapsed time = 00:00:00, memory = 734.90 (MB).
    Completing 40% with 647 violations.
    elapsed time = 00:00:02, memory = 734.90 (MB).
    Completing 50% with 647 violations.
    elapsed time = 00:00:03, memory = 734.90 (MB).
    Completing 60% with 395 violations.
    elapsed time = 00:00:04, memory = 734.90 (MB).
    Completing 70% with 395 violations.
    elapsed time = 00:00:04, memory = 734.90 (MB).
    Completing 80% with 395 violations.
    elapsed time = 00:00:06, memory = 734.90 (MB).
    Completing 90% with 173 violations.
    elapsed time = 00:00:07, memory = 734.90 (MB).
    Completing 100% with 14 violations.
    elapsed time = 00:00:08, memory = 736.02 (MB).
[INFO DRT-0199]   Number of violations = 14.
[INFO DRT-0267] cpu time = 00:00:14, elapsed time = 00:00:08, memory = 736.02 (MB), peak = 741.73 (MB)
Total wire length = 22283 um.
Total wire length on LAYER metal1 = 0 um.
Total wire length on LAYER metal2 = 6462 um.
Total wire length on LAYER metal3 = 7914 um.
Total wire length on LAYER metal4 = 4381 um.
Total wire length on LAYER metal5 = 2342 um.
Total wire length on LAYER metal6 = 1050 um.
Total wire length on LAYER metal7 = 132 um.
Total wire length on LAYER metal8 = 0 um.
Total wire length on LAYER metal9 = 0 um.
Total wire length on LAYER metal10 = 0 um.
Total number of vias = 18016.
Up-via summary (total 18016):.

----------------
 active        0
 metal1     8631
 metal2     6936
 metal3     1611
 metal4      615
 metal5      207
 metal6       16
 metal7        0
 metal8        0
 metal9        0
----------------
           18016


[INFO DRT-0195] Start 2nd optimization iteration.
    Completing 10% with 14 violations.
    elapsed time = 00:00:00, memory = 736.02 (MB).
    Completing 20% with 14 violations.
    elapsed time = 00:00:00, memory = 736.02 (MB).
    Completing 30% with 14 violations.
    elapsed time = 00:00:00, memory = 736.02 (MB).
    Completing 40% with 11 violations.
    elapsed time = 00:00:01, memory = 736.02 (MB).
    Completing 50% with 11 violations.
    elapsed time = 00:00:01, memory = 736.02 (MB).
    Completing 60% with 6 violations.
    elapsed time = 00:00:03, memory = 736.02 (MB).
    Completing 70% with 6 violations.
    elapsed time = 00:00:03, memory = 736.02 (MB).
    Completing 80% with 6 violations.
    elapsed time = 00:00:03, memory = 736.02 (MB).
    Completing 90% with 6 violations.
    elapsed time = 00:00:03, memory = 736.02 (MB).
    Completing 100% with 4 violations.
    elapsed time = 00:00:04, memory = 736.02 (MB).
[INFO DRT-0199]   Number of violations = 4.
[INFO DRT-0267] cpu time = 00:00:06, elapsed time = 00:00:04, memory = 736.02 (MB), peak = 741.73 (MB)
Total wire length = 22248 um.
Total wire length on LAYER metal1 = 0 um.
Total wire length on LAYER metal2 = 6445 um.
Total wire length on LAYER metal3 = 7940 um.
Total wire length on LAYER metal4 = 4376 um.
Total wire length on LAYER metal5 = 2310 um.
Total wire length on LAYER metal6 = 1041 um.
Total wire length on LAYER metal7 = 134 um.
Total wire length on LAYER metal8 = 0 um.
Total wire length on LAYER metal9 = 0 um.
Total wire length on LAYER metal10 = 0 um.
Total number of vias = 18020.
Up-via summary (total 18020):.

----------------
 active        0
 metal1     8631
 metal2     6955
 metal3     1610
 metal4      609
 metal5      199
 metal6       16
 metal7        0
 metal8        0
 metal9        0
----------------
           18020


[INFO DRT-0195] Start 3rd optimization iteration.
    Completing 10% with 4 violations.
    elapsed time = 00:00:00, memory = 736.02 (MB).
    Completing 20% with 4 violations.
    elapsed time = 00:00:00, memory = 736.02 (MB).
    Completing 30% with 4 violations.
    elapsed time = 00:00:00, memory = 736.02 (MB).
    Completing 40% with 2 violations.
    elapsed time = 00:00:00, memory = 736.02 (MB).
    Completing 50% with 2 violations.
    elapsed time = 00:00:00, memory = 736.02 (MB).
    Completing 60% with 2 violations.
    elapsed time = 00:00:00, memory = 736.02 (MB).
    Completing 70% with 2 violations.
    elapsed time = 00:00:00, memory = 736.02 (MB).
    Completing 80% with 2 violations.
    elapsed time = 00:00:00, memory = 736.02 (MB).
    Completing 90% with 2 violations.
    elapsed time = 00:00:00, memory = 736.02 (MB).
    Completing 100% with 0 violations.
    elapsed time = 00:00:00, memory = 736.02 (MB).
[INFO DRT-0199]   Number of violations = 0.
[INFO DRT-0267] cpu time = 00:00:00, elapsed time = 00:00:00, memory = 736.02 (MB), peak = 741.73 (MB)
Total wire length = 22247 um.
Total wire length on LAYER metal1 = 0 um.
Total wire length on LAYER metal2 = 6441 um.
Total wire length on LAYER metal3 = 7946 um.
Total wire length on LAYER metal4 = 4373 um.
Total wire length on LAYER metal5 = 2310 um.
Total wire length on LAYER metal6 = 1041 um.
Total wire length on LAYER metal7 = 134 um.
Total wire length on LAYER metal8 = 0 um.
Total wire length on LAYER metal9 = 0 um.
Total wire length on LAYER metal10 = 0 um.
Total number of vias = 18021.
Up-via summary (total 18021):.

----------------
 active        0
 metal1     8631
 metal2     6958
 metal3     1608
 metal4      609
 metal5      199
 metal6       16
 metal7        0
 metal8        0
 metal9        0
----------------
           18021


[INFO DRT-0198] Complete detail routing.
Total wire length = 22247 um.
Total wire length on LAYER metal1 = 0 um.
Total wire length on LAYER metal2 = 6441 um.
Total wire length on LAYER metal3 = 7946 um.
Total wire length on LAYER metal4 = 4373 um.
Total wire length on LAYER metal5 = 2310 um.
Total wire length on LAYER metal6 = 1041 um.
Total wire length on LAYER metal7 = 134 um.
Total wire length on LAYER metal8 = 0 um.
Total wire length on LAYER metal9 = 0 um.
Total wire length on LAYER metal10 = 0 um.
Total number of vias = 18021.
Up-via summary (total 18021):.

----------------
 active        0
 metal1     8631
 metal2     6958
 metal3     1608
 metal4      609
 metal5      199
 metal6       16
 metal7        0
 metal8        0
 metal9        0
----------------
           18021


[INFO DRT-0267] cpu time = 00:00:40, elapsed time = 00:00:26, memory = 736.02 (MB), peak = 741.73 (MB)

[INFO DRT-0180] Post processing.
Elapsed time: 0:34.89[h:]min:sec. CPU time: user 55.12 sys 0.31 (158%). Peak memory: 759536KB.
