OpenROAD b57893514040c5aa453ab5c104f35d1173a8add9 
This program is licensed under the BSD-3 license. See the LICENSE file for details.
Components of this program may be licensed under more restrictive licenses which must be honored.
[INFO] Deleted 0 routing obstructions
[INFO RCX-0431] Defined process_corner X with ext_model_index 0
[INFO RCX-0029] Defined extraction corner X
[INFO RCX-0008] extracting parasitics of halut_matmul ...
[INFO RCX-0435] Reading extraction model file /__w/halutmatmul/halutmatmul/hardware/flow/OpenROAD/flow/platforms/nangate45/rcx_patterns.rules ...
[INFO RCX-0436] RC segment generation halut_matmul (max_merge_res 50.0) ...
[INFO RCX-0040] Final 235961 rc segments
[INFO RCX-0439] Coupling Cap extraction halut_matmul ...
[INFO RCX-0440] Coupling threshhold is 0.1000 fF, coupling capacitance less than 0.1000 fF will be grounded.
[INFO RCX-0043] 457321 wires to be extracted
[INFO RCX-0442] 17% completion -- 79848 wires have been extracted
[INFO RCX-0442] 30% completion -- 137675 wires have been extracted
[INFO RCX-0442] 48% completion -- 222485 wires have been extracted
[INFO RCX-0442] 57% completion -- 260805 wires have been extracted
[INFO RCX-0442] 75% completion -- 347031 wires have been extracted
[INFO RCX-0442] 100% completion -- 457321 wires have been extracted
[INFO RCX-0045] Extract 67446 nets, 303106 rsegs, 303106 caps, 738480 ccs
[INFO RCX-0015] Finished extracting halut_matmul.
[INFO RCX-0016] Writing SPEF ...
[INFO RCX-0443] 67446 nets finished
[INFO RCX-0017] Finished writing SPEF ...
[WARNING STA-0179] ./results/nangate45/halut_matmul/base/6_final.spef line 286, syntax error.
[WARNING PSM-0016] Voltage pad location (VSRC) file not specified, defaulting pad location to checkerboard pattern on core area.
[WARNING PSM-0017] X direction bump pitch is not specified, defaulting to 140um.
[WARNING PSM-0018] Y direction bump pitch is not specified, defaulting to 140um.
[WARNING PSM-0065] VSRC location not specified, using default checkerboard pattern with one VDD every size bumps in x-direction and one in two bumps in the y-direction
[INFO PSM-0076] Setting metal node density to be standard cell height times 5.
[WARNING PSM-0030] VSRC location at (104.340um, 104.300um) and size 10.000um, is not located on an existing power stripe node. Moving to closest node at (88.090um, 104.800um).
[WARNING PSM-0030] VSRC location at (384.340um, 244.300um) and size 10.000um, is not located on an existing power stripe node. Moving to closest node at (368.090um, 224.800um).
[INFO PSM-0031] Number of PDN nodes on net VDD = 17255.
[INFO PSM-0064] Number of voltage sources = 2.
[INFO PSM-0040] All PDN stripes on net VDD are connected.
########## IR report #################
Worstcase voltage: 6.16e-01 V
Average IR drop  : 2.68e-01 V
Worstcase IR drop: 4.84e-01 V
######################################
[WARNING PSM-0016] Voltage pad location (VSRC) file not specified, defaulting pad location to checkerboard pattern on core area.
[WARNING PSM-0017] X direction bump pitch is not specified, defaulting to 140um.
[WARNING PSM-0018] Y direction bump pitch is not specified, defaulting to 140um.
[WARNING PSM-0065] VSRC location not specified, using default checkerboard pattern with one VDD every size bumps in x-direction and one in two bumps in the y-direction
[INFO PSM-0076] Setting metal node density to be standard cell height times 5.
[WARNING PSM-0030] VSRC location at (104.340um, 104.300um) and size 10.000um, is not located on an existing power stripe node. Moving to closest node at (116.090um, 84.800um).
[WARNING PSM-0030] VSRC location at (384.340um, 244.300um) and size 10.000um, is not located on an existing power stripe node. Moving to closest node at (396.090um, 244.800um).
[INFO PSM-0031] Number of PDN nodes on net VSS = 17275.
[INFO PSM-0064] Number of voltage sources = 2.
[INFO PSM-0040] All PDN stripes on net VSS are connected.
########## IR report #################
Worstcase voltage: 4.60e-01 V
Average IR drop  : 2.53e-01 V
Worstcase IR drop: 4.60e-01 V
######################################

==========================================================================
finish report_tns
--------------------------------------------------------------------------
tns 0.00

==========================================================================
finish report_wns
--------------------------------------------------------------------------
wns 0.00

==========================================================================
finish report_worst_slack
--------------------------------------------------------------------------
worst slack 0.00

==========================================================================
finish report_clock_skew
--------------------------------------------------------------------------
Clock clk_i
Latency      CRPR       Skew
encoder/gen_encoder_units[0].encoder_unit/threshold_memory/gen_sub_units_scm[3].sub_unit_i/_2428_/G ^
   0.46
encoder/gen_encoder_units[0].encoder_unit/_357_/CK ^
   0.09      0.00       0.37


==========================================================================
finish report_checks -path_delay min
--------------------------------------------------------------------------
Startpoint: rst_ni (input port clocked by clk_i)
Endpoint: gen_decoderX_units[0].decoder/gen_decoders[0].sub_unit_decoder/lut/_206_
          (removal check against rising-edge clock clk_i)
Path Group: **async_default**
Path Type: min

Fanout     Cap    Slew   Delay    Time   Description
-----------------------------------------------------------------------------
                          0.00    0.00   clock clk_i (rise edge)
                          0.00    0.00   clock network delay (propagated)
                          0.60    0.60 ^ input external delay
                  0.00    0.00    0.60 ^ rst_ni (in)
     1   27.01                           rst_ni (net)
                  0.00    0.00    0.60 ^ input260/A (BUF_X32)
                  0.02    0.03    0.63 ^ input260/Z (BUF_X32)
    48  169.69                           net260 (net)
                  0.02    0.00    0.63 ^ gen_decoderX_units[0].decoder/gen_decoders[0].sub_unit_decoder/lut/_206_/RN (DFFR_X2)
                                  0.63   data arrival time

                          0.00    0.00   clock clk_i (rise edge)
                          0.00    0.00   clock source latency
                  0.00    0.00    0.00 ^ clk_i (in)
     1   27.01                           clk_i (net)
                  0.00    0.00    0.00 ^ clkbuf_0_clk_i/A (BUF_X32)
                  0.01    0.02    0.02 ^ clkbuf_0_clk_i/Z (BUF_X32)
     2   54.11                           clknet_0_clk_i (net)
                  0.01    0.00    0.02 ^ clkbuf_1_0__f_clk_i/A (BUF_X32)
                  0.03    0.05    0.07 ^ clkbuf_1_0__f_clk_i/Z (BUF_X32)
    14  381.31                           clknet_1_0__leaf_clk_i (net)
                  0.03    0.00    0.07 ^ clkbuf_opt_2_0_clk_i/A (BUF_X32)
                  0.01    0.02    0.09 ^ clkbuf_opt_2_0_clk_i/Z (BUF_X32)
     1   27.01                           clknet_opt_2_0_clk_i (net)
                  0.01    0.00    0.09 ^ clkbuf_opt_2_1_clk_i/A (BUF_X32)
                  0.01    0.02    0.11 ^ clkbuf_opt_2_1_clk_i/Z (BUF_X32)
     1   27.01                           clknet_opt_2_1_clk_i (net)
                  0.01    0.00    0.11 ^ clkbuf_leaf_27_clk_i/A (BUF_X32)
                  0.00    0.02    0.13 ^ clkbuf_leaf_27_clk_i/Z (BUF_X32)
     5    8.89                           clknet_leaf_27_clk_i (net)
                  0.00    0.00    0.13 ^ gen_decoderX_units[0].decoder/gen_decoders[0].sub_unit_decoder/lut/_122_/A1 (NAND2_X1)
                  0.04    0.06    0.18 v gen_decoderX_units[0].decoder/gen_decoders[0].sub_unit_decoder/lut/_122_/ZN (NAND2_X1)
     1   23.88                           gen_decoderX_units[0].decoder/gen_decoders[0].sub_unit_decoder/lut/_023_ (net)
                  0.04    0.00    0.18 v clkbuf_0_gen_decoderX_units[0].decoder/gen_decoders[0].sub_unit_decoder/lut/_023_/A (BUF_X32)
                  0.01    0.04    0.22 v clkbuf_0_gen_decoderX_units[0].decoder/gen_decoders[0].sub_unit_decoder/lut/_023_/Z (BUF_X32)
     2   47.84                           clknet_0_gen_decoderX_units[0].decoder/gen_decoders[0].sub_unit_decoder/lut/_023_ (net)
                  0.01    0.00    0.22 v clkbuf_1_1__f_gen_decoderX_units[0].decoder/gen_decoders[0].sub_unit_decoder/lut/_023_/A (BUF_X32)
                  0.00    0.02    0.25 v clkbuf_1_1__f_gen_decoderX_units[0].decoder/gen_decoders[0].sub_unit_decoder/lut/_023_/Z (BUF_X32)
     8   16.42                           clknet_1_1__leaf_gen_decoderX_units[0].decoder/gen_decoders[0].sub_unit_decoder/lut/_023_ (net)
                  0.00    0.00    0.25 v gen_decoderX_units[0].decoder/gen_decoders[0].sub_unit_decoder/lut/_123__1104/A (INV_X1)
                  0.01    0.01    0.26 ^ gen_decoderX_units[0].decoder/gen_decoders[0].sub_unit_decoder/lut/_123__1104/ZN (INV_X1)
     1    1.28                           net2124 (net)
                  0.01    0.00    0.26 ^ gen_decoderX_units[0].decoder/gen_decoders[0].sub_unit_decoder/lut/_206_/CK (DFFR_X2)
                          0.00    0.26   clock reconvergence pessimism
                          0.18    0.44   library removal time
                                  0.44   data required time
-----------------------------------------------------------------------------
                                  0.44   data required time
                                 -0.63   data arrival time
-----------------------------------------------------------------------------
                                  0.19   slack (MET)


Startpoint: gen_decoderX_units[0].decoder/gen_decoders[0].sub_unit_decoder/lut/gen_sub_units_scm[12].sub_unit_i/_2411_
            (negative level-sensitive latch clocked by clk_i)
Endpoint: gen_decoderX_units[0].decoder/gen_decoders[0].sub_unit_decoder/lut/gen_sub_units_scm[12].sub_unit_i/_2366_
          (rising clock gating-check end-point clocked by clk_i)
Path Group: **clock_gating_default**
Path Type: min

Fanout     Cap    Slew   Delay    Time   Description
-----------------------------------------------------------------------------
                          3.00    3.00   clock clk_i (fall edge)
                          0.00    3.00   clock source latency
                  0.00    0.00    3.00 v clk_i (in)
     1   23.88                           clk_i (net)
                  0.00    0.00    3.00 v clkbuf_0_clk_i/A (BUF_X32)
                  0.01    0.02    3.02 v clkbuf_0_clk_i/Z (BUF_X32)
     2   47.84                           clknet_0_clk_i (net)
                  0.01    0.00    3.02 v clkbuf_1_0__f_clk_i/A (BUF_X32)
                  0.01    0.04    3.06 v clkbuf_1_0__f_clk_i/Z (BUF_X32)
    14  337.47                           clknet_1_0__leaf_clk_i (net)
                  0.01    0.00    3.06 v clkbuf_leaf_0_clk_i/A (BUF_X32)
                  0.00    0.03    3.08 v clkbuf_leaf_0_clk_i/Z (BUF_X32)
     5    7.85                           clknet_leaf_0_clk_i (net)
                  0.00    0.00    3.08 v gen_decoderX_units[0].decoder/gen_decoders[0].sub_unit_decoder/lut/gen_sub_units_scm[12].sub_unit_i/_2411_/GN (DLL_X1)
                  0.01    0.05    3.13 ^ gen_decoderX_units[0].decoder/gen_decoders[0].sub_unit_decoder/lut/gen_sub_units_scm[12].sub_unit_i/_2411_/Q (DLL_X1)
     1    1.97                           gen_decoderX_units[0].decoder/gen_decoders[0].sub_unit_decoder/lut/gen_sub_units_scm[12].sub_unit_i/cg_we_global.en_latch (net)
                  0.01    0.00    3.13 ^ gen_decoderX_units[0].decoder/gen_decoders[0].sub_unit_decoder/lut/gen_sub_units_scm[12].sub_unit_i/_2366_/A2 (NAND2_X1)
                                  3.13   data arrival time

                          3.00    3.00   clock clk_i (fall edge)
                          0.00    3.00   clock source latency
                  0.00    0.00    3.00 v clk_i (in)
     1   23.88                           clk_i (net)
                  0.00    0.00    3.00 v clkbuf_0_clk_i/A (BUF_X32)
                  0.01    0.02    3.02 v clkbuf_0_clk_i/Z (BUF_X32)
     2   47.84                           clknet_0_clk_i (net)
                  0.01    0.00    3.02 v clkbuf_1_0__f_clk_i/A (BUF_X32)
                  0.01    0.04    3.06 v clkbuf_1_0__f_clk_i/Z (BUF_X32)
    14  337.47                           clknet_1_0__leaf_clk_i (net)
                  0.01    0.00    3.06 v clkbuf_opt_2_0_clk_i/A (BUF_X32)
                  0.00    0.03    3.08 v clkbuf_opt_2_0_clk_i/Z (BUF_X32)
     1   23.88                           clknet_opt_2_0_clk_i (net)
                  0.00    0.00    3.08 v clkbuf_opt_2_1_clk_i/A (BUF_X32)
                  0.00    0.02    3.11 v clkbuf_opt_2_1_clk_i/Z (BUF_X32)
     1   23.88                           clknet_opt_2_1_clk_i (net)
                  0.00    0.00    3.11 v clkbuf_leaf_27_clk_i/A (BUF_X32)
                  0.00    0.02    3.13 v clkbuf_leaf_27_clk_i/Z (BUF_X32)
     5    8.49                           clknet_leaf_27_clk_i (net)
                  0.00    0.00    3.13 v gen_decoderX_units[0].decoder/gen_decoders[0].sub_unit_decoder/lut/gen_sub_units_scm[12].sub_unit_i/_2366_/A1 (NAND2_X1)
                          0.00    3.13   clock reconvergence pessimism
                          0.00    3.13   clock gating hold time
                                  3.13   data required time
-----------------------------------------------------------------------------
                                  3.13   data required time
                                 -3.13   data arrival time
-----------------------------------------------------------------------------
                                  0.01   slack (MET)


Startpoint: encoder/gen_encoder_units[0].encoder_unit/_354_
            (rising edge-triggered flip-flop clocked by clk_i)
Endpoint: encoder/gen_encoder_units[0].encoder_unit/_354_
          (rising edge-triggered flip-flop clocked by clk_i)
Path Group: clk_i
Path Type: min

Fanout     Cap    Slew   Delay    Time   Description
-----------------------------------------------------------------------------
                          0.00    0.00   clock clk_i (rise edge)
                          0.00    0.00   clock source latency
                  0.00    0.00    0.00 ^ clk_i (in)
     1   27.01                           clk_i (net)
                  0.00    0.00    0.00 ^ clkbuf_0_clk_i/A (BUF_X32)
                  0.01    0.02    0.02 ^ clkbuf_0_clk_i/Z (BUF_X32)
     2   54.11                           clknet_0_clk_i (net)
                  0.01    0.00    0.02 ^ clkbuf_1_0__f_clk_i/A (BUF_X32)
                  0.03    0.05    0.07 ^ clkbuf_1_0__f_clk_i/Z (BUF_X32)
    14  381.31                           clknet_1_0__leaf_clk_i (net)
                  0.03    0.00    0.07 ^ clkbuf_leaf_16_clk_i/A (BUF_X32)
                  0.01    0.02    0.09 ^ clkbuf_leaf_16_clk_i/Z (BUF_X32)
    18   28.42                           clknet_leaf_16_clk_i (net)
                  0.01    0.00    0.09 ^ encoder/gen_encoder_units[0].encoder_unit/_354_/CK (DFFS_X1)
                  0.01    0.07    0.16 ^ encoder/gen_encoder_units[0].encoder_unit/_354_/QN (DFFS_X1)
     1    1.97                           encoder/gen_encoder_units[0].encoder_unit/_001_ (net)
                  0.01    0.00    0.16 ^ encoder/gen_encoder_units[0].encoder_unit/_212_/A2 (NAND2_X1)
                  0.01    0.01    0.17 v encoder/gen_encoder_units[0].encoder_unit/_212_/ZN (NAND2_X1)
     1    1.83                           encoder/gen_encoder_units[0].encoder_unit/_027_ (net)
                  0.01    0.00    0.17 v encoder/gen_encoder_units[0].encoder_unit/_214_/A (OAI21_X1)
                  0.01    0.02    0.19 ^ encoder/gen_encoder_units[0].encoder_unit/_214_/ZN (OAI21_X1)
     1    1.47                           encoder/gen_encoder_units[0].encoder_unit/_003_ (net)
                  0.01    0.00    0.19 ^ encoder/gen_encoder_units[0].encoder_unit/_354_/D (DFFS_X1)
                                  0.19   data arrival time

                          0.00    0.00   clock clk_i (rise edge)
                          0.00    0.00   clock source latency
                  0.00    0.00    0.00 ^ clk_i (in)
     1   27.01                           clk_i (net)
                  0.00    0.00    0.00 ^ clkbuf_0_clk_i/A (BUF_X32)
                  0.01    0.02    0.02 ^ clkbuf_0_clk_i/Z (BUF_X32)
     2   54.11                           clknet_0_clk_i (net)
                  0.01    0.00    0.02 ^ clkbuf_1_0__f_clk_i/A (BUF_X32)
                  0.03    0.05    0.07 ^ clkbuf_1_0__f_clk_i/Z (BUF_X32)
    14  381.31                           clknet_1_0__leaf_clk_i (net)
                  0.03    0.00    0.07 ^ clkbuf_leaf_16_clk_i/A (BUF_X32)
                  0.01    0.02    0.09 ^ clkbuf_leaf_16_clk_i/Z (BUF_X32)
    18   28.42                           clknet_leaf_16_clk_i (net)
                  0.01    0.00    0.09 ^ encoder/gen_encoder_units[0].encoder_unit/_354_/CK (DFFS_X1)
                          0.00    0.09   clock reconvergence pessimism
                          0.01    0.10   library hold time
                                  0.10   data required time
-----------------------------------------------------------------------------
                                  0.10   data required time
                                 -0.19   data arrival time
-----------------------------------------------------------------------------
                                  0.09   slack (MET)



==========================================================================
finish report_checks -path_delay max
--------------------------------------------------------------------------
Startpoint: rst_ni (input port clocked by clk_i)
Endpoint: encoder/gen_encoder_units[1].encoder_unit/_392_
          (recovery check against rising-edge clock clk_i)
Path Group: **async_default**
Path Type: max

Fanout     Cap    Slew   Delay    Time   Description
-----------------------------------------------------------------------------
                          0.00    0.00   clock clk_i (rise edge)
                          0.00    0.00   clock network delay (propagated)
                          0.60    0.60 ^ input external delay
                  0.00    0.00    0.60 ^ rst_ni (in)
     1   27.01                           rst_ni (net)
                  0.00    0.00    0.60 ^ input260/A (BUF_X32)
                  0.02    0.03    0.63 ^ input260/Z (BUF_X32)
    48  169.69                           net260 (net)
                  0.02    0.00    0.63 ^ max_length852/A (BUF_X32)
                  0.02    0.04    0.66 ^ max_length852/Z (BUF_X32)
    62  199.16                           net852 (net)
                  0.02    0.00    0.67 ^ wire851/A (BUF_X32)
                  0.02    0.04    0.70 ^ wire851/Z (BUF_X32)
    61  201.48                           net851 (net)
                  0.02    0.00    0.70 ^ max_length850/A (BUF_X32)
                  0.02    0.04    0.74 ^ max_length850/Z (BUF_X32)
    63  192.33                           net850 (net)
                  0.02    0.00    0.74 ^ encoder/gen_encoder_units[1].encoder_unit/_392_/SN (DFFS_X2)
                                  0.74   data arrival time

                          6.00    6.00   clock clk_i (rise edge)
                          0.00    6.00   clock source latency
                  0.00    0.00    6.00 ^ clk_i (in)
     1   27.01                           clk_i (net)
                  0.00    0.00    6.00 ^ clkbuf_0_clk_i/A (BUF_X32)
                  0.01    0.02    6.02 ^ clkbuf_0_clk_i/Z (BUF_X32)
     2   54.11                           clknet_0_clk_i (net)
                  0.01    0.00    6.02 ^ clkbuf_1_0__f_clk_i/A (BUF_X32)
                  0.03    0.05    6.07 ^ clkbuf_1_0__f_clk_i/Z (BUF_X32)
    14  381.31                           clknet_1_0__leaf_clk_i (net)
                  0.03    0.00    6.07 ^ clkbuf_leaf_18_clk_i/A (BUF_X32)
                  0.01    0.03    6.09 ^ clkbuf_leaf_18_clk_i/Z (BUF_X32)
    20   32.19                           clknet_leaf_18_clk_i (net)
                  0.01    0.00    6.09 ^ encoder/gen_encoder_units[1].encoder_unit/_392_/CK (DFFS_X2)
                          0.00    6.09   clock reconvergence pessimism
                          0.04    6.13   library recovery time
                                  6.13   data required time
-----------------------------------------------------------------------------
                                  6.13   data required time
                                 -0.74   data arrival time
-----------------------------------------------------------------------------
                                  5.39   slack (MET)


Startpoint: encoder/gen_encoder_units[0].encoder_unit/threshold_memory/gen_sub_units_scm[3].sub_unit_i/_2405_
            (negative level-sensitive latch clocked by clk_i)
Endpoint: encoder/gen_encoder_units[0].encoder_unit/threshold_memory/gen_sub_units_scm[3].sub_unit_i/_2371_
          (rising clock gating-check end-point clocked by clk_i)
Path Group: **clock_gating_default**
Path Type: max

Fanout     Cap    Slew   Delay    Time   Description
-----------------------------------------------------------------------------
                          3.00    3.00   clock clk_i (fall edge)
                          0.00    3.00   clock source latency
                  0.00    0.00    3.00 v clk_i (in)
     1   23.88                           clk_i (net)
                  0.00    0.00    3.00 v clkbuf_0_clk_i/A (BUF_X32)
                  0.01    0.02    3.02 v clkbuf_0_clk_i/Z (BUF_X32)
     2   47.84                           clknet_0_clk_i (net)
                  0.01    0.00    3.02 v clkbuf_1_1__f_clk_i/A (BUF_X32)
                  0.01    0.04    3.06 v clkbuf_1_1__f_clk_i/Z (BUF_X32)
    14  337.47                           clknet_1_1__leaf_clk_i (net)
                  0.01    0.00    3.06 v clkbuf_opt_9_0_clk_i/A (BUF_X32)
                  0.00    0.03    3.08 v clkbuf_opt_9_0_clk_i/Z (BUF_X32)
     1   23.88                           clknet_opt_9_0_clk_i (net)
                  0.00    0.00    3.08 v clkbuf_opt_9_1_clk_i/A (BUF_X32)
                  0.00    0.02    3.11 v clkbuf_opt_9_1_clk_i/Z (BUF_X32)
     1   23.88                           clknet_opt_9_1_clk_i (net)
                  0.00    0.00    3.11 v clkbuf_leaf_13_clk_i/A (BUF_X32)
                  0.00    0.02    3.13 v clkbuf_leaf_13_clk_i/Z (BUF_X32)
     2    3.12                           clknet_leaf_13_clk_i (net)
                  0.00    0.00    3.13 v encoder/gen_encoder_units[0].encoder_unit/threshold_memory/gen_sub_units_scm[3].sub_unit_i/_2366_/A1 (NAND2_X1)
                  0.07    0.07    3.20 ^ encoder/gen_encoder_units[0].encoder_unit/threshold_memory/gen_sub_units_scm[3].sub_unit_i/_2366_/ZN (NAND2_X1)
     1   27.01                           encoder/gen_encoder_units[0].encoder_unit/threshold_memory/gen_sub_units_scm[3].sub_unit_i/_0830_ (net)
                  0.07    0.00    3.20 ^ clkbuf_0_encoder/gen_encoder_units[0].encoder_unit/threshold_memory/gen_sub_units_scm[3].sub_unit_i/_0830_/A (BUF_X32)
                  0.02    0.04    3.24 ^ clkbuf_0_encoder/gen_encoder_units[0].encoder_unit/threshold_memory/gen_sub_units_scm[3].sub_unit_i/_0830_/Z (BUF_X32)
     8  217.65                           clknet_0_encoder/gen_encoder_units[0].encoder_unit/threshold_memory/gen_sub_units_scm[3].sub_unit_i/_0830_ (net)
                  0.02    0.00    3.24 ^ clkbuf_3_0__f_encoder/gen_encoder_units[0].encoder_unit/threshold_memory/gen_sub_units_scm[3].sub_unit_i/_0830_/A (BUF_X32)
                  0.01    0.02    3.27 ^ clkbuf_3_0__f_encoder/gen_encoder_units[0].encoder_unit/threshold_memory/gen_sub_units_scm[3].sub_unit_i/_0830_/Z (BUF_X32)
    10   21.66                           clknet_3_0__leaf_encoder/gen_encoder_units[0].encoder_unit/threshold_memory/gen_sub_units_scm[3].sub_unit_i/_0830_ (net)
                  0.01    0.00    3.27 ^ encoder/gen_encoder_units[0].encoder_unit/threshold_memory/gen_sub_units_scm[3].sub_unit_i/_2367__240/A (INV_X1)
                  0.00    0.01    3.27 v encoder/gen_encoder_units[0].encoder_unit/threshold_memory/gen_sub_units_scm[3].sub_unit_i/_2367__240/ZN (INV_X1)
     1    1.20                           net1260 (net)
                  0.00    0.00    3.27 v encoder/gen_encoder_units[0].encoder_unit/threshold_memory/gen_sub_units_scm[3].sub_unit_i/_2405_/GN (DLL_X1)
                  0.01    0.07    3.34 v encoder/gen_encoder_units[0].encoder_unit/threshold_memory/gen_sub_units_scm[3].sub_unit_i/_2405_/Q (DLL_X1)
     1    1.20                           encoder/gen_encoder_units[0].encoder_unit/threshold_memory/gen_sub_units_scm[3].sub_unit_i/gen_cg_word_iter[5].cg_i.en_latch (net)
                  0.01    0.00    3.34 v encoder/gen_encoder_units[0].encoder_unit/threshold_memory/gen_sub_units_scm[3].sub_unit_i/_2371_/A2 (AND2_X1)
                                  3.34   data arrival time

                          6.00    6.00   clock clk_i (rise edge)
                          0.00    6.00   clock source latency
                  0.00    0.00    6.00 ^ clk_i (in)
     1   27.01                           clk_i (net)
                  0.00    0.00    6.00 ^ clkbuf_0_clk_i/A (BUF_X32)
                  0.01    0.02    6.02 ^ clkbuf_0_clk_i/Z (BUF_X32)
     2   54.11                           clknet_0_clk_i (net)
                  0.01    0.00    6.02 ^ clkbuf_1_1__f_clk_i/A (BUF_X32)
                  0.03    0.05    6.07 ^ clkbuf_1_1__f_clk_i/Z (BUF_X32)
    14  381.31                           clknet_1_1__leaf_clk_i (net)
                  0.03    0.00    6.07 ^ clkbuf_opt_9_0_clk_i/A (BUF_X32)
                  0.01    0.02    6.09 ^ clkbuf_opt_9_0_clk_i/Z (BUF_X32)
     1   27.01                           clknet_opt_9_0_clk_i (net)
                  0.01    0.00    6.09 ^ clkbuf_opt_9_1_clk_i/A (BUF_X32)
                  0.01    0.02    6.11 ^ clkbuf_opt_9_1_clk_i/Z (BUF_X32)
     1   27.01                           clknet_opt_9_1_clk_i (net)
                  0.01    0.00    6.11 ^ clkbuf_leaf_13_clk_i/A (BUF_X32)
                  0.00    0.02    6.13 ^ clkbuf_leaf_13_clk_i/Z (BUF_X32)
     2    3.29                           clknet_leaf_13_clk_i (net)
                  0.00    0.00    6.13 ^ encoder/gen_encoder_units[0].encoder_unit/threshold_memory/gen_sub_units_scm[3].sub_unit_i/_2366_/A1 (NAND2_X1)
                  0.04    0.06    6.18 v encoder/gen_encoder_units[0].encoder_unit/threshold_memory/gen_sub_units_scm[3].sub_unit_i/_2366_/ZN (NAND2_X1)
     1   23.88                           encoder/gen_encoder_units[0].encoder_unit/threshold_memory/gen_sub_units_scm[3].sub_unit_i/_0830_ (net)
                  0.04    0.00    6.18 v clkbuf_0_encoder/gen_encoder_units[0].encoder_unit/threshold_memory/gen_sub_units_scm[3].sub_unit_i/_0830_/A (BUF_X32)
                  0.01    0.05    6.23 v clkbuf_0_encoder/gen_encoder_units[0].encoder_unit/threshold_memory/gen_sub_units_scm[3].sub_unit_i/_0830_/Z (BUF_X32)
     8  192.60                           clknet_0_encoder/gen_encoder_units[0].encoder_unit/threshold_memory/gen_sub_units_scm[3].sub_unit_i/_0830_ (net)
                  0.01    0.00    6.23 v clkbuf_3_1__f_encoder/gen_encoder_units[0].encoder_unit/threshold_memory/gen_sub_units_scm[3].sub_unit_i/_0830_/A (BUF_X32)
                  0.00    0.02    6.26 v clkbuf_3_1__f_encoder/gen_encoder_units[0].encoder_unit/threshold_memory/gen_sub_units_scm[3].sub_unit_i/_0830_/Z (BUF_X32)
     5    9.86                           clknet_3_1__leaf_encoder/gen_encoder_units[0].encoder_unit/threshold_memory/gen_sub_units_scm[3].sub_unit_i/_0830_ (net)
                  0.00    0.00    6.26 v encoder/gen_encoder_units[0].encoder_unit/threshold_memory/gen_sub_units_scm[3].sub_unit_i/_2367__231/A (INV_X1)
                  0.01    0.01    6.26 ^ encoder/gen_encoder_units[0].encoder_unit/threshold_memory/gen_sub_units_scm[3].sub_unit_i/_2367__231/ZN (INV_X1)
     1    1.23                           net1251 (net)
                  0.01    0.00    6.27 ^ encoder/gen_encoder_units[0].encoder_unit/threshold_memory/gen_sub_units_scm[3].sub_unit_i/_2371_/A1 (AND2_X1)
                          0.00    6.27   clock reconvergence pessimism
                          0.00    6.27   clock gating setup time
                                  6.27   data required time
-----------------------------------------------------------------------------
                                  6.27   data required time
                                 -3.34   data arrival time
-----------------------------------------------------------------------------
                                  2.92   slack (MET)


Startpoint: gen_decoderX_units[0].decoder/gen_decoders[0].sub_unit_decoder/lut/_208_
            (rising edge-triggered flip-flop clocked by clk_i)
Endpoint: gen_decoderX_units[0].decoder/gen_decoders[0].sub_unit_decoder/lut/gen_sub_units_scm[6].sub_unit_i/_2558_
          (positive level-sensitive latch clocked by clk_i)
Path Group: clk_i
Path Type: max

Fanout     Cap    Slew   Delay    Time   Description
-----------------------------------------------------------------------------
                          0.00    0.00   clock clk_i (rise edge)
                          0.00    0.00   clock source latency
                  0.00    0.00    0.00 ^ clk_i (in)
     1   27.01                           clk_i (net)
                  0.00    0.00    0.00 ^ clkbuf_0_clk_i/A (BUF_X32)
                  0.01    0.02    0.02 ^ clkbuf_0_clk_i/Z (BUF_X32)
     2   54.11                           clknet_0_clk_i (net)
                  0.01    0.00    0.02 ^ clkbuf_1_0__f_clk_i/A (BUF_X32)
                  0.03    0.05    0.07 ^ clkbuf_1_0__f_clk_i/Z (BUF_X32)
    14  381.31                           clknet_1_0__leaf_clk_i (net)
                  0.03    0.00    0.07 ^ clkbuf_opt_2_0_clk_i/A (BUF_X32)
                  0.01    0.02    0.09 ^ clkbuf_opt_2_0_clk_i/Z (BUF_X32)
     1   27.01                           clknet_opt_2_0_clk_i (net)
                  0.01    0.00    0.09 ^ clkbuf_opt_2_1_clk_i/A (BUF_X32)
                  0.01    0.02    0.11 ^ clkbuf_opt_2_1_clk_i/Z (BUF_X32)
     1   27.01                           clknet_opt_2_1_clk_i (net)
                  0.01    0.00    0.11 ^ clkbuf_leaf_27_clk_i/A (BUF_X32)
                  0.00    0.02    0.13 ^ clkbuf_leaf_27_clk_i/Z (BUF_X32)
     5    8.89                           clknet_leaf_27_clk_i (net)
                  0.00    0.00    0.13 ^ gen_decoderX_units[0].decoder/gen_decoders[0].sub_unit_decoder/lut/_122_/A1 (NAND2_X1)
                  0.04    0.06    0.18 v gen_decoderX_units[0].decoder/gen_decoders[0].sub_unit_decoder/lut/_122_/ZN (NAND2_X1)
     1   23.88                           gen_decoderX_units[0].decoder/gen_decoders[0].sub_unit_decoder/lut/_023_ (net)
                  0.04    0.00    0.18 v clkbuf_0_gen_decoderX_units[0].decoder/gen_decoders[0].sub_unit_decoder/lut/_023_/A (BUF_X32)
                  0.01    0.04    0.22 v clkbuf_0_gen_decoderX_units[0].decoder/gen_decoders[0].sub_unit_decoder/lut/_023_/Z (BUF_X32)
     2   47.84                           clknet_0_gen_decoderX_units[0].decoder/gen_decoders[0].sub_unit_decoder/lut/_023_ (net)
                  0.01    0.00    0.22 v clkbuf_1_0__f_gen_decoderX_units[0].decoder/gen_decoders[0].sub_unit_decoder/lut/_023_/A (BUF_X32)
                  0.00    0.02    0.25 v clkbuf_1_0__f_gen_decoderX_units[0].decoder/gen_decoders[0].sub_unit_decoder/lut/_023_/Z (BUF_X32)
     8   16.42                           clknet_1_0__leaf_gen_decoderX_units[0].decoder/gen_decoders[0].sub_unit_decoder/lut/_023_ (net)
                  0.00    0.00    0.25 v gen_decoderX_units[0].decoder/gen_decoders[0].sub_unit_decoder/lut/_123__1102/A (INV_X1)
                  0.01    0.01    0.26 ^ gen_decoderX_units[0].decoder/gen_decoders[0].sub_unit_decoder/lut/_123__1102/ZN (INV_X1)
     1    1.28                           net2122 (net)
                  0.01    0.00    0.26 ^ gen_decoderX_units[0].decoder/gen_decoders[0].sub_unit_decoder/lut/_208_/CK (DFFR_X2)
                  0.13    0.25    0.51 ^ gen_decoderX_units[0].decoder/gen_decoders[0].sub_unit_decoder/lut/_208_/Q (DFFR_X2)
    52  112.48                           gen_decoderX_units[0].decoder/gen_decoders[0].sub_unit_decoder/lut/wdata_a_q[2] (net)
                  0.13    0.00    0.51 ^ max_cap581/A (BUF_X16)
                  0.03    0.05    0.56 ^ max_cap581/Z (BUF_X16)
    59  150.09                           net581 (net)
                  0.03    0.00    0.56 ^ max_cap578/A (BUF_X16)
                  0.02    0.04    0.61 ^ max_cap578/Z (BUF_X16)
    66  125.41                           net578 (net)
                  0.02    0.00    0.61 ^ max_cap577/A (BUF_X16)
                  0.01    0.03    0.64 ^ max_cap577/Z (BUF_X16)
    43   83.98                           net577 (net)
                  0.01    0.00    0.64 ^ max_length576/A (BUF_X16)
                  0.02    0.03    0.67 ^ max_length576/Z (BUF_X16)
    52   88.70                           net576 (net)
                  0.02    0.00    0.67 ^ gen_decoderX_units[0].decoder/gen_decoders[0].sub_unit_decoder/lut/gen_sub_units_scm[6].sub_unit_i/_2558_/D (DLH_X1)
                                  0.67   data arrival time

                          0.00    0.00   clock clk_i (rise edge)
                          0.00    0.00   clock source latency
                  0.00    0.00    0.00 ^ clk_i (in)
     1   27.01                           clk_i (net)
                  0.00    0.00    0.00 ^ clkbuf_0_clk_i/A (BUF_X32)
                  0.01    0.02    0.02 ^ clkbuf_0_clk_i/Z (BUF_X32)
     2   54.11                           clknet_0_clk_i (net)
                  0.01    0.00    0.02 ^ clkbuf_1_0__f_clk_i/A (BUF_X32)
                  0.03    0.05    0.07 ^ clkbuf_1_0__f_clk_i/Z (BUF_X32)
    14  381.31                           clknet_1_0__leaf_clk_i (net)
                  0.03    0.00    0.07 ^ clkbuf_leaf_17_clk_i/A (BUF_X32)
                  0.00    0.02    0.09 ^ clkbuf_leaf_17_clk_i/Z (BUF_X32)
     2    3.29                           clknet_leaf_17_clk_i (net)
                  0.00    0.00    0.09 ^ gen_decoderX_units[0].decoder/gen_decoders[0].sub_unit_decoder/lut/gen_sub_units_scm[6].sub_unit_i/_2366_/A1 (NAND2_X1)
                  0.04    0.06    0.15 v gen_decoderX_units[0].decoder/gen_decoders[0].sub_unit_decoder/lut/gen_sub_units_scm[6].sub_unit_i/_2366_/ZN (NAND2_X1)
     1   23.88                           gen_decoderX_units[0].decoder/gen_decoders[0].sub_unit_decoder/lut/gen_sub_units_scm[6].sub_unit_i/_0830_ (net)
                  0.04    0.00    0.15 v clkbuf_0_gen_decoderX_units[0].decoder/gen_decoders[0].sub_unit_decoder/lut/gen_sub_units_scm[6].sub_unit_i/_0830_/A (BUF_X32)
                  0.01    0.05    0.20 v clkbuf_0_gen_decoderX_units[0].decoder/gen_decoders[0].sub_unit_decoder/lut/gen_sub_units_scm[6].sub_unit_i/_0830_/Z (BUF_X32)
     8  192.60                           clknet_0_gen_decoderX_units[0].decoder/gen_decoders[0].sub_unit_decoder/lut/gen_sub_units_scm[6].sub_unit_i/_0830_ (net)
                  0.01    0.00    0.20 v clkbuf_3_7__f_gen_decoderX_units[0].decoder/gen_decoders[0].sub_unit_decoder/lut/gen_sub_units_scm[6].sub_unit_i/_0830_/A (BUF_X32)
                  0.00    0.02    0.22 v clkbuf_3_7__f_gen_decoderX_units[0].decoder/gen_decoders[0].sub_unit_decoder/lut/gen_sub_units_scm[6].sub_unit_i/_0830_/Z (BUF_X32)
     6   11.93                           clknet_3_7__leaf_gen_decoderX_units[0].decoder/gen_decoders[0].sub_unit_decoder/lut/gen_sub_units_scm[6].sub_unit_i/_0830_ (net)
                  0.00    0.00    0.22 v gen_decoderX_units[0].decoder/gen_decoders[0].sub_unit_decoder/lut/gen_sub_units_scm[6].sub_unit_i/_2367__1876/A (INV_X1)
                  0.01    0.01    0.23 ^ gen_decoderX_units[0].decoder/gen_decoders[0].sub_unit_decoder/lut/gen_sub_units_scm[6].sub_unit_i/_2367__1876/ZN (INV_X1)
     1    1.23                           net2896 (net)
                  0.01    0.00    0.23 ^ gen_decoderX_units[0].decoder/gen_decoders[0].sub_unit_decoder/lut/gen_sub_units_scm[6].sub_unit_i/_2393_/A1 (AND2_X1)
                  0.06    0.09    0.32 ^ gen_decoderX_units[0].decoder/gen_decoders[0].sub_unit_decoder/lut/gen_sub_units_scm[6].sub_unit_i/_2393_/ZN (AND2_X1)
     1   27.01                           gen_decoderX_units[0].decoder/gen_decoders[0].sub_unit_decoder/lut/gen_sub_units_scm[6].sub_unit_i/gen_cg_word_iter[22].cg_i.clk_o (net)
                  0.06    0.00    0.32 ^ clkbuf_0_gen_decoderX_units[0].decoder/gen_decoders[0].sub_unit_decoder/lut/gen_sub_units_scm[6].sub_unit_i/gen_cg_word_iter[22].cg_i.clk_o/A (BUF_X32)
                  0.01    0.03    0.35 ^ clkbuf_0_gen_decoderX_units[0].decoder/gen_decoders[0].sub_unit_decoder/lut/gen_sub_units_scm[6].sub_unit_i/gen_cg_word_iter[22].cg_i.clk_o/Z (BUF_X32)
     2   54.11                           clknet_0_gen_decoderX_units[0].decoder/gen_decoders[0].sub_unit_decoder/lut/gen_sub_units_scm[6].sub_unit_i/gen_cg_word_iter[22].cg_i.clk_o (net)
                  0.01    0.00    0.35 ^ clkbuf_1_1__f_gen_decoderX_units[0].decoder/gen_decoders[0].sub_unit_decoder/lut/gen_sub_units_scm[6].sub_unit_i/gen_cg_word_iter[22].cg_i.clk_o/A (BUF_X32)
                  0.00    0.02    0.37 ^ clkbuf_1_1__f_gen_decoderX_units[0].decoder/gen_decoders[0].sub_unit_decoder/lut/gen_sub_units_scm[6].sub_unit_i/gen_cg_word_iter[22].cg_i.clk_o/Z (BUF_X32)
     7   10.20                           clknet_1_1__leaf_gen_decoderX_units[0].decoder/gen_decoders[0].sub_unit_decoder/lut/gen_sub_units_scm[6].sub_unit_i/gen_cg_word_iter[22].cg_i.clk_o (net)
                  0.00    0.00    0.37 ^ gen_decoderX_units[0].decoder/gen_decoders[0].sub_unit_decoder/lut/gen_sub_units_scm[6].sub_unit_i/_2558_/G (DLH_X1)
                          0.00    0.37   clock reconvergence pessimism
                          0.31    0.67   time borrowed from endpoint
                                  0.67   data required time
-----------------------------------------------------------------------------
                                  0.67   data required time
                                 -0.67   data arrival time
-----------------------------------------------------------------------------
                                  0.00   slack (MET)

Time Borrowing Information
--------------------------------------------
clk_i nominal pulse width               3.00
clock latency difference               -0.03
library setup time                     -0.02
--------------------------------------------
max time borrow                         2.95
actual time borrow                      0.31
--------------------------------------------



==========================================================================
finish report_checks -unconstrained
--------------------------------------------------------------------------
Startpoint: rst_ni (input port clocked by clk_i)
Endpoint: encoder/gen_encoder_units[1].encoder_unit/_392_
          (recovery check against rising-edge clock clk_i)
Path Group: **async_default**
Path Type: max

Fanout     Cap    Slew   Delay    Time   Description
-----------------------------------------------------------------------------
                          0.00    0.00   clock clk_i (rise edge)
                          0.00    0.00   clock network delay (propagated)
                          0.60    0.60 ^ input external delay
                  0.00    0.00    0.60 ^ rst_ni (in)
     1   27.01                           rst_ni (net)
                  0.00    0.00    0.60 ^ input260/A (BUF_X32)
                  0.02    0.03    0.63 ^ input260/Z (BUF_X32)
    48  169.69                           net260 (net)
                  0.02    0.00    0.63 ^ max_length852/A (BUF_X32)
                  0.02    0.04    0.66 ^ max_length852/Z (BUF_X32)
    62  199.16                           net852 (net)
                  0.02    0.00    0.67 ^ wire851/A (BUF_X32)
                  0.02    0.04    0.70 ^ wire851/Z (BUF_X32)
    61  201.48                           net851 (net)
                  0.02    0.00    0.70 ^ max_length850/A (BUF_X32)
                  0.02    0.04    0.74 ^ max_length850/Z (BUF_X32)
    63  192.33                           net850 (net)
                  0.02    0.00    0.74 ^ encoder/gen_encoder_units[1].encoder_unit/_392_/SN (DFFS_X2)
                                  0.74   data arrival time

                          6.00    6.00   clock clk_i (rise edge)
                          0.00    6.00   clock source latency
                  0.00    0.00    6.00 ^ clk_i (in)
     1   27.01                           clk_i (net)
                  0.00    0.00    6.00 ^ clkbuf_0_clk_i/A (BUF_X32)
                  0.01    0.02    6.02 ^ clkbuf_0_clk_i/Z (BUF_X32)
     2   54.11                           clknet_0_clk_i (net)
                  0.01    0.00    6.02 ^ clkbuf_1_0__f_clk_i/A (BUF_X32)
                  0.03    0.05    6.07 ^ clkbuf_1_0__f_clk_i/Z (BUF_X32)
    14  381.31                           clknet_1_0__leaf_clk_i (net)
                  0.03    0.00    6.07 ^ clkbuf_leaf_18_clk_i/A (BUF_X32)
                  0.01    0.03    6.09 ^ clkbuf_leaf_18_clk_i/Z (BUF_X32)
    20   32.19                           clknet_leaf_18_clk_i (net)
                  0.01    0.00    6.09 ^ encoder/gen_encoder_units[1].encoder_unit/_392_/CK (DFFS_X2)
                          0.00    6.09   clock reconvergence pessimism
                          0.04    6.13   library recovery time
                                  6.13   data required time
-----------------------------------------------------------------------------
                                  6.13   data required time
                                 -0.74   data arrival time
-----------------------------------------------------------------------------
                                  5.39   slack (MET)


Startpoint: encoder/gen_encoder_units[0].encoder_unit/threshold_memory/gen_sub_units_scm[3].sub_unit_i/_2405_
            (negative level-sensitive latch clocked by clk_i)
Endpoint: encoder/gen_encoder_units[0].encoder_unit/threshold_memory/gen_sub_units_scm[3].sub_unit_i/_2371_
          (rising clock gating-check end-point clocked by clk_i)
Path Group: **clock_gating_default**
Path Type: max

Fanout     Cap    Slew   Delay    Time   Description
-----------------------------------------------------------------------------
                          3.00    3.00   clock clk_i (fall edge)
                          0.00    3.00   clock source latency
                  0.00    0.00    3.00 v clk_i (in)
     1   23.88                           clk_i (net)
                  0.00    0.00    3.00 v clkbuf_0_clk_i/A (BUF_X32)
                  0.01    0.02    3.02 v clkbuf_0_clk_i/Z (BUF_X32)
     2   47.84                           clknet_0_clk_i (net)
                  0.01    0.00    3.02 v clkbuf_1_1__f_clk_i/A (BUF_X32)
                  0.01    0.04    3.06 v clkbuf_1_1__f_clk_i/Z (BUF_X32)
    14  337.47                           clknet_1_1__leaf_clk_i (net)
                  0.01    0.00    3.06 v clkbuf_opt_9_0_clk_i/A (BUF_X32)
                  0.00    0.03    3.08 v clkbuf_opt_9_0_clk_i/Z (BUF_X32)
     1   23.88                           clknet_opt_9_0_clk_i (net)
                  0.00    0.00    3.08 v clkbuf_opt_9_1_clk_i/A (BUF_X32)
                  0.00    0.02    3.11 v clkbuf_opt_9_1_clk_i/Z (BUF_X32)
     1   23.88                           clknet_opt_9_1_clk_i (net)
                  0.00    0.00    3.11 v clkbuf_leaf_13_clk_i/A (BUF_X32)
                  0.00    0.02    3.13 v clkbuf_leaf_13_clk_i/Z (BUF_X32)
     2    3.12                           clknet_leaf_13_clk_i (net)
                  0.00    0.00    3.13 v encoder/gen_encoder_units[0].encoder_unit/threshold_memory/gen_sub_units_scm[3].sub_unit_i/_2366_/A1 (NAND2_X1)
                  0.07    0.07    3.20 ^ encoder/gen_encoder_units[0].encoder_unit/threshold_memory/gen_sub_units_scm[3].sub_unit_i/_2366_/ZN (NAND2_X1)
     1   27.01                           encoder/gen_encoder_units[0].encoder_unit/threshold_memory/gen_sub_units_scm[3].sub_unit_i/_0830_ (net)
                  0.07    0.00    3.20 ^ clkbuf_0_encoder/gen_encoder_units[0].encoder_unit/threshold_memory/gen_sub_units_scm[3].sub_unit_i/_0830_/A (BUF_X32)
                  0.02    0.04    3.24 ^ clkbuf_0_encoder/gen_encoder_units[0].encoder_unit/threshold_memory/gen_sub_units_scm[3].sub_unit_i/_0830_/Z (BUF_X32)
     8  217.65                           clknet_0_encoder/gen_encoder_units[0].encoder_unit/threshold_memory/gen_sub_units_scm[3].sub_unit_i/_0830_ (net)
                  0.02    0.00    3.24 ^ clkbuf_3_0__f_encoder/gen_encoder_units[0].encoder_unit/threshold_memory/gen_sub_units_scm[3].sub_unit_i/_0830_/A (BUF_X32)
                  0.01    0.02    3.27 ^ clkbuf_3_0__f_encoder/gen_encoder_units[0].encoder_unit/threshold_memory/gen_sub_units_scm[3].sub_unit_i/_0830_/Z (BUF_X32)
    10   21.66                           clknet_3_0__leaf_encoder/gen_encoder_units[0].encoder_unit/threshold_memory/gen_sub_units_scm[3].sub_unit_i/_0830_ (net)
                  0.01    0.00    3.27 ^ encoder/gen_encoder_units[0].encoder_unit/threshold_memory/gen_sub_units_scm[3].sub_unit_i/_2367__240/A (INV_X1)
                  0.00    0.01    3.27 v encoder/gen_encoder_units[0].encoder_unit/threshold_memory/gen_sub_units_scm[3].sub_unit_i/_2367__240/ZN (INV_X1)
     1    1.20                           net1260 (net)
                  0.00    0.00    3.27 v encoder/gen_encoder_units[0].encoder_unit/threshold_memory/gen_sub_units_scm[3].sub_unit_i/_2405_/GN (DLL_X1)
                  0.01    0.07    3.34 v encoder/gen_encoder_units[0].encoder_unit/threshold_memory/gen_sub_units_scm[3].sub_unit_i/_2405_/Q (DLL_X1)
     1    1.20                           encoder/gen_encoder_units[0].encoder_unit/threshold_memory/gen_sub_units_scm[3].sub_unit_i/gen_cg_word_iter[5].cg_i.en_latch (net)
                  0.01    0.00    3.34 v encoder/gen_encoder_units[0].encoder_unit/threshold_memory/gen_sub_units_scm[3].sub_unit_i/_2371_/A2 (AND2_X1)
                                  3.34   data arrival time

                          6.00    6.00   clock clk_i (rise edge)
                          0.00    6.00   clock source latency
                  0.00    0.00    6.00 ^ clk_i (in)
     1   27.01                           clk_i (net)
                  0.00    0.00    6.00 ^ clkbuf_0_clk_i/A (BUF_X32)
                  0.01    0.02    6.02 ^ clkbuf_0_clk_i/Z (BUF_X32)
     2   54.11                           clknet_0_clk_i (net)
                  0.01    0.00    6.02 ^ clkbuf_1_1__f_clk_i/A (BUF_X32)
                  0.03    0.05    6.07 ^ clkbuf_1_1__f_clk_i/Z (BUF_X32)
    14  381.31                           clknet_1_1__leaf_clk_i (net)
                  0.03    0.00    6.07 ^ clkbuf_opt_9_0_clk_i/A (BUF_X32)
                  0.01    0.02    6.09 ^ clkbuf_opt_9_0_clk_i/Z (BUF_X32)
     1   27.01                           clknet_opt_9_0_clk_i (net)
                  0.01    0.00    6.09 ^ clkbuf_opt_9_1_clk_i/A (BUF_X32)
                  0.01    0.02    6.11 ^ clkbuf_opt_9_1_clk_i/Z (BUF_X32)
     1   27.01                           clknet_opt_9_1_clk_i (net)
                  0.01    0.00    6.11 ^ clkbuf_leaf_13_clk_i/A (BUF_X32)
                  0.00    0.02    6.13 ^ clkbuf_leaf_13_clk_i/Z (BUF_X32)
     2    3.29                           clknet_leaf_13_clk_i (net)
                  0.00    0.00    6.13 ^ encoder/gen_encoder_units[0].encoder_unit/threshold_memory/gen_sub_units_scm[3].sub_unit_i/_2366_/A1 (NAND2_X1)
                  0.04    0.06    6.18 v encoder/gen_encoder_units[0].encoder_unit/threshold_memory/gen_sub_units_scm[3].sub_unit_i/_2366_/ZN (NAND2_X1)
     1   23.88                           encoder/gen_encoder_units[0].encoder_unit/threshold_memory/gen_sub_units_scm[3].sub_unit_i/_0830_ (net)
                  0.04    0.00    6.18 v clkbuf_0_encoder/gen_encoder_units[0].encoder_unit/threshold_memory/gen_sub_units_scm[3].sub_unit_i/_0830_/A (BUF_X32)
                  0.01    0.05    6.23 v clkbuf_0_encoder/gen_encoder_units[0].encoder_unit/threshold_memory/gen_sub_units_scm[3].sub_unit_i/_0830_/Z (BUF_X32)
     8  192.60                           clknet_0_encoder/gen_encoder_units[0].encoder_unit/threshold_memory/gen_sub_units_scm[3].sub_unit_i/_0830_ (net)
                  0.01    0.00    6.23 v clkbuf_3_1__f_encoder/gen_encoder_units[0].encoder_unit/threshold_memory/gen_sub_units_scm[3].sub_unit_i/_0830_/A (BUF_X32)
                  0.00    0.02    6.26 v clkbuf_3_1__f_encoder/gen_encoder_units[0].encoder_unit/threshold_memory/gen_sub_units_scm[3].sub_unit_i/_0830_/Z (BUF_X32)
     5    9.86                           clknet_3_1__leaf_encoder/gen_encoder_units[0].encoder_unit/threshold_memory/gen_sub_units_scm[3].sub_unit_i/_0830_ (net)
                  0.00    0.00    6.26 v encoder/gen_encoder_units[0].encoder_unit/threshold_memory/gen_sub_units_scm[3].sub_unit_i/_2367__231/A (INV_X1)
                  0.01    0.01    6.26 ^ encoder/gen_encoder_units[0].encoder_unit/threshold_memory/gen_sub_units_scm[3].sub_unit_i/_2367__231/ZN (INV_X1)
     1    1.23                           net1251 (net)
                  0.01    0.00    6.27 ^ encoder/gen_encoder_units[0].encoder_unit/threshold_memory/gen_sub_units_scm[3].sub_unit_i/_2371_/A1 (AND2_X1)
                          0.00    6.27   clock reconvergence pessimism
                          0.00    6.27   clock gating setup time
                                  6.27   data required time
-----------------------------------------------------------------------------
                                  6.27   data required time
                                 -3.34   data arrival time
-----------------------------------------------------------------------------
                                  2.92   slack (MET)


Startpoint: gen_decoderX_units[0].decoder/gen_decoders[0].sub_unit_decoder/lut/_208_
            (rising edge-triggered flip-flop clocked by clk_i)
Endpoint: gen_decoderX_units[0].decoder/gen_decoders[0].sub_unit_decoder/lut/gen_sub_units_scm[6].sub_unit_i/_2558_
          (positive level-sensitive latch clocked by clk_i)
Path Group: clk_i
Path Type: max

Fanout     Cap    Slew   Delay    Time   Description
-----------------------------------------------------------------------------
                          0.00    0.00   clock clk_i (rise edge)
                          0.00    0.00   clock source latency
                  0.00    0.00    0.00 ^ clk_i (in)
     1   27.01                           clk_i (net)
                  0.00    0.00    0.00 ^ clkbuf_0_clk_i/A (BUF_X32)
                  0.01    0.02    0.02 ^ clkbuf_0_clk_i/Z (BUF_X32)
     2   54.11                           clknet_0_clk_i (net)
                  0.01    0.00    0.02 ^ clkbuf_1_0__f_clk_i/A (BUF_X32)
                  0.03    0.05    0.07 ^ clkbuf_1_0__f_clk_i/Z (BUF_X32)
    14  381.31                           clknet_1_0__leaf_clk_i (net)
                  0.03    0.00    0.07 ^ clkbuf_opt_2_0_clk_i/A (BUF_X32)
                  0.01    0.02    0.09 ^ clkbuf_opt_2_0_clk_i/Z (BUF_X32)
     1   27.01                           clknet_opt_2_0_clk_i (net)
                  0.01    0.00    0.09 ^ clkbuf_opt_2_1_clk_i/A (BUF_X32)
                  0.01    0.02    0.11 ^ clkbuf_opt_2_1_clk_i/Z (BUF_X32)
     1   27.01                           clknet_opt_2_1_clk_i (net)
                  0.01    0.00    0.11 ^ clkbuf_leaf_27_clk_i/A (BUF_X32)
                  0.00    0.02    0.13 ^ clkbuf_leaf_27_clk_i/Z (BUF_X32)
     5    8.89                           clknet_leaf_27_clk_i (net)
                  0.00    0.00    0.13 ^ gen_decoderX_units[0].decoder/gen_decoders[0].sub_unit_decoder/lut/_122_/A1 (NAND2_X1)
                  0.04    0.06    0.18 v gen_decoderX_units[0].decoder/gen_decoders[0].sub_unit_decoder/lut/_122_/ZN (NAND2_X1)
     1   23.88                           gen_decoderX_units[0].decoder/gen_decoders[0].sub_unit_decoder/lut/_023_ (net)
                  0.04    0.00    0.18 v clkbuf_0_gen_decoderX_units[0].decoder/gen_decoders[0].sub_unit_decoder/lut/_023_/A (BUF_X32)
                  0.01    0.04    0.22 v clkbuf_0_gen_decoderX_units[0].decoder/gen_decoders[0].sub_unit_decoder/lut/_023_/Z (BUF_X32)
     2   47.84                           clknet_0_gen_decoderX_units[0].decoder/gen_decoders[0].sub_unit_decoder/lut/_023_ (net)
                  0.01    0.00    0.22 v clkbuf_1_0__f_gen_decoderX_units[0].decoder/gen_decoders[0].sub_unit_decoder/lut/_023_/A (BUF_X32)
                  0.00    0.02    0.25 v clkbuf_1_0__f_gen_decoderX_units[0].decoder/gen_decoders[0].sub_unit_decoder/lut/_023_/Z (BUF_X32)
     8   16.42                           clknet_1_0__leaf_gen_decoderX_units[0].decoder/gen_decoders[0].sub_unit_decoder/lut/_023_ (net)
                  0.00    0.00    0.25 v gen_decoderX_units[0].decoder/gen_decoders[0].sub_unit_decoder/lut/_123__1102/A (INV_X1)
                  0.01    0.01    0.26 ^ gen_decoderX_units[0].decoder/gen_decoders[0].sub_unit_decoder/lut/_123__1102/ZN (INV_X1)
     1    1.28                           net2122 (net)
                  0.01    0.00    0.26 ^ gen_decoderX_units[0].decoder/gen_decoders[0].sub_unit_decoder/lut/_208_/CK (DFFR_X2)
                  0.13    0.25    0.51 ^ gen_decoderX_units[0].decoder/gen_decoders[0].sub_unit_decoder/lut/_208_/Q (DFFR_X2)
    52  112.48                           gen_decoderX_units[0].decoder/gen_decoders[0].sub_unit_decoder/lut/wdata_a_q[2] (net)
                  0.13    0.00    0.51 ^ max_cap581/A (BUF_X16)
                  0.03    0.05    0.56 ^ max_cap581/Z (BUF_X16)
    59  150.09                           net581 (net)
                  0.03    0.00    0.56 ^ max_cap578/A (BUF_X16)
                  0.02    0.04    0.61 ^ max_cap578/Z (BUF_X16)
    66  125.41                           net578 (net)
                  0.02    0.00    0.61 ^ max_cap577/A (BUF_X16)
                  0.01    0.03    0.64 ^ max_cap577/Z (BUF_X16)
    43   83.98                           net577 (net)
                  0.01    0.00    0.64 ^ max_length576/A (BUF_X16)
                  0.02    0.03    0.67 ^ max_length576/Z (BUF_X16)
    52   88.70                           net576 (net)
                  0.02    0.00    0.67 ^ gen_decoderX_units[0].decoder/gen_decoders[0].sub_unit_decoder/lut/gen_sub_units_scm[6].sub_unit_i/_2558_/D (DLH_X1)
                                  0.67   data arrival time

                          0.00    0.00   clock clk_i (rise edge)
                          0.00    0.00   clock source latency
                  0.00    0.00    0.00 ^ clk_i (in)
     1   27.01                           clk_i (net)
                  0.00    0.00    0.00 ^ clkbuf_0_clk_i/A (BUF_X32)
                  0.01    0.02    0.02 ^ clkbuf_0_clk_i/Z (BUF_X32)
     2   54.11                           clknet_0_clk_i (net)
                  0.01    0.00    0.02 ^ clkbuf_1_0__f_clk_i/A (BUF_X32)
                  0.03    0.05    0.07 ^ clkbuf_1_0__f_clk_i/Z (BUF_X32)
    14  381.31                           clknet_1_0__leaf_clk_i (net)
                  0.03    0.00    0.07 ^ clkbuf_leaf_17_clk_i/A (BUF_X32)
                  0.00    0.02    0.09 ^ clkbuf_leaf_17_clk_i/Z (BUF_X32)
     2    3.29                           clknet_leaf_17_clk_i (net)
                  0.00    0.00    0.09 ^ gen_decoderX_units[0].decoder/gen_decoders[0].sub_unit_decoder/lut/gen_sub_units_scm[6].sub_unit_i/_2366_/A1 (NAND2_X1)
                  0.04    0.06    0.15 v gen_decoderX_units[0].decoder/gen_decoders[0].sub_unit_decoder/lut/gen_sub_units_scm[6].sub_unit_i/_2366_/ZN (NAND2_X1)
     1   23.88                           gen_decoderX_units[0].decoder/gen_decoders[0].sub_unit_decoder/lut/gen_sub_units_scm[6].sub_unit_i/_0830_ (net)
                  0.04    0.00    0.15 v clkbuf_0_gen_decoderX_units[0].decoder/gen_decoders[0].sub_unit_decoder/lut/gen_sub_units_scm[6].sub_unit_i/_0830_/A (BUF_X32)
                  0.01    0.05    0.20 v clkbuf_0_gen_decoderX_units[0].decoder/gen_decoders[0].sub_unit_decoder/lut/gen_sub_units_scm[6].sub_unit_i/_0830_/Z (BUF_X32)
     8  192.60                           clknet_0_gen_decoderX_units[0].decoder/gen_decoders[0].sub_unit_decoder/lut/gen_sub_units_scm[6].sub_unit_i/_0830_ (net)
                  0.01    0.00    0.20 v clkbuf_3_7__f_gen_decoderX_units[0].decoder/gen_decoders[0].sub_unit_decoder/lut/gen_sub_units_scm[6].sub_unit_i/_0830_/A (BUF_X32)
                  0.00    0.02    0.22 v clkbuf_3_7__f_gen_decoderX_units[0].decoder/gen_decoders[0].sub_unit_decoder/lut/gen_sub_units_scm[6].sub_unit_i/_0830_/Z (BUF_X32)
     6   11.93                           clknet_3_7__leaf_gen_decoderX_units[0].decoder/gen_decoders[0].sub_unit_decoder/lut/gen_sub_units_scm[6].sub_unit_i/_0830_ (net)
                  0.00    0.00    0.22 v gen_decoderX_units[0].decoder/gen_decoders[0].sub_unit_decoder/lut/gen_sub_units_scm[6].sub_unit_i/_2367__1876/A (INV_X1)
                  0.01    0.01    0.23 ^ gen_decoderX_units[0].decoder/gen_decoders[0].sub_unit_decoder/lut/gen_sub_units_scm[6].sub_unit_i/_2367__1876/ZN (INV_X1)
     1    1.23                           net2896 (net)
                  0.01    0.00    0.23 ^ gen_decoderX_units[0].decoder/gen_decoders[0].sub_unit_decoder/lut/gen_sub_units_scm[6].sub_unit_i/_2393_/A1 (AND2_X1)
                  0.06    0.09    0.32 ^ gen_decoderX_units[0].decoder/gen_decoders[0].sub_unit_decoder/lut/gen_sub_units_scm[6].sub_unit_i/_2393_/ZN (AND2_X1)
     1   27.01                           gen_decoderX_units[0].decoder/gen_decoders[0].sub_unit_decoder/lut/gen_sub_units_scm[6].sub_unit_i/gen_cg_word_iter[22].cg_i.clk_o (net)
                  0.06    0.00    0.32 ^ clkbuf_0_gen_decoderX_units[0].decoder/gen_decoders[0].sub_unit_decoder/lut/gen_sub_units_scm[6].sub_unit_i/gen_cg_word_iter[22].cg_i.clk_o/A (BUF_X32)
                  0.01    0.03    0.35 ^ clkbuf_0_gen_decoderX_units[0].decoder/gen_decoders[0].sub_unit_decoder/lut/gen_sub_units_scm[6].sub_unit_i/gen_cg_word_iter[22].cg_i.clk_o/Z (BUF_X32)
     2   54.11                           clknet_0_gen_decoderX_units[0].decoder/gen_decoders[0].sub_unit_decoder/lut/gen_sub_units_scm[6].sub_unit_i/gen_cg_word_iter[22].cg_i.clk_o (net)
                  0.01    0.00    0.35 ^ clkbuf_1_1__f_gen_decoderX_units[0].decoder/gen_decoders[0].sub_unit_decoder/lut/gen_sub_units_scm[6].sub_unit_i/gen_cg_word_iter[22].cg_i.clk_o/A (BUF_X32)
                  0.00    0.02    0.37 ^ clkbuf_1_1__f_gen_decoderX_units[0].decoder/gen_decoders[0].sub_unit_decoder/lut/gen_sub_units_scm[6].sub_unit_i/gen_cg_word_iter[22].cg_i.clk_o/Z (BUF_X32)
     7   10.20                           clknet_1_1__leaf_gen_decoderX_units[0].decoder/gen_decoders[0].sub_unit_decoder/lut/gen_sub_units_scm[6].sub_unit_i/gen_cg_word_iter[22].cg_i.clk_o (net)
                  0.00    0.00    0.37 ^ gen_decoderX_units[0].decoder/gen_decoders[0].sub_unit_decoder/lut/gen_sub_units_scm[6].sub_unit_i/_2558_/G (DLH_X1)
                          0.00    0.37   clock reconvergence pessimism
                          0.31    0.67   time borrowed from endpoint
                                  0.67   data required time
-----------------------------------------------------------------------------
                                  0.67   data required time
                                 -0.67   data arrival time
-----------------------------------------------------------------------------
                                  0.00   slack (MET)

Time Borrowing Information
--------------------------------------------
clk_i nominal pulse width               3.00
clock latency difference               -0.03
library setup time                     -0.02
--------------------------------------------
max time borrow                         2.95
actual time borrow                      0.31
--------------------------------------------



==========================================================================
finish report_check_types -max_slew -max_cap -max_fanout -violators
--------------------------------------------------------------------------
max capacitance

Pin                                    Limit     Cap   Slack
------------------------------------------------------------
gen_decoderX_units[0].decoder/gen_decoders[0].sub_unit_decoder/fp_adder/adder/adder/_1307_/ZN  237.43  257.13  -19.71 (VIOLATED)
encoder/gen_encoder_units[1].encoder_unit/threshold_memory/_151_/Q  120.85  136.97  -16.12 (VIOLATED)
encoder/gen_encoder_units[1].encoder_unit/threshold_memory/_154_/Q  120.85  136.97  -16.12 (VIOLATED)
encoder/gen_encoder_units[1].encoder_unit/threshold_memory/_158_/Q  120.85  136.97  -16.12 (VIOLATED)
encoder/gen_encoder_units[1].encoder_unit/threshold_memory/_159_/Q  120.85  136.97  -16.12 (VIOLATED)
gen_decoderX_units[0].decoder/gen_decoders[0].sub_unit_decoder/lut/_211_/Q  120.85  135.89  -15.04 (VIOLATED)
encoder/gen_encoder_units[2].encoder_unit/threshold_memory/_153_/Q  120.85  135.17  -14.32 (VIOLATED)
gen_decoderX_units[0].decoder/gen_decoders[0].sub_unit_decoder/lut/_220_/Q  120.85  132.98  -12.13 (VIOLATED)
encoder/gen_encoder_units[2].encoder_unit/threshold_memory/_145_/Q  120.85  129.76   -8.91 (VIOLATED)
encoder/gen_encoder_units[0].encoder_unit/threshold_memory/gen_sub_units_scm[0].sub_unit_i/_1321_/ZN  106.81  114.77   -7.96 (VIOLATED)
encoder/gen_encoder_units[0].encoder_unit/threshold_memory/gen_sub_units_scm[1].sub_unit_i/_1321_/ZN  106.81  114.77   -7.96 (VIOLATED)
encoder/gen_encoder_units[0].encoder_unit/threshold_memory/gen_sub_units_scm[2].sub_unit_i/_1321_/ZN  106.81  114.77   -7.96 (VIOLATED)
encoder/gen_encoder_units[0].encoder_unit/threshold_memory/gen_sub_units_scm[3].sub_unit_i/_1321_/ZN  106.81  114.77   -7.96 (VIOLATED)
encoder/gen_encoder_units[1].encoder_unit/threshold_memory/gen_sub_units_scm[0].sub_unit_i/_1321_/ZN  106.81  114.77   -7.96 (VIOLATED)
encoder/gen_encoder_units[1].encoder_unit/threshold_memory/gen_sub_units_scm[1].sub_unit_i/_1321_/ZN  106.81  114.77   -7.96 (VIOLATED)
encoder/gen_encoder_units[1].encoder_unit/threshold_memory/gen_sub_units_scm[2].sub_unit_i/_1321_/ZN  106.81  114.77   -7.96 (VIOLATED)
encoder/gen_encoder_units[1].encoder_unit/threshold_memory/gen_sub_units_scm[3].sub_unit_i/_1321_/ZN  106.81  114.77   -7.96 (VIOLATED)
encoder/gen_encoder_units[2].encoder_unit/threshold_memory/gen_sub_units_scm[0].sub_unit_i/_1321_/ZN  106.81  114.77   -7.96 (VIOLATED)
encoder/gen_encoder_units[2].encoder_unit/threshold_memory/gen_sub_units_scm[1].sub_unit_i/_1321_/ZN  106.81  114.77   -7.96 (VIOLATED)
encoder/gen_encoder_units[2].encoder_unit/threshold_memory/gen_sub_units_scm[2].sub_unit_i/_1321_/ZN  106.81  114.77   -7.96 (VIOLATED)
encoder/gen_encoder_units[2].encoder_unit/threshold_memory/gen_sub_units_scm[3].sub_unit_i/_1321_/ZN  106.81  114.77   -7.96 (VIOLATED)
encoder/gen_encoder_units[3].encoder_unit/threshold_memory/gen_sub_units_scm[0].sub_unit_i/_1321_/ZN  106.81  114.77   -7.96 (VIOLATED)
encoder/gen_encoder_units[3].encoder_unit/threshold_memory/gen_sub_units_scm[1].sub_unit_i/_1321_/ZN  106.81  114.77   -7.96 (VIOLATED)
encoder/gen_encoder_units[3].encoder_unit/threshold_memory/gen_sub_units_scm[2].sub_unit_i/_1321_/ZN  106.81  114.77   -7.96 (VIOLATED)
encoder/gen_encoder_units[3].encoder_unit/threshold_memory/gen_sub_units_scm[3].sub_unit_i/_1321_/ZN  106.81  114.77   -7.96 (VIOLATED)
gen_decoderX_units[0].decoder/gen_decoders[0].sub_unit_decoder/lut/gen_sub_units_scm[0].sub_unit_i/_1321_/ZN  106.81  114.77   -7.96 (VIOLATED)
gen_decoderX_units[0].decoder/gen_decoders[0].sub_unit_decoder/lut/gen_sub_units_scm[10].sub_unit_i/_1321_/ZN  106.81  114.77   -7.96 (VIOLATED)
gen_decoderX_units[0].decoder/gen_decoders[0].sub_unit_decoder/lut/gen_sub_units_scm[11].sub_unit_i/_1321_/ZN  106.81  114.77   -7.96 (VIOLATED)
gen_decoderX_units[0].decoder/gen_decoders[0].sub_unit_decoder/lut/gen_sub_units_scm[12].sub_unit_i/_1321_/ZN  106.81  114.77   -7.96 (VIOLATED)
gen_decoderX_units[0].decoder/gen_decoders[0].sub_unit_decoder/lut/gen_sub_units_scm[13].sub_unit_i/_1321_/ZN  106.81  114.77   -7.96 (VIOLATED)
gen_decoderX_units[0].decoder/gen_decoders[0].sub_unit_decoder/lut/gen_sub_units_scm[14].sub_unit_i/_1321_/ZN  106.81  114.77   -7.96 (VIOLATED)
gen_decoderX_units[0].decoder/gen_decoders[0].sub_unit_decoder/lut/gen_sub_units_scm[15].sub_unit_i/_1321_/ZN  106.81  114.77   -7.96 (VIOLATED)
gen_decoderX_units[0].decoder/gen_decoders[0].sub_unit_decoder/lut/gen_sub_units_scm[1].sub_unit_i/_1321_/ZN  106.81  114.77   -7.96 (VIOLATED)
gen_decoderX_units[0].decoder/gen_decoders[0].sub_unit_decoder/lut/gen_sub_units_scm[2].sub_unit_i/_1321_/ZN  106.81  114.77   -7.96 (VIOLATED)
gen_decoderX_units[0].decoder/gen_decoders[0].sub_unit_decoder/lut/gen_sub_units_scm[3].sub_unit_i/_1321_/ZN  106.81  114.77   -7.96 (VIOLATED)
gen_decoderX_units[0].decoder/gen_decoders[0].sub_unit_decoder/lut/gen_sub_units_scm[4].sub_unit_i/_1321_/ZN  106.81  114.77   -7.96 (VIOLATED)
gen_decoderX_units[0].decoder/gen_decoders[0].sub_unit_decoder/lut/gen_sub_units_scm[5].sub_unit_i/_1321_/ZN  106.81  114.77   -7.96 (VIOLATED)
gen_decoderX_units[0].decoder/gen_decoders[0].sub_unit_decoder/lut/gen_sub_units_scm[6].sub_unit_i/_1321_/ZN  106.81  114.77   -7.96 (VIOLATED)
gen_decoderX_units[0].decoder/gen_decoders[0].sub_unit_decoder/lut/gen_sub_units_scm[7].sub_unit_i/_1321_/ZN  106.81  114.77   -7.96 (VIOLATED)
gen_decoderX_units[0].decoder/gen_decoders[0].sub_unit_decoder/lut/gen_sub_units_scm[8].sub_unit_i/_1321_/ZN  106.81  114.77   -7.96 (VIOLATED)
gen_decoderX_units[0].decoder/gen_decoders[0].sub_unit_decoder/lut/gen_sub_units_scm[9].sub_unit_i/_1321_/ZN  106.81  114.77   -7.96 (VIOLATED)
encoder/gen_encoder_units[0].encoder_unit/threshold_memory/gen_sub_units_scm[0].sub_unit_i/_1277_/ZN  106.81  113.95   -7.14 (VIOLATED)
encoder/gen_encoder_units[0].encoder_unit/threshold_memory/gen_sub_units_scm[1].sub_unit_i/_1277_/ZN  106.81  113.95   -7.14 (VIOLATED)
encoder/gen_encoder_units[0].encoder_unit/threshold_memory/gen_sub_units_scm[2].sub_unit_i/_1277_/ZN  106.81  113.95   -7.14 (VIOLATED)
encoder/gen_encoder_units[0].encoder_unit/threshold_memory/gen_sub_units_scm[3].sub_unit_i/_1277_/ZN  106.81  113.95   -7.14 (VIOLATED)
encoder/gen_encoder_units[1].encoder_unit/threshold_memory/gen_sub_units_scm[0].sub_unit_i/_1277_/ZN  106.81  113.95   -7.14 (VIOLATED)
encoder/gen_encoder_units[1].encoder_unit/threshold_memory/gen_sub_units_scm[1].sub_unit_i/_1277_/ZN  106.81  113.95   -7.14 (VIOLATED)
encoder/gen_encoder_units[1].encoder_unit/threshold_memory/gen_sub_units_scm[2].sub_unit_i/_1277_/ZN  106.81  113.95   -7.14 (VIOLATED)
encoder/gen_encoder_units[1].encoder_unit/threshold_memory/gen_sub_units_scm[3].sub_unit_i/_1277_/ZN  106.81  113.95   -7.14 (VIOLATED)
encoder/gen_encoder_units[2].encoder_unit/threshold_memory/gen_sub_units_scm[0].sub_unit_i/_1277_/ZN  106.81  113.95   -7.14 (VIOLATED)
encoder/gen_encoder_units[2].encoder_unit/threshold_memory/gen_sub_units_scm[1].sub_unit_i/_1277_/ZN  106.81  113.95   -7.14 (VIOLATED)
encoder/gen_encoder_units[2].encoder_unit/threshold_memory/gen_sub_units_scm[2].sub_unit_i/_1277_/ZN  106.81  113.95   -7.14 (VIOLATED)
encoder/gen_encoder_units[2].encoder_unit/threshold_memory/gen_sub_units_scm[3].sub_unit_i/_1277_/ZN  106.81  113.95   -7.14 (VIOLATED)
encoder/gen_encoder_units[3].encoder_unit/threshold_memory/gen_sub_units_scm[0].sub_unit_i/_1277_/ZN  106.81  113.95   -7.14 (VIOLATED)
encoder/gen_encoder_units[3].encoder_unit/threshold_memory/gen_sub_units_scm[1].sub_unit_i/_1277_/ZN  106.81  113.95   -7.14 (VIOLATED)
encoder/gen_encoder_units[3].encoder_unit/threshold_memory/gen_sub_units_scm[2].sub_unit_i/_1277_/ZN  106.81  113.95   -7.14 (VIOLATED)
encoder/gen_encoder_units[3].encoder_unit/threshold_memory/gen_sub_units_scm[3].sub_unit_i/_1277_/ZN  106.81  113.95   -7.14 (VIOLATED)
gen_decoderX_units[0].decoder/gen_decoders[0].sub_unit_decoder/lut/gen_sub_units_scm[0].sub_unit_i/_1277_/ZN  106.81  113.95   -7.14 (VIOLATED)
gen_decoderX_units[0].decoder/gen_decoders[0].sub_unit_decoder/lut/gen_sub_units_scm[10].sub_unit_i/_1277_/ZN  106.81  113.95   -7.14 (VIOLATED)
gen_decoderX_units[0].decoder/gen_decoders[0].sub_unit_decoder/lut/gen_sub_units_scm[11].sub_unit_i/_1277_/ZN  106.81  113.95   -7.14 (VIOLATED)
gen_decoderX_units[0].decoder/gen_decoders[0].sub_unit_decoder/lut/gen_sub_units_scm[12].sub_unit_i/_1277_/ZN  106.81  113.95   -7.14 (VIOLATED)
gen_decoderX_units[0].decoder/gen_decoders[0].sub_unit_decoder/lut/gen_sub_units_scm[13].sub_unit_i/_1277_/ZN  106.81  113.95   -7.14 (VIOLATED)
gen_decoderX_units[0].decoder/gen_decoders[0].sub_unit_decoder/lut/gen_sub_units_scm[14].sub_unit_i/_1277_/ZN  106.81  113.95   -7.14 (VIOLATED)
gen_decoderX_units[0].decoder/gen_decoders[0].sub_unit_decoder/lut/gen_sub_units_scm[15].sub_unit_i/_1277_/ZN  106.81  113.95   -7.14 (VIOLATED)
gen_decoderX_units[0].decoder/gen_decoders[0].sub_unit_decoder/lut/gen_sub_units_scm[1].sub_unit_i/_1277_/ZN  106.81  113.95   -7.14 (VIOLATED)
gen_decoderX_units[0].decoder/gen_decoders[0].sub_unit_decoder/lut/gen_sub_units_scm[2].sub_unit_i/_1277_/ZN  106.81  113.95   -7.14 (VIOLATED)
gen_decoderX_units[0].decoder/gen_decoders[0].sub_unit_decoder/lut/gen_sub_units_scm[3].sub_unit_i/_1277_/ZN  106.81  113.95   -7.14 (VIOLATED)
gen_decoderX_units[0].decoder/gen_decoders[0].sub_unit_decoder/lut/gen_sub_units_scm[4].sub_unit_i/_1277_/ZN  106.81  113.95   -7.14 (VIOLATED)
gen_decoderX_units[0].decoder/gen_decoders[0].sub_unit_decoder/lut/gen_sub_units_scm[5].sub_unit_i/_1277_/ZN  106.81  113.95   -7.14 (VIOLATED)
gen_decoderX_units[0].decoder/gen_decoders[0].sub_unit_decoder/lut/gen_sub_units_scm[6].sub_unit_i/_1277_/ZN  106.81  113.95   -7.14 (VIOLATED)
gen_decoderX_units[0].decoder/gen_decoders[0].sub_unit_decoder/lut/gen_sub_units_scm[7].sub_unit_i/_1277_/ZN  106.81  113.95   -7.14 (VIOLATED)
gen_decoderX_units[0].decoder/gen_decoders[0].sub_unit_decoder/lut/gen_sub_units_scm[8].sub_unit_i/_1277_/ZN  106.81  113.95   -7.14 (VIOLATED)
gen_decoderX_units[0].decoder/gen_decoders[0].sub_unit_decoder/lut/gen_sub_units_scm[9].sub_unit_i/_1277_/ZN  106.81  113.95   -7.14 (VIOLATED)
encoder/gen_encoder_units[0].encoder_unit/threshold_memory/_145_/Q  120.85  127.96   -7.11 (VIOLATED)
encoder/gen_encoder_units[0].encoder_unit/threshold_memory/_147_/Q  120.85  126.16   -5.31 (VIOLATED)
encoder/gen_encoder_units[0].encoder_unit/threshold_memory/_148_/Q  120.85  126.16   -5.31 (VIOLATED)
encoder/gen_encoder_units[0].encoder_unit/threshold_memory/_154_/Q  120.85  126.16   -5.31 (VIOLATED)
encoder/gen_encoder_units[1].encoder_unit/threshold_memory/_155_/Q  120.85  124.36   -3.51 (VIOLATED)
encoder/gen_encoder_units[1].encoder_unit/threshold_memory/_157_/Q  120.85  124.36   -3.51 (VIOLATED)
encoder/gen_encoder_units[2].encoder_unit/threshold_memory/_157_/Q  120.85  124.36   -3.51 (VIOLATED)
encoder/gen_encoder_units[2].encoder_unit/threshold_memory/_158_/Q  120.85  124.36   -3.51 (VIOLATED)
encoder/gen_encoder_units[1].encoder_unit/threshold_memory/_146_/Q  120.85  122.56   -1.71 (VIOLATED)
gen_decoderX_units[0].decoder/gen_decoders[0].sub_unit_decoder/fp_adder/adder/adder/_1347_/ZN  106.81  107.81   -1.00 (VIOLATED)


==========================================================================
finish max_slew_check_slack
--------------------------------------------------------------------------
0.04411283880472183

==========================================================================
finish max_slew_check_limit
--------------------------------------------------------------------------
0.1985349953174591

==========================================================================
finish max_slew_check_slack_limit
--------------------------------------------------------------------------
0.2222

==========================================================================
finish max_fanout_check_slack
--------------------------------------------------------------------------
1.0000000150474662e+30

==========================================================================
finish max_fanout_check_limit
--------------------------------------------------------------------------
1.0000000150474662e+30

==========================================================================
finish max_capacitance_check_slack
--------------------------------------------------------------------------
-19.705373764038086

==========================================================================
finish max_capacitance_check_limit
--------------------------------------------------------------------------
237.42698669433594

==========================================================================
finish max_capacitance_check_slack_limit
--------------------------------------------------------------------------
-0.0830

==========================================================================
finish max_slew_violation_count
--------------------------------------------------------------------------
max slew violation count 0

==========================================================================
finish max_fanout_violation_count
--------------------------------------------------------------------------
max fanout violation count 0

==========================================================================
finish max_cap_violation_count
--------------------------------------------------------------------------
max cap violation count 83

==========================================================================
finish setup_violation_count
--------------------------------------------------------------------------
setup violation count 0

==========================================================================
finish hold_violation_count
--------------------------------------------------------------------------
hold violation count 1

==========================================================================
finish critical path delay
--------------------------------------------------------------------------
0.6738

==========================================================================
finish critical path slack
--------------------------------------------------------------------------
0.0000

==========================================================================
finish slack div critical path delay
--------------------------------------------------------------------------
0.000000

==========================================================================
finish report_power
--------------------------------------------------------------------------
Group                  Internal  Switching    Leakage      Total
                          Power      Power      Power      Power (Watts)
----------------------------------------------------------------
Sequential             1.02e-02   6.45e-04   5.58e-04   1.15e-02   9.4%
Combinational          7.92e-02   2.81e-02   3.45e-03   1.11e-01  90.6%
Macro                  0.00e+00   0.00e+00   0.00e+00   0.00e+00   0.0%
Pad                    0.00e+00   0.00e+00   0.00e+00   0.00e+00   0.0%
----------------------------------------------------------------
Total                  8.94e-02   2.88e-02   4.01e-03   1.22e-01 100.0%
                          73.2%      23.5%       3.3%

==========================================================================
finish report_design_area
--------------------------------------------------------------------------
Design area 138186 u^2 59% utilization.

This plugin does not support propagateSizeHints()
This plugin does not support propagateSizeHints()
Elapsed time: 0:53.59[h:]min:sec. CPU time: user 52.68 sys 0.85 (99%). Peak memory: 1217328KB.
