OpenROAD 6152e58f84f491089daa6361239468c001e24e34 
This program is licensed under the BSD-3 license. See the LICENSE file for details.
Components of this program may be licensed under more restrictive licenses which must be honored.
[INFO GPL-0002] DBU: 2000
[INFO GPL-0003] SiteSize: 380 2800
[INFO GPL-0004] CoreAreaLxLy: 20140 22400
[INFO GPL-0005] CoreAreaUxUy: 389880 389200
[INFO GPL-0006] NumInstances: 1216
[INFO GPL-0007] NumPlaceInstances: 888
[INFO GPL-0008] NumFixedInstances: 328
[INFO GPL-0009] NumDummyInstances: 0
[INFO GPL-0010] NumNets: 932
[INFO GPL-0011] NumPins: 2969
[INFO GPL-0012] DieAreaLxLy: 0 0
[INFO GPL-0013] DieAreaUxUy: 400000 400000
[INFO GPL-0014] CoreAreaLxLy: 20140 22400
[INFO GPL-0015] CoreAreaUxUy: 389880 389200
[INFO GPL-0016] CoreArea: 135620632000
[INFO GPL-0017] NonPlaceInstsArea: 348992000
[INFO GPL-0018] PlaceInstsArea: 5622176000
[INFO GPL-0019] Util(%): 4.16
[INFO GPL-0020] StdInstsArea: 5622176000
[INFO GPL-0021] MacroInstsArea: 0
[InitialPlace]  Iter: 1 CG residual: 0.00000012 HPWL: 13750860
[InitialPlace]  Iter: 2 CG residual: 0.00000012 HPWL: 5675904
[InitialPlace]  Iter: 3 CG residual: 0.00000011 HPWL: 5654954
[InitialPlace]  Iter: 4 CG residual: 0.00000011 HPWL: 5643841
[InitialPlace]  Iter: 5 CG residual: 0.00000009 HPWL: 5655499
[INFO GPL-0031] FillerInit: NumGCells: 6612
[INFO GPL-0032] FillerInit: NumGNets: 932
[INFO GPL-0033] FillerInit: NumGPins: 2969
[INFO GPL-0023] TargetDensity: 0.30
[INFO GPL-0024] AveragePlaceInstArea: 6331279
[INFO GPL-0025] IdealBinArea: 21104262
[INFO GPL-0026] IdealBinCnt: 6426
[INFO GPL-0027] TotalBinArea: 135620632000
[INFO GPL-0028] BinCnt: 64 64
[INFO GPL-0029] BinSize: 5778 5732
[INFO GPL-0030] NumBins: 4096
[NesterovSolve] Iter: 1 overflow: 0.985666 HPWL: 1919536
[NesterovSolve] Iter: 10 overflow: 0.980116 HPWL: 1986156
[NesterovSolve] Iter: 20 overflow: 0.980035 HPWL: 1996626
[NesterovSolve] Iter: 30 overflow: 0.980098 HPWL: 1997129
[NesterovSolve] Iter: 40 overflow: 0.980064 HPWL: 1996017
[NesterovSolve] Iter: 50 overflow: 0.980064 HPWL: 1995556
[NesterovSolve] Iter: 60 overflow: 0.980063 HPWL: 1996126
[NesterovSolve] Iter: 70 overflow: 0.980051 HPWL: 1997021
[NesterovSolve] Iter: 80 overflow: 0.98005 HPWL: 1997707
[NesterovSolve] Iter: 90 overflow: 0.98004 HPWL: 1997844
[NesterovSolve] Iter: 100 overflow: 0.980028 HPWL: 1999608
[NesterovSolve] Iter: 110 overflow: 0.980006 HPWL: 2003923
[NesterovSolve] Iter: 120 overflow: 0.979968 HPWL: 2012807
[NesterovSolve] Iter: 130 overflow: 0.979908 HPWL: 2035846
[NesterovSolve] Iter: 140 overflow: 0.97981 HPWL: 2091192
[NesterovSolve] Iter: 150 overflow: 0.979643 HPWL: 2203325
[NesterovSolve] Iter: 160 overflow: 0.979314 HPWL: 2383730
[NesterovSolve] Iter: 170 overflow: 0.973836 HPWL: 2647908
[NesterovSolve] Iter: 180 overflow: 0.973639 HPWL: 2998135
[NesterovSolve] Iter: 190 overflow: 0.97212 HPWL: 3461432
[NesterovSolve] Iter: 200 overflow: 0.962477 HPWL: 4057624
[NesterovSolve] Iter: 210 overflow: 0.948624 HPWL: 4626374
[NesterovSolve] Iter: 220 overflow: 0.936736 HPWL: 5054976
[NesterovSolve] Iter: 230 overflow: 0.916347 HPWL: 5320579
[NesterovSolve] Iter: 240 overflow: 0.895884 HPWL: 6292826
[NesterovSolve] Iter: 250 overflow: 0.865311 HPWL: 7184256
[NesterovSolve] Iter: 260 overflow: 0.837577 HPWL: 7431397
[NesterovSolve] Iter: 270 overflow: 0.795928 HPWL: 8469309
[INFO GPL-0100] worst slack 8e-07
[INFO GPL-0103] Weighted 91 nets.
[NesterovSolve] Iter: 280 overflow: 0.763325 HPWL: 9013016
[NesterovSolve] Iter: 290 overflow: 0.719044 HPWL: 9695612
[NesterovSolve] Iter: 300 overflow: 0.667865 HPWL: 10357300
[INFO GPL-0100] worst slack 8e-07
[INFO GPL-0103] Weighted 88 nets.
[NesterovSolve] Iter: 310 overflow: 0.621 HPWL: 10907031
[NesterovSolve] Snapshot saved at iter = 314
[NesterovSolve] Iter: 320 overflow: 0.56631 HPWL: 11596758
[NesterovSolve] Iter: 330 overflow: 0.507286 HPWL: 12185860
[INFO GPL-0100] worst slack 8e-07
[INFO GPL-0103] Weighted 91 nets.
[NesterovSolve] Iter: 340 overflow: 0.450498 HPWL: 12698737
[NesterovSolve] Iter: 350 overflow: 0.390036 HPWL: 13089336
[NesterovSolve] Iter: 360 overflow: 0.344766 HPWL: 13369712
[NesterovSolve] Iter: 370 overflow: 0.306661 HPWL: 13417756
[INFO GPL-0100] worst slack 8e-07
[INFO GPL-0103] Weighted 92 nets.
[NesterovSolve] Iter: 380 overflow: 0.278278 HPWL: 13479679
[NesterovSolve] Iter: 390 overflow: 0.255245 HPWL: 13608930
[NesterovSolve] Iter: 400 overflow: 0.227233 HPWL: 13668640
[INFO GPL-0100] worst slack 8e-07
[INFO GPL-0103] Weighted 93 nets.
[NesterovSolve] Iter: 410 overflow: 0.200043 HPWL: 13737304
[INFO GPL-0075] Routability numCall: 1 inflationIterCnt: 1 bloatIterCnt: 0
[INFO GPL-0036] TileLxLy: 0 0
[INFO GPL-0037] TileSize: 4200 4200
[INFO GPL-0038] TileCnt: 95 95
[INFO GPL-0039] numRoutingLayers: 10
[INFO GPL-0040] NumTiles: 9025
[INFO GPL-0063] TotalRouteOverflowH2: 0.0
[INFO GPL-0064] TotalRouteOverflowV2: 0.0
[INFO GPL-0065] OverflowTileCnt2: 0
[INFO GPL-0066] 0.5%RC: 1.0
[INFO GPL-0067] 1.0%RC: 0.9705128222703934
[INFO GPL-0068] 2.0%RC: 0.9289743632078171
[INFO GPL-0069] 5.0%RC: 0.8338168597221375
[INFO GPL-0070] 0.5rcK: 1.0
[INFO GPL-0071] 1.0rcK: 1.0
[INFO GPL-0072] 2.0rcK: 0.0
[INFO GPL-0073] 5.0rcK: 0.0
[INFO GPL-0074] FinalRC: 0.98525643
[NesterovSolve] Iter: 420 overflow: 0.168479 HPWL: 13881260
[NesterovSolve] Iter: 430 overflow: 0.149977 HPWL: 13981223
[INFO GPL-0100] worst slack 8e-07
[INFO GPL-0103] Weighted 93 nets.
[NesterovSolve] Iter: 440 overflow: 0.130343 HPWL: 14064651
[NesterovSolve] Iter: 450 overflow: 0.112467 HPWL: 14176016
[NesterovSolve] Iter: 460 overflow: 0.0985904 HPWL: 14267372
[NesterovSolve] Finished with Overflow: 0.098590

==========================================================================
global place report_tns
--------------------------------------------------------------------------
tns 0.00

==========================================================================
global place report_wns
--------------------------------------------------------------------------
wns 0.00

==========================================================================
global place report_worst_slack
--------------------------------------------------------------------------
worst slack 799.66

==========================================================================
global place report_clock_skew
--------------------------------------------------------------------------
Clock clk
No launch/capture paths found.


==========================================================================
global place report_checks -path_delay min
--------------------------------------------------------------------------
Startpoint: _1529_ (positive level-sensitive latch)
Endpoint: rdata_a_o[12] (output port clocked by clk)
Path Group: clk
Path Type: min

Fanout     Cap    Slew   Delay    Time   Description
-----------------------------------------------------------------------------
                  0.06    0.00    0.00 ^ _1529_/G (DLH_X1)
                  0.01    0.07    0.07 ^ _1529_/Q (DLH_X1)
     1    1.72                           mem[0][12] (net)
                  0.01    0.00    0.07 ^ _1128_/A2 (NAND2_X1)
                  0.01    0.01    0.08 v _1128_/ZN (NAND2_X1)
     1    1.54                           _0512_ (net)
                  0.01    0.00    0.08 v _1129_/A3 (NAND3_X1)
                  0.01    0.02    0.10 ^ _1129_/ZN (NAND3_X1)
     1    3.42                           rdata_a_o[12] (net)
                  0.01    0.00    0.10 ^ rdata_a_o[12] (out)
                                  0.10   data arrival time

                  0.00    0.00    0.00   clock clk (rise edge)
                          0.00    0.00   clock network delay (ideal)
                          0.00    0.00   clock reconvergence pessimism
                       -100.00 -100.00   output external delay
                               -100.00   data required time
-----------------------------------------------------------------------------
                               -100.00   data required time
                                 -0.10   data arrival time
-----------------------------------------------------------------------------
                                100.10   slack (MET)



==========================================================================
global place report_checks -path_delay max
--------------------------------------------------------------------------
Startpoint: raddr_a_i[1] (input port clocked by clk)
Endpoint: rdata_a_o[0] (output port clocked by clk)
Path Group: clk
Path Type: max

Fanout     Cap    Slew   Delay    Time   Description
-----------------------------------------------------------------------------
                  0.00    0.00    0.00   clock clk (rise edge)
                          0.00    0.00   clock network delay (ideal)
                        100.00  100.00 ^ input external delay
                  0.00    0.00  100.00 ^ raddr_a_i[1] (in)
     4   28.39                           raddr_a_i[1] (net)
                  0.00    0.00  100.00 ^ _0656_/A (INV_X4)
                  0.00    0.01  100.01 v _0656_/ZN (INV_X4)
     1    5.60                           _0052_ (net)
                  0.00    0.00  100.01 v _0657_/A1 (NOR2_X4)
                  0.17    0.20  100.20 ^ _0657_/ZN (NOR2_X4)
    64  148.32                           _0053_ (net)
                  0.17    0.01  100.21 ^ _0682_/A2 (NAND3_X1)
                  0.04    0.04  100.25 v _0682_/ZN (NAND3_X1)
     1    1.59                           _0078_ (net)
                  0.04    0.00  100.25 v _0683_/A2 (NAND2_X1)
                  0.01    0.03  100.28 ^ _0683_/ZN (NAND2_X1)
     1    1.91                           _0079_ (net)
                  0.01    0.00  100.28 ^ _0694_/A1 (NOR2_X1)
                  0.01    0.01  100.29 v _0694_/ZN (NOR2_X1)
     1    2.59                           _0090_ (net)
                  0.01    0.00  100.29 v _0695_/A2 (NAND2_X1)
                  0.01    0.02  100.31 ^ _0695_/ZN (NAND2_X1)
     1    3.72                           _0091_ (net)
                  0.01    0.00  100.31 ^ _0696_/A (INV_X1)
                  0.01    0.01  100.32 v _0696_/ZN (INV_X1)
     1    3.12                           _0092_ (net)
                  0.01    0.00  100.32 v _0730_/A1 (NAND3_X2)
                  0.01    0.02  100.34 ^ _0730_/ZN (NAND3_X2)
     1    5.48                           rdata_a_o[0] (net)
                  0.01    0.00  100.34 ^ rdata_a_o[0] (out)
                                100.34   data arrival time

                  0.00 1000.00 1000.00   clock clk (rise edge)
                          0.00 1000.00   clock network delay (ideal)
                          0.00 1000.00   clock reconvergence pessimism
                       -100.00  900.00   output external delay
                                900.00   data required time
-----------------------------------------------------------------------------
                                900.00   data required time
                               -100.34   data arrival time
-----------------------------------------------------------------------------
                                799.66   slack (MET)



==========================================================================
global place report_checks -unconstrained
--------------------------------------------------------------------------
Startpoint: raddr_a_i[1] (input port clocked by clk)
Endpoint: rdata_a_o[0] (output port clocked by clk)
Path Group: clk
Path Type: max

Fanout     Cap    Slew   Delay    Time   Description
-----------------------------------------------------------------------------
                  0.00    0.00    0.00   clock clk (rise edge)
                          0.00    0.00   clock network delay (ideal)
                        100.00  100.00 ^ input external delay
                  0.00    0.00  100.00 ^ raddr_a_i[1] (in)
     4   28.39                           raddr_a_i[1] (net)
                  0.00    0.00  100.00 ^ _0656_/A (INV_X4)
                  0.00    0.01  100.01 v _0656_/ZN (INV_X4)
     1    5.60                           _0052_ (net)
                  0.00    0.00  100.01 v _0657_/A1 (NOR2_X4)
                  0.17    0.20  100.20 ^ _0657_/ZN (NOR2_X4)
    64  148.32                           _0053_ (net)
                  0.17    0.01  100.21 ^ _0682_/A2 (NAND3_X1)
                  0.04    0.04  100.25 v _0682_/ZN (NAND3_X1)
     1    1.59                           _0078_ (net)
                  0.04    0.00  100.25 v _0683_/A2 (NAND2_X1)
                  0.01    0.03  100.28 ^ _0683_/ZN (NAND2_X1)
     1    1.91                           _0079_ (net)
                  0.01    0.00  100.28 ^ _0694_/A1 (NOR2_X1)
                  0.01    0.01  100.29 v _0694_/ZN (NOR2_X1)
     1    2.59                           _0090_ (net)
                  0.01    0.00  100.29 v _0695_/A2 (NAND2_X1)
                  0.01    0.02  100.31 ^ _0695_/ZN (NAND2_X1)
     1    3.72                           _0091_ (net)
                  0.01    0.00  100.31 ^ _0696_/A (INV_X1)
                  0.01    0.01  100.32 v _0696_/ZN (INV_X1)
     1    3.12                           _0092_ (net)
                  0.01    0.00  100.32 v _0730_/A1 (NAND3_X2)
                  0.01    0.02  100.34 ^ _0730_/ZN (NAND3_X2)
     1    5.48                           rdata_a_o[0] (net)
                  0.01    0.00  100.34 ^ rdata_a_o[0] (out)
                                100.34   data arrival time

                  0.00 1000.00 1000.00   clock clk (rise edge)
                          0.00 1000.00   clock network delay (ideal)
                          0.00 1000.00   clock reconvergence pessimism
                       -100.00  900.00   output external delay
                                900.00   data required time
-----------------------------------------------------------------------------
                                900.00   data required time
                               -100.34   data arrival time
-----------------------------------------------------------------------------
                                799.66   slack (MET)



==========================================================================
global place report_power
--------------------------------------------------------------------------
Group                  Internal  Switching    Leakage      Total
                          Power      Power      Power      Power (Watts)
----------------------------------------------------------------
Sequential             1.86e-07   6.22e-08   9.40e-06   9.65e-06  42.9%
Combinational          9.58e-08   1.73e-07   1.26e-05   1.28e-05  57.1%
Macro                  0.00e+00   0.00e+00   0.00e+00   0.00e+00   0.0%
Pad                    0.00e+00   0.00e+00   0.00e+00   0.00e+00   0.0%
----------------------------------------------------------------
Total                  2.82e-07   2.35e-07   2.20e-05   2.25e-05 100.0%
                           1.3%       1.0%      97.7%

==========================================================================
global place report_design_area
--------------------------------------------------------------------------
Design area 1493 u^2 4% utilization.
Core area = 135620632000

Elapsed time: 0:03.42[h:]min:sec. CPU time: user 3.34 sys 0.08 (99%). Peak memory: 204304KB.
