nangate45 halut_encoder_4 (base)
  Flow reached last stage.
  Found 1522 warnings in the logs.
      [WARNING IFP-0028] Core area lower left (2.000, 2.000) snapped to (2.090, 2.800).
      [WARNING CTS-0043] 1632 wires are pure wire and no slew degradation.
      [WARNING CTS-0041] Net "net615" has 1 sinks. Skipping...
      [WARNING CTS-0041] Net "net1447" has 1 sinks. Skipping...
      [WARNING CTS-0041] Net "net1446" has 1 sinks. Skipping...
      [WARNING CTS-0041] Net "net1445" has 1 sinks. Skipping...
      [WARNING CTS-0041] Net "net1444" has 1 sinks. Skipping...
      [WARNING CTS-0041] Net "net1443" has 1 sinks. Skipping...
      [WARNING CTS-0041] Net "net1442" has 1 sinks. Skipping...
      [WARNING CTS-0041] Net "net1441" has 1 sinks. Skipping...
      [WARNING CTS-0041] Net "net1440" has 1 sinks. Skipping...
      [WARNING CTS-0041] Net "net1439" has 1 sinks. Skipping...
      [WARNING CTS-0041] Net "net1438" has 1 sinks. Skipping...
      [WARNING CTS-0041] Net "net1437" has 1 sinks. Skipping...
      [WARNING CTS-0041] Net "net1436" has 1 sinks. Skipping...
      [WARNING CTS-0041] Net "net1435" has 1 sinks. Skipping...
      [WARNING CTS-0041] Net "net1434" has 1 sinks. Skipping...
      [WARNING CTS-0041] Net "net1433" has 1 sinks. Skipping...
      [WARNING CTS-0041] Net "net1432" has 1 sinks. Skipping...
      [WARNING CTS-0041] Net "net1431" has 1 sinks. Skipping...
      [WARNING CTS-0041] Net "net1430" has 1 sinks. Skipping...
      [WARNING CTS-0041] Net "net1429" has 1 sinks. Skipping...
      [WARNING CTS-0041] Net "net1428" has 1 sinks. Skipping...
      [WARNING CTS-0041] Net "net1427" has 1 sinks. Skipping...
      [WARNING CTS-0041] Net "net1426" has 1 sinks. Skipping...
      [WARNING CTS-0041] Net "net1425" has 1 sinks. Skipping...
      [WARNING CTS-0041] Net "net1424" has 1 sinks. Skipping...
      [WARNING CTS-0041] Net "net1423" has 1 sinks. Skipping...
      [WARNING CTS-0041] Net "net1422" has 1 sinks. Skipping...
      [WARNING CTS-0041] Net "net1421" has 1 sinks. Skipping...
      [WARNING CTS-0041] Net "net1420" has 1 sinks. Skipping...
      [WARNING CTS-0041] Net "net1419" has 1 sinks. Skipping...
      [WARNING CTS-0041] Net "net1418" has 1 sinks. Skipping...
      [WARNING CTS-0041] Net "net1417" has 1 sinks. Skipping...
      [WARNING CTS-0041] Net "net1416" has 1 sinks. Skipping...
      [WARNING CTS-0041] Net "net1415" has 1 sinks. Skipping...
      [WARNING CTS-0041] Net "net1414" has 1 sinks. Skipping...
      [WARNING CTS-0041] Net "net1413" has 1 sinks. Skipping...
      [WARNING CTS-0041] Net "net1412" has 1 sinks. Skipping...
      [WARNING CTS-0041] Net "net1411" has 1 sinks. Skipping...
      [WARNING CTS-0041] Net "net1410" has 1 sinks. Skipping...
      [WARNING CTS-0041] Net "net1409" has 1 sinks. Skipping...
      [WARNING CTS-0041] Net "net1408" has 1 sinks. Skipping...
      [WARNING CTS-0041] Net "net1407" has 1 sinks. Skipping...
      [WARNING CTS-0041] Net "net1406" has 1 sinks. Skipping...
      [WARNING CTS-0041] Net "net1405" has 1 sinks. Skipping...
      [WARNING CTS-0041] Net "net1404" has 1 sinks. Skipping...
      [WARNING CTS-0041] Net "net1403" has 1 sinks. Skipping...
      [WARNING CTS-0041] Net "net1402" has 1 sinks. Skipping...
      [WARNING CTS-0041] Net "net1401" has 1 sinks. Skipping...
      [WARNING CTS-0041] Net "net1400" has 1 sinks. Skipping...
      [WARNING CTS-0041] Net "net1399" has 1 sinks. Skipping...
      [WARNING CTS-0041] Net "net1398" has 1 sinks. Skipping...
      [WARNING CTS-0041] Net "net1397" has 1 sinks. Skipping...
      [WARNING CTS-0041] Net "net1396" has 1 sinks. Skipping...
      [WARNING CTS-0041] Net "net1395" has 1 sinks. Skipping...
      [WARNING CTS-0041] Net "net1394" has 1 sinks. Skipping...
      [WARNING CTS-0041] Net "net1393" has 1 sinks. Skipping...
      [WARNING CTS-0041] Net "net1392" has 1 sinks. Skipping...
      [WARNING CTS-0041] Net "net1391" has 1 sinks. Skipping...
      [WARNING CTS-0041] Net "net1390" has 1 sinks. Skipping...
      [WARNING CTS-0041] Net "net1389" has 1 sinks. Skipping...
      [WARNING CTS-0041] Net "net1388" has 1 sinks. Skipping...
      [WARNING CTS-0041] Net "net1387" has 1 sinks. Skipping...
      [WARNING CTS-0041] Net "net1386" has 1 sinks. Skipping...
      [WARNING CTS-0041] Net "net1385" has 1 sinks. Skipping...
      [WARNING CTS-0041] Net "net1384" has 1 sinks. Skipping...
      [WARNING CTS-0041] Net "net614" has 1 sinks. Skipping...
      [WARNING CTS-0041] Net "net1511" has 1 sinks. Skipping...
      [WARNING CTS-0041] Net "net1510" has 1 sinks. Skipping...
      [WARNING CTS-0041] Net "net1509" has 1 sinks. Skipping...
      [WARNING CTS-0041] Net "net1508" has 1 sinks. Skipping...
      [WARNING CTS-0041] Net "net1507" has 1 sinks. Skipping...
      [WARNING CTS-0041] Net "net1506" has 1 sinks. Skipping...
      [WARNING CTS-0041] Net "net1505" has 1 sinks. Skipping...
      [WARNING CTS-0041] Net "net1504" has 1 sinks. Skipping...
      [WARNING CTS-0041] Net "net1503" has 1 sinks. Skipping...
      [WARNING CTS-0041] Net "net1502" has 1 sinks. Skipping...
      [WARNING CTS-0041] Net "net1501" has 1 sinks. Skipping...
      [WARNING CTS-0041] Net "net1500" has 1 sinks. Skipping...
      [WARNING CTS-0041] Net "net1499" has 1 sinks. Skipping...
      [WARNING CTS-0041] Net "net1498" has 1 sinks. Skipping...
      [WARNING CTS-0041] Net "net1497" has 1 sinks. Skipping...
      [WARNING CTS-0041] Net "net1496" has 1 sinks. Skipping...
      [WARNING CTS-0041] Net "net1495" has 1 sinks. Skipping...
      [WARNING CTS-0041] Net "net1494" has 1 sinks. Skipping...
      [WARNING CTS-0041] Net "net1493" has 1 sinks. Skipping...
      [WARNING CTS-0041] Net "net1492" has 1 sinks. Skipping...
      [WARNING CTS-0041] Net "net1491" has 1 sinks. Skipping...
      [WARNING CTS-0041] Net "net1490" has 1 sinks. Skipping...
      [WARNING CTS-0041] Net "net1489" has 1 sinks. Skipping...
      [WARNING CTS-0041] Net "net1488" has 1 sinks. Skipping...
      [WARNING CTS-0041] Net "net1487" has 1 sinks. Skipping...
      [WARNING CTS-0041] Net "net1486" has 1 sinks. Skipping...
      [WARNING CTS-0041] Net "net1485" has 1 sinks. Skipping...
      [WARNING CTS-0041] Net "net1484" has 1 sinks. Skipping...
      [WARNING CTS-0041] Net "net1483" has 1 sinks. Skipping...
      [WARNING CTS-0041] Net "net1482" has 1 sinks. Skipping...
      [WARNING CTS-0041] Net "net1481" has 1 sinks. Skipping...
      [WARNING CTS-0041] Net "net1480" has 1 sinks. Skipping...
      [WARNING CTS-0041] Net "net1479" has 1 sinks. Skipping...
      [WARNING CTS-0041] Net "net1478" has 1 sinks. Skipping...
      [WARNING CTS-0041] Net "net1477" has 1 sinks. Skipping...
      [WARNING CTS-0041] Net "net1476" has 1 sinks. Skipping...
      [WARNING CTS-0041] Net "net1475" has 1 sinks. Skipping...
      [WARNING CTS-0041] Net "net1474" has 1 sinks. Skipping...
      [WARNING CTS-0041] Net "net1473" has 1 sinks. Skipping...
      [WARNING CTS-0041] Net "net1472" has 1 sinks. Skipping...
      [WARNING CTS-0041] Net "net1471" has 1 sinks. Skipping...
      [WARNING CTS-0041] Net "net1470" has 1 sinks. Skipping...
      [WARNING CTS-0041] Net "net1469" has 1 sinks. Skipping...
      [WARNING CTS-0041] Net "net1468" has 1 sinks. Skipping...
      [WARNING CTS-0041] Net "net1467" has 1 sinks. Skipping...
      [WARNING CTS-0041] Net "net1466" has 1 sinks. Skipping...
      [WARNING CTS-0041] Net "net1465" has 1 sinks. Skipping...
      [WARNING CTS-0041] Net "net1464" has 1 sinks. Skipping...
      [WARNING CTS-0041] Net "net1463" has 1 sinks. Skipping...
      [WARNING CTS-0041] Net "net1462" has 1 sinks. Skipping...
      [WARNING CTS-0041] Net "net1461" has 1 sinks. Skipping...
      [WARNING CTS-0041] Net "net1460" has 1 sinks. Skipping...
      [WARNING CTS-0041] Net "net1459" has 1 sinks. Skipping...
      [WARNING CTS-0041] Net "net1458" has 1 sinks. Skipping...
      [WARNING CTS-0041] Net "net1457" has 1 sinks. Skipping...
      [WARNING CTS-0041] Net "net1456" has 1 sinks. Skipping...
      [WARNING CTS-0041] Net "net1455" has 1 sinks. Skipping...
      [WARNING CTS-0041] Net "net1454" has 1 sinks. Skipping...
      [WARNING CTS-0041] Net "net1453" has 1 sinks. Skipping...
      [WARNING CTS-0041] Net "net1452" has 1 sinks. Skipping...
      [WARNING CTS-0041] Net "net1451" has 1 sinks. Skipping...
      [WARNING CTS-0041] Net "net1450" has 1 sinks. Skipping...
      [WARNING CTS-0041] Net "net1449" has 1 sinks. Skipping...
      [WARNING CTS-0041] Net "net1448" has 1 sinks. Skipping...
      [WARNING CTS-0041] Net "net613" has 1 sinks. Skipping...
      [WARNING CTS-0041] Net "net1575" has 1 sinks. Skipping...
      [WARNING CTS-0041] Net "net1574" has 1 sinks. Skipping...
      [WARNING CTS-0041] Net "net1573" has 1 sinks. Skipping...
      [WARNING CTS-0041] Net "net1572" has 1 sinks. Skipping...
      [WARNING CTS-0041] Net "net1571" has 1 sinks. Skipping...
      [WARNING CTS-0041] Net "net1570" has 1 sinks. Skipping...
      [WARNING CTS-0041] Net "net1569" has 1 sinks. Skipping...
      [WARNING CTS-0041] Net "net1568" has 1 sinks. Skipping...
      [WARNING CTS-0041] Net "net1567" has 1 sinks. Skipping...
      [WARNING CTS-0041] Net "net1566" has 1 sinks. Skipping...
      [WARNING CTS-0041] Net "net1565" has 1 sinks. Skipping...
      [WARNING CTS-0041] Net "net1564" has 1 sinks. Skipping...
      [WARNING CTS-0041] Net "net1563" has 1 sinks. Skipping...
      [WARNING CTS-0041] Net "net1562" has 1 sinks. Skipping...
      [WARNING CTS-0041] Net "net1561" has 1 sinks. Skipping...
      [WARNING CTS-0041] Net "net1560" has 1 sinks. Skipping...
      [WARNING CTS-0041] Net "net1559" has 1 sinks. Skipping...
      [WARNING CTS-0041] Net "net1558" has 1 sinks. Skipping...
      [WARNING CTS-0041] Net "net1557" has 1 sinks. Skipping...
      [WARNING CTS-0041] Net "net1556" has 1 sinks. Skipping...
      [WARNING CTS-0041] Net "net1555" has 1 sinks. Skipping...
      [WARNING CTS-0041] Net "net1554" has 1 sinks. Skipping...
      [WARNING CTS-0041] Net "net1553" has 1 sinks. Skipping...
      [WARNING CTS-0041] Net "net1552" has 1 sinks. Skipping...
      [WARNING CTS-0041] Net "net1551" has 1 sinks. Skipping...
      [WARNING CTS-0041] Net "net1550" has 1 sinks. Skipping...
      [WARNING CTS-0041] Net "net1549" has 1 sinks. Skipping...
      [WARNING CTS-0041] Net "net1548" has 1 sinks. Skipping...
      [WARNING CTS-0041] Net "net1547" has 1 sinks. Skipping...
      [WARNING CTS-0041] Net "net1546" has 1 sinks. Skipping...
      [WARNING CTS-0041] Net "net1545" has 1 sinks. Skipping...
      [WARNING CTS-0041] Net "net1544" has 1 sinks. Skipping...
      [WARNING CTS-0041] Net "net1543" has 1 sinks. Skipping...
      [WARNING CTS-0041] Net "net1542" has 1 sinks. Skipping...
      [WARNING CTS-0041] Net "net1541" has 1 sinks. Skipping...
      [WARNING CTS-0041] Net "net1540" has 1 sinks. Skipping...
      [WARNING CTS-0041] Net "net1539" has 1 sinks. Skipping...
      [WARNING CTS-0041] Net "net1538" has 1 sinks. Skipping...
      [WARNING CTS-0041] Net "net1537" has 1 sinks. Skipping...
      [WARNING CTS-0041] Net "net1536" has 1 sinks. Skipping...
      [WARNING CTS-0041] Net "net1535" has 1 sinks. Skipping...
      [WARNING CTS-0041] Net "net1534" has 1 sinks. Skipping...
      [WARNING CTS-0041] Net "net1533" has 1 sinks. Skipping...
      [WARNING CTS-0041] Net "net1532" has 1 sinks. Skipping...
      [WARNING CTS-0041] Net "net1531" has 1 sinks. Skipping...
      [WARNING CTS-0041] Net "net1530" has 1 sinks. Skipping...
      [WARNING CTS-0041] Net "net1529" has 1 sinks. Skipping...
      [WARNING CTS-0041] Net "net1528" has 1 sinks. Skipping...
      [WARNING CTS-0041] Net "net1527" has 1 sinks. Skipping...
      [WARNING CTS-0041] Net "net1526" has 1 sinks. Skipping...
      [WARNING CTS-0041] Net "net1525" has 1 sinks. Skipping...
      [WARNING CTS-0041] Net "net1524" has 1 sinks. Skipping...
      [WARNING CTS-0041] Net "net1523" has 1 sinks. Skipping...
      [WARNING CTS-0041] Net "net1522" has 1 sinks. Skipping...
      [WARNING CTS-0041] Net "net1521" has 1 sinks. Skipping...
      [WARNING CTS-0041] Net "net1520" has 1 sinks. Skipping...
      [WARNING CTS-0041] Net "net1519" has 1 sinks. Skipping...
      [WARNING CTS-0041] Net "net1518" has 1 sinks. Skipping...
      [WARNING CTS-0041] Net "net1517" has 1 sinks. Skipping...
      [WARNING CTS-0041] Net "net1516" has 1 sinks. Skipping...
      [WARNING CTS-0041] Net "net1515" has 1 sinks. Skipping...
      [WARNING CTS-0041] Net "net1514" has 1 sinks. Skipping...
      [WARNING CTS-0041] Net "net1513" has 1 sinks. Skipping...
      [WARNING CTS-0041] Net "net1512" has 1 sinks. Skipping...
      [WARNING CTS-0041] Net "net612" has 1 sinks. Skipping...
      [WARNING CTS-0041] Net "net1639" has 1 sinks. Skipping...
      [WARNING CTS-0041] Net "net1638" has 1 sinks. Skipping...
      [WARNING CTS-0041] Net "net1637" has 1 sinks. Skipping...
      [WARNING CTS-0041] Net "net1636" has 1 sinks. Skipping...
      [WARNING CTS-0041] Net "net1635" has 1 sinks. Skipping...
      [WARNING CTS-0041] Net "net1634" has 1 sinks. Skipping...
      [WARNING CTS-0041] Net "net1633" has 1 sinks. Skipping...
      [WARNING CTS-0041] Net "net1632" has 1 sinks. Skipping...
      [WARNING CTS-0041] Net "net1631" has 1 sinks. Skipping...
      [WARNING CTS-0041] Net "net1630" has 1 sinks. Skipping...
      [WARNING CTS-0041] Net "net1629" has 1 sinks. Skipping...
      [WARNING CTS-0041] Net "net1628" has 1 sinks. Skipping...
      [WARNING CTS-0041] Net "net1627" has 1 sinks. Skipping...
      [WARNING CTS-0041] Net "net1626" has 1 sinks. Skipping...
      [WARNING CTS-0041] Net "net1625" has 1 sinks. Skipping...
      [WARNING CTS-0041] Net "net1624" has 1 sinks. Skipping...
      [WARNING CTS-0041] Net "net1623" has 1 sinks. Skipping...
      [WARNING CTS-0041] Net "net1622" has 1 sinks. Skipping...
      [WARNING CTS-0041] Net "net1621" has 1 sinks. Skipping...
      [WARNING CTS-0041] Net "net1620" has 1 sinks. Skipping...
      [WARNING CTS-0041] Net "net1619" has 1 sinks. Skipping...
      [WARNING CTS-0041] Net "net1618" has 1 sinks. Skipping...
      [WARNING CTS-0041] Net "net1617" has 1 sinks. Skipping...
      [WARNING CTS-0041] Net "net1616" has 1 sinks. Skipping...
      [WARNING CTS-0041] Net "net1615" has 1 sinks. Skipping...
      [WARNING CTS-0041] Net "net1614" has 1 sinks. Skipping...
      [WARNING CTS-0041] Net "net1613" has 1 sinks. Skipping...
      [WARNING CTS-0041] Net "net1612" has 1 sinks. Skipping...
      [WARNING CTS-0041] Net "net1611" has 1 sinks. Skipping...
      [WARNING CTS-0041] Net "net1610" has 1 sinks. Skipping...
      [WARNING CTS-0041] Net "net1609" has 1 sinks. Skipping...
      [WARNING CTS-0041] Net "net1608" has 1 sinks. Skipping...
      [WARNING CTS-0041] Net "net1607" has 1 sinks. Skipping...
      [WARNING CTS-0041] Net "net1606" has 1 sinks. Skipping...
      [WARNING CTS-0041] Net "net1605" has 1 sinks. Skipping...
      [WARNING CTS-0041] Net "net1604" has 1 sinks. Skipping...
      [WARNING CTS-0041] Net "net1603" has 1 sinks. Skipping...
      [WARNING CTS-0041] Net "net1602" has 1 sinks. Skipping...
      [WARNING CTS-0041] Net "net1601" has 1 sinks. Skipping...
      [WARNING CTS-0041] Net "net1600" has 1 sinks. Skipping...
      [WARNING CTS-0041] Net "net1599" has 1 sinks. Skipping...
      [WARNING CTS-0041] Net "net1598" has 1 sinks. Skipping...
      [WARNING CTS-0041] Net "net1597" has 1 sinks. Skipping...
      [WARNING CTS-0041] Net "net1596" has 1 sinks. Skipping...
      [WARNING CTS-0041] Net "net1595" has 1 sinks. Skipping...
      [WARNING CTS-0041] Net "net1594" has 1 sinks. Skipping...
      [WARNING CTS-0041] Net "net1593" has 1 sinks. Skipping...
      [WARNING CTS-0041] Net "net1592" has 1 sinks. Skipping...
      [WARNING CTS-0041] Net "net1591" has 1 sinks. Skipping...
      [WARNING CTS-0041] Net "net1590" has 1 sinks. Skipping...
      [WARNING CTS-0041] Net "net1589" has 1 sinks. Skipping...
      [WARNING CTS-0041] Net "net1588" has 1 sinks. Skipping...
      [WARNING CTS-0041] Net "net1587" has 1 sinks. Skipping...
      [WARNING CTS-0041] Net "net1586" has 1 sinks. Skipping...
      [WARNING CTS-0041] Net "net1585" has 1 sinks. Skipping...
      [WARNING CTS-0041] Net "net1584" has 1 sinks. Skipping...
      [WARNING CTS-0041] Net "net1583" has 1 sinks. Skipping...
      [WARNING CTS-0041] Net "net1582" has 1 sinks. Skipping...
      [WARNING CTS-0041] Net "net1581" has 1 sinks. Skipping...
      [WARNING CTS-0041] Net "net1580" has 1 sinks. Skipping...
      [WARNING CTS-0041] Net "net1579" has 1 sinks. Skipping...
      [WARNING CTS-0041] Net "net1578" has 1 sinks. Skipping...
      [WARNING CTS-0041] Net "net1577" has 1 sinks. Skipping...
      [WARNING CTS-0041] Net "net1576" has 1 sinks. Skipping...
      [WARNING CTS-0041] Net "net611" has 1 sinks. Skipping...
      [WARNING CTS-0041] Net "net610" has 1 sinks. Skipping...
      [WARNING CTS-0041] Net "net609" has 1 sinks. Skipping...
      [WARNING CTS-0041] Net "net608" has 1 sinks. Skipping...
      [WARNING CTS-0041] Net "net607" has 1 sinks. Skipping...
      [WARNING CTS-0041] Net "net1191" has 1 sinks. Skipping...
      [WARNING CTS-0041] Net "net1190" has 1 sinks. Skipping...
      [WARNING CTS-0041] Net "net1189" has 1 sinks. Skipping...
      [WARNING CTS-0041] Net "net1188" has 1 sinks. Skipping...
      [WARNING CTS-0041] Net "net1187" has 1 sinks. Skipping...
      [WARNING CTS-0041] Net "net1186" has 1 sinks. Skipping...
      [WARNING CTS-0041] Net "net1185" has 1 sinks. Skipping...
      [WARNING CTS-0041] Net "net1184" has 1 sinks. Skipping...
      [WARNING CTS-0041] Net "net1183" has 1 sinks. Skipping...
      [WARNING CTS-0041] Net "net1182" has 1 sinks. Skipping...
      [WARNING CTS-0041] Net "net1181" has 1 sinks. Skipping...
      [WARNING CTS-0041] Net "net1180" has 1 sinks. Skipping...
      [WARNING CTS-0041] Net "net1179" has 1 sinks. Skipping...
      [WARNING CTS-0041] Net "net1178" has 1 sinks. Skipping...
      [WARNING CTS-0041] Net "net1177" has 1 sinks. Skipping...
      [WARNING CTS-0041] Net "net1176" has 1 sinks. Skipping...
      [WARNING CTS-0041] Net "net1175" has 1 sinks. Skipping...
      [WARNING CTS-0041] Net "net1174" has 1 sinks. Skipping...
      [WARNING CTS-0041] Net "net1173" has 1 sinks. Skipping...
      [WARNING CTS-0041] Net "net1172" has 1 sinks. Skipping...
      [WARNING CTS-0041] Net "net1171" has 1 sinks. Skipping...
      [WARNING CTS-0041] Net "net1170" has 1 sinks. Skipping...
      [WARNING CTS-0041] Net "net1169" has 1 sinks. Skipping...
      [WARNING CTS-0041] Net "net1168" has 1 sinks. Skipping...
      [WARNING CTS-0041] Net "net1167" has 1 sinks. Skipping...
      [WARNING CTS-0041] Net "net1166" has 1 sinks. Skipping...
      [WARNING CTS-0041] Net "net1165" has 1 sinks. Skipping...
      [WARNING CTS-0041] Net "net1164" has 1 sinks. Skipping...
      [WARNING CTS-0041] Net "net1163" has 1 sinks. Skipping...
      [WARNING CTS-0041] Net "net1162" has 1 sinks. Skipping...
      [WARNING CTS-0041] Net "net1161" has 1 sinks. Skipping...
      [WARNING CTS-0041] Net "net1160" has 1 sinks. Skipping...
      [WARNING CTS-0041] Net "net1159" has 1 sinks. Skipping...
      [WARNING CTS-0041] Net "net1158" has 1 sinks. Skipping...
      [WARNING CTS-0041] Net "net1157" has 1 sinks. Skipping...
      [WARNING CTS-0041] Net "net1156" has 1 sinks. Skipping...
      [WARNING CTS-0041] Net "net1155" has 1 sinks. Skipping...
      [WARNING CTS-0041] Net "net1154" has 1 sinks. Skipping...
      [WARNING CTS-0041] Net "net1153" has 1 sinks. Skipping...
      [WARNING CTS-0041] Net "net1152" has 1 sinks. Skipping...
      [WARNING CTS-0041] Net "net1151" has 1 sinks. Skipping...
      [WARNING CTS-0041] Net "net1150" has 1 sinks. Skipping...
      [WARNING CTS-0041] Net "net1149" has 1 sinks. Skipping...
      [WARNING CTS-0041] Net "net1148" has 1 sinks. Skipping...
      [WARNING CTS-0041] Net "net1147" has 1 sinks. Skipping...
      [WARNING CTS-0041] Net "net1146" has 1 sinks. Skipping...
      [WARNING CTS-0041] Net "net1145" has 1 sinks. Skipping...
      [WARNING CTS-0041] Net "net1144" has 1 sinks. Skipping...
      [WARNING CTS-0041] Net "net1143" has 1 sinks. Skipping...
      [WARNING CTS-0041] Net "net1142" has 1 sinks. Skipping...
      [WARNING CTS-0041] Net "net1141" has 1 sinks. Skipping...
      [WARNING CTS-0041] Net "net1140" has 1 sinks. Skipping...
      [WARNING CTS-0041] Net "net1139" has 1 sinks. Skipping...
      [WARNING CTS-0041] Net "net1138" has 1 sinks. Skipping...
      [WARNING CTS-0041] Net "net1137" has 1 sinks. Skipping...
      [WARNING CTS-0041] Net "net1136" has 1 sinks. Skipping...
      [WARNING CTS-0041] Net "net1135" has 1 sinks. Skipping...
      [WARNING CTS-0041] Net "net1134" has 1 sinks. Skipping...
      [WARNING CTS-0041] Net "net1133" has 1 sinks. Skipping...
      [WARNING CTS-0041] Net "net1132" has 1 sinks. Skipping...
      [WARNING CTS-0041] Net "net1131" has 1 sinks. Skipping...
      [WARNING CTS-0041] Net "net1130" has 1 sinks. Skipping...
      [WARNING CTS-0041] Net "net1129" has 1 sinks. Skipping...
      [WARNING CTS-0041] Net "net1128" has 1 sinks. Skipping...
      [WARNING CTS-0041] Net "net606" has 1 sinks. Skipping...
      [WARNING CTS-0041] Net "net1255" has 1 sinks. Skipping...
      [WARNING CTS-0041] Net "net1254" has 1 sinks. Skipping...
      [WARNING CTS-0041] Net "net1253" has 1 sinks. Skipping...
      [WARNING CTS-0041] Net "net1252" has 1 sinks. Skipping...
      [WARNING CTS-0041] Net "net1251" has 1 sinks. Skipping...
      [WARNING CTS-0041] Net "net1250" has 1 sinks. Skipping...
      [WARNING CTS-0041] Net "net1249" has 1 sinks. Skipping...
      [WARNING CTS-0041] Net "net1248" has 1 sinks. Skipping...
      [WARNING CTS-0041] Net "net1247" has 1 sinks. Skipping...
      [WARNING CTS-0041] Net "net1246" has 1 sinks. Skipping...
      [WARNING CTS-0041] Net "net1245" has 1 sinks. Skipping...
      [WARNING CTS-0041] Net "net1244" has 1 sinks. Skipping...
      [WARNING CTS-0041] Net "net1243" has 1 sinks. Skipping...
      [WARNING CTS-0041] Net "net1242" has 1 sinks. Skipping...
      [WARNING CTS-0041] Net "net1241" has 1 sinks. Skipping...
      [WARNING CTS-0041] Net "net1240" has 1 sinks. Skipping...
      [WARNING CTS-0041] Net "net1239" has 1 sinks. Skipping...
      [WARNING CTS-0041] Net "net1238" has 1 sinks. Skipping...
      [WARNING CTS-0041] Net "net1237" has 1 sinks. Skipping...
      [WARNING CTS-0041] Net "net1236" has 1 sinks. Skipping...
      [WARNING CTS-0041] Net "net1235" has 1 sinks. Skipping...
      [WARNING CTS-0041] Net "net1234" has 1 sinks. Skipping...
      [WARNING CTS-0041] Net "net1233" has 1 sinks. Skipping...
      [WARNING CTS-0041] Net "net1232" has 1 sinks. Skipping...
      [WARNING CTS-0041] Net "net1231" has 1 sinks. Skipping...
      [WARNING CTS-0041] Net "net1230" has 1 sinks. Skipping...
      [WARNING CTS-0041] Net "net1229" has 1 sinks. Skipping...
      [WARNING CTS-0041] Net "net1228" has 1 sinks. Skipping...
      [WARNING CTS-0041] Net "net1227" has 1 sinks. Skipping...
      [WARNING CTS-0041] Net "net1226" has 1 sinks. Skipping...
      [WARNING CTS-0041] Net "net1225" has 1 sinks. Skipping...
      [WARNING CTS-0041] Net "net1224" has 1 sinks. Skipping...
      [WARNING CTS-0041] Net "net1223" has 1 sinks. Skipping...
      [WARNING CTS-0041] Net "net1222" has 1 sinks. Skipping...
      [WARNING CTS-0041] Net "net1221" has 1 sinks. Skipping...
      [WARNING CTS-0041] Net "net1220" has 1 sinks. Skipping...
      [WARNING CTS-0041] Net "net1219" has 1 sinks. Skipping...
      [WARNING CTS-0041] Net "net1218" has 1 sinks. Skipping...
      [WARNING CTS-0041] Net "net1217" has 1 sinks. Skipping...
      [WARNING CTS-0041] Net "net1216" has 1 sinks. Skipping...
      [WARNING CTS-0041] Net "net1215" has 1 sinks. Skipping...
      [WARNING CTS-0041] Net "net1214" has 1 sinks. Skipping...
      [WARNING CTS-0041] Net "net1213" has 1 sinks. Skipping...
      [WARNING CTS-0041] Net "net1212" has 1 sinks. Skipping...
      [WARNING CTS-0041] Net "net1211" has 1 sinks. Skipping...
      [WARNING CTS-0041] Net "net1210" has 1 sinks. Skipping...
      [WARNING CTS-0041] Net "net1209" has 1 sinks. Skipping...
      [WARNING CTS-0041] Net "net1208" has 1 sinks. Skipping...
      [WARNING CTS-0041] Net "net1207" has 1 sinks. Skipping...
      [WARNING CTS-0041] Net "net1206" has 1 sinks. Skipping...
      [WARNING CTS-0041] Net "net1205" has 1 sinks. Skipping...
      [WARNING CTS-0041] Net "net1204" has 1 sinks. Skipping...
      [WARNING CTS-0041] Net "net1203" has 1 sinks. Skipping...
      [WARNING CTS-0041] Net "net1202" has 1 sinks. Skipping...
      [WARNING CTS-0041] Net "net1201" has 1 sinks. Skipping...
      [WARNING CTS-0041] Net "net1200" has 1 sinks. Skipping...
      [WARNING CTS-0041] Net "net1199" has 1 sinks. Skipping...
      [WARNING CTS-0041] Net "net1198" has 1 sinks. Skipping...
      [WARNING CTS-0041] Net "net1197" has 1 sinks. Skipping...
      [WARNING CTS-0041] Net "net1196" has 1 sinks. Skipping...
      [WARNING CTS-0041] Net "net1195" has 1 sinks. Skipping...
      [WARNING CTS-0041] Net "net1194" has 1 sinks. Skipping...
      [WARNING CTS-0041] Net "net1193" has 1 sinks. Skipping...
      [WARNING CTS-0041] Net "net1192" has 1 sinks. Skipping...
      [WARNING CTS-0041] Net "net605" has 1 sinks. Skipping...
      [WARNING CTS-0041] Net "net1319" has 1 sinks. Skipping...
      [WARNING CTS-0041] Net "net1318" has 1 sinks. Skipping...
      [WARNING CTS-0041] Net "net1317" has 1 sinks. Skipping...
      [WARNING CTS-0041] Net "net1316" has 1 sinks. Skipping...
      [WARNING CTS-0041] Net "net1315" has 1 sinks. Skipping...
      [WARNING CTS-0041] Net "net1314" has 1 sinks. Skipping...
      [WARNING CTS-0041] Net "net1313" has 1 sinks. Skipping...
      [WARNING CTS-0041] Net "net1312" has 1 sinks. Skipping...
      [WARNING CTS-0041] Net "net1311" has 1 sinks. Skipping...
      [WARNING CTS-0041] Net "net1310" has 1 sinks. Skipping...
      [WARNING CTS-0041] Net "net1309" has 1 sinks. Skipping...
      [WARNING CTS-0041] Net "net1308" has 1 sinks. Skipping...
      [WARNING CTS-0041] Net "net1307" has 1 sinks. Skipping...
      [WARNING CTS-0041] Net "net1306" has 1 sinks. Skipping...
      [WARNING CTS-0041] Net "net1305" has 1 sinks. Skipping...
      [WARNING CTS-0041] Net "net1304" has 1 sinks. Skipping...
      [WARNING CTS-0041] Net "net1303" has 1 sinks. Skipping...
      [WARNING CTS-0041] Net "net1302" has 1 sinks. Skipping...
      [WARNING CTS-0041] Net "net1301" has 1 sinks. Skipping...
      [WARNING CTS-0041] Net "net1300" has 1 sinks. Skipping...
      [WARNING CTS-0041] Net "net1299" has 1 sinks. Skipping...
      [WARNING CTS-0041] Net "net1298" has 1 sinks. Skipping...
      [WARNING CTS-0041] Net "net1297" has 1 sinks. Skipping...
      [WARNING CTS-0041] Net "net1296" has 1 sinks. Skipping...
      [WARNING CTS-0041] Net "net1295" has 1 sinks. Skipping...
      [WARNING CTS-0041] Net "net1294" has 1 sinks. Skipping...
      [WARNING CTS-0041] Net "net1293" has 1 sinks. Skipping...
      [WARNING CTS-0041] Net "net1292" has 1 sinks. Skipping...
      [WARNING CTS-0041] Net "net1291" has 1 sinks. Skipping...
      [WARNING CTS-0041] Net "net1290" has 1 sinks. Skipping...
      [WARNING CTS-0041] Net "net1289" has 1 sinks. Skipping...
      [WARNING CTS-0041] Net "net1288" has 1 sinks. Skipping...
      [WARNING CTS-0041] Net "net1287" has 1 sinks. Skipping...
      [WARNING CTS-0041] Net "net1286" has 1 sinks. Skipping...
      [WARNING CTS-0041] Net "net1285" has 1 sinks. Skipping...
      [WARNING CTS-0041] Net "net1284" has 1 sinks. Skipping...
      [WARNING CTS-0041] Net "net1283" has 1 sinks. Skipping...
      [WARNING CTS-0041] Net "net1282" has 1 sinks. Skipping...
      [WARNING CTS-0041] Net "net1281" has 1 sinks. Skipping...
      [WARNING CTS-0041] Net "net1280" has 1 sinks. Skipping...
      [WARNING CTS-0041] Net "net1279" has 1 sinks. Skipping...
      [WARNING CTS-0041] Net "net1278" has 1 sinks. Skipping...
      [WARNING CTS-0041] Net "net1277" has 1 sinks. Skipping...
      [WARNING CTS-0041] Net "net1276" has 1 sinks. Skipping...
      [WARNING CTS-0041] Net "net1275" has 1 sinks. Skipping...
      [WARNING CTS-0041] Net "net1274" has 1 sinks. Skipping...
      [WARNING CTS-0041] Net "net1273" has 1 sinks. Skipping...
      [WARNING CTS-0041] Net "net1272" has 1 sinks. Skipping...
      [WARNING CTS-0041] Net "net1271" has 1 sinks. Skipping...
      [WARNING CTS-0041] Net "net1270" has 1 sinks. Skipping...
      [WARNING CTS-0041] Net "net1269" has 1 sinks. Skipping...
      [WARNING CTS-0041] Net "net1268" has 1 sinks. Skipping...
      [WARNING CTS-0041] Net "net1267" has 1 sinks. Skipping...
      [WARNING CTS-0041] Net "net1266" has 1 sinks. Skipping...
      [WARNING CTS-0041] Net "net1265" has 1 sinks. Skipping...
      [WARNING CTS-0041] Net "net1264" has 1 sinks. Skipping...
      [WARNING CTS-0041] Net "net1263" has 1 sinks. Skipping...
      [WARNING CTS-0041] Net "net1262" has 1 sinks. Skipping...
      [WARNING CTS-0041] Net "net1261" has 1 sinks. Skipping...
      [WARNING CTS-0041] Net "net1260" has 1 sinks. Skipping...
      [WARNING CTS-0041] Net "net1259" has 1 sinks. Skipping...
      [WARNING CTS-0041] Net "net1258" has 1 sinks. Skipping...
      [WARNING CTS-0041] Net "net1257" has 1 sinks. Skipping...
      [WARNING CTS-0041] Net "net1256" has 1 sinks. Skipping...
      [WARNING CTS-0041] Net "net604" has 1 sinks. Skipping...
      [WARNING CTS-0041] Net "net1383" has 1 sinks. Skipping...
      [WARNING CTS-0041] Net "net1382" has 1 sinks. Skipping...
      [WARNING CTS-0041] Net "net1381" has 1 sinks. Skipping...
      [WARNING CTS-0041] Net "net1380" has 1 sinks. Skipping...
      [WARNING CTS-0041] Net "net1379" has 1 sinks. Skipping...
      [WARNING CTS-0041] Net "net1378" has 1 sinks. Skipping...
      [WARNING CTS-0041] Net "net1377" has 1 sinks. Skipping...
      [WARNING CTS-0041] Net "net1376" has 1 sinks. Skipping...
      [WARNING CTS-0041] Net "net1375" has 1 sinks. Skipping...
      [WARNING CTS-0041] Net "net1374" has 1 sinks. Skipping...
      [WARNING CTS-0041] Net "net1373" has 1 sinks. Skipping...
      [WARNING CTS-0041] Net "net1372" has 1 sinks. Skipping...
      [WARNING CTS-0041] Net "net1371" has 1 sinks. Skipping...
      [WARNING CTS-0041] Net "net1370" has 1 sinks. Skipping...
      [WARNING CTS-0041] Net "net1369" has 1 sinks. Skipping...
      [WARNING CTS-0041] Net "net1368" has 1 sinks. Skipping...
      [WARNING CTS-0041] Net "net1367" has 1 sinks. Skipping...
      [WARNING CTS-0041] Net "net1366" has 1 sinks. Skipping...
      [WARNING CTS-0041] Net "net1365" has 1 sinks. Skipping...
      [WARNING CTS-0041] Net "net1364" has 1 sinks. Skipping...
      [WARNING CTS-0041] Net "net1363" has 1 sinks. Skipping...
      [WARNING CTS-0041] Net "net1362" has 1 sinks. Skipping...
      [WARNING CTS-0041] Net "net1361" has 1 sinks. Skipping...
      [WARNING CTS-0041] Net "net1360" has 1 sinks. Skipping...
      [WARNING CTS-0041] Net "net1359" has 1 sinks. Skipping...
      [WARNING CTS-0041] Net "net1358" has 1 sinks. Skipping...
      [WARNING CTS-0041] Net "net1357" has 1 sinks. Skipping...
      [WARNING CTS-0041] Net "net1356" has 1 sinks. Skipping...
      [WARNING CTS-0041] Net "net1355" has 1 sinks. Skipping...
      [WARNING CTS-0041] Net "net1354" has 1 sinks. Skipping...
      [WARNING CTS-0041] Net "net1353" has 1 sinks. Skipping...
      [WARNING CTS-0041] Net "net1352" has 1 sinks. Skipping...
      [WARNING CTS-0041] Net "net1351" has 1 sinks. Skipping...
      [WARNING CTS-0041] Net "net1350" has 1 sinks. Skipping...
      [WARNING CTS-0041] Net "net1349" has 1 sinks. Skipping...
      [WARNING CTS-0041] Net "net1348" has 1 sinks. Skipping...
      [WARNING CTS-0041] Net "net1347" has 1 sinks. Skipping...
      [WARNING CTS-0041] Net "net1346" has 1 sinks. Skipping...
      [WARNING CTS-0041] Net "net1345" has 1 sinks. Skipping...
      [WARNING CTS-0041] Net "net1344" has 1 sinks. Skipping...
      [WARNING CTS-0041] Net "net1343" has 1 sinks. Skipping...
      [WARNING CTS-0041] Net "net1342" has 1 sinks. Skipping...
      [WARNING CTS-0041] Net "net1341" has 1 sinks. Skipping...
      [WARNING CTS-0041] Net "net1340" has 1 sinks. Skipping...
      [WARNING CTS-0041] Net "net1339" has 1 sinks. Skipping...
      [WARNING CTS-0041] Net "net1338" has 1 sinks. Skipping...
      [WARNING CTS-0041] Net "net1337" has 1 sinks. Skipping...
      [WARNING CTS-0041] Net "net1336" has 1 sinks. Skipping...
      [WARNING CTS-0041] Net "net1335" has 1 sinks. Skipping...
      [WARNING CTS-0041] Net "net1334" has 1 sinks. Skipping...
      [WARNING CTS-0041] Net "net1333" has 1 sinks. Skipping...
      [WARNING CTS-0041] Net "net1332" has 1 sinks. Skipping...
      [WARNING CTS-0041] Net "net1331" has 1 sinks. Skipping...
      [WARNING CTS-0041] Net "net1330" has 1 sinks. Skipping...
      [WARNING CTS-0041] Net "net1329" has 1 sinks. Skipping...
      [WARNING CTS-0041] Net "net1328" has 1 sinks. Skipping...
      [WARNING CTS-0041] Net "net1327" has 1 sinks. Skipping...
      [WARNING CTS-0041] Net "net1326" has 1 sinks. Skipping...
      [WARNING CTS-0041] Net "net1325" has 1 sinks. Skipping...
      [WARNING CTS-0041] Net "net1324" has 1 sinks. Skipping...
      [WARNING CTS-0041] Net "net1323" has 1 sinks. Skipping...
      [WARNING CTS-0041] Net "net1322" has 1 sinks. Skipping...
      [WARNING CTS-0041] Net "net1321" has 1 sinks. Skipping...
      [WARNING CTS-0041] Net "net1320" has 1 sinks. Skipping...
      [WARNING CTS-0041] Net "net603" has 1 sinks. Skipping...
      [WARNING CTS-0041] Net "net602" has 1 sinks. Skipping...
      [WARNING CTS-0041] Net "net601" has 1 sinks. Skipping...
      [WARNING CTS-0041] Net "net600" has 1 sinks. Skipping...
      [WARNING CTS-0041] Net "net599" has 1 sinks. Skipping...
      [WARNING CTS-0041] Net "net935" has 1 sinks. Skipping...
      [WARNING CTS-0041] Net "net934" has 1 sinks. Skipping...
      [WARNING CTS-0041] Net "net933" has 1 sinks. Skipping...
      [WARNING CTS-0041] Net "net932" has 1 sinks. Skipping...
      [WARNING CTS-0041] Net "net931" has 1 sinks. Skipping...
      [WARNING CTS-0041] Net "net930" has 1 sinks. Skipping...
      [WARNING CTS-0041] Net "net929" has 1 sinks. Skipping...
      [WARNING CTS-0041] Net "net928" has 1 sinks. Skipping...
      [WARNING CTS-0041] Net "net927" has 1 sinks. Skipping...
      [WARNING CTS-0041] Net "net926" has 1 sinks. Skipping...
      [WARNING CTS-0041] Net "net925" has 1 sinks. Skipping...
      [WARNING CTS-0041] Net "net924" has 1 sinks. Skipping...
      [WARNING CTS-0041] Net "net923" has 1 sinks. Skipping...
      [WARNING CTS-0041] Net "net922" has 1 sinks. Skipping...
      [WARNING CTS-0041] Net "net921" has 1 sinks. Skipping...
      [WARNING CTS-0041] Net "net920" has 1 sinks. Skipping...
      [WARNING CTS-0041] Net "net919" has 1 sinks. Skipping...
      [WARNING CTS-0041] Net "net918" has 1 sinks. Skipping...
      [WARNING CTS-0041] Net "net917" has 1 sinks. Skipping...
      [WARNING CTS-0041] Net "net916" has 1 sinks. Skipping...
      [WARNING CTS-0041] Net "net915" has 1 sinks. Skipping...
      [WARNING CTS-0041] Net "net914" has 1 sinks. Skipping...
      [WARNING CTS-0041] Net "net913" has 1 sinks. Skipping...
      [WARNING CTS-0041] Net "net912" has 1 sinks. Skipping...
      [WARNING CTS-0041] Net "net911" has 1 sinks. Skipping...
      [WARNING CTS-0041] Net "net910" has 1 sinks. Skipping...
      [WARNING CTS-0041] Net "net909" has 1 sinks. Skipping...
      [WARNING CTS-0041] Net "net908" has 1 sinks. Skipping...
      [WARNING CTS-0041] Net "net907" has 1 sinks. Skipping...
      [WARNING CTS-0041] Net "net906" has 1 sinks. Skipping...
      [WARNING CTS-0041] Net "net905" has 1 sinks. Skipping...
      [WARNING CTS-0041] Net "net904" has 1 sinks. Skipping...
      [WARNING CTS-0041] Net "net903" has 1 sinks. Skipping...
      [WARNING CTS-0041] Net "net902" has 1 sinks. Skipping...
      [WARNING CTS-0041] Net "net901" has 1 sinks. Skipping...
      [WARNING CTS-0041] Net "net900" has 1 sinks. Skipping...
      [WARNING CTS-0041] Net "net899" has 1 sinks. Skipping...
      [WARNING CTS-0041] Net "net898" has 1 sinks. Skipping...
      [WARNING CTS-0041] Net "net897" has 1 sinks. Skipping...
      [WARNING CTS-0041] Net "net896" has 1 sinks. Skipping...
      [WARNING CTS-0041] Net "net895" has 1 sinks. Skipping...
      [WARNING CTS-0041] Net "net894" has 1 sinks. Skipping...
      [WARNING CTS-0041] Net "net893" has 1 sinks. Skipping...
      [WARNING CTS-0041] Net "net892" has 1 sinks. Skipping...
      [WARNING CTS-0041] Net "net891" has 1 sinks. Skipping...
      [WARNING CTS-0041] Net "net890" has 1 sinks. Skipping...
      [WARNING CTS-0041] Net "net889" has 1 sinks. Skipping...
      [WARNING CTS-0041] Net "net888" has 1 sinks. Skipping...
      [WARNING CTS-0041] Net "net887" has 1 sinks. Skipping...
      [WARNING CTS-0041] Net "net886" has 1 sinks. Skipping...
      [WARNING CTS-0041] Net "net885" has 1 sinks. Skipping...
      [WARNING CTS-0041] Net "net884" has 1 sinks. Skipping...
      [WARNING CTS-0041] Net "net883" has 1 sinks. Skipping...
      [WARNING CTS-0041] Net "net882" has 1 sinks. Skipping...
      [WARNING CTS-0041] Net "net881" has 1 sinks. Skipping...
      [WARNING CTS-0041] Net "net880" has 1 sinks. Skipping...
      [WARNING CTS-0041] Net "net879" has 1 sinks. Skipping...
      [WARNING CTS-0041] Net "net878" has 1 sinks. Skipping...
      [WARNING CTS-0041] Net "net877" has 1 sinks. Skipping...
      [WARNING CTS-0041] Net "net876" has 1 sinks. Skipping...
      [WARNING CTS-0041] Net "net875" has 1 sinks. Skipping...
      [WARNING CTS-0041] Net "net874" has 1 sinks. Skipping...
      [WARNING CTS-0041] Net "net873" has 1 sinks. Skipping...
      [WARNING CTS-0041] Net "net872" has 1 sinks. Skipping...
      [WARNING CTS-0041] Net "net598" has 1 sinks. Skipping...
      [WARNING CTS-0041] Net "net999" has 1 sinks. Skipping...
      [WARNING CTS-0041] Net "net998" has 1 sinks. Skipping...
      [WARNING CTS-0041] Net "net997" has 1 sinks. Skipping...
      [WARNING CTS-0041] Net "net996" has 1 sinks. Skipping...
      [WARNING CTS-0041] Net "net995" has 1 sinks. Skipping...
      [WARNING CTS-0041] Net "net994" has 1 sinks. Skipping...
      [WARNING CTS-0041] Net "net993" has 1 sinks. Skipping...
      [WARNING CTS-0041] Net "net992" has 1 sinks. Skipping...
      [WARNING CTS-0041] Net "net991" has 1 sinks. Skipping...
      [WARNING CTS-0041] Net "net990" has 1 sinks. Skipping...
      [WARNING CTS-0041] Net "net989" has 1 sinks. Skipping...
      [WARNING CTS-0041] Net "net988" has 1 sinks. Skipping...
      [WARNING CTS-0041] Net "net987" has 1 sinks. Skipping...
      [WARNING CTS-0041] Net "net986" has 1 sinks. Skipping...
      [WARNING CTS-0041] Net "net985" has 1 sinks. Skipping...
      [WARNING CTS-0041] Net "net984" has 1 sinks. Skipping...
      [WARNING CTS-0041] Net "net983" has 1 sinks. Skipping...
      [WARNING CTS-0041] Net "net982" has 1 sinks. Skipping...
      [WARNING CTS-0041] Net "net981" has 1 sinks. Skipping...
      [WARNING CTS-0041] Net "net980" has 1 sinks. Skipping...
      [WARNING CTS-0041] Net "net979" has 1 sinks. Skipping...
      [WARNING CTS-0041] Net "net978" has 1 sinks. Skipping...
      [WARNING CTS-0041] Net "net977" has 1 sinks. Skipping...
      [WARNING CTS-0041] Net "net976" has 1 sinks. Skipping...
      [WARNING CTS-0041] Net "net975" has 1 sinks. Skipping...
      [WARNING CTS-0041] Net "net974" has 1 sinks. Skipping...
      [WARNING CTS-0041] Net "net973" has 1 sinks. Skipping...
      [WARNING CTS-0041] Net "net972" has 1 sinks. Skipping...
      [WARNING CTS-0041] Net "net971" has 1 sinks. Skipping...
      [WARNING CTS-0041] Net "net970" has 1 sinks. Skipping...
      [WARNING CTS-0041] Net "net969" has 1 sinks. Skipping...
      [WARNING CTS-0041] Net "net968" has 1 sinks. Skipping...
      [WARNING CTS-0041] Net "net967" has 1 sinks. Skipping...
      [WARNING CTS-0041] Net "net966" has 1 sinks. Skipping...
      [WARNING CTS-0041] Net "net965" has 1 sinks. Skipping...
      [WARNING CTS-0041] Net "net964" has 1 sinks. Skipping...
      [WARNING CTS-0041] Net "net963" has 1 sinks. Skipping...
      [WARNING CTS-0041] Net "net962" has 1 sinks. Skipping...
      [WARNING CTS-0041] Net "net961" has 1 sinks. Skipping...
      [WARNING CTS-0041] Net "net960" has 1 sinks. Skipping...
      [WARNING CTS-0041] Net "net959" has 1 sinks. Skipping...
      [WARNING CTS-0041] Net "net958" has 1 sinks. Skipping...
      [WARNING CTS-0041] Net "net957" has 1 sinks. Skipping...
      [WARNING CTS-0041] Net "net956" has 1 sinks. Skipping...
      [WARNING CTS-0041] Net "net955" has 1 sinks. Skipping...
      [WARNING CTS-0041] Net "net954" has 1 sinks. Skipping...
      [WARNING CTS-0041] Net "net953" has 1 sinks. Skipping...
      [WARNING CTS-0041] Net "net952" has 1 sinks. Skipping...
      [WARNING CTS-0041] Net "net951" has 1 sinks. Skipping...
      [WARNING CTS-0041] Net "net950" has 1 sinks. Skipping...
      [WARNING CTS-0041] Net "net949" has 1 sinks. Skipping...
      [WARNING CTS-0041] Net "net948" has 1 sinks. Skipping...
      [WARNING CTS-0041] Net "net947" has 1 sinks. Skipping...
      [WARNING CTS-0041] Net "net946" has 1 sinks. Skipping...
      [WARNING CTS-0041] Net "net945" has 1 sinks. Skipping...
      [WARNING CTS-0041] Net "net944" has 1 sinks. Skipping...
      [WARNING CTS-0041] Net "net943" has 1 sinks. Skipping...
      [WARNING CTS-0041] Net "net942" has 1 sinks. Skipping...
      [WARNING CTS-0041] Net "net941" has 1 sinks. Skipping...
      [WARNING CTS-0041] Net "net940" has 1 sinks. Skipping...
      [WARNING CTS-0041] Net "net939" has 1 sinks. Skipping...
      [WARNING CTS-0041] Net "net938" has 1 sinks. Skipping...
      [WARNING CTS-0041] Net "net937" has 1 sinks. Skipping...
      [WARNING CTS-0041] Net "net936" has 1 sinks. Skipping...
      [WARNING CTS-0041] Net "net597" has 1 sinks. Skipping...
      [WARNING CTS-0041] Net "net1063" has 1 sinks. Skipping...
      [WARNING CTS-0041] Net "net1062" has 1 sinks. Skipping...
      [WARNING CTS-0041] Net "net1061" has 1 sinks. Skipping...
      [WARNING CTS-0041] Net "net1060" has 1 sinks. Skipping...
      [WARNING CTS-0041] Net "net1059" has 1 sinks. Skipping...
      [WARNING CTS-0041] Net "net1058" has 1 sinks. Skipping...
      [WARNING CTS-0041] Net "net1057" has 1 sinks. Skipping...
      [WARNING CTS-0041] Net "net1056" has 1 sinks. Skipping...
      [WARNING CTS-0041] Net "net1055" has 1 sinks. Skipping...
      [WARNING CTS-0041] Net "net1054" has 1 sinks. Skipping...
      [WARNING CTS-0041] Net "net1053" has 1 sinks. Skipping...
      [WARNING CTS-0041] Net "net1052" has 1 sinks. Skipping...
      [WARNING CTS-0041] Net "net1051" has 1 sinks. Skipping...
      [WARNING CTS-0041] Net "net1050" has 1 sinks. Skipping...
      [WARNING CTS-0041] Net "net1049" has 1 sinks. Skipping...
      [WARNING CTS-0041] Net "net1048" has 1 sinks. Skipping...
      [WARNING CTS-0041] Net "net1047" has 1 sinks. Skipping...
      [WARNING CTS-0041] Net "net1046" has 1 sinks. Skipping...
      [WARNING CTS-0041] Net "net1045" has 1 sinks. Skipping...
      [WARNING CTS-0041] Net "net1044" has 1 sinks. Skipping...
      [WARNING CTS-0041] Net "net1043" has 1 sinks. Skipping...
      [WARNING CTS-0041] Net "net1042" has 1 sinks. Skipping...
      [WARNING CTS-0041] Net "net1041" has 1 sinks. Skipping...
      [WARNING CTS-0041] Net "net1040" has 1 sinks. Skipping...
      [WARNING CTS-0041] Net "net1039" has 1 sinks. Skipping...
      [WARNING CTS-0041] Net "net1038" has 1 sinks. Skipping...
      [WARNING CTS-0041] Net "net1037" has 1 sinks. Skipping...
      [WARNING CTS-0041] Net "net1036" has 1 sinks. Skipping...
      [WARNING CTS-0041] Net "net1035" has 1 sinks. Skipping...
      [WARNING CTS-0041] Net "net1034" has 1 sinks. Skipping...
      [WARNING CTS-0041] Net "net1033" has 1 sinks. Skipping...
      [WARNING CTS-0041] Net "net1032" has 1 sinks. Skipping...
      [WARNING CTS-0041] Net "net1031" has 1 sinks. Skipping...
      [WARNING CTS-0041] Net "net1030" has 1 sinks. Skipping...
      [WARNING CTS-0041] Net "net1029" has 1 sinks. Skipping...
      [WARNING CTS-0041] Net "net1028" has 1 sinks. Skipping...
      [WARNING CTS-0041] Net "net1027" has 1 sinks. Skipping...
      [WARNING CTS-0041] Net "net1026" has 1 sinks. Skipping...
      [WARNING CTS-0041] Net "net1025" has 1 sinks. Skipping...
      [WARNING CTS-0041] Net "net1024" has 1 sinks. Skipping...
      [WARNING CTS-0041] Net "net1023" has 1 sinks. Skipping...
      [WARNING CTS-0041] Net "net1022" has 1 sinks. Skipping...
      [WARNING CTS-0041] Net "net1021" has 1 sinks. Skipping...
      [WARNING CTS-0041] Net "net1020" has 1 sinks. Skipping...
      [WARNING CTS-0041] Net "net1019" has 1 sinks. Skipping...
      [WARNING CTS-0041] Net "net1018" has 1 sinks. Skipping...
      [WARNING CTS-0041] Net "net1017" has 1 sinks. Skipping...
      [WARNING CTS-0041] Net "net1016" has 1 sinks. Skipping...
      [WARNING CTS-0041] Net "net1015" has 1 sinks. Skipping...
      [WARNING CTS-0041] Net "net1014" has 1 sinks. Skipping...
      [WARNING CTS-0041] Net "net1013" has 1 sinks. Skipping...
      [WARNING CTS-0041] Net "net1012" has 1 sinks. Skipping...
      [WARNING CTS-0041] Net "net1011" has 1 sinks. Skipping...
      [WARNING CTS-0041] Net "net1010" has 1 sinks. Skipping...
      [WARNING CTS-0041] Net "net1009" has 1 sinks. Skipping...
      [WARNING CTS-0041] Net "net1008" has 1 sinks. Skipping...
      [WARNING CTS-0041] Net "net1007" has 1 sinks. Skipping...
      [WARNING CTS-0041] Net "net1006" has 1 sinks. Skipping...
      [WARNING CTS-0041] Net "net1005" has 1 sinks. Skipping...
      [WARNING CTS-0041] Net "net1004" has 1 sinks. Skipping...
      [WARNING CTS-0041] Net "net1003" has 1 sinks. Skipping...
      [WARNING CTS-0041] Net "net1002" has 1 sinks. Skipping...
      [WARNING CTS-0041] Net "net1001" has 1 sinks. Skipping...
      [WARNING CTS-0041] Net "net1000" has 1 sinks. Skipping...
      [WARNING CTS-0041] Net "net596" has 1 sinks. Skipping...
      [WARNING CTS-0041] Net "net1127" has 1 sinks. Skipping...
      [WARNING CTS-0041] Net "net1126" has 1 sinks. Skipping...
      [WARNING CTS-0041] Net "net1125" has 1 sinks. Skipping...
      [WARNING CTS-0041] Net "net1124" has 1 sinks. Skipping...
      [WARNING CTS-0041] Net "net1123" has 1 sinks. Skipping...
      [WARNING CTS-0041] Net "net1122" has 1 sinks. Skipping...
      [WARNING CTS-0041] Net "net1121" has 1 sinks. Skipping...
      [WARNING CTS-0041] Net "net1120" has 1 sinks. Skipping...
      [WARNING CTS-0041] Net "net1119" has 1 sinks. Skipping...
      [WARNING CTS-0041] Net "net1118" has 1 sinks. Skipping...
      [WARNING CTS-0041] Net "net1117" has 1 sinks. Skipping...
      [WARNING CTS-0041] Net "net1116" has 1 sinks. Skipping...
      [WARNING CTS-0041] Net "net1115" has 1 sinks. Skipping...
      [WARNING CTS-0041] Net "net1114" has 1 sinks. Skipping...
      [WARNING CTS-0041] Net "net1113" has 1 sinks. Skipping...
      [WARNING CTS-0041] Net "net1112" has 1 sinks. Skipping...
      [WARNING CTS-0041] Net "net1111" has 1 sinks. Skipping...
      [WARNING CTS-0041] Net "net1110" has 1 sinks. Skipping...
      [WARNING CTS-0041] Net "net1109" has 1 sinks. Skipping...
      [WARNING CTS-0041] Net "net1108" has 1 sinks. Skipping...
      [WARNING CTS-0041] Net "net1107" has 1 sinks. Skipping...
      [WARNING CTS-0041] Net "net1106" has 1 sinks. Skipping...
      [WARNING CTS-0041] Net "net1105" has 1 sinks. Skipping...
      [WARNING CTS-0041] Net "net1104" has 1 sinks. Skipping...
      [WARNING CTS-0041] Net "net1103" has 1 sinks. Skipping...
      [WARNING CTS-0041] Net "net1102" has 1 sinks. Skipping...
      [WARNING CTS-0041] Net "net1101" has 1 sinks. Skipping...
      [WARNING CTS-0041] Net "net1100" has 1 sinks. Skipping...
      [WARNING CTS-0041] Net "net1099" has 1 sinks. Skipping...
      [WARNING CTS-0041] Net "net1098" has 1 sinks. Skipping...
      [WARNING CTS-0041] Net "net1097" has 1 sinks. Skipping...
      [WARNING CTS-0041] Net "net1096" has 1 sinks. Skipping...
      [WARNING CTS-0041] Net "net1095" has 1 sinks. Skipping...
      [WARNING CTS-0041] Net "net1094" has 1 sinks. Skipping...
      [WARNING CTS-0041] Net "net1093" has 1 sinks. Skipping...
      [WARNING CTS-0041] Net "net1092" has 1 sinks. Skipping...
      [WARNING CTS-0041] Net "net1091" has 1 sinks. Skipping...
      [WARNING CTS-0041] Net "net1090" has 1 sinks. Skipping...
      [WARNING CTS-0041] Net "net1089" has 1 sinks. Skipping...
      [WARNING CTS-0041] Net "net1088" has 1 sinks. Skipping...
      [WARNING CTS-0041] Net "net1087" has 1 sinks. Skipping...
      [WARNING CTS-0041] Net "net1086" has 1 sinks. Skipping...
      [WARNING CTS-0041] Net "net1085" has 1 sinks. Skipping...
      [WARNING CTS-0041] Net "net1084" has 1 sinks. Skipping...
      [WARNING CTS-0041] Net "net1083" has 1 sinks. Skipping...
      [WARNING CTS-0041] Net "net1082" has 1 sinks. Skipping...
      [WARNING CTS-0041] Net "net1081" has 1 sinks. Skipping...
      [WARNING CTS-0041] Net "net1080" has 1 sinks. Skipping...
      [WARNING CTS-0041] Net "net1079" has 1 sinks. Skipping...
      [WARNING CTS-0041] Net "net1078" has 1 sinks. Skipping...
      [WARNING CTS-0041] Net "net1077" has 1 sinks. Skipping...
      [WARNING CTS-0041] Net "net1076" has 1 sinks. Skipping...
      [WARNING CTS-0041] Net "net1075" has 1 sinks. Skipping...
      [WARNING CTS-0041] Net "net1074" has 1 sinks. Skipping...
      [WARNING CTS-0041] Net "net1073" has 1 sinks. Skipping...
      [WARNING CTS-0041] Net "net1072" has 1 sinks. Skipping...
      [WARNING CTS-0041] Net "net1071" has 1 sinks. Skipping...
      [WARNING CTS-0041] Net "net1070" has 1 sinks. Skipping...
      [WARNING CTS-0041] Net "net1069" has 1 sinks. Skipping...
      [WARNING CTS-0041] Net "net1068" has 1 sinks. Skipping...
      [WARNING CTS-0041] Net "net1067" has 1 sinks. Skipping...
      [WARNING CTS-0041] Net "net1066" has 1 sinks. Skipping...
      [WARNING CTS-0041] Net "net1065" has 1 sinks. Skipping...
      [WARNING CTS-0041] Net "net1064" has 1 sinks. Skipping...
      [WARNING CTS-0041] Net "net595" has 1 sinks. Skipping...
      [WARNING CTS-0041] Net "net594" has 1 sinks. Skipping...
      [WARNING CTS-0041] Net "net593" has 1 sinks. Skipping...
      [WARNING CTS-0041] Net "net592" has 1 sinks. Skipping...
      [WARNING CTS-0041] Net "net591" has 1 sinks. Skipping...
      [WARNING CTS-0041] Net "net679" has 1 sinks. Skipping...
      [WARNING CTS-0041] Net "net678" has 1 sinks. Skipping...
      [WARNING CTS-0041] Net "net677" has 1 sinks. Skipping...
      [WARNING CTS-0041] Net "net676" has 1 sinks. Skipping...
      [WARNING CTS-0041] Net "net675" has 1 sinks. Skipping...
      [WARNING CTS-0041] Net "net674" has 1 sinks. Skipping...
      [WARNING CTS-0041] Net "net673" has 1 sinks. Skipping...
      [WARNING CTS-0041] Net "net672" has 1 sinks. Skipping...
      [WARNING CTS-0041] Net "net671" has 1 sinks. Skipping...
      [WARNING CTS-0041] Net "net670" has 1 sinks. Skipping...
      [WARNING CTS-0041] Net "net669" has 1 sinks. Skipping...
      [WARNING CTS-0041] Net "net668" has 1 sinks. Skipping...
      [WARNING CTS-0041] Net "net667" has 1 sinks. Skipping...
      [WARNING CTS-0041] Net "net666" has 1 sinks. Skipping...
      [WARNING CTS-0041] Net "net665" has 1 sinks. Skipping...
      [WARNING CTS-0041] Net "net664" has 1 sinks. Skipping...
      [WARNING CTS-0041] Net "net663" has 1 sinks. Skipping...
      [WARNING CTS-0041] Net "net662" has 1 sinks. Skipping...
      [WARNING CTS-0041] Net "net661" has 1 sinks. Skipping...
      [WARNING CTS-0041] Net "net660" has 1 sinks. Skipping...
      [WARNING CTS-0041] Net "net659" has 1 sinks. Skipping...
      [WARNING CTS-0041] Net "net658" has 1 sinks. Skipping...
      [WARNING CTS-0041] Net "net657" has 1 sinks. Skipping...
      [WARNING CTS-0041] Net "net656" has 1 sinks. Skipping...
      [WARNING CTS-0041] Net "net655" has 1 sinks. Skipping...
      [WARNING CTS-0041] Net "net654" has 1 sinks. Skipping...
      [WARNING CTS-0041] Net "net653" has 1 sinks. Skipping...
      [WARNING CTS-0041] Net "net652" has 1 sinks. Skipping...
      [WARNING CTS-0041] Net "net651" has 1 sinks. Skipping...
      [WARNING CTS-0041] Net "net650" has 1 sinks. Skipping...
      [WARNING CTS-0041] Net "net649" has 1 sinks. Skipping...
      [WARNING CTS-0041] Net "net648" has 1 sinks. Skipping...
      [WARNING CTS-0041] Net "net647" has 1 sinks. Skipping...
      [WARNING CTS-0041] Net "net646" has 1 sinks. Skipping...
      [WARNING CTS-0041] Net "net645" has 1 sinks. Skipping...
      [WARNING CTS-0041] Net "net644" has 1 sinks. Skipping...
      [WARNING CTS-0041] Net "net643" has 1 sinks. Skipping...
      [WARNING CTS-0041] Net "net642" has 1 sinks. Skipping...
      [WARNING CTS-0041] Net "net641" has 1 sinks. Skipping...
      [WARNING CTS-0041] Net "net640" has 1 sinks. Skipping...
      [WARNING CTS-0041] Net "net639" has 1 sinks. Skipping...
      [WARNING CTS-0041] Net "net638" has 1 sinks. Skipping...
      [WARNING CTS-0041] Net "net637" has 1 sinks. Skipping...
      [WARNING CTS-0041] Net "net636" has 1 sinks. Skipping...
      [WARNING CTS-0041] Net "net635" has 1 sinks. Skipping...
      [WARNING CTS-0041] Net "net634" has 1 sinks. Skipping...
      [WARNING CTS-0041] Net "net633" has 1 sinks. Skipping...
      [WARNING CTS-0041] Net "net632" has 1 sinks. Skipping...
      [WARNING CTS-0041] Net "net631" has 1 sinks. Skipping...
      [WARNING CTS-0041] Net "net630" has 1 sinks. Skipping...
      [WARNING CTS-0041] Net "net629" has 1 sinks. Skipping...
      [WARNING CTS-0041] Net "net628" has 1 sinks. Skipping...
      [WARNING CTS-0041] Net "net627" has 1 sinks. Skipping...
      [WARNING CTS-0041] Net "net626" has 1 sinks. Skipping...
      [WARNING CTS-0041] Net "net625" has 1 sinks. Skipping...
      [WARNING CTS-0041] Net "net624" has 1 sinks. Skipping...
      [WARNING CTS-0041] Net "net623" has 1 sinks. Skipping...
      [WARNING CTS-0041] Net "net622" has 1 sinks. Skipping...
      [WARNING CTS-0041] Net "net621" has 1 sinks. Skipping...
      [WARNING CTS-0041] Net "net620" has 1 sinks. Skipping...
      [WARNING CTS-0041] Net "net619" has 1 sinks. Skipping...
      [WARNING CTS-0041] Net "net618" has 1 sinks. Skipping...
      [WARNING CTS-0041] Net "net617" has 1 sinks. Skipping...
      [WARNING CTS-0041] Net "net616" has 1 sinks. Skipping...
      [WARNING CTS-0041] Net "net590" has 1 sinks. Skipping...
      [WARNING CTS-0041] Net "net743" has 1 sinks. Skipping...
      [WARNING CTS-0041] Net "net742" has 1 sinks. Skipping...
      [WARNING CTS-0041] Net "net741" has 1 sinks. Skipping...
      [WARNING CTS-0041] Net "net740" has 1 sinks. Skipping...
      [WARNING CTS-0041] Net "net739" has 1 sinks. Skipping...
      [WARNING CTS-0041] Net "net738" has 1 sinks. Skipping...
      [WARNING CTS-0041] Net "net737" has 1 sinks. Skipping...
      [WARNING CTS-0041] Net "net736" has 1 sinks. Skipping...
      [WARNING CTS-0041] Net "net735" has 1 sinks. Skipping...
      [WARNING CTS-0041] Net "net734" has 1 sinks. Skipping...
      [WARNING CTS-0041] Net "net733" has 1 sinks. Skipping...
      [WARNING CTS-0041] Net "net732" has 1 sinks. Skipping...
      [WARNING CTS-0041] Net "net731" has 1 sinks. Skipping...
      [WARNING CTS-0041] Net "net730" has 1 sinks. Skipping...
      [WARNING CTS-0041] Net "net729" has 1 sinks. Skipping...
      [WARNING CTS-0041] Net "net728" has 1 sinks. Skipping...
      [WARNING CTS-0041] Net "net727" has 1 sinks. Skipping...
      [WARNING CTS-0041] Net "net726" has 1 sinks. Skipping...
      [WARNING CTS-0041] Net "net725" has 1 sinks. Skipping...
      [WARNING CTS-0041] Net "net724" has 1 sinks. Skipping...
      [WARNING CTS-0041] Net "net723" has 1 sinks. Skipping...
      [WARNING CTS-0041] Net "net722" has 1 sinks. Skipping...
      [WARNING CTS-0041] Net "net721" has 1 sinks. Skipping...
      [WARNING CTS-0041] Net "net720" has 1 sinks. Skipping...
      [WARNING CTS-0041] Net "net719" has 1 sinks. Skipping...
      [WARNING CTS-0041] Net "net718" has 1 sinks. Skipping...
      [WARNING CTS-0041] Net "net717" has 1 sinks. Skipping...
      [WARNING CTS-0041] Net "net716" has 1 sinks. Skipping...
      [WARNING CTS-0041] Net "net715" has 1 sinks. Skipping...
      [WARNING CTS-0041] Net "net714" has 1 sinks. Skipping...
      [WARNING CTS-0041] Net "net713" has 1 sinks. Skipping...
      [WARNING CTS-0041] Net "net712" has 1 sinks. Skipping...
      [WARNING CTS-0041] Net "net711" has 1 sinks. Skipping...
      [WARNING CTS-0041] Net "net710" has 1 sinks. Skipping...
      [WARNING CTS-0041] Net "net709" has 1 sinks. Skipping...
      [WARNING CTS-0041] Net "net708" has 1 sinks. Skipping...
      [WARNING CTS-0041] Net "net707" has 1 sinks. Skipping...
      [WARNING CTS-0041] Net "net706" has 1 sinks. Skipping...
      [WARNING CTS-0041] Net "net705" has 1 sinks. Skipping...
      [WARNING CTS-0041] Net "net704" has 1 sinks. Skipping...
      [WARNING CTS-0041] Net "net703" has 1 sinks. Skipping...
      [WARNING CTS-0041] Net "net702" has 1 sinks. Skipping...
      [WARNING CTS-0041] Net "net701" has 1 sinks. Skipping...
      [WARNING CTS-0041] Net "net700" has 1 sinks. Skipping...
      [WARNING CTS-0041] Net "net699" has 1 sinks. Skipping...
      [WARNING CTS-0041] Net "net698" has 1 sinks. Skipping...
      [WARNING CTS-0041] Net "net697" has 1 sinks. Skipping...
      [WARNING CTS-0041] Net "net696" has 1 sinks. Skipping...
      [WARNING CTS-0041] Net "net695" has 1 sinks. Skipping...
      [WARNING CTS-0041] Net "net694" has 1 sinks. Skipping...
      [WARNING CTS-0041] Net "net693" has 1 sinks. Skipping...
      [WARNING CTS-0041] Net "net692" has 1 sinks. Skipping...
      [WARNING CTS-0041] Net "net691" has 1 sinks. Skipping...
      [WARNING CTS-0041] Net "net690" has 1 sinks. Skipping...
      [WARNING CTS-0041] Net "net689" has 1 sinks. Skipping...
      [WARNING CTS-0041] Net "net688" has 1 sinks. Skipping...
      [WARNING CTS-0041] Net "net687" has 1 sinks. Skipping...
      [WARNING CTS-0041] Net "net686" has 1 sinks. Skipping...
      [WARNING CTS-0041] Net "net685" has 1 sinks. Skipping...
      [WARNING CTS-0041] Net "net684" has 1 sinks. Skipping...
      [WARNING CTS-0041] Net "net683" has 1 sinks. Skipping...
      [WARNING CTS-0041] Net "net682" has 1 sinks. Skipping...
      [WARNING CTS-0041] Net "net681" has 1 sinks. Skipping...
      [WARNING CTS-0041] Net "net680" has 1 sinks. Skipping...
      [WARNING CTS-0041] Net "net589" has 1 sinks. Skipping...
      [WARNING CTS-0041] Net "net807" has 1 sinks. Skipping...
      [WARNING CTS-0041] Net "net806" has 1 sinks. Skipping...
      [WARNING CTS-0041] Net "net805" has 1 sinks. Skipping...
      [WARNING CTS-0041] Net "net804" has 1 sinks. Skipping...
      [WARNING CTS-0041] Net "net803" has 1 sinks. Skipping...
      [WARNING CTS-0041] Net "net802" has 1 sinks. Skipping...
      [WARNING CTS-0041] Net "net801" has 1 sinks. Skipping...
      [WARNING CTS-0041] Net "net800" has 1 sinks. Skipping...
      [WARNING CTS-0041] Net "net799" has 1 sinks. Skipping...
      [WARNING CTS-0041] Net "net798" has 1 sinks. Skipping...
      [WARNING CTS-0041] Net "net797" has 1 sinks. Skipping...
      [WARNING CTS-0041] Net "net796" has 1 sinks. Skipping...
      [WARNING CTS-0041] Net "net795" has 1 sinks. Skipping...
      [WARNING CTS-0041] Net "net794" has 1 sinks. Skipping...
      [WARNING CTS-0041] Net "net793" has 1 sinks. Skipping...
      [WARNING CTS-0041] Net "net792" has 1 sinks. Skipping...
      [WARNING CTS-0041] Net "net791" has 1 sinks. Skipping...
      [WARNING CTS-0041] Net "net790" has 1 sinks. Skipping...
      [WARNING CTS-0041] Net "net789" has 1 sinks. Skipping...
      [WARNING CTS-0041] Net "net788" has 1 sinks. Skipping...
      [WARNING CTS-0041] Net "net787" has 1 sinks. Skipping...
      [WARNING CTS-0041] Net "net786" has 1 sinks. Skipping...
      [WARNING CTS-0041] Net "net785" has 1 sinks. Skipping...
      [WARNING CTS-0041] Net "net784" has 1 sinks. Skipping...
      [WARNING CTS-0041] Net "net783" has 1 sinks. Skipping...
      [WARNING CTS-0041] Net "net782" has 1 sinks. Skipping...
      [WARNING CTS-0041] Net "net781" has 1 sinks. Skipping...
      [WARNING CTS-0041] Net "net780" has 1 sinks. Skipping...
      [WARNING CTS-0041] Net "net779" has 1 sinks. Skipping...
      [WARNING CTS-0041] Net "net778" has 1 sinks. Skipping...
      [WARNING CTS-0041] Net "net777" has 1 sinks. Skipping...
      [WARNING CTS-0041] Net "net776" has 1 sinks. Skipping...
      [WARNING CTS-0041] Net "net775" has 1 sinks. Skipping...
      [WARNING CTS-0041] Net "net774" has 1 sinks. Skipping...
      [WARNING CTS-0041] Net "net773" has 1 sinks. Skipping...
      [WARNING CTS-0041] Net "net772" has 1 sinks. Skipping...
      [WARNING CTS-0041] Net "net771" has 1 sinks. Skipping...
      [WARNING CTS-0041] Net "net770" has 1 sinks. Skipping...
      [WARNING CTS-0041] Net "net769" has 1 sinks. Skipping...
      [WARNING CTS-0041] Net "net768" has 1 sinks. Skipping...
      [WARNING CTS-0041] Net "net767" has 1 sinks. Skipping...
      [WARNING CTS-0041] Net "net766" has 1 sinks. Skipping...
      [WARNING CTS-0041] Net "net765" has 1 sinks. Skipping...
      [WARNING CTS-0041] Net "net764" has 1 sinks. Skipping...
      [WARNING CTS-0041] Net "net763" has 1 sinks. Skipping...
      [WARNING CTS-0041] Net "net762" has 1 sinks. Skipping...
      [WARNING CTS-0041] Net "net761" has 1 sinks. Skipping...
      [WARNING CTS-0041] Net "net760" has 1 sinks. Skipping...
      [WARNING CTS-0041] Net "net759" has 1 sinks. Skipping...
      [WARNING CTS-0041] Net "net758" has 1 sinks. Skipping...
      [WARNING CTS-0041] Net "net757" has 1 sinks. Skipping...
      [WARNING CTS-0041] Net "net756" has 1 sinks. Skipping...
      [WARNING CTS-0041] Net "net755" has 1 sinks. Skipping...
      [WARNING CTS-0041] Net "net754" has 1 sinks. Skipping...
      [WARNING CTS-0041] Net "net753" has 1 sinks. Skipping...
      [WARNING CTS-0041] Net "net752" has 1 sinks. Skipping...
      [WARNING CTS-0041] Net "net751" has 1 sinks. Skipping...
      [WARNING CTS-0041] Net "net750" has 1 sinks. Skipping...
      [WARNING CTS-0041] Net "net749" has 1 sinks. Skipping...
      [WARNING CTS-0041] Net "net748" has 1 sinks. Skipping...
      [WARNING CTS-0041] Net "net747" has 1 sinks. Skipping...
      [WARNING CTS-0041] Net "net746" has 1 sinks. Skipping...
      [WARNING CTS-0041] Net "net745" has 1 sinks. Skipping...
      [WARNING CTS-0041] Net "net744" has 1 sinks. Skipping...
      [WARNING CTS-0041] Net "net588" has 1 sinks. Skipping...
      [WARNING CTS-0041] Net "net871" has 1 sinks. Skipping...
      [WARNING CTS-0041] Net "net870" has 1 sinks. Skipping...
      [WARNING CTS-0041] Net "net869" has 1 sinks. Skipping...
      [WARNING CTS-0041] Net "net868" has 1 sinks. Skipping...
      [WARNING CTS-0041] Net "net867" has 1 sinks. Skipping...
      [WARNING CTS-0041] Net "net866" has 1 sinks. Skipping...
      [WARNING CTS-0041] Net "net865" has 1 sinks. Skipping...
      [WARNING CTS-0041] Net "net864" has 1 sinks. Skipping...
      [WARNING CTS-0041] Net "net863" has 1 sinks. Skipping...
      [WARNING CTS-0041] Net "net862" has 1 sinks. Skipping...
      [WARNING CTS-0041] Net "net861" has 1 sinks. Skipping...
      [WARNING CTS-0041] Net "net860" has 1 sinks. Skipping...
      [WARNING CTS-0041] message limit reached, this message will no longer print
      [WARNING CTS-0045] Creating fake entries in the LUT.
      [WARNING CTS-0045] Creating fake entries in the LUT.
      [WARNING CTS-0045] Creating fake entries in the LUT.
      [WARNING CTS-0045] Creating fake entries in the LUT.
      [WARNING CTS-0045] Creating fake entries in the LUT.
      [WARNING CTS-0045] Creating fake entries in the LUT.
      [WARNING CTS-0045] Creating fake entries in the LUT.
      [WARNING CTS-0045] Creating fake entries in the LUT.
      [WARNING CTS-0045] Creating fake entries in the LUT.
      [WARNING CTS-0045] Creating fake entries in the LUT.
      [WARNING CTS-0045] Creating fake entries in the LUT.
      [WARNING CTS-0045] Creating fake entries in the LUT.
      [WARNING CTS-0045] Creating fake entries in the LUT.
      [WARNING CTS-0045] Creating fake entries in the LUT.
      [WARNING CTS-0045] Creating fake entries in the LUT.
      [WARNING CTS-0045] Creating fake entries in the LUT.
      [WARNING CTS-0045] Creating fake entries in the LUT.
      [WARNING CTS-0045] Creating fake entries in the LUT.
      [WARNING CTS-0045] Creating fake entries in the LUT.
      [WARNING CTS-0045] Creating fake entries in the LUT.
      [WARNING CTS-0045] Creating fake entries in the LUT.
      [WARNING CTS-0045] Creating fake entries in the LUT.
      [WARNING CTS-0045] Creating fake entries in the LUT.
      [WARNING CTS-0045] Creating fake entries in the LUT.
      [WARNING CTS-0045] Creating fake entries in the LUT.
      [WARNING CTS-0045] Creating fake entries in the LUT.
      [WARNING CTS-0045] Creating fake entries in the LUT.
      [WARNING CTS-0045] Creating fake entries in the LUT.
      [WARNING CTS-0045] Creating fake entries in the LUT.
      [WARNING CTS-0045] Creating fake entries in the LUT.
      [WARNING CTS-0045] Creating fake entries in the LUT.
      [WARNING CTS-0045] Creating fake entries in the LUT.
      [WARNING CTS-0045] Creating fake entries in the LUT.
      [WARNING CTS-0045] Creating fake entries in the LUT.
      [WARNING CTS-0045] Creating fake entries in the LUT.
      [WARNING CTS-0045] Creating fake entries in the LUT.
      [WARNING CTS-0045] Creating fake entries in the LUT.
      [WARNING CTS-0045] Creating fake entries in the LUT.
      [WARNING CTS-0045] Creating fake entries in the LUT.
      [WARNING CTS-0045] Creating fake entries in the LUT.
      [WARNING CTS-0045] Creating fake entries in the LUT.
      [WARNING CTS-0045] Creating fake entries in the LUT.
      [WARNING CTS-0045] Creating fake entries in the LUT.
      [WARNING CTS-0045] Creating fake entries in the LUT.
      [WARNING CTS-0045] Creating fake entries in the LUT.
      [WARNING CTS-0045] Creating fake entries in the LUT.
      [WARNING CTS-0045] Creating fake entries in the LUT.
      [WARNING CTS-0045] Creating fake entries in the LUT.
      [WARNING CTS-0045] Creating fake entries in the LUT.
      [WARNING CTS-0045] Creating fake entries in the LUT.
      [WARNING CTS-0045] Creating fake entries in the LUT.
      [WARNING CTS-0045] Creating fake entries in the LUT.
      [WARNING CTS-0045] Creating fake entries in the LUT.
      [WARNING CTS-0045] Creating fake entries in the LUT.
      [WARNING CTS-0045] Creating fake entries in the LUT.
      [WARNING CTS-0045] Creating fake entries in the LUT.
      [WARNING CTS-0045] Creating fake entries in the LUT.
      [WARNING CTS-0045] Creating fake entries in the LUT.
      [WARNING CTS-0045] Creating fake entries in the LUT.
      [WARNING CTS-0045] Creating fake entries in the LUT.
      [WARNING CTS-0045] Creating fake entries in the LUT.
      [WARNING CTS-0045] Creating fake entries in the LUT.
      [WARNING CTS-0045] Creating fake entries in the LUT.
      [WARNING CTS-0045] Creating fake entries in the LUT.
      [WARNING CTS-0045] Creating fake entries in the LUT.
      [WARNING CTS-0045] Creating fake entries in the LUT.
      [WARNING CTS-0045] Creating fake entries in the LUT.
      [WARNING CTS-0045] Creating fake entries in the LUT.
      [WARNING CTS-0045] Creating fake entries in the LUT.
      [WARNING CTS-0045] Creating fake entries in the LUT.
      [WARNING CTS-0045] Creating fake entries in the LUT.
      [WARNING CTS-0045] Creating fake entries in the LUT.
      [WARNING CTS-0045] Creating fake entries in the LUT.
      [WARNING CTS-0045] Creating fake entries in the LUT.
      [WARNING CTS-0045] Creating fake entries in the LUT.
      [WARNING CTS-0045] Creating fake entries in the LUT.
      [WARNING CTS-0045] Creating fake entries in the LUT.
      [WARNING CTS-0045] Creating fake entries in the LUT.
      [WARNING CTS-0045] Creating fake entries in the LUT.
      [WARNING CTS-0045] Creating fake entries in the LUT.
      [WARNING CTS-0045] Creating fake entries in the LUT.
      [WARNING CTS-0045] Creating fake entries in the LUT.
      [WARNING CTS-0045] Creating fake entries in the LUT.
      [WARNING CTS-0045] Creating fake entries in the LUT.
      [WARNING CTS-0045] Creating fake entries in the LUT.
      [WARNING CTS-0045] Creating fake entries in the LUT.
      [WARNING CTS-0045] Creating fake entries in the LUT.
      [WARNING CTS-0045] Creating fake entries in the LUT.
      [WARNING CTS-0045] Creating fake entries in the LUT.
      [WARNING CTS-0045] Creating fake entries in the LUT.
      [WARNING CTS-0045] Creating fake entries in the LUT.
      [WARNING CTS-0045] Creating fake entries in the LUT.
      [WARNING CTS-0045] Creating fake entries in the LUT.
      [WARNING CTS-0045] Creating fake entries in the LUT.
      [WARNING CTS-0045] Creating fake entries in the LUT.
      [WARNING CTS-0045] Creating fake entries in the LUT.
      [WARNING CTS-0045] Creating fake entries in the LUT.
      [WARNING CTS-0045] Creating fake entries in the LUT.
      [WARNING CTS-0045] Creating fake entries in the LUT.
      [WARNING CTS-0045] Creating fake entries in the LUT.
      [WARNING CTS-0045] Creating fake entries in the LUT.
      [WARNING CTS-0045] Creating fake entries in the LUT.
      [WARNING CTS-0045] Creating fake entries in the LUT.
      [WARNING CTS-0045] Creating fake entries in the LUT.
      [WARNING CTS-0045] Creating fake entries in the LUT.
      [WARNING CTS-0045] Creating fake entries in the LUT.
      [WARNING CTS-0045] Creating fake entries in the LUT.
      [WARNING CTS-0045] Creating fake entries in the LUT.
      [WARNING CTS-0045] Creating fake entries in the LUT.
      [WARNING CTS-0045] Creating fake entries in the LUT.
      [WARNING CTS-0045] Creating fake entries in the LUT.
      [WARNING CTS-0045] Creating fake entries in the LUT.
      [WARNING CTS-0045] Creating fake entries in the LUT.
      [WARNING CTS-0045] Creating fake entries in the LUT.
      [WARNING CTS-0045] Creating fake entries in the LUT.
      [WARNING CTS-0045] Creating fake entries in the LUT.
      [WARNING CTS-0045] Creating fake entries in the LUT.
      [WARNING CTS-0045] Creating fake entries in the LUT.
      [WARNING CTS-0045] Creating fake entries in the LUT.
      [WARNING CTS-0045] Creating fake entries in the LUT.
      [WARNING CTS-0045] Creating fake entries in the LUT.
      [WARNING CTS-0045] Creating fake entries in the LUT.
      [WARNING CTS-0045] Creating fake entries in the LUT.
      [WARNING CTS-0045] Creating fake entries in the LUT.
      [WARNING CTS-0045] Creating fake entries in the LUT.
      [WARNING CTS-0045] Creating fake entries in the LUT.
      [WARNING CTS-0045] Creating fake entries in the LUT.
      [WARNING CTS-0045] Creating fake entries in the LUT.
      [WARNING CTS-0045] Creating fake entries in the LUT.
      [WARNING CTS-0045] Creating fake entries in the LUT.
      [WARNING CTS-0045] Creating fake entries in the LUT.
      [WARNING CTS-0045] Creating fake entries in the LUT.
      [WARNING CTS-0045] Creating fake entries in the LUT.
      [WARNING CTS-0045] Creating fake entries in the LUT.
      [WARNING CTS-0045] Creating fake entries in the LUT.
      [WARNING CTS-0045] Creating fake entries in the LUT.
      [WARNING CTS-0045] Creating fake entries in the LUT.
      [WARNING CTS-0045] Creating fake entries in the LUT.
      [WARNING CTS-0045] Creating fake entries in the LUT.
      [WARNING CTS-0045] Creating fake entries in the LUT.
      [WARNING CTS-0045] Creating fake entries in the LUT.
      [WARNING CTS-0045] Creating fake entries in the LUT.
      [WARNING CTS-0045] Creating fake entries in the LUT.
      [WARNING CTS-0045] Creating fake entries in the LUT.
      [WARNING CTS-0045] Creating fake entries in the LUT.
      [WARNING CTS-0045] Creating fake entries in the LUT.
      [WARNING CTS-0045] Creating fake entries in the LUT.
      [WARNING CTS-0045] Creating fake entries in the LUT.
      [WARNING CTS-0045] Creating fake entries in the LUT.
      [WARNING CTS-0045] Creating fake entries in the LUT.
      [WARNING CTS-0045] Creating fake entries in the LUT.
      [WARNING CTS-0045] Creating fake entries in the LUT.
      [WARNING CTS-0045] Creating fake entries in the LUT.
      [WARNING CTS-0045] Creating fake entries in the LUT.
      [WARNING CTS-0045] Creating fake entries in the LUT.
      [WARNING CTS-0045] Creating fake entries in the LUT.
      [WARNING CTS-0045] Creating fake entries in the LUT.
      [WARNING CTS-0045] Creating fake entries in the LUT.
      [WARNING CTS-0045] Creating fake entries in the LUT.
      [WARNING CTS-0045] Creating fake entries in the LUT.
      [WARNING CTS-0045] Creating fake entries in the LUT.
      [WARNING CTS-0045] Creating fake entries in the LUT.
      [WARNING CTS-0045] Creating fake entries in the LUT.
      [WARNING CTS-0045] Creating fake entries in the LUT.
      [WARNING CTS-0045] Creating fake entries in the LUT.
      [WARNING CTS-0045] Creating fake entries in the LUT.
      [WARNING CTS-0045] Creating fake entries in the LUT.
      [WARNING CTS-0045] Creating fake entries in the LUT.
      [WARNING CTS-0045] Creating fake entries in the LUT.
      [WARNING CTS-0045] Creating fake entries in the LUT.
      [WARNING CTS-0045] Creating fake entries in the LUT.
      [WARNING CTS-0045] Creating fake entries in the LUT.
      [WARNING CTS-0045] Creating fake entries in the LUT.
      [WARNING CTS-0045] Creating fake entries in the LUT.
      [WARNING CTS-0045] Creating fake entries in the LUT.
      [WARNING CTS-0045] Creating fake entries in the LUT.
      [WARNING CTS-0045] Creating fake entries in the LUT.
      [WARNING CTS-0045] Creating fake entries in the LUT.
      [WARNING CTS-0045] Creating fake entries in the LUT.
      [WARNING CTS-0045] Creating fake entries in the LUT.
      [WARNING CTS-0045] Creating fake entries in the LUT.
      [WARNING CTS-0045] Creating fake entries in the LUT.
      [WARNING CTS-0045] Creating fake entries in the LUT.
      [WARNING CTS-0045] Creating fake entries in the LUT.
      [WARNING CTS-0045] Creating fake entries in the LUT.
      [WARNING CTS-0045] Creating fake entries in the LUT.
      [WARNING CTS-0045] Creating fake entries in the LUT.
      [WARNING CTS-0045] Creating fake entries in the LUT.
      [WARNING CTS-0045] Creating fake entries in the LUT.
      [WARNING CTS-0045] Creating fake entries in the LUT.
      [WARNING CTS-0045] Creating fake entries in the LUT.
      [WARNING CTS-0045] Creating fake entries in the LUT.
      [WARNING CTS-0045] Creating fake entries in the LUT.
      [WARNING CTS-0045] Creating fake entries in the LUT.
      [WARNING CTS-0045] Creating fake entries in the LUT.
      [WARNING CTS-0045] Creating fake entries in the LUT.
      [WARNING CTS-0045] Creating fake entries in the LUT.
      [WARNING CTS-0045] Creating fake entries in the LUT.
      [WARNING CTS-0045] Creating fake entries in the LUT.
      [WARNING CTS-0045] Creating fake entries in the LUT.
      [WARNING CTS-0045] Creating fake entries in the LUT.
      [WARNING CTS-0045] Creating fake entries in the LUT.
      [WARNING CTS-0045] Creating fake entries in the LUT.
      [WARNING CTS-0045] Creating fake entries in the LUT.
      [WARNING CTS-0045] Creating fake entries in the LUT.
      [WARNING CTS-0045] Creating fake entries in the LUT.
      [WARNING CTS-0045] Creating fake entries in the LUT.
      [WARNING CTS-0045] Creating fake entries in the LUT.
      [WARNING CTS-0045] Creating fake entries in the LUT.
      [WARNING CTS-0045] Creating fake entries in the LUT.
      [WARNING CTS-0045] Creating fake entries in the LUT.
      [WARNING CTS-0045] Creating fake entries in the LUT.
      [WARNING CTS-0045] Creating fake entries in the LUT.
      [WARNING CTS-0045] Creating fake entries in the LUT.
      [WARNING CTS-0045] Creating fake entries in the LUT.
      [WARNING CTS-0045] Creating fake entries in the LUT.
      [WARNING CTS-0045] Creating fake entries in the LUT.
      [WARNING CTS-0045] Creating fake entries in the LUT.
      [WARNING CTS-0045] Creating fake entries in the LUT.
      [WARNING CTS-0045] Creating fake entries in the LUT.
      [WARNING CTS-0045] Creating fake entries in the LUT.
      [WARNING CTS-0045] Creating fake entries in the LUT.
      [WARNING CTS-0045] Creating fake entries in the LUT.
      [WARNING CTS-0045] Creating fake entries in the LUT.
      [WARNING CTS-0045] Creating fake entries in the LUT.
      [WARNING CTS-0045] Creating fake entries in the LUT.
      [WARNING CTS-0045] Creating fake entries in the LUT.
      [WARNING CTS-0045] Creating fake entries in the LUT.
      [WARNING CTS-0045] Creating fake entries in the LUT.
      [WARNING CTS-0045] Creating fake entries in the LUT.
      [WARNING CTS-0045] Creating fake entries in the LUT.
      [WARNING CTS-0045] Creating fake entries in the LUT.
      [WARNING CTS-0045] Creating fake entries in the LUT.
      [WARNING CTS-0045] Creating fake entries in the LUT.
      [WARNING CTS-0045] Creating fake entries in the LUT.
      [WARNING CTS-0045] Creating fake entries in the LUT.
      [WARNING CTS-0045] Creating fake entries in the LUT.
      [WARNING CTS-0045] Creating fake entries in the LUT.
      [WARNING CTS-0045] Creating fake entries in the LUT.
      [WARNING CTS-0045] Creating fake entries in the LUT.
      [WARNING CTS-0045] Creating fake entries in the LUT.
      [WARNING CTS-0045] Creating fake entries in the LUT.
      [WARNING CTS-0045] Creating fake entries in the LUT.
      [WARNING CTS-0045] Creating fake entries in the LUT.
      [WARNING CTS-0045] Creating fake entries in the LUT.
      [WARNING CTS-0045] Creating fake entries in the LUT.
      [WARNING CTS-0045] Creating fake entries in the LUT.
      [WARNING CTS-0045] Creating fake entries in the LUT.
      [WARNING CTS-0045] Creating fake entries in the LUT.
      [WARNING CTS-0045] Creating fake entries in the LUT.
      [WARNING CTS-0045] Creating fake entries in the LUT.
      [WARNING CTS-0045] Creating fake entries in the LUT.
      [WARNING CTS-0045] Creating fake entries in the LUT.
      [WARNING CTS-0045] Creating fake entries in the LUT.
      [WARNING CTS-0045] Creating fake entries in the LUT.
      [WARNING CTS-0045] Creating fake entries in the LUT.
      [WARNING CTS-0045] Creating fake entries in the LUT.
      [WARNING CTS-0045] Creating fake entries in the LUT.
      [WARNING CTS-0045] Creating fake entries in the LUT.
      [WARNING CTS-0045] Creating fake entries in the LUT.
      [WARNING CTS-0045] Creating fake entries in the LUT.
      [WARNING CTS-0045] Creating fake entries in the LUT.
      [WARNING CTS-0045] Creating fake entries in the LUT.
      [WARNING CTS-0045] Creating fake entries in the LUT.
      [WARNING CTS-0045] Creating fake entries in the LUT.
      [WARNING CTS-0045] Creating fake entries in the LUT.
      [WARNING CTS-0045] Creating fake entries in the LUT.
      [WARNING CTS-0045] Creating fake entries in the LUT.
      [WARNING CTS-0045] Creating fake entries in the LUT.
      [WARNING CTS-0045] Creating fake entries in the LUT.
      [WARNING CTS-0045] Creating fake entries in the LUT.
      [WARNING CTS-0045] Creating fake entries in the LUT.
      [WARNING CTS-0045] Creating fake entries in the LUT.
      [WARNING CTS-0045] Creating fake entries in the LUT.
      [WARNING CTS-0045] Creating fake entries in the LUT.
      [WARNING CTS-0045] Creating fake entries in the LUT.
      [WARNING CTS-0045] Creating fake entries in the LUT.
      [WARNING CTS-0045] Creating fake entries in the LUT.
      [WARNING CTS-0045] Creating fake entries in the LUT.
      [WARNING CTS-0045] Creating fake entries in the LUT.
      [WARNING CTS-0045] Creating fake entries in the LUT.
      [WARNING CTS-0045] Creating fake entries in the LUT.
      [WARNING CTS-0045] Creating fake entries in the LUT.
      [WARNING CTS-0045] Creating fake entries in the LUT.
      [WARNING CTS-0045] Creating fake entries in the LUT.
      [WARNING CTS-0045] Creating fake entries in the LUT.
      [WARNING CTS-0045] Creating fake entries in the LUT.
      [WARNING CTS-0045] Creating fake entries in the LUT.
      [WARNING CTS-0045] Creating fake entries in the LUT.
      [WARNING CTS-0045] Creating fake entries in the LUT.
      [WARNING CTS-0045] Creating fake entries in the LUT.
      [WARNING CTS-0045] Creating fake entries in the LUT.
      [WARNING CTS-0045] Creating fake entries in the LUT.
      [WARNING CTS-0045] Creating fake entries in the LUT.
      [WARNING CTS-0045] Creating fake entries in the LUT.
      [WARNING CTS-0045] Creating fake entries in the LUT.
      [WARNING CTS-0045] Creating fake entries in the LUT.
      [WARNING CTS-0045] Creating fake entries in the LUT.
      [WARNING CTS-0045] Creating fake entries in the LUT.
      [WARNING CTS-0045] Creating fake entries in the LUT.
      [WARNING CTS-0045] Creating fake entries in the LUT.
      [WARNING CTS-0045] Creating fake entries in the LUT.
      [WARNING CTS-0045] Creating fake entries in the LUT.
      [WARNING CTS-0045] Creating fake entries in the LUT.
      [WARNING CTS-0045] Creating fake entries in the LUT.
      [WARNING CTS-0045] Creating fake entries in the LUT.
      [WARNING CTS-0045] Creating fake entries in the LUT.
      [WARNING CTS-0045] Creating fake entries in the LUT.
      [WARNING CTS-0045] Creating fake entries in the LUT.
      [WARNING CTS-0045] Creating fake entries in the LUT.
      [WARNING CTS-0045] Creating fake entries in the LUT.
      [WARNING CTS-0045] Creating fake entries in the LUT.
      [WARNING CTS-0045] Creating fake entries in the LUT.
      [WARNING CTS-0045] Creating fake entries in the LUT.
      [WARNING CTS-0045] Creating fake entries in the LUT.
      [WARNING CTS-0045] Creating fake entries in the LUT.
      [WARNING CTS-0045] Creating fake entries in the LUT.
      [WARNING CTS-0045] Creating fake entries in the LUT.
      [WARNING CTS-0045] Creating fake entries in the LUT.
      [WARNING CTS-0045] Creating fake entries in the LUT.
      [WARNING CTS-0045] Creating fake entries in the LUT.
      [WARNING CTS-0045] Creating fake entries in the LUT.
      [WARNING CTS-0045] Creating fake entries in the LUT.
      [WARNING CTS-0045] Creating fake entries in the LUT.
      [WARNING CTS-0045] Creating fake entries in the LUT.
      [WARNING CTS-0045] Creating fake entries in the LUT.
      [WARNING CTS-0045] Creating fake entries in the LUT.
      [WARNING CTS-0045] Creating fake entries in the LUT.
      [WARNING CTS-0045] Creating fake entries in the LUT.
      [WARNING CTS-0045] Creating fake entries in the LUT.
      [WARNING CTS-0045] Creating fake entries in the LUT.
      [WARNING CTS-0045] Creating fake entries in the LUT.
      [WARNING CTS-0045] Creating fake entries in the LUT.
      [WARNING CTS-0045] Creating fake entries in the LUT.
      [WARNING CTS-0045] Creating fake entries in the LUT.
      [WARNING CTS-0045] Creating fake entries in the LUT.
      [WARNING CTS-0045] Creating fake entries in the LUT.
      [WARNING CTS-0045] Creating fake entries in the LUT.
      [WARNING CTS-0045] Creating fake entries in the LUT.
      [WARNING CTS-0045] Creating fake entries in the LUT.
      [WARNING CTS-0045] Creating fake entries in the LUT.
      [WARNING CTS-0045] Creating fake entries in the LUT.
      [WARNING CTS-0045] Creating fake entries in the LUT.
      [WARNING CTS-0045] Creating fake entries in the LUT.
      [WARNING CTS-0045] Creating fake entries in the LUT.
      [WARNING CTS-0045] Creating fake entries in the LUT.
      [WARNING CTS-0045] Creating fake entries in the LUT.
      [WARNING CTS-0045] Creating fake entries in the LUT.
      [WARNING CTS-0045] Creating fake entries in the LUT.
      [WARNING CTS-0045] Creating fake entries in the LUT.
      [WARNING CTS-0045] Creating fake entries in the LUT.
      [WARNING CTS-0045] Creating fake entries in the LUT.
      [WARNING CTS-0045] Creating fake entries in the LUT.
      [WARNING CTS-0045] Creating fake entries in the LUT.
      [WARNING CTS-0045] Creating fake entries in the LUT.
      [WARNING CTS-0045] Creating fake entries in the LUT.
      [WARNING CTS-0045] Creating fake entries in the LUT.
      [WARNING CTS-0045] Creating fake entries in the LUT.
      [WARNING CTS-0045] Creating fake entries in the LUT.
      [WARNING CTS-0045] Creating fake entries in the LUT.
      [WARNING CTS-0045] Creating fake entries in the LUT.
      [WARNING CTS-0045] Creating fake entries in the LUT.
      [WARNING CTS-0045] Creating fake entries in the LUT.
      [WARNING CTS-0045] Creating fake entries in the LUT.
      [WARNING CTS-0045] Creating fake entries in the LUT.
      [WARNING CTS-0045] Creating fake entries in the LUT.
      [WARNING CTS-0045] Creating fake entries in the LUT.
      [WARNING CTS-0045] Creating fake entries in the LUT.
      [WARNING CTS-0045] Creating fake entries in the LUT.
      [WARNING CTS-0045] Creating fake entries in the LUT.
      [WARNING CTS-0045] Creating fake entries in the LUT.
      [WARNING CTS-0045] Creating fake entries in the LUT.
      [WARNING CTS-0045] Creating fake entries in the LUT.
      [WARNING CTS-0045] Creating fake entries in the LUT.
      [WARNING CTS-0045] Creating fake entries in the LUT.
      [WARNING CTS-0045] Creating fake entries in the LUT.
      [WARNING CTS-0045] Creating fake entries in the LUT.
      [WARNING CTS-0045] Creating fake entries in the LUT.
      [WARNING CTS-0045] Creating fake entries in the LUT.
      [WARNING CTS-0045] Creating fake entries in the LUT.
      [WARNING CTS-0045] Creating fake entries in the LUT.
      [WARNING CTS-0045] Creating fake entries in the LUT.
      [WARNING CTS-0045] Creating fake entries in the LUT.
      [WARNING CTS-0045] Creating fake entries in the LUT.
      [WARNING CTS-0045] Creating fake entries in the LUT.
      [WARNING CTS-0045] Creating fake entries in the LUT.
      [WARNING CTS-0045] Creating fake entries in the LUT.
      [WARNING CTS-0045] Creating fake entries in the LUT.
      [WARNING CTS-0045] Creating fake entries in the LUT.
      [WARNING CTS-0045] Creating fake entries in the LUT.
      [WARNING CTS-0045] Creating fake entries in the LUT.
      [WARNING CTS-0045] Creating fake entries in the LUT.
      [WARNING CTS-0045] Creating fake entries in the LUT.
      [WARNING CTS-0045] Creating fake entries in the LUT.
      [WARNING CTS-0045] Creating fake entries in the LUT.
      [WARNING CTS-0045] Creating fake entries in the LUT.
      [WARNING CTS-0045] Creating fake entries in the LUT.
      [WARNING CTS-0045] Creating fake entries in the LUT.
      [WARNING CTS-0045] Creating fake entries in the LUT.
      [WARNING CTS-0045] Creating fake entries in the LUT.
      [WARNING CTS-0045] Creating fake entries in the LUT.
      [WARNING CTS-0045] Creating fake entries in the LUT.
      [WARNING CTS-0045] Creating fake entries in the LUT.
      [WARNING CTS-0045] Creating fake entries in the LUT.
      [WARNING CTS-0045] Creating fake entries in the LUT.
      [WARNING CTS-0045] Creating fake entries in the LUT.
      [WARNING CTS-0045] Creating fake entries in the LUT.
      [WARNING CTS-0045] Creating fake entries in the LUT.
      [WARNING CTS-0045] Creating fake entries in the LUT.
      [WARNING CTS-0045] Creating fake entries in the LUT.
      [WARNING CTS-0045] Creating fake entries in the LUT.
      [WARNING CTS-0045] Creating fake entries in the LUT.
      [WARNING CTS-0045] Creating fake entries in the LUT.
      [WARNING CTS-0045] Creating fake entries in the LUT.
      [WARNING CTS-0045] Creating fake entries in the LUT.
      [WARNING CTS-0045] Creating fake entries in the LUT.
      [WARNING CTS-0045] Creating fake entries in the LUT.
      [WARNING CTS-0045] Creating fake entries in the LUT.
      [WARNING CTS-0045] Creating fake entries in the LUT.
      [WARNING CTS-0045] Creating fake entries in the LUT.
      [WARNING CTS-0045] Creating fake entries in the LUT.
      [WARNING CTS-0045] Creating fake entries in the LUT.
      [WARNING CTS-0045] Creating fake entries in the LUT.
      [WARNING CTS-0045] Creating fake entries in the LUT.
      [WARNING CTS-0045] Creating fake entries in the LUT.
      [WARNING CTS-0045] Creating fake entries in the LUT.
      [WARNING CTS-0045] Creating fake entries in the LUT.
      [WARNING CTS-0045] Creating fake entries in the LUT.
      [WARNING CTS-0045] Creating fake entries in the LUT.
      [WARNING CTS-0045] Creating fake entries in the LUT.
      [WARNING CTS-0045] Creating fake entries in the LUT.
      [WARNING CTS-0045] Creating fake entries in the LUT.
      [WARNING CTS-0045] Creating fake entries in the LUT.
      [WARNING CTS-0045] Creating fake entries in the LUT.
      [WARNING CTS-0045] Creating fake entries in the LUT.
      [WARNING CTS-0045] Creating fake entries in the LUT.
      [WARNING CTS-0045] Creating fake entries in the LUT.
      [WARNING CTS-0045] Creating fake entries in the LUT.
      [WARNING CTS-0045] Creating fake entries in the LUT.
      [WARNING CTS-0045] Creating fake entries in the LUT.
      [WARNING CTS-0045] Creating fake entries in the LUT.
      [WARNING CTS-0045] Creating fake entries in the LUT.
      [WARNING CTS-0045] Creating fake entries in the LUT.
      [WARNING CTS-0045] Creating fake entries in the LUT.
      [WARNING CTS-0045] Creating fake entries in the LUT.
      [WARNING CTS-0045] Creating fake entries in the LUT.
      [WARNING CTS-0045] Creating fake entries in the LUT.
      [WARNING CTS-0045] Creating fake entries in the LUT.
      [WARNING CTS-0045] Creating fake entries in the LUT.
      [WARNING CTS-0045] Creating fake entries in the LUT.
      [WARNING CTS-0045] Creating fake entries in the LUT.
      [WARNING CTS-0045] Creating fake entries in the LUT.
      [WARNING CTS-0045] Creating fake entries in the LUT.
      [WARNING CTS-0045] Creating fake entries in the LUT.
      [WARNING CTS-0045] Creating fake entries in the LUT.
      [WARNING CTS-0045] Creating fake entries in the LUT.
      [WARNING CTS-0045] Creating fake entries in the LUT.
      [WARNING CTS-0045] Creating fake entries in the LUT.
      [WARNING CTS-0045] Creating fake entries in the LUT.
      [WARNING CTS-0045] Creating fake entries in the LUT.
      [WARNING CTS-0045] Creating fake entries in the LUT.
      [WARNING CTS-0045] Creating fake entries in the LUT.
      [WARNING CTS-0045] Creating fake entries in the LUT.
      [WARNING CTS-0045] Creating fake entries in the LUT.
      [WARNING CTS-0045] Creating fake entries in the LUT.
      [WARNING CTS-0045] Creating fake entries in the LUT.
      [WARNING CTS-0045] Creating fake entries in the LUT.
      [WARNING CTS-0045] Creating fake entries in the LUT.
      [WARNING CTS-0045] Creating fake entries in the LUT.
      [WARNING CTS-0045] Creating fake entries in the LUT.
      [WARNING CTS-0045] Creating fake entries in the LUT.
      [WARNING CTS-0045] Creating fake entries in the LUT.
      [WARNING CTS-0045] Creating fake entries in the LUT.
      [WARNING CTS-0045] Creating fake entries in the LUT.
      [WARNING CTS-0045] Creating fake entries in the LUT.
      [WARNING CTS-0045] Creating fake entries in the LUT.
      [WARNING CTS-0045] Creating fake entries in the LUT.
      [WARNING CTS-0045] Creating fake entries in the LUT.
      [WARNING CTS-0045] Creating fake entries in the LUT.
      [WARNING CTS-0045] Creating fake entries in the LUT.
      [WARNING CTS-0045] Creating fake entries in the LUT.
      [WARNING CTS-0045] Creating fake entries in the LUT.
      [WARNING CTS-0045] Creating fake entries in the LUT.
      [WARNING CTS-0045] Creating fake entries in the LUT.
      [WARNING CTS-0045] Creating fake entries in the LUT.
      [WARNING CTS-0045] Creating fake entries in the LUT.
      [WARNING CTS-0045] Creating fake entries in the LUT.
      [WARNING CTS-0045] Creating fake entries in the LUT.
      [WARNING CTS-0045] Creating fake entries in the LUT.
      [WARNING CTS-0045] Creating fake entries in the LUT.
      [WARNING CTS-0045] Creating fake entries in the LUT.
      [WARNING CTS-0045] Creating fake entries in the LUT.
      [WARNING CTS-0045] Creating fake entries in the LUT.
      [WARNING CTS-0045] Creating fake entries in the LUT.
      [WARNING CTS-0045] Creating fake entries in the LUT.
      [WARNING CTS-0045] Creating fake entries in the LUT.
      [WARNING CTS-0045] Creating fake entries in the LUT.
      [WARNING CTS-0045] Creating fake entries in the LUT.
      [WARNING CTS-0045] Creating fake entries in the LUT.
      [WARNING CTS-0045] Creating fake entries in the LUT.
      [WARNING CTS-0045] Creating fake entries in the LUT.
      [WARNING CTS-0045] Creating fake entries in the LUT.
      [WARNING CTS-0045] Creating fake entries in the LUT.
      [WARNING CTS-0045] Creating fake entries in the LUT.
      [WARNING CTS-0045] Creating fake entries in the LUT.
      [WARNING CTS-0045] Creating fake entries in the LUT.
      [WARNING CTS-0045] Creating fake entries in the LUT.
      [WARNING CTS-0045] Creating fake entries in the LUT.
      [WARNING ANT-0011] -report_violating_nets is deprecated.
      [WARNING PSM-0016] Voltage pad location (VSRC) file not specified, defaulting pad location to checkerboard pattern on core area.
      [WARNING PSM-0017] X direction bump pitch is not specified, defaulting to 140um.
      [WARNING PSM-0018] Y direction bump pitch is not specified, defaulting to 140um.
      [WARNING PSM-0065] VSRC location not specified, using default checkerboard pattern with one VDD every size bumps in x-direction and one in two bumps in the y-direction
      [WARNING PSM-0030] VSRC location at (96.250um, 96.600um) and size 10.000um, is not located on an existing power stripe node. Moving to closest node at (88.090um, 104.800um).
      [WARNING PSM-0016] Voltage pad location (VSRC) file not specified, defaulting pad location to checkerboard pattern on core area.
      [WARNING PSM-0017] X direction bump pitch is not specified, defaulting to 140um.
      [WARNING PSM-0018] Y direction bump pitch is not specified, defaulting to 140um.
      [WARNING PSM-0065] VSRC location not specified, using default checkerboard pattern with one VDD every size bumps in x-direction and one in two bumps in the y-direction
      [WARNING PSM-0030] VSRC location at (96.250um, 96.600um) and size 10.000um, is not located on an existing power stripe node. Moving to closest node at (116.090um, 84.800um).