OpenROAD b57893514040c5aa453ab5c104f35d1173a8add9 
This program is licensed under the BSD-3 license. See the LICENSE file for details.
Components of this program may be licensed under more restrictive licenses which must be honored.
[INFO ORD-0030] Using 2 thread(s).
[INFO DRT-0149] Reading tech and libs.

Units:                2000
Number of layers:     21
Number of macros:     135
Number of vias:       27
Number of viarulegen: 19

[INFO DRT-0150] Reading design.

Design:                   halut_decoder
Die area:                 ( 0 0 ) ( 695630 695630 )
Number of track patterns: 20
Number of DEF vias:       6
Number of components:     65266
Number of terminals:      71
Number of snets:          2
Number of nets:           33931

[INFO DRT-0167] List of default vias:
  Layer via1
    default via: via1_7
  Layer via2
    default via: via2_5
  Layer via3
    default via: via3_2
  Layer via4
    default via: via4_0
  Layer via5
    default via: via5_0
  Layer via6
    default via: via6_0
  Layer via7
    default via: via7_0
  Layer via8
    default via: via8_0
  Layer via9
    default via: via9_0
[INFO DRT-0162] Library cell analysis.
[INFO DRT-0163] Instance analysis.
  Complete 10000 instances.
  Complete 20000 instances.
  Complete 30000 instances.
  Complete 40000 instances.
  Complete 50000 instances.
  Complete 60000 instances.
[INFO DRT-0164] Number of unique instances = 116.
[INFO DRT-0168] Init region query.
[INFO DRT-0018]   Complete 10000 insts.
[INFO DRT-0018]   Complete 20000 insts.
[INFO DRT-0018]   Complete 30000 insts.
[INFO DRT-0018]   Complete 40000 insts.
[INFO DRT-0018]   Complete 50000 insts.
[INFO DRT-0018]   Complete 60000 insts.
[INFO DRT-0024]   Complete active.
[INFO DRT-0024]   Complete FR_VIA.
[INFO DRT-0024]   Complete metal1.
[INFO DRT-0024]   Complete via1.
[INFO DRT-0024]   Complete metal2.
[INFO DRT-0024]   Complete via2.
[INFO DRT-0024]   Complete metal3.
[INFO DRT-0024]   Complete via3.
[INFO DRT-0024]   Complete metal4.
[INFO DRT-0024]   Complete via4.
[INFO DRT-0024]   Complete metal5.
[INFO DRT-0024]   Complete via5.
[INFO DRT-0024]   Complete metal6.
[INFO DRT-0024]   Complete via6.
[INFO DRT-0024]   Complete metal7.
[INFO DRT-0024]   Complete via7.
[INFO DRT-0024]   Complete metal8.
[INFO DRT-0024]   Complete via8.
[INFO DRT-0024]   Complete metal9.
[INFO DRT-0024]   Complete via9.
[INFO DRT-0024]   Complete metal10.
[INFO DRT-0033] active shape region query size = 0.
[INFO DRT-0033] FR_VIA shape region query size = 0.
[INFO DRT-0033] metal1 shape region query size = 602651.
[INFO DRT-0033] via1 shape region query size = 4797.
[INFO DRT-0033] metal2 shape region query size = 3246.
[INFO DRT-0033] via2 shape region query size = 4797.
[INFO DRT-0033] metal3 shape region query size = 3221.
[INFO DRT-0033] via3 shape region query size = 4797.
[INFO DRT-0033] metal4 shape region query size = 1729.
[INFO DRT-0033] via4 shape region query size = 1170.
[INFO DRT-0033] metal5 shape region query size = 234.
[INFO DRT-0033] via5 shape region query size = 1170.
[INFO DRT-0033] metal6 shape region query size = 234.
[INFO DRT-0033] via6 shape region query size = 468.
[INFO DRT-0033] metal7 shape region query size = 135.
[INFO DRT-0033] via7 shape region query size = 0.
[INFO DRT-0033] metal8 shape region query size = 0.
[INFO DRT-0033] via8 shape region query size = 0.
[INFO DRT-0033] metal9 shape region query size = 0.
[INFO DRT-0033] via9 shape region query size = 0.
[INFO DRT-0033] metal10 shape region query size = 0.
[INFO DRT-0165] Start pin access.
[INFO DRT-0076]   Complete 100 pins.
[INFO DRT-0076]   Complete 200 pins.
[INFO DRT-0076]   Complete 300 pins.
[INFO DRT-0078]   Complete 345 pins.
[INFO DRT-0079]   Complete 100 unique inst patterns.
[INFO DRT-0081]   Complete 100 unique inst patterns.
[INFO DRT-0082]   Complete 1000 groups.
[INFO DRT-0082]   Complete 2000 groups.
[INFO DRT-0082]   Complete 3000 groups.
[INFO DRT-0082]   Complete 4000 groups.
[INFO DRT-0082]   Complete 5000 groups.
[INFO DRT-0082]   Complete 6000 groups.
[INFO DRT-0082]   Complete 7000 groups.
[INFO DRT-0082]   Complete 8000 groups.
[INFO DRT-0082]   Complete 9000 groups.
[INFO DRT-0083]   Complete 10000 groups.
[INFO DRT-0084]   Complete 15419 groups.
#scanned instances     = 65266
#unique  instances     = 116
#stdCellGenAp          = 3417
#stdCellValidPlanarAp  = 0
#stdCellValidViaAp     = 2509
#stdCellPinNoAp        = 0
#stdCellPinCnt         = 105462
#instTermValidViaApCnt = 0
#macroGenAp            = 0
#macroValidPlanarAp    = 0
#macroValidViaAp       = 0
#macroNoAp             = 0
[INFO DRT-0166] Complete pin access.
[INFO DRT-0267] cpu time = 00:07:35, elapsed time = 00:03:49, memory = 289.77 (MB), peak = 299.33 (MB)
[INFO DRT-0156] guideIn read 100000 guides.
[INFO DRT-0156] guideIn read 200000 guides.

Number of guides:     284921

[INFO DRT-0169] Post process guides.
[INFO DRT-0176] GCELLGRID X 0 DO 165 STEP 4200 ;
[INFO DRT-0177] GCELLGRID Y 0 DO 165 STEP 4200 ;
[INFO DRT-0026]   Complete 10000 origin guides.
[INFO DRT-0026]   Complete 20000 origin guides.
[INFO DRT-0026]   Complete 30000 origin guides.
[INFO DRT-0026]   Complete 40000 origin guides.
[INFO DRT-0026]   Complete 50000 origin guides.
[INFO DRT-0026]   Complete 60000 origin guides.
[INFO DRT-0026]   Complete 70000 origin guides.
[INFO DRT-0026]   Complete 80000 origin guides.
[INFO DRT-0026]   Complete 90000 origin guides.
[INFO DRT-0027]   Complete 100000 origin guides.
[INFO DRT-0027]   Complete 200000 origin guides.
[INFO DRT-0028]   Complete active.
[INFO DRT-0028]   Complete FR_VIA.
[INFO DRT-0028]   Complete metal1.
[INFO DRT-0028]   Complete via1.
[INFO DRT-0028]   Complete metal2.
[INFO DRT-0028]   Complete via2.
[INFO DRT-0028]   Complete metal3.
[INFO DRT-0028]   Complete via3.
[INFO DRT-0028]   Complete metal4.
[INFO DRT-0028]   Complete via4.
[INFO DRT-0028]   Complete metal5.
[INFO DRT-0028]   Complete via5.
[INFO DRT-0028]   Complete metal6.
[INFO DRT-0028]   Complete via6.
[INFO DRT-0028]   Complete metal7.
[INFO DRT-0028]   Complete via7.
[INFO DRT-0028]   Complete metal8.
[INFO DRT-0028]   Complete via8.
[INFO DRT-0028]   Complete metal9.
[INFO DRT-0028]   Complete via9.
[INFO DRT-0028]   Complete metal10.
  complete 10000 nets.
  complete 20000 nets.
  complete 30000 nets.
[INFO DRT-0178] Init guide query.
[INFO DRT-0029]   Complete 10000 nets (guide).
[INFO DRT-0029]   Complete 20000 nets (guide).
[INFO DRT-0029]   Complete 30000 nets (guide).
[INFO DRT-0035]   Complete active (guide).
[INFO DRT-0035]   Complete FR_VIA (guide).
[INFO DRT-0035]   Complete metal1 (guide).
[INFO DRT-0035]   Complete via1 (guide).
[INFO DRT-0035]   Complete metal2 (guide).
[INFO DRT-0035]   Complete via2 (guide).
[INFO DRT-0035]   Complete metal3 (guide).
[INFO DRT-0035]   Complete via3 (guide).
[INFO DRT-0035]   Complete metal4 (guide).
[INFO DRT-0035]   Complete via4 (guide).
[INFO DRT-0035]   Complete metal5 (guide).
[INFO DRT-0035]   Complete via5 (guide).
[INFO DRT-0035]   Complete metal6 (guide).
[INFO DRT-0035]   Complete via6 (guide).
[INFO DRT-0035]   Complete metal7 (guide).
[INFO DRT-0035]   Complete via7 (guide).
[INFO DRT-0035]   Complete metal8 (guide).
[INFO DRT-0035]   Complete via8 (guide).
[INFO DRT-0035]   Complete metal9 (guide).
[INFO DRT-0035]   Complete via9 (guide).
[INFO DRT-0035]   Complete metal10 (guide).
[INFO DRT-0036] active guide region query size = 0.
[INFO DRT-0036] FR_VIA guide region query size = 0.
[INFO DRT-0036] metal1 guide region query size = 90525.
[INFO DRT-0036] via1 guide region query size = 0.
[INFO DRT-0036] metal2 guide region query size = 70357.
[INFO DRT-0036] via2 guide region query size = 0.
[INFO DRT-0036] metal3 guide region query size = 48393.
[INFO DRT-0036] via3 guide region query size = 0.
[INFO DRT-0036] metal4 guide region query size = 21281.
[INFO DRT-0036] via4 guide region query size = 0.
[INFO DRT-0036] metal5 guide region query size = 7402.
[INFO DRT-0036] via5 guide region query size = 0.
[INFO DRT-0036] metal6 guide region query size = 1126.
[INFO DRT-0036] via6 guide region query size = 0.
[INFO DRT-0036] metal7 guide region query size = 43.
[INFO DRT-0036] via7 guide region query size = 0.
[INFO DRT-0036] metal8 guide region query size = 0.
[INFO DRT-0036] via8 guide region query size = 0.
[INFO DRT-0036] metal9 guide region query size = 0.
[INFO DRT-0036] via9 guide region query size = 0.
[INFO DRT-0036] metal10 guide region query size = 0.
[INFO DRT-0179] Init gr pin query.
[INFO DRT-0185] Post process initialize RPin region query.
[INFO DRT-0181] Start track assignment.
[INFO DRT-0184] Done with 92764 vertical wires in 4 frboxes and 146363 horizontal wires in 4 frboxes.
[INFO DRT-0186] Done with 24999 vertical wires in 4 frboxes and 41473 horizontal wires in 4 frboxes.
[INFO DRT-0182] Complete track assignment.
[INFO DRT-0267] cpu time = 00:00:26, elapsed time = 00:00:15, memory = 951.35 (MB), peak = 951.35 (MB)
[INFO DRT-0187] Start routing data preparation.
[INFO DRT-0267] cpu time = 00:00:00, elapsed time = 00:00:00, memory = 951.35 (MB), peak = 951.35 (MB)
[INFO DRT-0194] Start detail routing.
[INFO DRT-0195] Start 0th optimization iteration.
    Completing 10% with 0 violations.
    elapsed time = 00:00:11, memory = 951.35 (MB).
    Completing 20% with 0 violations.
    elapsed time = 00:00:29, memory = 1201.24 (MB).
    Completing 30% with 500 violations.
    elapsed time = 00:00:41, memory = 1303.77 (MB).
    Completing 40% with 500 violations.
    elapsed time = 00:01:02, memory = 1304.28 (MB).
    Completing 50% with 500 violations.
    elapsed time = 00:01:20, memory = 1363.70 (MB).
    Completing 60% with 1217 violations.
    elapsed time = 00:01:34, memory = 1383.17 (MB).
    Completing 70% with 1217 violations.
    elapsed time = 00:01:55, memory = 1383.17 (MB).
    Completing 80% with 1929 violations.
    elapsed time = 00:02:06, memory = 1391.35 (MB).
    Completing 90% with 1929 violations.
    elapsed time = 00:02:27, memory = 1395.73 (MB).
    Completing 100% with 2736 violations.
    elapsed time = 00:02:46, memory = 1418.68 (MB).
[INFO DRT-0199]   Number of violations = 14552.
[INFO DRT-0267] cpu time = 00:05:29, elapsed time = 00:02:48, memory = 1614.55 (MB), peak = 1614.55 (MB)
Total wire length = 345487 um.
Total wire length on LAYER metal1 = 0 um.
Total wire length on LAYER metal2 = 83615 um.
Total wire length on LAYER metal3 = 113115 um.
Total wire length on LAYER metal4 = 74436 um.
Total wire length on LAYER metal5 = 53207 um.
Total wire length on LAYER metal6 = 19952 um.
Total wire length on LAYER metal7 = 1159 um.
Total wire length on LAYER metal8 = 0 um.
Total wire length on LAYER metal9 = 0 um.
Total wire length on LAYER metal10 = 0 um.
Total number of vias = 228848.
Up-via summary (total 228848):.

-----------------
 active         0
 metal1    105323
 metal2     88175
 metal3     23754
 metal4      9569
 metal5      1953
 metal6        74
 metal7         0
 metal8         0
 metal9         0
-----------------
           228848


[INFO DRT-0195] Start 1st optimization iteration.
    Completing 10% with 14552 violations.
    elapsed time = 00:00:08, memory = 1614.55 (MB).
    Completing 20% with 14552 violations.
    elapsed time = 00:00:23, memory = 1614.55 (MB).
    Completing 30% with 10614 violations.
    elapsed time = 00:00:32, memory = 1614.55 (MB).
    Completing 40% with 10614 violations.
    elapsed time = 00:00:46, memory = 1614.55 (MB).
    Completing 50% with 10614 violations.
    elapsed time = 00:00:58, memory = 1629.78 (MB).
    Completing 60% with 7022 violations.
    elapsed time = 00:01:09, memory = 1629.78 (MB).
    Completing 70% with 7022 violations.
    elapsed time = 00:01:25, memory = 1629.78 (MB).
    Completing 80% with 3615 violations.
    elapsed time = 00:01:32, memory = 1629.78 (MB).
    Completing 90% with 3615 violations.
    elapsed time = 00:01:45, memory = 1629.78 (MB).
    Completing 100% with 269 violations.
    elapsed time = 00:01:57, memory = 1629.78 (MB).
[INFO DRT-0199]   Number of violations = 269.
[INFO DRT-0267] cpu time = 00:03:51, elapsed time = 00:01:59, memory = 1629.78 (MB), peak = 1629.78 (MB)
Total wire length = 341268 um.
Total wire length on LAYER metal1 = 0 um.
Total wire length on LAYER metal2 = 84789 um.
Total wire length on LAYER metal3 = 112793 um.
Total wire length on LAYER metal4 = 71525 um.
Total wire length on LAYER metal5 = 51274 um.
Total wire length on LAYER metal6 = 19743 um.
Total wire length on LAYER metal7 = 1142 um.
Total wire length on LAYER metal8 = 0 um.
Total wire length on LAYER metal9 = 0 um.
Total wire length on LAYER metal10 = 0 um.
Total number of vias = 225701.
Up-via summary (total 225701):.

-----------------
 active         0
 metal1    105316
 metal2     88010
 metal3     21793
 metal4      8671
 metal5      1847
 metal6        64
 metal7         0
 metal8         0
 metal9         0
-----------------
           225701


[INFO DRT-0195] Start 2nd optimization iteration.
    Completing 10% with 269 violations.
    elapsed time = 00:00:02, memory = 1629.78 (MB).
    Completing 20% with 269 violations.
    elapsed time = 00:00:06, memory = 1629.78 (MB).
    Completing 30% with 194 violations.
    elapsed time = 00:00:09, memory = 1629.78 (MB).
    Completing 40% with 194 violations.
    elapsed time = 00:00:15, memory = 1629.78 (MB).
    Completing 50% with 194 violations.
    elapsed time = 00:00:18, memory = 1629.78 (MB).
    Completing 60% with 156 violations.
    elapsed time = 00:00:22, memory = 1629.78 (MB).
    Completing 70% with 156 violations.
    elapsed time = 00:00:25, memory = 1629.78 (MB).
    Completing 80% with 107 violations.
    elapsed time = 00:00:30, memory = 1629.78 (MB).
    Completing 90% with 107 violations.
    elapsed time = 00:00:33, memory = 1629.78 (MB).
    Completing 100% with 69 violations.
    elapsed time = 00:00:36, memory = 1629.78 (MB).
[INFO DRT-0199]   Number of violations = 69.
[INFO DRT-0267] cpu time = 00:01:11, elapsed time = 00:00:38, memory = 1629.78 (MB), peak = 1629.78 (MB)
Total wire length = 340835 um.
Total wire length on LAYER metal1 = 0 um.
Total wire length on LAYER metal2 = 84722 um.
Total wire length on LAYER metal3 = 112698 um.
Total wire length on LAYER metal4 = 71429 um.
Total wire length on LAYER metal5 = 51122 um.
Total wire length on LAYER metal6 = 19720 um.
Total wire length on LAYER metal7 = 1141 um.
Total wire length on LAYER metal8 = 0 um.
Total wire length on LAYER metal9 = 0 um.
Total wire length on LAYER metal10 = 0 um.
Total number of vias = 225602.
Up-via summary (total 225602):.

-----------------
 active         0
 metal1    105316
 metal2     88145
 metal3     21636
 metal4      8600
 metal5      1841
 metal6        64
 metal7         0
 metal8         0
 metal9         0
-----------------
           225602


[INFO DRT-0195] Start 3rd optimization iteration.
    Completing 10% with 69 violations.
    elapsed time = 00:00:00, memory = 1629.78 (MB).
    Completing 20% with 69 violations.
    elapsed time = 00:00:00, memory = 1629.78 (MB).
    Completing 30% with 56 violations.
    elapsed time = 00:00:00, memory = 1629.78 (MB).
    Completing 40% with 56 violations.
    elapsed time = 00:00:01, memory = 1629.78 (MB).
    Completing 50% with 56 violations.
    elapsed time = 00:00:02, memory = 1629.78 (MB).
    Completing 60% with 39 violations.
    elapsed time = 00:00:02, memory = 1629.78 (MB).
    Completing 70% with 39 violations.
    elapsed time = 00:00:03, memory = 1629.78 (MB).
    Completing 80% with 21 violations.
    elapsed time = 00:00:03, memory = 1629.78 (MB).
    Completing 90% with 21 violations.
    elapsed time = 00:00:04, memory = 1629.78 (MB).
    Completing 100% with 0 violations.
    elapsed time = 00:00:04, memory = 1629.78 (MB).
[INFO DRT-0199]   Number of violations = 0.
[INFO DRT-0267] cpu time = 00:00:08, elapsed time = 00:00:05, memory = 1629.78 (MB), peak = 1629.78 (MB)
Total wire length = 340826 um.
Total wire length on LAYER metal1 = 0 um.
Total wire length on LAYER metal2 = 84722 um.
Total wire length on LAYER metal3 = 112732 um.
Total wire length on LAYER metal4 = 71405 um.
Total wire length on LAYER metal5 = 51101 um.
Total wire length on LAYER metal6 = 19722 um.
Total wire length on LAYER metal7 = 1141 um.
Total wire length on LAYER metal8 = 0 um.
Total wire length on LAYER metal9 = 0 um.
Total wire length on LAYER metal10 = 0 um.
Total number of vias = 225649.
Up-via summary (total 225649):.

-----------------
 active         0
 metal1    105316
 metal2     88199
 metal3     21633
 metal4      8596
 metal5      1841
 metal6        64
 metal7         0
 metal8         0
 metal9         0
-----------------
           225649


[INFO DRT-0198] Complete detail routing.
Total wire length = 340826 um.
Total wire length on LAYER metal1 = 0 um.
Total wire length on LAYER metal2 = 84722 um.
Total wire length on LAYER metal3 = 112732 um.
Total wire length on LAYER metal4 = 71405 um.
Total wire length on LAYER metal5 = 51101 um.
Total wire length on LAYER metal6 = 19722 um.
Total wire length on LAYER metal7 = 1141 um.
Total wire length on LAYER metal8 = 0 um.
Total wire length on LAYER metal9 = 0 um.
Total wire length on LAYER metal10 = 0 um.
Total number of vias = 225649.
Up-via summary (total 225649):.

-----------------
 active         0
 metal1    105316
 metal2     88199
 metal3     21633
 metal4      8596
 metal5      1841
 metal6        64
 metal7         0
 metal8         0
 metal9         0
-----------------
           225649


[INFO DRT-0267] cpu time = 00:10:41, elapsed time = 00:05:32, memory = 1629.78 (MB), peak = 1629.78 (MB)

[INFO DRT-0180] Post processing.
Elapsed time: 9:41.97[h:]min:sec. CPU time: user 1127.09 sys 1.53 (193%). Peak memory: 1669192KB.
