OpenROAD b57893514040c5aa453ab5c104f35d1173a8add9 
This program is licensed under the BSD-3 license. See the LICENSE file for details.
Components of this program may be licensed under more restrictive licenses which must be honored.
[INFO GPL-0002] DBU: 1000
[INFO GPL-0003] SiteSize: 54 270
[INFO GPL-0004] CoreAreaLxLy: 2052 2160
[INFO GPL-0005] CoreAreaUxUy: 97956 97740
[INFO GPL-0006] NumInstances: 16425
[INFO GPL-0007] NumPlaceInstances: 15183
[INFO GPL-0008] NumFixedInstances: 1242
[INFO GPL-0009] NumDummyInstances: 0
[INFO GPL-0010] NumNets: 15221
[INFO GPL-0011] NumPins: 59478
[INFO GPL-0012] DieAreaLxLy: 0 0
[INFO GPL-0013] DieAreaUxUy: 100000 100000
[INFO GPL-0014] CoreAreaLxLy: 2052 2160
[INFO GPL-0015] CoreAreaUxUy: 97956 97740
[INFO GPL-0016] CoreArea: 9166504320
[INFO GPL-0017] NonPlaceInstsArea: 36216720
[INFO GPL-0018] PlaceInstsArea: 3568119660
[INFO GPL-0019] Util(%): 39.08
[INFO GPL-0020] StdInstsArea: 3568119660
[INFO GPL-0021] MacroInstsArea: 0
[INFO GPL-0031] FillerInit: NumGCells: 23240
[INFO GPL-0032] FillerInit: NumGNets: 15221
[INFO GPL-0033] FillerInit: NumGPins: 59478
[INFO GPL-0023] TargetDensity: 0.60
[INFO GPL-0024] AveragePlaceInstArea: 235007
[INFO GPL-0025] IdealBinArea: 391678
[INFO GPL-0026] IdealBinCnt: 23403
[INFO GPL-0027] TotalBinArea: 9166504320
[INFO GPL-0028] BinCnt: 128 128
[INFO GPL-0029] BinSize: 750 747
[INFO GPL-0030] NumBins: 16384
[NesterovSolve] Iter: 1 overflow: 0.998231 HPWL: 3017877
[NesterovSolve] Iter: 10 overflow: 0.998197 HPWL: 1199272
[NesterovSolve] Iter: 20 overflow: 0.998115 HPWL: 980053
[NesterovSolve] Iter: 30 overflow: 0.998015 HPWL: 921567
[NesterovSolve] Iter: 40 overflow: 0.997861 HPWL: 928940
[NesterovSolve] Iter: 50 overflow: 0.997758 HPWL: 931004
[NesterovSolve] Iter: 60 overflow: 0.997698 HPWL: 954018
[NesterovSolve] Iter: 70 overflow: 0.997671 HPWL: 1074542
[NesterovSolve] Iter: 80 overflow: 0.997271 HPWL: 1403292
[NesterovSolve] Iter: 90 overflow: 0.996712 HPWL: 2161900
[NesterovSolve] Iter: 100 overflow: 0.994617 HPWL: 3347903
[NesterovSolve] Iter: 110 overflow: 0.991069 HPWL: 4848327
[NesterovSolve] Iter: 120 overflow: 0.984936 HPWL: 6319891
[NesterovSolve] Iter: 130 overflow: 0.979299 HPWL: 7798480
[NesterovSolve] Iter: 140 overflow: 0.973264 HPWL: 9363997
[NesterovSolve] Iter: 150 overflow: 0.963017 HPWL: 11533736
[NesterovSolve] Iter: 160 overflow: 0.947783 HPWL: 14216477
[NesterovSolve] Iter: 170 overflow: 0.930129 HPWL: 16901481
[NesterovSolve] Iter: 180 overflow: 0.912663 HPWL: 19758764
[NesterovSolve] Iter: 190 overflow: 0.889501 HPWL: 23363101
[NesterovSolve] Iter: 200 overflow: 0.864536 HPWL: 27167078
[NesterovSolve] Iter: 210 overflow: 0.836513 HPWL: 30886296
[NesterovSolve] Iter: 220 overflow: 0.803388 HPWL: 34958328
[NesterovSolve] Iter: 230 overflow: 0.766651 HPWL: 37814893
[NesterovSolve] Iter: 240 overflow: 0.72965 HPWL: 39034215
[NesterovSolve] Iter: 250 overflow: 0.688177 HPWL: 39422788
[NesterovSolve] Iter: 260 overflow: 0.638612 HPWL: 39344742
[NesterovSolve] Iter: 270 overflow: 0.583406 HPWL: 39383084
[NesterovSolve] Iter: 280 overflow: 0.523338 HPWL: 39866713
[NesterovSolve] Iter: 290 overflow: 0.46082 HPWL: 40734666
[NesterovSolve] Iter: 300 overflow: 0.410916 HPWL: 41353283
[NesterovSolve] Iter: 310 overflow: 0.358437 HPWL: 41693678
[NesterovSolve] Iter: 320 overflow: 0.318027 HPWL: 41897298
[NesterovSolve] Iter: 330 overflow: 0.280875 HPWL: 42062337
[NesterovSolve] Iter: 340 overflow: 0.25278 HPWL: 42209999
[NesterovSolve] Iter: 350 overflow: 0.22167 HPWL: 42379814
[NesterovSolve] Iter: 360 overflow: 0.194059 HPWL: 42513371
[NesterovSolve] Iter: 370 overflow: 0.169883 HPWL: 42634992
[NesterovSolve] Iter: 380 overflow: 0.147227 HPWL: 42734383
[NesterovSolve] Iter: 390 overflow: 0.128086 HPWL: 42857499
[NesterovSolve] Iter: 400 overflow: 0.11003 HPWL: 42984414
[NesterovSolve] Finished with Overflow: 0.099206
Elapsed time: 0:08.05[h:]min:sec. CPU time: user 7.98 sys 0.06 (99%). Peak memory: 226820KB.
