OpenROAD 353633e018e57e35041db2841116ba382830b97b 
This program is licensed under the BSD-3 license. See the LICENSE file for details.
Components of this program may be licensed under more restrictive licenses which must be honored.
[INFO GPL-0002] DBU: 2000
[INFO GPL-0003] SiteSize: 380 2800
[INFO GPL-0004] CoreAreaLxLy: 4180 5600
[INFO GPL-0005] CoreAreaUxUy: 703760 702800
[INFO GPL-0006] NumInstances: 30435
[INFO GPL-0007] NumPlaceInstances: 29686
[INFO GPL-0008] NumFixedInstances: 749
[INFO GPL-0009] NumDummyInstances: 0
[INFO GPL-0010] NumNets: 30448
[INFO GPL-0011] NumPins: 98041
[INFO GPL-0012] DieAreaLxLy: 0 0
[INFO GPL-0013] DieAreaUxUy: 708050 708050
[INFO GPL-0014] CoreAreaLxLy: 4180 5600
[INFO GPL-0015] CoreAreaUxUy: 703760 702800
[INFO GPL-0016] CoreArea: 487747176000
[INFO GPL-0017] NonPlaceInstsArea: 796936000
[INFO GPL-0018] PlaceInstsArea: 183860264000
[INFO GPL-0019] Util(%): 37.76
[INFO GPL-0020] StdInstsArea: 183860264000
[INFO GPL-0021] MacroInstsArea: 0
[INFO GPL-0031] FillerInit: NumGCells: 47812
[INFO GPL-0032] FillerInit: NumGNets: 30448
[INFO GPL-0033] FillerInit: NumGPins: 98041
[INFO GPL-0023] TargetDensity: 0.60
[INFO GPL-0024] AveragePlaceInstArea: 6193500
[INFO GPL-0025] IdealBinArea: 10322500
[INFO GPL-0026] IdealBinCnt: 47250
[INFO GPL-0027] TotalBinArea: 487747176000
[INFO GPL-0028] BinCnt: 128 128
[INFO GPL-0029] BinSize: 5466 5447
[INFO GPL-0030] NumBins: 16384
[NesterovSolve] Iter: 1 overflow: 0.998663 HPWL: 52061910
[NesterovSolve] Iter: 10 overflow: 0.999052 HPWL: 7925736
[NesterovSolve] Iter: 20 overflow: 0.999052 HPWL: 5092357
[NesterovSolve] Iter: 30 overflow: 0.999052 HPWL: 4089693
[NesterovSolve] Iter: 40 overflow: 0.999052 HPWL: 3827313
[NesterovSolve] Iter: 50 overflow: 0.999052 HPWL: 3720810
[NesterovSolve] Iter: 60 overflow: 0.999051 HPWL: 3649809
[NesterovSolve] Iter: 70 overflow: 0.999029 HPWL: 3631175
[NesterovSolve] Iter: 80 overflow: 0.998945 HPWL: 3744257
[NesterovSolve] Iter: 90 overflow: 0.998812 HPWL: 4145580
[NesterovSolve] Iter: 100 overflow: 0.998663 HPWL: 5168221
[NesterovSolve] Iter: 110 overflow: 0.998376 HPWL: 7623474
[NesterovSolve] Iter: 120 overflow: 0.997718 HPWL: 12864237
[NesterovSolve] Iter: 130 overflow: 0.996288 HPWL: 22055915
[NesterovSolve] Iter: 140 overflow: 0.994347 HPWL: 35173127
[NesterovSolve] Iter: 150 overflow: 0.991906 HPWL: 48404592
[NesterovSolve] Iter: 160 overflow: 0.986679 HPWL: 59806313
[NesterovSolve] Iter: 170 overflow: 0.978746 HPWL: 69808274
[NesterovSolve] Iter: 180 overflow: 0.9675 HPWL: 82754273
[NesterovSolve] Iter: 190 overflow: 0.957016 HPWL: 97943457
[NesterovSolve] Iter: 200 overflow: 0.94171 HPWL: 117544735
[NesterovSolve] Iter: 210 overflow: 0.928236 HPWL: 137835163
[NesterovSolve] Iter: 220 overflow: 0.911386 HPWL: 160116598
[NesterovSolve] Iter: 230 overflow: 0.889114 HPWL: 178875902
[NesterovSolve] Iter: 240 overflow: 0.861393 HPWL: 199774337
[NesterovSolve] Iter: 250 overflow: 0.831051 HPWL: 234477216
[NesterovSolve] Iter: 260 overflow: 0.802596 HPWL: 280068716
[NesterovSolve] Iter: 270 overflow: 0.775155 HPWL: 304336854
[NesterovSolve] Iter: 280 overflow: 0.740049 HPWL: 316254779
[NesterovSolve] Iter: 290 overflow: 0.702634 HPWL: 336813511
[NesterovSolve] Iter: 300 overflow: 0.65449 HPWL: 346113254
[NesterovSolve] Iter: 310 overflow: 0.611382 HPWL: 352136788
[NesterovSolve] Iter: 320 overflow: 0.561671 HPWL: 356399272
[NesterovSolve] Iter: 330 overflow: 0.515645 HPWL: 359462126
[NesterovSolve] Iter: 340 overflow: 0.462553 HPWL: 363097060
[NesterovSolve] Iter: 350 overflow: 0.40857 HPWL: 359465140
[NesterovSolve] Iter: 360 overflow: 0.351118 HPWL: 350641054
[NesterovSolve] Iter: 370 overflow: 0.302683 HPWL: 341917932
[NesterovSolve] Iter: 380 overflow: 0.267881 HPWL: 334969677
[NesterovSolve] Iter: 390 overflow: 0.232858 HPWL: 329043137
[NesterovSolve] Iter: 400 overflow: 0.205175 HPWL: 324156069
[NesterovSolve] Iter: 410 overflow: 0.178471 HPWL: 320395066
[NesterovSolve] Iter: 420 overflow: 0.154537 HPWL: 317024897
[NesterovSolve] Iter: 430 overflow: 0.133921 HPWL: 314212670
[NesterovSolve] Iter: 440 overflow: 0.116905 HPWL: 312138964
[NesterovSolve] Iter: 450 overflow: 0.100839 HPWL: 311100402
[NesterovSolve] Finished with Overflow: 0.099030
Elapsed time: 0:09.63[h:]min:sec. CPU time: user 9.56 sys 0.06 (99%). Peak memory: 175072KB.
