OpenROAD b57893514040c5aa453ab5c104f35d1173a8add9 
This program is licensed under the BSD-3 license. See the LICENSE file for details.
Components of this program may be licensed under more restrictive licenses which must be honored.
[INFO GPL-0002] DBU: 2000
[INFO GPL-0003] SiteSize: 380 2800
[INFO GPL-0004] CoreAreaLxLy: 4180 5600
[INFO GPL-0005] CoreAreaUxUy: 685900 683200
[INFO GPL-0006] NumInstances: 30131
[INFO GPL-0007] NumPlaceInstances: 29403
[INFO GPL-0008] NumFixedInstances: 728
[INFO GPL-0009] NumDummyInstances: 0
[INFO GPL-0010] NumNets: 29909
[INFO GPL-0011] NumPins: 95036
[INFO GPL-0012] DieAreaLxLy: 0 0
[INFO GPL-0013] DieAreaUxUy: 689910 689910
[INFO GPL-0014] CoreAreaLxLy: 4180 5600
[INFO GPL-0015] CoreAreaUxUy: 685900 683200
[INFO GPL-0016] CoreArea: 461933472000
[INFO GPL-0017] NonPlaceInstsArea: 774592000
[INFO GPL-0018] PlaceInstsArea: 175950488000
[INFO GPL-0019] Util(%): 38.15
[INFO GPL-0020] StdInstsArea: 175950488000
[INFO GPL-0021] MacroInstsArea: 0
[InitialPlace]  Iter: 1 CG residual: 0.00213737 HPWL: 528077147
[InitialPlace]  Iter: 2 CG residual: 0.00171419 HPWL: 300731009
[InitialPlace]  Iter: 3 CG residual: 0.00417944 HPWL: 267317022
[InitialPlace]  Iter: 4 CG residual: 0.00056051 HPWL: 242261317
[InitialPlace]  Iter: 5 CG residual: 0.00021999 HPWL: 220913377
[InitialPlace]  Iter: 6 CG residual: 0.00010231 HPWL: 210175842
[InitialPlace]  Iter: 7 CG residual: 0.00002979 HPWL: 205383935
[InitialPlace]  Iter: 8 CG residual: 0.00001098 HPWL: 203695108
[InitialPlace]  Iter: 9 CG residual: 0.00000581 HPWL: 203074027
[INFO GPL-0031] FillerInit: NumGCells: 46651
[INFO GPL-0032] FillerInit: NumGNets: 29909
[INFO GPL-0033] FillerInit: NumGPins: 95036
[INFO GPL-0023] TargetDensity: 0.60
[INFO GPL-0024] AveragePlaceInstArea: 5984099
[INFO GPL-0025] IdealBinArea: 9973498
[INFO GPL-0026] IdealBinCnt: 46316
[INFO GPL-0027] TotalBinArea: 461933472000
[INFO GPL-0028] BinCnt: 128 128
[INFO GPL-0029] BinSize: 5326 5294
[INFO GPL-0030] NumBins: 16384
[NesterovSolve] Iter: 1 overflow: 0.97296 HPWL: 57655908
[NesterovSolve] Iter: 10 overflow: 0.959074 HPWL: 67572787
[NesterovSolve] Iter: 20 overflow: 0.953369 HPWL: 78336257
[NesterovSolve] Iter: 30 overflow: 0.950452 HPWL: 85904356
[NesterovSolve] Iter: 40 overflow: 0.949465 HPWL: 87507898
[NesterovSolve] Iter: 50 overflow: 0.95003 HPWL: 85701871
[NesterovSolve] Iter: 60 overflow: 0.950547 HPWL: 83754753
[NesterovSolve] Iter: 70 overflow: 0.95017 HPWL: 83740556
[NesterovSolve] Iter: 80 overflow: 0.949554 HPWL: 84516144
[NesterovSolve] Iter: 90 overflow: 0.948792 HPWL: 84853957
[NesterovSolve] Iter: 100 overflow: 0.948357 HPWL: 84539499
[NesterovSolve] Iter: 110 overflow: 0.947895 HPWL: 84204510
[NesterovSolve] Iter: 120 overflow: 0.947588 HPWL: 84267747
[NesterovSolve] Iter: 130 overflow: 0.946994 HPWL: 84636253
[NesterovSolve] Iter: 140 overflow: 0.946309 HPWL: 85169019
[NesterovSolve] Iter: 150 overflow: 0.945237 HPWL: 85929969
[NesterovSolve] Iter: 160 overflow: 0.944697 HPWL: 87301942
[NesterovSolve] Iter: 170 overflow: 0.943584 HPWL: 90228242
[NesterovSolve] Iter: 180 overflow: 0.941249 HPWL: 96441932
[NesterovSolve] Iter: 190 overflow: 0.936719 HPWL: 104723746
[NesterovSolve] Iter: 200 overflow: 0.928498 HPWL: 113092840
[NesterovSolve] Iter: 210 overflow: 0.919262 HPWL: 121907634
[NesterovSolve] Iter: 220 overflow: 0.908426 HPWL: 133957341
[NesterovSolve] Iter: 230 overflow: 0.894995 HPWL: 149423969
[NesterovSolve] Iter: 240 overflow: 0.878891 HPWL: 165679740
[NesterovSolve] Iter: 250 overflow: 0.862353 HPWL: 180842117
[NesterovSolve] Iter: 260 overflow: 0.838976 HPWL: 199609854
[NesterovSolve] Iter: 270 overflow: 0.812713 HPWL: 224871124
[NesterovSolve] Iter: 280 overflow: 0.783367 HPWL: 250168127
[INFO GPL-0100] worst slack -1.39e-17
[INFO GPL-0103] Weighted 3492 nets.
[NesterovSolve] Iter: 290 overflow: 0.775192 HPWL: 249725289
[NesterovSolve] Iter: 300 overflow: 0.739083 HPWL: 270326118
[NesterovSolve] Iter: 310 overflow: 0.70678 HPWL: 296378883
[NesterovSolve] Iter: 320 overflow: 0.667278 HPWL: 323791537
[INFO GPL-0100] worst slack -2.78e-17
[INFO GPL-0103] Weighted 3493 nets.
[NesterovSolve] Iter: 330 overflow: 0.622788 HPWL: 346563343
[NesterovSolve] Snapshot saved at iter = 334
[NesterovSolve] Iter: 340 overflow: 0.572737 HPWL: 359010457
[NesterovSolve] Iter: 350 overflow: 0.524728 HPWL: 367723668
[INFO GPL-0100] worst slack -2.78e-17
[INFO GPL-0103] Weighted 3493 nets.
[NesterovSolve] Iter: 360 overflow: 0.473554 HPWL: 374592935
[NesterovSolve] Iter: 370 overflow: 0.422966 HPWL: 374851771
[NesterovSolve] Iter: 380 overflow: 0.365142 HPWL: 370578001
[NesterovSolve] Iter: 390 overflow: 0.311965 HPWL: 362955938
[INFO GPL-0100] worst slack -1.39e-17
[INFO GPL-0103] Weighted 3493 nets.
[NesterovSolve] Iter: 400 overflow: 0.272713 HPWL: 357299843
[NesterovSolve] Iter: 410 overflow: 0.23523 HPWL: 353060885
[NesterovSolve] Iter: 420 overflow: 0.202521 HPWL: 349497930
[INFO GPL-0100] worst slack -1.39e-17
[INFO GPL-0103] Weighted 3492 nets.
[INFO GPL-0075] Routability numCall: 1 inflationIterCnt: 1 bloatIterCnt: 0
[INFO GPL-0036] TileLxLy: 0 0
[INFO GPL-0037] TileSize: 4200 4200
[INFO GPL-0038] TileCnt: 164 164
[INFO GPL-0039] numRoutingLayers: 10
[INFO GPL-0040] NumTiles: 26896
[INFO GPL-0063] TotalRouteOverflowH2: 3.457143783569336
[INFO GPL-0064] TotalRouteOverflowV2: 0.0
[INFO GPL-0065] OverflowTileCnt2: 24
[INFO GPL-0066] 0.5%RC: 1.0089101643906426
[INFO GPL-0067] 1.0%RC: 1.0044608306884766
[INFO GPL-0068] 2.0%RC: 1.0022304153442383
[INFO GPL-0069] 5.0%RC: 1.0008921661376953
[INFO GPL-0070] 0.5rcK: 1.0
[INFO GPL-0071] 1.0rcK: 1.0
[INFO GPL-0072] 2.0rcK: 0.0
[INFO GPL-0073] 5.0rcK: 0.0
[INFO GPL-0074] FinalRC: 1.0066855
[NesterovSolve] Iter: 430 overflow: 0.174401 HPWL: 346497976
[NesterovSolve] Iter: 440 overflow: 0.148881 HPWL: 344684151
[INFO GPL-0100] worst slack -2.78e-17
[INFO GPL-0103] Weighted 3492 nets.
[NesterovSolve] Iter: 450 overflow: 0.126028 HPWL: 343124861
[NesterovSolve] Iter: 460 overflow: 0.108292 HPWL: 342323283
[NesterovSolve] Finished with Overflow: 0.099634

==========================================================================
global place report_tns
--------------------------------------------------------------------------
tns -8.90

==========================================================================
global place report_wns
--------------------------------------------------------------------------
wns -1.16

==========================================================================
global place report_worst_slack
--------------------------------------------------------------------------
worst slack -1.16

==========================================================================
global place report_clock_skew
--------------------------------------------------------------------------
Clock clk_i
Latency      CRPR       Skew
gen_encoder_units[1].encoder_unit/threshold_memory/gen_sub_units_scm[3].sub_unit_i/_2407_/G ^
   0.46
gen_encoder_units[1].encoder_unit/_356_/CK ^
   0.00      0.00       0.46


==========================================================================
global place report_checks -path_delay min
--------------------------------------------------------------------------
Startpoint: rst_ni (input port clocked by clk_i)
Endpoint: gen_encoder_units[1].encoder_unit/threshold_memory/_145_
          (removal check against rising-edge clock clk_i)
Path Group: **async_default**
Path Type: min

Fanout     Cap    Slew   Delay    Time   Description
-----------------------------------------------------------------------------
                  0.00    0.00    0.00   clock clk_i (rise edge)
                          0.00    0.00   clock network delay (ideal)
                          0.30    0.30 ^ input external delay
                  0.00    0.00    0.30 ^ rst_ni (in)
   151  373.55                           rst_ni (net)
                  0.30    0.24    0.54 ^ gen_encoder_units[1].encoder_unit/threshold_memory/_145_/RN (DFFR_X1)
                                  0.54   data arrival time

                  0.00    0.00    0.00   clock clk_i (rise edge)
                          0.00    0.00   clock network delay (ideal)
                          0.00    0.00   clock reconvergence pessimism
                                  0.00 ^ gen_encoder_units[1].encoder_unit/threshold_memory/_145_/CK (DFFR_X1)
                          0.55    0.55   library removal time
                                  0.55   data required time
-----------------------------------------------------------------------------
                                  0.55   data required time
                                 -0.54   data arrival time
-----------------------------------------------------------------------------
                                 -0.01   slack (VIOLATED)


Startpoint: gen_encoder_units[0].encoder_unit/threshold_memory/gen_sub_units_scm[1].sub_unit_i/_2929_
            (negative level-sensitive latch clocked by clk_i)
Endpoint: gen_encoder_units[0].encoder_unit/threshold_memory/gen_sub_units_scm[1].sub_unit_i/_2383_
          (rising clock gating-check end-point clocked by clk_i)
Path Group: **clock_gating_default**
Path Type: min

Fanout     Cap    Slew   Delay    Time   Description
-----------------------------------------------------------------------------
                  0.00    1.50    1.50   clock clk_i (fall edge)
                          0.00    1.50   clock network delay (ideal)
                  0.00    0.00    1.50 v gen_encoder_units[0].encoder_unit/threshold_memory/gen_sub_units_scm[1].sub_unit_i/_2929_/GN (DLL_X1)
                  0.01    0.04    1.54 ^ gen_encoder_units[0].encoder_unit/threshold_memory/gen_sub_units_scm[1].sub_unit_i/_2929_/Q (DLL_X1)
     1    0.98                           gen_encoder_units[0].encoder_unit/threshold_memory/gen_sub_units_scm[1].sub_unit_i/gen_cg_word_iter[13].cg_i.en_latch (net)
                  0.01    0.00    1.54 ^ gen_encoder_units[0].encoder_unit/threshold_memory/gen_sub_units_scm[1].sub_unit_i/_2383_/A2 (AND2_X1)
                                  1.54   data arrival time

                  0.00    1.50    1.50   clock clk_i (fall edge)
                          0.00    1.50   clock network delay (ideal)
                          0.00    1.50   clock reconvergence pessimism
                                  1.50 v gen_encoder_units[0].encoder_unit/threshold_memory/gen_sub_units_scm[1].sub_unit_i/_2383_/A1 (AND2_X1)
                          0.00    1.50   clock gating hold time
                                  1.50   data required time
-----------------------------------------------------------------------------
                                  1.50   data required time
                                 -1.54   data arrival time
-----------------------------------------------------------------------------
                                  0.04   slack (MET)


Startpoint: gen_encoder_units[3].encoder_unit/_360_
            (rising edge-triggered flip-flop clocked by clk_i)
Endpoint: gen_encoder_units[3].encoder_unit/_361_
          (rising edge-triggered flip-flop clocked by clk_i)
Path Group: clk_i
Path Type: min

Fanout     Cap    Slew   Delay    Time   Description
-----------------------------------------------------------------------------
                  0.00    0.00    0.00   clock clk_i (rise edge)
                          0.00    0.00   clock network delay (ideal)
                  0.00    0.00    0.00 ^ gen_encoder_units[3].encoder_unit/_360_/CK (DFFR_X1)
                  0.01    0.07    0.07 ^ gen_encoder_units[3].encoder_unit/_360_/QN (DFFR_X1)
     2    2.71                           gen_encoder_units[3].encoder_unit/_001_ (net)
                  0.01    0.00    0.07 ^ gen_encoder_units[3].encoder_unit/_289_/A2 (OR2_X1)
                  0.01    0.03    0.09 ^ gen_encoder_units[3].encoder_unit/_289_/ZN (OR2_X1)
     1    1.74                           gen_encoder_units[3].encoder_unit/_105_ (net)
                  0.01    0.00    0.09 ^ gen_encoder_units[3].encoder_unit/_290_/A (INV_X1)
                  0.00    0.01    0.10 v gen_encoder_units[3].encoder_unit/_290_/ZN (INV_X1)
     1    1.09                           gen_encoder_units[3].encoder_unit/k_addr_n[2] (net)
                  0.00    0.00    0.10 v gen_encoder_units[3].encoder_unit/_361_/D (DFFR_X1)
                                  0.10   data arrival time

                  0.00    0.00    0.00   clock clk_i (rise edge)
                          0.00    0.00   clock network delay (ideal)
                          0.00    0.00   clock reconvergence pessimism
                                  0.00 ^ gen_encoder_units[3].encoder_unit/_361_/CK (DFFR_X1)
                          0.00    0.00   library hold time
                                  0.00   data required time
-----------------------------------------------------------------------------
                                  0.00   data required time
                                 -0.10   data arrival time
-----------------------------------------------------------------------------
                                  0.10   slack (MET)



==========================================================================
global place report_checks -path_delay max
--------------------------------------------------------------------------
Startpoint: rst_ni (input port clocked by clk_i)
Endpoint: gen_encoder_units[1].encoder_unit/threshold_memory/_145_
          (recovery check against rising-edge clock clk_i)
Path Group: **async_default**
Path Type: max

Fanout     Cap    Slew   Delay    Time   Description
-----------------------------------------------------------------------------
                  0.00    0.00    0.00   clock clk_i (rise edge)
                          0.00    0.00   clock network delay (ideal)
                          0.30    0.30 ^ input external delay
                  0.00    0.00    0.30 ^ rst_ni (in)
   151  373.55                           rst_ni (net)
                  0.30    0.24    0.54 ^ gen_encoder_units[1].encoder_unit/threshold_memory/_145_/RN (DFFR_X1)
                                  0.54   data arrival time

                  0.00    3.00    3.00   clock clk_i (rise edge)
                          0.00    3.00   clock network delay (ideal)
                          0.00    3.00   clock reconvergence pessimism
                                  3.00 ^ gen_encoder_units[1].encoder_unit/threshold_memory/_145_/CK (DFFR_X1)
                         -0.01    2.99   library recovery time
                                  2.99   data required time
-----------------------------------------------------------------------------
                                  2.99   data required time
                                 -0.54   data arrival time
-----------------------------------------------------------------------------
                                  2.45   slack (MET)


Startpoint: gen_encoder_units[0].encoder_unit/threshold_memory/gen_sub_units_scm[1].sub_unit_i/_2811_
            (negative level-sensitive latch clocked by clk_i)
Endpoint: gen_encoder_units[0].encoder_unit/threshold_memory/gen_sub_units_scm[1].sub_unit_i/_2377_
          (rising clock gating-check end-point clocked by clk_i)
Path Group: **clock_gating_default**
Path Type: max

Fanout     Cap    Slew   Delay    Time   Description
-----------------------------------------------------------------------------
                  0.00    1.50    1.50   clock clk_i (fall edge)
                          0.00    1.50   clock network delay (ideal)
                  0.00    0.00    1.50 v gen_encoder_units[0].encoder_unit/threshold_memory/gen_sub_units_scm[1].sub_unit_i/_2811_/GN (DLL_X1)
                  0.01    0.07    1.57 v gen_encoder_units[0].encoder_unit/threshold_memory/gen_sub_units_scm[1].sub_unit_i/_2811_/Q (DLL_X1)
     1    3.33                           gen_encoder_units[0].encoder_unit/threshold_memory/gen_sub_units_scm[1].sub_unit_i/gen_cg_word_iter[0].cg_i.en_latch (net)
                  0.01    0.00    1.57 v gen_encoder_units[0].encoder_unit/threshold_memory/gen_sub_units_scm[1].sub_unit_i/_2377_/A2 (AND2_X1)
                                  1.57   data arrival time

                  0.00    3.00    3.00   clock clk_i (rise edge)
                          0.00    3.00   clock network delay (ideal)
                          0.00    3.00   clock reconvergence pessimism
                                  3.00 ^ gen_encoder_units[0].encoder_unit/threshold_memory/gen_sub_units_scm[1].sub_unit_i/_2377_/A1 (AND2_X1)
                          0.00    3.00   clock gating setup time
                                  3.00   data required time
-----------------------------------------------------------------------------
                                  3.00   data required time
                                 -1.57   data arrival time
-----------------------------------------------------------------------------
                                  1.43   slack (MET)


Startpoint: gen_encoder_units[3].encoder_unit/_352_
            (rising edge-triggered flip-flop clocked by clk_i)
Endpoint: gen_encoder_units[3].encoder_unit/_363_
          (rising edge-triggered flip-flop clocked by clk_i)
Path Group: clk_i
Path Type: max

Fanout     Cap    Slew   Delay    Time   Description
-----------------------------------------------------------------------------
                  0.00    0.00    0.00   clock clk_i (rise edge)
                          0.00    0.00   clock network delay (ideal)
                  0.00    0.00    0.00 ^ gen_encoder_units[3].encoder_unit/_352_/CK (DFFR_X1)
                  2.08    2.27    2.27 ^ gen_encoder_units[3].encoder_unit/_352_/Q (DFFR_X1)
   470  973.56                           gen_encoder_units[3].encoder_unit/c_addr_int[0] (net)
                  2.11    0.28    2.55 ^ gen_encoder_units[3].encoder_unit/threshold_memory/gen_sub_units_scm[3].sub_unit_i/_1276_/A (INV_X4)
                  0.58    0.62    3.17 v gen_encoder_units[3].encoder_unit/threshold_memory/gen_sub_units_scm[3].sub_unit_i/_1276_/ZN (INV_X4)
   116  219.07                           gen_encoder_units[3].encoder_unit/threshold_memory/gen_sub_units_scm[3].sub_unit_i/_0917_ (net)
                  0.58    0.04    3.21 v gen_encoder_units[3].encoder_unit/threshold_memory/gen_sub_units_scm[3].sub_unit_i/_1350_/A2 (NOR2_X2)
                  0.19    0.44    3.65 ^ gen_encoder_units[3].encoder_unit/threshold_memory/gen_sub_units_scm[3].sub_unit_i/_1350_/ZN (NOR2_X2)
    32   66.79                           gen_encoder_units[3].encoder_unit/threshold_memory/gen_sub_units_scm[3].sub_unit_i/_0991_ (net)
                  0.19    0.01    3.65 ^ gen_encoder_units[3].encoder_unit/threshold_memory/gen_sub_units_scm[3].sub_unit_i/_2098_/A1 (NAND3_X1)
                  0.04    0.03    3.68 v gen_encoder_units[3].encoder_unit/threshold_memory/gen_sub_units_scm[3].sub_unit_i/_2098_/ZN (NAND3_X1)
     1    1.59                           gen_encoder_units[3].encoder_unit/threshold_memory/gen_sub_units_scm[3].sub_unit_i/_0567_ (net)
                  0.04    0.00    3.68 v gen_encoder_units[3].encoder_unit/threshold_memory/gen_sub_units_scm[3].sub_unit_i/_2099_/A2 (NAND2_X1)
                  0.02    0.03    3.72 ^ gen_encoder_units[3].encoder_unit/threshold_memory/gen_sub_units_scm[3].sub_unit_i/_2099_/ZN (NAND2_X1)
     1    2.11                           gen_encoder_units[3].encoder_unit/threshold_memory/gen_sub_units_scm[3].sub_unit_i/_0568_ (net)
                  0.02    0.00    3.72 ^ gen_encoder_units[3].encoder_unit/threshold_memory/gen_sub_units_scm[3].sub_unit_i/_2103_/A1 (NOR2_X1)
                  0.01    0.01    3.73 v gen_encoder_units[3].encoder_unit/threshold_memory/gen_sub_units_scm[3].sub_unit_i/_2103_/ZN (NOR2_X1)
     1    1.78                           gen_encoder_units[3].encoder_unit/threshold_memory/gen_sub_units_scm[3].sub_unit_i/_0572_ (net)
                  0.01    0.00    3.73 v gen_encoder_units[3].encoder_unit/threshold_memory/gen_sub_units_scm[3].sub_unit_i/_2110_/A1 (NAND2_X1)
                  0.01    0.02    3.75 ^ gen_encoder_units[3].encoder_unit/threshold_memory/gen_sub_units_scm[3].sub_unit_i/_2110_/ZN (NAND2_X1)
     1    3.38                           gen_encoder_units[3].encoder_unit/threshold_memory/gen_sub_units_scm[3].sub_unit_i/_0579_ (net)
                  0.01    0.00    3.75 ^ gen_encoder_units[3].encoder_unit/threshold_memory/gen_sub_units_scm[3].sub_unit_i/_2111_/A2 (NOR2_X1)
                  0.01    0.01    3.76 v gen_encoder_units[3].encoder_unit/threshold_memory/gen_sub_units_scm[3].sub_unit_i/_2111_/ZN (NOR2_X1)
     1    1.60                           gen_encoder_units[3].encoder_unit/threshold_memory/gen_sub_units_scm[3].sub_unit_i/_0580_ (net)
                  0.01    0.00    3.76 v gen_encoder_units[3].encoder_unit/threshold_memory/gen_sub_units_scm[3].sub_unit_i/_2113_/A2 (NAND3_X1)
                  0.02    0.02    3.78 ^ gen_encoder_units[3].encoder_unit/threshold_memory/gen_sub_units_scm[3].sub_unit_i/_2113_/ZN (NAND3_X1)
     1    3.73                           gen_encoder_units[3].encoder_unit/threshold_memory/read_outputs_subunits[11] (net)
                  0.02    0.00    3.78 ^ gen_encoder_units[3].encoder_unit/threshold_memory/read/_243_/A2 (NAND2_X1)
                  0.02    0.02    3.80 v gen_encoder_units[3].encoder_unit/threshold_memory/read/_243_/ZN (NAND2_X1)
     1    2.86                           gen_encoder_units[3].encoder_unit/threshold_memory/read/_081_ (net)
                  0.02    0.00    3.80 v gen_encoder_units[3].encoder_unit/threshold_memory/read/_245_/A1 (NAND2_X1)
                  0.02    0.03    3.82 ^ gen_encoder_units[3].encoder_unit/threshold_memory/read/_245_/ZN (NAND2_X1)
     1    3.88                           gen_encoder_units[3].encoder_unit/threshold_memory/read/_083_ (net)
                  0.02    0.00    3.82 ^ gen_encoder_units[3].encoder_unit/threshold_memory/read/_246_/A (INV_X1)
                  0.01    0.01    3.83 v gen_encoder_units[3].encoder_unit/threshold_memory/read/_246_/ZN (INV_X1)
     1    1.74                           gen_encoder_units[3].encoder_unit/threshold_memory/read/_084_ (net)
                  0.01    0.00    3.83 v gen_encoder_units[3].encoder_unit/threshold_memory/read/_251_/A1 (NAND2_X1)
                  0.01    0.02    3.85 ^ gen_encoder_units[3].encoder_unit/threshold_memory/read/_251_/ZN (NAND2_X1)
     1    3.53                           gen_encoder_units[3].encoder_unit/fp_compare.operand_b_i[11] (net)
                  0.01    0.00    3.85 ^ gen_encoder_units[3].encoder_unit/_253_/A (INV_X1)
                  0.01    0.01    3.86 v gen_encoder_units[3].encoder_unit/_253_/ZN (INV_X1)
     2    3.10                           gen_encoder_units[3].encoder_unit/_071_ (net)
                  0.01    0.00    3.86 v gen_encoder_units[3].encoder_unit/_254_/B1 (OAI22_X1)
                  0.04    0.05    3.91 ^ gen_encoder_units[3].encoder_unit/_254_/ZN (OAI22_X1)
     2    3.50                           gen_encoder_units[3].encoder_unit/_072_ (net)
                  0.04    0.00    3.91 ^ gen_encoder_units[3].encoder_unit/_271_/A1 (NAND2_X1)
                  0.01    0.02    3.92 v gen_encoder_units[3].encoder_unit/_271_/ZN (NAND2_X1)
     1    1.07                           gen_encoder_units[3].encoder_unit/_089_ (net)
                  0.01    0.00    3.92 v gen_encoder_units[3].encoder_unit/_272_/A1 (AND2_X1)
                  0.01    0.03    3.95 v gen_encoder_units[3].encoder_unit/_272_/ZN (AND2_X1)
     1    1.62                           gen_encoder_units[3].encoder_unit/_090_ (net)
                  0.01    0.00    3.95 v gen_encoder_units[3].encoder_unit/_275_/B1 (OAI21_X1)
                  0.03    0.03    3.99 ^ gen_encoder_units[3].encoder_unit/_275_/ZN (OAI21_X1)
     2    3.40                           gen_encoder_units[3].encoder_unit/_093_ (net)
                  0.03    0.00    3.99 ^ gen_encoder_units[3].encoder_unit/_276_/B1 (OAI21_X1)
                  0.01    0.02    4.01 v gen_encoder_units[3].encoder_unit/_276_/ZN (OAI21_X1)
     1    1.57                           gen_encoder_units[3].encoder_unit/_094_ (net)
                  0.01    0.00    4.01 v gen_encoder_units[3].encoder_unit/_277_/A1 (NAND2_X1)
                  0.01    0.01    4.02 ^ gen_encoder_units[3].encoder_unit/_277_/ZN (NAND2_X1)
     1    1.00                           gen_encoder_units[3].encoder_unit/_095_ (net)
                  0.01    0.00    4.02 ^ gen_encoder_units[3].encoder_unit/_280_/A1 (AND2_X1)
                  0.04    0.06    4.08 ^ gen_encoder_units[3].encoder_unit/_280_/ZN (AND2_X1)
     2   15.72                           gen_encoder_units[3].encoder_unit/_098_ (net)
                  0.04    0.00    4.09 ^ gen_encoder_units[3].encoder_unit/_338_/A2 (NAND3_X1)
                  0.01    0.03    4.11 v gen_encoder_units[3].encoder_unit/_338_/ZN (NAND3_X1)
     1    1.67                           gen_encoder_units[3].encoder_unit/_138_ (net)
                  0.01    0.00    4.11 v gen_encoder_units[3].encoder_unit/_340_/A1 (NAND2_X1)
                  0.01    0.02    4.13 ^ gen_encoder_units[3].encoder_unit/_340_/ZN (NAND2_X1)
     1    1.27                           gen_encoder_units[3].encoder_unit/_010_ (net)
                  0.01    0.00    4.13 ^ gen_encoder_units[3].encoder_unit/_363_/D (DFFR_X1)
                                  4.13   data arrival time

                  0.00    3.00    3.00   clock clk_i (rise edge)
                          0.00    3.00   clock network delay (ideal)
                          0.00    3.00   clock reconvergence pessimism
                                  3.00 ^ gen_encoder_units[3].encoder_unit/_363_/CK (DFFR_X1)
                         -0.03    2.97   library setup time
                                  2.97   data required time
-----------------------------------------------------------------------------
                                  2.97   data required time
                                 -4.13   data arrival time
-----------------------------------------------------------------------------
                                 -1.16   slack (VIOLATED)



==========================================================================
global place report_checks -unconstrained
--------------------------------------------------------------------------
Startpoint: rst_ni (input port clocked by clk_i)
Endpoint: gen_encoder_units[1].encoder_unit/threshold_memory/_145_
          (recovery check against rising-edge clock clk_i)
Path Group: **async_default**
Path Type: max

Fanout     Cap    Slew   Delay    Time   Description
-----------------------------------------------------------------------------
                  0.00    0.00    0.00   clock clk_i (rise edge)
                          0.00    0.00   clock network delay (ideal)
                          0.30    0.30 ^ input external delay
                  0.00    0.00    0.30 ^ rst_ni (in)
   151  373.55                           rst_ni (net)
                  0.30    0.24    0.54 ^ gen_encoder_units[1].encoder_unit/threshold_memory/_145_/RN (DFFR_X1)
                                  0.54   data arrival time

                  0.00    3.00    3.00   clock clk_i (rise edge)
                          0.00    3.00   clock network delay (ideal)
                          0.00    3.00   clock reconvergence pessimism
                                  3.00 ^ gen_encoder_units[1].encoder_unit/threshold_memory/_145_/CK (DFFR_X1)
                         -0.01    2.99   library recovery time
                                  2.99   data required time
-----------------------------------------------------------------------------
                                  2.99   data required time
                                 -0.54   data arrival time
-----------------------------------------------------------------------------
                                  2.45   slack (MET)


Startpoint: gen_encoder_units[0].encoder_unit/threshold_memory/gen_sub_units_scm[1].sub_unit_i/_2811_
            (negative level-sensitive latch clocked by clk_i)
Endpoint: gen_encoder_units[0].encoder_unit/threshold_memory/gen_sub_units_scm[1].sub_unit_i/_2377_
          (rising clock gating-check end-point clocked by clk_i)
Path Group: **clock_gating_default**
Path Type: max

Fanout     Cap    Slew   Delay    Time   Description
-----------------------------------------------------------------------------
                  0.00    1.50    1.50   clock clk_i (fall edge)
                          0.00    1.50   clock network delay (ideal)
                  0.00    0.00    1.50 v gen_encoder_units[0].encoder_unit/threshold_memory/gen_sub_units_scm[1].sub_unit_i/_2811_/GN (DLL_X1)
                  0.01    0.07    1.57 v gen_encoder_units[0].encoder_unit/threshold_memory/gen_sub_units_scm[1].sub_unit_i/_2811_/Q (DLL_X1)
     1    3.33                           gen_encoder_units[0].encoder_unit/threshold_memory/gen_sub_units_scm[1].sub_unit_i/gen_cg_word_iter[0].cg_i.en_latch (net)
                  0.01    0.00    1.57 v gen_encoder_units[0].encoder_unit/threshold_memory/gen_sub_units_scm[1].sub_unit_i/_2377_/A2 (AND2_X1)
                                  1.57   data arrival time

                  0.00    3.00    3.00   clock clk_i (rise edge)
                          0.00    3.00   clock network delay (ideal)
                          0.00    3.00   clock reconvergence pessimism
                                  3.00 ^ gen_encoder_units[0].encoder_unit/threshold_memory/gen_sub_units_scm[1].sub_unit_i/_2377_/A1 (AND2_X1)
                          0.00    3.00   clock gating setup time
                                  3.00   data required time
-----------------------------------------------------------------------------
                                  3.00   data required time
                                 -1.57   data arrival time
-----------------------------------------------------------------------------
                                  1.43   slack (MET)


Startpoint: gen_encoder_units[3].encoder_unit/_352_
            (rising edge-triggered flip-flop clocked by clk_i)
Endpoint: gen_encoder_units[3].encoder_unit/_363_
          (rising edge-triggered flip-flop clocked by clk_i)
Path Group: clk_i
Path Type: max

Fanout     Cap    Slew   Delay    Time   Description
-----------------------------------------------------------------------------
                  0.00    0.00    0.00   clock clk_i (rise edge)
                          0.00    0.00   clock network delay (ideal)
                  0.00    0.00    0.00 ^ gen_encoder_units[3].encoder_unit/_352_/CK (DFFR_X1)
                  2.08    2.27    2.27 ^ gen_encoder_units[3].encoder_unit/_352_/Q (DFFR_X1)
   470  973.56                           gen_encoder_units[3].encoder_unit/c_addr_int[0] (net)
                  2.11    0.28    2.55 ^ gen_encoder_units[3].encoder_unit/threshold_memory/gen_sub_units_scm[3].sub_unit_i/_1276_/A (INV_X4)
                  0.58    0.62    3.17 v gen_encoder_units[3].encoder_unit/threshold_memory/gen_sub_units_scm[3].sub_unit_i/_1276_/ZN (INV_X4)
   116  219.07                           gen_encoder_units[3].encoder_unit/threshold_memory/gen_sub_units_scm[3].sub_unit_i/_0917_ (net)
                  0.58    0.04    3.21 v gen_encoder_units[3].encoder_unit/threshold_memory/gen_sub_units_scm[3].sub_unit_i/_1350_/A2 (NOR2_X2)
                  0.19    0.44    3.65 ^ gen_encoder_units[3].encoder_unit/threshold_memory/gen_sub_units_scm[3].sub_unit_i/_1350_/ZN (NOR2_X2)
    32   66.79                           gen_encoder_units[3].encoder_unit/threshold_memory/gen_sub_units_scm[3].sub_unit_i/_0991_ (net)
                  0.19    0.01    3.65 ^ gen_encoder_units[3].encoder_unit/threshold_memory/gen_sub_units_scm[3].sub_unit_i/_2098_/A1 (NAND3_X1)
                  0.04    0.03    3.68 v gen_encoder_units[3].encoder_unit/threshold_memory/gen_sub_units_scm[3].sub_unit_i/_2098_/ZN (NAND3_X1)
     1    1.59                           gen_encoder_units[3].encoder_unit/threshold_memory/gen_sub_units_scm[3].sub_unit_i/_0567_ (net)
                  0.04    0.00    3.68 v gen_encoder_units[3].encoder_unit/threshold_memory/gen_sub_units_scm[3].sub_unit_i/_2099_/A2 (NAND2_X1)
                  0.02    0.03    3.72 ^ gen_encoder_units[3].encoder_unit/threshold_memory/gen_sub_units_scm[3].sub_unit_i/_2099_/ZN (NAND2_X1)
     1    2.11                           gen_encoder_units[3].encoder_unit/threshold_memory/gen_sub_units_scm[3].sub_unit_i/_0568_ (net)
                  0.02    0.00    3.72 ^ gen_encoder_units[3].encoder_unit/threshold_memory/gen_sub_units_scm[3].sub_unit_i/_2103_/A1 (NOR2_X1)
                  0.01    0.01    3.73 v gen_encoder_units[3].encoder_unit/threshold_memory/gen_sub_units_scm[3].sub_unit_i/_2103_/ZN (NOR2_X1)
     1    1.78                           gen_encoder_units[3].encoder_unit/threshold_memory/gen_sub_units_scm[3].sub_unit_i/_0572_ (net)
                  0.01    0.00    3.73 v gen_encoder_units[3].encoder_unit/threshold_memory/gen_sub_units_scm[3].sub_unit_i/_2110_/A1 (NAND2_X1)
                  0.01    0.02    3.75 ^ gen_encoder_units[3].encoder_unit/threshold_memory/gen_sub_units_scm[3].sub_unit_i/_2110_/ZN (NAND2_X1)
     1    3.38                           gen_encoder_units[3].encoder_unit/threshold_memory/gen_sub_units_scm[3].sub_unit_i/_0579_ (net)
                  0.01    0.00    3.75 ^ gen_encoder_units[3].encoder_unit/threshold_memory/gen_sub_units_scm[3].sub_unit_i/_2111_/A2 (NOR2_X1)
                  0.01    0.01    3.76 v gen_encoder_units[3].encoder_unit/threshold_memory/gen_sub_units_scm[3].sub_unit_i/_2111_/ZN (NOR2_X1)
     1    1.60                           gen_encoder_units[3].encoder_unit/threshold_memory/gen_sub_units_scm[3].sub_unit_i/_0580_ (net)
                  0.01    0.00    3.76 v gen_encoder_units[3].encoder_unit/threshold_memory/gen_sub_units_scm[3].sub_unit_i/_2113_/A2 (NAND3_X1)
                  0.02    0.02    3.78 ^ gen_encoder_units[3].encoder_unit/threshold_memory/gen_sub_units_scm[3].sub_unit_i/_2113_/ZN (NAND3_X1)
     1    3.73                           gen_encoder_units[3].encoder_unit/threshold_memory/read_outputs_subunits[11] (net)
                  0.02    0.00    3.78 ^ gen_encoder_units[3].encoder_unit/threshold_memory/read/_243_/A2 (NAND2_X1)
                  0.02    0.02    3.80 v gen_encoder_units[3].encoder_unit/threshold_memory/read/_243_/ZN (NAND2_X1)
     1    2.86                           gen_encoder_units[3].encoder_unit/threshold_memory/read/_081_ (net)
                  0.02    0.00    3.80 v gen_encoder_units[3].encoder_unit/threshold_memory/read/_245_/A1 (NAND2_X1)
                  0.02    0.03    3.82 ^ gen_encoder_units[3].encoder_unit/threshold_memory/read/_245_/ZN (NAND2_X1)
     1    3.88                           gen_encoder_units[3].encoder_unit/threshold_memory/read/_083_ (net)
                  0.02    0.00    3.82 ^ gen_encoder_units[3].encoder_unit/threshold_memory/read/_246_/A (INV_X1)
                  0.01    0.01    3.83 v gen_encoder_units[3].encoder_unit/threshold_memory/read/_246_/ZN (INV_X1)
     1    1.74                           gen_encoder_units[3].encoder_unit/threshold_memory/read/_084_ (net)
                  0.01    0.00    3.83 v gen_encoder_units[3].encoder_unit/threshold_memory/read/_251_/A1 (NAND2_X1)
                  0.01    0.02    3.85 ^ gen_encoder_units[3].encoder_unit/threshold_memory/read/_251_/ZN (NAND2_X1)
     1    3.53                           gen_encoder_units[3].encoder_unit/fp_compare.operand_b_i[11] (net)
                  0.01    0.00    3.85 ^ gen_encoder_units[3].encoder_unit/_253_/A (INV_X1)
                  0.01    0.01    3.86 v gen_encoder_units[3].encoder_unit/_253_/ZN (INV_X1)
     2    3.10                           gen_encoder_units[3].encoder_unit/_071_ (net)
                  0.01    0.00    3.86 v gen_encoder_units[3].encoder_unit/_254_/B1 (OAI22_X1)
                  0.04    0.05    3.91 ^ gen_encoder_units[3].encoder_unit/_254_/ZN (OAI22_X1)
     2    3.50                           gen_encoder_units[3].encoder_unit/_072_ (net)
                  0.04    0.00    3.91 ^ gen_encoder_units[3].encoder_unit/_271_/A1 (NAND2_X1)
                  0.01    0.02    3.92 v gen_encoder_units[3].encoder_unit/_271_/ZN (NAND2_X1)
     1    1.07                           gen_encoder_units[3].encoder_unit/_089_ (net)
                  0.01    0.00    3.92 v gen_encoder_units[3].encoder_unit/_272_/A1 (AND2_X1)
                  0.01    0.03    3.95 v gen_encoder_units[3].encoder_unit/_272_/ZN (AND2_X1)
     1    1.62                           gen_encoder_units[3].encoder_unit/_090_ (net)
                  0.01    0.00    3.95 v gen_encoder_units[3].encoder_unit/_275_/B1 (OAI21_X1)
                  0.03    0.03    3.99 ^ gen_encoder_units[3].encoder_unit/_275_/ZN (OAI21_X1)
     2    3.40                           gen_encoder_units[3].encoder_unit/_093_ (net)
                  0.03    0.00    3.99 ^ gen_encoder_units[3].encoder_unit/_276_/B1 (OAI21_X1)
                  0.01    0.02    4.01 v gen_encoder_units[3].encoder_unit/_276_/ZN (OAI21_X1)
     1    1.57                           gen_encoder_units[3].encoder_unit/_094_ (net)
                  0.01    0.00    4.01 v gen_encoder_units[3].encoder_unit/_277_/A1 (NAND2_X1)
                  0.01    0.01    4.02 ^ gen_encoder_units[3].encoder_unit/_277_/ZN (NAND2_X1)
     1    1.00                           gen_encoder_units[3].encoder_unit/_095_ (net)
                  0.01    0.00    4.02 ^ gen_encoder_units[3].encoder_unit/_280_/A1 (AND2_X1)
                  0.04    0.06    4.08 ^ gen_encoder_units[3].encoder_unit/_280_/ZN (AND2_X1)
     2   15.72                           gen_encoder_units[3].encoder_unit/_098_ (net)
                  0.04    0.00    4.09 ^ gen_encoder_units[3].encoder_unit/_338_/A2 (NAND3_X1)
                  0.01    0.03    4.11 v gen_encoder_units[3].encoder_unit/_338_/ZN (NAND3_X1)
     1    1.67                           gen_encoder_units[3].encoder_unit/_138_ (net)
                  0.01    0.00    4.11 v gen_encoder_units[3].encoder_unit/_340_/A1 (NAND2_X1)
                  0.01    0.02    4.13 ^ gen_encoder_units[3].encoder_unit/_340_/ZN (NAND2_X1)
     1    1.27                           gen_encoder_units[3].encoder_unit/_010_ (net)
                  0.01    0.00    4.13 ^ gen_encoder_units[3].encoder_unit/_363_/D (DFFR_X1)
                                  4.13   data arrival time

                  0.00    3.00    3.00   clock clk_i (rise edge)
                          0.00    3.00   clock network delay (ideal)
                          0.00    3.00   clock reconvergence pessimism
                                  3.00 ^ gen_encoder_units[3].encoder_unit/_363_/CK (DFFR_X1)
                         -0.03    2.97   library setup time
                                  2.97   data required time
-----------------------------------------------------------------------------
                                  2.97   data required time
                                 -4.13   data arrival time
-----------------------------------------------------------------------------
                                 -1.16   slack (VIOLATED)



==========================================================================
global place report_power
--------------------------------------------------------------------------
Group                  Internal  Switching    Leakage      Total
                          Power      Power      Power      Power (Watts)
----------------------------------------------------------------
Sequential             9.78e-03   7.62e-04   2.77e-04   1.08e-02  52.0%
Combinational          2.16e-03   7.39e-03   4.44e-04   9.99e-03  48.0%
Macro                  0.00e+00   0.00e+00   0.00e+00   0.00e+00   0.0%
Pad                    0.00e+00   0.00e+00   0.00e+00   0.00e+00   0.0%
----------------------------------------------------------------
Total                  1.19e-02   8.15e-03   7.21e-04   2.08e-02 100.0%
                          57.4%      39.2%       3.5%

==========================================================================
global place report_design_area
--------------------------------------------------------------------------
Design area 44181 u^2 38% utilization.

Elapsed time: 1:24.92[h:]min:sec. CPU time: user 84.69 sys 0.20 (99%). Peak memory: 389600KB.
