OpenROAD b57893514040c5aa453ab5c104f35d1173a8add9 
This program is licensed under the BSD-3 license. See the LICENSE file for details.
Components of this program may be licensed under more restrictive licenses which must be honored.
[INFO ODB-0222] Reading LEF file: /__w/halutmatmul/halutmatmul/hardware/flow/OpenROAD/flow/platforms/nangate45/lef/NangateOpenCellLibrary.tech.lef
[INFO ODB-0223]     Created 22 technology layers
[INFO ODB-0224]     Created 27 technology vias
[INFO ODB-0226] Finished LEF file:  /__w/halutmatmul/halutmatmul/hardware/flow/OpenROAD/flow/platforms/nangate45/lef/NangateOpenCellLibrary.tech.lef
[INFO ODB-0222] Reading LEF file: /__w/halutmatmul/halutmatmul/hardware/flow/OpenROAD/flow/platforms/nangate45/lef/NangateOpenCellLibrary.macro.mod.lef
[INFO ODB-0225]     Created 135 library cells
[INFO ODB-0226] Finished LEF file:  /__w/halutmatmul/halutmatmul/hardware/flow/OpenROAD/flow/platforms/nangate45/lef/NangateOpenCellLibrary.macro.mod.lef
number instances in verilog is 31310
[WARNING IFP-0028] Core area lower left (2.000, 2.000) snapped to (2.090, 2.800).
[INFO IFP-0001] Added 246 rows of 1820 sites.
[INFO RSZ-0026] Removed 1651 buffers.
Default units for flow
 time 1ns
 capacitance 1fF
 resistance 1kohm
 voltage 1v
 current 1mA
 power 1nW
 distance 1um

==========================================================================
floorplan final report_tns
--------------------------------------------------------------------------
tns -20.96

==========================================================================
floorplan final report_wns
--------------------------------------------------------------------------
wns -2.25

==========================================================================
floorplan final report_worst_slack
--------------------------------------------------------------------------
worst slack -2.25

==========================================================================
floorplan final report_clock_skew
--------------------------------------------------------------------------
Clock clk_i
Latency      CRPR       Skew
gen_encoder_units[0].encoder_unit/threshold_memory/gen_sub_units_scm[0].sub_unit_i/_2407_/G ^
   0.46
gen_encoder_units[0].encoder_unit/_410_/CK ^
   0.00      0.00       0.46


==========================================================================
floorplan final report_checks -path_delay min
--------------------------------------------------------------------------
Startpoint: rst_ni (input port clocked by clk_i)
Endpoint: _270_ (removal check against rising-edge clock clk_i)
Path Group: **async_default**
Path Type: min

Fanout     Cap    Slew   Delay    Time   Description
-----------------------------------------------------------------------------
                  0.00    0.00    0.00   clock clk_i (rise edge)
                          0.00    0.00   clock network delay (ideal)
                          0.30    0.30 ^ input external delay
                  0.00    0.00    0.30 ^ rst_ni (in)
   407 1072.72                           rst_ni (net)
                  0.00    0.00    0.30 ^ _270_/RN (DFFR_X1)
                                  0.30   data arrival time

                  0.00    0.00    0.00   clock clk_i (rise edge)
                          0.00    0.00   clock network delay (ideal)
                          0.00    0.00   clock reconvergence pessimism
                                  0.00 ^ _270_/CK (DFFR_X1)
                          0.18    0.18   library removal time
                                  0.18   data required time
-----------------------------------------------------------------------------
                                  0.18   data required time
                                 -0.30   data arrival time
-----------------------------------------------------------------------------
                                  0.12   slack (MET)


Startpoint: gen_encoder_units[0].encoder_unit/threshold_memory/gen_sub_units_scm[0].sub_unit_i/_2403_
            (negative level-sensitive latch clocked by clk_i)
Endpoint: gen_encoder_units[0].encoder_unit/threshold_memory/gen_sub_units_scm[0].sub_unit_i/_2369_
          (rising clock gating-check end-point clocked by clk_i)
Path Group: **clock_gating_default**
Path Type: min

Fanout     Cap    Slew   Delay    Time   Description
-----------------------------------------------------------------------------
                  0.00    1.50    1.50   clock clk_i (fall edge)
                          0.00    1.50   clock network delay (ideal)
                  0.00    0.00    1.50 v gen_encoder_units[0].encoder_unit/threshold_memory/gen_sub_units_scm[0].sub_unit_i/_2403_/GN (DLL_X1)
                  0.01    0.05    1.55 ^ gen_encoder_units[0].encoder_unit/threshold_memory/gen_sub_units_scm[0].sub_unit_i/_2403_/Q (DLL_X1)
     1    1.28                           gen_encoder_units[0].encoder_unit/threshold_memory/gen_sub_units_scm[0].sub_unit_i/gen_cg_word_iter[7].cg_i.en_latch (net)
                  0.01    0.00    1.55 ^ gen_encoder_units[0].encoder_unit/threshold_memory/gen_sub_units_scm[0].sub_unit_i/_2369_/A2 (AND2_X1)
                                  1.55   data arrival time

                  0.00    1.50    1.50   clock clk_i (fall edge)
                          0.00    1.50   clock network delay (ideal)
                          0.00    1.50   clock reconvergence pessimism
                                  1.50 v gen_encoder_units[0].encoder_unit/threshold_memory/gen_sub_units_scm[0].sub_unit_i/_2369_/A1 (AND2_X1)
                          0.00    1.50   clock gating hold time
                                  1.50   data required time
-----------------------------------------------------------------------------
                                  1.50   data required time
                                 -1.55   data arrival time
-----------------------------------------------------------------------------
                                  0.05   slack (MET)


Startpoint: gen_encoder_units[0].encoder_unit/_411_
            (rising edge-triggered flip-flop clocked by clk_i)
Endpoint: gen_encoder_units[0].encoder_unit/_412_
          (rising edge-triggered flip-flop clocked by clk_i)
Path Group: clk_i
Path Type: min

Fanout     Cap    Slew   Delay    Time   Description
-----------------------------------------------------------------------------
                  0.00    0.00    0.00   clock clk_i (rise edge)
                          0.00    0.00   clock network delay (ideal)
                  0.00    0.00    0.00 ^ gen_encoder_units[0].encoder_unit/_411_/CK (DFFR_X1)
                  0.01    0.07    0.07 ^ gen_encoder_units[0].encoder_unit/_411_/QN (DFFR_X1)
     2    3.26                           gen_encoder_units[0].encoder_unit/_001_ (net)
                  0.01    0.00    0.07 ^ gen_encoder_units[0].encoder_unit/_346_/A2 (OR2_X1)
                  0.01    0.03    0.10 ^ gen_encoder_units[0].encoder_unit/_346_/ZN (OR2_X1)
     1    2.01                           gen_encoder_units[0].encoder_unit/_101_ (net)
                  0.01    0.00    0.10 ^ gen_encoder_units[0].encoder_unit/_347_/A (INV_X1)
                  0.00    0.01    0.10 v gen_encoder_units[0].encoder_unit/_347_/ZN (INV_X1)
     1    1.36                           gen_encoder_units[0].encoder_unit/k_addr_n[2] (net)
                  0.00    0.00    0.10 v gen_encoder_units[0].encoder_unit/_412_/D (DFFR_X1)
                                  0.10   data arrival time

                  0.00    0.00    0.00   clock clk_i (rise edge)
                          0.00    0.00   clock network delay (ideal)
                          0.00    0.00   clock reconvergence pessimism
                                  0.00 ^ gen_encoder_units[0].encoder_unit/_412_/CK (DFFR_X1)
                          0.00    0.00   library hold time
                                  0.00   data required time
-----------------------------------------------------------------------------
                                  0.00   data required time
                                 -0.10   data arrival time
-----------------------------------------------------------------------------
                                  0.10   slack (MET)



==========================================================================
floorplan final report_checks -path_delay max
--------------------------------------------------------------------------
Startpoint: rst_ni (input port clocked by clk_i)
Endpoint: _274_ (recovery check against rising-edge clock clk_i)
Path Group: **async_default**
Path Type: max

Fanout     Cap    Slew   Delay    Time   Description
-----------------------------------------------------------------------------
                  0.00    0.00    0.00   clock clk_i (rise edge)
                          0.00    0.00   clock network delay (ideal)
                          0.30    0.30 ^ input external delay
                  0.00    0.00    0.30 ^ rst_ni (in)
   407 1072.72                           rst_ni (net)
                  0.00    0.00    0.30 ^ _274_/SN (DFFS_X1)
                                  0.30   data arrival time

                  0.00    3.00    3.00   clock clk_i (rise edge)
                          0.00    3.00   clock network delay (ideal)
                          0.00    3.00   clock reconvergence pessimism
                                  3.00 ^ _274_/CK (DFFS_X1)
                          0.04    3.04   library recovery time
                                  3.04   data required time
-----------------------------------------------------------------------------
                                  3.04   data required time
                                 -0.30   data arrival time
-----------------------------------------------------------------------------
                                  2.74   slack (MET)


Startpoint: gen_encoder_units[0].encoder_unit/threshold_memory/_159_
            (negative level-sensitive latch clocked by clk_i)
Endpoint: gen_encoder_units[0].encoder_unit/threshold_memory/_081_
          (rising clock gating-check end-point clocked by clk_i)
Path Group: **clock_gating_default**
Path Type: max

Fanout     Cap    Slew   Delay    Time   Description
-----------------------------------------------------------------------------
                  0.00    1.50    1.50   clock clk_i (fall edge)
                          0.00    1.50   clock network delay (ideal)
                  0.00    0.00    1.50 v gen_encoder_units[0].encoder_unit/threshold_memory/_159_/GN (DLL_X1)
                  0.01    0.07    1.57 v gen_encoder_units[0].encoder_unit/threshold_memory/_159_/Q (DLL_X1)
     1    1.81                           gen_encoder_units[0].encoder_unit/threshold_memory/cg_we_global.en_latch (net)
                  0.01    0.00    1.57 v gen_encoder_units[0].encoder_unit/threshold_memory/_081_/A2 (NAND2_X1)
                                  1.57   data arrival time

                  0.00    3.00    3.00   clock clk_i (rise edge)
                          0.00    3.00   clock network delay (ideal)
                          0.00    3.00   clock reconvergence pessimism
                                  3.00 ^ gen_encoder_units[0].encoder_unit/threshold_memory/_081_/A1 (NAND2_X1)
                          0.00    3.00   clock gating setup time
                                  3.00   data required time
-----------------------------------------------------------------------------
                                  3.00   data required time
                                 -1.57   data arrival time
-----------------------------------------------------------------------------
                                  1.43   slack (MET)


Startpoint: gen_encoder_units[1].encoder_unit/_414_
            (rising edge-triggered flip-flop clocked by clk_i)
Endpoint: gen_encoder_units[1].encoder_unit/_424_
          (rising edge-triggered flip-flop clocked by clk_i)
Path Group: clk_i
Path Type: max

Fanout     Cap    Slew   Delay    Time   Description
-----------------------------------------------------------------------------
                  0.00    0.00    0.00   clock clk_i (rise edge)
                          0.00    0.00   clock network delay (ideal)
                  0.00    0.00    0.00 ^ gen_encoder_units[1].encoder_unit/_414_/CK (DFFR_X1)
                  2.83    3.05    3.05 ^ gen_encoder_units[1].encoder_unit/_414_/Q (DFFR_X1)
   470 1238.39                           gen_encoder_units[1].encoder_unit/c_addr_int[0] (net)
                  2.83    0.00    3.05 ^ gen_encoder_units[1].encoder_unit/threshold_memory/gen_sub_units_scm[0].sub_unit_i/_1276_/A (INV_X4)
                  0.89    1.09    4.14 v gen_encoder_units[1].encoder_unit/threshold_memory/gen_sub_units_scm[0].sub_unit_i/_1276_/ZN (INV_X4)
   116  287.56                           gen_encoder_units[1].encoder_unit/threshold_memory/gen_sub_units_scm[0].sub_unit_i/_0917_ (net)
                  0.89    0.00    4.14 v gen_encoder_units[1].encoder_unit/threshold_memory/gen_sub_units_scm[0].sub_unit_i/_1350_/A2 (NOR2_X2)
                  0.21    0.62    4.76 ^ gen_encoder_units[1].encoder_unit/threshold_memory/gen_sub_units_scm[0].sub_unit_i/_1350_/ZN (NOR2_X2)
    32   74.31                           gen_encoder_units[1].encoder_unit/threshold_memory/gen_sub_units_scm[0].sub_unit_i/_0991_ (net)
                  0.21    0.00    4.76 ^ gen_encoder_units[1].encoder_unit/threshold_memory/gen_sub_units_scm[0].sub_unit_i/_1846_/A1 (NAND3_X1)
                  0.04    0.04    4.79 v gen_encoder_units[1].encoder_unit/threshold_memory/gen_sub_units_scm[0].sub_unit_i/_1846_/ZN (NAND3_X1)
     1    1.81                           gen_encoder_units[1].encoder_unit/threshold_memory/gen_sub_units_scm[0].sub_unit_i/_0319_ (net)
                  0.04    0.00    4.79 v gen_encoder_units[1].encoder_unit/threshold_memory/gen_sub_units_scm[0].sub_unit_i/_1847_/A2 (NAND2_X1)
                  0.02    0.03    4.83 ^ gen_encoder_units[1].encoder_unit/threshold_memory/gen_sub_units_scm[0].sub_unit_i/_1847_/ZN (NAND2_X1)
     1    2.02                           gen_encoder_units[1].encoder_unit/threshold_memory/gen_sub_units_scm[0].sub_unit_i/_0320_ (net)
                  0.02    0.00    4.83 ^ gen_encoder_units[1].encoder_unit/threshold_memory/gen_sub_units_scm[0].sub_unit_i/_1851_/A1 (NOR2_X1)
                  0.02    0.01    4.84 v gen_encoder_units[1].encoder_unit/threshold_memory/gen_sub_units_scm[0].sub_unit_i/_1851_/ZN (NOR2_X1)
     1    1.84                           gen_encoder_units[1].encoder_unit/threshold_memory/gen_sub_units_scm[0].sub_unit_i/_0324_ (net)
                  0.02    0.00    4.84 v gen_encoder_units[1].encoder_unit/threshold_memory/gen_sub_units_scm[0].sub_unit_i/_1858_/A1 (NAND2_X1)
                  0.01    0.02    4.86 ^ gen_encoder_units[1].encoder_unit/threshold_memory/gen_sub_units_scm[0].sub_unit_i/_1858_/ZN (NAND2_X1)
     1    1.96                           gen_encoder_units[1].encoder_unit/threshold_memory/gen_sub_units_scm[0].sub_unit_i/_0331_ (net)
                  0.01    0.00    4.86 ^ gen_encoder_units[1].encoder_unit/threshold_memory/gen_sub_units_scm[0].sub_unit_i/_1859_/A2 (NOR2_X1)
                  0.01    0.01    4.87 v gen_encoder_units[1].encoder_unit/threshold_memory/gen_sub_units_scm[0].sub_unit_i/_1859_/ZN (NOR2_X1)
     1    1.84                           gen_encoder_units[1].encoder_unit/threshold_memory/gen_sub_units_scm[0].sub_unit_i/_0332_ (net)
                  0.01    0.00    4.87 v gen_encoder_units[1].encoder_unit/threshold_memory/gen_sub_units_scm[0].sub_unit_i/_1861_/A2 (NAND3_X1)
                  0.02    0.03    4.89 ^ gen_encoder_units[1].encoder_unit/threshold_memory/gen_sub_units_scm[0].sub_unit_i/_1861_/ZN (NAND3_X1)
     1    6.51                           gen_encoder_units[1].encoder_unit/threshold_memory/read_outputs_subunits[55] (net)
                  0.02    0.00    4.89 ^ gen_encoder_units[1].encoder_unit/threshold_memory/read/_212_/A2 (NAND2_X4)
                  0.06    0.02    4.91 v gen_encoder_units[1].encoder_unit/threshold_memory/read/_212_/ZN (NAND2_X4)
     1    5.93                           gen_encoder_units[1].encoder_unit/threshold_memory/read/_054_ (net)
                  0.06    0.00    4.91 v gen_encoder_units[1].encoder_unit/threshold_memory/read/_213_/A2 (NAND2_X4)
                  0.02    0.03    4.94 ^ gen_encoder_units[1].encoder_unit/threshold_memory/read/_213_/ZN (NAND2_X4)
     1    6.57                           gen_encoder_units[1].encoder_unit/threshold_memory/read/_055_ (net)
                  0.02    0.00    4.94 ^ gen_encoder_units[1].encoder_unit/threshold_memory/read/_214_/A (INV_X4)
                  0.01    0.01    4.95 v gen_encoder_units[1].encoder_unit/threshold_memory/read/_214_/ZN (INV_X4)
     1    5.93                           gen_encoder_units[1].encoder_unit/threshold_memory/read/_056_ (net)
                  0.01    0.00    4.95 v gen_encoder_units[1].encoder_unit/threshold_memory/read/_215_/A2 (NAND2_X4)
                  0.01    0.01    4.97 ^ gen_encoder_units[1].encoder_unit/threshold_memory/read/_215_/ZN (NAND2_X4)
     2    5.85                           gen_encoder_units[1].encoder_unit/fp_compare.operand_b_i[7] (net)
                  0.01    0.00    4.97 ^ gen_encoder_units[1].encoder_unit/_268_/A (INV_X1)
                  0.00    0.01    4.98 v gen_encoder_units[1].encoder_unit/_268_/ZN (INV_X1)
     1    1.84                           gen_encoder_units[1].encoder_unit/_023_ (net)
                  0.00    0.00    4.98 v gen_encoder_units[1].encoder_unit/_269_/A1 (NAND2_X1)
                  0.02    0.02    5.00 ^ gen_encoder_units[1].encoder_unit/_269_/ZN (NAND2_X1)
     2    5.35                           gen_encoder_units[1].encoder_unit/_024_ (net)
                  0.02    0.00    5.00 ^ gen_encoder_units[1].encoder_unit/_272_/A1 (NAND2_X2)
                  0.01    0.02    5.02 v gen_encoder_units[1].encoder_unit/_272_/ZN (NAND2_X2)
     1    5.90                           gen_encoder_units[1].encoder_unit/_027_ (net)
                  0.01    0.00    5.02 v gen_encoder_units[1].encoder_unit/_278_/A1 (NOR2_X4)
                  0.02    0.02    5.04 ^ gen_encoder_units[1].encoder_unit/_278_/ZN (NOR2_X4)
     2    7.08                           gen_encoder_units[1].encoder_unit/_033_ (net)
                  0.02    0.00    5.04 ^ gen_encoder_units[1].encoder_unit/_279_/A (INV_X2)
                  0.01    0.01    5.05 v gen_encoder_units[1].encoder_unit/_279_/ZN (INV_X2)
     1    5.90                           gen_encoder_units[1].encoder_unit/_034_ (net)
                  0.01    0.00    5.05 v gen_encoder_units[1].encoder_unit/_283_/A1 (NOR2_X4)
                  0.01    0.02    5.07 ^ gen_encoder_units[1].encoder_unit/_283_/ZN (NOR2_X4)
     2    5.67                           gen_encoder_units[1].encoder_unit/_038_ (net)
                  0.01    0.00    5.07 ^ gen_encoder_units[1].encoder_unit/_284_/A2 (NAND2_X2)
                  0.01    0.01    5.09 v gen_encoder_units[1].encoder_unit/_284_/ZN (NAND2_X2)
     1    3.24                           gen_encoder_units[1].encoder_unit/_039_ (net)
                  0.01    0.00    5.09 v gen_encoder_units[1].encoder_unit/_294_/A1 (NAND2_X2)
                  0.01    0.01    5.10 ^ gen_encoder_units[1].encoder_unit/_294_/ZN (NAND2_X2)
     1    3.36                           gen_encoder_units[1].encoder_unit/_049_ (net)
                  0.01    0.00    5.10 ^ gen_encoder_units[1].encoder_unit/_302_/A1 (NAND2_X2)
                  0.01    0.02    5.11 v gen_encoder_units[1].encoder_unit/_302_/ZN (NAND2_X2)
     1    6.01                           gen_encoder_units[1].encoder_unit/_057_ (net)
                  0.01    0.00    5.11 v gen_encoder_units[1].encoder_unit/_304_/A1 (NAND2_X4)
                  0.01    0.01    5.13 ^ gen_encoder_units[1].encoder_unit/_304_/ZN (NAND2_X4)
     2    5.34                           gen_encoder_units[1].encoder_unit/_059_ (net)
                  0.01    0.00    5.13 ^ gen_encoder_units[1].encoder_unit/_314_/A1 (NAND3_X1)
                  0.02    0.02    5.15 v gen_encoder_units[1].encoder_unit/_314_/ZN (NAND3_X1)
     1    3.45                           gen_encoder_units[1].encoder_unit/_069_ (net)
                  0.02    0.00    5.15 v gen_encoder_units[1].encoder_unit/_315_/A2 (NAND2_X2)
                  0.01    0.02    5.17 ^ gen_encoder_units[1].encoder_unit/_315_/ZN (NAND2_X2)
     1    6.26                           gen_encoder_units[1].encoder_unit/_070_ (net)
                  0.01    0.00    5.18 ^ gen_encoder_units[1].encoder_unit/_332_/A1 (NAND2_X4)
                  0.01    0.01    5.19 v gen_encoder_units[1].encoder_unit/_332_/ZN (NAND2_X4)
     2    6.55                           gen_encoder_units[1].encoder_unit/_087_ (net)
                  0.01    0.00    5.19 v gen_encoder_units[1].encoder_unit/_399_/A1 (NAND3_X2)
                  0.01    0.02    5.20 ^ gen_encoder_units[1].encoder_unit/_399_/ZN (NAND3_X2)
     1    3.36                           gen_encoder_units[1].encoder_unit/_136_ (net)
                  0.01    0.00    5.20 ^ gen_encoder_units[1].encoder_unit/_401_/A1 (NAND2_X2)
                  0.01    0.01    5.22 v gen_encoder_units[1].encoder_unit/_401_/ZN (NAND2_X2)
     1    1.36                           gen_encoder_units[1].encoder_unit/_010_ (net)
                  0.01    0.00    5.22 v gen_encoder_units[1].encoder_unit/_424_/D (DFFR_X1)
                                  5.22   data arrival time

                  0.00    3.00    3.00   clock clk_i (rise edge)
                          0.00    3.00   clock network delay (ideal)
                          0.00    3.00   clock reconvergence pessimism
                                  3.00 ^ gen_encoder_units[1].encoder_unit/_424_/CK (DFFR_X1)
                         -0.04    2.96   library setup time
                                  2.96   data required time
-----------------------------------------------------------------------------
                                  2.96   data required time
                                 -5.22   data arrival time
-----------------------------------------------------------------------------
                                 -2.25   slack (VIOLATED)



==========================================================================
floorplan final report_checks -unconstrained
--------------------------------------------------------------------------
Startpoint: rst_ni (input port clocked by clk_i)
Endpoint: _274_ (recovery check against rising-edge clock clk_i)
Path Group: **async_default**
Path Type: max

Fanout     Cap    Slew   Delay    Time   Description
-----------------------------------------------------------------------------
                  0.00    0.00    0.00   clock clk_i (rise edge)
                          0.00    0.00   clock network delay (ideal)
                          0.30    0.30 ^ input external delay
                  0.00    0.00    0.30 ^ rst_ni (in)
   407 1072.72                           rst_ni (net)
                  0.00    0.00    0.30 ^ _274_/SN (DFFS_X1)
                                  0.30   data arrival time

                  0.00    3.00    3.00   clock clk_i (rise edge)
                          0.00    3.00   clock network delay (ideal)
                          0.00    3.00   clock reconvergence pessimism
                                  3.00 ^ _274_/CK (DFFS_X1)
                          0.04    3.04   library recovery time
                                  3.04   data required time
-----------------------------------------------------------------------------
                                  3.04   data required time
                                 -0.30   data arrival time
-----------------------------------------------------------------------------
                                  2.74   slack (MET)


Startpoint: gen_encoder_units[0].encoder_unit/threshold_memory/_159_
            (negative level-sensitive latch clocked by clk_i)
Endpoint: gen_encoder_units[0].encoder_unit/threshold_memory/_081_
          (rising clock gating-check end-point clocked by clk_i)
Path Group: **clock_gating_default**
Path Type: max

Fanout     Cap    Slew   Delay    Time   Description
-----------------------------------------------------------------------------
                  0.00    1.50    1.50   clock clk_i (fall edge)
                          0.00    1.50   clock network delay (ideal)
                  0.00    0.00    1.50 v gen_encoder_units[0].encoder_unit/threshold_memory/_159_/GN (DLL_X1)
                  0.01    0.07    1.57 v gen_encoder_units[0].encoder_unit/threshold_memory/_159_/Q (DLL_X1)
     1    1.81                           gen_encoder_units[0].encoder_unit/threshold_memory/cg_we_global.en_latch (net)
                  0.01    0.00    1.57 v gen_encoder_units[0].encoder_unit/threshold_memory/_081_/A2 (NAND2_X1)
                                  1.57   data arrival time

                  0.00    3.00    3.00   clock clk_i (rise edge)
                          0.00    3.00   clock network delay (ideal)
                          0.00    3.00   clock reconvergence pessimism
                                  3.00 ^ gen_encoder_units[0].encoder_unit/threshold_memory/_081_/A1 (NAND2_X1)
                          0.00    3.00   clock gating setup time
                                  3.00   data required time
-----------------------------------------------------------------------------
                                  3.00   data required time
                                 -1.57   data arrival time
-----------------------------------------------------------------------------
                                  1.43   slack (MET)


Startpoint: gen_encoder_units[1].encoder_unit/_414_
            (rising edge-triggered flip-flop clocked by clk_i)
Endpoint: gen_encoder_units[1].encoder_unit/_424_
          (rising edge-triggered flip-flop clocked by clk_i)
Path Group: clk_i
Path Type: max

Fanout     Cap    Slew   Delay    Time   Description
-----------------------------------------------------------------------------
                  0.00    0.00    0.00   clock clk_i (rise edge)
                          0.00    0.00   clock network delay (ideal)
                  0.00    0.00    0.00 ^ gen_encoder_units[1].encoder_unit/_414_/CK (DFFR_X1)
                  2.83    3.05    3.05 ^ gen_encoder_units[1].encoder_unit/_414_/Q (DFFR_X1)
   470 1238.39                           gen_encoder_units[1].encoder_unit/c_addr_int[0] (net)
                  2.83    0.00    3.05 ^ gen_encoder_units[1].encoder_unit/threshold_memory/gen_sub_units_scm[0].sub_unit_i/_1276_/A (INV_X4)
                  0.89    1.09    4.14 v gen_encoder_units[1].encoder_unit/threshold_memory/gen_sub_units_scm[0].sub_unit_i/_1276_/ZN (INV_X4)
   116  287.56                           gen_encoder_units[1].encoder_unit/threshold_memory/gen_sub_units_scm[0].sub_unit_i/_0917_ (net)
                  0.89    0.00    4.14 v gen_encoder_units[1].encoder_unit/threshold_memory/gen_sub_units_scm[0].sub_unit_i/_1350_/A2 (NOR2_X2)
                  0.21    0.62    4.76 ^ gen_encoder_units[1].encoder_unit/threshold_memory/gen_sub_units_scm[0].sub_unit_i/_1350_/ZN (NOR2_X2)
    32   74.31                           gen_encoder_units[1].encoder_unit/threshold_memory/gen_sub_units_scm[0].sub_unit_i/_0991_ (net)
                  0.21    0.00    4.76 ^ gen_encoder_units[1].encoder_unit/threshold_memory/gen_sub_units_scm[0].sub_unit_i/_1846_/A1 (NAND3_X1)
                  0.04    0.04    4.79 v gen_encoder_units[1].encoder_unit/threshold_memory/gen_sub_units_scm[0].sub_unit_i/_1846_/ZN (NAND3_X1)
     1    1.81                           gen_encoder_units[1].encoder_unit/threshold_memory/gen_sub_units_scm[0].sub_unit_i/_0319_ (net)
                  0.04    0.00    4.79 v gen_encoder_units[1].encoder_unit/threshold_memory/gen_sub_units_scm[0].sub_unit_i/_1847_/A2 (NAND2_X1)
                  0.02    0.03    4.83 ^ gen_encoder_units[1].encoder_unit/threshold_memory/gen_sub_units_scm[0].sub_unit_i/_1847_/ZN (NAND2_X1)
     1    2.02                           gen_encoder_units[1].encoder_unit/threshold_memory/gen_sub_units_scm[0].sub_unit_i/_0320_ (net)
                  0.02    0.00    4.83 ^ gen_encoder_units[1].encoder_unit/threshold_memory/gen_sub_units_scm[0].sub_unit_i/_1851_/A1 (NOR2_X1)
                  0.02    0.01    4.84 v gen_encoder_units[1].encoder_unit/threshold_memory/gen_sub_units_scm[0].sub_unit_i/_1851_/ZN (NOR2_X1)
     1    1.84                           gen_encoder_units[1].encoder_unit/threshold_memory/gen_sub_units_scm[0].sub_unit_i/_0324_ (net)
                  0.02    0.00    4.84 v gen_encoder_units[1].encoder_unit/threshold_memory/gen_sub_units_scm[0].sub_unit_i/_1858_/A1 (NAND2_X1)
                  0.01    0.02    4.86 ^ gen_encoder_units[1].encoder_unit/threshold_memory/gen_sub_units_scm[0].sub_unit_i/_1858_/ZN (NAND2_X1)
     1    1.96                           gen_encoder_units[1].encoder_unit/threshold_memory/gen_sub_units_scm[0].sub_unit_i/_0331_ (net)
                  0.01    0.00    4.86 ^ gen_encoder_units[1].encoder_unit/threshold_memory/gen_sub_units_scm[0].sub_unit_i/_1859_/A2 (NOR2_X1)
                  0.01    0.01    4.87 v gen_encoder_units[1].encoder_unit/threshold_memory/gen_sub_units_scm[0].sub_unit_i/_1859_/ZN (NOR2_X1)
     1    1.84                           gen_encoder_units[1].encoder_unit/threshold_memory/gen_sub_units_scm[0].sub_unit_i/_0332_ (net)
                  0.01    0.00    4.87 v gen_encoder_units[1].encoder_unit/threshold_memory/gen_sub_units_scm[0].sub_unit_i/_1861_/A2 (NAND3_X1)
                  0.02    0.03    4.89 ^ gen_encoder_units[1].encoder_unit/threshold_memory/gen_sub_units_scm[0].sub_unit_i/_1861_/ZN (NAND3_X1)
     1    6.51                           gen_encoder_units[1].encoder_unit/threshold_memory/read_outputs_subunits[55] (net)
                  0.02    0.00    4.89 ^ gen_encoder_units[1].encoder_unit/threshold_memory/read/_212_/A2 (NAND2_X4)
                  0.06    0.02    4.91 v gen_encoder_units[1].encoder_unit/threshold_memory/read/_212_/ZN (NAND2_X4)
     1    5.93                           gen_encoder_units[1].encoder_unit/threshold_memory/read/_054_ (net)
                  0.06    0.00    4.91 v gen_encoder_units[1].encoder_unit/threshold_memory/read/_213_/A2 (NAND2_X4)
                  0.02    0.03    4.94 ^ gen_encoder_units[1].encoder_unit/threshold_memory/read/_213_/ZN (NAND2_X4)
     1    6.57                           gen_encoder_units[1].encoder_unit/threshold_memory/read/_055_ (net)
                  0.02    0.00    4.94 ^ gen_encoder_units[1].encoder_unit/threshold_memory/read/_214_/A (INV_X4)
                  0.01    0.01    4.95 v gen_encoder_units[1].encoder_unit/threshold_memory/read/_214_/ZN (INV_X4)
     1    5.93                           gen_encoder_units[1].encoder_unit/threshold_memory/read/_056_ (net)
                  0.01    0.00    4.95 v gen_encoder_units[1].encoder_unit/threshold_memory/read/_215_/A2 (NAND2_X4)
                  0.01    0.01    4.97 ^ gen_encoder_units[1].encoder_unit/threshold_memory/read/_215_/ZN (NAND2_X4)
     2    5.85                           gen_encoder_units[1].encoder_unit/fp_compare.operand_b_i[7] (net)
                  0.01    0.00    4.97 ^ gen_encoder_units[1].encoder_unit/_268_/A (INV_X1)
                  0.00    0.01    4.98 v gen_encoder_units[1].encoder_unit/_268_/ZN (INV_X1)
     1    1.84                           gen_encoder_units[1].encoder_unit/_023_ (net)
                  0.00    0.00    4.98 v gen_encoder_units[1].encoder_unit/_269_/A1 (NAND2_X1)
                  0.02    0.02    5.00 ^ gen_encoder_units[1].encoder_unit/_269_/ZN (NAND2_X1)
     2    5.35                           gen_encoder_units[1].encoder_unit/_024_ (net)
                  0.02    0.00    5.00 ^ gen_encoder_units[1].encoder_unit/_272_/A1 (NAND2_X2)
                  0.01    0.02    5.02 v gen_encoder_units[1].encoder_unit/_272_/ZN (NAND2_X2)
     1    5.90                           gen_encoder_units[1].encoder_unit/_027_ (net)
                  0.01    0.00    5.02 v gen_encoder_units[1].encoder_unit/_278_/A1 (NOR2_X4)
                  0.02    0.02    5.04 ^ gen_encoder_units[1].encoder_unit/_278_/ZN (NOR2_X4)
     2    7.08                           gen_encoder_units[1].encoder_unit/_033_ (net)
                  0.02    0.00    5.04 ^ gen_encoder_units[1].encoder_unit/_279_/A (INV_X2)
                  0.01    0.01    5.05 v gen_encoder_units[1].encoder_unit/_279_/ZN (INV_X2)
     1    5.90                           gen_encoder_units[1].encoder_unit/_034_ (net)
                  0.01    0.00    5.05 v gen_encoder_units[1].encoder_unit/_283_/A1 (NOR2_X4)
                  0.01    0.02    5.07 ^ gen_encoder_units[1].encoder_unit/_283_/ZN (NOR2_X4)
     2    5.67                           gen_encoder_units[1].encoder_unit/_038_ (net)
                  0.01    0.00    5.07 ^ gen_encoder_units[1].encoder_unit/_284_/A2 (NAND2_X2)
                  0.01    0.01    5.09 v gen_encoder_units[1].encoder_unit/_284_/ZN (NAND2_X2)
     1    3.24                           gen_encoder_units[1].encoder_unit/_039_ (net)
                  0.01    0.00    5.09 v gen_encoder_units[1].encoder_unit/_294_/A1 (NAND2_X2)
                  0.01    0.01    5.10 ^ gen_encoder_units[1].encoder_unit/_294_/ZN (NAND2_X2)
     1    3.36                           gen_encoder_units[1].encoder_unit/_049_ (net)
                  0.01    0.00    5.10 ^ gen_encoder_units[1].encoder_unit/_302_/A1 (NAND2_X2)
                  0.01    0.02    5.11 v gen_encoder_units[1].encoder_unit/_302_/ZN (NAND2_X2)
     1    6.01                           gen_encoder_units[1].encoder_unit/_057_ (net)
                  0.01    0.00    5.11 v gen_encoder_units[1].encoder_unit/_304_/A1 (NAND2_X4)
                  0.01    0.01    5.13 ^ gen_encoder_units[1].encoder_unit/_304_/ZN (NAND2_X4)
     2    5.34                           gen_encoder_units[1].encoder_unit/_059_ (net)
                  0.01    0.00    5.13 ^ gen_encoder_units[1].encoder_unit/_314_/A1 (NAND3_X1)
                  0.02    0.02    5.15 v gen_encoder_units[1].encoder_unit/_314_/ZN (NAND3_X1)
     1    3.45                           gen_encoder_units[1].encoder_unit/_069_ (net)
                  0.02    0.00    5.15 v gen_encoder_units[1].encoder_unit/_315_/A2 (NAND2_X2)
                  0.01    0.02    5.17 ^ gen_encoder_units[1].encoder_unit/_315_/ZN (NAND2_X2)
     1    6.26                           gen_encoder_units[1].encoder_unit/_070_ (net)
                  0.01    0.00    5.18 ^ gen_encoder_units[1].encoder_unit/_332_/A1 (NAND2_X4)
                  0.01    0.01    5.19 v gen_encoder_units[1].encoder_unit/_332_/ZN (NAND2_X4)
     2    6.55                           gen_encoder_units[1].encoder_unit/_087_ (net)
                  0.01    0.00    5.19 v gen_encoder_units[1].encoder_unit/_399_/A1 (NAND3_X2)
                  0.01    0.02    5.20 ^ gen_encoder_units[1].encoder_unit/_399_/ZN (NAND3_X2)
     1    3.36                           gen_encoder_units[1].encoder_unit/_136_ (net)
                  0.01    0.00    5.20 ^ gen_encoder_units[1].encoder_unit/_401_/A1 (NAND2_X2)
                  0.01    0.01    5.22 v gen_encoder_units[1].encoder_unit/_401_/ZN (NAND2_X2)
     1    1.36                           gen_encoder_units[1].encoder_unit/_010_ (net)
                  0.01    0.00    5.22 v gen_encoder_units[1].encoder_unit/_424_/D (DFFR_X1)
                                  5.22   data arrival time

                  0.00    3.00    3.00   clock clk_i (rise edge)
                          0.00    3.00   clock network delay (ideal)
                          0.00    3.00   clock reconvergence pessimism
                                  3.00 ^ gen_encoder_units[1].encoder_unit/_424_/CK (DFFR_X1)
                         -0.04    2.96   library setup time
                                  2.96   data required time
-----------------------------------------------------------------------------
                                  2.96   data required time
                                 -5.22   data arrival time
-----------------------------------------------------------------------------
                                 -2.25   slack (VIOLATED)



==========================================================================
floorplan final report_power
--------------------------------------------------------------------------
Group                  Internal  Switching    Leakage      Total
                          Power      Power      Power      Power (Watts)
----------------------------------------------------------------
Sequential             1.12e-02   1.12e-03   2.94e-04   1.26e-02  56.9%
Combinational          2.01e-03   7.06e-03   4.44e-04   9.52e-03  43.1%
Macro                  0.00e+00   0.00e+00   0.00e+00   0.00e+00   0.0%
Pad                    0.00e+00   0.00e+00   0.00e+00   0.00e+00   0.0%
----------------------------------------------------------------
Total                  1.32e-02   8.19e-03   7.38e-04   2.21e-02 100.0%
                          59.6%      37.1%       3.3%

==========================================================================
floorplan final report_design_area
--------------------------------------------------------------------------
Design area 45356 u^2 38% utilization.

Elapsed time: 0:04.57[h:]min:sec. CPU time: user 4.47 sys 0.09 (99%). Peak memory: 209224KB.
