OpenROAD b57893514040c5aa453ab5c104f35d1173a8add9 
This program is licensed under the BSD-3 license. See the LICENSE file for details.
Components of this program may be licensed under more restrictive licenses which must be honored.
[INFO] Deleted 0 routing obstructions
[INFO RCX-0431] Defined process_corner X with ext_model_index 0
[INFO RCX-0029] Defined extraction corner X
[INFO RCX-0008] extracting parasitics of halut_matmul ...
[INFO RCX-0435] Reading extraction model file /halutmatmul/hardware/flow/OpenROAD/flow/platforms/asap7/rcx_patterns.rules ...
[INFO RCX-0436] RC segment generation halut_matmul (max_merge_res 50.0) ...
[INFO RCX-0040] Final 400614 rc segments
[INFO RCX-0439] Coupling Cap extraction halut_matmul ...
[INFO RCX-0440] Coupling threshhold is 0.1000 fF, coupling capacitance less than 0.1000 fF will be grounded.
[INFO RCX-0043] 401833 wires to be extracted
[INFO RCX-0442] 12% completion -- 50699 wires have been extracted
[INFO RCX-0442] 25% completion -- 104096 wires have been extracted
[INFO RCX-0442] 51% completion -- 205650 wires have been extracted
[INFO RCX-0442] 62% completion -- 249924 wires have been extracted
[INFO RCX-0442] 74% completion -- 300893 wires have been extracted
[INFO RCX-0442] 100% completion -- 401833 wires have been extracted
[INFO RCX-0045] Extract 63032 nets, 463618 rsegs, 463618 caps, 518579 ccs
[INFO RCX-0015] Finished extracting halut_matmul.
[INFO RCX-0016] Writing SPEF ...
[INFO RCX-0443] 63032 nets finished
[INFO RCX-0017] Finished writing SPEF ...
[WARNING STA-0179] ./results/asap7/halut_matmul/base/6_final.spef line 286, syntax error.
[WARNING PSM-0016] Voltage pad location (VSRC) file not specified, defaulting pad location to checkerboard pattern on core area.
[WARNING PSM-0017] X direction bump pitch is not specified, defaulting to 140um.
[WARNING PSM-0018] Y direction bump pitch is not specified, defaulting to 140um.
[WARNING PSM-0063] Specified bump pitches of 140.000 and 140.000 are less than core width of 138.942 or core height of 138.780. Changing bump location to the center of the die at (71.523, 71.550).
[WARNING PSM-0065] VSRC location not specified, using default checkerboard pattern with one VDD every size bumps in x-direction and one in two bumps in the y-direction
[INFO PSM-0076] Setting metal node density to be standard cell height times 5.
[INFO PSM-0031] Number of PDN nodes on net VDD = 83347.
[INFO PSM-0064] Number of voltage sources = 1.
[INFO PSM-0040] All PDN stripes on net VDD are connected.
########## IR report #################
Worstcase voltage: 8.02e-02 V
Average IR drop  : 2.11e-01 V
Worstcase IR drop: 6.90e-01 V
######################################
[WARNING PSM-0016] Voltage pad location (VSRC) file not specified, defaulting pad location to checkerboard pattern on core area.
[WARNING PSM-0017] X direction bump pitch is not specified, defaulting to 140um.
[WARNING PSM-0018] Y direction bump pitch is not specified, defaulting to 140um.
[WARNING PSM-0063] Specified bump pitches of 140.000 and 140.000 are less than core width of 138.942 or core height of 138.780. Changing bump location to the center of the die at (71.523, 71.550).
[WARNING PSM-0065] VSRC location not specified, using default checkerboard pattern with one VDD every size bumps in x-direction and one in two bumps in the y-direction
[INFO PSM-0076] Setting metal node density to be standard cell height times 5.
[INFO PSM-0031] Number of PDN nodes on net VSS = 83670.
[INFO PSM-0064] Number of voltage sources = 1.
[INFO PSM-0040] All PDN stripes on net VSS are connected.
########## IR report #################
Worstcase voltage: 7.02e-01 V
Average IR drop  : 2.11e-01 V
Worstcase IR drop: 7.02e-01 V
######################################

==========================================================================
finish report_tns
--------------------------------------------------------------------------
tns 0.00

==========================================================================
finish report_wns
--------------------------------------------------------------------------
wns 0.00

==========================================================================
finish report_worst_slack
--------------------------------------------------------------------------
worst slack 0.00

==========================================================================
finish report_clock_skew
--------------------------------------------------------------------------
Clock clk_i
Latency      CRPR       Skew
gen_decoderX_units[0].decoder/gen_decoders[0].sub_unit_decoder/lut/_37967_/CLK ^
 263.51
gen_decoderX_units[0].decoder/gen_decoders[0].sub_unit_decoder/_740_/CLK ^
  71.84     -0.41     191.27


==========================================================================
finish report_checks -path_delay min
--------------------------------------------------------------------------
Startpoint: rst_ni (input port clocked by clk_i)
Endpoint: encoder/gen_encoder_units[1].encoder_unit/threshold_memory/_09457_
          (removal check against rising-edge clock clk_i)
Path Group: **async_default**
Path Type: min

Fanout     Cap    Slew   Delay    Time   Description
-----------------------------------------------------------------------------
                          0.00    0.00   clock clk_i (rise edge)
                          0.00    0.00   clock network delay (propagated)
                        300.00  300.00 ^ input external delay
                  0.00    0.00  300.00 ^ rst_ni (in)
     1    2.07                           rst_ni (net)
                  0.00    0.00  300.00 ^ input260/A (BUFx12f_ASAP7_75t_R)
                  9.97   11.91  311.91 ^ input260/Y (BUFx12f_ASAP7_75t_R)
     3   10.88                           net260 (net)
                  9.97    0.00  311.91 ^ max_length1290/A (BUFx16f_ASAP7_75t_R)
                 11.51   17.19  329.10 ^ max_length1290/Y (BUFx16f_ASAP7_75t_R)
     4   14.90                           net1290 (net)
                 11.51    0.00  329.10 ^ encoder/gen_encoder_units[1].encoder_unit/threshold_memory/_09404_/A (CKINVDCx8_ASAP7_75t_R)
                 10.62    8.57  337.67 v encoder/gen_encoder_units[1].encoder_unit/threshold_memory/_09404_/Y (CKINVDCx8_ASAP7_75t_R)
    16   11.41                           encoder/gen_encoder_units[1].encoder_unit/threshold_memory/_00016_ (net)
                 10.62    0.00  337.67 v encoder/gen_encoder_units[1].encoder_unit/threshold_memory/_09457_/RESET (ASYNC_DFFHx1_ASAP7_75t_R)
                                337.67   data arrival time

                          0.00    0.00   clock clk_i (rise edge)
                          0.00    0.00   clock source latency
                  0.00    0.00    0.00 ^ clk_i (in)
     1    1.33                           clk_i (net)
                  0.00    0.00    0.00 ^ clkbuf_0_clk_i/A (BUFx12_ASAP7_75t_R)
                  6.54   13.47   13.47 ^ clkbuf_0_clk_i/Y (BUFx12_ASAP7_75t_R)
     2    1.88                           clknet_0_clk_i (net)
                  6.54    0.00   13.47 ^ clkbuf_1_0_0_clk_i/A (BUFx8_ASAP7_75t_R)
                  6.97   15.96   29.43 ^ clkbuf_1_0_0_clk_i/Y (BUFx8_ASAP7_75t_R)
     2    1.88                           clknet_1_0_0_clk_i (net)
                  6.97    0.00   29.43 ^ clkbuf_2_1_0_clk_i/A (BUFx8_ASAP7_75t_R)
                 18.14   22.42   51.85 ^ clkbuf_2_1_0_clk_i/Y (BUFx8_ASAP7_75t_R)
    12   16.00                           clknet_2_1_0_clk_i (net)
                 18.14    0.00   51.85 ^ clkbuf_opt_4_0_clk_i/A (BUFx12_ASAP7_75t_R)
                  6.31   18.83   70.69 ^ clkbuf_opt_4_0_clk_i/Y (BUFx12_ASAP7_75t_R)
     1    1.33                           clknet_opt_4_0_clk_i (net)
                  6.31    0.00   70.69 ^ clkbuf_opt_4_1_clk_i/A (BUFx12_ASAP7_75t_R)
                  6.22   15.15   85.83 ^ clkbuf_opt_4_1_clk_i/Y (BUFx12_ASAP7_75t_R)
     1    1.33                           clknet_opt_4_1_clk_i (net)
                  6.22    0.00   85.83 ^ clkbuf_leaf_30_clk_i/A (BUFx12_ASAP7_75t_R)
                 16.07   20.89  106.72 ^ clkbuf_leaf_30_clk_i/Y (BUFx12_ASAP7_75t_R)
    30   18.39                           clknet_leaf_30_clk_i (net)
                 16.07    0.00  106.72 ^ encoder/gen_encoder_units[1].encoder_unit/threshold_memory/_09247_/A (AND2x2_ASAP7_75t_R)
                  9.44   18.92  125.64 ^ encoder/gen_encoder_units[1].encoder_unit/threshold_memory/_09247_/Y (AND2x2_ASAP7_75t_R)
     1    1.33                           encoder/gen_encoder_units[1].encoder_unit/threshold_memory/cg_we_global.clk_o (net)
                  9.44    0.00  125.64 ^ clkbuf_0_encoder/gen_encoder_units[1].encoder_unit/threshold_memory/cg_we_global.clk_o/A (BUFx12_ASAP7_75t_R)
                  7.00   16.56  142.20 ^ clkbuf_0_encoder/gen_encoder_units[1].encoder_unit/threshold_memory/cg_we_global.clk_o/Y (BUFx12_ASAP7_75t_R)
     2    2.67                           clknet_0_encoder/gen_encoder_units[1].encoder_unit/threshold_memory/cg_we_global.clk_o (net)
                  7.00    0.00  142.20 ^ clkbuf_1_1__f_encoder/gen_encoder_units[1].encoder_unit/threshold_memory/cg_we_global.clk_o/A (BUFx12_ASAP7_75t_R)
                  8.17   16.56  158.76 ^ clkbuf_1_1__f_encoder/gen_encoder_units[1].encoder_unit/threshold_memory/cg_we_global.clk_o/Y (BUFx12_ASAP7_75t_R)
     9    4.67                           clknet_1_1__leaf_encoder/gen_encoder_units[1].encoder_unit/threshold_memory/cg_we_global.clk_o (net)
                  8.17    0.00  158.76 ^ encoder/gen_encoder_units[1].encoder_unit/threshold_memory/_09457_/CLK (ASYNC_DFFHx1_ASAP7_75t_R)
                          0.00  158.76   clock reconvergence pessimism
                         36.78  195.54   library removal time
                                195.54   data required time
-----------------------------------------------------------------------------
                                195.54   data required time
                               -337.67   data arrival time
-----------------------------------------------------------------------------
                                142.13   slack (MET)


Startpoint: encoder/gen_encoder_units[2].encoder_unit/threshold_memory/_10595_
            (negative level-sensitive latch clocked by clk_i)
Endpoint: encoder/gen_encoder_units[2].encoder_unit/threshold_memory/_09339_
          (rising clock gating-check end-point clocked by clk_i)
Path Group: **clock_gating_default**
Path Type: min

Fanout     Cap    Slew   Delay    Time   Description
-----------------------------------------------------------------------------
                       1500.00 1500.00   clock clk_i (fall edge)
                          0.00 1500.00   clock source latency
                  0.00    0.00 1500.00 v clk_i (in)
     1    1.03                           clk_i (net)
                  0.00    0.00 1500.00 v clkbuf_0_clk_i/A (BUFx12_ASAP7_75t_R)
                  6.34   14.10 1514.10 v clkbuf_0_clk_i/Y (BUFx12_ASAP7_75t_R)
     2    1.46                           clknet_0_clk_i (net)
                  6.34    0.00 1514.10 v clkbuf_1_1_0_clk_i/A (BUFx8_ASAP7_75t_R)
                  6.62   16.59 1530.69 v clkbuf_1_1_0_clk_i/Y (BUFx8_ASAP7_75t_R)
     2    1.46                           clknet_1_1_0_clk_i (net)
                  6.62    0.00 1530.69 v clkbuf_2_3_0_clk_i/A (BUFx8_ASAP7_75t_R)
                 13.81   21.54 1552.23 v clkbuf_2_3_0_clk_i/Y (BUFx8_ASAP7_75t_R)
    12   12.31                           clknet_2_3_0_clk_i (net)
                 13.81    0.00 1552.23 v clkbuf_leaf_20_clk_i/A (BUFx12_ASAP7_75t_R)
                 11.42   22.19 1574.42 v clkbuf_leaf_20_clk_i/Y (BUFx12_ASAP7_75t_R)
    30   11.40                           clknet_leaf_20_clk_i (net)
                 11.42    0.00 1574.42 v encoder/gen_encoder_units[2].encoder_unit/threshold_memory/_10595_/CLK (DLLx3_ASAP7_75t_R)
                 35.24   42.27 1616.69 ^ encoder/gen_encoder_units[2].encoder_unit/threshold_memory/_10595_/Q (DLLx3_ASAP7_75t_R)
    33   14.68                           encoder/gen_encoder_units[2].encoder_unit/threshold_memory/gen_sub_units_scm[2].sub_unit_i.cg_we_global.en_latch (net)
                 35.24    0.00 1616.69 ^ encoder/gen_encoder_units[2].encoder_unit/threshold_memory/_09339_/B (AND3x1_ASAP7_75t_R)
                               1616.69   data arrival time

                       1500.00 1500.00   clock clk_i (fall edge)
                          0.00 1500.00   clock source latency
                  0.00    0.00 1500.00 v clk_i (in)
     1    1.34                           clk_i (net)
                  0.00    0.00 1500.00 v clkbuf_0_clk_i/A (BUFx12_ASAP7_75t_R)
                  6.55   14.25 1514.25 v clkbuf_0_clk_i/Y (BUFx12_ASAP7_75t_R)
     2    1.88                           clknet_0_clk_i (net)
                  6.55    0.00 1514.25 v clkbuf_1_1_0_clk_i/A (BUFx8_ASAP7_75t_R)
                  6.90   16.85 1531.10 v clkbuf_1_1_0_clk_i/Y (BUFx8_ASAP7_75t_R)
     2    1.88                           clknet_1_1_0_clk_i (net)
                  6.90    0.00 1531.10 v clkbuf_2_3_0_clk_i/A (BUFx8_ASAP7_75t_R)
                 16.24   23.02 1554.12 v clkbuf_2_3_0_clk_i/Y (BUFx8_ASAP7_75t_R)
    12   16.03                           clknet_2_3_0_clk_i (net)
                 16.24    0.00 1554.12 v clkbuf_opt_14_0_clk_i/A (BUFx12_ASAP7_75t_R)
                  6.31   19.48 1573.60 v clkbuf_opt_14_0_clk_i/Y (BUFx12_ASAP7_75t_R)
     1    1.34                           clknet_opt_14_0_clk_i (net)
                  6.31    0.00 1573.60 v clkbuf_opt_14_1_clk_i/A (BUFx12_ASAP7_75t_R)
                  6.27   16.11 1589.71 v clkbuf_opt_14_1_clk_i/Y (BUFx12_ASAP7_75t_R)
     1    1.34                           clknet_opt_14_1_clk_i (net)
                  6.27    0.00 1589.71 v clkbuf_opt_14_2_clk_i/A (BUFx12_ASAP7_75t_R)
                  6.27   16.09 1605.80 v clkbuf_opt_14_2_clk_i/Y (BUFx12_ASAP7_75t_R)
     1    1.34                           clknet_opt_14_2_clk_i (net)
                  6.27    0.00 1605.80 v clkbuf_leaf_21_clk_i/A (BUFx12_ASAP7_75t_R)
                 15.26   21.89 1627.69 v clkbuf_leaf_21_clk_i/Y (BUFx12_ASAP7_75t_R)
    30   19.13                           clknet_leaf_21_clk_i (net)
                 15.26    0.00 1627.69 v encoder/gen_encoder_units[2].encoder_unit/threshold_memory/_09339_/A (AND3x1_ASAP7_75t_R)
                         -1.89 1625.81   clock reconvergence pessimism
                          0.00 1625.81   clock gating hold time
                               1625.81   data required time
-----------------------------------------------------------------------------
                               1625.81   data required time
                               -1616.69   data arrival time
-----------------------------------------------------------------------------
                                 -9.12   slack (VIOLATED)


Startpoint: encoder/gen_encoder_units[1].encoder_unit/_546_
            (rising edge-triggered flip-flop clocked by clk_i)
Endpoint: encoder/gen_encoder_units[1].encoder_unit/_547_
          (rising edge-triggered flip-flop clocked by clk_i)
Path Group: clk_i
Path Type: min

Fanout     Cap    Slew   Delay    Time   Description
-----------------------------------------------------------------------------
                          0.00    0.00   clock clk_i (rise edge)
                          0.00    0.00   clock source latency
                  0.00    0.00    0.00 ^ clk_i (in)
     1    1.03                           clk_i (net)
                  0.00    0.00    0.00 ^ clkbuf_0_clk_i/A (BUFx12_ASAP7_75t_R)
                  6.30   13.32   13.32 ^ clkbuf_0_clk_i/Y (BUFx12_ASAP7_75t_R)
     2    1.46                           clknet_0_clk_i (net)
                  6.30    0.00   13.32 ^ clkbuf_1_1_0_clk_i/A (BUFx8_ASAP7_75t_R)
                  6.64   15.69   29.01 ^ clkbuf_1_1_0_clk_i/Y (BUFx8_ASAP7_75t_R)
     2    1.46                           clknet_1_1_0_clk_i (net)
                  6.64    0.00   29.01 ^ clkbuf_2_3_0_clk_i/A (BUFx8_ASAP7_75t_R)
                 15.26   20.86   49.87 ^ clkbuf_2_3_0_clk_i/Y (BUFx8_ASAP7_75t_R)
    12   12.36                           clknet_2_3_0_clk_i (net)
                 15.26    0.00   49.87 ^ clkbuf_leaf_24_clk_i/A (BUFx12_ASAP7_75t_R)
                 12.19   21.59   71.46 ^ clkbuf_leaf_24_clk_i/Y (BUFx12_ASAP7_75t_R)
    30   11.51                           clknet_leaf_24_clk_i (net)
                 12.19    0.00   71.46 ^ encoder/gen_encoder_units[1].encoder_unit/_546_/CLK (ASYNC_DFFHx1_ASAP7_75t_R)
                 30.49   51.21  122.67 ^ encoder/gen_encoder_units[1].encoder_unit/_546_/QN (ASYNC_DFFHx1_ASAP7_75t_R)
     3    3.33                           encoder/gen_encoder_units[1].encoder_unit/_000_ (net)
                 30.49    0.00  122.67 ^ encoder/gen_encoder_units[1].encoder_unit/_277_/A (INVx3_ASAP7_75t_R)
                 10.23    8.28  130.95 v encoder/gen_encoder_units[1].encoder_unit/_277_/Y (INVx3_ASAP7_75t_R)
     4    2.27                           encoder/gen_encoder_units[1].encoder_unit/_039_ (net)
                 10.23    0.00  130.95 v encoder/gen_encoder_units[1].encoder_unit/_523_/B2 (AO22x1_ASAP7_75t_R)
                  6.28   14.50  145.45 v encoder/gen_encoder_units[1].encoder_unit/_523_/Y (AO22x1_ASAP7_75t_R)
     1    0.55                           encoder/gen_encoder_units[1].encoder_unit/_023_ (net)
                  6.28    0.00  145.45 v encoder/gen_encoder_units[1].encoder_unit/_547_/D (ASYNC_DFFHx1_ASAP7_75t_R)
                                145.45   data arrival time

                          0.00    0.00   clock clk_i (rise edge)
                          0.00    0.00   clock source latency
                  0.00    0.00    0.00 ^ clk_i (in)
     1    1.33                           clk_i (net)
                  0.00    0.00    0.00 ^ clkbuf_0_clk_i/A (BUFx12_ASAP7_75t_R)
                  6.54   13.47   13.47 ^ clkbuf_0_clk_i/Y (BUFx12_ASAP7_75t_R)
     2    1.88                           clknet_0_clk_i (net)
                  6.54    0.00   13.47 ^ clkbuf_1_0_0_clk_i/A (BUFx8_ASAP7_75t_R)
                  6.97   15.96   29.43 ^ clkbuf_1_0_0_clk_i/Y (BUFx8_ASAP7_75t_R)
     2    1.88                           clknet_1_0_0_clk_i (net)
                  6.97    0.00   29.43 ^ clkbuf_2_1_0_clk_i/A (BUFx8_ASAP7_75t_R)
                 18.14   22.42   51.85 ^ clkbuf_2_1_0_clk_i/Y (BUFx8_ASAP7_75t_R)
    12   16.00                           clknet_2_1_0_clk_i (net)
                 18.14    0.00   51.85 ^ clkbuf_opt_4_0_clk_i/A (BUFx12_ASAP7_75t_R)
                  6.31   18.83   70.69 ^ clkbuf_opt_4_0_clk_i/Y (BUFx12_ASAP7_75t_R)
     1    1.33                           clknet_opt_4_0_clk_i (net)
                  6.31    0.00   70.69 ^ clkbuf_opt_4_1_clk_i/A (BUFx12_ASAP7_75t_R)
                  6.22   15.15   85.83 ^ clkbuf_opt_4_1_clk_i/Y (BUFx12_ASAP7_75t_R)
     1    1.33                           clknet_opt_4_1_clk_i (net)
                  6.22    0.00   85.83 ^ clkbuf_leaf_30_clk_i/A (BUFx12_ASAP7_75t_R)
                 16.07   20.89  106.72 ^ clkbuf_leaf_30_clk_i/Y (BUFx12_ASAP7_75t_R)
    30   18.39                           clknet_leaf_30_clk_i (net)
                 16.07    0.00  106.72 ^ encoder/gen_encoder_units[1].encoder_unit/_547_/CLK (ASYNC_DFFHx1_ASAP7_75t_R)
                         -0.15  106.57   clock reconvergence pessimism
                          9.76  116.33   library hold time
                                116.33   data required time
-----------------------------------------------------------------------------
                                116.33   data required time
                               -145.45   data arrival time
-----------------------------------------------------------------------------
                                 29.12   slack (MET)



==========================================================================
finish report_checks -path_delay max
--------------------------------------------------------------------------
Startpoint: rst_ni (input port clocked by clk_i)
Endpoint: gen_decoderX_units[0].decoder/gen_decoders[0].sub_unit_decoder/fp_adder/adder/_3820_
          (recovery check against rising-edge clock clk_i')
Path Group: **async_default**
Path Type: max

Fanout     Cap    Slew   Delay    Time   Description
-----------------------------------------------------------------------------
                          0.00    0.00   clock clk_i (rise edge)
                          0.00    0.00   clock network delay (propagated)
                        300.00  300.00 ^ input external delay
                  0.00    0.00  300.00 ^ rst_ni (in)
     1    2.60                           rst_ni (net)
                  0.00    0.00  300.00 ^ input260/A (BUFx12f_ASAP7_75t_R)
                 12.25   13.02  313.02 ^ input260/Y (BUFx12f_ASAP7_75t_R)
     3   14.78                           net260 (net)
                 12.25    0.00  313.02 ^ max_length1290/A (BUFx16f_ASAP7_75t_R)
                 14.10   19.10  332.12 ^ max_length1290/Y (BUFx16f_ASAP7_75t_R)
     4   20.17                           net1290 (net)
                 14.10    0.00  332.12 ^ load_slew1289/A (BUFx16f_ASAP7_75t_R)
                 32.89   27.61  359.73 ^ load_slew1289/Y (BUFx16f_ASAP7_75t_R)
     7   58.37                           net1289 (net)
                 32.89    0.00  359.73 ^ gen_decoderX_units[0].decoder/gen_decoders[0].sub_unit_decoder/_362_/A (CKINVDCx20_ASAP7_75t_R)
                 52.17   30.64  390.37 v gen_decoderX_units[0].decoder/gen_decoders[0].sub_unit_decoder/_362_/Y (CKINVDCx20_ASAP7_75t_R)
   150  123.82                           gen_decoderX_units[0].decoder/gen_decoders[0].sub_unit_decoder/_001_ (net)
                 52.17    0.00  390.37 v gen_decoderX_units[0].decoder/gen_decoders[0].sub_unit_decoder/fp_adder/adder/_3820_/RESET (ASYNC_DFFHx1_ASAP7_75t_R)
                                390.37   data arrival time

                       1500.00 1500.00   clock clk_i' (rise edge)
                          0.00 1500.00   clock source latency
                  0.00    0.00 1500.00 v clk_i (in)
     1    1.03                           clk_i (net)
                  0.00    0.00 1500.00 v clkbuf_0_clk_i/A (BUFx12_ASAP7_75t_R)
                  6.34   14.10 1514.10 v clkbuf_0_clk_i/Y (BUFx12_ASAP7_75t_R)
     2    1.46                           clknet_0_clk_i (net)
                  6.34    0.00 1514.10 v clkbuf_1_0_0_clk_i/A (BUFx8_ASAP7_75t_R)
                  6.62   16.59 1530.69 v clkbuf_1_0_0_clk_i/Y (BUFx8_ASAP7_75t_R)
     2    1.46                           clknet_1_0_0_clk_i (net)
                  6.62    0.00 1530.69 v clkbuf_2_1_0_clk_i/A (BUFx8_ASAP7_75t_R)
                 13.81   21.54 1552.23 v clkbuf_2_1_0_clk_i/Y (BUFx8_ASAP7_75t_R)
    12   12.31                           clknet_2_1_0_clk_i (net)
                 13.81    0.00 1552.23 v clkbuf_leaf_32_clk_i/A (BUFx12_ASAP7_75t_R)
                 11.74   22.38 1574.61 v clkbuf_leaf_32_clk_i/Y (BUFx12_ASAP7_75t_R)
    30   12.04                           clknet_leaf_32_clk_i (net)
                 11.74    0.00 1574.61 v net1748_61/A (INVx1_ASAP7_75t_R)
                  6.37    5.96 1580.58 ^ net1748_61/Y (INVx1_ASAP7_75t_R)
     1    0.40                           net1757 (net)
                  6.37    0.00 1580.58 ^ gen_decoderX_units[0].decoder/gen_decoders[0].sub_unit_decoder/fp_adder/adder/_3820_/CLK (ASYNC_DFFHx1_ASAP7_75t_R)
                          0.00 1580.58   clock reconvergence pessimism
                         28.33 1608.90   library recovery time
                               1608.90   data required time
-----------------------------------------------------------------------------
                               1608.90   data required time
                               -390.37   data arrival time
-----------------------------------------------------------------------------
                               1218.53   slack (MET)


Startpoint: gen_decoderX_units[0].decoder/gen_decoders[0].sub_unit_decoder/lut/_39490_
            (negative level-sensitive latch clocked by clk_i)
Endpoint: gen_decoderX_units[0].decoder/gen_decoders[0].sub_unit_decoder/lut/_32004_
          (rising clock gating-check end-point clocked by clk_i)
Path Group: **clock_gating_default**
Path Type: max

Fanout     Cap    Slew   Delay    Time   Description
-----------------------------------------------------------------------------
                       1500.00 1500.00   clock clk_i (fall edge)
                          0.00 1500.00   clock source latency
                  0.00    0.00 1500.00 v clk_i (in)
     1    1.34                           clk_i (net)
                  0.00    0.00 1500.00 v clkbuf_0_clk_i/A (BUFx12_ASAP7_75t_R)
                  6.55   14.25 1514.25 v clkbuf_0_clk_i/Y (BUFx12_ASAP7_75t_R)
     2    1.88                           clknet_0_clk_i (net)
                  6.55    0.00 1514.25 v clkbuf_1_0_0_clk_i/A (BUFx8_ASAP7_75t_R)
                  6.90   16.85 1531.10 v clkbuf_1_0_0_clk_i/Y (BUFx8_ASAP7_75t_R)
     2    1.88                           clknet_1_0_0_clk_i (net)
                  6.90    0.00 1531.10 v clkbuf_2_0_0_clk_i/A (BUFx8_ASAP7_75t_R)
                 16.24   23.02 1554.12 v clkbuf_2_0_0_clk_i/Y (BUFx8_ASAP7_75t_R)
    12   16.03                           clknet_2_0_0_clk_i (net)
                 16.24    0.00 1554.12 v clkbuf_opt_1_0_clk_i/A (BUFx12_ASAP7_75t_R)
                  6.31   19.48 1573.60 v clkbuf_opt_1_0_clk_i/Y (BUFx12_ASAP7_75t_R)
     1    1.34                           clknet_opt_1_0_clk_i (net)
                  6.31    0.00 1573.60 v clkbuf_opt_1_1_clk_i/A (BUFx12_ASAP7_75t_R)
                  6.27   16.11 1589.71 v clkbuf_opt_1_1_clk_i/Y (BUFx12_ASAP7_75t_R)
     1    1.34                           clknet_opt_1_1_clk_i (net)
                  6.27    0.00 1589.71 v clkbuf_opt_1_2_clk_i/A (BUFx12_ASAP7_75t_R)
                  6.27   16.09 1605.80 v clkbuf_opt_1_2_clk_i/Y (BUFx12_ASAP7_75t_R)
     1    1.34                           clknet_opt_1_2_clk_i (net)
                  6.27    0.00 1605.80 v clkbuf_leaf_0_clk_i/A (BUFx12_ASAP7_75t_R)
                 15.19   21.85 1627.66 v clkbuf_leaf_0_clk_i/Y (BUFx12_ASAP7_75t_R)
    30   19.01                           clknet_leaf_0_clk_i (net)
                 15.19    0.00 1627.66 v gen_decoderX_units[0].decoder/gen_decoders[0].sub_unit_decoder/lut/_32002_/A (AND2x2_ASAP7_75t_R)
                  8.86   20.17 1647.83 v gen_decoderX_units[0].decoder/gen_decoders[0].sub_unit_decoder/lut/_32002_/Y (AND2x2_ASAP7_75t_R)
     1    1.34                           gen_decoderX_units[0].decoder/gen_decoders[0].sub_unit_decoder/lut/gen_sub_units_scm[5].sub_unit_i.cg_we_global.clk_o (net)
                  8.86    0.00 1647.83 v clkbuf_0_gen_decoderX_units[0].decoder/gen_decoders[0].sub_unit_decoder/lut/gen_sub_units_scm[5].sub_unit_i.cg_we_global.clk_o/A (BUFx12_ASAP7_75t_R)
                  8.31   18.35 1666.18 v clkbuf_0_gen_decoderX_units[0].decoder/gen_decoders[0].sub_unit_decoder/lut/gen_sub_units_scm[5].sub_unit_i.cg_we_global.clk_o/Y (BUFx12_ASAP7_75t_R)
     4    5.34                           clknet_0_gen_decoderX_units[0].decoder/gen_decoders[0].sub_unit_decoder/lut/gen_sub_units_scm[5].sub_unit_i.cg_we_global.clk_o (net)
                  8.31    0.00 1666.18 v clkbuf_2_3__f_gen_decoderX_units[0].decoder/gen_decoders[0].sub_unit_decoder/lut/gen_sub_units_scm[5].sub_unit_i.cg_we_global.clk_o/A (BUFx12_ASAP7_75t_R)
                  8.54   18.33 1684.52 v clkbuf_2_3__f_gen_decoderX_units[0].decoder/gen_decoders[0].sub_unit_decoder/lut/gen_sub_units_scm[5].sub_unit_i.cg_we_global.clk_o/Y (BUFx12_ASAP7_75t_R)
    11    5.79                           clknet_2_3__leaf_gen_decoderX_units[0].decoder/gen_decoders[0].sub_unit_decoder/lut/gen_sub_units_scm[5].sub_unit_i.cg_we_global.clk_o (net)
                  8.54    0.00 1684.52 v gen_decoderX_units[0].decoder/gen_decoders[0].sub_unit_decoder/lut/_39490_/CLK (DLLx1_ASAP7_75t_R)
                  7.64   29.98 1714.50 v gen_decoderX_units[0].decoder/gen_decoders[0].sub_unit_decoder/lut/_39490_/Q (DLLx1_ASAP7_75t_R)
     1    0.59                           gen_decoderX_units[0].decoder/gen_decoders[0].sub_unit_decoder/lut/gen_sub_units_scm[5].sub_unit_i.gen_cg_word_iter[30].cg_i.en_latch (net)
                  7.64    0.00 1714.50 v gen_decoderX_units[0].decoder/gen_decoders[0].sub_unit_decoder/lut/_32004_/C (AND3x1_ASAP7_75t_R)
                               1714.50   data arrival time

                       3000.00 3000.00   clock clk_i (rise edge)
                          0.00 3000.00   clock source latency
                  0.00    0.00 3000.00 ^ clk_i (in)
     1    1.03                           clk_i (net)
                  0.00    0.00 3000.00 ^ clkbuf_0_clk_i/A (BUFx12_ASAP7_75t_R)
                  6.30   13.32 3013.32 ^ clkbuf_0_clk_i/Y (BUFx12_ASAP7_75t_R)
     2    1.46                           clknet_0_clk_i (net)
                  6.30    0.00 3013.32 ^ clkbuf_1_0_0_clk_i/A (BUFx8_ASAP7_75t_R)
                  6.64   15.69 3029.01 ^ clkbuf_1_0_0_clk_i/Y (BUFx8_ASAP7_75t_R)
     2    1.46                           clknet_1_0_0_clk_i (net)
                  6.64    0.00 3029.01 ^ clkbuf_2_0_0_clk_i/A (BUFx8_ASAP7_75t_R)
                 15.26   20.86 3049.87 ^ clkbuf_2_0_0_clk_i/Y (BUFx8_ASAP7_75t_R)
    12   12.36                           clknet_2_0_0_clk_i (net)
                 15.26    0.00 3049.87 ^ clkbuf_leaf_45_clk_i/A (BUFx12_ASAP7_75t_R)
                  9.71   20.05 3069.91 ^ clkbuf_leaf_45_clk_i/Y (BUFx12_ASAP7_75t_R)
    19    7.24                           clknet_leaf_45_clk_i (net)
                  9.71    0.00 3069.91 ^ gen_decoderX_units[0].decoder/gen_decoders[0].sub_unit_decoder/lut/_32004_/A (AND3x1_ASAP7_75t_R)
                          1.89 3071.80   clock reconvergence pessimism
                          0.00 3071.80   clock gating setup time
                               3071.80   data required time
-----------------------------------------------------------------------------
                               3071.80   data required time
                               -1714.50   data arrival time
-----------------------------------------------------------------------------
                               1357.30   slack (MET)


Startpoint: gen_decoderX_units[0].decoder/gen_decoders[0].sub_unit_decoder/lut/_45498_
            (rising edge-triggered flip-flop clocked by clk_i)
Endpoint: gen_decoderX_units[0].decoder/gen_decoders[0].sub_unit_decoder/lut/_39695_
          (positive level-sensitive latch clocked by clk_i)
Path Group: clk_i
Path Type: max

Fanout     Cap    Slew   Delay    Time   Description
-----------------------------------------------------------------------------
                          0.00    0.00   clock clk_i (rise edge)
                          0.00    0.00   clock source latency
                  0.00    0.00    0.00 ^ clk_i (in)
     1    1.33                           clk_i (net)
                  0.00    0.00    0.00 ^ clkbuf_0_clk_i/A (BUFx12_ASAP7_75t_R)
                  6.54   13.47   13.47 ^ clkbuf_0_clk_i/Y (BUFx12_ASAP7_75t_R)
     2    1.88                           clknet_0_clk_i (net)
                  6.54    0.00   13.47 ^ clkbuf_1_1_0_clk_i/A (BUFx8_ASAP7_75t_R)
                  6.97   15.96   29.43 ^ clkbuf_1_1_0_clk_i/Y (BUFx8_ASAP7_75t_R)
     2    1.88                           clknet_1_1_0_clk_i (net)
                  6.97    0.00   29.43 ^ clkbuf_2_2_0_clk_i/A (BUFx8_ASAP7_75t_R)
                 16.03   21.35   50.78 ^ clkbuf_2_2_0_clk_i/Y (BUFx8_ASAP7_75t_R)
    10   13.33                           clknet_2_2_0_clk_i (net)
                 16.03    0.00   50.78 ^ clkbuf_leaf_13_clk_i/A (BUFx12_ASAP7_75t_R)
                 16.33   24.01   74.79 ^ clkbuf_leaf_13_clk_i/Y (BUFx12_ASAP7_75t_R)
    30   18.74                           clknet_leaf_13_clk_i (net)
                 16.33    0.00   74.79 ^ gen_decoderX_units[0].decoder/gen_decoders[0].sub_unit_decoder/lut/_32435_/A (AND2x2_ASAP7_75t_R)
                  9.44   18.97   93.76 ^ gen_decoderX_units[0].decoder/gen_decoders[0].sub_unit_decoder/lut/_32435_/Y (AND2x2_ASAP7_75t_R)
     1    1.33                           gen_decoderX_units[0].decoder/gen_decoders[0].sub_unit_decoder/lut/cg_we_global.clk_o (net)
                  9.44    0.00   93.76 ^ clkbuf_0_gen_decoderX_units[0].decoder/gen_decoders[0].sub_unit_decoder/lut/cg_we_global.clk_o/A (BUFx12_ASAP7_75t_R)
                  7.00   16.56  110.33 ^ clkbuf_0_gen_decoderX_units[0].decoder/gen_decoders[0].sub_unit_decoder/lut/cg_we_global.clk_o/Y (BUFx12_ASAP7_75t_R)
     2    2.67                           clknet_0_gen_decoderX_units[0].decoder/gen_decoders[0].sub_unit_decoder/lut/cg_we_global.clk_o (net)
                  7.00    0.00  110.33 ^ clkbuf_1_0__f_gen_decoderX_units[0].decoder/gen_decoders[0].sub_unit_decoder/lut/cg_we_global.clk_o/A (BUFx12_ASAP7_75t_R)
                  7.86   16.37  126.70 ^ clkbuf_1_0__f_gen_decoderX_units[0].decoder/gen_decoders[0].sub_unit_decoder/lut/cg_we_global.clk_o/Y (BUFx12_ASAP7_75t_R)
     8    4.15                           clknet_1_0__leaf_gen_decoderX_units[0].decoder/gen_decoders[0].sub_unit_decoder/lut/cg_we_global.clk_o (net)
                  7.86    0.00  126.70 ^ gen_decoderX_units[0].decoder/gen_decoders[0].sub_unit_decoder/lut/_45498_/CLK (ASYNC_DFFHx1_ASAP7_75t_R)
                 92.43   82.28  208.98 ^ gen_decoderX_units[0].decoder/gen_decoders[0].sub_unit_decoder/lut/_45498_/QN (ASYNC_DFFHx1_ASAP7_75t_R)
     2   14.30                           gen_decoderX_units[0].decoder/gen_decoders[0].sub_unit_decoder/lut/_00002_ (net)
                 92.43    0.00  208.98 ^ gen_decoderX_units[0].decoder/gen_decoders[0].sub_unit_decoder/lut/_32477_/A (CKINVDCx20_ASAP7_75t_R)
                 33.36   24.80  233.79 v gen_decoderX_units[0].decoder/gen_decoders[0].sub_unit_decoder/lut/_32477_/Y (CKINVDCx20_ASAP7_75t_R)
    65   45.98                           gen_decoderX_units[0].decoder/gen_decoders[0].sub_unit_decoder/lut/gen_sub_units_scm[0].sub_unit_i.wdata_a_i[13] (net)
                 33.36    0.00  233.79 v load_slew1197/A (BUFx16f_ASAP7_75t_R)
                 22.15   29.78  263.56 v load_slew1197/Y (BUFx16f_ASAP7_75t_R)
    62   40.17                           net1197 (net)
                 22.15    0.00  263.56 v load_slew1196/A (BUFx16f_ASAP7_75t_R)
                 15.97   24.16  287.72 v load_slew1196/Y (BUFx16f_ASAP7_75t_R)
    40   26.62                           net1196 (net)
                 15.97    0.00  287.72 v max_length1195/A (BUFx16f_ASAP7_75t_R)
                 21.40   24.81  312.53 v max_length1195/Y (BUFx16f_ASAP7_75t_R)
    61   39.55                           net1195 (net)
                 21.40    0.00  312.53 v load_slew1194/A (BUFx16f_ASAP7_75t_R)
                 23.61   27.43  339.96 v load_slew1194/Y (BUFx16f_ASAP7_75t_R)
    69   44.48                           net1194 (net)
                 23.61    0.00  339.96 v load_slew1193/A (BUFx16f_ASAP7_75t_R)
                 14.92   24.04  363.99 v load_slew1193/Y (BUFx16f_ASAP7_75t_R)
    39   24.02                           net1193 (net)
                 14.92    0.00  363.99 v gen_decoderX_units[0].decoder/gen_decoders[0].sub_unit_decoder/lut/_39695_/D (DHLx1_ASAP7_75t_R)
                                363.99   data arrival time

                          0.00    0.00   clock clk_i (rise edge)
                          0.00    0.00   clock source latency
                  0.00    0.00    0.00 ^ clk_i (in)
     1    1.03                           clk_i (net)
                  0.00    0.00    0.00 ^ clkbuf_0_clk_i/A (BUFx12_ASAP7_75t_R)
                  6.30   13.32   13.32 ^ clkbuf_0_clk_i/Y (BUFx12_ASAP7_75t_R)
     2    1.46                           clknet_0_clk_i (net)
                  6.30    0.00   13.32 ^ clkbuf_1_0_0_clk_i/A (BUFx8_ASAP7_75t_R)
                  6.64   15.69   29.01 ^ clkbuf_1_0_0_clk_i/Y (BUFx8_ASAP7_75t_R)
     2    1.46                           clknet_1_0_0_clk_i (net)
                  6.64    0.00   29.01 ^ clkbuf_2_0_0_clk_i/A (BUFx8_ASAP7_75t_R)
                 15.26   20.86   49.87 ^ clkbuf_2_0_0_clk_i/Y (BUFx8_ASAP7_75t_R)
    12   12.36                           clknet_2_0_0_clk_i (net)
                 15.26    0.00   49.87 ^ clkbuf_leaf_45_clk_i/A (BUFx12_ASAP7_75t_R)
                  9.71   20.05   69.91 ^ clkbuf_leaf_45_clk_i/Y (BUFx12_ASAP7_75t_R)
    19    7.24                           clknet_leaf_45_clk_i (net)
                  9.71    0.00   69.91 ^ gen_decoderX_units[0].decoder/gen_decoders[0].sub_unit_decoder/lut/_32004_/A (AND3x1_ASAP7_75t_R)
                 12.51   20.97   90.89 ^ gen_decoderX_units[0].decoder/gen_decoders[0].sub_unit_decoder/lut/_32004_/Y (AND3x1_ASAP7_75t_R)
     1    1.03                           gen_decoderX_units[0].decoder/gen_decoders[0].sub_unit_decoder/lut/gen_sub_units_scm[5].sub_unit_i.gen_cg_word_iter[30].cg_i.clk_o (net)
                 12.51    0.00   90.89 ^ clkbuf_0_gen_decoderX_units[0].decoder/gen_decoders[0].sub_unit_decoder/lut/gen_sub_units_scm[5].sub_unit_i.gen_cg_word_iter[30].cg_i.clk_o/A (BUFx12_ASAP7_75t_R)
                  6.67   17.31  108.19 ^ clkbuf_0_gen_decoderX_units[0].decoder/gen_decoders[0].sub_unit_decoder/lut/gen_sub_units_scm[5].sub_unit_i.gen_cg_word_iter[30].cg_i.clk_o/Y (BUFx12_ASAP7_75t_R)
     2    2.06                           clknet_0_gen_decoderX_units[0].decoder/gen_decoders[0].sub_unit_decoder/lut/gen_sub_units_scm[5].sub_unit_i.gen_cg_word_iter[30].cg_i.clk_o (net)
                  6.67    0.00  108.19 ^ clkbuf_1_0__f_gen_decoderX_units[0].decoder/gen_decoders[0].sub_unit_decoder/lut/gen_sub_units_scm[5].sub_unit_i.gen_cg_word_iter[30].cg_i.clk_o/A (BUFx12_ASAP7_75t_R)
                  7.11   15.81  124.00 ^ clkbuf_1_0__f_gen_decoderX_units[0].decoder/gen_decoders[0].sub_unit_decoder/lut/gen_sub_units_scm[5].sub_unit_i.gen_cg_word_iter[30].cg_i.clk_o/Y (BUFx12_ASAP7_75t_R)
     7    2.85                           clknet_1_0__leaf_gen_decoderX_units[0].decoder/gen_decoders[0].sub_unit_decoder/lut/gen_sub_units_scm[5].sub_unit_i.gen_cg_word_iter[30].cg_i.clk_o (net)
                  7.11    0.00  124.00 ^ gen_decoderX_units[0].decoder/gen_decoders[0].sub_unit_decoder/lut/_39695_/CLK (DHLx1_ASAP7_75t_R)
                          0.15  124.15   clock reconvergence pessimism
                        239.85  363.99   time borrowed from endpoint
                                363.99   data required time
-----------------------------------------------------------------------------
                                363.99   data required time
                               -363.99   data arrival time
-----------------------------------------------------------------------------
                                  0.00   slack (MET)

Time Borrowing Information
--------------------------------------------
clk_i nominal pulse width            1500.00
clock latency difference               -3.40
library setup time                    -11.72
--------------------------------------------
CRPR difference                        -0.00
max time borrow                      1484.88
--------------------------------------------
actual time borrow                    239.85
open edge CRPR                          0.15
--------------------------------------------
time given to startpoint              240.00
--------------------------------------------



==========================================================================
finish report_checks -unconstrained
--------------------------------------------------------------------------
Startpoint: rst_ni (input port clocked by clk_i)
Endpoint: gen_decoderX_units[0].decoder/gen_decoders[0].sub_unit_decoder/fp_adder/adder/_3820_
          (recovery check against rising-edge clock clk_i')
Path Group: **async_default**
Path Type: max

Fanout     Cap    Slew   Delay    Time   Description
-----------------------------------------------------------------------------
                          0.00    0.00   clock clk_i (rise edge)
                          0.00    0.00   clock network delay (propagated)
                        300.00  300.00 ^ input external delay
                  0.00    0.00  300.00 ^ rst_ni (in)
     1    2.60                           rst_ni (net)
                  0.00    0.00  300.00 ^ input260/A (BUFx12f_ASAP7_75t_R)
                 12.25   13.02  313.02 ^ input260/Y (BUFx12f_ASAP7_75t_R)
     3   14.78                           net260 (net)
                 12.25    0.00  313.02 ^ max_length1290/A (BUFx16f_ASAP7_75t_R)
                 14.10   19.10  332.12 ^ max_length1290/Y (BUFx16f_ASAP7_75t_R)
     4   20.17                           net1290 (net)
                 14.10    0.00  332.12 ^ load_slew1289/A (BUFx16f_ASAP7_75t_R)
                 32.89   27.61  359.73 ^ load_slew1289/Y (BUFx16f_ASAP7_75t_R)
     7   58.37                           net1289 (net)
                 32.89    0.00  359.73 ^ gen_decoderX_units[0].decoder/gen_decoders[0].sub_unit_decoder/_362_/A (CKINVDCx20_ASAP7_75t_R)
                 52.17   30.64  390.37 v gen_decoderX_units[0].decoder/gen_decoders[0].sub_unit_decoder/_362_/Y (CKINVDCx20_ASAP7_75t_R)
   150  123.82                           gen_decoderX_units[0].decoder/gen_decoders[0].sub_unit_decoder/_001_ (net)
                 52.17    0.00  390.37 v gen_decoderX_units[0].decoder/gen_decoders[0].sub_unit_decoder/fp_adder/adder/_3820_/RESET (ASYNC_DFFHx1_ASAP7_75t_R)
                                390.37   data arrival time

                       1500.00 1500.00   clock clk_i' (rise edge)
                          0.00 1500.00   clock source latency
                  0.00    0.00 1500.00 v clk_i (in)
     1    1.03                           clk_i (net)
                  0.00    0.00 1500.00 v clkbuf_0_clk_i/A (BUFx12_ASAP7_75t_R)
                  6.34   14.10 1514.10 v clkbuf_0_clk_i/Y (BUFx12_ASAP7_75t_R)
     2    1.46                           clknet_0_clk_i (net)
                  6.34    0.00 1514.10 v clkbuf_1_0_0_clk_i/A (BUFx8_ASAP7_75t_R)
                  6.62   16.59 1530.69 v clkbuf_1_0_0_clk_i/Y (BUFx8_ASAP7_75t_R)
     2    1.46                           clknet_1_0_0_clk_i (net)
                  6.62    0.00 1530.69 v clkbuf_2_1_0_clk_i/A (BUFx8_ASAP7_75t_R)
                 13.81   21.54 1552.23 v clkbuf_2_1_0_clk_i/Y (BUFx8_ASAP7_75t_R)
    12   12.31                           clknet_2_1_0_clk_i (net)
                 13.81    0.00 1552.23 v clkbuf_leaf_32_clk_i/A (BUFx12_ASAP7_75t_R)
                 11.74   22.38 1574.61 v clkbuf_leaf_32_clk_i/Y (BUFx12_ASAP7_75t_R)
    30   12.04                           clknet_leaf_32_clk_i (net)
                 11.74    0.00 1574.61 v net1748_61/A (INVx1_ASAP7_75t_R)
                  6.37    5.96 1580.58 ^ net1748_61/Y (INVx1_ASAP7_75t_R)
     1    0.40                           net1757 (net)
                  6.37    0.00 1580.58 ^ gen_decoderX_units[0].decoder/gen_decoders[0].sub_unit_decoder/fp_adder/adder/_3820_/CLK (ASYNC_DFFHx1_ASAP7_75t_R)
                          0.00 1580.58   clock reconvergence pessimism
                         28.33 1608.90   library recovery time
                               1608.90   data required time
-----------------------------------------------------------------------------
                               1608.90   data required time
                               -390.37   data arrival time
-----------------------------------------------------------------------------
                               1218.53   slack (MET)


Startpoint: gen_decoderX_units[0].decoder/gen_decoders[0].sub_unit_decoder/lut/_39490_
            (negative level-sensitive latch clocked by clk_i)
Endpoint: gen_decoderX_units[0].decoder/gen_decoders[0].sub_unit_decoder/lut/_32004_
          (rising clock gating-check end-point clocked by clk_i)
Path Group: **clock_gating_default**
Path Type: max

Fanout     Cap    Slew   Delay    Time   Description
-----------------------------------------------------------------------------
                       1500.00 1500.00   clock clk_i (fall edge)
                          0.00 1500.00   clock source latency
                  0.00    0.00 1500.00 v clk_i (in)
     1    1.34                           clk_i (net)
                  0.00    0.00 1500.00 v clkbuf_0_clk_i/A (BUFx12_ASAP7_75t_R)
                  6.55   14.25 1514.25 v clkbuf_0_clk_i/Y (BUFx12_ASAP7_75t_R)
     2    1.88                           clknet_0_clk_i (net)
                  6.55    0.00 1514.25 v clkbuf_1_0_0_clk_i/A (BUFx8_ASAP7_75t_R)
                  6.90   16.85 1531.10 v clkbuf_1_0_0_clk_i/Y (BUFx8_ASAP7_75t_R)
     2    1.88                           clknet_1_0_0_clk_i (net)
                  6.90    0.00 1531.10 v clkbuf_2_0_0_clk_i/A (BUFx8_ASAP7_75t_R)
                 16.24   23.02 1554.12 v clkbuf_2_0_0_clk_i/Y (BUFx8_ASAP7_75t_R)
    12   16.03                           clknet_2_0_0_clk_i (net)
                 16.24    0.00 1554.12 v clkbuf_opt_1_0_clk_i/A (BUFx12_ASAP7_75t_R)
                  6.31   19.48 1573.60 v clkbuf_opt_1_0_clk_i/Y (BUFx12_ASAP7_75t_R)
     1    1.34                           clknet_opt_1_0_clk_i (net)
                  6.31    0.00 1573.60 v clkbuf_opt_1_1_clk_i/A (BUFx12_ASAP7_75t_R)
                  6.27   16.11 1589.71 v clkbuf_opt_1_1_clk_i/Y (BUFx12_ASAP7_75t_R)
     1    1.34                           clknet_opt_1_1_clk_i (net)
                  6.27    0.00 1589.71 v clkbuf_opt_1_2_clk_i/A (BUFx12_ASAP7_75t_R)
                  6.27   16.09 1605.80 v clkbuf_opt_1_2_clk_i/Y (BUFx12_ASAP7_75t_R)
     1    1.34                           clknet_opt_1_2_clk_i (net)
                  6.27    0.00 1605.80 v clkbuf_leaf_0_clk_i/A (BUFx12_ASAP7_75t_R)
                 15.19   21.85 1627.66 v clkbuf_leaf_0_clk_i/Y (BUFx12_ASAP7_75t_R)
    30   19.01                           clknet_leaf_0_clk_i (net)
                 15.19    0.00 1627.66 v gen_decoderX_units[0].decoder/gen_decoders[0].sub_unit_decoder/lut/_32002_/A (AND2x2_ASAP7_75t_R)
                  8.86   20.17 1647.83 v gen_decoderX_units[0].decoder/gen_decoders[0].sub_unit_decoder/lut/_32002_/Y (AND2x2_ASAP7_75t_R)
     1    1.34                           gen_decoderX_units[0].decoder/gen_decoders[0].sub_unit_decoder/lut/gen_sub_units_scm[5].sub_unit_i.cg_we_global.clk_o (net)
                  8.86    0.00 1647.83 v clkbuf_0_gen_decoderX_units[0].decoder/gen_decoders[0].sub_unit_decoder/lut/gen_sub_units_scm[5].sub_unit_i.cg_we_global.clk_o/A (BUFx12_ASAP7_75t_R)
                  8.31   18.35 1666.18 v clkbuf_0_gen_decoderX_units[0].decoder/gen_decoders[0].sub_unit_decoder/lut/gen_sub_units_scm[5].sub_unit_i.cg_we_global.clk_o/Y (BUFx12_ASAP7_75t_R)
     4    5.34                           clknet_0_gen_decoderX_units[0].decoder/gen_decoders[0].sub_unit_decoder/lut/gen_sub_units_scm[5].sub_unit_i.cg_we_global.clk_o (net)
                  8.31    0.00 1666.18 v clkbuf_2_3__f_gen_decoderX_units[0].decoder/gen_decoders[0].sub_unit_decoder/lut/gen_sub_units_scm[5].sub_unit_i.cg_we_global.clk_o/A (BUFx12_ASAP7_75t_R)
                  8.54   18.33 1684.52 v clkbuf_2_3__f_gen_decoderX_units[0].decoder/gen_decoders[0].sub_unit_decoder/lut/gen_sub_units_scm[5].sub_unit_i.cg_we_global.clk_o/Y (BUFx12_ASAP7_75t_R)
    11    5.79                           clknet_2_3__leaf_gen_decoderX_units[0].decoder/gen_decoders[0].sub_unit_decoder/lut/gen_sub_units_scm[5].sub_unit_i.cg_we_global.clk_o (net)
                  8.54    0.00 1684.52 v gen_decoderX_units[0].decoder/gen_decoders[0].sub_unit_decoder/lut/_39490_/CLK (DLLx1_ASAP7_75t_R)
                  7.64   29.98 1714.50 v gen_decoderX_units[0].decoder/gen_decoders[0].sub_unit_decoder/lut/_39490_/Q (DLLx1_ASAP7_75t_R)
     1    0.59                           gen_decoderX_units[0].decoder/gen_decoders[0].sub_unit_decoder/lut/gen_sub_units_scm[5].sub_unit_i.gen_cg_word_iter[30].cg_i.en_latch (net)
                  7.64    0.00 1714.50 v gen_decoderX_units[0].decoder/gen_decoders[0].sub_unit_decoder/lut/_32004_/C (AND3x1_ASAP7_75t_R)
                               1714.50   data arrival time

                       3000.00 3000.00   clock clk_i (rise edge)
                          0.00 3000.00   clock source latency
                  0.00    0.00 3000.00 ^ clk_i (in)
     1    1.03                           clk_i (net)
                  0.00    0.00 3000.00 ^ clkbuf_0_clk_i/A (BUFx12_ASAP7_75t_R)
                  6.30   13.32 3013.32 ^ clkbuf_0_clk_i/Y (BUFx12_ASAP7_75t_R)
     2    1.46                           clknet_0_clk_i (net)
                  6.30    0.00 3013.32 ^ clkbuf_1_0_0_clk_i/A (BUFx8_ASAP7_75t_R)
                  6.64   15.69 3029.01 ^ clkbuf_1_0_0_clk_i/Y (BUFx8_ASAP7_75t_R)
     2    1.46                           clknet_1_0_0_clk_i (net)
                  6.64    0.00 3029.01 ^ clkbuf_2_0_0_clk_i/A (BUFx8_ASAP7_75t_R)
                 15.26   20.86 3049.87 ^ clkbuf_2_0_0_clk_i/Y (BUFx8_ASAP7_75t_R)
    12   12.36                           clknet_2_0_0_clk_i (net)
                 15.26    0.00 3049.87 ^ clkbuf_leaf_45_clk_i/A (BUFx12_ASAP7_75t_R)
                  9.71   20.05 3069.91 ^ clkbuf_leaf_45_clk_i/Y (BUFx12_ASAP7_75t_R)
    19    7.24                           clknet_leaf_45_clk_i (net)
                  9.71    0.00 3069.91 ^ gen_decoderX_units[0].decoder/gen_decoders[0].sub_unit_decoder/lut/_32004_/A (AND3x1_ASAP7_75t_R)
                          1.89 3071.80   clock reconvergence pessimism
                          0.00 3071.80   clock gating setup time
                               3071.80   data required time
-----------------------------------------------------------------------------
                               3071.80   data required time
                               -1714.50   data arrival time
-----------------------------------------------------------------------------
                               1357.30   slack (MET)


Startpoint: gen_decoderX_units[0].decoder/gen_decoders[0].sub_unit_decoder/lut/_45498_
            (rising edge-triggered flip-flop clocked by clk_i)
Endpoint: gen_decoderX_units[0].decoder/gen_decoders[0].sub_unit_decoder/lut/_39695_
          (positive level-sensitive latch clocked by clk_i)
Path Group: clk_i
Path Type: max

Fanout     Cap    Slew   Delay    Time   Description
-----------------------------------------------------------------------------
                          0.00    0.00   clock clk_i (rise edge)
                          0.00    0.00   clock source latency
                  0.00    0.00    0.00 ^ clk_i (in)
     1    1.33                           clk_i (net)
                  0.00    0.00    0.00 ^ clkbuf_0_clk_i/A (BUFx12_ASAP7_75t_R)
                  6.54   13.47   13.47 ^ clkbuf_0_clk_i/Y (BUFx12_ASAP7_75t_R)
     2    1.88                           clknet_0_clk_i (net)
                  6.54    0.00   13.47 ^ clkbuf_1_1_0_clk_i/A (BUFx8_ASAP7_75t_R)
                  6.97   15.96   29.43 ^ clkbuf_1_1_0_clk_i/Y (BUFx8_ASAP7_75t_R)
     2    1.88                           clknet_1_1_0_clk_i (net)
                  6.97    0.00   29.43 ^ clkbuf_2_2_0_clk_i/A (BUFx8_ASAP7_75t_R)
                 16.03   21.35   50.78 ^ clkbuf_2_2_0_clk_i/Y (BUFx8_ASAP7_75t_R)
    10   13.33                           clknet_2_2_0_clk_i (net)
                 16.03    0.00   50.78 ^ clkbuf_leaf_13_clk_i/A (BUFx12_ASAP7_75t_R)
                 16.33   24.01   74.79 ^ clkbuf_leaf_13_clk_i/Y (BUFx12_ASAP7_75t_R)
    30   18.74                           clknet_leaf_13_clk_i (net)
                 16.33    0.00   74.79 ^ gen_decoderX_units[0].decoder/gen_decoders[0].sub_unit_decoder/lut/_32435_/A (AND2x2_ASAP7_75t_R)
                  9.44   18.97   93.76 ^ gen_decoderX_units[0].decoder/gen_decoders[0].sub_unit_decoder/lut/_32435_/Y (AND2x2_ASAP7_75t_R)
     1    1.33                           gen_decoderX_units[0].decoder/gen_decoders[0].sub_unit_decoder/lut/cg_we_global.clk_o (net)
                  9.44    0.00   93.76 ^ clkbuf_0_gen_decoderX_units[0].decoder/gen_decoders[0].sub_unit_decoder/lut/cg_we_global.clk_o/A (BUFx12_ASAP7_75t_R)
                  7.00   16.56  110.33 ^ clkbuf_0_gen_decoderX_units[0].decoder/gen_decoders[0].sub_unit_decoder/lut/cg_we_global.clk_o/Y (BUFx12_ASAP7_75t_R)
     2    2.67                           clknet_0_gen_decoderX_units[0].decoder/gen_decoders[0].sub_unit_decoder/lut/cg_we_global.clk_o (net)
                  7.00    0.00  110.33 ^ clkbuf_1_0__f_gen_decoderX_units[0].decoder/gen_decoders[0].sub_unit_decoder/lut/cg_we_global.clk_o/A (BUFx12_ASAP7_75t_R)
                  7.86   16.37  126.70 ^ clkbuf_1_0__f_gen_decoderX_units[0].decoder/gen_decoders[0].sub_unit_decoder/lut/cg_we_global.clk_o/Y (BUFx12_ASAP7_75t_R)
     8    4.15                           clknet_1_0__leaf_gen_decoderX_units[0].decoder/gen_decoders[0].sub_unit_decoder/lut/cg_we_global.clk_o (net)
                  7.86    0.00  126.70 ^ gen_decoderX_units[0].decoder/gen_decoders[0].sub_unit_decoder/lut/_45498_/CLK (ASYNC_DFFHx1_ASAP7_75t_R)
                 92.43   82.28  208.98 ^ gen_decoderX_units[0].decoder/gen_decoders[0].sub_unit_decoder/lut/_45498_/QN (ASYNC_DFFHx1_ASAP7_75t_R)
     2   14.30                           gen_decoderX_units[0].decoder/gen_decoders[0].sub_unit_decoder/lut/_00002_ (net)
                 92.43    0.00  208.98 ^ gen_decoderX_units[0].decoder/gen_decoders[0].sub_unit_decoder/lut/_32477_/A (CKINVDCx20_ASAP7_75t_R)
                 33.36   24.80  233.79 v gen_decoderX_units[0].decoder/gen_decoders[0].sub_unit_decoder/lut/_32477_/Y (CKINVDCx20_ASAP7_75t_R)
    65   45.98                           gen_decoderX_units[0].decoder/gen_decoders[0].sub_unit_decoder/lut/gen_sub_units_scm[0].sub_unit_i.wdata_a_i[13] (net)
                 33.36    0.00  233.79 v load_slew1197/A (BUFx16f_ASAP7_75t_R)
                 22.15   29.78  263.56 v load_slew1197/Y (BUFx16f_ASAP7_75t_R)
    62   40.17                           net1197 (net)
                 22.15    0.00  263.56 v load_slew1196/A (BUFx16f_ASAP7_75t_R)
                 15.97   24.16  287.72 v load_slew1196/Y (BUFx16f_ASAP7_75t_R)
    40   26.62                           net1196 (net)
                 15.97    0.00  287.72 v max_length1195/A (BUFx16f_ASAP7_75t_R)
                 21.40   24.81  312.53 v max_length1195/Y (BUFx16f_ASAP7_75t_R)
    61   39.55                           net1195 (net)
                 21.40    0.00  312.53 v load_slew1194/A (BUFx16f_ASAP7_75t_R)
                 23.61   27.43  339.96 v load_slew1194/Y (BUFx16f_ASAP7_75t_R)
    69   44.48                           net1194 (net)
                 23.61    0.00  339.96 v load_slew1193/A (BUFx16f_ASAP7_75t_R)
                 14.92   24.04  363.99 v load_slew1193/Y (BUFx16f_ASAP7_75t_R)
    39   24.02                           net1193 (net)
                 14.92    0.00  363.99 v gen_decoderX_units[0].decoder/gen_decoders[0].sub_unit_decoder/lut/_39695_/D (DHLx1_ASAP7_75t_R)
                                363.99   data arrival time

                          0.00    0.00   clock clk_i (rise edge)
                          0.00    0.00   clock source latency
                  0.00    0.00    0.00 ^ clk_i (in)
     1    1.03                           clk_i (net)
                  0.00    0.00    0.00 ^ clkbuf_0_clk_i/A (BUFx12_ASAP7_75t_R)
                  6.30   13.32   13.32 ^ clkbuf_0_clk_i/Y (BUFx12_ASAP7_75t_R)
     2    1.46                           clknet_0_clk_i (net)
                  6.30    0.00   13.32 ^ clkbuf_1_0_0_clk_i/A (BUFx8_ASAP7_75t_R)
                  6.64   15.69   29.01 ^ clkbuf_1_0_0_clk_i/Y (BUFx8_ASAP7_75t_R)
     2    1.46                           clknet_1_0_0_clk_i (net)
                  6.64    0.00   29.01 ^ clkbuf_2_0_0_clk_i/A (BUFx8_ASAP7_75t_R)
                 15.26   20.86   49.87 ^ clkbuf_2_0_0_clk_i/Y (BUFx8_ASAP7_75t_R)
    12   12.36                           clknet_2_0_0_clk_i (net)
                 15.26    0.00   49.87 ^ clkbuf_leaf_45_clk_i/A (BUFx12_ASAP7_75t_R)
                  9.71   20.05   69.91 ^ clkbuf_leaf_45_clk_i/Y (BUFx12_ASAP7_75t_R)
    19    7.24                           clknet_leaf_45_clk_i (net)
                  9.71    0.00   69.91 ^ gen_decoderX_units[0].decoder/gen_decoders[0].sub_unit_decoder/lut/_32004_/A (AND3x1_ASAP7_75t_R)
                 12.51   20.97   90.89 ^ gen_decoderX_units[0].decoder/gen_decoders[0].sub_unit_decoder/lut/_32004_/Y (AND3x1_ASAP7_75t_R)
     1    1.03                           gen_decoderX_units[0].decoder/gen_decoders[0].sub_unit_decoder/lut/gen_sub_units_scm[5].sub_unit_i.gen_cg_word_iter[30].cg_i.clk_o (net)
                 12.51    0.00   90.89 ^ clkbuf_0_gen_decoderX_units[0].decoder/gen_decoders[0].sub_unit_decoder/lut/gen_sub_units_scm[5].sub_unit_i.gen_cg_word_iter[30].cg_i.clk_o/A (BUFx12_ASAP7_75t_R)
                  6.67   17.31  108.19 ^ clkbuf_0_gen_decoderX_units[0].decoder/gen_decoders[0].sub_unit_decoder/lut/gen_sub_units_scm[5].sub_unit_i.gen_cg_word_iter[30].cg_i.clk_o/Y (BUFx12_ASAP7_75t_R)
     2    2.06                           clknet_0_gen_decoderX_units[0].decoder/gen_decoders[0].sub_unit_decoder/lut/gen_sub_units_scm[5].sub_unit_i.gen_cg_word_iter[30].cg_i.clk_o (net)
                  6.67    0.00  108.19 ^ clkbuf_1_0__f_gen_decoderX_units[0].decoder/gen_decoders[0].sub_unit_decoder/lut/gen_sub_units_scm[5].sub_unit_i.gen_cg_word_iter[30].cg_i.clk_o/A (BUFx12_ASAP7_75t_R)
                  7.11   15.81  124.00 ^ clkbuf_1_0__f_gen_decoderX_units[0].decoder/gen_decoders[0].sub_unit_decoder/lut/gen_sub_units_scm[5].sub_unit_i.gen_cg_word_iter[30].cg_i.clk_o/Y (BUFx12_ASAP7_75t_R)
     7    2.85                           clknet_1_0__leaf_gen_decoderX_units[0].decoder/gen_decoders[0].sub_unit_decoder/lut/gen_sub_units_scm[5].sub_unit_i.gen_cg_word_iter[30].cg_i.clk_o (net)
                  7.11    0.00  124.00 ^ gen_decoderX_units[0].decoder/gen_decoders[0].sub_unit_decoder/lut/_39695_/CLK (DHLx1_ASAP7_75t_R)
                          0.15  124.15   clock reconvergence pessimism
                        239.85  363.99   time borrowed from endpoint
                                363.99   data required time
-----------------------------------------------------------------------------
                                363.99   data required time
                               -363.99   data arrival time
-----------------------------------------------------------------------------
                                  0.00   slack (MET)

Time Borrowing Information
--------------------------------------------
clk_i nominal pulse width            1500.00
clock latency difference               -3.40
library setup time                    -11.72
--------------------------------------------
CRPR difference                        -0.00
max time borrow                      1484.88
--------------------------------------------
actual time borrow                    239.85
open edge CRPR                          0.15
--------------------------------------------
time given to startpoint              240.00
--------------------------------------------



==========================================================================
finish report_check_types -max_slew -max_cap -max_fanout -violators
--------------------------------------------------------------------------

==========================================================================
finish max_slew_check_slack
--------------------------------------------------------------------------
57.748443603515625

==========================================================================
finish max_slew_check_limit
--------------------------------------------------------------------------
320.0

==========================================================================
finish max_slew_check_slack_limit
--------------------------------------------------------------------------
0.1805

==========================================================================
finish max_fanout_check_slack
--------------------------------------------------------------------------
1.0000000150474662e+30

==========================================================================
finish max_fanout_check_limit
--------------------------------------------------------------------------
1.0000000150474662e+30

==========================================================================
finish max_capacitance_check_slack
--------------------------------------------------------------------------
8.934521675109863

==========================================================================
finish max_capacitance_check_limit
--------------------------------------------------------------------------
23.040000915527344

==========================================================================
finish max_capacitance_check_slack_limit
--------------------------------------------------------------------------
0.3878

==========================================================================
finish max_slew_violation_count
--------------------------------------------------------------------------
max slew violation count 0

==========================================================================
finish max_fanout_violation_count
--------------------------------------------------------------------------
max fanout violation count 0

==========================================================================
finish max_cap_violation_count
--------------------------------------------------------------------------
max cap violation count 0

==========================================================================
finish setup_violation_count
--------------------------------------------------------------------------
setup violation count 1

==========================================================================
finish hold_violation_count
--------------------------------------------------------------------------
hold violation count 1

==========================================================================
finish critical path delay
--------------------------------------------------------------------------
363.9942

==========================================================================
finish critical path slack
--------------------------------------------------------------------------
0.0000

==========================================================================
finish slack div critical path delay
--------------------------------------------------------------------------
0.000000

==========================================================================
finish report_power
--------------------------------------------------------------------------
Group                  Internal  Switching    Leakage      Total
                          Power      Power      Power      Power (Watts)
----------------------------------------------------------------
Sequential             4.79e-03   2.32e-04   1.66e-06   5.03e-03  27.2%
Combinational          8.84e-03   4.58e-03   6.20e-06   1.34e-02  72.8%
Macro                  0.00e+00   0.00e+00   0.00e+00   0.00e+00   0.0%
Pad                    0.00e+00   0.00e+00   0.00e+00   0.00e+00   0.0%
----------------------------------------------------------------
Total                  1.36e-02   4.81e-03   7.86e-06   1.85e-02 100.0%
                          73.9%      26.1%       0.0%

==========================================================================
finish report_design_area
--------------------------------------------------------------------------
Design area 8900 u^2 46% utilization.

Fontconfig error: Cannot load default config file: No such file: (null)
This plugin does not support propagateSizeHints()
[WARNING GUI-0010] File path does not end with a valid extension, new path is: ./reports/asap7/halut_matmul/base/final_routing.webp.png
[WARNING GUI-0010] File path does not end with a valid extension, new path is: ./reports/asap7/halut_matmul/base/final_placement.webp.png
This plugin does not support propagateSizeHints()
[WARNING GUI-0010] File path does not end with a valid extension, new path is: ./reports/asap7/halut_matmul/base/final_clocks.webp.png
This plugin does not support propagateSizeHints()
This plugin does not support propagateSizeHints()
[WARNING GUI-0010] File path does not end with a valid extension, new path is: ./reports/asap7/halut_matmul/base/final_resizer.webp.png
This plugin does not support propagateSizeHints()
This plugin does not support propagateSizeHints()
Elapsed time: 1:10.92[h:]min:sec. CPU time: user 68.78 sys 2.08 (99%). Peak memory: 3887900KB.
