OpenROAD b7631451350809842e4fb0c635c3f3ed7f6b270f 
This program is licensed under the BSD-3 license. See the LICENSE file for details.
Components of this program may be licensed under more restrictive licenses which must be honored.
[INFO GPL-0002] DBU: 1000
[INFO GPL-0003] SiteSize: 54 270
[INFO GPL-0004] CoreAreaLxLy: 2052 2160
[INFO GPL-0005] CoreAreaUxUy: 105948 105840
[INFO GPL-0006] NumInstances: 30357
[INFO GPL-0007] NumPlaceInstances: 28817
[INFO GPL-0008] NumFixedInstances: 1540
[INFO GPL-0009] NumDummyInstances: 0
[INFO GPL-0010] NumNets: 29172
[INFO GPL-0011] NumPins: 94688
[INFO GPL-0012] DieAreaLxLy: 0 0
[INFO GPL-0013] DieAreaUxUy: 108001 108001
[INFO GPL-0014] CoreAreaLxLy: 2052 2160
[INFO GPL-0015] CoreAreaUxUy: 105948 105840
[INFO GPL-0016] CoreArea: 10771937280
[INFO GPL-0017] NonPlaceInstsArea: 44906400
[INFO GPL-0018] PlaceInstsArea: 5850793620
[INFO GPL-0019] Util(%): 54.54
[INFO GPL-0020] StdInstsArea: 5850793620
[INFO GPL-0021] MacroInstsArea: 0
[InitialPlace]  Iter: 1 CG residual: 0.00040713 HPWL: 104525040
[InitialPlace]  Iter: 2 CG residual: 0.00023835 HPWL: 45840069
[InitialPlace]  Iter: 3 CG residual: 0.00013467 HPWL: 43489844
[InitialPlace]  Iter: 4 CG residual: 0.00002565 HPWL: 42458658
[InitialPlace]  Iter: 5 CG residual: 0.00001757 HPWL: 42083211
[InitialPlace]  Iter: 6 CG residual: 0.00001090 HPWL: 41881373
[InitialPlace]  Iter: 7 CG residual: 0.00004148 HPWL: 41701504
[InitialPlace]  Iter: 8 CG residual: 0.00001663 HPWL: 41541424
[InitialPlace]  Iter: 9 CG residual: 0.00001384 HPWL: 41402274
[InitialPlace]  Iter: 10 CG residual: 0.00002221 HPWL: 41281394
[InitialPlace]  Iter: 11 CG residual: 0.00002260 HPWL: 41213044
[InitialPlace]  Iter: 12 CG residual: 0.00000561 HPWL: 41129897
[INFO GPL-0031] FillerInit: NumGCells: 31715
[INFO GPL-0032] FillerInit: NumGNets: 29172
[INFO GPL-0033] FillerInit: NumGPins: 94688
[INFO GPL-0023] TargetDensity: 0.60
[INFO GPL-0024] AveragePlaceInstArea: 203032
[INFO GPL-0025] IdealBinArea: 338387
[INFO GPL-0026] IdealBinCnt: 31833
[INFO GPL-0027] TotalBinArea: 10771937280
[INFO GPL-0028] BinCnt: 128 128
[INFO GPL-0029] BinSize: 812 810
[INFO GPL-0030] NumBins: 16384
[NesterovSolve] Iter: 1 overflow: 0.968725 HPWL: 16985340
[NesterovSolve] Iter: 10 overflow: 0.959712 HPWL: 18734954
[NesterovSolve] Iter: 20 overflow: 0.953734 HPWL: 20155134
[NesterovSolve] Iter: 30 overflow: 0.951817 HPWL: 20931671
[NesterovSolve] Iter: 40 overflow: 0.951738 HPWL: 21019879
[NesterovSolve] Iter: 50 overflow: 0.952217 HPWL: 20661972
[NesterovSolve] Iter: 60 overflow: 0.952069 HPWL: 20379502
[NesterovSolve] Iter: 70 overflow: 0.951278 HPWL: 20385237
[NesterovSolve] Iter: 80 overflow: 0.950856 HPWL: 20483732
[NesterovSolve] Iter: 90 overflow: 0.950518 HPWL: 20503539
[NesterovSolve] Iter: 100 overflow: 0.950003 HPWL: 20452522
[NesterovSolve] Iter: 110 overflow: 0.949808 HPWL: 20398347
[NesterovSolve] Iter: 120 overflow: 0.949119 HPWL: 20406166
[NesterovSolve] Iter: 130 overflow: 0.948666 HPWL: 20481172
[NesterovSolve] Iter: 140 overflow: 0.947949 HPWL: 20611758
[NesterovSolve] Iter: 150 overflow: 0.947058 HPWL: 20839326
[NesterovSolve] Iter: 160 overflow: 0.946106 HPWL: 21275840
[NesterovSolve] Iter: 170 overflow: 0.945138 HPWL: 22195663
[NesterovSolve] Iter: 180 overflow: 0.942317 HPWL: 24046188
[NesterovSolve] Iter: 190 overflow: 0.936947 HPWL: 26891874
[NesterovSolve] Iter: 200 overflow: 0.930152 HPWL: 29142685
[NesterovSolve] Iter: 210 overflow: 0.923493 HPWL: 31334633
[NesterovSolve] Iter: 220 overflow: 0.913095 HPWL: 35012095
[NesterovSolve] Iter: 230 overflow: 0.896374 HPWL: 39388119
[NesterovSolve] Iter: 240 overflow: 0.875424 HPWL: 43824951
[NesterovSolve] Iter: 250 overflow: 0.851586 HPWL: 48297631
[NesterovSolve] Iter: 260 overflow: 0.821985 HPWL: 52436026
[NesterovSolve] Iter: 270 overflow: 0.787562 HPWL: 56578889
[INFO GPL-0100] worst slack -2.08e-17
[INFO GPL-0103] Weighted 3408 nets.
[NesterovSolve] Iter: 280 overflow: 0.782165 HPWL: 60217914
[NesterovSolve] Iter: 290 overflow: 0.723823 HPWL: 65974924
[NesterovSolve] Iter: 300 overflow: 0.687523 HPWL: 69530885
[NesterovSolve] Iter: 310 overflow: 0.631232 HPWL: 75928624
[INFO GPL-0100] worst slack -1.67e-16
[INFO GPL-0103] Weighted 3408 nets.
[NesterovSolve] Snapshot saved at iter = 317
[NesterovSolve] Iter: 320 overflow: 0.590803 HPWL: 78995623
[NesterovSolve] Iter: 330 overflow: 0.530085 HPWL: 81769753
[INFO GPL-0100] worst slack -1.39e-17
[INFO GPL-0103] Weighted 3407 nets.
[NesterovSolve] Iter: 340 overflow: 0.473682 HPWL: 81823587
[NesterovSolve] Iter: 350 overflow: 0.408688 HPWL: 80644215
[NesterovSolve] Iter: 360 overflow: 0.350689 HPWL: 79791931
[NesterovSolve] Iter: 370 overflow: 0.31696 HPWL: 78292356
[INFO GPL-0100] worst slack -1.39e-17
[INFO GPL-0103] Weighted 3407 nets.
[NesterovSolve] Iter: 380 overflow: 0.279633 HPWL: 77290722
[NesterovSolve] Iter: 390 overflow: 0.248197 HPWL: 76901416
[NesterovSolve] Iter: 400 overflow: 0.220101 HPWL: 76133563
[INFO GPL-0100] worst slack -1.39e-17
[INFO GPL-0103] Weighted 3408 nets.
[INFO GPL-0075] Routability numCall: 1 inflationIterCnt: 1 bloatIterCnt: 0
[INFO GPL-0036] TileLxLy: 0 0
[INFO GPL-0037] TileSize: 540 540
[INFO GPL-0038] TileCnt: 200 200
[INFO GPL-0039] numRoutingLayers: 10
[INFO GPL-0040] NumTiles: 40000
[INFO GPL-0063] TotalRouteOverflowH2: 1.2818183898925781
[INFO GPL-0064] TotalRouteOverflowV2: 0.0
[INFO GPL-0065] OverflowTileCnt2: 6
[INFO GPL-0066] 0.5%RC: 1.002198659330862
[INFO GPL-0067] 1.0%RC: 1.0010993296654311
[INFO GPL-0068] 2.0%RC: 1.0005499006391645
[INFO GPL-0069] 5.0%RC: 1.000219979129894
[INFO GPL-0070] 0.5rcK: 1.0
[INFO GPL-0071] 1.0rcK: 1.0
[INFO GPL-0072] 2.0rcK: 0.0
[INFO GPL-0073] 5.0rcK: 0.0
[INFO GPL-0074] FinalRC: 1.001649
[NesterovSolve] Iter: 410 overflow: 0.19342 HPWL: 75687429
[NesterovSolve] Iter: 420 overflow: 0.169349 HPWL: 75232504
[NesterovSolve] Iter: 430 overflow: 0.146879 HPWL: 74879795
[INFO GPL-0100] worst slack -1.53e-16
[INFO GPL-0103] Weighted 3408 nets.
[NesterovSolve] Iter: 440 overflow: 0.128052 HPWL: 74655754
[NesterovSolve] Iter: 450 overflow: 0.10937 HPWL: 74574274
[NesterovSolve] Finished with Overflow: 0.099112

==========================================================================
global place report_tns
--------------------------------------------------------------------------
tns -135963.47

==========================================================================
global place report_wns
--------------------------------------------------------------------------
wns -16390.59

==========================================================================
global place report_worst_slack
--------------------------------------------------------------------------
worst slack -16390.59

==========================================================================
global place report_clock_skew
--------------------------------------------------------------------------
Clock clk_i
Latency      CRPR       Skew
gen_encoder_units[3].encoder_unit/threshold_memory/_11210_/CLK ^
 221.37
gen_encoder_units[3].encoder_unit/_764_/CLK ^
   0.00      0.00     221.37


==========================================================================
global place report_checks -path_delay min
--------------------------------------------------------------------------
Startpoint: rst_ni (input port clocked by clk_i)
Endpoint: gen_encoder_units[1].encoder_unit/_713_
          (removal check against rising-edge clock clk_i)
Path Group: **async_default**
Path Type: min

Fanout     Cap    Slew   Delay    Time   Description
-----------------------------------------------------------------------------
                  0.00    0.00    0.00   clock clk_i (rise edge)
                          0.00    0.00   clock network delay (ideal)
                        150.00  150.00 ^ input external delay
                  0.00    0.00  150.00 ^ rst_ni (in)
   407  503.83                           rst_ni (net)
                 76.88   24.25  174.25 ^ gen_encoder_units[1].encoder_unit/_713_/SETN (DFFASRHQNx1_ASAP7_75t_R)
                                174.25   data arrival time

                  0.00    0.00    0.00   clock clk_i (rise edge)
                          0.00    0.00   clock network delay (ideal)
                          0.00    0.00   clock reconvergence pessimism
                                  0.00 ^ gen_encoder_units[1].encoder_unit/_713_/CLK (DFFASRHQNx1_ASAP7_75t_R)
                         17.92   17.92   library removal time
                                 17.92   data required time
-----------------------------------------------------------------------------
                                 17.92   data required time
                               -174.25   data arrival time
-----------------------------------------------------------------------------
                                156.33   slack (MET)


Startpoint: gen_encoder_units[0].encoder_unit/threshold_memory/_09734_
            (negative level-sensitive latch clocked by clk_i)
Endpoint: gen_encoder_units[0].encoder_unit/threshold_memory/_09510_
          (rising clock gating-check end-point clocked by clk_i)
Path Group: **clock_gating_default**
Path Type: min

Fanout     Cap    Slew   Delay    Time   Description
-----------------------------------------------------------------------------
                  0.00  750.00  750.00   clock clk_i (fall edge)
                          0.00  750.00   clock network delay (ideal)
                  0.00    0.00  750.00 v gen_encoder_units[0].encoder_unit/threshold_memory/_09734_/CLK (DLLx1_ASAP7_75t_R)
                 10.61   25.56  775.56 ^ gen_encoder_units[0].encoder_unit/threshold_memory/_09734_/Q (DLLx1_ASAP7_75t_R)
     1    0.53                           gen_encoder_units[0].encoder_unit/threshold_memory/cg_we_global.en_latch (net)
                 10.61    0.00  775.56 ^ gen_encoder_units[0].encoder_unit/threshold_memory/_09510_/B (AND2x2_ASAP7_75t_R)
                                775.56   data arrival time

                  0.00  750.00  750.00   clock clk_i (fall edge)
                          0.00  750.00   clock network delay (ideal)
                          0.00  750.00   clock reconvergence pessimism
                                750.00 v gen_encoder_units[0].encoder_unit/threshold_memory/_09510_/A (AND2x2_ASAP7_75t_R)
                          0.00  750.00   clock gating hold time
                                750.00   data required time
-----------------------------------------------------------------------------
                                750.00   data required time
                               -775.56   data arrival time
-----------------------------------------------------------------------------
                                 25.56   slack (MET)


Startpoint: gen_encoder_units[3].encoder_unit/_760_
            (rising edge-triggered flip-flop clocked by clk_i)
Endpoint: gen_encoder_units[3].encoder_unit/_760_
          (rising edge-triggered flip-flop clocked by clk_i)
Path Group: clk_i
Path Type: min

Fanout     Cap    Slew   Delay    Time   Description
-----------------------------------------------------------------------------
                  0.00    0.00    0.00   clock clk_i (rise edge)
                          0.00    0.00   clock network delay (ideal)
                  0.00    0.00    0.00 ^ gen_encoder_units[3].encoder_unit/_760_/CLK (DFFASRHQNx1_ASAP7_75t_R)
                 34.95   60.09   60.09 ^ gen_encoder_units[3].encoder_unit/_760_/QN (DFFASRHQNx1_ASAP7_75t_R)
     2    2.35                           gen_encoder_units[3].encoder_unit/_012_ (net)
                 34.95    0.06   60.15 ^ gen_encoder_units[3].encoder_unit/_731_/B (NAND2x1_ASAP7_75t_R)
                 12.80   11.50   71.65 v gen_encoder_units[3].encoder_unit/_731_/Y (NAND2x1_ASAP7_75t_R)
     1    0.58                           gen_encoder_units[3].encoder_unit/_088_ (net)
                 12.80    0.00   71.65 v gen_encoder_units[3].encoder_unit/_760_/D (DFFASRHQNx1_ASAP7_75t_R)
                                 71.65   data arrival time

                  0.00    0.00    0.00   clock clk_i (rise edge)
                          0.00    0.00   clock network delay (ideal)
                          0.00    0.00   clock reconvergence pessimism
                                  0.00 ^ gen_encoder_units[3].encoder_unit/_760_/CLK (DFFASRHQNx1_ASAP7_75t_R)
                          8.65    8.65   library hold time
                                  8.65   data required time
-----------------------------------------------------------------------------
                                  8.65   data required time
                                -71.65   data arrival time
-----------------------------------------------------------------------------
                                 63.01   slack (MET)



==========================================================================
global place report_checks -path_delay max
--------------------------------------------------------------------------
Startpoint: rst_ni (input port clocked by clk_i)
Endpoint: gen_encoder_units[3].encoder_unit/threshold_memory/_09721_
          (recovery check against rising-edge clock clk_i)
Path Group: **async_default**
Path Type: max

Fanout     Cap    Slew   Delay    Time   Description
-----------------------------------------------------------------------------
                  0.00    0.00    0.00   clock clk_i (rise edge)
                          0.00    0.00   clock network delay (ideal)
                        150.00  150.00 ^ input external delay
                  0.00    0.00  150.00 ^ rst_ni (in)
   407  503.83                           rst_ni (net)
               1418.42  447.46  597.46 ^ gen_encoder_units[3].encoder_unit/threshold_memory/_09721_/SETN (DFFASRHQNx1_ASAP7_75t_R)
                                597.46   data arrival time

                  0.00 1500.00 1500.00   clock clk_i (rise edge)
                          0.00 1500.00   clock network delay (ideal)
                          0.00 1500.00   clock reconvergence pessimism
                               1500.00 ^ gen_encoder_units[3].encoder_unit/threshold_memory/_09721_/CLK (DFFASRHQNx1_ASAP7_75t_R)
                       -190.04 1309.96   library recovery time
                               1309.96   data required time
-----------------------------------------------------------------------------
                               1309.96   data required time
                               -597.46   data arrival time
-----------------------------------------------------------------------------
                                712.50   slack (MET)


Startpoint: gen_encoder_units[3].encoder_unit/threshold_memory/_10857_
            (negative level-sensitive latch clocked by clk_i)
Endpoint: gen_encoder_units[3].encoder_unit/threshold_memory/_09624_
          (rising clock gating-check end-point clocked by clk_i)
Path Group: **clock_gating_default**
Path Type: max

Fanout     Cap    Slew   Delay    Time   Description
-----------------------------------------------------------------------------
                  0.00  750.00  750.00   clock clk_i (fall edge)
                          0.00  750.00   clock network delay (ideal)
                  0.00    0.00  750.00 v gen_encoder_units[3].encoder_unit/threshold_memory/_10857_/CLK (DLLx1_ASAP7_75t_R)
                263.51  136.12  886.12 ^ gen_encoder_units[3].encoder_unit/threshold_memory/_10857_/Q (DLLx1_ASAP7_75t_R)
    33   28.18                           gen_encoder_units[3].encoder_unit/threshold_memory/gen_sub_units_scm[2].sub_unit_i.cg_we_global.en_latch (net)
                263.61    2.97  889.09 ^ gen_encoder_units[3].encoder_unit/threshold_memory/_09624_/B (AND3x1_ASAP7_75t_R)
                                889.09   data arrival time

                  0.00 1500.00 1500.00   clock clk_i (rise edge)
                          0.00 1500.00   clock network delay (ideal)
                          0.00 1500.00   clock reconvergence pessimism
                               1500.00 ^ gen_encoder_units[3].encoder_unit/threshold_memory/_09624_/A (AND3x1_ASAP7_75t_R)
                          0.00 1500.00   clock gating setup time
                               1500.00   data required time
-----------------------------------------------------------------------------
                               1500.00   data required time
                               -889.09   data arrival time
-----------------------------------------------------------------------------
                                610.91   slack (MET)


Startpoint: gen_encoder_units[0].encoder_unit/_741_
            (rising edge-triggered flip-flop clocked by clk_i)
Endpoint: gen_encoder_units[0].encoder_unit/_751_
          (rising edge-triggered flip-flop clocked by clk_i)
Path Group: clk_i
Path Type: max

Fanout     Cap    Slew   Delay    Time   Description
-----------------------------------------------------------------------------
                  0.00    0.00    0.00   clock clk_i (rise edge)
                          0.00    0.00   clock network delay (ideal)
                  0.00    0.00    0.00 ^ gen_encoder_units[0].encoder_unit/_741_/CLK (DFFASRHQNx1_ASAP7_75t_R)
                 40.34   67.08   67.08 v gen_encoder_units[0].encoder_unit/_741_/QN (DFFASRHQNx1_ASAP7_75t_R)
     4    3.22                           gen_encoder_units[0].encoder_unit/_010_ (net)
                 40.34    0.01   67.09 v gen_encoder_units[0].encoder_unit/_401_/A (INVx1_ASAP7_75t_R)
               7308.68 2942.18 3009.27 ^ gen_encoder_units[0].encoder_unit/_401_/Y (INVx1_ASAP7_75t_R)
   520  775.76                           gen_encoder_units[0].encoder_unit/c_addr_int[0] (net)
               7335.15  254.80 3264.08 ^ gen_encoder_units[0].encoder_unit/threshold_memory/_04720_/A (INVx2_ASAP7_75t_R)
                  0.00 11548.54 14812.61 v gen_encoder_units[0].encoder_unit/threshold_memory/_04720_/Y (INVx2_ASAP7_75t_R)
   578  818.86                           gen_encoder_units[0].encoder_unit/threshold_memory/_00033_ (net)
                  0.00  287.07 15099.68 v gen_encoder_units[0].encoder_unit/threshold_memory/_04723_/A (NOR3x1_ASAP7_75t_R)
               2886.78 1207.36 16307.04 ^ gen_encoder_units[0].encoder_unit/threshold_memory/_04723_/Y (NOR3x1_ASAP7_75t_R)
   194  314.42                           gen_encoder_units[0].encoder_unit/threshold_memory/_00036_ (net)
               2890.15   58.13 16365.18 ^ gen_encoder_units[0].encoder_unit/threshold_memory/_05579_/B (NAND2x1_ASAP7_75t_R)
               1081.85 1042.33 17407.51 v gen_encoder_units[0].encoder_unit/threshold_memory/_05579_/Y (NAND2x1_ASAP7_75t_R)
    25   42.44                           gen_encoder_units[0].encoder_unit/threshold_memory/_00891_ (net)
               1081.99    7.57 17415.08 v gen_encoder_units[0].encoder_unit/threshold_memory/_07874_/A1 (OAI22x1_ASAP7_75t_R)
                142.56   94.60 17509.68 ^ gen_encoder_units[0].encoder_unit/threshold_memory/_07874_/Y (OAI22x1_ASAP7_75t_R)
     1    1.08                           gen_encoder_units[0].encoder_unit/threshold_memory/_03177_ (net)
                142.56    0.01 17509.69 ^ gen_encoder_units[0].encoder_unit/threshold_memory/_07875_/B (NOR2x1_ASAP7_75t_R)
                 43.47   38.10 17547.79 v gen_encoder_units[0].encoder_unit/threshold_memory/_07875_/Y (NOR2x1_ASAP7_75t_R)
     1    2.09                           gen_encoder_units[0].encoder_unit/threshold_memory/_03178_ (net)
                 43.48    0.32 17548.11 v gen_encoder_units[0].encoder_unit/threshold_memory/_07876_/B (NAND2x1_ASAP7_75t_R)
                 22.23   20.64 17568.76 ^ gen_encoder_units[0].encoder_unit/threshold_memory/_07876_/Y (NAND2x1_ASAP7_75t_R)
     1    1.06                           gen_encoder_units[0].encoder_unit/threshold_memory/_03179_ (net)
                 22.23    0.01 17568.77 ^ gen_encoder_units[0].encoder_unit/threshold_memory/_07877_/B (NOR2x1_ASAP7_75t_R)
                 31.24   22.13 17590.90 v gen_encoder_units[0].encoder_unit/threshold_memory/_07877_/Y (NOR2x1_ASAP7_75t_R)
     1    3.46                           gen_encoder_units[0].encoder_unit/threshold_memory/_03180_ (net)
                 31.35    1.03 17591.93 v gen_encoder_units[0].encoder_unit/threshold_memory/_07880_/A2 (AOI21x1_ASAP7_75t_R)
                 29.56   23.04 17614.97 ^ gen_encoder_units[0].encoder_unit/threshold_memory/_07880_/Y (AOI21x1_ASAP7_75t_R)
     1    2.29                           gen_encoder_units[0].encoder_unit/threshold_memory/_03183_ (net)
                 29.58    0.39 17615.37 ^ gen_encoder_units[0].encoder_unit/threshold_memory/_07881_/B (NOR2x1_ASAP7_75t_R)
                 31.38   24.77 17640.14 v gen_encoder_units[0].encoder_unit/threshold_memory/_07881_/Y (NOR2x1_ASAP7_75t_R)
     1    3.54                           gen_encoder_units[0].encoder_unit/threshold_memory/_03184_ (net)
                 31.50    1.08 17641.22 v gen_encoder_units[0].encoder_unit/threshold_memory/_08011_/A (NAND2x1_ASAP7_75t_R)
                 55.12   37.12 17678.34 ^ gen_encoder_units[0].encoder_unit/threshold_memory/_08011_/Y (NAND2x1_ASAP7_75t_R)
     3    5.07                           gen_encoder_units[0].encoder_unit/fp_compare.operand_b_i[5] (net)
                 55.24    1.49 17679.83 ^ gen_encoder_units[0].encoder_unit/_471_/A (INVx1_ASAP7_75t_R)
                 29.43   25.56 17705.39 v gen_encoder_units[0].encoder_unit/_471_/Y (INVx1_ASAP7_75t_R)
     2    2.46                           gen_encoder_units[0].encoder_unit/_158_ (net)
                 29.43    0.01 17705.40 v gen_encoder_units[0].encoder_unit/_630_/C (NAND3x1_ASAP7_75t_R)
                 25.27   24.52 17729.92 ^ gen_encoder_units[0].encoder_unit/_630_/Y (NAND3x1_ASAP7_75t_R)
     1    1.07                           gen_encoder_units[0].encoder_unit/_317_ (net)
                 25.27    0.02 17729.94 ^ gen_encoder_units[0].encoder_unit/_631_/B (NAND2x1_ASAP7_75t_R)
                 14.66   12.91 17742.84 v gen_encoder_units[0].encoder_unit/_631_/Y (NAND2x1_ASAP7_75t_R)
     1    1.17                           gen_encoder_units[0].encoder_unit/_318_ (net)
                 14.66    0.04 17742.88 v gen_encoder_units[0].encoder_unit/_635_/A (NAND2x1_ASAP7_75t_R)
                 19.11   16.38 17759.26 ^ gen_encoder_units[0].encoder_unit/_635_/Y (NAND2x1_ASAP7_75t_R)
     1    1.33                           gen_encoder_units[0].encoder_unit/_322_ (net)
                 19.11    0.04 17759.30 ^ gen_encoder_units[0].encoder_unit/_636_/C (NOR3x1_ASAP7_75t_R)
                 26.64   22.17 17781.47 v gen_encoder_units[0].encoder_unit/_636_/Y (NOR3x1_ASAP7_75t_R)
     2    2.33                           gen_encoder_units[0].encoder_unit/_323_ (net)
                 26.64    0.12 17781.60 v gen_encoder_units[0].encoder_unit/_637_/B (NAND2x1_ASAP7_75t_R)
                 19.77   18.25 17799.85 ^ gen_encoder_units[0].encoder_unit/_637_/Y (NAND2x1_ASAP7_75t_R)
     1    1.36                           gen_encoder_units[0].encoder_unit/_324_ (net)
                 19.77    0.03 17799.88 ^ gen_encoder_units[0].encoder_unit/_638_/B (OAI21x1_ASAP7_75t_R)
                 15.46   14.28 17814.16 v gen_encoder_units[0].encoder_unit/_638_/Y (OAI21x1_ASAP7_75t_R)
     1    1.26                           gen_encoder_units[0].encoder_unit/_325_ (net)
                 15.46    0.03 17814.19 v gen_encoder_units[0].encoder_unit/_663_/A1 (AOI21x1_ASAP7_75t_R)
                 17.62   13.78 17827.96 ^ gen_encoder_units[0].encoder_unit/_663_/Y (AOI21x1_ASAP7_75t_R)
     1    1.08                           gen_encoder_units[0].encoder_unit/_350_ (net)
                 17.62    0.02 17827.99 ^ gen_encoder_units[0].encoder_unit/_686_/A2 (OAI21x1_ASAP7_75t_R)
                 31.62   19.92 17847.90 v gen_encoder_units[0].encoder_unit/_686_/Y (OAI21x1_ASAP7_75t_R)
     2    3.95                           gen_encoder_units[0].encoder_unit/_373_ (net)
                 31.73    1.07 17848.98 v gen_encoder_units[0].encoder_unit/_730_/A2 (OAI21x1_ASAP7_75t_R)
                 17.04   15.80 17864.78 ^ gen_encoder_units[0].encoder_unit/_730_/Y (OAI21x1_ASAP7_75t_R)
     1    0.62                           gen_encoder_units[0].encoder_unit/_084_ (net)
                 17.04    0.01 17864.79 ^ gen_encoder_units[0].encoder_unit/_751_/D (DFFASRHQNx1_ASAP7_75t_R)
                               17864.79   data arrival time

                  0.00 1500.00 1500.00   clock clk_i (rise edge)
                          0.00 1500.00   clock network delay (ideal)
                          0.00 1500.00   clock reconvergence pessimism
                               1500.00 ^ gen_encoder_units[0].encoder_unit/_751_/CLK (DFFASRHQNx1_ASAP7_75t_R)
                        -25.80 1474.20   library setup time
                               1474.20   data required time
-----------------------------------------------------------------------------
                               1474.20   data required time
                               -17864.79   data arrival time
-----------------------------------------------------------------------------
                               -16390.59   slack (VIOLATED)



==========================================================================
global place report_checks -unconstrained
--------------------------------------------------------------------------
Startpoint: rst_ni (input port clocked by clk_i)
Endpoint: gen_encoder_units[3].encoder_unit/threshold_memory/_09721_
          (recovery check against rising-edge clock clk_i)
Path Group: **async_default**
Path Type: max

Fanout     Cap    Slew   Delay    Time   Description
-----------------------------------------------------------------------------
                  0.00    0.00    0.00   clock clk_i (rise edge)
                          0.00    0.00   clock network delay (ideal)
                        150.00  150.00 ^ input external delay
                  0.00    0.00  150.00 ^ rst_ni (in)
   407  503.83                           rst_ni (net)
               1418.42  447.46  597.46 ^ gen_encoder_units[3].encoder_unit/threshold_memory/_09721_/SETN (DFFASRHQNx1_ASAP7_75t_R)
                                597.46   data arrival time

                  0.00 1500.00 1500.00   clock clk_i (rise edge)
                          0.00 1500.00   clock network delay (ideal)
                          0.00 1500.00   clock reconvergence pessimism
                               1500.00 ^ gen_encoder_units[3].encoder_unit/threshold_memory/_09721_/CLK (DFFASRHQNx1_ASAP7_75t_R)
                       -190.04 1309.96   library recovery time
                               1309.96   data required time
-----------------------------------------------------------------------------
                               1309.96   data required time
                               -597.46   data arrival time
-----------------------------------------------------------------------------
                                712.50   slack (MET)


Startpoint: gen_encoder_units[3].encoder_unit/threshold_memory/_10857_
            (negative level-sensitive latch clocked by clk_i)
Endpoint: gen_encoder_units[3].encoder_unit/threshold_memory/_09624_
          (rising clock gating-check end-point clocked by clk_i)
Path Group: **clock_gating_default**
Path Type: max

Fanout     Cap    Slew   Delay    Time   Description
-----------------------------------------------------------------------------
                  0.00  750.00  750.00   clock clk_i (fall edge)
                          0.00  750.00   clock network delay (ideal)
                  0.00    0.00  750.00 v gen_encoder_units[3].encoder_unit/threshold_memory/_10857_/CLK (DLLx1_ASAP7_75t_R)
                263.51  136.12  886.12 ^ gen_encoder_units[3].encoder_unit/threshold_memory/_10857_/Q (DLLx1_ASAP7_75t_R)
    33   28.18                           gen_encoder_units[3].encoder_unit/threshold_memory/gen_sub_units_scm[2].sub_unit_i.cg_we_global.en_latch (net)
                263.61    2.97  889.09 ^ gen_encoder_units[3].encoder_unit/threshold_memory/_09624_/B (AND3x1_ASAP7_75t_R)
                                889.09   data arrival time

                  0.00 1500.00 1500.00   clock clk_i (rise edge)
                          0.00 1500.00   clock network delay (ideal)
                          0.00 1500.00   clock reconvergence pessimism
                               1500.00 ^ gen_encoder_units[3].encoder_unit/threshold_memory/_09624_/A (AND3x1_ASAP7_75t_R)
                          0.00 1500.00   clock gating setup time
                               1500.00   data required time
-----------------------------------------------------------------------------
                               1500.00   data required time
                               -889.09   data arrival time
-----------------------------------------------------------------------------
                                610.91   slack (MET)


Startpoint: gen_encoder_units[0].encoder_unit/_741_
            (rising edge-triggered flip-flop clocked by clk_i)
Endpoint: gen_encoder_units[0].encoder_unit/_751_
          (rising edge-triggered flip-flop clocked by clk_i)
Path Group: clk_i
Path Type: max

Fanout     Cap    Slew   Delay    Time   Description
-----------------------------------------------------------------------------
                  0.00    0.00    0.00   clock clk_i (rise edge)
                          0.00    0.00   clock network delay (ideal)
                  0.00    0.00    0.00 ^ gen_encoder_units[0].encoder_unit/_741_/CLK (DFFASRHQNx1_ASAP7_75t_R)
                 40.34   67.08   67.08 v gen_encoder_units[0].encoder_unit/_741_/QN (DFFASRHQNx1_ASAP7_75t_R)
     4    3.22                           gen_encoder_units[0].encoder_unit/_010_ (net)
                 40.34    0.01   67.09 v gen_encoder_units[0].encoder_unit/_401_/A (INVx1_ASAP7_75t_R)
               7308.68 2942.18 3009.27 ^ gen_encoder_units[0].encoder_unit/_401_/Y (INVx1_ASAP7_75t_R)
   520  775.76                           gen_encoder_units[0].encoder_unit/c_addr_int[0] (net)
               7335.15  254.80 3264.08 ^ gen_encoder_units[0].encoder_unit/threshold_memory/_04720_/A (INVx2_ASAP7_75t_R)
                  0.00 11548.54 14812.61 v gen_encoder_units[0].encoder_unit/threshold_memory/_04720_/Y (INVx2_ASAP7_75t_R)
   578  818.86                           gen_encoder_units[0].encoder_unit/threshold_memory/_00033_ (net)
                  0.00  287.07 15099.68 v gen_encoder_units[0].encoder_unit/threshold_memory/_04723_/A (NOR3x1_ASAP7_75t_R)
               2886.78 1207.36 16307.04 ^ gen_encoder_units[0].encoder_unit/threshold_memory/_04723_/Y (NOR3x1_ASAP7_75t_R)
   194  314.42                           gen_encoder_units[0].encoder_unit/threshold_memory/_00036_ (net)
               2890.15   58.13 16365.18 ^ gen_encoder_units[0].encoder_unit/threshold_memory/_05579_/B (NAND2x1_ASAP7_75t_R)
               1081.85 1042.33 17407.51 v gen_encoder_units[0].encoder_unit/threshold_memory/_05579_/Y (NAND2x1_ASAP7_75t_R)
    25   42.44                           gen_encoder_units[0].encoder_unit/threshold_memory/_00891_ (net)
               1081.99    7.57 17415.08 v gen_encoder_units[0].encoder_unit/threshold_memory/_07874_/A1 (OAI22x1_ASAP7_75t_R)
                142.56   94.60 17509.68 ^ gen_encoder_units[0].encoder_unit/threshold_memory/_07874_/Y (OAI22x1_ASAP7_75t_R)
     1    1.08                           gen_encoder_units[0].encoder_unit/threshold_memory/_03177_ (net)
                142.56    0.01 17509.69 ^ gen_encoder_units[0].encoder_unit/threshold_memory/_07875_/B (NOR2x1_ASAP7_75t_R)
                 43.47   38.10 17547.79 v gen_encoder_units[0].encoder_unit/threshold_memory/_07875_/Y (NOR2x1_ASAP7_75t_R)
     1    2.09                           gen_encoder_units[0].encoder_unit/threshold_memory/_03178_ (net)
                 43.48    0.32 17548.11 v gen_encoder_units[0].encoder_unit/threshold_memory/_07876_/B (NAND2x1_ASAP7_75t_R)
                 22.23   20.64 17568.76 ^ gen_encoder_units[0].encoder_unit/threshold_memory/_07876_/Y (NAND2x1_ASAP7_75t_R)
     1    1.06                           gen_encoder_units[0].encoder_unit/threshold_memory/_03179_ (net)
                 22.23    0.01 17568.77 ^ gen_encoder_units[0].encoder_unit/threshold_memory/_07877_/B (NOR2x1_ASAP7_75t_R)
                 31.24   22.13 17590.90 v gen_encoder_units[0].encoder_unit/threshold_memory/_07877_/Y (NOR2x1_ASAP7_75t_R)
     1    3.46                           gen_encoder_units[0].encoder_unit/threshold_memory/_03180_ (net)
                 31.35    1.03 17591.93 v gen_encoder_units[0].encoder_unit/threshold_memory/_07880_/A2 (AOI21x1_ASAP7_75t_R)
                 29.56   23.04 17614.97 ^ gen_encoder_units[0].encoder_unit/threshold_memory/_07880_/Y (AOI21x1_ASAP7_75t_R)
     1    2.29                           gen_encoder_units[0].encoder_unit/threshold_memory/_03183_ (net)
                 29.58    0.39 17615.37 ^ gen_encoder_units[0].encoder_unit/threshold_memory/_07881_/B (NOR2x1_ASAP7_75t_R)
                 31.38   24.77 17640.14 v gen_encoder_units[0].encoder_unit/threshold_memory/_07881_/Y (NOR2x1_ASAP7_75t_R)
     1    3.54                           gen_encoder_units[0].encoder_unit/threshold_memory/_03184_ (net)
                 31.50    1.08 17641.22 v gen_encoder_units[0].encoder_unit/threshold_memory/_08011_/A (NAND2x1_ASAP7_75t_R)
                 55.12   37.12 17678.34 ^ gen_encoder_units[0].encoder_unit/threshold_memory/_08011_/Y (NAND2x1_ASAP7_75t_R)
     3    5.07                           gen_encoder_units[0].encoder_unit/fp_compare.operand_b_i[5] (net)
                 55.24    1.49 17679.83 ^ gen_encoder_units[0].encoder_unit/_471_/A (INVx1_ASAP7_75t_R)
                 29.43   25.56 17705.39 v gen_encoder_units[0].encoder_unit/_471_/Y (INVx1_ASAP7_75t_R)
     2    2.46                           gen_encoder_units[0].encoder_unit/_158_ (net)
                 29.43    0.01 17705.40 v gen_encoder_units[0].encoder_unit/_630_/C (NAND3x1_ASAP7_75t_R)
                 25.27   24.52 17729.92 ^ gen_encoder_units[0].encoder_unit/_630_/Y (NAND3x1_ASAP7_75t_R)
     1    1.07                           gen_encoder_units[0].encoder_unit/_317_ (net)
                 25.27    0.02 17729.94 ^ gen_encoder_units[0].encoder_unit/_631_/B (NAND2x1_ASAP7_75t_R)
                 14.66   12.91 17742.84 v gen_encoder_units[0].encoder_unit/_631_/Y (NAND2x1_ASAP7_75t_R)
     1    1.17                           gen_encoder_units[0].encoder_unit/_318_ (net)
                 14.66    0.04 17742.88 v gen_encoder_units[0].encoder_unit/_635_/A (NAND2x1_ASAP7_75t_R)
                 19.11   16.38 17759.26 ^ gen_encoder_units[0].encoder_unit/_635_/Y (NAND2x1_ASAP7_75t_R)
     1    1.33                           gen_encoder_units[0].encoder_unit/_322_ (net)
                 19.11    0.04 17759.30 ^ gen_encoder_units[0].encoder_unit/_636_/C (NOR3x1_ASAP7_75t_R)
                 26.64   22.17 17781.47 v gen_encoder_units[0].encoder_unit/_636_/Y (NOR3x1_ASAP7_75t_R)
     2    2.33                           gen_encoder_units[0].encoder_unit/_323_ (net)
                 26.64    0.12 17781.60 v gen_encoder_units[0].encoder_unit/_637_/B (NAND2x1_ASAP7_75t_R)
                 19.77   18.25 17799.85 ^ gen_encoder_units[0].encoder_unit/_637_/Y (NAND2x1_ASAP7_75t_R)
     1    1.36                           gen_encoder_units[0].encoder_unit/_324_ (net)
                 19.77    0.03 17799.88 ^ gen_encoder_units[0].encoder_unit/_638_/B (OAI21x1_ASAP7_75t_R)
                 15.46   14.28 17814.16 v gen_encoder_units[0].encoder_unit/_638_/Y (OAI21x1_ASAP7_75t_R)
     1    1.26                           gen_encoder_units[0].encoder_unit/_325_ (net)
                 15.46    0.03 17814.19 v gen_encoder_units[0].encoder_unit/_663_/A1 (AOI21x1_ASAP7_75t_R)
                 17.62   13.78 17827.96 ^ gen_encoder_units[0].encoder_unit/_663_/Y (AOI21x1_ASAP7_75t_R)
     1    1.08                           gen_encoder_units[0].encoder_unit/_350_ (net)
                 17.62    0.02 17827.99 ^ gen_encoder_units[0].encoder_unit/_686_/A2 (OAI21x1_ASAP7_75t_R)
                 31.62   19.92 17847.90 v gen_encoder_units[0].encoder_unit/_686_/Y (OAI21x1_ASAP7_75t_R)
     2    3.95                           gen_encoder_units[0].encoder_unit/_373_ (net)
                 31.73    1.07 17848.98 v gen_encoder_units[0].encoder_unit/_730_/A2 (OAI21x1_ASAP7_75t_R)
                 17.04   15.80 17864.78 ^ gen_encoder_units[0].encoder_unit/_730_/Y (OAI21x1_ASAP7_75t_R)
     1    0.62                           gen_encoder_units[0].encoder_unit/_084_ (net)
                 17.04    0.01 17864.79 ^ gen_encoder_units[0].encoder_unit/_751_/D (DFFASRHQNx1_ASAP7_75t_R)
                               17864.79   data arrival time

                  0.00 1500.00 1500.00   clock clk_i (rise edge)
                          0.00 1500.00   clock network delay (ideal)
                          0.00 1500.00   clock reconvergence pessimism
                               1500.00 ^ gen_encoder_units[0].encoder_unit/_751_/CLK (DFFASRHQNx1_ASAP7_75t_R)
                        -25.80 1474.20   library setup time
                               1474.20   data required time
-----------------------------------------------------------------------------
                               1474.20   data required time
                               -17864.79   data arrival time
-----------------------------------------------------------------------------
                               -16390.59   slack (VIOLATED)



==========================================================================
global place report_power
--------------------------------------------------------------------------
Group                  Internal  Switching    Leakage      Total
                          Power      Power      Power      Power (Watts)
----------------------------------------------------------------
Sequential             4.08e-03   2.34e-04   1.32e-06   4.31e-03  55.0%
Combinational          9.00e-04   2.62e-03   1.98e-06   3.52e-03  45.0%
Macro                  0.00e+00   0.00e+00   0.00e+00   0.00e+00   0.0%
Pad                    0.00e+00   0.00e+00   0.00e+00   0.00e+00   0.0%
----------------------------------------------------------------
Total                  4.98e-03   2.86e-03   3.30e-06   7.84e-03 100.0%
                          63.5%      36.4%       0.0%

==========================================================================
global place report_design_area
--------------------------------------------------------------------------
Design area 4215 u^2 39% utilization.

Elapsed time: 1:37.33[h:]min:sec. CPU time: user 96.91 sys 0.20 (99%). Peak memory: 506952KB.
