OpenROAD b57893514040c5aa453ab5c104f35d1173a8add9 
This program is licensed under the BSD-3 license. See the LICENSE file for details.
Components of this program may be licensed under more restrictive licenses which must be honored.
[INFO GPL-0002] DBU: 2000
[INFO GPL-0003] SiteSize: 380 2800
[INFO GPL-0004] CoreAreaLxLy: 4180 5600
[INFO GPL-0005] CoreAreaUxUy: 973180 971600
[INFO GPL-0006] NumInstances: 61613
[INFO GPL-0007] NumPlaceInstances: 60229
[INFO GPL-0008] NumFixedInstances: 1384
[INFO GPL-0009] NumDummyInstances: 0
[INFO GPL-0010] NumNets: 60925
[INFO GPL-0011] NumPins: 194469
[INFO GPL-0012] DieAreaLxLy: 0 0
[INFO GPL-0013] DieAreaUxUy: 977340 977340
[INFO GPL-0014] CoreAreaLxLy: 4180 5600
[INFO GPL-0015] CoreAreaUxUy: 973180 971600
[INFO GPL-0016] CoreArea: 936054000000
[INFO GPL-0017] NonPlaceInstsArea: 1472576000
[INFO GPL-0018] PlaceInstsArea: 355429200000
[INFO GPL-0019] Util(%): 38.03
[INFO GPL-0020] StdInstsArea: 355429200000
[INFO GPL-0021] MacroInstsArea: 0
[INFO GPL-0031] FillerInit: NumGCells: 95911
[INFO GPL-0032] FillerInit: NumGNets: 60925
[INFO GPL-0033] FillerInit: NumGPins: 194469
[INFO GPL-0023] TargetDensity: 0.60
[INFO GPL-0024] AveragePlaceInstArea: 5901296
[INFO GPL-0025] IdealBinArea: 9835493
[INFO GPL-0026] IdealBinCnt: 95171
[INFO GPL-0027] TotalBinArea: 936054000000
[INFO GPL-0028] BinCnt: 256 256
[INFO GPL-0029] BinSize: 3786 3774
[INFO GPL-0030] NumBins: 65536
[NesterovSolve] Iter: 1 overflow: 0.999539 HPWL: 35521653
[NesterovSolve] Iter: 10 overflow: 0.999538 HPWL: 13793221
[NesterovSolve] Iter: 20 overflow: 0.999534 HPWL: 10807283
[NesterovSolve] Iter: 30 overflow: 0.999494 HPWL: 9007752
[NesterovSolve] Iter: 40 overflow: 0.999413 HPWL: 8690198
[NesterovSolve] Iter: 50 overflow: 0.999374 HPWL: 8885770
[NesterovSolve] Iter: 60 overflow: 0.999368 HPWL: 9751289
[NesterovSolve] Iter: 70 overflow: 0.999307 HPWL: 12597176
[NesterovSolve] Iter: 80 overflow: 0.999071 HPWL: 20072279
[NesterovSolve] Iter: 90 overflow: 0.998654 HPWL: 34549166
[NesterovSolve] Iter: 100 overflow: 0.997983 HPWL: 51017684
[NesterovSolve] Iter: 110 overflow: 0.996841 HPWL: 62258314
[NesterovSolve] Iter: 120 overflow: 0.994666 HPWL: 68699508
[NesterovSolve] Iter: 130 overflow: 0.991341 HPWL: 80185854
[NesterovSolve] Iter: 140 overflow: 0.98683 HPWL: 97851102
[NesterovSolve] Iter: 150 overflow: 0.980538 HPWL: 120741858
[NesterovSolve] Iter: 160 overflow: 0.973575 HPWL: 151085759
[NesterovSolve] Iter: 170 overflow: 0.963702 HPWL: 191476772
[NesterovSolve] Iter: 180 overflow: 0.950609 HPWL: 245532651
[NesterovSolve] Iter: 190 overflow: 0.936401 HPWL: 312473687
[NesterovSolve] Iter: 200 overflow: 0.920458 HPWL: 387613246
[NesterovSolve] Iter: 210 overflow: 0.903288 HPWL: 455506375
[NesterovSolve] Iter: 220 overflow: 0.881335 HPWL: 514161666
[NesterovSolve] Iter: 230 overflow: 0.857182 HPWL: 579418938
[NesterovSolve] Iter: 240 overflow: 0.833204 HPWL: 665363313
[NesterovSolve] Iter: 250 overflow: 0.804082 HPWL: 725320533
[NesterovSolve] Iter: 260 overflow: 0.7735 HPWL: 731098404
[NesterovSolve] Iter: 270 overflow: 0.732324 HPWL: 749355566
[NesterovSolve] Iter: 280 overflow: 0.689003 HPWL: 757548297
[NesterovSolve] Iter: 290 overflow: 0.64477 HPWL: 773787195
[NesterovSolve] Iter: 300 overflow: 0.600433 HPWL: 783040951
[NesterovSolve] Iter: 310 overflow: 0.551152 HPWL: 791475454
[NesterovSolve] Iter: 320 overflow: 0.496916 HPWL: 787810182
[NesterovSolve] Iter: 330 overflow: 0.440115 HPWL: 783444537
[NesterovSolve] Iter: 340 overflow: 0.385473 HPWL: 774293841
[NesterovSolve] Iter: 350 overflow: 0.337111 HPWL: 760048562
[NesterovSolve] Iter: 360 overflow: 0.305791 HPWL: 747386510
[NesterovSolve] Iter: 370 overflow: 0.276272 HPWL: 736241715
[NesterovSolve] Iter: 380 overflow: 0.247917 HPWL: 727507143
[NesterovSolve] Iter: 390 overflow: 0.220907 HPWL: 720015182
[NesterovSolve] Iter: 400 overflow: 0.194737 HPWL: 714182704
[NesterovSolve] Iter: 410 overflow: 0.173258 HPWL: 710449067
[NesterovSolve] Iter: 420 overflow: 0.154423 HPWL: 708690258
[NesterovSolve] Iter: 430 overflow: 0.136308 HPWL: 707822262
[NesterovSolve] Iter: 440 overflow: 0.118899 HPWL: 708550901
[NesterovSolve] Iter: 450 overflow: 0.104068 HPWL: 710271532
[NesterovSolve] Finished with Overflow: 0.099800
Elapsed time: 0:33.08[h:]min:sec. CPU time: user 32.88 sys 0.16 (99%). Peak memory: 272856KB.
