OpenROAD b7631451350809842e4fb0c635c3f3ed7f6b270f 
This program is licensed under the BSD-3 license. See the LICENSE file for details.
Components of this program may be licensed under more restrictive licenses which must be honored.
[INFO GRT-0020] Min routing layer: metal2
[INFO GRT-0021] Max routing layer: metal10
[INFO GRT-0022] Global adjustment: 0%
[INFO GRT-0023] Grid origin: (0, 0)
[INFO GRT-0043] No OR_DEFAULT vias defined.
[INFO GRT-0088] Layer metal1  Track-Pitch = 0.1400  line-2-Via Pitch: 0.1350
[INFO GRT-0088] Layer metal2  Track-Pitch = 0.1900  line-2-Via Pitch: 0.1400
[INFO GRT-0088] Layer metal3  Track-Pitch = 0.1400  line-2-Via Pitch: 0.1400
[INFO GRT-0088] Layer metal4  Track-Pitch = 0.2800  line-2-Via Pitch: 0.2800
[INFO GRT-0088] Layer metal5  Track-Pitch = 0.2800  line-2-Via Pitch: 0.2800
[INFO GRT-0088] Layer metal6  Track-Pitch = 0.2800  line-2-Via Pitch: 0.2800
[INFO GRT-0088] Layer metal7  Track-Pitch = 0.8000  line-2-Via Pitch: 0.8000
[INFO GRT-0088] Layer metal8  Track-Pitch = 0.8000  line-2-Via Pitch: 0.8000
[INFO GRT-0088] Layer metal9  Track-Pitch = 1.6000  line-2-Via Pitch: 1.6000
[INFO GRT-0088] Layer metal10 Track-Pitch = 1.6000  line-2-Via Pitch: 1.6000
[INFO GRT-0019] Found 3270 clock nets.
[INFO GRT-0001] Minimum degree: 2
[INFO GRT-0002] Maximum degree: 198
[INFO GRT-0003] Macros: 0
[INFO GRT-0004] Blockages: 0

[INFO GRT-0053] Routing resources analysis:
          Routing      Original      Derated      Resource
Layer     Direction    Resources     Resources    Reduction (%)
---------------------------------------------------------------
metal1     Horizontal          0             0          0.00%
metal2     Vertical       299475         55596          81.44%
metal3     Horizontal     408375        110372          72.97%
metal4     Vertical       190575        133679          29.85%
metal5     Horizontal     190575        135792          28.75%
metal6     Vertical       190575        135792          28.75%
metal7     Horizontal      54450         24844          54.37%
metal8     Vertical        54450         27224          50.00%
metal9     Horizontal      27225             0          100.00%
metal10    Vertical        27225             0          100.00%
---------------------------------------------------------------

[INFO GRT-0101] Running extra iterations to remove overflow.
[INFO GRT-0197] Via related to pin nodes: 213841
[INFO GRT-0198] Via related Steiner nodes: 8161
[INFO GRT-0199] Via filling finished.
[INFO GRT-0111] Final number of vias: 255619
[INFO GRT-0112] Final usage 3D: 982588

[INFO GRT-0096] Final congestion report:
Layer         Resource        Demand        Usage (%)    Max H / Max V / Total Overflow
---------------------------------------------------------------------------------------
metal1               0             0            0.00%             0 /  0 /  0
metal2           55596         28931           52.04%             0 /  0 /  0
metal3          110372         56963           51.61%             0 /  0 /  0
metal4          133679         54253           40.58%             0 /  0 /  0
metal5          135792         47864           35.25%             0 /  0 /  0
metal6          135792         22380           16.48%             0 /  0 /  0
metal7           24844          4589           18.47%             0 /  0 /  0
metal8           27224           751            2.76%             0 /  0 /  0
metal9               0             0            0.00%             0 /  0 /  0
metal10              0             0            0.00%             0 /  0 /  0
---------------------------------------------------------------------------------------
Total           623299        215731           34.61%             0 /  0 /  0

[INFO GRT-0018] Total wirelength: 665189 um
[INFO GRT-0014] Routed nets: 33698

==========================================================================
global route report_tns
--------------------------------------------------------------------------
tns -0.13

==========================================================================
global route report_wns
--------------------------------------------------------------------------
wns -0.05

==========================================================================
global route report_worst_slack
--------------------------------------------------------------------------
worst slack -0.05

==========================================================================
global route report_clock_skew
--------------------------------------------------------------------------
Clock clk_i
Latency      CRPR       Skew
lut/gen_sub_units_scm[2].sub_unit_i/_2619_/G ^
   0.46
_555_/CK ^
   0.07      0.00       0.39


==========================================================================
global route report_checks -path_delay min
--------------------------------------------------------------------------
Startpoint: rst_ni (input port clocked by clk_i)
Endpoint: lut/_213_ (removal check against rising-edge clock clk_i)
Path Group: **async_default**
Path Type: min

Fanout     Cap    Slew   Delay    Time   Description
-----------------------------------------------------------------------------
                          0.00    0.00   clock clk_i (rise edge)
                          0.00    0.00   clock network delay (propagated)
                          0.30    0.30 ^ input external delay
                  0.00    0.00    0.30 ^ rst_ni (in)
     1    2.22                           rst_ni (net)
                  0.00    0.00    0.30 ^ hold1043/A (CLKBUF_X3)
                  0.02    0.05    0.35 ^ hold1043/Z (CLKBUF_X3)
     1   27.73                           net1403 (net)
                  0.02    0.00    0.35 ^ input11/A (BUF_X32)
                  0.01    0.03    0.38 ^ input11/Z (BUF_X32)
    87  205.13                           net11 (net)
                  0.02    0.01    0.38 ^ hold1044/A (CLKBUF_X3)
                  0.04    0.07    0.45 ^ hold1044/Z (CLKBUF_X3)
    16   48.04                           net1404 (net)
                  0.04    0.00    0.45 ^ lut/_213_/RN (DFFR_X2)
                                  0.45   data arrival time

                          0.00    0.00   clock clk_i (rise edge)
                          0.00    0.00   clock source latency
                  0.00    0.00    0.00 ^ clk_i (in)
     1   51.29                           clk_i (net)
                  0.01    0.01    0.01 ^ clkbuf_0_clk_i/A (BUF_X32)
                  0.01    0.02    0.03 ^ clkbuf_0_clk_i/Z (BUF_X32)
    16   96.99                           clknet_0_clk_i (net)
                  0.02    0.01    0.05 ^ clkbuf_4_14_0_clk_i/A (BUF_X4)
                  0.01    0.03    0.08 ^ clkbuf_4_14_0_clk_i/Z (BUF_X4)
    10   17.97                           clknet_4_14_0_clk_i (net)
                  0.01    0.00    0.08 ^ lut/_122_/A1 (NAND2_X1)
                  0.05    0.06    0.14 v lut/_122_/ZN (NAND2_X1)
     1   26.64                           lut/_023_ (net)
                  0.05    0.00    0.15 v clkbuf_0_lut/_023_/A (BUF_X32)
                  0.01    0.04    0.19 v clkbuf_0_lut/_023_/Z (BUF_X32)
     2   49.99                           clknet_0_lut/_023_ (net)
                  0.01    0.00    0.19 v clkbuf_1_0__f_lut/_023_/A (BUF_X32)
                  0.00    0.02    0.21 v clkbuf_1_0__f_lut/_023_/Z (BUF_X32)
     7   13.95                           clknet_1_0__leaf_lut/_023_ (net)
                  0.00    0.00    0.21 v net299_8/A (INV_X1)
                  0.01    0.01    0.22 ^ net299_8/ZN (INV_X1)
     1    1.90                           net368 (net)
                  0.01    0.00    0.22 ^ lut/_213_/CK (DFFR_X2)
                          0.00    0.22   clock reconvergence pessimism
                          0.21    0.44   library removal time
                                  0.44   data required time
-----------------------------------------------------------------------------
                                  0.44   data required time
                                 -0.45   data arrival time
-----------------------------------------------------------------------------
                                  0.02   slack (MET)


Startpoint: lut/gen_sub_units_scm[13].sub_unit_i/_2823_
            (negative level-sensitive latch clocked by clk_i)
Endpoint: lut/gen_sub_units_scm[13].sub_unit_i/_2380_
          (rising clock gating-check end-point clocked by clk_i)
Path Group: **clock_gating_default**
Path Type: min

Fanout     Cap    Slew   Delay    Time   Description
-----------------------------------------------------------------------------
                          1.50    1.50   clock clk_i (fall edge)
                          0.00    1.50   clock source latency
                  0.00    0.00    1.50 v clk_i (in)
     1   48.16                           clk_i (net)
                  0.01    0.01    1.51 v clkbuf_0_clk_i/A (BUF_X32)
                  0.01    0.03    1.54 v clkbuf_0_clk_i/Z (BUF_X32)
    16   90.62                           clknet_0_clk_i (net)
                  0.01    0.00    1.54 v clkbuf_4_10_0_clk_i/A (BUF_X4)
                  0.01    0.03    1.57 v clkbuf_4_10_0_clk_i/Z (BUF_X4)
     7   30.91                           clknet_4_10_0_clk_i (net)
                  0.01    0.00    1.57 v lut/gen_sub_units_scm[13].sub_unit_i/_2366_/A1 (NAND2_X1)
                  0.07    0.08    1.65 ^ lut/gen_sub_units_scm[13].sub_unit_i/_2366_/ZN (NAND2_X1)
     1   28.70                           lut/gen_sub_units_scm[13].sub_unit_i/_0830_ (net)
                  0.07    0.00    1.65 ^ clkbuf_0_lut/gen_sub_units_scm[13].sub_unit_i/_0830_/A (BUF_X32)
                  0.02    0.04    1.69 ^ clkbuf_0_lut/gen_sub_units_scm[13].sub_unit_i/_0830_/Z (BUF_X32)
     8  220.14                           clknet_0_lut/gen_sub_units_scm[13].sub_unit_i/_0830_ (net)
                  0.02    0.00    1.70 ^ clkbuf_3_6__f_lut/gen_sub_units_scm[13].sub_unit_i/_0830_/A (BUF_X32)
                  0.01    0.02    1.72 ^ clkbuf_3_6__f_lut/gen_sub_units_scm[13].sub_unit_i/_0830_/Z (BUF_X32)
     5   13.14                           clknet_3_6__leaf_lut/gen_sub_units_scm[13].sub_unit_i/_0830_ (net)
                  0.01    0.00    1.72 ^ lut/gen_sub_units_scm[13].sub_unit_i/_2367__312/A (INV_X1)
                  0.00    0.01    1.73 v lut/gen_sub_units_scm[13].sub_unit_i/_2367__312/ZN (INV_X1)
     1    1.65                           net672 (net)
                  0.00    0.00    1.73 v lut/gen_sub_units_scm[13].sub_unit_i/_2823_/GN (DLL_X1)
                  0.01    0.05    1.77 ^ lut/gen_sub_units_scm[13].sub_unit_i/_2823_/Q (DLL_X1)
     1    1.29                           lut/gen_sub_units_scm[13].sub_unit_i/gen_cg_word_iter[15].cg_i.en_latch (net)
                  0.01    0.00    1.77 ^ lut/gen_sub_units_scm[13].sub_unit_i/_2380_/A2 (AND2_X1)
                                  1.77   data arrival time

                          1.50    1.50   clock clk_i (fall edge)
                          0.00    1.50   clock source latency
                  0.00    0.00    1.50 v clk_i (in)
     1   48.16                           clk_i (net)
                  0.01    0.01    1.51 v clkbuf_0_clk_i/A (BUF_X32)
                  0.01    0.03    1.54 v clkbuf_0_clk_i/Z (BUF_X32)
    16   90.62                           clknet_0_clk_i (net)
                  0.01    0.00    1.54 v clkbuf_4_10_0_clk_i/A (BUF_X4)
                  0.01    0.03    1.57 v clkbuf_4_10_0_clk_i/Z (BUF_X4)
     7   30.91                           clknet_4_10_0_clk_i (net)
                  0.01    0.00    1.57 v lut/gen_sub_units_scm[13].sub_unit_i/_2366_/A1 (NAND2_X1)
                  0.07    0.08    1.65 ^ lut/gen_sub_units_scm[13].sub_unit_i/_2366_/ZN (NAND2_X1)
     1   28.70                           lut/gen_sub_units_scm[13].sub_unit_i/_0830_ (net)
                  0.07    0.00    1.65 ^ clkbuf_0_lut/gen_sub_units_scm[13].sub_unit_i/_0830_/A (BUF_X32)
                  0.02    0.04    1.69 ^ clkbuf_0_lut/gen_sub_units_scm[13].sub_unit_i/_0830_/Z (BUF_X32)
     8  220.14                           clknet_0_lut/gen_sub_units_scm[13].sub_unit_i/_0830_ (net)
                  0.02    0.01    1.70 ^ clkbuf_3_3__f_lut/gen_sub_units_scm[13].sub_unit_i/_0830_/A (BUF_X32)
                  0.01    0.02    1.73 ^ clkbuf_3_3__f_lut/gen_sub_units_scm[13].sub_unit_i/_0830_/Z (BUF_X32)
    10   26.28                           clknet_3_3__leaf_lut/gen_sub_units_scm[13].sub_unit_i/_0830_ (net)
                  0.01    0.00    1.73 ^ lut/gen_sub_units_scm[13].sub_unit_i/_2367__284/A (INV_X1)
                  0.00    0.01    1.73 v lut/gen_sub_units_scm[13].sub_unit_i/_2367__284/ZN (INV_X1)
     1    1.62                           net644 (net)
                  0.00    0.00    1.73 v lut/gen_sub_units_scm[13].sub_unit_i/_2380_/A1 (AND2_X1)
                          0.00    1.73   clock reconvergence pessimism
                          0.00    1.73   clock gating hold time
                                  1.73   data required time
-----------------------------------------------------------------------------
                                  1.73   data required time
                                 -1.77   data arrival time
-----------------------------------------------------------------------------
                                  0.04   slack (MET)


Startpoint: wdata_i[8] (input port clocked by clk_i)
Endpoint: lut/_213_ (rising edge-triggered flip-flop clocked by clk_i)
Path Group: clk_i
Path Type: min

Fanout     Cap    Slew   Delay    Time   Description
-----------------------------------------------------------------------------
                          0.00    0.00   clock clk_i (rise edge)
                          0.00    0.00   clock network delay (propagated)
                          0.30    0.30 ^ input external delay
                  0.00    0.00    0.30 ^ wdata_i[8] (in)
     1    1.63                           wdata_i[8] (net)
                  0.00    0.00    0.30 ^ input35/A (BUF_X1)
                  0.01    0.02    0.32 ^ input35/Z (BUF_X1)
     1    2.15                           net35 (net)
                  0.01    0.00    0.32 ^ lut/_181_/A2 (NAND2_X1)
                  0.01    0.01    0.33 v lut/_181_/ZN (NAND2_X1)
     1    1.68                           lut/_057_ (net)
                  0.01    0.00    0.33 v lut/_183_/A (OAI21_X1)
                  0.01    0.02    0.35 ^ lut/_183_/ZN (OAI21_X1)
     1    1.49                           lut/_008_ (net)
                  0.01    0.00    0.35 ^ lut/_213_/D (DFFR_X2)
                                  0.35   data arrival time

                          0.00    0.00   clock clk_i (rise edge)
                          0.00    0.00   clock source latency
                  0.00    0.00    0.00 ^ clk_i (in)
     1   51.29                           clk_i (net)
                  0.01    0.01    0.01 ^ clkbuf_0_clk_i/A (BUF_X32)
                  0.01    0.02    0.03 ^ clkbuf_0_clk_i/Z (BUF_X32)
    16   96.99                           clknet_0_clk_i (net)
                  0.02    0.01    0.05 ^ clkbuf_4_14_0_clk_i/A (BUF_X4)
                  0.01    0.03    0.08 ^ clkbuf_4_14_0_clk_i/Z (BUF_X4)
    10   17.97                           clknet_4_14_0_clk_i (net)
                  0.01    0.00    0.08 ^ lut/_122_/A1 (NAND2_X1)
                  0.05    0.06    0.14 v lut/_122_/ZN (NAND2_X1)
     1   26.64                           lut/_023_ (net)
                  0.05    0.00    0.15 v clkbuf_0_lut/_023_/A (BUF_X32)
                  0.01    0.04    0.19 v clkbuf_0_lut/_023_/Z (BUF_X32)
     2   49.99                           clknet_0_lut/_023_ (net)
                  0.01    0.00    0.19 v clkbuf_1_0__f_lut/_023_/A (BUF_X32)
                  0.00    0.02    0.21 v clkbuf_1_0__f_lut/_023_/Z (BUF_X32)
     7   13.95                           clknet_1_0__leaf_lut/_023_ (net)
                  0.00    0.00    0.21 v net299_8/A (INV_X1)
                  0.01    0.01    0.22 ^ net299_8/ZN (INV_X1)
     1    1.90                           net368 (net)
                  0.01    0.00    0.22 ^ lut/_213_/CK (DFFR_X2)
                          0.00    0.22   clock reconvergence pessimism
                          0.01    0.23   library hold time
                                  0.23   data required time
-----------------------------------------------------------------------------
                                  0.23   data required time
                                 -0.35   data arrival time
-----------------------------------------------------------------------------
                                  0.12   slack (MET)



==========================================================================
global route report_checks -path_delay max
--------------------------------------------------------------------------
Startpoint: rst_ni (input port clocked by clk_i)
Endpoint: _547_ (recovery check against rising-edge clock clk_i)
Path Group: **async_default**
Path Type: max

Fanout     Cap    Slew   Delay    Time   Description
-----------------------------------------------------------------------------
                          0.00    0.00   clock clk_i (rise edge)
                          0.00    0.00   clock network delay (propagated)
                          0.30    0.30 ^ input external delay
                  0.00    0.00    0.30 ^ rst_ni (in)
     1    2.22                           rst_ni (net)
                  0.00    0.00    0.30 ^ hold1043/A (CLKBUF_X3)
                  0.02    0.05    0.35 ^ hold1043/Z (CLKBUF_X3)
     1   27.73                           net1403 (net)
                  0.02    0.00    0.35 ^ input11/A (BUF_X32)
                  0.01    0.03    0.38 ^ input11/Z (BUF_X32)
    87  205.13                           net11 (net)
                  0.03    0.02    0.40 ^ _547_/RN (DFFR_X1)
                                  0.40   data arrival time

                          3.00    3.00   clock clk_i (rise edge)
                          0.00    3.00   clock source latency
                  0.00    0.00    3.00 ^ clk_i (in)
     1   51.29                           clk_i (net)
                  0.01    0.01    3.01 ^ clkbuf_0_clk_i/A (BUF_X32)
                  0.01    0.02    3.03 ^ clkbuf_0_clk_i/Z (BUF_X32)
    16   96.99                           clknet_0_clk_i (net)
                  0.02    0.01    3.05 ^ clkbuf_4_4_0_clk_i/A (BUF_X4)
                  0.01    0.03    3.07 ^ clkbuf_4_4_0_clk_i/Z (BUF_X4)
     7   13.27                           clknet_4_4_0_clk_i (net)
                  0.01    0.00    3.07 ^ _547_/CK (DFFR_X1)
                          0.00    3.07   clock reconvergence pessimism
                          0.05    3.13   library recovery time
                                  3.13   data required time
-----------------------------------------------------------------------------
                                  3.13   data required time
                                 -0.40   data arrival time
-----------------------------------------------------------------------------
                                  2.73   slack (MET)


Startpoint: lut/gen_sub_units_scm[2].sub_unit_i/_2816_
            (negative level-sensitive latch clocked by clk_i)
Endpoint: lut/gen_sub_units_scm[2].sub_unit_i/_2372_
          (rising clock gating-check end-point clocked by clk_i)
Path Group: **clock_gating_default**
Path Type: max

Fanout     Cap    Slew   Delay    Time   Description
-----------------------------------------------------------------------------
                          1.50    1.50   clock clk_i (fall edge)
                          0.00    1.50   clock source latency
                  0.00    0.00    1.50 v clk_i (in)
     1   48.16                           clk_i (net)
                  0.01    0.01    1.51 v clkbuf_0_clk_i/A (BUF_X32)
                  0.01    0.03    1.54 v clkbuf_0_clk_i/Z (BUF_X32)
    16   90.62                           clknet_0_clk_i (net)
                  0.01    0.01    1.55 v clkbuf_4_4_0_clk_i/A (BUF_X4)
                  0.01    0.03    1.58 v clkbuf_4_4_0_clk_i/Z (BUF_X4)
     7   12.62                           clknet_4_4_0_clk_i (net)
                  0.01    0.00    1.58 v lut/gen_sub_units_scm[2].sub_unit_i/_2366_/A1 (NAND2_X1)
                  0.07    0.08    1.66 ^ lut/gen_sub_units_scm[2].sub_unit_i/_2366_/ZN (NAND2_X1)
     1   29.93                           lut/gen_sub_units_scm[2].sub_unit_i/_0830_ (net)
                  0.07    0.00    1.66 ^ clkbuf_0_lut/gen_sub_units_scm[2].sub_unit_i/_0830_/A (BUF_X32)
                  0.02    0.04    1.70 ^ clkbuf_0_lut/gen_sub_units_scm[2].sub_unit_i/_0830_/Z (BUF_X32)
     8  218.61                           clknet_0_lut/gen_sub_units_scm[2].sub_unit_i/_0830_ (net)
                  0.02    0.01    1.71 ^ clkbuf_3_3__f_lut/gen_sub_units_scm[2].sub_unit_i/_0830_/A (BUF_X32)
                  0.01    0.02    1.73 ^ clkbuf_3_3__f_lut/gen_sub_units_scm[2].sub_unit_i/_0830_/Z (BUF_X32)
     9   25.68                           clknet_3_3__leaf_lut/gen_sub_units_scm[2].sub_unit_i/_0830_ (net)
                  0.01    0.00    1.73 ^ lut/gen_sub_units_scm[2].sub_unit_i/_2367__561/A (INV_X1)
                  0.00    0.01    1.74 v lut/gen_sub_units_scm[2].sub_unit_i/_2367__561/ZN (INV_X1)
     1    3.04                           net921 (net)
                  0.00    0.00    1.74 v lut/gen_sub_units_scm[2].sub_unit_i/_2816_/GN (DLL_X1)
                  0.01    0.07    1.81 v lut/gen_sub_units_scm[2].sub_unit_i/_2816_/Q (DLL_X1)
     1    1.98                           lut/gen_sub_units_scm[2].sub_unit_i/gen_cg_word_iter[8].cg_i.en_latch (net)
                  0.01    0.00    1.81 v lut/gen_sub_units_scm[2].sub_unit_i/_2372_/A2 (AND2_X1)
                                  1.81   data arrival time

                          3.00    3.00   clock clk_i (rise edge)
                          0.00    3.00   clock source latency
                  0.00    0.00    3.00 ^ clk_i (in)
     1   51.29                           clk_i (net)
                  0.01    0.01    3.01 ^ clkbuf_0_clk_i/A (BUF_X32)
                  0.01    0.02    3.03 ^ clkbuf_0_clk_i/Z (BUF_X32)
    16   96.99                           clknet_0_clk_i (net)
                  0.02    0.01    3.05 ^ clkbuf_4_4_0_clk_i/A (BUF_X4)
                  0.01    0.03    3.07 ^ clkbuf_4_4_0_clk_i/Z (BUF_X4)
     7   13.27                           clknet_4_4_0_clk_i (net)
                  0.01    0.00    3.07 ^ lut/gen_sub_units_scm[2].sub_unit_i/_2366_/A1 (NAND2_X1)
                  0.05    0.06    3.14 v lut/gen_sub_units_scm[2].sub_unit_i/_2366_/ZN (NAND2_X1)
     1   26.80                           lut/gen_sub_units_scm[2].sub_unit_i/_0830_ (net)
                  0.05    0.00    3.14 v clkbuf_0_lut/gen_sub_units_scm[2].sub_unit_i/_0830_/A (BUF_X32)
                  0.01    0.05    3.19 v clkbuf_0_lut/gen_sub_units_scm[2].sub_unit_i/_0830_/Z (BUF_X32)
     8  193.56                           clknet_0_lut/gen_sub_units_scm[2].sub_unit_i/_0830_ (net)
                  0.01    0.00    3.19 v clkbuf_3_2__f_lut/gen_sub_units_scm[2].sub_unit_i/_0830_/A (BUF_X32)
                  0.00    0.02    3.21 v clkbuf_3_2__f_lut/gen_sub_units_scm[2].sub_unit_i/_0830_/Z (BUF_X32)
     8   22.89                           clknet_3_2__leaf_lut/gen_sub_units_scm[2].sub_unit_i/_0830_ (net)
                  0.00    0.00    3.22 v lut/gen_sub_units_scm[2].sub_unit_i/_2367__552/A (INV_X1)
                  0.01    0.01    3.23 ^ lut/gen_sub_units_scm[2].sub_unit_i/_2367__552/ZN (INV_X1)
     1    2.38                           net912 (net)
                  0.01    0.00    3.23 ^ lut/gen_sub_units_scm[2].sub_unit_i/_2372_/A1 (AND2_X1)
                          0.00    3.23   clock reconvergence pessimism
                          0.00    3.23   clock gating setup time
                                  3.23   data required time
-----------------------------------------------------------------------------
                                  3.23   data required time
                                 -1.81   data arrival time
-----------------------------------------------------------------------------
                                  1.41   slack (MET)


Startpoint: _547_ (rising edge-triggered flip-flop clocked by clk_i)
Endpoint: _539_ (rising edge-triggered flip-flop clocked by clk_i)
Path Group: clk_i
Path Type: max

Fanout     Cap    Slew   Delay    Time   Description
-----------------------------------------------------------------------------
                          0.00    0.00   clock clk_i (rise edge)
                          0.00    0.00   clock source latency
                  0.00    0.00    0.00 ^ clk_i (in)
     1   51.29                           clk_i (net)
                  0.01    0.01    0.01 ^ clkbuf_0_clk_i/A (BUF_X32)
                  0.01    0.02    0.03 ^ clkbuf_0_clk_i/Z (BUF_X32)
    16   96.99                           clknet_0_clk_i (net)
                  0.02    0.01    0.05 ^ clkbuf_4_4_0_clk_i/A (BUF_X4)
                  0.01    0.03    0.07 ^ clkbuf_4_4_0_clk_i/Z (BUF_X4)
     7   13.27                           clknet_4_4_0_clk_i (net)
                  0.01    0.00    0.07 ^ _547_/CK (DFFR_X1)
                  0.01    0.10    0.17 v _547_/Q (DFFR_X1)
     3    9.04                           rdata_o_q[6] (net)
                  0.01    0.00    0.17 v fp_adder/converter/_174_/A2 (NOR2_X2)
                  0.03    0.04    0.22 ^ fp_adder/converter/_174_/ZN (NOR2_X2)
     2    8.69                           fp_adder/converter/_107_ (net)
                  0.03    0.00    0.22 ^ fp_adder/converter/_175_/A2 (NAND2_X1)
                  0.02    0.03    0.25 v fp_adder/converter/_175_/ZN (NAND2_X1)
     2    6.72                           fp_adder/converter/_108_ (net)
                  0.02    0.00    0.25 v fp_adder/converter/_193_/A2 (NOR2_X2)
                  0.04    0.05    0.30 ^ fp_adder/converter/_193_/ZN (NOR2_X2)
     3   12.38                           fp_adder/converter/_126_ (net)
                  0.04    0.00    0.30 ^ fp_adder/converter/_196_/A1 (NAND2_X4)
                  0.02    0.03    0.34 v fp_adder/converter/_196_/ZN (NAND2_X4)
    13   30.43                           fp_adder/converter/_129_ (net)
                  0.02    0.00    0.34 v fp_adder/converter/_199_/A2 (NAND2_X4)
                  0.02    0.04    0.37 ^ fp_adder/converter/_199_/ZN (NAND2_X4)
    14   30.12                           fp_adder/converter/_132_ (net)
                  0.02    0.00    0.37 ^ fp_adder/converter/_233_/A1 (NAND2_X2)
                  0.01    0.03    0.40 v fp_adder/converter/_233_/ZN (NAND2_X2)
     4   10.79                           fp_adder/converter/_006_ (net)
                  0.01    0.00    0.40 v fp_adder/converter/_326_/B1 (AOI21_X1)
                  0.02    0.03    0.43 ^ fp_adder/converter/_326_/ZN (AOI21_X1)
     1    1.82                           fp_adder/converter/_089_ (net)
                  0.02    0.00    0.43 ^ fp_adder/converter/_327_/A (OAI21_X1)
                  0.01    0.02    0.45 v fp_adder/converter/_327_/ZN (OAI21_X1)
     1    2.10                           fp_adder/converter/_090_ (net)
                  0.01    0.00    0.45 v fp_adder/converter/_328_/A1 (NAND2_X1)
                  0.02    0.03    0.48 ^ fp_adder/converter/_328_/ZN (NAND2_X1)
     3    7.39                           fp_adder/operand_fp16_fp32[25] (net)
                  0.02    0.00    0.48 ^ fp_adder/adder/adder/_1257_/A (INV_X1)
                  0.01    0.02    0.50 v fp_adder/adder/adder/_1257_/ZN (INV_X1)
     2    4.82                           fp_adder/adder/adder/_0369_ (net)
                  0.01    0.00    0.50 v fp_adder/adder/adder/_1258_/A1 (NAND2_X1)
                  0.02    0.03    0.52 ^ fp_adder/adder/adder/_1258_/ZN (NAND2_X1)
     3    5.97                           fp_adder/adder/adder/_0370_ (net)
                  0.02    0.00    0.52 ^ fp_adder/adder/adder/_1261_/A1 (NAND2_X1)
                  0.01    0.02    0.54 v fp_adder/adder/adder/_1261_/ZN (NAND2_X1)
     2    3.64                           fp_adder/adder/adder/_0373_ (net)
                  0.01    0.00    0.54 v fp_adder/adder/adder/_1262_/A2 (NOR2_X1)
                  0.03    0.04    0.58 ^ fp_adder/adder/adder/_1262_/ZN (NOR2_X1)
     2    4.27                           fp_adder/adder/adder/_0374_ (net)
                  0.03    0.00    0.58 ^ fp_adder/adder/adder/_1263_/A2 (NAND2_X1)
                  0.02    0.02    0.61 v fp_adder/adder/adder/_1263_/ZN (NAND2_X1)
     2    4.34                           fp_adder/adder/adder/_0375_ (net)
                  0.02    0.00    0.61 v fp_adder/adder/adder/_1267_/A1 (NAND2_X1)
                  0.02    0.03    0.64 ^ fp_adder/adder/adder/_1267_/ZN (NAND2_X1)
     3    7.83                           fp_adder/adder/adder/_0379_ (net)
                  0.02    0.00    0.64 ^ fp_adder/adder/adder/_1300_/A1 (NAND2_X2)
                  0.02    0.03    0.67 v fp_adder/adder/adder/_1300_/ZN (NAND2_X2)
     4   13.16                           fp_adder/adder/adder/_0411_ (net)
                  0.02    0.00    0.67 v fp_adder/adder/adder/_1307_/A1 (NAND2_X4)
                  0.07    0.09    0.76 ^ fp_adder/adder/adder/_1307_/ZN (NAND2_X4)
    47  127.49                           fp_adder/adder/adder/_0418_ (net)
                  0.07    0.00    0.76 ^ fp_adder/adder/adder/_1324_/A (INV_X8)
                  0.02    0.03    0.79 v fp_adder/adder/adder/_1324_/ZN (INV_X8)
    35   75.78                           fp_adder/adder/adder/_0435_ (net)
                  0.02    0.00    0.79 v fp_adder/adder/adder/_1329_/A1 (NAND2_X1)
                  0.01    0.02    0.81 ^ fp_adder/adder/adder/_1329_/ZN (NAND2_X1)
     1    1.82                           fp_adder/adder/adder/_0440_ (net)
                  0.01    0.00    0.81 ^ fp_adder/adder/adder/_1330_/A2 (NAND2_X1)
                  0.01    0.01    0.83 v fp_adder/adder/adder/_1330_/ZN (NAND2_X1)
     1    1.76                           fp_adder/adder/adder/_0441_ (net)
                  0.01    0.00    0.83 v fp_adder/adder/adder/_1331_/A1 (NAND2_X1)
                  0.01    0.02    0.85 ^ fp_adder/adder/adder/_1331_/ZN (NAND2_X1)
     1    3.35                           fp_adder/adder/adder/_0442_ (net)
                  0.01    0.00    0.85 ^ fp_adder/adder/adder/_1338_/A1 (NAND2_X2)
                  0.01    0.02    0.87 v fp_adder/adder/adder/_1338_/ZN (NAND2_X2)
     3    9.51                           fp_adder/adder/adder/_0449_ (net)
                  0.01    0.00    0.87 v fp_adder/adder/adder/_1339_/B1 (AOI21_X4)
                  0.09    0.10    0.97 ^ fp_adder/adder/adder/_1339_/ZN (AOI21_X4)
    34   67.19                           fp_adder/adder/adder/_0450_ (net)
                  0.09    0.01    0.98 ^ fp_adder/adder/adder/_1788_/A1 (NAND2_X1)
                  0.02    0.03    1.00 v fp_adder/adder/adder/_1788_/ZN (NAND2_X1)
     2    3.33                           fp_adder/adder/adder/_0891_ (net)
                  0.02    0.00    1.00 v fp_adder/adder/adder/_1948_/A (MUX2_X1)
                  0.01    0.07    1.07 v fp_adder/adder/adder/_1948_/Z (MUX2_X1)
     2    3.18                           fp_adder/adder/adder/_1051_ (net)
                  0.01    0.00    1.07 v fp_adder/adder/adder/_1987_/B (MUX2_X1)
                  0.01    0.06    1.14 v fp_adder/adder/adder/_1987_/Z (MUX2_X1)
     2    3.90                           fp_adder/adder/adder/_1090_ (net)
                  0.01    0.00    1.14 v fp_adder/adder/adder/_1988_/A1 (NAND2_X1)
                  0.01    0.02    1.15 ^ fp_adder/adder/adder/_1988_/ZN (NAND2_X1)
     1    1.84                           fp_adder/adder/adder/_1091_ (net)
                  0.01    0.00    1.15 ^ fp_adder/adder/adder/_1991_/A1 (NAND3_X1)
                  0.02    0.02    1.18 v fp_adder/adder/adder/_1991_/ZN (NAND3_X1)
     2    3.71                           fp_adder/adder/adder/_1094_ (net)
                  0.02    0.00    1.18 v fp_adder/adder/adder/_1995_/A1 (NAND2_X1)
                  0.01    0.02    1.20 ^ fp_adder/adder/adder/_1995_/ZN (NAND2_X1)
     1    2.04                           fp_adder/adder/adder/_1098_ (net)
                  0.01    0.00    1.20 ^ fp_adder/adder/adder/_1996_/A1 (NAND2_X1)
                  0.01    0.01    1.21 v fp_adder/adder/adder/_1996_/ZN (NAND2_X1)
     1    1.66                           fp_adder/adder/adder/_1099_ (net)
                  0.01    0.00    1.21 v fp_adder/adder/adder/_1998_/A1 (NAND2_X1)
                  0.02    0.03    1.24 ^ fp_adder/adder/adder/_1998_/ZN (NAND2_X1)
     2    6.40                           fp_adder/adder/adder/_1101_ (net)
                  0.02    0.00    1.24 ^ fp_adder/adder/adder/_2003_/A1 (NOR2_X1)
                  0.01    0.02    1.26 v fp_adder/adder/adder/_2003_/ZN (NOR2_X1)
     3    6.40                           fp_adder/adder/adder/_1106_ (net)
                  0.01    0.00    1.26 v fp_adder/adder/adder/_2004_/A (INV_X2)
                  0.01    0.01    1.27 ^ fp_adder/adder/adder/_2004_/ZN (INV_X2)
     1    2.01                           fp_adder/adder/adder/_1107_ (net)
                  0.01    0.00    1.27 ^ fp_adder/adder/adder/_2006_/A1 (NAND2_X1)
                  0.01    0.02    1.29 v fp_adder/adder/adder/_2006_/ZN (NAND2_X1)
     2    6.52                           fp_adder/adder/adder/_1109_ (net)
                  0.01    0.00    1.29 v fp_adder/adder/adder/_2007_/A2 (NOR2_X1)
                  0.03    0.04    1.33 ^ fp_adder/adder/adder/_2007_/ZN (NOR2_X1)
     2    4.20                           fp_adder/adder/adder/_1110_ (net)
                  0.03    0.00    1.33 ^ fp_adder/adder/adder/_2034_/A1 (NAND2_X1)
                  0.01    0.02    1.35 v fp_adder/adder/adder/_2034_/ZN (NAND2_X1)
     1    1.92                           fp_adder/adder/adder/_0014_ (net)
                  0.01    0.00    1.35 v fp_adder/adder/adder/_2035_/A (INV_X1)
                  0.01    0.02    1.37 ^ fp_adder/adder/adder/_2035_/ZN (INV_X1)
     2    3.17                           fp_adder/adder/adder/_0015_ (net)
                  0.01    0.00    1.37 ^ fp_adder/adder/adder/_2078_/A1 (AND2_X1)
                  0.01    0.03    1.40 ^ fp_adder/adder/adder/_2078_/ZN (AND2_X1)
     1    1.83                           fp_adder/adder/adder/_0059_ (net)
                  0.01    0.00    1.40 ^ fp_adder/adder/adder/_2079_/A2 (NAND2_X1)
                  0.01    0.02    1.42 v fp_adder/adder/adder/_2079_/ZN (NAND2_X1)
     1    3.25                           fp_adder/adder/adder/_0060_ (net)
                  0.01    0.00    1.42 v fp_adder/adder/adder/_2095_/A1 (NAND2_X2)
                  0.02    0.02    1.44 ^ fp_adder/adder/adder/_2095_/ZN (NAND2_X2)
     4   10.94                           fp_adder/adder/adder/_0078_ (net)
                  0.02    0.00    1.44 ^ fp_adder/adder/adder/_2262_/A1 (NAND2_X1)
                  0.01    0.02    1.46 v fp_adder/adder/adder/_2262_/ZN (NAND2_X1)
     1    1.81                           fp_adder/adder/adder/_0241_ (net)
                  0.01    0.00    1.46 v fp_adder/adder/adder/_2263_/A1 (NAND2_X1)
                  0.02    0.03    1.49 ^ fp_adder/adder/adder/_2263_/ZN (NAND2_X1)
     3    7.82                           fp_adder/adder/adder/_0242_ (net)
                  0.02    0.00    1.49 ^ fp_adder/adder/adder/_2268_/A1 (NAND2_X1)
                  0.01    0.02    1.50 v fp_adder/adder/adder/_2268_/ZN (NAND2_X1)
     1    1.87                           fp_adder/adder/adder/_0245_ (net)
                  0.01    0.00    1.50 v fp_adder/adder/adder/_2269_/A1 (NAND2_X1)
                  0.02    0.03    1.53 ^ fp_adder/adder/adder/_2269_/ZN (NAND2_X1)
     2    6.24                           fp_adder/adder/adder/_0246_ (net)
                  0.02    0.00    1.53 ^ fp_adder/adder/adder/_2272_/A1 (NAND2_X1)
                  0.01    0.02    1.55 v fp_adder/adder/adder/_2272_/ZN (NAND2_X1)
     2    3.55                           fp_adder/adder/adder/_0249_ (net)
                  0.01    0.00    1.55 v fp_adder/adder/adder/_2276_/A1 (NAND3_X1)
                  0.02    0.02    1.57 ^ fp_adder/adder/adder/_2276_/ZN (NAND3_X1)
     1    3.69                           fp_adder/adder/adder/_0253_ (net)
                  0.02    0.00    1.57 ^ fp_adder/adder/adder/_2277_/A2 (NAND2_X2)
                  0.01    0.02    1.60 v fp_adder/adder/adder/_2277_/ZN (NAND2_X2)
     4   10.65                           fp_adder/adder/mant_prenorm_d[43] (net)
                  0.01    0.00    1.60 v fp_adder/adder/norm/LOD/_177_/A2 (NOR2_X1)
                  0.02    0.04    1.64 ^ fp_adder/adder/norm/LOD/_177_/ZN (NOR2_X1)
     2    3.70                           fp_adder/adder/norm/LOD/_133_ (net)
                  0.02    0.00    1.64 ^ fp_adder/adder/norm/LOD/_178_/A2 (NAND2_X1)
                  0.02    0.03    1.67 v fp_adder/adder/norm/LOD/_178_/ZN (NAND2_X1)
     2    7.89                           fp_adder/adder/norm/LOD/_134_ (net)
                  0.02    0.00    1.67 v fp_adder/adder/norm/LOD/_179_/A (INV_X4)
                  0.01    0.01    1.68 ^ fp_adder/adder/norm/LOD/_179_/ZN (INV_X4)
     1    3.36                           fp_adder/adder/norm/LOD/_135_ (net)
                  0.01    0.00    1.68 ^ fp_adder/adder/norm/LOD/_187_/A1 (NAND2_X2)
                  0.01    0.02    1.70 v fp_adder/adder/norm/LOD/_187_/ZN (NAND2_X2)
     5    9.56                           fp_adder/adder/norm/LOD/_143_ (net)
                  0.01    0.00    1.70 v fp_adder/adder/norm/LOD/_200_/A1 (NOR2_X2)
                  0.03    0.04    1.74 ^ fp_adder/adder/norm/LOD/_200_/ZN (NOR2_X2)
     5    9.79                           fp_adder/adder/norm/LOD/_008_ (net)
                  0.03    0.00    1.74 ^ fp_adder/adder/norm/LOD/_207_/A1 (NAND2_X1)
                  0.02    0.03    1.77 v fp_adder/adder/norm/LOD/_207_/ZN (NAND2_X1)
     2    5.07                           fp_adder/adder/norm/LOD/_015_ (net)
                  0.02    0.00    1.77 v fp_adder/adder/norm/LOD/_292_/A (INV_X2)
                  0.01    0.02    1.79 ^ fp_adder/adder/norm/LOD/_292_/ZN (INV_X2)
     3    9.16                           fp_adder/adder/norm/Mant_leadingOne_D[4] (net)
                  0.01    0.00    1.79 ^ fp_adder/adder/norm/LOD/_295_/A1 (NAND2_X1)
                  0.01    0.01    1.80 v fp_adder/adder/norm/LOD/_295_/ZN (NAND2_X1)
     1    1.59                           fp_adder/adder/norm/LOD/_099_ (net)
                  0.01    0.00    1.80 v fp_adder/adder/norm/LOD/_296_/A3 (NAND3_X1)
                  0.02    0.03    1.83 ^ fp_adder/adder/norm/LOD/_296_/ZN (NAND3_X1)
     2    4.64                           fp_adder/adder/norm/Mant_leadingOne_D[2] (net)
                  0.02    0.00    1.83 ^ fp_adder/adder/norm/_1150_/A (INV_X1)
                  0.01    0.01    1.84 v fp_adder/adder/norm/_1150_/ZN (INV_X1)
     2    3.57                           fp_adder/adder/norm/_0101_ (net)
                  0.01    0.00    1.84 v fp_adder/adder/norm/_1151_/A1 (NAND2_X1)
                  0.03    0.03    1.88 ^ fp_adder/adder/norm/_1151_/ZN (NAND2_X1)
     3    9.06                           fp_adder/adder/norm/_0112_ (net)
                  0.03    0.00    1.88 ^ fp_adder/adder/norm/_1152_/A2 (NAND2_X1)
                  0.02    0.03    1.91 v fp_adder/adder/norm/_1152_/ZN (NAND2_X1)
     3    7.44                           fp_adder/adder/norm/_0123_ (net)
                  0.02    0.00    1.91 v fp_adder/adder/norm/_1158_/A1 (NOR2_X1)
                  0.02    0.04    1.94 ^ fp_adder/adder/norm/_1158_/ZN (NOR2_X1)
     2    3.56                           fp_adder/adder/norm/_0189_ (net)
                  0.02    0.00    1.94 ^ fp_adder/adder/norm/_1159_/A2 (NAND2_X1)
                  0.01    0.02    1.96 v fp_adder/adder/norm/_1159_/ZN (NAND2_X1)
     1    1.78                           fp_adder/adder/norm/_0200_ (net)
                  0.01    0.00    1.96 v fp_adder/adder/norm/_1163_/A1 (NAND2_X1)
                  0.01    0.01    1.97 ^ fp_adder/adder/norm/_1163_/ZN (NAND2_X1)
     1    1.82                           fp_adder/adder/norm/_0239_ (net)
                  0.01    0.00    1.97 ^ fp_adder/adder/norm/_1186_/A1 (NAND2_X1)
                  0.01    0.01    1.99 v fp_adder/adder/norm/_1186_/ZN (NAND2_X1)
     1    1.74                           fp_adder/adder/norm/_0282_ (net)
                  0.01    0.00    1.99 v fp_adder/adder/norm/_1194_/A1 (NAND2_X1)
                  0.01    0.02    2.01 ^ fp_adder/adder/norm/_1194_/ZN (NAND2_X1)
     1    3.24                           fp_adder/adder/norm/_0290_ (net)
                  0.01    0.00    2.01 ^ fp_adder/adder/norm/_1198_/A1 (NAND2_X2)
                  0.01    0.02    2.03 v fp_adder/adder/norm/_1198_/ZN (NAND2_X2)
     4   11.91                           fp_adder/adder/norm/_0294_ (net)
                  0.01    0.00    2.03 v fp_adder/adder/norm/_1211_/A1 (NAND2_X4)
                  0.03    0.04    2.07 ^ fp_adder/adder/norm/_1211_/ZN (NAND2_X4)
    13   49.47                           fp_adder/adder/norm/_0307_ (net)
                  0.03    0.00    2.07 ^ fp_adder/adder/norm/_1215_/A1 (NAND2_X1)
                  0.02    0.03    2.10 v fp_adder/adder/norm/_1215_/ZN (NAND2_X1)
     1    6.00                           fp_adder/adder/norm/_0311_ (net)
                  0.02    0.00    2.10 v fp_adder/adder/norm/_1217_/A1 (NAND2_X4)
                  0.08    0.08    2.18 ^ fp_adder/adder/norm/_1217_/ZN (NAND2_X4)
    52  135.12                           fp_adder/adder/norm/_0313_ (net)
                  0.08    0.01    2.19 ^ fp_adder/adder/norm/_1221_/A2 (NAND3_X2)
                  0.02    0.04    2.23 v fp_adder/adder/norm/_1221_/ZN (NAND3_X2)
     3    8.27                           fp_adder/adder/norm/_0317_ (net)
                  0.02    0.00    2.23 v fp_adder/adder/norm/_1236_/A1 (NAND3_X1)
                  0.02    0.03    2.27 ^ fp_adder/adder/norm/_1236_/ZN (NAND3_X1)
     2    5.77                           fp_adder/adder/norm/_0332_ (net)
                  0.02    0.00    2.27 ^ fp_adder/adder/norm/_1238_/A1 (NAND2_X1)
                  0.02    0.03    2.29 v fp_adder/adder/norm/_1238_/ZN (NAND2_X1)
     1    6.26                           fp_adder/adder/norm/_0334_ (net)
                  0.02    0.00    2.29 v fp_adder/adder/norm/_1240_/A1 (NAND2_X4)
                  0.05    0.06    2.35 ^ fp_adder/adder/norm/_1240_/ZN (NAND2_X4)
    39   91.27                           fp_adder/adder/norm/_0336_ (net)
                  0.05    0.01    2.37 ^ fp_adder/adder/norm/_1269_/A1 (AND2_X4)
                  0.04    0.07    2.44 ^ fp_adder/adder/norm/_1269_/ZN (AND2_X4)
    26   63.99                           fp_adder/adder/norm/_0365_ (net)
                  0.04    0.00    2.44 ^ fp_adder/adder/norm/_1615_/A1 (NAND2_X1)
                  0.02    0.03    2.48 v fp_adder/adder/norm/_1615_/ZN (NAND2_X1)
     4    7.19                           fp_adder/adder/norm/_0711_ (net)
                  0.02    0.00    2.48 v fp_adder/adder/norm/_1739_/A2 (NAND3_X1)
                  0.02    0.03    2.51 ^ fp_adder/adder/norm/_1739_/ZN (NAND3_X1)
     2    3.88                           fp_adder/adder/norm/_0835_ (net)
                  0.02    0.00    2.51 ^ fp_adder/adder/norm/_1740_/A2 (NAND2_X1)
                  0.02    0.03    2.53 v fp_adder/adder/norm/_1740_/ZN (NAND2_X1)
     3    6.75                           fp_adder/adder/norm/_0836_ (net)
                  0.02    0.00    2.53 v fp_adder/adder/norm/_1741_/A1 (NAND2_X1)
                  0.01    0.02    2.55 ^ fp_adder/adder/norm/_1741_/ZN (NAND2_X1)
     1    1.98                           fp_adder/adder/norm/_0837_ (net)
                  0.01    0.00    2.55 ^ fp_adder/adder/norm/_1742_/A2 (NAND2_X1)
                  0.01    0.01    2.57 v fp_adder/adder/norm/_1742_/ZN (NAND2_X1)
     1    2.09                           fp_adder/adder/norm/_0838_ (net)
                  0.01    0.00    2.57 v fp_adder/adder/norm/_1743_/A1 (NAND2_X1)
                  0.01    0.02    2.59 ^ fp_adder/adder/norm/_1743_/ZN (NAND2_X1)
     1    3.27                           fp_adder/adder/norm/_0839_ (net)
                  0.01    0.00    2.59 ^ fp_adder/adder/norm/_1744_/A2 (NAND2_X1)
                  0.01    0.01    2.60 v fp_adder/adder/norm/_1744_/ZN (NAND2_X1)
     1    1.52                           fp_adder/adder/norm/_0840_ (net)
                  0.01    0.00    2.60 v fp_adder/adder/norm/_1756_/A1 (NOR2_X1)
                  0.05    0.06    2.66 ^ fp_adder/adder/norm/_1756_/ZN (NOR2_X1)
     2    8.56                           fp_adder/adder/norm/_0852_ (net)
                  0.05    0.00    2.66 ^ fp_adder/adder/norm/_1784_/A1 (NAND2_X1)
                  0.01    0.02    2.68 v fp_adder/adder/norm/_1784_/ZN (NAND2_X1)
     1    1.69                           fp_adder/adder/norm/_0880_ (net)
                  0.01    0.00    2.68 v fp_adder/adder/norm/_1843_/A1 (NOR2_X1)
                  0.02    0.04    2.71 ^ fp_adder/adder/norm/_1843_/ZN (NOR2_X1)
     2    3.65                           fp_adder/adder/norm/_0939_ (net)
                  0.02    0.00    2.71 ^ fp_adder/adder/norm/_1844_/A3 (NAND3_X1)
                  0.02    0.03    2.74 v fp_adder/adder/norm/_1844_/ZN (NAND3_X1)
     2    4.72                           fp_adder/adder/norm/_0940_ (net)
                  0.02    0.00    2.74 v fp_adder/adder/norm/_1992_/A1 (NOR2_X2)
                  0.04    0.06    2.80 ^ fp_adder/adder/norm/_1992_/ZN (NOR2_X2)
     6   15.08                           fp_adder/adder/norm/_1088_ (net)
                  0.04    0.00    2.80 ^ fp_adder/adder/norm/_2078_/A1 (NAND4_X1)
                  0.02    0.04    2.84 v fp_adder/adder/norm/_2078_/ZN (NAND4_X1)
     1    2.20                           fp_adder/adder/norm/_0039_ (net)
                  0.02    0.00    2.84 v fp_adder/adder/norm/_2079_/A1 (NAND2_X1)
                  0.03    0.04    2.88 ^ fp_adder/adder/norm/_2079_/ZN (NAND2_X1)
     3    8.99                           fp_adder/adder/norm/_0040_ (net)
                  0.03    0.00    2.88 ^ fp_adder/adder/norm/_2089_/A1 (NAND2_X1)
                  0.01    0.02    2.89 v fp_adder/adder/norm/_2089_/ZN (NAND2_X1)
     1    1.72                           fp_adder/adder/norm/_0049_ (net)
                  0.01    0.00    2.89 v fp_adder/adder/norm/_2093_/A1 (NAND2_X1)
                  0.02    0.03    2.92 ^ fp_adder/adder/norm/_2093_/ZN (NAND2_X1)
     3    8.38                           fp_adder/adder/norm/_0054_ (net)
                  0.02    0.00    2.92 ^ fp_adder/adder/norm/_2104_/A1 (NAND2_X1)
                  0.01    0.02    2.94 v fp_adder/adder/norm/_2104_/ZN (NAND2_X1)
     1    1.68                           fp_adder/adder/norm/_0064_ (net)
                  0.01    0.00    2.94 v fp_adder/adder/norm/_2106_/A1 (NAND2_X1)
                  0.02    0.03    2.97 ^ fp_adder/adder/norm/_2106_/ZN (NAND2_X1)
     2    6.23                           fp_adder/adder/norm/_0066_ (net)
                  0.02    0.00    2.97 ^ fp_adder/adder/norm/_2112_/A1 (NAND2_X1)
                  0.01    0.02    2.99 v fp_adder/adder/norm/_2112_/ZN (NAND2_X1)
     2    3.63                           fp_adder/adder/norm/_0072_ (net)
                  0.01    0.00    2.99 v fp_adder/adder/norm/_2113_/A1 (NAND2_X1)
                  0.01    0.02    3.00 ^ fp_adder/adder/norm/_2113_/ZN (NAND2_X1)
     1    1.68                           fp_adder/adder/norm/_0073_ (net)
                  0.01    0.00    3.00 ^ fp_adder/adder/norm/_2116_/A1 (NAND2_X1)
                  0.01    0.01    3.01 v fp_adder/adder/norm/_2116_/ZN (NAND2_X1)
     1    1.80                           fp_adder/adder/norm/_0076_ (net)
                  0.01    0.00    3.01 v fp_adder/adder/norm/_2119_/A1 (NAND2_X1)
                  0.02    0.03    3.04 ^ fp_adder/adder/norm/_2119_/ZN (NAND2_X1)
     2    6.84                           result_int_d[30] (net)
                  0.02    0.00    3.04 ^ _499_/A4 (NAND4_X1)
                  0.03    0.03    3.07 v _499_/ZN (NAND4_X1)
     1    1.90                           _178_ (net)
                  0.03    0.00    3.07 v _500_/A2 (NAND2_X1)
                  0.01    0.02    3.10 ^ _500_/ZN (NAND2_X1)
     1    1.40                           _030_ (net)
                  0.01    0.00    3.10 ^ _539_/D (DFFR_X1)
                                  3.10   data arrival time

                          3.00    3.00   clock clk_i (rise edge)
                          0.00    3.00   clock source latency
                  0.00    0.00    3.00 ^ clk_i (in)
     1   51.29                           clk_i (net)
                  0.01    0.01    3.01 ^ clkbuf_0_clk_i/A (BUF_X32)
                  0.01    0.02    3.03 ^ clkbuf_0_clk_i/Z (BUF_X32)
    16   96.99                           clknet_0_clk_i (net)
                  0.02    0.01    3.05 ^ clkbuf_4_12_0_clk_i/A (BUF_X4)
                  0.01    0.03    3.08 ^ clkbuf_4_12_0_clk_i/Z (BUF_X4)
    10   15.52                           clknet_4_12_0_clk_i (net)
                  0.01    0.00    3.08 ^ _539_/CK (DFFR_X1)
                          0.00    3.08   clock reconvergence pessimism
                         -0.03    3.05   library setup time
                                  3.05   data required time
-----------------------------------------------------------------------------
                                  3.05   data required time
                                 -3.10   data arrival time
-----------------------------------------------------------------------------
                                 -0.05   slack (VIOLATED)



==========================================================================
global route report_checks -unconstrained
--------------------------------------------------------------------------
Startpoint: rst_ni (input port clocked by clk_i)
Endpoint: _547_ (recovery check against rising-edge clock clk_i)
Path Group: **async_default**
Path Type: max

Fanout     Cap    Slew   Delay    Time   Description
-----------------------------------------------------------------------------
                          0.00    0.00   clock clk_i (rise edge)
                          0.00    0.00   clock network delay (propagated)
                          0.30    0.30 ^ input external delay
                  0.00    0.00    0.30 ^ rst_ni (in)
     1    2.22                           rst_ni (net)
                  0.00    0.00    0.30 ^ hold1043/A (CLKBUF_X3)
                  0.02    0.05    0.35 ^ hold1043/Z (CLKBUF_X3)
     1   27.73                           net1403 (net)
                  0.02    0.00    0.35 ^ input11/A (BUF_X32)
                  0.01    0.03    0.38 ^ input11/Z (BUF_X32)
    87  205.13                           net11 (net)
                  0.03    0.02    0.40 ^ _547_/RN (DFFR_X1)
                                  0.40   data arrival time

                          3.00    3.00   clock clk_i (rise edge)
                          0.00    3.00   clock source latency
                  0.00    0.00    3.00 ^ clk_i (in)
     1   51.29                           clk_i (net)
                  0.01    0.01    3.01 ^ clkbuf_0_clk_i/A (BUF_X32)
                  0.01    0.02    3.03 ^ clkbuf_0_clk_i/Z (BUF_X32)
    16   96.99                           clknet_0_clk_i (net)
                  0.02    0.01    3.05 ^ clkbuf_4_4_0_clk_i/A (BUF_X4)
                  0.01    0.03    3.07 ^ clkbuf_4_4_0_clk_i/Z (BUF_X4)
     7   13.27                           clknet_4_4_0_clk_i (net)
                  0.01    0.00    3.07 ^ _547_/CK (DFFR_X1)
                          0.00    3.07   clock reconvergence pessimism
                          0.05    3.13   library recovery time
                                  3.13   data required time
-----------------------------------------------------------------------------
                                  3.13   data required time
                                 -0.40   data arrival time
-----------------------------------------------------------------------------
                                  2.73   slack (MET)


Startpoint: lut/gen_sub_units_scm[2].sub_unit_i/_2816_
            (negative level-sensitive latch clocked by clk_i)
Endpoint: lut/gen_sub_units_scm[2].sub_unit_i/_2372_
          (rising clock gating-check end-point clocked by clk_i)
Path Group: **clock_gating_default**
Path Type: max

Fanout     Cap    Slew   Delay    Time   Description
-----------------------------------------------------------------------------
                          1.50    1.50   clock clk_i (fall edge)
                          0.00    1.50   clock source latency
                  0.00    0.00    1.50 v clk_i (in)
     1   48.16                           clk_i (net)
                  0.01    0.01    1.51 v clkbuf_0_clk_i/A (BUF_X32)
                  0.01    0.03    1.54 v clkbuf_0_clk_i/Z (BUF_X32)
    16   90.62                           clknet_0_clk_i (net)
                  0.01    0.01    1.55 v clkbuf_4_4_0_clk_i/A (BUF_X4)
                  0.01    0.03    1.58 v clkbuf_4_4_0_clk_i/Z (BUF_X4)
     7   12.62                           clknet_4_4_0_clk_i (net)
                  0.01    0.00    1.58 v lut/gen_sub_units_scm[2].sub_unit_i/_2366_/A1 (NAND2_X1)
                  0.07    0.08    1.66 ^ lut/gen_sub_units_scm[2].sub_unit_i/_2366_/ZN (NAND2_X1)
     1   29.93                           lut/gen_sub_units_scm[2].sub_unit_i/_0830_ (net)
                  0.07    0.00    1.66 ^ clkbuf_0_lut/gen_sub_units_scm[2].sub_unit_i/_0830_/A (BUF_X32)
                  0.02    0.04    1.70 ^ clkbuf_0_lut/gen_sub_units_scm[2].sub_unit_i/_0830_/Z (BUF_X32)
     8  218.61                           clknet_0_lut/gen_sub_units_scm[2].sub_unit_i/_0830_ (net)
                  0.02    0.01    1.71 ^ clkbuf_3_3__f_lut/gen_sub_units_scm[2].sub_unit_i/_0830_/A (BUF_X32)
                  0.01    0.02    1.73 ^ clkbuf_3_3__f_lut/gen_sub_units_scm[2].sub_unit_i/_0830_/Z (BUF_X32)
     9   25.68                           clknet_3_3__leaf_lut/gen_sub_units_scm[2].sub_unit_i/_0830_ (net)
                  0.01    0.00    1.73 ^ lut/gen_sub_units_scm[2].sub_unit_i/_2367__561/A (INV_X1)
                  0.00    0.01    1.74 v lut/gen_sub_units_scm[2].sub_unit_i/_2367__561/ZN (INV_X1)
     1    3.04                           net921 (net)
                  0.00    0.00    1.74 v lut/gen_sub_units_scm[2].sub_unit_i/_2816_/GN (DLL_X1)
                  0.01    0.07    1.81 v lut/gen_sub_units_scm[2].sub_unit_i/_2816_/Q (DLL_X1)
     1    1.98                           lut/gen_sub_units_scm[2].sub_unit_i/gen_cg_word_iter[8].cg_i.en_latch (net)
                  0.01    0.00    1.81 v lut/gen_sub_units_scm[2].sub_unit_i/_2372_/A2 (AND2_X1)
                                  1.81   data arrival time

                          3.00    3.00   clock clk_i (rise edge)
                          0.00    3.00   clock source latency
                  0.00    0.00    3.00 ^ clk_i (in)
     1   51.29                           clk_i (net)
                  0.01    0.01    3.01 ^ clkbuf_0_clk_i/A (BUF_X32)
                  0.01    0.02    3.03 ^ clkbuf_0_clk_i/Z (BUF_X32)
    16   96.99                           clknet_0_clk_i (net)
                  0.02    0.01    3.05 ^ clkbuf_4_4_0_clk_i/A (BUF_X4)
                  0.01    0.03    3.07 ^ clkbuf_4_4_0_clk_i/Z (BUF_X4)
     7   13.27                           clknet_4_4_0_clk_i (net)
                  0.01    0.00    3.07 ^ lut/gen_sub_units_scm[2].sub_unit_i/_2366_/A1 (NAND2_X1)
                  0.05    0.06    3.14 v lut/gen_sub_units_scm[2].sub_unit_i/_2366_/ZN (NAND2_X1)
     1   26.80                           lut/gen_sub_units_scm[2].sub_unit_i/_0830_ (net)
                  0.05    0.00    3.14 v clkbuf_0_lut/gen_sub_units_scm[2].sub_unit_i/_0830_/A (BUF_X32)
                  0.01    0.05    3.19 v clkbuf_0_lut/gen_sub_units_scm[2].sub_unit_i/_0830_/Z (BUF_X32)
     8  193.56                           clknet_0_lut/gen_sub_units_scm[2].sub_unit_i/_0830_ (net)
                  0.01    0.00    3.19 v clkbuf_3_2__f_lut/gen_sub_units_scm[2].sub_unit_i/_0830_/A (BUF_X32)
                  0.00    0.02    3.21 v clkbuf_3_2__f_lut/gen_sub_units_scm[2].sub_unit_i/_0830_/Z (BUF_X32)
     8   22.89                           clknet_3_2__leaf_lut/gen_sub_units_scm[2].sub_unit_i/_0830_ (net)
                  0.00    0.00    3.22 v lut/gen_sub_units_scm[2].sub_unit_i/_2367__552/A (INV_X1)
                  0.01    0.01    3.23 ^ lut/gen_sub_units_scm[2].sub_unit_i/_2367__552/ZN (INV_X1)
     1    2.38                           net912 (net)
                  0.01    0.00    3.23 ^ lut/gen_sub_units_scm[2].sub_unit_i/_2372_/A1 (AND2_X1)
                          0.00    3.23   clock reconvergence pessimism
                          0.00    3.23   clock gating setup time
                                  3.23   data required time
-----------------------------------------------------------------------------
                                  3.23   data required time
                                 -1.81   data arrival time
-----------------------------------------------------------------------------
                                  1.41   slack (MET)


Startpoint: _547_ (rising edge-triggered flip-flop clocked by clk_i)
Endpoint: _539_ (rising edge-triggered flip-flop clocked by clk_i)
Path Group: clk_i
Path Type: max

Fanout     Cap    Slew   Delay    Time   Description
-----------------------------------------------------------------------------
                          0.00    0.00   clock clk_i (rise edge)
                          0.00    0.00   clock source latency
                  0.00    0.00    0.00 ^ clk_i (in)
     1   51.29                           clk_i (net)
                  0.01    0.01    0.01 ^ clkbuf_0_clk_i/A (BUF_X32)
                  0.01    0.02    0.03 ^ clkbuf_0_clk_i/Z (BUF_X32)
    16   96.99                           clknet_0_clk_i (net)
                  0.02    0.01    0.05 ^ clkbuf_4_4_0_clk_i/A (BUF_X4)
                  0.01    0.03    0.07 ^ clkbuf_4_4_0_clk_i/Z (BUF_X4)
     7   13.27                           clknet_4_4_0_clk_i (net)
                  0.01    0.00    0.07 ^ _547_/CK (DFFR_X1)
                  0.01    0.10    0.17 v _547_/Q (DFFR_X1)
     3    9.04                           rdata_o_q[6] (net)
                  0.01    0.00    0.17 v fp_adder/converter/_174_/A2 (NOR2_X2)
                  0.03    0.04    0.22 ^ fp_adder/converter/_174_/ZN (NOR2_X2)
     2    8.69                           fp_adder/converter/_107_ (net)
                  0.03    0.00    0.22 ^ fp_adder/converter/_175_/A2 (NAND2_X1)
                  0.02    0.03    0.25 v fp_adder/converter/_175_/ZN (NAND2_X1)
     2    6.72                           fp_adder/converter/_108_ (net)
                  0.02    0.00    0.25 v fp_adder/converter/_193_/A2 (NOR2_X2)
                  0.04    0.05    0.30 ^ fp_adder/converter/_193_/ZN (NOR2_X2)
     3   12.38                           fp_adder/converter/_126_ (net)
                  0.04    0.00    0.30 ^ fp_adder/converter/_196_/A1 (NAND2_X4)
                  0.02    0.03    0.34 v fp_adder/converter/_196_/ZN (NAND2_X4)
    13   30.43                           fp_adder/converter/_129_ (net)
                  0.02    0.00    0.34 v fp_adder/converter/_199_/A2 (NAND2_X4)
                  0.02    0.04    0.37 ^ fp_adder/converter/_199_/ZN (NAND2_X4)
    14   30.12                           fp_adder/converter/_132_ (net)
                  0.02    0.00    0.37 ^ fp_adder/converter/_233_/A1 (NAND2_X2)
                  0.01    0.03    0.40 v fp_adder/converter/_233_/ZN (NAND2_X2)
     4   10.79                           fp_adder/converter/_006_ (net)
                  0.01    0.00    0.40 v fp_adder/converter/_326_/B1 (AOI21_X1)
                  0.02    0.03    0.43 ^ fp_adder/converter/_326_/ZN (AOI21_X1)
     1    1.82                           fp_adder/converter/_089_ (net)
                  0.02    0.00    0.43 ^ fp_adder/converter/_327_/A (OAI21_X1)
                  0.01    0.02    0.45 v fp_adder/converter/_327_/ZN (OAI21_X1)
     1    2.10                           fp_adder/converter/_090_ (net)
                  0.01    0.00    0.45 v fp_adder/converter/_328_/A1 (NAND2_X1)
                  0.02    0.03    0.48 ^ fp_adder/converter/_328_/ZN (NAND2_X1)
     3    7.39                           fp_adder/operand_fp16_fp32[25] (net)
                  0.02    0.00    0.48 ^ fp_adder/adder/adder/_1257_/A (INV_X1)
                  0.01    0.02    0.50 v fp_adder/adder/adder/_1257_/ZN (INV_X1)
     2    4.82                           fp_adder/adder/adder/_0369_ (net)
                  0.01    0.00    0.50 v fp_adder/adder/adder/_1258_/A1 (NAND2_X1)
                  0.02    0.03    0.52 ^ fp_adder/adder/adder/_1258_/ZN (NAND2_X1)
     3    5.97                           fp_adder/adder/adder/_0370_ (net)
                  0.02    0.00    0.52 ^ fp_adder/adder/adder/_1261_/A1 (NAND2_X1)
                  0.01    0.02    0.54 v fp_adder/adder/adder/_1261_/ZN (NAND2_X1)
     2    3.64                           fp_adder/adder/adder/_0373_ (net)
                  0.01    0.00    0.54 v fp_adder/adder/adder/_1262_/A2 (NOR2_X1)
                  0.03    0.04    0.58 ^ fp_adder/adder/adder/_1262_/ZN (NOR2_X1)
     2    4.27                           fp_adder/adder/adder/_0374_ (net)
                  0.03    0.00    0.58 ^ fp_adder/adder/adder/_1263_/A2 (NAND2_X1)
                  0.02    0.02    0.61 v fp_adder/adder/adder/_1263_/ZN (NAND2_X1)
     2    4.34                           fp_adder/adder/adder/_0375_ (net)
                  0.02    0.00    0.61 v fp_adder/adder/adder/_1267_/A1 (NAND2_X1)
                  0.02    0.03    0.64 ^ fp_adder/adder/adder/_1267_/ZN (NAND2_X1)
     3    7.83                           fp_adder/adder/adder/_0379_ (net)
                  0.02    0.00    0.64 ^ fp_adder/adder/adder/_1300_/A1 (NAND2_X2)
                  0.02    0.03    0.67 v fp_adder/adder/adder/_1300_/ZN (NAND2_X2)
     4   13.16                           fp_adder/adder/adder/_0411_ (net)
                  0.02    0.00    0.67 v fp_adder/adder/adder/_1307_/A1 (NAND2_X4)
                  0.07    0.09    0.76 ^ fp_adder/adder/adder/_1307_/ZN (NAND2_X4)
    47  127.49                           fp_adder/adder/adder/_0418_ (net)
                  0.07    0.00    0.76 ^ fp_adder/adder/adder/_1324_/A (INV_X8)
                  0.02    0.03    0.79 v fp_adder/adder/adder/_1324_/ZN (INV_X8)
    35   75.78                           fp_adder/adder/adder/_0435_ (net)
                  0.02    0.00    0.79 v fp_adder/adder/adder/_1329_/A1 (NAND2_X1)
                  0.01    0.02    0.81 ^ fp_adder/adder/adder/_1329_/ZN (NAND2_X1)
     1    1.82                           fp_adder/adder/adder/_0440_ (net)
                  0.01    0.00    0.81 ^ fp_adder/adder/adder/_1330_/A2 (NAND2_X1)
                  0.01    0.01    0.83 v fp_adder/adder/adder/_1330_/ZN (NAND2_X1)
     1    1.76                           fp_adder/adder/adder/_0441_ (net)
                  0.01    0.00    0.83 v fp_adder/adder/adder/_1331_/A1 (NAND2_X1)
                  0.01    0.02    0.85 ^ fp_adder/adder/adder/_1331_/ZN (NAND2_X1)
     1    3.35                           fp_adder/adder/adder/_0442_ (net)
                  0.01    0.00    0.85 ^ fp_adder/adder/adder/_1338_/A1 (NAND2_X2)
                  0.01    0.02    0.87 v fp_adder/adder/adder/_1338_/ZN (NAND2_X2)
     3    9.51                           fp_adder/adder/adder/_0449_ (net)
                  0.01    0.00    0.87 v fp_adder/adder/adder/_1339_/B1 (AOI21_X4)
                  0.09    0.10    0.97 ^ fp_adder/adder/adder/_1339_/ZN (AOI21_X4)
    34   67.19                           fp_adder/adder/adder/_0450_ (net)
                  0.09    0.01    0.98 ^ fp_adder/adder/adder/_1788_/A1 (NAND2_X1)
                  0.02    0.03    1.00 v fp_adder/adder/adder/_1788_/ZN (NAND2_X1)
     2    3.33                           fp_adder/adder/adder/_0891_ (net)
                  0.02    0.00    1.00 v fp_adder/adder/adder/_1948_/A (MUX2_X1)
                  0.01    0.07    1.07 v fp_adder/adder/adder/_1948_/Z (MUX2_X1)
     2    3.18                           fp_adder/adder/adder/_1051_ (net)
                  0.01    0.00    1.07 v fp_adder/adder/adder/_1987_/B (MUX2_X1)
                  0.01    0.06    1.14 v fp_adder/adder/adder/_1987_/Z (MUX2_X1)
     2    3.90                           fp_adder/adder/adder/_1090_ (net)
                  0.01    0.00    1.14 v fp_adder/adder/adder/_1988_/A1 (NAND2_X1)
                  0.01    0.02    1.15 ^ fp_adder/adder/adder/_1988_/ZN (NAND2_X1)
     1    1.84                           fp_adder/adder/adder/_1091_ (net)
                  0.01    0.00    1.15 ^ fp_adder/adder/adder/_1991_/A1 (NAND3_X1)
                  0.02    0.02    1.18 v fp_adder/adder/adder/_1991_/ZN (NAND3_X1)
     2    3.71                           fp_adder/adder/adder/_1094_ (net)
                  0.02    0.00    1.18 v fp_adder/adder/adder/_1995_/A1 (NAND2_X1)
                  0.01    0.02    1.20 ^ fp_adder/adder/adder/_1995_/ZN (NAND2_X1)
     1    2.04                           fp_adder/adder/adder/_1098_ (net)
                  0.01    0.00    1.20 ^ fp_adder/adder/adder/_1996_/A1 (NAND2_X1)
                  0.01    0.01    1.21 v fp_adder/adder/adder/_1996_/ZN (NAND2_X1)
     1    1.66                           fp_adder/adder/adder/_1099_ (net)
                  0.01    0.00    1.21 v fp_adder/adder/adder/_1998_/A1 (NAND2_X1)
                  0.02    0.03    1.24 ^ fp_adder/adder/adder/_1998_/ZN (NAND2_X1)
     2    6.40                           fp_adder/adder/adder/_1101_ (net)
                  0.02    0.00    1.24 ^ fp_adder/adder/adder/_2003_/A1 (NOR2_X1)
                  0.01    0.02    1.26 v fp_adder/adder/adder/_2003_/ZN (NOR2_X1)
     3    6.40                           fp_adder/adder/adder/_1106_ (net)
                  0.01    0.00    1.26 v fp_adder/adder/adder/_2004_/A (INV_X2)
                  0.01    0.01    1.27 ^ fp_adder/adder/adder/_2004_/ZN (INV_X2)
     1    2.01                           fp_adder/adder/adder/_1107_ (net)
                  0.01    0.00    1.27 ^ fp_adder/adder/adder/_2006_/A1 (NAND2_X1)
                  0.01    0.02    1.29 v fp_adder/adder/adder/_2006_/ZN (NAND2_X1)
     2    6.52                           fp_adder/adder/adder/_1109_ (net)
                  0.01    0.00    1.29 v fp_adder/adder/adder/_2007_/A2 (NOR2_X1)
                  0.03    0.04    1.33 ^ fp_adder/adder/adder/_2007_/ZN (NOR2_X1)
     2    4.20                           fp_adder/adder/adder/_1110_ (net)
                  0.03    0.00    1.33 ^ fp_adder/adder/adder/_2034_/A1 (NAND2_X1)
                  0.01    0.02    1.35 v fp_adder/adder/adder/_2034_/ZN (NAND2_X1)
     1    1.92                           fp_adder/adder/adder/_0014_ (net)
                  0.01    0.00    1.35 v fp_adder/adder/adder/_2035_/A (INV_X1)
                  0.01    0.02    1.37 ^ fp_adder/adder/adder/_2035_/ZN (INV_X1)
     2    3.17                           fp_adder/adder/adder/_0015_ (net)
                  0.01    0.00    1.37 ^ fp_adder/adder/adder/_2078_/A1 (AND2_X1)
                  0.01    0.03    1.40 ^ fp_adder/adder/adder/_2078_/ZN (AND2_X1)
     1    1.83                           fp_adder/adder/adder/_0059_ (net)
                  0.01    0.00    1.40 ^ fp_adder/adder/adder/_2079_/A2 (NAND2_X1)
                  0.01    0.02    1.42 v fp_adder/adder/adder/_2079_/ZN (NAND2_X1)
     1    3.25                           fp_adder/adder/adder/_0060_ (net)
                  0.01    0.00    1.42 v fp_adder/adder/adder/_2095_/A1 (NAND2_X2)
                  0.02    0.02    1.44 ^ fp_adder/adder/adder/_2095_/ZN (NAND2_X2)
     4   10.94                           fp_adder/adder/adder/_0078_ (net)
                  0.02    0.00    1.44 ^ fp_adder/adder/adder/_2262_/A1 (NAND2_X1)
                  0.01    0.02    1.46 v fp_adder/adder/adder/_2262_/ZN (NAND2_X1)
     1    1.81                           fp_adder/adder/adder/_0241_ (net)
                  0.01    0.00    1.46 v fp_adder/adder/adder/_2263_/A1 (NAND2_X1)
                  0.02    0.03    1.49 ^ fp_adder/adder/adder/_2263_/ZN (NAND2_X1)
     3    7.82                           fp_adder/adder/adder/_0242_ (net)
                  0.02    0.00    1.49 ^ fp_adder/adder/adder/_2268_/A1 (NAND2_X1)
                  0.01    0.02    1.50 v fp_adder/adder/adder/_2268_/ZN (NAND2_X1)
     1    1.87                           fp_adder/adder/adder/_0245_ (net)
                  0.01    0.00    1.50 v fp_adder/adder/adder/_2269_/A1 (NAND2_X1)
                  0.02    0.03    1.53 ^ fp_adder/adder/adder/_2269_/ZN (NAND2_X1)
     2    6.24                           fp_adder/adder/adder/_0246_ (net)
                  0.02    0.00    1.53 ^ fp_adder/adder/adder/_2272_/A1 (NAND2_X1)
                  0.01    0.02    1.55 v fp_adder/adder/adder/_2272_/ZN (NAND2_X1)
     2    3.55                           fp_adder/adder/adder/_0249_ (net)
                  0.01    0.00    1.55 v fp_adder/adder/adder/_2276_/A1 (NAND3_X1)
                  0.02    0.02    1.57 ^ fp_adder/adder/adder/_2276_/ZN (NAND3_X1)
     1    3.69                           fp_adder/adder/adder/_0253_ (net)
                  0.02    0.00    1.57 ^ fp_adder/adder/adder/_2277_/A2 (NAND2_X2)
                  0.01    0.02    1.60 v fp_adder/adder/adder/_2277_/ZN (NAND2_X2)
     4   10.65                           fp_adder/adder/mant_prenorm_d[43] (net)
                  0.01    0.00    1.60 v fp_adder/adder/norm/LOD/_177_/A2 (NOR2_X1)
                  0.02    0.04    1.64 ^ fp_adder/adder/norm/LOD/_177_/ZN (NOR2_X1)
     2    3.70                           fp_adder/adder/norm/LOD/_133_ (net)
                  0.02    0.00    1.64 ^ fp_adder/adder/norm/LOD/_178_/A2 (NAND2_X1)
                  0.02    0.03    1.67 v fp_adder/adder/norm/LOD/_178_/ZN (NAND2_X1)
     2    7.89                           fp_adder/adder/norm/LOD/_134_ (net)
                  0.02    0.00    1.67 v fp_adder/adder/norm/LOD/_179_/A (INV_X4)
                  0.01    0.01    1.68 ^ fp_adder/adder/norm/LOD/_179_/ZN (INV_X4)
     1    3.36                           fp_adder/adder/norm/LOD/_135_ (net)
                  0.01    0.00    1.68 ^ fp_adder/adder/norm/LOD/_187_/A1 (NAND2_X2)
                  0.01    0.02    1.70 v fp_adder/adder/norm/LOD/_187_/ZN (NAND2_X2)
     5    9.56                           fp_adder/adder/norm/LOD/_143_ (net)
                  0.01    0.00    1.70 v fp_adder/adder/norm/LOD/_200_/A1 (NOR2_X2)
                  0.03    0.04    1.74 ^ fp_adder/adder/norm/LOD/_200_/ZN (NOR2_X2)
     5    9.79                           fp_adder/adder/norm/LOD/_008_ (net)
                  0.03    0.00    1.74 ^ fp_adder/adder/norm/LOD/_207_/A1 (NAND2_X1)
                  0.02    0.03    1.77 v fp_adder/adder/norm/LOD/_207_/ZN (NAND2_X1)
     2    5.07                           fp_adder/adder/norm/LOD/_015_ (net)
                  0.02    0.00    1.77 v fp_adder/adder/norm/LOD/_292_/A (INV_X2)
                  0.01    0.02    1.79 ^ fp_adder/adder/norm/LOD/_292_/ZN (INV_X2)
     3    9.16                           fp_adder/adder/norm/Mant_leadingOne_D[4] (net)
                  0.01    0.00    1.79 ^ fp_adder/adder/norm/LOD/_295_/A1 (NAND2_X1)
                  0.01    0.01    1.80 v fp_adder/adder/norm/LOD/_295_/ZN (NAND2_X1)
     1    1.59                           fp_adder/adder/norm/LOD/_099_ (net)
                  0.01    0.00    1.80 v fp_adder/adder/norm/LOD/_296_/A3 (NAND3_X1)
                  0.02    0.03    1.83 ^ fp_adder/adder/norm/LOD/_296_/ZN (NAND3_X1)
     2    4.64                           fp_adder/adder/norm/Mant_leadingOne_D[2] (net)
                  0.02    0.00    1.83 ^ fp_adder/adder/norm/_1150_/A (INV_X1)
                  0.01    0.01    1.84 v fp_adder/adder/norm/_1150_/ZN (INV_X1)
     2    3.57                           fp_adder/adder/norm/_0101_ (net)
                  0.01    0.00    1.84 v fp_adder/adder/norm/_1151_/A1 (NAND2_X1)
                  0.03    0.03    1.88 ^ fp_adder/adder/norm/_1151_/ZN (NAND2_X1)
     3    9.06                           fp_adder/adder/norm/_0112_ (net)
                  0.03    0.00    1.88 ^ fp_adder/adder/norm/_1152_/A2 (NAND2_X1)
                  0.02    0.03    1.91 v fp_adder/adder/norm/_1152_/ZN (NAND2_X1)
     3    7.44                           fp_adder/adder/norm/_0123_ (net)
                  0.02    0.00    1.91 v fp_adder/adder/norm/_1158_/A1 (NOR2_X1)
                  0.02    0.04    1.94 ^ fp_adder/adder/norm/_1158_/ZN (NOR2_X1)
     2    3.56                           fp_adder/adder/norm/_0189_ (net)
                  0.02    0.00    1.94 ^ fp_adder/adder/norm/_1159_/A2 (NAND2_X1)
                  0.01    0.02    1.96 v fp_adder/adder/norm/_1159_/ZN (NAND2_X1)
     1    1.78                           fp_adder/adder/norm/_0200_ (net)
                  0.01    0.00    1.96 v fp_adder/adder/norm/_1163_/A1 (NAND2_X1)
                  0.01    0.01    1.97 ^ fp_adder/adder/norm/_1163_/ZN (NAND2_X1)
     1    1.82                           fp_adder/adder/norm/_0239_ (net)
                  0.01    0.00    1.97 ^ fp_adder/adder/norm/_1186_/A1 (NAND2_X1)
                  0.01    0.01    1.99 v fp_adder/adder/norm/_1186_/ZN (NAND2_X1)
     1    1.74                           fp_adder/adder/norm/_0282_ (net)
                  0.01    0.00    1.99 v fp_adder/adder/norm/_1194_/A1 (NAND2_X1)
                  0.01    0.02    2.01 ^ fp_adder/adder/norm/_1194_/ZN (NAND2_X1)
     1    3.24                           fp_adder/adder/norm/_0290_ (net)
                  0.01    0.00    2.01 ^ fp_adder/adder/norm/_1198_/A1 (NAND2_X2)
                  0.01    0.02    2.03 v fp_adder/adder/norm/_1198_/ZN (NAND2_X2)
     4   11.91                           fp_adder/adder/norm/_0294_ (net)
                  0.01    0.00    2.03 v fp_adder/adder/norm/_1211_/A1 (NAND2_X4)
                  0.03    0.04    2.07 ^ fp_adder/adder/norm/_1211_/ZN (NAND2_X4)
    13   49.47                           fp_adder/adder/norm/_0307_ (net)
                  0.03    0.00    2.07 ^ fp_adder/adder/norm/_1215_/A1 (NAND2_X1)
                  0.02    0.03    2.10 v fp_adder/adder/norm/_1215_/ZN (NAND2_X1)
     1    6.00                           fp_adder/adder/norm/_0311_ (net)
                  0.02    0.00    2.10 v fp_adder/adder/norm/_1217_/A1 (NAND2_X4)
                  0.08    0.08    2.18 ^ fp_adder/adder/norm/_1217_/ZN (NAND2_X4)
    52  135.12                           fp_adder/adder/norm/_0313_ (net)
                  0.08    0.01    2.19 ^ fp_adder/adder/norm/_1221_/A2 (NAND3_X2)
                  0.02    0.04    2.23 v fp_adder/adder/norm/_1221_/ZN (NAND3_X2)
     3    8.27                           fp_adder/adder/norm/_0317_ (net)
                  0.02    0.00    2.23 v fp_adder/adder/norm/_1236_/A1 (NAND3_X1)
                  0.02    0.03    2.27 ^ fp_adder/adder/norm/_1236_/ZN (NAND3_X1)
     2    5.77                           fp_adder/adder/norm/_0332_ (net)
                  0.02    0.00    2.27 ^ fp_adder/adder/norm/_1238_/A1 (NAND2_X1)
                  0.02    0.03    2.29 v fp_adder/adder/norm/_1238_/ZN (NAND2_X1)
     1    6.26                           fp_adder/adder/norm/_0334_ (net)
                  0.02    0.00    2.29 v fp_adder/adder/norm/_1240_/A1 (NAND2_X4)
                  0.05    0.06    2.35 ^ fp_adder/adder/norm/_1240_/ZN (NAND2_X4)
    39   91.27                           fp_adder/adder/norm/_0336_ (net)
                  0.05    0.01    2.37 ^ fp_adder/adder/norm/_1269_/A1 (AND2_X4)
                  0.04    0.07    2.44 ^ fp_adder/adder/norm/_1269_/ZN (AND2_X4)
    26   63.99                           fp_adder/adder/norm/_0365_ (net)
                  0.04    0.00    2.44 ^ fp_adder/adder/norm/_1615_/A1 (NAND2_X1)
                  0.02    0.03    2.48 v fp_adder/adder/norm/_1615_/ZN (NAND2_X1)
     4    7.19                           fp_adder/adder/norm/_0711_ (net)
                  0.02    0.00    2.48 v fp_adder/adder/norm/_1739_/A2 (NAND3_X1)
                  0.02    0.03    2.51 ^ fp_adder/adder/norm/_1739_/ZN (NAND3_X1)
     2    3.88                           fp_adder/adder/norm/_0835_ (net)
                  0.02    0.00    2.51 ^ fp_adder/adder/norm/_1740_/A2 (NAND2_X1)
                  0.02    0.03    2.53 v fp_adder/adder/norm/_1740_/ZN (NAND2_X1)
     3    6.75                           fp_adder/adder/norm/_0836_ (net)
                  0.02    0.00    2.53 v fp_adder/adder/norm/_1741_/A1 (NAND2_X1)
                  0.01    0.02    2.55 ^ fp_adder/adder/norm/_1741_/ZN (NAND2_X1)
     1    1.98                           fp_adder/adder/norm/_0837_ (net)
                  0.01    0.00    2.55 ^ fp_adder/adder/norm/_1742_/A2 (NAND2_X1)
                  0.01    0.01    2.57 v fp_adder/adder/norm/_1742_/ZN (NAND2_X1)
     1    2.09                           fp_adder/adder/norm/_0838_ (net)
                  0.01    0.00    2.57 v fp_adder/adder/norm/_1743_/A1 (NAND2_X1)
                  0.01    0.02    2.59 ^ fp_adder/adder/norm/_1743_/ZN (NAND2_X1)
     1    3.27                           fp_adder/adder/norm/_0839_ (net)
                  0.01    0.00    2.59 ^ fp_adder/adder/norm/_1744_/A2 (NAND2_X1)
                  0.01    0.01    2.60 v fp_adder/adder/norm/_1744_/ZN (NAND2_X1)
     1    1.52                           fp_adder/adder/norm/_0840_ (net)
                  0.01    0.00    2.60 v fp_adder/adder/norm/_1756_/A1 (NOR2_X1)
                  0.05    0.06    2.66 ^ fp_adder/adder/norm/_1756_/ZN (NOR2_X1)
     2    8.56                           fp_adder/adder/norm/_0852_ (net)
                  0.05    0.00    2.66 ^ fp_adder/adder/norm/_1784_/A1 (NAND2_X1)
                  0.01    0.02    2.68 v fp_adder/adder/norm/_1784_/ZN (NAND2_X1)
     1    1.69                           fp_adder/adder/norm/_0880_ (net)
                  0.01    0.00    2.68 v fp_adder/adder/norm/_1843_/A1 (NOR2_X1)
                  0.02    0.04    2.71 ^ fp_adder/adder/norm/_1843_/ZN (NOR2_X1)
     2    3.65                           fp_adder/adder/norm/_0939_ (net)
                  0.02    0.00    2.71 ^ fp_adder/adder/norm/_1844_/A3 (NAND3_X1)
                  0.02    0.03    2.74 v fp_adder/adder/norm/_1844_/ZN (NAND3_X1)
     2    4.72                           fp_adder/adder/norm/_0940_ (net)
                  0.02    0.00    2.74 v fp_adder/adder/norm/_1992_/A1 (NOR2_X2)
                  0.04    0.06    2.80 ^ fp_adder/adder/norm/_1992_/ZN (NOR2_X2)
     6   15.08                           fp_adder/adder/norm/_1088_ (net)
                  0.04    0.00    2.80 ^ fp_adder/adder/norm/_2078_/A1 (NAND4_X1)
                  0.02    0.04    2.84 v fp_adder/adder/norm/_2078_/ZN (NAND4_X1)
     1    2.20                           fp_adder/adder/norm/_0039_ (net)
                  0.02    0.00    2.84 v fp_adder/adder/norm/_2079_/A1 (NAND2_X1)
                  0.03    0.04    2.88 ^ fp_adder/adder/norm/_2079_/ZN (NAND2_X1)
     3    8.99                           fp_adder/adder/norm/_0040_ (net)
                  0.03    0.00    2.88 ^ fp_adder/adder/norm/_2089_/A1 (NAND2_X1)
                  0.01    0.02    2.89 v fp_adder/adder/norm/_2089_/ZN (NAND2_X1)
     1    1.72                           fp_adder/adder/norm/_0049_ (net)
                  0.01    0.00    2.89 v fp_adder/adder/norm/_2093_/A1 (NAND2_X1)
                  0.02    0.03    2.92 ^ fp_adder/adder/norm/_2093_/ZN (NAND2_X1)
     3    8.38                           fp_adder/adder/norm/_0054_ (net)
                  0.02    0.00    2.92 ^ fp_adder/adder/norm/_2104_/A1 (NAND2_X1)
                  0.01    0.02    2.94 v fp_adder/adder/norm/_2104_/ZN (NAND2_X1)
     1    1.68                           fp_adder/adder/norm/_0064_ (net)
                  0.01    0.00    2.94 v fp_adder/adder/norm/_2106_/A1 (NAND2_X1)
                  0.02    0.03    2.97 ^ fp_adder/adder/norm/_2106_/ZN (NAND2_X1)
     2    6.23                           fp_adder/adder/norm/_0066_ (net)
                  0.02    0.00    2.97 ^ fp_adder/adder/norm/_2112_/A1 (NAND2_X1)
                  0.01    0.02    2.99 v fp_adder/adder/norm/_2112_/ZN (NAND2_X1)
     2    3.63                           fp_adder/adder/norm/_0072_ (net)
                  0.01    0.00    2.99 v fp_adder/adder/norm/_2113_/A1 (NAND2_X1)
                  0.01    0.02    3.00 ^ fp_adder/adder/norm/_2113_/ZN (NAND2_X1)
     1    1.68                           fp_adder/adder/norm/_0073_ (net)
                  0.01    0.00    3.00 ^ fp_adder/adder/norm/_2116_/A1 (NAND2_X1)
                  0.01    0.01    3.01 v fp_adder/adder/norm/_2116_/ZN (NAND2_X1)
     1    1.80                           fp_adder/adder/norm/_0076_ (net)
                  0.01    0.00    3.01 v fp_adder/adder/norm/_2119_/A1 (NAND2_X1)
                  0.02    0.03    3.04 ^ fp_adder/adder/norm/_2119_/ZN (NAND2_X1)
     2    6.84                           result_int_d[30] (net)
                  0.02    0.00    3.04 ^ _499_/A4 (NAND4_X1)
                  0.03    0.03    3.07 v _499_/ZN (NAND4_X1)
     1    1.90                           _178_ (net)
                  0.03    0.00    3.07 v _500_/A2 (NAND2_X1)
                  0.01    0.02    3.10 ^ _500_/ZN (NAND2_X1)
     1    1.40                           _030_ (net)
                  0.01    0.00    3.10 ^ _539_/D (DFFR_X1)
                                  3.10   data arrival time

                          3.00    3.00   clock clk_i (rise edge)
                          0.00    3.00   clock source latency
                  0.00    0.00    3.00 ^ clk_i (in)
     1   51.29                           clk_i (net)
                  0.01    0.01    3.01 ^ clkbuf_0_clk_i/A (BUF_X32)
                  0.01    0.02    3.03 ^ clkbuf_0_clk_i/Z (BUF_X32)
    16   96.99                           clknet_0_clk_i (net)
                  0.02    0.01    3.05 ^ clkbuf_4_12_0_clk_i/A (BUF_X4)
                  0.01    0.03    3.08 ^ clkbuf_4_12_0_clk_i/Z (BUF_X4)
    10   15.52                           clknet_4_12_0_clk_i (net)
                  0.01    0.00    3.08 ^ _539_/CK (DFFR_X1)
                          0.00    3.08   clock reconvergence pessimism
                         -0.03    3.05   library setup time
                                  3.05   data required time
-----------------------------------------------------------------------------
                                  3.05   data required time
                                 -3.10   data arrival time
-----------------------------------------------------------------------------
                                 -0.05   slack (VIOLATED)



==========================================================================
global route report_check_types -max_slew -max_cap -max_fanout -violators
--------------------------------------------------------------------------
max capacitance

Pin                                    Limit     Cap   Slack
------------------------------------------------------------
lut/_213_/Q                           120.85  131.82  -10.97 (VIOLATED)
lut/gen_sub_units_scm[5].sub_unit_i/_1321_/ZN  106.81  110.16   -3.35 (VIOLATED)
lut/gen_sub_units_scm[0].sub_unit_i/_1277_/ZN  106.81  109.60   -2.79 (VIOLATED)
lut/gen_sub_units_scm[5].sub_unit_i/_1277_/ZN  106.81  108.82   -2.01 (VIOLATED)
lut/gen_sub_units_scm[10].sub_unit_i/_1321_/ZN  106.81  108.02   -1.21 (VIOLATED)
lut/_219_/Q                           120.85  121.48   -0.63 (VIOLATED)
lut/gen_sub_units_scm[9].sub_unit_i/_1321_/ZN  106.81  107.30   -0.49 (VIOLATED)
lut/gen_sub_units_scm[14].sub_unit_i/_1277_/ZN  106.81  107.07   -0.25 (VIOLATED)
lut/gen_sub_units_scm[8].sub_unit_i/_1277_/ZN  106.81  106.88   -0.07 (VIOLATED)


==========================================================================
global route max_slew_check_slack
--------------------------------------------------------------------------
0.05342383682727814

==========================================================================
global route max_slew_check_limit
--------------------------------------------------------------------------
0.1985349953174591

==========================================================================
global route max_slew_check_slack_limit
--------------------------------------------------------------------------
0.2691

==========================================================================
global route max_fanout_check_slack
--------------------------------------------------------------------------
1.0000000150474662e+30

==========================================================================
global route max_fanout_check_limit
--------------------------------------------------------------------------
1.0000000150474662e+30

==========================================================================
global route max_capacitance_check_slack
--------------------------------------------------------------------------
-10.96553897857666

==========================================================================
global route max_capacitance_check_limit
--------------------------------------------------------------------------
120.8499984741211

==========================================================================
global route max_capacitance_check_slack_limit
--------------------------------------------------------------------------
-0.0907

==========================================================================
global route max_slew_violation_count
--------------------------------------------------------------------------
max slew violation count 0

==========================================================================
global route max_fanout_violation_count
--------------------------------------------------------------------------
max fanout violation count 0

==========================================================================
global route max_cap_violation_count
--------------------------------------------------------------------------
max cap violation count 9

==========================================================================
global route setup_violation_count
--------------------------------------------------------------------------
setup violation count 0

==========================================================================
global route hold_violation_count
--------------------------------------------------------------------------
hold violation count 1

==========================================================================
global route critical path delay
--------------------------------------------------------------------------
3.0985

==========================================================================
global route critical path slack
--------------------------------------------------------------------------
-0.0526

==========================================================================
global route slack div critical path delay
--------------------------------------------------------------------------
-1.697596

==========================================================================
global route report_power
--------------------------------------------------------------------------
Group                  Internal  Switching    Leakage      Total
                          Power      Power      Power      Power (Watts)
----------------------------------------------------------------
Sequential             9.52e-03   4.20e-04   2.75e-04   1.02e-02   8.5%
Combinational          7.88e-02   2.99e-02   1.71e-03   1.10e-01  91.5%
Macro                  0.00e+00   0.00e+00   0.00e+00   0.00e+00   0.0%
Pad                    0.00e+00   0.00e+00   0.00e+00   0.00e+00   0.0%
----------------------------------------------------------------
Total                  8.83e-02   3.03e-02   1.99e-03   1.21e-01 100.0%
                          73.2%      25.1%       1.6%

==========================================================================
global route report_design_area
--------------------------------------------------------------------------
Design area 68924 u^2 59% utilization.


==========================================================================
check_antennas
--------------------------------------------------------------------------
[INFO GRT-0043] No OR_DEFAULT vias defined.
[INFO ANT-0002] Found 0 net violations.
[INFO ANT-0001] Found 0 pin violations.
[INFO FLW-0007] clock clk_i period 3.000000
[INFO FLW-0008] Clock clk_i period 2.900
[INFO FLW-0009] Clock clk_i slack -0.053
[INFO FLW-0011] Path endpoint count 9769
Elapsed time: 0:21.06[h:]min:sec. CPU time: user 20.74 sys 0.31 (99%). Peak memory: 498080KB.
