nangate45 halut_encoder_4__17362383611500494131 (base)
  Flow reached last stage.
  Found 553 warnings in the logs.
      [WARNING IFP-0028] Core area lower left (2.000, 2.000) snapped to (2.090, 2.800).
      [WARNING CTS-0043] 1632 wires are pure wire and no slew degradation.
      [WARNING CTS-0045] Creating fake entries in the LUT.
      [WARNING CTS-0045] Creating fake entries in the LUT.
      [WARNING CTS-0045] Creating fake entries in the LUT.
      [WARNING CTS-0045] Creating fake entries in the LUT.
      [WARNING CTS-0045] Creating fake entries in the LUT.
      [WARNING CTS-0045] Creating fake entries in the LUT.
      [WARNING CTS-0045] Creating fake entries in the LUT.
      [WARNING CTS-0045] Creating fake entries in the LUT.
      [WARNING CTS-0045] Creating fake entries in the LUT.
      [WARNING CTS-0045] Creating fake entries in the LUT.
      [WARNING CTS-0045] Creating fake entries in the LUT.
      [WARNING CTS-0045] Creating fake entries in the LUT.
      [WARNING CTS-0045] Creating fake entries in the LUT.
      [WARNING CTS-0045] Creating fake entries in the LUT.
      [WARNING CTS-0045] Creating fake entries in the LUT.
      [WARNING CTS-0045] Creating fake entries in the LUT.
      [WARNING CTS-0045] Creating fake entries in the LUT.
      [WARNING CTS-0045] Creating fake entries in the LUT.
      [WARNING CTS-0045] Creating fake entries in the LUT.
      [WARNING CTS-0045] Creating fake entries in the LUT.
      [WARNING CTS-0045] Creating fake entries in the LUT.
      [WARNING CTS-0045] Creating fake entries in the LUT.
      [WARNING CTS-0045] Creating fake entries in the LUT.
      [WARNING CTS-0045] Creating fake entries in the LUT.
      [WARNING CTS-0045] Creating fake entries in the LUT.
      [WARNING CTS-0045] Creating fake entries in the LUT.
      [WARNING CTS-0045] Creating fake entries in the LUT.
      [WARNING CTS-0045] Creating fake entries in the LUT.
      [WARNING CTS-0045] Creating fake entries in the LUT.
      [WARNING CTS-0045] Creating fake entries in the LUT.
      [WARNING CTS-0045] Creating fake entries in the LUT.
      [WARNING CTS-0045] Creating fake entries in the LUT.
      [WARNING CTS-0045] Creating fake entries in the LUT.
      [WARNING CTS-0045] Creating fake entries in the LUT.
      [WARNING CTS-0045] Creating fake entries in the LUT.
      [WARNING CTS-0045] Creating fake entries in the LUT.
      [WARNING CTS-0045] Creating fake entries in the LUT.
      [WARNING CTS-0045] Creating fake entries in the LUT.
      [WARNING CTS-0045] Creating fake entries in the LUT.
      [WARNING CTS-0045] Creating fake entries in the LUT.
      [WARNING CTS-0045] Creating fake entries in the LUT.
      [WARNING CTS-0045] Creating fake entries in the LUT.
      [WARNING CTS-0045] Creating fake entries in the LUT.
      [WARNING CTS-0045] Creating fake entries in the LUT.
      [WARNING CTS-0045] Creating fake entries in the LUT.
      [WARNING CTS-0045] Creating fake entries in the LUT.
      [WARNING CTS-0045] Creating fake entries in the LUT.
      [WARNING CTS-0045] Creating fake entries in the LUT.
      [WARNING CTS-0045] Creating fake entries in the LUT.
      [WARNING CTS-0045] Creating fake entries in the LUT.
      [WARNING CTS-0045] Creating fake entries in the LUT.
      [WARNING CTS-0045] Creating fake entries in the LUT.
      [WARNING CTS-0045] Creating fake entries in the LUT.
      [WARNING CTS-0045] Creating fake entries in the LUT.
      [WARNING CTS-0045] Creating fake entries in the LUT.
      [WARNING CTS-0045] Creating fake entries in the LUT.
      [WARNING CTS-0045] Creating fake entries in the LUT.
      [WARNING CTS-0045] Creating fake entries in the LUT.
      [WARNING CTS-0045] Creating fake entries in the LUT.
      [WARNING CTS-0045] Creating fake entries in the LUT.
      [WARNING CTS-0045] Creating fake entries in the LUT.
      [WARNING CTS-0045] Creating fake entries in the LUT.
      [WARNING CTS-0045] Creating fake entries in the LUT.
      [WARNING CTS-0045] Creating fake entries in the LUT.
      [WARNING CTS-0045] Creating fake entries in the LUT.
      [WARNING CTS-0045] Creating fake entries in the LUT.
      [WARNING CTS-0045] Creating fake entries in the LUT.
      [WARNING CTS-0045] Creating fake entries in the LUT.
      [WARNING CTS-0045] Creating fake entries in the LUT.
      [WARNING CTS-0045] Creating fake entries in the LUT.
      [WARNING CTS-0045] Creating fake entries in the LUT.
      [WARNING CTS-0045] Creating fake entries in the LUT.
      [WARNING CTS-0045] Creating fake entries in the LUT.
      [WARNING CTS-0045] Creating fake entries in the LUT.
      [WARNING CTS-0045] Creating fake entries in the LUT.
      [WARNING CTS-0045] Creating fake entries in the LUT.
      [WARNING CTS-0045] Creating fake entries in the LUT.
      [WARNING CTS-0045] Creating fake entries in the LUT.
      [WARNING CTS-0045] Creating fake entries in the LUT.
      [WARNING CTS-0045] Creating fake entries in the LUT.
      [WARNING CTS-0045] Creating fake entries in the LUT.
      [WARNING CTS-0045] Creating fake entries in the LUT.
      [WARNING CTS-0045] Creating fake entries in the LUT.
      [WARNING CTS-0045] Creating fake entries in the LUT.
      [WARNING CTS-0045] Creating fake entries in the LUT.
      [WARNING CTS-0045] Creating fake entries in the LUT.
      [WARNING CTS-0045] Creating fake entries in the LUT.
      [WARNING CTS-0045] Creating fake entries in the LUT.
      [WARNING CTS-0045] Creating fake entries in the LUT.
      [WARNING CTS-0045] Creating fake entries in the LUT.
      [WARNING CTS-0045] Creating fake entries in the LUT.
      [WARNING CTS-0045] Creating fake entries in the LUT.
      [WARNING CTS-0045] Creating fake entries in the LUT.
      [WARNING CTS-0045] Creating fake entries in the LUT.
      [WARNING CTS-0045] Creating fake entries in the LUT.
      [WARNING CTS-0045] Creating fake entries in the LUT.
      [WARNING CTS-0045] Creating fake entries in the LUT.
      [WARNING CTS-0045] Creating fake entries in the LUT.
      [WARNING CTS-0045] Creating fake entries in the LUT.
      [WARNING CTS-0045] Creating fake entries in the LUT.
      [WARNING CTS-0045] Creating fake entries in the LUT.
      [WARNING CTS-0045] Creating fake entries in the LUT.
      [WARNING CTS-0045] Creating fake entries in the LUT.
      [WARNING CTS-0045] Creating fake entries in the LUT.
      [WARNING CTS-0045] Creating fake entries in the LUT.
      [WARNING CTS-0045] Creating fake entries in the LUT.
      [WARNING CTS-0045] Creating fake entries in the LUT.
      [WARNING CTS-0045] Creating fake entries in the LUT.
      [WARNING CTS-0045] Creating fake entries in the LUT.
      [WARNING CTS-0045] Creating fake entries in the LUT.
      [WARNING CTS-0045] Creating fake entries in the LUT.
      [WARNING CTS-0045] Creating fake entries in the LUT.
      [WARNING CTS-0045] Creating fake entries in the LUT.
      [WARNING CTS-0045] Creating fake entries in the LUT.
      [WARNING CTS-0045] Creating fake entries in the LUT.
      [WARNING CTS-0045] Creating fake entries in the LUT.
      [WARNING CTS-0045] Creating fake entries in the LUT.
      [WARNING CTS-0045] Creating fake entries in the LUT.
      [WARNING CTS-0045] Creating fake entries in the LUT.
      [WARNING CTS-0045] Creating fake entries in the LUT.
      [WARNING CTS-0045] Creating fake entries in the LUT.
      [WARNING CTS-0045] Creating fake entries in the LUT.
      [WARNING CTS-0045] Creating fake entries in the LUT.
      [WARNING CTS-0045] Creating fake entries in the LUT.
      [WARNING CTS-0045] Creating fake entries in the LUT.
      [WARNING CTS-0045] Creating fake entries in the LUT.
      [WARNING CTS-0045] Creating fake entries in the LUT.
      [WARNING CTS-0045] Creating fake entries in the LUT.
      [WARNING CTS-0045] Creating fake entries in the LUT.
      [WARNING CTS-0045] Creating fake entries in the LUT.
      [WARNING CTS-0045] Creating fake entries in the LUT.
      [WARNING CTS-0045] Creating fake entries in the LUT.
      [WARNING CTS-0045] Creating fake entries in the LUT.
      [WARNING CTS-0045] Creating fake entries in the LUT.
      [WARNING CTS-0045] Creating fake entries in the LUT.
      [WARNING CTS-0045] Creating fake entries in the LUT.
      [WARNING CTS-0045] Creating fake entries in the LUT.
      [WARNING CTS-0045] Creating fake entries in the LUT.
      [WARNING CTS-0045] Creating fake entries in the LUT.
      [WARNING CTS-0045] Creating fake entries in the LUT.
      [WARNING CTS-0045] Creating fake entries in the LUT.
      [WARNING CTS-0045] Creating fake entries in the LUT.
      [WARNING CTS-0045] Creating fake entries in the LUT.
      [WARNING CTS-0045] Creating fake entries in the LUT.
      [WARNING CTS-0045] Creating fake entries in the LUT.
      [WARNING CTS-0045] Creating fake entries in the LUT.
      [WARNING CTS-0045] Creating fake entries in the LUT.
      [WARNING CTS-0045] Creating fake entries in the LUT.
      [WARNING CTS-0045] Creating fake entries in the LUT.
      [WARNING CTS-0045] Creating fake entries in the LUT.
      [WARNING CTS-0045] Creating fake entries in the LUT.
      [WARNING CTS-0045] Creating fake entries in the LUT.
      [WARNING CTS-0045] Creating fake entries in the LUT.
      [WARNING CTS-0045] Creating fake entries in the LUT.
      [WARNING CTS-0045] Creating fake entries in the LUT.
      [WARNING CTS-0045] Creating fake entries in the LUT.
      [WARNING CTS-0045] Creating fake entries in the LUT.
      [WARNING CTS-0045] Creating fake entries in the LUT.
      [WARNING CTS-0045] Creating fake entries in the LUT.
      [WARNING CTS-0045] Creating fake entries in the LUT.
      [WARNING CTS-0045] Creating fake entries in the LUT.
      [WARNING CTS-0045] Creating fake entries in the LUT.
      [WARNING CTS-0045] Creating fake entries in the LUT.
      [WARNING CTS-0045] Creating fake entries in the LUT.
      [WARNING CTS-0045] Creating fake entries in the LUT.
      [WARNING CTS-0045] Creating fake entries in the LUT.
      [WARNING CTS-0045] Creating fake entries in the LUT.
      [WARNING CTS-0045] Creating fake entries in the LUT.
      [WARNING CTS-0045] Creating fake entries in the LUT.
      [WARNING CTS-0045] Creating fake entries in the LUT.
      [WARNING CTS-0045] Creating fake entries in the LUT.
      [WARNING CTS-0045] Creating fake entries in the LUT.
      [WARNING CTS-0045] Creating fake entries in the LUT.
      [WARNING CTS-0045] Creating fake entries in the LUT.
      [WARNING CTS-0045] Creating fake entries in the LUT.
      [WARNING CTS-0045] Creating fake entries in the LUT.
      [WARNING CTS-0045] Creating fake entries in the LUT.
      [WARNING CTS-0045] Creating fake entries in the LUT.
      [WARNING CTS-0045] Creating fake entries in the LUT.
      [WARNING CTS-0045] Creating fake entries in the LUT.
      [WARNING CTS-0045] Creating fake entries in the LUT.
      [WARNING CTS-0045] Creating fake entries in the LUT.
      [WARNING CTS-0045] Creating fake entries in the LUT.
      [WARNING CTS-0045] Creating fake entries in the LUT.
      [WARNING CTS-0045] Creating fake entries in the LUT.
      [WARNING CTS-0045] Creating fake entries in the LUT.
      [WARNING CTS-0045] Creating fake entries in the LUT.
      [WARNING CTS-0045] Creating fake entries in the LUT.
      [WARNING CTS-0045] Creating fake entries in the LUT.
      [WARNING CTS-0045] Creating fake entries in the LUT.
      [WARNING CTS-0045] Creating fake entries in the LUT.
      [WARNING CTS-0045] Creating fake entries in the LUT.
      [WARNING CTS-0045] Creating fake entries in the LUT.
      [WARNING CTS-0045] Creating fake entries in the LUT.
      [WARNING CTS-0045] Creating fake entries in the LUT.
      [WARNING CTS-0045] Creating fake entries in the LUT.
      [WARNING CTS-0045] Creating fake entries in the LUT.
      [WARNING CTS-0045] Creating fake entries in the LUT.
      [WARNING CTS-0045] Creating fake entries in the LUT.
      [WARNING CTS-0045] Creating fake entries in the LUT.
      [WARNING CTS-0045] Creating fake entries in the LUT.
      [WARNING CTS-0045] Creating fake entries in the LUT.
      [WARNING CTS-0045] Creating fake entries in the LUT.
      [WARNING CTS-0045] Creating fake entries in the LUT.
      [WARNING CTS-0045] Creating fake entries in the LUT.
      [WARNING CTS-0045] Creating fake entries in the LUT.
      [WARNING CTS-0045] Creating fake entries in the LUT.
      [WARNING CTS-0045] Creating fake entries in the LUT.
      [WARNING CTS-0045] Creating fake entries in the LUT.
      [WARNING CTS-0045] Creating fake entries in the LUT.
      [WARNING CTS-0045] Creating fake entries in the LUT.
      [WARNING CTS-0045] Creating fake entries in the LUT.
      [WARNING CTS-0045] Creating fake entries in the LUT.
      [WARNING CTS-0045] Creating fake entries in the LUT.
      [WARNING CTS-0045] Creating fake entries in the LUT.
      [WARNING CTS-0045] Creating fake entries in the LUT.
      [WARNING CTS-0045] Creating fake entries in the LUT.
      [WARNING CTS-0045] Creating fake entries in the LUT.
      [WARNING CTS-0045] Creating fake entries in the LUT.
      [WARNING CTS-0045] Creating fake entries in the LUT.
      [WARNING CTS-0045] Creating fake entries in the LUT.
      [WARNING CTS-0045] Creating fake entries in the LUT.
      [WARNING CTS-0045] Creating fake entries in the LUT.
      [WARNING CTS-0045] Creating fake entries in the LUT.
      [WARNING CTS-0045] Creating fake entries in the LUT.
      [WARNING CTS-0045] Creating fake entries in the LUT.
      [WARNING CTS-0045] Creating fake entries in the LUT.
      [WARNING CTS-0045] Creating fake entries in the LUT.
      [WARNING CTS-0045] Creating fake entries in the LUT.
      [WARNING CTS-0045] Creating fake entries in the LUT.
      [WARNING CTS-0045] Creating fake entries in the LUT.
      [WARNING CTS-0045] Creating fake entries in the LUT.
      [WARNING CTS-0045] Creating fake entries in the LUT.
      [WARNING CTS-0045] Creating fake entries in the LUT.
      [WARNING CTS-0045] Creating fake entries in the LUT.
      [WARNING CTS-0045] Creating fake entries in the LUT.
      [WARNING CTS-0045] Creating fake entries in the LUT.
      [WARNING CTS-0045] Creating fake entries in the LUT.
      [WARNING CTS-0045] Creating fake entries in the LUT.
      [WARNING CTS-0045] Creating fake entries in the LUT.
      [WARNING CTS-0045] Creating fake entries in the LUT.
      [WARNING CTS-0045] Creating fake entries in the LUT.
      [WARNING CTS-0045] Creating fake entries in the LUT.
      [WARNING CTS-0045] Creating fake entries in the LUT.
      [WARNING CTS-0045] Creating fake entries in the LUT.
      [WARNING CTS-0045] Creating fake entries in the LUT.
      [WARNING CTS-0045] Creating fake entries in the LUT.
      [WARNING CTS-0045] Creating fake entries in the LUT.
      [WARNING CTS-0045] Creating fake entries in the LUT.
      [WARNING CTS-0045] Creating fake entries in the LUT.
      [WARNING CTS-0045] Creating fake entries in the LUT.
      [WARNING CTS-0045] Creating fake entries in the LUT.
      [WARNING CTS-0045] Creating fake entries in the LUT.
      [WARNING CTS-0045] Creating fake entries in the LUT.
      [WARNING CTS-0045] Creating fake entries in the LUT.
      [WARNING CTS-0045] Creating fake entries in the LUT.
      [WARNING CTS-0045] Creating fake entries in the LUT.
      [WARNING CTS-0045] Creating fake entries in the LUT.
      [WARNING CTS-0045] Creating fake entries in the LUT.
      [WARNING CTS-0045] Creating fake entries in the LUT.
      [WARNING CTS-0045] Creating fake entries in the LUT.
      [WARNING CTS-0045] Creating fake entries in the LUT.
      [WARNING CTS-0045] Creating fake entries in the LUT.
      [WARNING CTS-0045] Creating fake entries in the LUT.
      [WARNING CTS-0045] Creating fake entries in the LUT.
      [WARNING CTS-0045] Creating fake entries in the LUT.
      [WARNING CTS-0045] Creating fake entries in the LUT.
      [WARNING CTS-0045] Creating fake entries in the LUT.
      [WARNING CTS-0045] Creating fake entries in the LUT.
      [WARNING CTS-0045] Creating fake entries in the LUT.
      [WARNING CTS-0045] Creating fake entries in the LUT.
      [WARNING CTS-0045] Creating fake entries in the LUT.
      [WARNING CTS-0045] Creating fake entries in the LUT.
      [WARNING CTS-0045] Creating fake entries in the LUT.
      [WARNING CTS-0045] Creating fake entries in the LUT.
      [WARNING CTS-0045] Creating fake entries in the LUT.
      [WARNING CTS-0045] Creating fake entries in the LUT.
      [WARNING CTS-0045] Creating fake entries in the LUT.
      [WARNING CTS-0045] Creating fake entries in the LUT.
      [WARNING CTS-0045] Creating fake entries in the LUT.
      [WARNING CTS-0045] Creating fake entries in the LUT.
      [WARNING CTS-0045] Creating fake entries in the LUT.
      [WARNING CTS-0045] Creating fake entries in the LUT.
      [WARNING CTS-0045] Creating fake entries in the LUT.
      [WARNING CTS-0045] Creating fake entries in the LUT.
      [WARNING CTS-0045] Creating fake entries in the LUT.
      [WARNING CTS-0045] Creating fake entries in the LUT.
      [WARNING CTS-0045] Creating fake entries in the LUT.
      [WARNING CTS-0045] Creating fake entries in the LUT.
      [WARNING CTS-0045] Creating fake entries in the LUT.
      [WARNING CTS-0045] Creating fake entries in the LUT.
      [WARNING CTS-0045] Creating fake entries in the LUT.
      [WARNING CTS-0045] Creating fake entries in the LUT.
      [WARNING CTS-0045] Creating fake entries in the LUT.
      [WARNING CTS-0045] Creating fake entries in the LUT.
      [WARNING CTS-0045] Creating fake entries in the LUT.
      [WARNING CTS-0045] Creating fake entries in the LUT.
      [WARNING CTS-0045] Creating fake entries in the LUT.
      [WARNING CTS-0045] Creating fake entries in the LUT.
      [WARNING CTS-0045] Creating fake entries in the LUT.
      [WARNING CTS-0045] Creating fake entries in the LUT.
      [WARNING CTS-0045] Creating fake entries in the LUT.
      [WARNING CTS-0045] Creating fake entries in the LUT.
      [WARNING CTS-0045] Creating fake entries in the LUT.
      [WARNING CTS-0045] Creating fake entries in the LUT.
      [WARNING CTS-0045] Creating fake entries in the LUT.
      [WARNING CTS-0045] Creating fake entries in the LUT.
      [WARNING CTS-0045] Creating fake entries in the LUT.
      [WARNING CTS-0045] Creating fake entries in the LUT.
      [WARNING CTS-0045] Creating fake entries in the LUT.
      [WARNING CTS-0045] Creating fake entries in the LUT.
      [WARNING CTS-0045] Creating fake entries in the LUT.
      [WARNING CTS-0045] Creating fake entries in the LUT.
      [WARNING CTS-0045] Creating fake entries in the LUT.
      [WARNING CTS-0045] Creating fake entries in the LUT.
      [WARNING CTS-0045] Creating fake entries in the LUT.
      [WARNING CTS-0045] Creating fake entries in the LUT.
      [WARNING CTS-0045] Creating fake entries in the LUT.
      [WARNING CTS-0045] Creating fake entries in the LUT.
      [WARNING CTS-0045] Creating fake entries in the LUT.
      [WARNING CTS-0045] Creating fake entries in the LUT.
      [WARNING CTS-0045] Creating fake entries in the LUT.
      [WARNING CTS-0045] Creating fake entries in the LUT.
      [WARNING CTS-0045] Creating fake entries in the LUT.
      [WARNING CTS-0045] Creating fake entries in the LUT.
      [WARNING CTS-0045] Creating fake entries in the LUT.
      [WARNING CTS-0045] Creating fake entries in the LUT.
      [WARNING CTS-0045] Creating fake entries in the LUT.
      [WARNING CTS-0045] Creating fake entries in the LUT.
      [WARNING CTS-0045] Creating fake entries in the LUT.
      [WARNING CTS-0045] Creating fake entries in the LUT.
      [WARNING CTS-0045] Creating fake entries in the LUT.
      [WARNING CTS-0045] Creating fake entries in the LUT.
      [WARNING CTS-0045] Creating fake entries in the LUT.
      [WARNING CTS-0045] Creating fake entries in the LUT.
      [WARNING CTS-0045] Creating fake entries in the LUT.
      [WARNING CTS-0045] Creating fake entries in the LUT.
      [WARNING CTS-0045] Creating fake entries in the LUT.
      [WARNING CTS-0045] Creating fake entries in the LUT.
      [WARNING CTS-0045] Creating fake entries in the LUT.
      [WARNING CTS-0045] Creating fake entries in the LUT.
      [WARNING CTS-0045] Creating fake entries in the LUT.
      [WARNING CTS-0045] Creating fake entries in the LUT.
      [WARNING CTS-0045] Creating fake entries in the LUT.
      [WARNING CTS-0045] Creating fake entries in the LUT.
      [WARNING CTS-0045] Creating fake entries in the LUT.
      [WARNING CTS-0045] Creating fake entries in the LUT.
      [WARNING CTS-0045] Creating fake entries in the LUT.
      [WARNING CTS-0045] Creating fake entries in the LUT.
      [WARNING CTS-0045] Creating fake entries in the LUT.
      [WARNING CTS-0045] Creating fake entries in the LUT.
      [WARNING CTS-0045] Creating fake entries in the LUT.
      [WARNING CTS-0045] Creating fake entries in the LUT.
      [WARNING CTS-0045] Creating fake entries in the LUT.
      [WARNING CTS-0045] Creating fake entries in the LUT.
      [WARNING CTS-0045] Creating fake entries in the LUT.
      [WARNING CTS-0045] Creating fake entries in the LUT.
      [WARNING CTS-0045] Creating fake entries in the LUT.
      [WARNING CTS-0045] Creating fake entries in the LUT.
      [WARNING CTS-0045] Creating fake entries in the LUT.
      [WARNING CTS-0045] Creating fake entries in the LUT.
      [WARNING CTS-0045] Creating fake entries in the LUT.
      [WARNING CTS-0045] Creating fake entries in the LUT.
      [WARNING CTS-0045] Creating fake entries in the LUT.
      [WARNING CTS-0045] Creating fake entries in the LUT.
      [WARNING CTS-0045] Creating fake entries in the LUT.
      [WARNING CTS-0045] Creating fake entries in the LUT.
      [WARNING CTS-0045] Creating fake entries in the LUT.
      [WARNING CTS-0045] Creating fake entries in the LUT.
      [WARNING CTS-0045] Creating fake entries in the LUT.
      [WARNING CTS-0045] Creating fake entries in the LUT.
      [WARNING CTS-0045] Creating fake entries in the LUT.
      [WARNING CTS-0045] Creating fake entries in the LUT.
      [WARNING CTS-0045] Creating fake entries in the LUT.
      [WARNING CTS-0045] Creating fake entries in the LUT.
      [WARNING CTS-0045] Creating fake entries in the LUT.
      [WARNING CTS-0045] Creating fake entries in the LUT.
      [WARNING CTS-0045] Creating fake entries in the LUT.
      [WARNING CTS-0045] Creating fake entries in the LUT.
      [WARNING CTS-0045] Creating fake entries in the LUT.
      [WARNING CTS-0045] Creating fake entries in the LUT.
      [WARNING CTS-0045] Creating fake entries in the LUT.
      [WARNING CTS-0045] Creating fake entries in the LUT.
      [WARNING CTS-0045] Creating fake entries in the LUT.
      [WARNING CTS-0045] Creating fake entries in the LUT.
      [WARNING CTS-0045] Creating fake entries in the LUT.
      [WARNING CTS-0045] Creating fake entries in the LUT.
      [WARNING CTS-0045] Creating fake entries in the LUT.
      [WARNING CTS-0045] Creating fake entries in the LUT.
      [WARNING CTS-0045] Creating fake entries in the LUT.
      [WARNING CTS-0045] Creating fake entries in the LUT.
      [WARNING CTS-0045] Creating fake entries in the LUT.
      [WARNING CTS-0045] Creating fake entries in the LUT.
      [WARNING CTS-0045] Creating fake entries in the LUT.
      [WARNING CTS-0045] Creating fake entries in the LUT.
      [WARNING CTS-0045] Creating fake entries in the LUT.
      [WARNING CTS-0045] Creating fake entries in the LUT.
      [WARNING CTS-0045] Creating fake entries in the LUT.
      [WARNING CTS-0045] Creating fake entries in the LUT.
      [WARNING CTS-0045] Creating fake entries in the LUT.
      [WARNING CTS-0045] Creating fake entries in the LUT.
      [WARNING CTS-0045] Creating fake entries in the LUT.
      [WARNING CTS-0045] Creating fake entries in the LUT.
      [WARNING CTS-0045] Creating fake entries in the LUT.
      [WARNING CTS-0045] Creating fake entries in the LUT.
      [WARNING CTS-0045] Creating fake entries in the LUT.
      [WARNING CTS-0045] Creating fake entries in the LUT.
      [WARNING CTS-0045] Creating fake entries in the LUT.
      [WARNING CTS-0045] Creating fake entries in the LUT.
      [WARNING CTS-0045] Creating fake entries in the LUT.
      [WARNING CTS-0045] Creating fake entries in the LUT.
      [WARNING CTS-0045] Creating fake entries in the LUT.
      [WARNING CTS-0045] Creating fake entries in the LUT.
      [WARNING CTS-0045] Creating fake entries in the LUT.
      [WARNING CTS-0045] Creating fake entries in the LUT.
      [WARNING CTS-0045] Creating fake entries in the LUT.
      [WARNING CTS-0045] Creating fake entries in the LUT.
      [WARNING CTS-0045] Creating fake entries in the LUT.
      [WARNING CTS-0045] Creating fake entries in the LUT.
      [WARNING CTS-0045] Creating fake entries in the LUT.
      [WARNING CTS-0045] Creating fake entries in the LUT.
      [WARNING CTS-0045] Creating fake entries in the LUT.
      [WARNING CTS-0045] Creating fake entries in the LUT.
      [WARNING CTS-0045] Creating fake entries in the LUT.
      [WARNING CTS-0045] Creating fake entries in the LUT.
      [WARNING CTS-0045] Creating fake entries in the LUT.
      [WARNING CTS-0045] Creating fake entries in the LUT.
      [WARNING CTS-0045] Creating fake entries in the LUT.
      [WARNING CTS-0045] Creating fake entries in the LUT.
      [WARNING CTS-0045] Creating fake entries in the LUT.
      [WARNING CTS-0045] Creating fake entries in the LUT.
      [WARNING CTS-0045] Creating fake entries in the LUT.
      [WARNING CTS-0045] Creating fake entries in the LUT.
      [WARNING CTS-0045] Creating fake entries in the LUT.
      [WARNING CTS-0045] Creating fake entries in the LUT.
      [WARNING CTS-0045] Creating fake entries in the LUT.
      [WARNING CTS-0045] Creating fake entries in the LUT.
      [WARNING CTS-0045] Creating fake entries in the LUT.
      [WARNING CTS-0045] Creating fake entries in the LUT.
      [WARNING CTS-0045] Creating fake entries in the LUT.
      [WARNING CTS-0045] Creating fake entries in the LUT.
      [WARNING CTS-0045] Creating fake entries in the LUT.
      [WARNING CTS-0045] Creating fake entries in the LUT.
      [WARNING CTS-0045] Creating fake entries in the LUT.
      [WARNING CTS-0045] Creating fake entries in the LUT.
      [WARNING CTS-0045] Creating fake entries in the LUT.
      [WARNING CTS-0045] Creating fake entries in the LUT.
      [WARNING CTS-0045] Creating fake entries in the LUT.
      [WARNING CTS-0045] Creating fake entries in the LUT.
      [WARNING CTS-0045] Creating fake entries in the LUT.
      [WARNING CTS-0045] Creating fake entries in the LUT.
      [WARNING CTS-0045] Creating fake entries in the LUT.
      [WARNING CTS-0045] Creating fake entries in the LUT.
      [WARNING CTS-0045] Creating fake entries in the LUT.
      [WARNING CTS-0045] Creating fake entries in the LUT.
      [WARNING CTS-0045] Creating fake entries in the LUT.
      [WARNING CTS-0045] Creating fake entries in the LUT.
      [WARNING CTS-0045] Creating fake entries in the LUT.
      [WARNING CTS-0045] Creating fake entries in the LUT.
      [WARNING CTS-0045] Creating fake entries in the LUT.
      [WARNING CTS-0045] Creating fake entries in the LUT.
      [WARNING CTS-0045] Creating fake entries in the LUT.
      [WARNING CTS-0045] Creating fake entries in the LUT.
      [WARNING CTS-0045] Creating fake entries in the LUT.
      [WARNING CTS-0045] Creating fake entries in the LUT.
      [WARNING CTS-0045] Creating fake entries in the LUT.
      [WARNING CTS-0045] Creating fake entries in the LUT.
      [WARNING CTS-0045] Creating fake entries in the LUT.
      [WARNING CTS-0045] Creating fake entries in the LUT.
      [WARNING CTS-0045] Creating fake entries in the LUT.
      [WARNING CTS-0045] Creating fake entries in the LUT.
      [WARNING CTS-0045] Creating fake entries in the LUT.
      [WARNING CTS-0045] Creating fake entries in the LUT.
      [WARNING CTS-0045] Creating fake entries in the LUT.
      [WARNING CTS-0045] Creating fake entries in the LUT.
      [WARNING CTS-0045] Creating fake entries in the LUT.
      [WARNING CTS-0045] Creating fake entries in the LUT.
      [WARNING CTS-0045] Creating fake entries in the LUT.
      [WARNING CTS-0045] Creating fake entries in the LUT.
      [WARNING CTS-0045] Creating fake entries in the LUT.
      [WARNING CTS-0045] Creating fake entries in the LUT.
      [WARNING CTS-0045] Creating fake entries in the LUT.
      [WARNING CTS-0045] Creating fake entries in the LUT.
      [WARNING CTS-0045] Creating fake entries in the LUT.
      [WARNING CTS-0045] Creating fake entries in the LUT.
      [WARNING CTS-0045] Creating fake entries in the LUT.
      [WARNING CTS-0045] Creating fake entries in the LUT.
      [WARNING CTS-0045] Creating fake entries in the LUT.
      [WARNING CTS-0045] Creating fake entries in the LUT.
      [WARNING CTS-0045] Creating fake entries in the LUT.
      [WARNING CTS-0045] Creating fake entries in the LUT.
      [WARNING CTS-0045] Creating fake entries in the LUT.
      [WARNING CTS-0045] Creating fake entries in the LUT.
      [WARNING CTS-0045] Creating fake entries in the LUT.
      [WARNING CTS-0045] Creating fake entries in the LUT.
      [WARNING CTS-0045] Creating fake entries in the LUT.
      [WARNING CTS-0045] Creating fake entries in the LUT.
      [WARNING CTS-0045] Creating fake entries in the LUT.
      [WARNING CTS-0045] Creating fake entries in the LUT.
      [WARNING CTS-0045] Creating fake entries in the LUT.
      [WARNING CTS-0045] Creating fake entries in the LUT.
      [WARNING CTS-0045] Creating fake entries in the LUT.
      [WARNING CTS-0045] Creating fake entries in the LUT.
      [WARNING CTS-0045] Creating fake entries in the LUT.
      [WARNING CTS-0045] Creating fake entries in the LUT.
      [WARNING CTS-0045] Creating fake entries in the LUT.
      [WARNING CTS-0045] Creating fake entries in the LUT.
      [WARNING CTS-0045] Creating fake entries in the LUT.
      [WARNING CTS-0045] Creating fake entries in the LUT.
      [WARNING CTS-0045] Creating fake entries in the LUT.
      [WARNING CTS-0045] Creating fake entries in the LUT.
      [WARNING CTS-0045] Creating fake entries in the LUT.
      [WARNING CTS-0045] Creating fake entries in the LUT.
      [WARNING CTS-0045] Creating fake entries in the LUT.
      [WARNING CTS-0045] Creating fake entries in the LUT.
      [WARNING CTS-0045] Creating fake entries in the LUT.
      [WARNING CTS-0045] Creating fake entries in the LUT.
      [WARNING CTS-0045] Creating fake entries in the LUT.
      [WARNING CTS-0045] Creating fake entries in the LUT.
      [WARNING CTS-0045] Creating fake entries in the LUT.
      [WARNING CTS-0045] Creating fake entries in the LUT.
      [WARNING CTS-0045] Creating fake entries in the LUT.
      [WARNING CTS-0045] Creating fake entries in the LUT.
      [WARNING CTS-0045] Creating fake entries in the LUT.
      [WARNING CTS-0045] Creating fake entries in the LUT.
      [WARNING CTS-0045] Creating fake entries in the LUT.
      [WARNING CTS-0045] Creating fake entries in the LUT.
      [WARNING CTS-0045] Creating fake entries in the LUT.
      [WARNING CTS-0045] Creating fake entries in the LUT.
      [WARNING CTS-0045] Creating fake entries in the LUT.
      [WARNING CTS-0045] Creating fake entries in the LUT.
      [WARNING CTS-0045] Creating fake entries in the LUT.
      [WARNING CTS-0045] Creating fake entries in the LUT.
      [WARNING CTS-0045] Creating fake entries in the LUT.
      [WARNING CTS-0045] Creating fake entries in the LUT.
      [WARNING CTS-0045] Creating fake entries in the LUT.
      [WARNING CTS-0045] Creating fake entries in the LUT.
      [WARNING CTS-0045] Creating fake entries in the LUT.
      [WARNING CTS-0045] Creating fake entries in the LUT.
      [WARNING CTS-0045] Creating fake entries in the LUT.
      [WARNING ANT-0011] -report_violating_nets is deprecated.
      [WARNING PSM-0016] Voltage pad location (VSRC) file not specified, defaulting pad location to checkerboard pattern on core area.
      [WARNING PSM-0017] X direction bump pitch is not specified, defaulting to 140um.
      [WARNING PSM-0018] Y direction bump pitch is not specified, defaulting to 140um.
      [WARNING PSM-0065] VSRC location not specified, using default checkerboard pattern with one VDD every size bumps in x-direction and one in two bumps in the y-direction
      [WARNING PSM-0030] VSRC location at (87.320um, 87.500um) and size 10.000um, is not located on an existing power stripe node. Moving to closest node at (88.090um, 104.800um).
      [WARNING PSM-0016] Voltage pad location (VSRC) file not specified, defaulting pad location to checkerboard pattern on core area.
      [WARNING PSM-0017] X direction bump pitch is not specified, defaulting to 140um.
      [WARNING PSM-0018] Y direction bump pitch is not specified, defaulting to 140um.
      [WARNING PSM-0065] VSRC location not specified, using default checkerboard pattern with one VDD every size bumps in x-direction and one in two bumps in the y-direction
      [WARNING PSM-0030] VSRC location at (87.320um, 87.500um) and size 10.000um, is not located on an existing power stripe node. Moving to closest node at (60.090um, 84.800um).