OpenROAD 6152e58f84f491089daa6361239468c001e24e34 
This program is licensed under the BSD-3 license. See the LICENSE file for details.
Components of this program may be licensed under more restrictive licenses which must be honored.
[INFO GRT-0020] Min routing layer: M2
[INFO GRT-0021] Max routing layer: M7
[INFO GRT-0022] Global adjustment: 0%
[INFO GRT-0023] Grid origin: (0, 0)
[INFO GRT-0043] No OR_DEFAULT vias defined.
[INFO GRT-0088] Layer M1      Track-Pitch = 0.0360  line-2-Via Pitch: 0.0360
[INFO GRT-0088] Layer M2      Track-Pitch = 0.2700  line-2-Via Pitch: 0.0360
[INFO GRT-0088] Layer M3      Track-Pitch = 0.0360  line-2-Via Pitch: 0.0360
[INFO GRT-0088] Layer M4      Track-Pitch = 0.0480  line-2-Via Pitch: 0.0480
[INFO GRT-0088] Layer M5      Track-Pitch = 0.0480  line-2-Via Pitch: 0.0480
[INFO GRT-0088] Layer M6      Track-Pitch = 0.0640  line-2-Via Pitch: 0.1040
[INFO GRT-0088] Layer M7      Track-Pitch = 0.0640  line-2-Via Pitch: 0.1040
[INFO GRT-0019] Found 0 clock nets.
[INFO GRT-0001] Minimum degree: 2
[INFO GRT-0002] Maximum degree: 71
[INFO GRT-0003] Macros: 0
[INFO GRT-0004] Blockages: 864

[INFO GRT-0053] Routing resources analysis:
          Routing      Original      Derated      Resource
Layer     Direction    Resources     Resources    Reduction (%)
---------------------------------------------------------------
M1         Vertical            0             0          0.00%
M2         Horizontal       6050          2970          50.91%
M3         Vertical        45375         21510          52.60%
M4         Horizontal      33275         15444          53.59%
M5         Vertical        33275         15159          54.44%
M6         Horizontal      15125          6182          59.13%
M7         Vertical        15125          6534          56.80%
---------------------------------------------------------------

[INFO GRT-0101] Running extra iterations to remove overflow.
[INFO GRT-0197] Via related to pin nodes: 7569
[INFO GRT-0198] Via related Steiner nodes: 190
[INFO GRT-0199] Via filling finished.
[INFO GRT-0111] Final number of vias: 8989
[INFO GRT-0112] Final usage 3D: 36920

[INFO GRT-0096] Final congestion report:
Layer         Resource        Demand        Usage (%)    Max H / Max V / Total Overflow
---------------------------------------------------------------------------------------
M1                   0             0            0.00%             0 /  0 /  0
M2                2970           906           30.51%             0 /  0 /  0
M3               21510          4187           19.47%             0 /  0 /  0
M4               15444          3610           23.37%             0 /  0 /  0
M5               15159           598            3.94%             0 /  0 /  0
M6                6182           652           10.55%             0 /  0 /  0
M7                6534             0            0.00%             0 /  0 /  0
---------------------------------------------------------------------------------------
Total            67799          9953           14.68%             0 /  0 /  0

[INFO GRT-0018] Total wirelength: 7507 um
[INFO GRT-0014] Routed nets: 1062
[WARNING STA-0357] virtual clock clk can not be propagated.

==========================================================================
global route report_tns
--------------------------------------------------------------------------
tns 0.00

==========================================================================
global route report_wns
--------------------------------------------------------------------------
wns 0.00

==========================================================================
global route report_worst_slack
--------------------------------------------------------------------------
worst slack 508.57

==========================================================================
global route report_clock_skew
--------------------------------------------------------------------------
Clock clk
No launch/capture paths found.


==========================================================================
global route report_checks -path_delay min
--------------------------------------------------------------------------
Startpoint: _1645_ (positive level-sensitive latch)
Endpoint: rdata_a_o[1] (output port clocked by clk)
Path Group: clk
Path Type: min

Fanout     Cap    Slew   Delay    Time   Description
-----------------------------------------------------------------------------
                 43.35    0.00    0.00 ^ _1645_/CLK (DHLx1_ASAP7_75t_R)
                 17.42   49.15   49.15 ^ _1645_/Q (DHLx1_ASAP7_75t_R)
     2    1.32                           mem[4][1] (net)
                 17.42    0.02   49.17 ^ _1074_/A1 (AO21x1_ASAP7_75t_R)
                  8.93   19.12   68.28 ^ _1074_/Y (AO21x1_ASAP7_75t_R)
     1    0.64                           _0486_ (net)
                  8.93    0.01   68.29 ^ _1075_/C (OR3x1_ASAP7_75t_R)
                 20.15   20.51   88.80 ^ _1075_/Y (OR3x1_ASAP7_75t_R)
     1    1.89                           net40 (net)
                 20.16    0.31   89.11 ^ output40/A (BUFx2_ASAP7_75t_R)
                  7.29   20.33  109.44 ^ output40/Y (BUFx2_ASAP7_75t_R)
     1    0.61                           rdata_a_o[1] (net)
                  7.29    0.06  109.50 ^ rdata_a_o[1] (out)
                                109.50   data arrival time

                  0.00    0.00    0.00   clock clk (rise edge)
                          0.00    0.00   clock network delay (ideal)
                          0.00    0.00   clock reconvergence pessimism
                       -100.00 -100.00   output external delay
                               -100.00   data required time
-----------------------------------------------------------------------------
                               -100.00   data required time
                               -109.50   data arrival time
-----------------------------------------------------------------------------
                                209.50   slack (MET)



==========================================================================
global route report_checks -path_delay max
--------------------------------------------------------------------------
Startpoint: raddr_a_i[1] (input port clocked by clk)
Endpoint: rdata_a_o[14] (output port clocked by clk)
Path Group: clk
Path Type: max

Fanout     Cap    Slew   Delay    Time   Description
-----------------------------------------------------------------------------
                  0.00    0.00    0.00   clock clk (rise edge)
                          0.00    0.00   clock network delay (ideal)
                        100.00  100.00 ^ input external delay
                  0.00    0.00  100.00 ^ raddr_a_i[1] (in)
     1    2.75                           raddr_a_i[1] (net)
                  0.59    0.18  100.18 ^ input3/A (BUFx24_ASAP7_75t_R)
                 32.78   22.07  122.25 ^ input3/Y (BUFx24_ASAP7_75t_R)
    55   56.17                           net3 (net)
                109.63   33.66  155.91 ^ _1006_/A (CKINVDCx20_ASAP7_75t_R)
                 50.84   28.73  184.65 v _1006_/Y (CKINVDCx20_ASAP7_75t_R)
    53   42.27                           _0419_ (net)
                 55.45    8.07  192.72 v _1106_/A (AND3x4_ASAP7_75t_R)
                 31.64   49.25  241.97 v _1106_/Y (AND3x4_ASAP7_75t_R)
    14   12.93                           _0517_ (net)
                 32.48    2.83  244.80 v _1343_/B1 (AO32x1_ASAP7_75t_R)
                 14.91   37.85  282.65 v _1343_/Y (AO32x1_ASAP7_75t_R)
     1    1.00                           _0083_ (net)
                 14.92    0.12  282.77 v _1344_/B1 (AO32x1_ASAP7_75t_R)
                 14.94   33.11  315.87 v _1344_/Y (AO32x1_ASAP7_75t_R)
     1    1.17                           _0084_ (net)
                 14.94    0.13  316.00 v _1345_/C (OR3x1_ASAP7_75t_R)
                 40.48   45.41  361.42 v _1345_/Y (OR3x1_ASAP7_75t_R)
     1    4.67                           net38 (net)
                 40.63    1.42  362.83 v output38/A (BUFx2_ASAP7_75t_R)
                  8.01   28.53  391.37 v output38/Y (BUFx2_ASAP7_75t_R)
     1    0.59                           rdata_a_o[14] (net)
                  8.01    0.06  391.43 v rdata_a_o[14] (out)
                                391.43   data arrival time

                  0.00 1000.00 1000.00   clock clk (rise edge)
                          0.00 1000.00   clock network delay (ideal)
                          0.00 1000.00   clock reconvergence pessimism
                       -100.00  900.00   output external delay
                                900.00   data required time
-----------------------------------------------------------------------------
                                900.00   data required time
                               -391.43   data arrival time
-----------------------------------------------------------------------------
                                508.57   slack (MET)



==========================================================================
global route report_checks -unconstrained
--------------------------------------------------------------------------
Startpoint: raddr_a_i[1] (input port clocked by clk)
Endpoint: rdata_a_o[14] (output port clocked by clk)
Path Group: clk
Path Type: max

Fanout     Cap    Slew   Delay    Time   Description
-----------------------------------------------------------------------------
                  0.00    0.00    0.00   clock clk (rise edge)
                          0.00    0.00   clock network delay (ideal)
                        100.00  100.00 ^ input external delay
                  0.00    0.00  100.00 ^ raddr_a_i[1] (in)
     1    2.75                           raddr_a_i[1] (net)
                  0.59    0.18  100.18 ^ input3/A (BUFx24_ASAP7_75t_R)
                 32.78   22.07  122.25 ^ input3/Y (BUFx24_ASAP7_75t_R)
    55   56.17                           net3 (net)
                109.63   33.66  155.91 ^ _1006_/A (CKINVDCx20_ASAP7_75t_R)
                 50.84   28.73  184.65 v _1006_/Y (CKINVDCx20_ASAP7_75t_R)
    53   42.27                           _0419_ (net)
                 55.45    8.07  192.72 v _1106_/A (AND3x4_ASAP7_75t_R)
                 31.64   49.25  241.97 v _1106_/Y (AND3x4_ASAP7_75t_R)
    14   12.93                           _0517_ (net)
                 32.48    2.83  244.80 v _1343_/B1 (AO32x1_ASAP7_75t_R)
                 14.91   37.85  282.65 v _1343_/Y (AO32x1_ASAP7_75t_R)
     1    1.00                           _0083_ (net)
                 14.92    0.12  282.77 v _1344_/B1 (AO32x1_ASAP7_75t_R)
                 14.94   33.11  315.87 v _1344_/Y (AO32x1_ASAP7_75t_R)
     1    1.17                           _0084_ (net)
                 14.94    0.13  316.00 v _1345_/C (OR3x1_ASAP7_75t_R)
                 40.48   45.41  361.42 v _1345_/Y (OR3x1_ASAP7_75t_R)
     1    4.67                           net38 (net)
                 40.63    1.42  362.83 v output38/A (BUFx2_ASAP7_75t_R)
                  8.01   28.53  391.37 v output38/Y (BUFx2_ASAP7_75t_R)
     1    0.59                           rdata_a_o[14] (net)
                  8.01    0.06  391.43 v rdata_a_o[14] (out)
                                391.43   data arrival time

                  0.00 1000.00 1000.00   clock clk (rise edge)
                          0.00 1000.00   clock network delay (ideal)
                          0.00 1000.00   clock reconvergence pessimism
                       -100.00  900.00   output external delay
                                900.00   data required time
-----------------------------------------------------------------------------
                                900.00   data required time
                               -391.43   data arrival time
-----------------------------------------------------------------------------
                                508.57   slack (MET)



==========================================================================
global route report_check_types -max_slew -max_cap -max_fanout -violators
--------------------------------------------------------------------------

==========================================================================
global route max_slew_check_slack
--------------------------------------------------------------------------
210.36825561523438

==========================================================================
global route max_slew_check_limit
--------------------------------------------------------------------------
320.0

==========================================================================
global route max_slew_check_slack_limit
--------------------------------------------------------------------------
0.6574

==========================================================================
global route max_fanout_check_slack
--------------------------------------------------------------------------
1.0000000150474662e+30

==========================================================================
global route max_fanout_check_limit
--------------------------------------------------------------------------
1.0000000150474662e+30

==========================================================================
global route max_capacitance_check_slack
--------------------------------------------------------------------------
41.05527877807617

==========================================================================
global route max_capacitance_check_limit
--------------------------------------------------------------------------
46.08000183105469

==========================================================================
global route max_capacitance_check_slack_limit
--------------------------------------------------------------------------
0.8910

==========================================================================
global route max_slew_violation_count
--------------------------------------------------------------------------
max slew violation count 0

==========================================================================
global route max_fanout_violation_count
--------------------------------------------------------------------------
max fanout violation count 0

==========================================================================
global route max_cap_violation_count
--------------------------------------------------------------------------
max cap violation count 0

==========================================================================
global route setup_violation_count
--------------------------------------------------------------------------
setup violation count 0

==========================================================================
global route hold_violation_count
--------------------------------------------------------------------------
hold violation count 0

==========================================================================
global route critical path delay
--------------------------------------------------------------------------
391.4272

==========================================================================
global route critical path slack
--------------------------------------------------------------------------
508.5728

==========================================================================
global route slack div critical path delay
--------------------------------------------------------------------------
129.927813

==========================================================================
global route report_power
--------------------------------------------------------------------------
Group                  Internal  Switching    Leakage      Total
                          Power      Power      Power      Power (Watts)
----------------------------------------------------------------
Sequential             3.03e-05   1.18e-05   3.95e-08   4.21e-05  30.6%
Combinational          4.68e-05   4.87e-05   1.19e-07   9.56e-05  69.4%
Macro                  0.00e+00   0.00e+00   0.00e+00   0.00e+00   0.0%
Pad                    0.00e+00   0.00e+00   0.00e+00   0.00e+00   0.0%
----------------------------------------------------------------
Total                  7.71e-05   6.05e-05   1.59e-07   1.38e-04 100.0%
                          56.0%      43.9%       0.1%

==========================================================================
global route report_design_area
--------------------------------------------------------------------------
Design area 153 u^2 23% utilization.
Core area = 664848000


==========================================================================
check_antennas
--------------------------------------------------------------------------
[WARNING ANT-0011] -report_violating_nets is deprecated.
[INFO GRT-0043] No OR_DEFAULT vias defined.
[INFO ANT-0002] Found 0 net violations.
[INFO ANT-0001] Found 0 pin violations.
[INFO FLW-0007] clock clk period 1000.000000
[INFO FLW-0008] Clock clk period 466.856
[INFO FLW-0009] Clock clk slack 508.573
[WARNING STA-0357] virtual clock clk can not be propagated.
[INFO FLW-0011] Path endpoint count 320
Elapsed time: 0:02.64[h:]min:sec. CPU time: user 2.48 sys 0.14 (99%). Peak memory: 276408KB.
