OpenROAD 6152e58f84f491089daa6361239468c001e24e34 
This program is licensed under the BSD-3 license. See the LICENSE file for details.
Components of this program may be licensed under more restrictive licenses which must be honored.

==========================================================================
resizer pre report_tns
--------------------------------------------------------------------------
tns 0.00

==========================================================================
resizer pre report_wns
--------------------------------------------------------------------------
wns 0.00

==========================================================================
resizer pre report_worst_slack
--------------------------------------------------------------------------
worst slack 509.51

==========================================================================
resizer pre report_clock_skew
--------------------------------------------------------------------------
Clock clk
No launch/capture paths found.


==========================================================================
resizer pre report_checks -path_delay min
--------------------------------------------------------------------------
Startpoint: _0853_ (positive level-sensitive latch)
Endpoint: rdata_a_o[11] (output port clocked by clk)
Path Group: clk
Path Type: min

Fanout     Cap    Slew   Delay    Time   Description
-----------------------------------------------------------------------------
                120.65    0.00    0.00 ^ _0853_/CLK (DHLx1_ASAP7_75t_R)
                 10.79   56.85   56.85 ^ _0853_/Q (DHLx1_ASAP7_75t_R)
     1    0.58                           mem[11][11] (net)
                 10.79    0.00   56.86 ^ _0642_/C2 (AO222x2_ASAP7_75t_R)
                  9.42   21.99   78.85 ^ _0642_/Y (AO222x2_ASAP7_75t_R)
     1    0.74                           _0294_ (net)
                  9.42    0.02   78.87 ^ _0650_/B (OR3x1_ASAP7_75t_R)
                 11.67   16.34   95.21 ^ _0650_/Y (OR3x1_ASAP7_75t_R)
     1    0.95                           rdata_a_o[11] (net)
                 11.68    0.09   95.30 ^ rdata_a_o[11] (out)
                                 95.30   data arrival time

                  0.00    0.00    0.00   clock clk (rise edge)
                          0.00    0.00   clock network delay (ideal)
                          0.00    0.00   clock reconvergence pessimism
                       -100.00 -100.00   output external delay
                               -100.00   data required time
-----------------------------------------------------------------------------
                               -100.00   data required time
                                -95.30   data arrival time
-----------------------------------------------------------------------------
                                195.30   slack (MET)



==========================================================================
resizer pre report_checks -path_delay max
--------------------------------------------------------------------------
Startpoint: raddr_a_i[3] (input port clocked by clk)
Endpoint: rdata_a_o[5] (output port clocked by clk)
Path Group: clk
Path Type: max

Fanout     Cap    Slew   Delay    Time   Description
-----------------------------------------------------------------------------
                  0.00    0.00    0.00   clock clk (rise edge)
                          0.00    0.00   clock network delay (ideal)
                        100.00  100.00 ^ input external delay
                  0.00    0.00  100.00 ^ raddr_a_i[3] (in)
    42   31.18                           raddr_a_i[3] (net)
                 12.32    3.89  103.89 ^ _0398_/A (INVx1_ASAP7_75t_R)
                180.32   84.30  188.18 v _0398_/Y (INVx1_ASAP7_75t_R)
    32   24.61                           _0061_ (net)
                180.39    2.19  190.37 v _0467_/A (AND2x2_ASAP7_75t_R)
                 68.08   86.95  277.32 v _0467_/Y (AND2x2_ASAP7_75t_R)
    23   17.07                           _0129_ (net)
                 68.08    0.17  277.49 v _0539_/B (OA21x2_ASAP7_75t_R)
                  9.33   32.95  310.44 v _0539_/Y (OA21x2_ASAP7_75t_R)
     1    0.85                           _0197_ (net)
                  9.33    0.04  310.47 v _0549_/A (OR4x1_ASAP7_75t_R)
                 15.34   33.60  344.07 v _0549_/Y (OR4x1_ASAP7_75t_R)
     1    0.93                           _0207_ (net)
                 15.34    0.05  344.13 v _0553_/C (OR4x1_ASAP7_75t_R)
                 25.50   45.87  390.00 v _0553_/Y (OR4x1_ASAP7_75t_R)
     1    2.28                           rdata_a_o[5] (net)
                 25.53    0.48  390.49 v rdata_a_o[5] (out)
                                390.49   data arrival time

                  0.00 1000.00 1000.00   clock clk (rise edge)
                          0.00 1000.00   clock network delay (ideal)
                          0.00 1000.00   clock reconvergence pessimism
                       -100.00  900.00   output external delay
                                900.00   data required time
-----------------------------------------------------------------------------
                                900.00   data required time
                               -390.49   data arrival time
-----------------------------------------------------------------------------
                                509.51   slack (MET)



==========================================================================
resizer pre report_checks -unconstrained
--------------------------------------------------------------------------
Startpoint: raddr_a_i[3] (input port clocked by clk)
Endpoint: rdata_a_o[5] (output port clocked by clk)
Path Group: clk
Path Type: max

Fanout     Cap    Slew   Delay    Time   Description
-----------------------------------------------------------------------------
                  0.00    0.00    0.00   clock clk (rise edge)
                          0.00    0.00   clock network delay (ideal)
                        100.00  100.00 ^ input external delay
                  0.00    0.00  100.00 ^ raddr_a_i[3] (in)
    42   31.18                           raddr_a_i[3] (net)
                 12.32    3.89  103.89 ^ _0398_/A (INVx1_ASAP7_75t_R)
                180.32   84.30  188.18 v _0398_/Y (INVx1_ASAP7_75t_R)
    32   24.61                           _0061_ (net)
                180.39    2.19  190.37 v _0467_/A (AND2x2_ASAP7_75t_R)
                 68.08   86.95  277.32 v _0467_/Y (AND2x2_ASAP7_75t_R)
    23   17.07                           _0129_ (net)
                 68.08    0.17  277.49 v _0539_/B (OA21x2_ASAP7_75t_R)
                  9.33   32.95  310.44 v _0539_/Y (OA21x2_ASAP7_75t_R)
     1    0.85                           _0197_ (net)
                  9.33    0.04  310.47 v _0549_/A (OR4x1_ASAP7_75t_R)
                 15.34   33.60  344.07 v _0549_/Y (OR4x1_ASAP7_75t_R)
     1    0.93                           _0207_ (net)
                 15.34    0.05  344.13 v _0553_/C (OR4x1_ASAP7_75t_R)
                 25.50   45.87  390.00 v _0553_/Y (OR4x1_ASAP7_75t_R)
     1    2.28                           rdata_a_o[5] (net)
                 25.53    0.48  390.49 v rdata_a_o[5] (out)
                                390.49   data arrival time

                  0.00 1000.00 1000.00   clock clk (rise edge)
                          0.00 1000.00   clock network delay (ideal)
                          0.00 1000.00   clock reconvergence pessimism
                       -100.00  900.00   output external delay
                                900.00   data required time
-----------------------------------------------------------------------------
                                900.00   data required time
                               -390.49   data arrival time
-----------------------------------------------------------------------------
                                509.51   slack (MET)



==========================================================================
resizer pre report_power
--------------------------------------------------------------------------
Group                  Internal  Switching    Leakage      Total
                          Power      Power      Power      Power (Watts)
----------------------------------------------------------------
Sequential             3.23e-05   6.34e-06   4.19e-08   3.87e-05  49.1%
Combinational          1.97e-05   2.04e-05   5.31e-08   4.01e-05  50.9%
Macro                  0.00e+00   0.00e+00   0.00e+00   0.00e+00   0.0%
Pad                    0.00e+00   0.00e+00   0.00e+00   0.00e+00   0.0%
----------------------------------------------------------------
Total                  5.19e-05   2.67e-05   9.49e-08   7.88e-05 100.0%
                          65.9%      33.9%       0.1%

==========================================================================
resizer pre report_design_area
--------------------------------------------------------------------------
Design area 117 u^2 18% utilization.
Core area = 664848000


==========================================================================
instance_count
--------------------------------------------------------------------------
907

==========================================================================
pin_count
--------------------------------------------------------------------------
2479

Perform port buffering...
[INFO RSZ-0027] Inserted 28 input buffers.
[INFO RSZ-0028] Inserted 16 output buffers.
Perform buffer insertion...
[INFO RSZ-0058] Using max wire length 192um.
[INFO RSZ-0039] Resized 76 instances.
Repair tie lo fanout...
[INFO RSZ-0042] Inserted 16 tie TIELOx1_ASAP7_75t_R instances.
Repair tie hi fanout...

==========================================================================
report_floating_nets
--------------------------------------------------------------------------

==========================================================================
resizer report_tns
--------------------------------------------------------------------------
tns 0.00

==========================================================================
resizer report_wns
--------------------------------------------------------------------------
wns 0.00

==========================================================================
resizer report_worst_slack
--------------------------------------------------------------------------
worst slack 556.50

==========================================================================
resizer report_clock_skew
--------------------------------------------------------------------------
Clock clk
No launch/capture paths found.


==========================================================================
resizer report_checks -path_delay min
--------------------------------------------------------------------------
Startpoint: _0853_ (positive level-sensitive latch)
Endpoint: rdata_a_o[11] (output port clocked by clk)
Path Group: clk
Path Type: min

Fanout     Cap    Slew   Delay    Time   Description
-----------------------------------------------------------------------------
                 37.24    0.00    0.00 ^ _0853_/CLK (DHLx1_ASAP7_75t_R)
                 10.78   44.08   44.08 ^ _0853_/Q (DHLx1_ASAP7_75t_R)
     1    0.58                           mem[11][11] (net)
                 10.78    0.00   44.09 ^ _0642_/C2 (AO222x2_ASAP7_75t_R)
                  9.42   21.99   66.08 ^ _0642_/Y (AO222x2_ASAP7_75t_R)
     1    0.74                           _0294_ (net)
                  9.42    0.02   66.10 ^ _0650_/B (OR3x1_ASAP7_75t_R)
                 13.99   17.43   83.53 ^ _0650_/Y (OR3x1_ASAP7_75t_R)
     1    1.21                           net31 (net)
                 13.99    0.11   83.64 ^ output31/A (BUFx2_ASAP7_75t_R)
                  6.04   17.65  101.29 ^ output31/Y (BUFx2_ASAP7_75t_R)
     1    0.31                           rdata_a_o[11] (net)
                  6.04    0.01  101.30 ^ rdata_a_o[11] (out)
                                101.30   data arrival time

                  0.00    0.00    0.00   clock clk (rise edge)
                          0.00    0.00   clock network delay (ideal)
                          0.00    0.00   clock reconvergence pessimism
                       -100.00 -100.00   output external delay
                               -100.00   data required time
-----------------------------------------------------------------------------
                               -100.00   data required time
                               -101.30   data arrival time
-----------------------------------------------------------------------------
                                201.30   slack (MET)



==========================================================================
resizer report_checks -path_delay max
--------------------------------------------------------------------------
Startpoint: raddr_a_i[1] (input port clocked by clk)
Endpoint: rdata_a_o[12] (output port clocked by clk)
Path Group: clk
Path Type: max

Fanout     Cap    Slew   Delay    Time   Description
-----------------------------------------------------------------------------
                  0.00    0.00    0.00   clock clk (rise edge)
                          0.00    0.00   clock network delay (ideal)
                        100.00  100.00 v input external delay
                  0.00    0.00  100.00 v raddr_a_i[1] (in)
     1    2.63                           raddr_a_i[1] (net)
                  0.29    0.09  100.09 v input3/A (BUFx24_ASAP7_75t_R)
                 32.22   26.10  126.19 v input3/Y (BUFx24_ASAP7_75t_R)
    50   49.54                           net3 (net)
                 49.72   12.36  138.55 v _0458_/A (AND2x4_ASAP7_75t_R)
                 16.67   37.38  175.92 v _0458_/Y (AND2x4_ASAP7_75t_R)
     9    6.31                           _0120_ (net)
                 16.69    0.27  176.20 v _0459_/C (AND3x4_ASAP7_75t_R)
                 25.62   37.60  213.80 v _0459_/Y (AND3x4_ASAP7_75t_R)
    12    9.50                           _0121_ (net)
                 25.62    0.25  214.05 v _0660_/B1 (AO32x1_ASAP7_75t_R)
                 10.48   33.24  247.28 v _0660_/Y (AO32x1_ASAP7_75t_R)
     1    0.50                           _0311_ (net)
                 10.48    0.00  247.29 v _0661_/C (AO221x1_ASAP7_75t_R)
                 12.16   30.82  278.10 v _0661_/Y (AO221x1_ASAP7_75t_R)
     1    0.75                           _0312_ (net)
                 12.16    0.02  278.12 v _0662_/D (OR4x1_ASAP7_75t_R)
                 21.26   43.24  321.37 v _0662_/Y (OR4x1_ASAP7_75t_R)
     1    1.70                           net32 (net)
                 21.27    0.24  321.61 v output32/A (BUFx2_ASAP7_75t_R)
                  6.15   21.88  343.49 v output32/Y (BUFx2_ASAP7_75t_R)
     1    0.31                           rdata_a_o[12] (net)
                  6.15    0.01  343.50 v rdata_a_o[12] (out)
                                343.50   data arrival time

                  0.00 1000.00 1000.00   clock clk (rise edge)
                          0.00 1000.00   clock network delay (ideal)
                          0.00 1000.00   clock reconvergence pessimism
                       -100.00  900.00   output external delay
                                900.00   data required time
-----------------------------------------------------------------------------
                                900.00   data required time
                               -343.50   data arrival time
-----------------------------------------------------------------------------
                                556.50   slack (MET)



==========================================================================
resizer report_checks -unconstrained
--------------------------------------------------------------------------
Startpoint: raddr_a_i[1] (input port clocked by clk)
Endpoint: rdata_a_o[12] (output port clocked by clk)
Path Group: clk
Path Type: max

Fanout     Cap    Slew   Delay    Time   Description
-----------------------------------------------------------------------------
                  0.00    0.00    0.00   clock clk (rise edge)
                          0.00    0.00   clock network delay (ideal)
                        100.00  100.00 v input external delay
                  0.00    0.00  100.00 v raddr_a_i[1] (in)
     1    2.63                           raddr_a_i[1] (net)
                  0.29    0.09  100.09 v input3/A (BUFx24_ASAP7_75t_R)
                 32.22   26.10  126.19 v input3/Y (BUFx24_ASAP7_75t_R)
    50   49.54                           net3 (net)
                 49.72   12.36  138.55 v _0458_/A (AND2x4_ASAP7_75t_R)
                 16.67   37.38  175.92 v _0458_/Y (AND2x4_ASAP7_75t_R)
     9    6.31                           _0120_ (net)
                 16.69    0.27  176.20 v _0459_/C (AND3x4_ASAP7_75t_R)
                 25.62   37.60  213.80 v _0459_/Y (AND3x4_ASAP7_75t_R)
    12    9.50                           _0121_ (net)
                 25.62    0.25  214.05 v _0660_/B1 (AO32x1_ASAP7_75t_R)
                 10.48   33.24  247.28 v _0660_/Y (AO32x1_ASAP7_75t_R)
     1    0.50                           _0311_ (net)
                 10.48    0.00  247.29 v _0661_/C (AO221x1_ASAP7_75t_R)
                 12.16   30.82  278.10 v _0661_/Y (AO221x1_ASAP7_75t_R)
     1    0.75                           _0312_ (net)
                 12.16    0.02  278.12 v _0662_/D (OR4x1_ASAP7_75t_R)
                 21.26   43.24  321.37 v _0662_/Y (OR4x1_ASAP7_75t_R)
     1    1.70                           net32 (net)
                 21.27    0.24  321.61 v output32/A (BUFx2_ASAP7_75t_R)
                  6.15   21.88  343.49 v output32/Y (BUFx2_ASAP7_75t_R)
     1    0.31                           rdata_a_o[12] (net)
                  6.15    0.01  343.50 v rdata_a_o[12] (out)
                                343.50   data arrival time

                  0.00 1000.00 1000.00   clock clk (rise edge)
                          0.00 1000.00   clock network delay (ideal)
                          0.00 1000.00   clock reconvergence pessimism
                       -100.00  900.00   output external delay
                                900.00   data required time
-----------------------------------------------------------------------------
                                900.00   data required time
                               -343.50   data arrival time
-----------------------------------------------------------------------------
                                556.50   slack (MET)



==========================================================================
resizer report_check_types -max_slew -max_cap -max_fanout -violators
--------------------------------------------------------------------------

==========================================================================
resizer max_slew_check_slack
--------------------------------------------------------------------------
256.6761779785156

==========================================================================
resizer max_slew_check_limit
--------------------------------------------------------------------------
320.0

==========================================================================
resizer max_slew_check_slack_limit
--------------------------------------------------------------------------
0.8021

==========================================================================
resizer max_fanout_check_slack
--------------------------------------------------------------------------
1.0000000150474662e+30

==========================================================================
resizer max_fanout_check_limit
--------------------------------------------------------------------------
1.0000000150474662e+30

==========================================================================
resizer max_capacitance_check_slack
--------------------------------------------------------------------------
41.045249938964844

==========================================================================
resizer max_capacitance_check_limit
--------------------------------------------------------------------------
46.08000183105469

==========================================================================
resizer max_capacitance_check_slack_limit
--------------------------------------------------------------------------
0.8907

==========================================================================
resizer max_slew_violation_count
--------------------------------------------------------------------------
max slew violation count 0

==========================================================================
resizer max_fanout_violation_count
--------------------------------------------------------------------------
max fanout violation count 0

==========================================================================
resizer max_cap_violation_count
--------------------------------------------------------------------------
max cap violation count 0

==========================================================================
resizer setup_violation_count
--------------------------------------------------------------------------
setup violation count 0

==========================================================================
resizer hold_violation_count
--------------------------------------------------------------------------
hold violation count 0

==========================================================================
resizer critical path delay
--------------------------------------------------------------------------
343.5030

==========================================================================
resizer critical path slack
--------------------------------------------------------------------------
556.4969

==========================================================================
resizer slack div critical path delay
--------------------------------------------------------------------------
162.006416

==========================================================================
resizer report_power
--------------------------------------------------------------------------
Group                  Internal  Switching    Leakage      Total
                          Power      Power      Power      Power (Watts)
----------------------------------------------------------------
Sequential             3.19e-05   6.92e-06   4.19e-08   3.89e-05  42.4%
Combinational          2.63e-05   2.66e-05   7.34e-08   5.29e-05  57.6%
Macro                  0.00e+00   0.00e+00   0.00e+00   0.00e+00   0.0%
Pad                    0.00e+00   0.00e+00   0.00e+00   0.00e+00   0.0%
----------------------------------------------------------------
Total                  5.82e-05   3.35e-05   1.15e-07   9.18e-05 100.0%
                          63.4%      36.5%       0.1%

==========================================================================
resizer report_design_area
--------------------------------------------------------------------------
Design area 126 u^2 19% utilization.
Core area = 664848000


==========================================================================
instance_count
--------------------------------------------------------------------------
966

==========================================================================
pin_count
--------------------------------------------------------------------------
2582

Elapsed time: 0:03.13[h:]min:sec. CPU time: user 3.02 sys 0.10 (99%). Peak memory: 191332KB.
