OpenROAD b57893514040c5aa453ab5c104f35d1173a8add9 
This program is licensed under the BSD-3 license. See the LICENSE file for details.
Components of this program may be licensed under more restrictive licenses which must be honored.
Placement Analysis
---------------------------------
total displacement      37804.8 u
average displacement        1.2 u
max displacement            6.2 u
original HPWL          189354.2 u
legalized HPWL         226786.5 u
delta HPWL                   20 %

Detailed placement improvement.
Importing netlist into detailed improver.
[INFO DPO-0100] Creating network with 30676 cells, 365 terminals, 30454 edges and 96125 pins.
[INFO DPO-0109] Network stats: inst 31041, edges 30454, pins 96125
[INFO DPO-0110] Number of regions is 1
[INFO DPO-0401] Setting random seed to 1.
[INFO DPO-0402] Setting maximum displacement 5 1 to 14000 2800 units.
[INFO DPO-0320] Collected 1093 fixed cells (excluded terminal_NI).
[INFO DPO-0318] Collected 29948 single height cells.
[INFO DPO-0321] Collected 0 wide cells.
[INFO DPO-0322] Image (4180, 5600) - (685900, 683200)
[INFO DPO-0310] Assigned 29948 cells into segments.  Movement in X-direction is 0.000000, movement in Y-direction is 0.000000.
[INFO DPO-0313] Found 0 cells in wrong regions.
[INFO DPO-0315] Found 0 row alignment problems.
[INFO DPO-0314] Found 0 site alignment problems.
[INFO DPO-0311] Found 0 overlaps between adjacent cells.
[INFO DPO-0312] Found 0 edge spacing violations and 0 padding violations.
[INFO DPO-0303] Running algorithm for independent set matching.
[INFO DPO-0300] Set matching objective is wirelength.
[INFO DPO-0301] Pass   1 of matching; objective is 4.576686e+08.
[INFO DPO-0302] End of matching; objective is 4.551625e+08, improvement is 0.55 percent.
[INFO DPO-0303] Running algorithm for global swaps.
[INFO DPO-0306] Pass   1 of global swaps; hpwl is 4.359038e+08.
[INFO DPO-0306] Pass   2 of global swaps; hpwl is 4.316060e+08.
[INFO DPO-0307] End of global swaps; objective is 4.316060e+08, improvement is 5.18 percent.
[INFO DPO-0303] Running algorithm for vertical swaps.
[INFO DPO-0308] Pass   1 of vertical swaps; hpwl is 4.289434e+08.
[INFO DPO-0309] End of vertical swaps; objective is 4.289434e+08, improvement is 0.62 percent.
[INFO DPO-0303] Running algorithm for reordering.
[INFO DPO-0304] Pass   1 of reordering; objective is 4.263131e+08.
[INFO DPO-0305] End of reordering; objective is 4.263131e+08, improvement is 0.61 percent.
[INFO DPO-0303] Running algorithm for random improvement.
[INFO DPO-0324] Random improver is using displacement generator.
[INFO DPO-0325] Random improver is using hpwl objective.
[INFO DPO-0326] Random improver cost string is (a).
[INFO DPO-0332] End of pass, Generator displacement called 598960 times.
[INFO DPO-0335] Generator displacement, Cumulative attempts 598960, swaps 97595, moves 156346 since last reset.
[INFO DPO-0333] End of pass, Objective hpwl, Initial cost 4.200555e+08, Scratch cost 4.121617e+08, Incremental cost 4.121617e+08, Mismatch? N
[INFO DPO-0338] End of pass, Total cost is 4.121617e+08.
[INFO DPO-0327] Pass   1 of random improver; improvement in cost is 1.88 percent.
[INFO DPO-0332] End of pass, Generator displacement called 598960 times.
[INFO DPO-0335] Generator displacement, Cumulative attempts 1197920, swaps 191975, moves 313634 since last reset.
[INFO DPO-0333] End of pass, Objective hpwl, Initial cost 4.121617e+08, Scratch cost 4.091471e+08, Incremental cost 4.091471e+08, Mismatch? N
[INFO DPO-0338] End of pass, Total cost is 4.091471e+08.
[INFO DPO-0327] Pass   2 of random improver; improvement in cost is 0.73 percent.
[INFO DPO-0328] End of random improver; improvement is 2.596896 percent.
[INFO DPO-0380] Cell flipping.
[INFO DPO-0382] Changed 14964 cell orientations for row compatibility.
[INFO DPO-0383] Performed 9680 cell flips.
[INFO DPO-0384] End of flipping; objective is 4.081849e+08, improvement is 1.73 percent.
[INFO DPO-0313] Found 0 cells in wrong regions.
[INFO DPO-0315] Found 0 row alignment problems.
[INFO DPO-0314] Found 0 site alignment problems.
[INFO DPO-0311] Found 0 overlaps between adjacent cells.
[INFO DPO-0312] Found 0 edge spacing violations and 0 padding violations.
Detailed Improvement Results
------------------------------------------
Original HPWL           226786.5 u
Final HPWL              200967.2 u
Delta HPWL                 -11.4 %

[INFO DPL-0020] Mirrored 700 instances
[INFO DPL-0021] HPWL before          200967.2 u
[INFO DPL-0022] HPWL after           200893.3 u
[INFO DPL-0023] HPWL delta               -0.0 %
[INFO FLW-0012] Placement violations .

==========================================================================
detailed place report_tns
--------------------------------------------------------------------------
tns 0.00

==========================================================================
detailed place report_wns
--------------------------------------------------------------------------
wns 0.00

==========================================================================
detailed place report_worst_slack
--------------------------------------------------------------------------
worst slack 0.00

==========================================================================
detailed place report_clock_skew
--------------------------------------------------------------------------
Clock clk_i
Latency      CRPR       Skew
gen_encoder_units[2].encoder_unit/threshold_memory/gen_sub_units_scm[3].sub_unit_i/_2407_/G ^
   0.46
gen_encoder_units[2].encoder_unit/_356_/CK ^
   0.00      0.00       0.46


==========================================================================
detailed place report_checks -path_delay min
--------------------------------------------------------------------------
Startpoint: rst_ni (input port clocked by clk_i)
Endpoint: gen_encoder_units[1].encoder_unit/_359_
          (removal check against rising-edge clock clk_i)
Path Group: **async_default**
Path Type: min

Fanout     Cap    Slew   Delay    Time   Description
-----------------------------------------------------------------------------
                  0.00    0.00    0.00   clock clk_i (rise edge)
                          0.00    0.00   clock network delay (ideal)
                          0.30    0.30 ^ input external delay
                  0.00    0.00    0.30 ^ rst_ni (in)
     1   27.21                           rst_ni (net)
                  0.00    0.00    0.30 ^ input258/A (BUF_X32)
                  0.01    0.02    0.32 ^ input258/Z (BUF_X32)
   151  448.66                           net258 (net)
                  0.38    0.31    0.63 ^ gen_encoder_units[1].encoder_unit/_359_/RN (DFFR_X1)
                                  0.63   data arrival time

                  0.00    0.00    0.00   clock clk_i (rise edge)
                          0.00    0.00   clock network delay (ideal)
                          0.00    0.00   clock reconvergence pessimism
                                  0.00 ^ gen_encoder_units[1].encoder_unit/_359_/CK (DFFR_X1)
                          0.66    0.66   library removal time
                                  0.66   data required time
-----------------------------------------------------------------------------
                                  0.66   data required time
                                 -0.63   data arrival time
-----------------------------------------------------------------------------
                                 -0.03   slack (VIOLATED)


Startpoint: gen_encoder_units[0].encoder_unit/threshold_memory/gen_sub_units_scm[0].sub_unit_i/_2406_
            (negative level-sensitive latch clocked by clk_i)
Endpoint: gen_encoder_units[0].encoder_unit/threshold_memory/gen_sub_units_scm[0].sub_unit_i/_2372_
          (rising clock gating-check end-point clocked by clk_i)
Path Group: **clock_gating_default**
Path Type: min

Fanout     Cap    Slew   Delay    Time   Description
-----------------------------------------------------------------------------
                  0.00    1.50    1.50   clock clk_i (fall edge)
                          0.00    1.50   clock network delay (ideal)
                  0.00    0.00    1.50 v gen_encoder_units[0].encoder_unit/threshold_memory/gen_sub_units_scm[0].sub_unit_i/_2406_/GN (DLL_X1)
                  0.01    0.04    1.54 ^ gen_encoder_units[0].encoder_unit/threshold_memory/gen_sub_units_scm[0].sub_unit_i/_2406_/Q (DLL_X1)
     1    1.05                           gen_encoder_units[0].encoder_unit/threshold_memory/gen_sub_units_scm[0].sub_unit_i/gen_cg_word_iter[5].cg_i.en_latch (net)
                  0.01    0.00    1.54 ^ gen_encoder_units[0].encoder_unit/threshold_memory/gen_sub_units_scm[0].sub_unit_i/_2372_/A2 (AND2_X1)
                                  1.54   data arrival time

                  0.00    1.50    1.50   clock clk_i (fall edge)
                          0.00    1.50   clock network delay (ideal)
                          0.00    1.50   clock reconvergence pessimism
                                  1.50 v gen_encoder_units[0].encoder_unit/threshold_memory/gen_sub_units_scm[0].sub_unit_i/_2372_/A1 (AND2_X1)
                          0.00    1.50   clock gating hold time
                                  1.50   data required time
-----------------------------------------------------------------------------
                                  1.50   data required time
                                 -1.54   data arrival time
-----------------------------------------------------------------------------
                                  0.04   slack (MET)


Startpoint: gen_encoder_units[3].encoder_unit/_360_
            (rising edge-triggered flip-flop clocked by clk_i)
Endpoint: gen_encoder_units[3].encoder_unit/_361_
          (rising edge-triggered flip-flop clocked by clk_i)
Path Group: clk_i
Path Type: min

Fanout     Cap    Slew   Delay    Time   Description
-----------------------------------------------------------------------------
                  0.00    0.00    0.00   clock clk_i (rise edge)
                          0.00    0.00   clock network delay (ideal)
                  0.00    0.00    0.00 ^ gen_encoder_units[3].encoder_unit/_360_/CK (DFFR_X1)
                  0.01    0.07    0.07 ^ gen_encoder_units[3].encoder_unit/_360_/QN (DFFR_X1)
     2    2.91                           gen_encoder_units[3].encoder_unit/_001_ (net)
                  0.01    0.00    0.07 ^ gen_encoder_units[3].encoder_unit/_289_/A2 (OR2_X1)
                  0.01    0.03    0.09 ^ gen_encoder_units[3].encoder_unit/_289_/ZN (OR2_X1)
     1    1.74                           gen_encoder_units[3].encoder_unit/_105_ (net)
                  0.01    0.00    0.09 ^ gen_encoder_units[3].encoder_unit/_290_/A (INV_X1)
                  0.00    0.01    0.10 v gen_encoder_units[3].encoder_unit/_290_/ZN (INV_X1)
     1    1.18                           gen_encoder_units[3].encoder_unit/k_addr_n[2] (net)
                  0.00    0.00    0.10 v gen_encoder_units[3].encoder_unit/_361_/D (DFFR_X1)
                                  0.10   data arrival time

                  0.00    0.00    0.00   clock clk_i (rise edge)
                          0.00    0.00   clock network delay (ideal)
                          0.00    0.00   clock reconvergence pessimism
                                  0.00 ^ gen_encoder_units[3].encoder_unit/_361_/CK (DFFR_X1)
                          0.00    0.00   library hold time
                                  0.00   data required time
-----------------------------------------------------------------------------
                                  0.00   data required time
                                 -0.10   data arrival time
-----------------------------------------------------------------------------
                                  0.10   slack (MET)



==========================================================================
detailed place report_checks -path_delay max
--------------------------------------------------------------------------
Startpoint: rst_ni (input port clocked by clk_i)
Endpoint: gen_encoder_units[1].encoder_unit/_359_
          (recovery check against rising-edge clock clk_i)
Path Group: **async_default**
Path Type: max

Fanout     Cap    Slew   Delay    Time   Description
-----------------------------------------------------------------------------
                  0.00    0.00    0.00   clock clk_i (rise edge)
                          0.00    0.00   clock network delay (ideal)
                          0.30    0.30 ^ input external delay
                  0.00    0.00    0.30 ^ rst_ni (in)
     1   27.21                           rst_ni (net)
                  0.00    0.00    0.30 ^ input258/A (BUF_X32)
                  0.01    0.02    0.32 ^ input258/Z (BUF_X32)
   151  448.66                           net258 (net)
                  0.38    0.31    0.63 ^ gen_encoder_units[1].encoder_unit/_359_/RN (DFFR_X1)
                                  0.63   data arrival time

                  0.00    3.00    3.00   clock clk_i (rise edge)
                          0.00    3.00   clock network delay (ideal)
                          0.00    3.00   clock reconvergence pessimism
                                  3.00 ^ gen_encoder_units[1].encoder_unit/_359_/CK (DFFR_X1)
                         -0.03    2.97   library recovery time
                                  2.97   data required time
-----------------------------------------------------------------------------
                                  2.97   data required time
                                 -0.63   data arrival time
-----------------------------------------------------------------------------
                                  2.34   slack (MET)


Startpoint: gen_encoder_units[0].encoder_unit/threshold_memory/gen_sub_units_scm[1].sub_unit_i/_2935_
            (negative level-sensitive latch clocked by clk_i)
Endpoint: gen_encoder_units[0].encoder_unit/threshold_memory/gen_sub_units_scm[1].sub_unit_i/_2390_
          (rising clock gating-check end-point clocked by clk_i)
Path Group: **clock_gating_default**
Path Type: max

Fanout     Cap    Slew   Delay    Time   Description
-----------------------------------------------------------------------------
                  0.00    1.50    1.50   clock clk_i (fall edge)
                          0.00    1.50   clock network delay (ideal)
                  0.00    0.00    1.50 v gen_encoder_units[0].encoder_unit/threshold_memory/gen_sub_units_scm[1].sub_unit_i/_2935_/GN (DLL_X1)
                  0.01    0.07    1.57 v gen_encoder_units[0].encoder_unit/threshold_memory/gen_sub_units_scm[1].sub_unit_i/_2935_/Q (DLL_X1)
     1    2.74                           gen_encoder_units[0].encoder_unit/threshold_memory/gen_sub_units_scm[1].sub_unit_i/gen_cg_word_iter[19].cg_i.en_latch (net)
                  0.01    0.00    1.57 v gen_encoder_units[0].encoder_unit/threshold_memory/gen_sub_units_scm[1].sub_unit_i/_2390_/A2 (AND2_X1)
                                  1.57   data arrival time

                  0.00    3.00    3.00   clock clk_i (rise edge)
                          0.00    3.00   clock network delay (ideal)
                          0.00    3.00   clock reconvergence pessimism
                                  3.00 ^ gen_encoder_units[0].encoder_unit/threshold_memory/gen_sub_units_scm[1].sub_unit_i/_2390_/A1 (AND2_X1)
                          0.00    3.00   clock gating setup time
                                  3.00   data required time
-----------------------------------------------------------------------------
                                  3.00   data required time
                                 -1.57   data arrival time
-----------------------------------------------------------------------------
                                  1.43   slack (MET)


Startpoint: gen_encoder_units[3].encoder_unit/threshold_memory/_155_
            (rising edge-triggered flip-flop clocked by clk_i)
Endpoint: gen_encoder_units[3].encoder_unit/threshold_memory/gen_sub_units_scm[3].sub_unit_i/_2694_
          (positive level-sensitive latch clocked by clk_i)
Path Group: clk_i
Path Type: max

Fanout     Cap    Slew   Delay    Time   Description
-----------------------------------------------------------------------------
                  0.00    0.00    0.00   clock clk_i (rise edge)
                          0.00    0.00   clock network delay (ideal)
                  0.00    0.00    0.00 ^ gen_encoder_units[3].encoder_unit/threshold_memory/_155_/CK (DFFR_X2)
                  0.14    0.26    0.26 ^ gen_encoder_units[3].encoder_unit/threshold_memory/_155_/Q (DFFR_X2)
    69  124.03                           gen_encoder_units[3].encoder_unit/threshold_memory/wdata_a_q[12] (net)
                  0.14    0.01    0.27 ^ max_cap414/A (BUF_X16)
                  0.02    0.04    0.30 ^ max_cap414/Z (BUF_X16)
    61   96.19                           net414 (net)
                  0.03    0.02    0.32 ^ gen_encoder_units[3].encoder_unit/threshold_memory/gen_sub_units_scm[3].sub_unit_i/_2694_/D (DLH_X1)
                                  0.32   data arrival time

                  0.00    0.00    0.00   clock clk_i (rise edge)
                          0.00    0.00   clock network delay (ideal)
                          0.00    0.00   clock reconvergence pessimism
                                  0.00 ^ gen_encoder_units[3].encoder_unit/threshold_memory/gen_sub_units_scm[3].sub_unit_i/_2694_/G (DLH_X1)
                          0.32    0.32   time borrowed from endpoint
                                  0.32   data required time
-----------------------------------------------------------------------------
                                  0.32   data required time
                                 -0.32   data arrival time
-----------------------------------------------------------------------------
                                  0.00   slack (MET)

Time Borrowing Information
--------------------------------------------
clk_i pulse width                       1.50
library setup time                     -0.02
--------------------------------------------
max time borrow                         1.48
actual time borrow                      0.32
--------------------------------------------



==========================================================================
detailed place report_checks -unconstrained
--------------------------------------------------------------------------
Startpoint: rst_ni (input port clocked by clk_i)
Endpoint: gen_encoder_units[1].encoder_unit/_359_
          (recovery check against rising-edge clock clk_i)
Path Group: **async_default**
Path Type: max

Fanout     Cap    Slew   Delay    Time   Description
-----------------------------------------------------------------------------
                  0.00    0.00    0.00   clock clk_i (rise edge)
                          0.00    0.00   clock network delay (ideal)
                          0.30    0.30 ^ input external delay
                  0.00    0.00    0.30 ^ rst_ni (in)
     1   27.21                           rst_ni (net)
                  0.00    0.00    0.30 ^ input258/A (BUF_X32)
                  0.01    0.02    0.32 ^ input258/Z (BUF_X32)
   151  448.66                           net258 (net)
                  0.38    0.31    0.63 ^ gen_encoder_units[1].encoder_unit/_359_/RN (DFFR_X1)
                                  0.63   data arrival time

                  0.00    3.00    3.00   clock clk_i (rise edge)
                          0.00    3.00   clock network delay (ideal)
                          0.00    3.00   clock reconvergence pessimism
                                  3.00 ^ gen_encoder_units[1].encoder_unit/_359_/CK (DFFR_X1)
                         -0.03    2.97   library recovery time
                                  2.97   data required time
-----------------------------------------------------------------------------
                                  2.97   data required time
                                 -0.63   data arrival time
-----------------------------------------------------------------------------
                                  2.34   slack (MET)


Startpoint: gen_encoder_units[0].encoder_unit/threshold_memory/gen_sub_units_scm[1].sub_unit_i/_2935_
            (negative level-sensitive latch clocked by clk_i)
Endpoint: gen_encoder_units[0].encoder_unit/threshold_memory/gen_sub_units_scm[1].sub_unit_i/_2390_
          (rising clock gating-check end-point clocked by clk_i)
Path Group: **clock_gating_default**
Path Type: max

Fanout     Cap    Slew   Delay    Time   Description
-----------------------------------------------------------------------------
                  0.00    1.50    1.50   clock clk_i (fall edge)
                          0.00    1.50   clock network delay (ideal)
                  0.00    0.00    1.50 v gen_encoder_units[0].encoder_unit/threshold_memory/gen_sub_units_scm[1].sub_unit_i/_2935_/GN (DLL_X1)
                  0.01    0.07    1.57 v gen_encoder_units[0].encoder_unit/threshold_memory/gen_sub_units_scm[1].sub_unit_i/_2935_/Q (DLL_X1)
     1    2.74                           gen_encoder_units[0].encoder_unit/threshold_memory/gen_sub_units_scm[1].sub_unit_i/gen_cg_word_iter[19].cg_i.en_latch (net)
                  0.01    0.00    1.57 v gen_encoder_units[0].encoder_unit/threshold_memory/gen_sub_units_scm[1].sub_unit_i/_2390_/A2 (AND2_X1)
                                  1.57   data arrival time

                  0.00    3.00    3.00   clock clk_i (rise edge)
                          0.00    3.00   clock network delay (ideal)
                          0.00    3.00   clock reconvergence pessimism
                                  3.00 ^ gen_encoder_units[0].encoder_unit/threshold_memory/gen_sub_units_scm[1].sub_unit_i/_2390_/A1 (AND2_X1)
                          0.00    3.00   clock gating setup time
                                  3.00   data required time
-----------------------------------------------------------------------------
                                  3.00   data required time
                                 -1.57   data arrival time
-----------------------------------------------------------------------------
                                  1.43   slack (MET)


Startpoint: gen_encoder_units[3].encoder_unit/threshold_memory/_155_
            (rising edge-triggered flip-flop clocked by clk_i)
Endpoint: gen_encoder_units[3].encoder_unit/threshold_memory/gen_sub_units_scm[3].sub_unit_i/_2694_
          (positive level-sensitive latch clocked by clk_i)
Path Group: clk_i
Path Type: max

Fanout     Cap    Slew   Delay    Time   Description
-----------------------------------------------------------------------------
                  0.00    0.00    0.00   clock clk_i (rise edge)
                          0.00    0.00   clock network delay (ideal)
                  0.00    0.00    0.00 ^ gen_encoder_units[3].encoder_unit/threshold_memory/_155_/CK (DFFR_X2)
                  0.14    0.26    0.26 ^ gen_encoder_units[3].encoder_unit/threshold_memory/_155_/Q (DFFR_X2)
    69  124.03                           gen_encoder_units[3].encoder_unit/threshold_memory/wdata_a_q[12] (net)
                  0.14    0.01    0.27 ^ max_cap414/A (BUF_X16)
                  0.02    0.04    0.30 ^ max_cap414/Z (BUF_X16)
    61   96.19                           net414 (net)
                  0.03    0.02    0.32 ^ gen_encoder_units[3].encoder_unit/threshold_memory/gen_sub_units_scm[3].sub_unit_i/_2694_/D (DLH_X1)
                                  0.32   data arrival time

                  0.00    0.00    0.00   clock clk_i (rise edge)
                          0.00    0.00   clock network delay (ideal)
                          0.00    0.00   clock reconvergence pessimism
                                  0.00 ^ gen_encoder_units[3].encoder_unit/threshold_memory/gen_sub_units_scm[3].sub_unit_i/_2694_/G (DLH_X1)
                          0.32    0.32   time borrowed from endpoint
                                  0.32   data required time
-----------------------------------------------------------------------------
                                  0.32   data required time
                                 -0.32   data arrival time
-----------------------------------------------------------------------------
                                  0.00   slack (MET)

Time Borrowing Information
--------------------------------------------
clk_i pulse width                       1.50
library setup time                     -0.02
--------------------------------------------
max time borrow                         1.48
actual time borrow                      0.32
--------------------------------------------



==========================================================================
detailed place report_check_types -max_slew -max_cap -max_fanout -violators
--------------------------------------------------------------------------
max capacitance

Pin                                    Limit     Cap   Slack
------------------------------------------------------------
gen_encoder_units[3].encoder_unit/threshold_memory/_150_/Q  120.85  124.45   -3.60 (VIOLATED)
gen_encoder_units[2].encoder_unit/threshold_memory/_143_/Q  120.85  124.08   -3.23 (VIOLATED)
gen_encoder_units[3].encoder_unit/threshold_memory/_155_/Q  120.85  124.03   -3.18 (VIOLATED)
gen_encoder_units[0].encoder_unit/threshold_memory/_152_/Q  120.85  121.62   -0.77 (VIOLATED)


==========================================================================
detailed place max_slew_check_slack
--------------------------------------------------------------------------
0.061702851206064224

==========================================================================
detailed place max_slew_check_limit
--------------------------------------------------------------------------
0.1985349953174591

==========================================================================
detailed place max_slew_check_slack_limit
--------------------------------------------------------------------------
0.3108

==========================================================================
detailed place max_fanout_check_slack
--------------------------------------------------------------------------
1.0000000150474662e+30

==========================================================================
detailed place max_fanout_check_limit
--------------------------------------------------------------------------
1.0000000150474662e+30

==========================================================================
detailed place max_capacitance_check_slack
--------------------------------------------------------------------------
-3.603982925415039

==========================================================================
detailed place max_capacitance_check_limit
--------------------------------------------------------------------------
120.8499984741211

==========================================================================
detailed place max_capacitance_check_slack_limit
--------------------------------------------------------------------------
-0.0298

==========================================================================
detailed place max_slew_violation_count
--------------------------------------------------------------------------
max slew violation count 0

==========================================================================
detailed place max_fanout_violation_count
--------------------------------------------------------------------------
max fanout violation count 0

==========================================================================
detailed place max_cap_violation_count
--------------------------------------------------------------------------
max cap violation count 4

==========================================================================
detailed place setup_violation_count
--------------------------------------------------------------------------
setup violation count 1

==========================================================================
detailed place hold_violation_count
--------------------------------------------------------------------------
hold violation count 1

==========================================================================
detailed place critical path delay
--------------------------------------------------------------------------
0.3241

==========================================================================
detailed place critical path slack
--------------------------------------------------------------------------
0.0000

==========================================================================
detailed place slack div critical path delay
--------------------------------------------------------------------------
0.000000

==========================================================================
detailed place report_power
--------------------------------------------------------------------------
Group                  Internal  Switching    Leakage      Total
                          Power      Power      Power      Power (Watts)
----------------------------------------------------------------
Sequential             9.66e-03   5.06e-04   2.80e-04   1.04e-02  50.6%
Combinational          2.05e-03   7.66e-03   5.05e-04   1.02e-02  49.4%
Macro                  0.00e+00   0.00e+00   0.00e+00   0.00e+00   0.0%
Pad                    0.00e+00   0.00e+00   0.00e+00   0.00e+00   0.0%
----------------------------------------------------------------
Total                  1.17e-02   8.16e-03   7.85e-04   2.07e-02 100.0%
                          56.7%      39.5%       3.8%

==========================================================================
detailed place report_design_area
--------------------------------------------------------------------------
Design area 45265 u^2 39% utilization.

Elapsed time: 0:28.16[h:]min:sec. CPU time: user 28.01 sys 0.13 (99%). Peak memory: 268372KB.
