OpenROAD b57893514040c5aa453ab5c104f35d1173a8add9 
This program is licensed under the BSD-3 license. See the LICENSE file for details.
Components of this program may be licensed under more restrictive licenses which must be honored.
[INFO ORD-0030] Using 2 thread(s).
[INFO DRT-0149] Reading tech and libs.

Units:                2000
Number of layers:     21
Number of macros:     135
Number of vias:       27
Number of viarulegen: 19

[INFO DRT-0150] Reading design.

Design:                   halut_encoder_4
Die area:                 ( 0 0 ) ( 689910 689910 )
Number of track patterns: 20
Number of DEF vias:       6
Number of components:     48016
Number of terminals:      365
Number of snets:          2
Number of nets:           33241

[INFO DRT-0167] List of default vias:
  Layer via1
    default via: via1_7
  Layer via2
    default via: via2_5
  Layer via3
    default via: via3_2
  Layer via4
    default via: via4_0
  Layer via5
    default via: via5_0
  Layer via6
    default via: via6_0
  Layer via7
    default via: via7_0
  Layer via8
    default via: via8_0
  Layer via9
    default via: via9_0
[INFO DRT-0162] Library cell analysis.
[INFO DRT-0163] Instance analysis.
  Complete 10000 instances.
  Complete 20000 instances.
  Complete 30000 instances.
  Complete 40000 instances.
[INFO DRT-0164] Number of unique instances = 102.
[INFO DRT-0168] Init region query.
[INFO DRT-0018]   Complete 10000 insts.
[INFO DRT-0018]   Complete 20000 insts.
[INFO DRT-0018]   Complete 30000 insts.
[INFO DRT-0018]   Complete 40000 insts.
[INFO DRT-0024]   Complete active.
[INFO DRT-0024]   Complete FR_VIA.
[INFO DRT-0024]   Complete metal1.
[INFO DRT-0024]   Complete via1.
[INFO DRT-0024]   Complete metal2.
[INFO DRT-0024]   Complete via2.
[INFO DRT-0024]   Complete metal3.
[INFO DRT-0024]   Complete via3.
[INFO DRT-0024]   Complete metal4.
[INFO DRT-0024]   Complete via4.
[INFO DRT-0024]   Complete metal5.
[INFO DRT-0024]   Complete via5.
[INFO DRT-0024]   Complete metal6.
[INFO DRT-0024]   Complete via6.
[INFO DRT-0024]   Complete metal7.
[INFO DRT-0024]   Complete via7.
[INFO DRT-0024]   Complete metal8.
[INFO DRT-0024]   Complete via8.
[INFO DRT-0024]   Complete metal9.
[INFO DRT-0024]   Complete via9.
[INFO DRT-0024]   Complete metal10.
[INFO DRT-0033] active shape region query size = 0.
[INFO DRT-0033] FR_VIA shape region query size = 0.
[INFO DRT-0033] metal1 shape region query size = 686925.
[INFO DRT-0033] via1 shape region query size = 4740.
[INFO DRT-0033] metal2 shape region query size = 3343.
[INFO DRT-0033] via2 shape region query size = 4740.
[INFO DRT-0033] metal3 shape region query size = 3342.
[INFO DRT-0033] via3 shape region query size = 4740.
[INFO DRT-0033] metal4 shape region query size = 1704.
[INFO DRT-0033] via4 shape region query size = 1110.
[INFO DRT-0033] metal5 shape region query size = 222.
[INFO DRT-0033] via5 shape region query size = 1110.
[INFO DRT-0033] metal6 shape region query size = 222.
[INFO DRT-0033] via6 shape region query size = 444.
[INFO DRT-0033] metal7 shape region query size = 128.
[INFO DRT-0033] via7 shape region query size = 0.
[INFO DRT-0033] metal8 shape region query size = 0.
[INFO DRT-0033] via8 shape region query size = 0.
[INFO DRT-0033] metal9 shape region query size = 0.
[INFO DRT-0033] via9 shape region query size = 0.
[INFO DRT-0033] metal10 shape region query size = 0.
[INFO DRT-0165] Start pin access.
[INFO DRT-0076]   Complete 100 pins.
[INFO DRT-0076]   Complete 200 pins.
[INFO DRT-0078]   Complete 266 pins.
[INFO DRT-0081]   Complete 86 unique inst patterns.
[INFO DRT-0082]   Complete 1000 groups.
[INFO DRT-0082]   Complete 2000 groups.
[INFO DRT-0082]   Complete 3000 groups.
[INFO DRT-0082]   Complete 4000 groups.
[INFO DRT-0082]   Complete 5000 groups.
[INFO DRT-0082]   Complete 6000 groups.
[INFO DRT-0082]   Complete 7000 groups.
[INFO DRT-0084]   Complete 7079 groups.
#scanned instances     = 48016
#unique  instances     = 102
#stdCellGenAp          = 2809
#stdCellValidPlanarAp  = 0
#stdCellValidViaAp     = 2061
#stdCellPinNoAp        = 0
#stdCellPinCnt         = 101334
#instTermValidViaApCnt = 0
#macroGenAp            = 0
#macroValidPlanarAp    = 0
#macroValidViaAp       = 0
#macroNoAp             = 0
[INFO DRT-0166] Complete pin access.
[INFO DRT-0267] cpu time = 00:12:48, elapsed time = 00:06:26, memory = 288.89 (MB), peak = 302.72 (MB)
[INFO DRT-0156] guideIn read 100000 guides.
[INFO DRT-0156] guideIn read 200000 guides.
[INFO DRT-0156] guideIn read 300000 guides.

Number of guides:     314973

[INFO DRT-0169] Post process guides.
[INFO DRT-0176] GCELLGRID X 0 DO 164 STEP 4200 ;
[INFO DRT-0177] GCELLGRID Y 0 DO 164 STEP 4200 ;
[INFO DRT-0026]   Complete 10000 origin guides.
[INFO DRT-0026]   Complete 20000 origin guides.
[INFO DRT-0026]   Complete 30000 origin guides.
[INFO DRT-0026]   Complete 40000 origin guides.
[INFO DRT-0026]   Complete 50000 origin guides.
[INFO DRT-0026]   Complete 60000 origin guides.
[INFO DRT-0026]   Complete 70000 origin guides.
[INFO DRT-0026]   Complete 80000 origin guides.
[INFO DRT-0026]   Complete 90000 origin guides.
[INFO DRT-0027]   Complete 100000 origin guides.
[INFO DRT-0027]   Complete 200000 origin guides.
[INFO DRT-0027]   Complete 300000 origin guides.
[INFO DRT-0028]   Complete active.
[INFO DRT-0028]   Complete FR_VIA.
[INFO DRT-0028]   Complete metal1.
[INFO DRT-0028]   Complete via1.
[INFO DRT-0028]   Complete metal2.
[INFO DRT-0028]   Complete via2.
[INFO DRT-0028]   Complete metal3.
[INFO DRT-0028]   Complete via3.
[INFO DRT-0028]   Complete metal4.
[INFO DRT-0028]   Complete via4.
[INFO DRT-0028]   Complete metal5.
[INFO DRT-0028]   Complete via5.
[INFO DRT-0028]   Complete metal6.
[INFO DRT-0028]   Complete via6.
[INFO DRT-0028]   Complete metal7.
[INFO DRT-0028]   Complete via7.
[INFO DRT-0028]   Complete metal8.
[INFO DRT-0028]   Complete via8.
[INFO DRT-0028]   Complete metal9.
[INFO DRT-0028]   Complete via9.
[INFO DRT-0028]   Complete metal10.
  complete 10000 nets.
  complete 20000 nets.
  complete 30000 nets.
[INFO DRT-0178] Init guide query.
[INFO DRT-0029]   Complete 10000 nets (guide).
[INFO DRT-0029]   Complete 20000 nets (guide).
[INFO DRT-0029]   Complete 30000 nets (guide).
[INFO DRT-0035]   Complete active (guide).
[INFO DRT-0035]   Complete FR_VIA (guide).
[INFO DRT-0035]   Complete metal1 (guide).
[INFO DRT-0035]   Complete via1 (guide).
[INFO DRT-0035]   Complete metal2 (guide).
[INFO DRT-0035]   Complete via2 (guide).
[INFO DRT-0035]   Complete metal3 (guide).
[INFO DRT-0035]   Complete via3 (guide).
[INFO DRT-0035]   Complete metal4 (guide).
[INFO DRT-0035]   Complete via4 (guide).
[INFO DRT-0035]   Complete metal5 (guide).
[INFO DRT-0035]   Complete via5 (guide).
[INFO DRT-0035]   Complete metal6 (guide).
[INFO DRT-0035]   Complete via6 (guide).
[INFO DRT-0035]   Complete metal7 (guide).
[INFO DRT-0035]   Complete via7 (guide).
[INFO DRT-0035]   Complete metal8 (guide).
[INFO DRT-0035]   Complete via8 (guide).
[INFO DRT-0035]   Complete metal9 (guide).
[INFO DRT-0035]   Complete via9 (guide).
[INFO DRT-0035]   Complete metal10 (guide).
[INFO DRT-0036] active guide region query size = 0.
[INFO DRT-0036] FR_VIA guide region query size = 0.
[INFO DRT-0036] metal1 guide region query size = 91886.
[INFO DRT-0036] via1 guide region query size = 0.
[INFO DRT-0036] metal2 guide region query size = 79107.
[INFO DRT-0036] via2 guide region query size = 0.
[INFO DRT-0036] metal3 guide region query size = 58607.
[INFO DRT-0036] via3 guide region query size = 0.
[INFO DRT-0036] metal4 guide region query size = 30450.
[INFO DRT-0036] via4 guide region query size = 0.
[INFO DRT-0036] metal5 guide region query size = 13071.
[INFO DRT-0036] via5 guide region query size = 0.
[INFO DRT-0036] metal6 guide region query size = 2828.
[INFO DRT-0036] via6 guide region query size = 0.
[INFO DRT-0036] metal7 guide region query size = 345.
[INFO DRT-0036] via7 guide region query size = 0.
[INFO DRT-0036] metal8 guide region query size = 11.
[INFO DRT-0036] via8 guide region query size = 0.
[INFO DRT-0036] metal9 guide region query size = 0.
[INFO DRT-0036] via9 guide region query size = 0.
[INFO DRT-0036] metal10 guide region query size = 0.
[INFO DRT-0179] Init gr pin query.
[INFO DRT-0185] Post process initialize RPin region query.
[INFO DRT-0181] Start track assignment.
[INFO DRT-0184] Done with 112396 vertical wires in 4 frboxes and 163909 horizontal wires in 4 frboxes.
[INFO DRT-0186] Done with 37932 vertical wires in 4 frboxes and 49895 horizontal wires in 4 frboxes.
[INFO DRT-0182] Complete track assignment.
[INFO DRT-0267] cpu time = 00:00:29, elapsed time = 00:00:18, memory = 1103.03 (MB), peak = 1103.03 (MB)
[INFO DRT-0187] Start routing data preparation.
[INFO DRT-0267] cpu time = 00:00:00, elapsed time = 00:00:00, memory = 1103.03 (MB), peak = 1103.03 (MB)
[INFO DRT-0194] Start detail routing.
[INFO DRT-0195] Start 0th optimization iteration.
    Completing 10% with 0 violations.
    elapsed time = 00:00:14, memory = 1103.03 (MB).
    Completing 20% with 0 violations.
    elapsed time = 00:00:26, memory = 1317.40 (MB).
    Completing 30% with 628 violations.
    elapsed time = 00:00:41, memory = 1466.34 (MB).
    Completing 40% with 628 violations.
    elapsed time = 00:00:56, memory = 1466.34 (MB).
    Completing 50% with 628 violations.
    elapsed time = 00:01:12, memory = 1502.16 (MB).
    Completing 60% with 1423 violations.
    elapsed time = 00:01:31, memory = 1514.08 (MB).
    Completing 70% with 1423 violations.
    elapsed time = 00:01:48, memory = 1516.08 (MB).
    Completing 80% with 2270 violations.
    elapsed time = 00:02:05, memory = 1567.57 (MB).
    Completing 90% with 2270 violations.
    elapsed time = 00:02:21, memory = 1567.57 (MB).
    Completing 100% with 3110 violations.
    elapsed time = 00:02:37, memory = 1606.68 (MB).
[INFO DRT-0199]   Number of violations = 13714.
[INFO DRT-0267] cpu time = 00:05:12, elapsed time = 00:02:39, memory = 1729.45 (MB), peak = 1729.45 (MB)
Total wire length = 421133 um.
Total wire length on LAYER metal1 = 0 um.
Total wire length on LAYER metal2 = 89955 um.
Total wire length on LAYER metal3 = 134058 um.
Total wire length on LAYER metal4 = 89643 um.
Total wire length on LAYER metal5 = 70437 um.
Total wire length on LAYER metal6 = 30551 um.
Total wire length on LAYER metal7 = 6229 um.
Total wire length on LAYER metal8 = 256 um.
Total wire length on LAYER metal9 = 0 um.
Total wire length on LAYER metal10 = 0 um.
Total number of vias = 250689.
Up-via summary (total 250689):.

-----------------
 active         0
 metal1    101199
 metal2     95815
 metal3     33170
 metal4     15597
 metal5      4357
 metal6       531
 metal7        20
 metal8         0
 metal9         0
-----------------
           250689


[INFO DRT-0195] Start 1st optimization iteration.
    Completing 10% with 13714 violations.
    elapsed time = 00:00:11, memory = 1729.45 (MB).
    Completing 20% with 13714 violations.
    elapsed time = 00:00:22, memory = 1729.45 (MB).
    Completing 30% with 10423 violations.
    elapsed time = 00:00:33, memory = 1729.45 (MB).
    Completing 40% with 10423 violations.
    elapsed time = 00:00:45, memory = 1729.45 (MB).
    Completing 50% with 10423 violations.
    elapsed time = 00:00:56, memory = 1729.45 (MB).
    Completing 60% with 6894 violations.
    elapsed time = 00:01:11, memory = 1729.45 (MB).
    Completing 70% with 6894 violations.
    elapsed time = 00:01:24, memory = 1729.45 (MB).
    Completing 80% with 3750 violations.
    elapsed time = 00:01:36, memory = 1729.45 (MB).
    Completing 90% with 3750 violations.
    elapsed time = 00:01:48, memory = 1729.45 (MB).
    Completing 100% with 431 violations.
    elapsed time = 00:02:00, memory = 1729.45 (MB).
[INFO DRT-0199]   Number of violations = 431.
[INFO DRT-0267] cpu time = 00:03:59, elapsed time = 00:02:02, memory = 1735.57 (MB), peak = 1735.57 (MB)
Total wire length = 416355 um.
Total wire length on LAYER metal1 = 0 um.
Total wire length on LAYER metal2 = 91385 um.
Total wire length on LAYER metal3 = 134230 um.
Total wire length on LAYER metal4 = 86401 um.
Total wire length on LAYER metal5 = 67921 um.
Total wire length on LAYER metal6 = 30019 um.
Total wire length on LAYER metal7 = 6143 um.
Total wire length on LAYER metal8 = 253 um.
Total wire length on LAYER metal9 = 0 um.
Total wire length on LAYER metal10 = 0 um.
Total number of vias = 247267.
Up-via summary (total 247267):.

-----------------
 active         0
 metal1    101195
 metal2     96063
 metal3     30997
 metal4     14365
 metal5      4123
 metal6       504
 metal7        20
 metal8         0
 metal9         0
-----------------
           247267


[INFO DRT-0195] Start 2nd optimization iteration.
    Completing 10% with 431 violations.
    elapsed time = 00:00:05, memory = 1735.57 (MB).
    Completing 20% with 431 violations.
    elapsed time = 00:00:09, memory = 1735.57 (MB).
    Completing 30% with 396 violations.
    elapsed time = 00:00:12, memory = 1735.57 (MB).
    Completing 40% with 396 violations.
    elapsed time = 00:00:21, memory = 1735.57 (MB).
    Completing 50% with 396 violations.
    elapsed time = 00:00:26, memory = 1735.57 (MB).
    Completing 60% with 362 violations.
    elapsed time = 00:00:33, memory = 1735.57 (MB).
    Completing 70% with 362 violations.
    elapsed time = 00:00:37, memory = 1735.57 (MB).
    Completing 80% with 285 violations.
    elapsed time = 00:00:41, memory = 1735.57 (MB).
    Completing 90% with 285 violations.
    elapsed time = 00:00:47, memory = 1735.57 (MB).
    Completing 100% with 248 violations.
    elapsed time = 00:00:54, memory = 1735.57 (MB).
[INFO DRT-0199]   Number of violations = 248.
[INFO DRT-0267] cpu time = 00:01:48, elapsed time = 00:00:56, memory = 1735.57 (MB), peak = 1735.57 (MB)
Total wire length = 415670 um.
Total wire length on LAYER metal1 = 0 um.
Total wire length on LAYER metal2 = 91446 um.
Total wire length on LAYER metal3 = 134203 um.
Total wire length on LAYER metal4 = 86122 um.
Total wire length on LAYER metal5 = 67620 um.
Total wire length on LAYER metal6 = 29932 um.
Total wire length on LAYER metal7 = 6093 um.
Total wire length on LAYER metal8 = 252 um.
Total wire length on LAYER metal9 = 0 um.
Total wire length on LAYER metal10 = 0 um.
Total number of vias = 246744.
Up-via summary (total 246744):.

-----------------
 active         0
 metal1    101195
 metal2     95971
 metal3     30727
 metal4     14244
 metal5      4093
 metal6       494
 metal7        20
 metal8         0
 metal9         0
-----------------
           246744


[INFO DRT-0195] Start 3rd optimization iteration.
    Completing 10% with 248 violations.
    elapsed time = 00:00:02, memory = 1735.57 (MB).
    Completing 20% with 248 violations.
    elapsed time = 00:00:02, memory = 1735.57 (MB).
    Completing 30% with 185 violations.
    elapsed time = 00:00:04, memory = 1735.57 (MB).
    Completing 40% with 185 violations.
    elapsed time = 00:00:05, memory = 1735.57 (MB).
    Completing 50% with 185 violations.
    elapsed time = 00:00:06, memory = 1735.57 (MB).
    Completing 60% with 125 violations.
    elapsed time = 00:00:08, memory = 1735.57 (MB).
    Completing 70% with 125 violations.
    elapsed time = 00:00:09, memory = 1735.57 (MB).
    Completing 80% with 55 violations.
    elapsed time = 00:00:11, memory = 1735.57 (MB).
    Completing 90% with 55 violations.
    elapsed time = 00:00:11, memory = 1735.57 (MB).
    Completing 100% with 8 violations.
    elapsed time = 00:00:13, memory = 1735.57 (MB).
[INFO DRT-0199]   Number of violations = 8.
[INFO DRT-0267] cpu time = 00:00:25, elapsed time = 00:00:14, memory = 1735.57 (MB), peak = 1735.57 (MB)
Total wire length = 415649 um.
Total wire length on LAYER metal1 = 0 um.
Total wire length on LAYER metal2 = 91545 um.
Total wire length on LAYER metal3 = 134352 um.
Total wire length on LAYER metal4 = 85988 um.
Total wire length on LAYER metal5 = 67516 um.
Total wire length on LAYER metal6 = 29907 um.
Total wire length on LAYER metal7 = 6086 um.
Total wire length on LAYER metal8 = 252 um.
Total wire length on LAYER metal9 = 0 um.
Total wire length on LAYER metal10 = 0 um.
Total number of vias = 246860.
Up-via summary (total 246860):.

-----------------
 active         0
 metal1    101195
 metal2     96167
 metal3     30682
 metal4     14217
 metal5      4085
 metal6       494
 metal7        20
 metal8         0
 metal9         0
-----------------
           246860


[INFO DRT-0195] Start 4th optimization iteration.
    Completing 10% with 8 violations.
    elapsed time = 00:00:00, memory = 1735.57 (MB).
    Completing 20% with 8 violations.
    elapsed time = 00:00:00, memory = 1735.57 (MB).
    Completing 30% with 7 violations.
    elapsed time = 00:00:00, memory = 1735.57 (MB).
    Completing 40% with 7 violations.
    elapsed time = 00:00:00, memory = 1735.57 (MB).
    Completing 50% with 7 violations.
    elapsed time = 00:00:00, memory = 1735.57 (MB).
    Completing 60% with 4 violations.
    elapsed time = 00:00:00, memory = 1735.57 (MB).
    Completing 70% with 4 violations.
    elapsed time = 00:00:00, memory = 1735.57 (MB).
    Completing 80% with 3 violations.
    elapsed time = 00:00:00, memory = 1735.57 (MB).
    Completing 90% with 3 violations.
    elapsed time = 00:00:00, memory = 1735.57 (MB).
    Completing 100% with 0 violations.
    elapsed time = 00:00:01, memory = 1735.57 (MB).
[INFO DRT-0199]   Number of violations = 0.
[INFO DRT-0267] cpu time = 00:00:01, elapsed time = 00:00:01, memory = 1735.57 (MB), peak = 1735.57 (MB)
Total wire length = 415643 um.
Total wire length on LAYER metal1 = 0 um.
Total wire length on LAYER metal2 = 91557 um.
Total wire length on LAYER metal3 = 134388 um.
Total wire length on LAYER metal4 = 85967 um.
Total wire length on LAYER metal5 = 67483 um.
Total wire length on LAYER metal6 = 29906 um.
Total wire length on LAYER metal7 = 6086 um.
Total wire length on LAYER metal8 = 252 um.
Total wire length on LAYER metal9 = 0 um.
Total wire length on LAYER metal10 = 0 um.
Total number of vias = 246859.
Up-via summary (total 246859):.

-----------------
 active         0
 metal1    101195
 metal2     96184
 metal3     30671
 metal4     14210
 metal5      4085
 metal6       494
 metal7        20
 metal8         0
 metal9         0
-----------------
           246859


[INFO DRT-0198] Complete detail routing.
Total wire length = 415643 um.
Total wire length on LAYER metal1 = 0 um.
Total wire length on LAYER metal2 = 91557 um.
Total wire length on LAYER metal3 = 134388 um.
Total wire length on LAYER metal4 = 85967 um.
Total wire length on LAYER metal5 = 67483 um.
Total wire length on LAYER metal6 = 29906 um.
Total wire length on LAYER metal7 = 6086 um.
Total wire length on LAYER metal8 = 252 um.
Total wire length on LAYER metal9 = 0 um.
Total wire length on LAYER metal10 = 0 um.
Total number of vias = 246859.
Up-via summary (total 246859):.

-----------------
 active         0
 metal1    101195
 metal2     96184
 metal3     30671
 metal4     14210
 metal5      4085
 metal6       494
 metal7        20
 metal8         0
 metal9         0
-----------------
           246859


[INFO DRT-0267] cpu time = 00:11:27, elapsed time = 00:05:53, memory = 1735.57 (MB), peak = 1735.57 (MB)

[INFO DRT-0180] Post processing.
Elapsed time: 12:42.57[h:]min:sec. CPU time: user 1488.10 sys 1.17 (195%). Peak memory: 1777420KB.
