OpenROAD b57893514040c5aa453ab5c104f35d1173a8add9 
This program is licensed under the BSD-3 license. See the LICENSE file for details.
Components of this program may be licensed under more restrictive licenses which must be honored.
[INFO ODB-0222] Reading LEF file: /halutmatmul/hardware/flow/OpenROAD/flow/platforms/asap7/lef/asap7_tech_1x_201209.lef
[INFO ODB-0223]     Created 24 technology layers
[INFO ODB-0224]     Created 9 technology vias
[INFO ODB-0226] Finished LEF file:  /halutmatmul/hardware/flow/OpenROAD/flow/platforms/asap7/lef/asap7_tech_1x_201209.lef
[INFO ODB-0222] Reading LEF file: /halutmatmul/hardware/flow/OpenROAD/flow/platforms/asap7/lef/asap7sc7p5t_27_R_1x_201211.lef
[INFO ODB-0225]     Created 212 library cells
[INFO ODB-0226] Finished LEF file:  /halutmatmul/hardware/flow/OpenROAD/flow/platforms/asap7/lef/asap7sc7p5t_27_R_1x_201211.lef
[WARNING STA-0337] port 'clk_i' not found.
number instances in verilog is 2563
[WARNING IFP-0028] Core area lower left (2.000, 2.000) snapped to (2.052, 2.160).
[INFO IFP-0001] Added 92 rows of 463 sites.
[INFO RSZ-0026] Removed 139 buffers.
Default units for flow
 time 1ps
 capacitance 1fF
 resistance 1kohm
 voltage 1v
 current 1mA
 power 1pW
 distance 1um

==========================================================================
floorplan final report_tns
--------------------------------------------------------------------------
tns -25378.41

==========================================================================
floorplan final report_wns
--------------------------------------------------------------------------
wns -882.89

==========================================================================
floorplan final report_worst_slack
--------------------------------------------------------------------------
worst slack -882.89

==========================================================================
floorplan final report_clock_skew
--------------------------------------------------------------------------
Clock clk_i
No launch/capture paths found.


==========================================================================
floorplan final report_checks -path_delay min
--------------------------------------------------------------------------
Startpoint: operand_fp16_i[15] (input port clocked by clk_i)
Endpoint: result_o[31] (output port clocked by clk_i)
Path Group: clk_i
Path Type: min

Fanout     Cap    Slew   Delay    Time   Description
-----------------------------------------------------------------------------
                  0.00    0.00    0.00   clock clk_i (rise edge)
                          0.00    0.00   clock network delay (ideal)
                        160.00  160.00 ^ input external delay
                  0.00    0.00  160.00 ^ operand_fp16_i[15] (in)
     2    1.45                           operand_fp16_i[15] (net)
                  0.00    0.00  160.00 ^ adder/_2262_/B (AO21x1_ASAP7_75t_R)
                  4.36    7.21  167.21 ^ adder/_2262_/Y (AO21x1_ASAP7_75t_R)
     1    0.32                           adder/_0517_ (net)
                  4.36    0.00  167.21 ^ adder/_2263_/B (AND2x2_ASAP7_75t_R)
                  4.89   13.36  180.57 ^ adder/_2263_/Y (AND2x2_ASAP7_75t_R)
     1    0.00                           result_o[31] (net)
                  4.89    0.00  180.57 ^ result_o[31] (out)
                                180.57   data arrival time

                  0.00    0.00    0.00   clock clk_i (rise edge)
                          0.00    0.00   clock network delay (ideal)
                          0.00    0.00   clock reconvergence pessimism
                       -160.00 -160.00   output external delay
                               -160.00   data required time
-----------------------------------------------------------------------------
                               -160.00   data required time
                               -180.57   data arrival time
-----------------------------------------------------------------------------
                                340.57   slack (MET)



==========================================================================
floorplan final report_checks -path_delay max
--------------------------------------------------------------------------
Startpoint: operand_fp16_i[9] (input port clocked by clk_i)
Endpoint: result_o[28] (output port clocked by clk_i)
Path Group: clk_i
Path Type: max

Fanout     Cap    Slew   Delay    Time   Description
-----------------------------------------------------------------------------
                  0.00    0.00    0.00   clock clk_i (rise edge)
                          0.00    0.00   clock network delay (ideal)
                        160.00  160.00 v input external delay
                  0.00    0.00  160.00 v operand_fp16_i[9] (in)
     3    3.34                           operand_fp16_i[9] (net)
                  0.00    0.00  160.00 v _139_/A (NOR2x1_ASAP7_75t_R)
                 25.68   14.35  174.35 ^ _139_/Y (NOR2x1_ASAP7_75t_R)
     3    3.27                           _079_ (net)
                 25.68    0.00  174.35 ^ _142_/A (NAND2x2_ASAP7_75t_R)
                 19.47   15.72  190.07 v _142_/Y (NAND2x2_ASAP7_75t_R)
     5    5.64                           _082_ (net)
                 19.47    0.00  190.07 v _145_/A2 (OAI21x1_ASAP7_75t_R)
                 73.57   39.65  229.72 ^ _145_/Y (OAI21x1_ASAP7_75t_R)
     9   11.90                           _085_ (net)
                 73.57    0.00  229.72 ^ _161_/B (NOR2x2_ASAP7_75t_R)
                 28.21   25.35  255.08 v _161_/Y (NOR2x2_ASAP7_75t_R)
     4    4.32                           _100_ (net)
                 28.21    0.00  255.08 v _163_/A2 (OAI21x1_ASAP7_75t_R)
                 37.25   22.91  277.99 ^ _163_/Y (OAI21x1_ASAP7_75t_R)
     3    4.58                           _102_ (net)
                 37.25    0.00  277.99 ^ _164_/B (NAND2x2_ASAP7_75t_R)
                 31.24   23.97  301.96 v _164_/Y (NAND2x2_ASAP7_75t_R)
     9    8.79                           _103_ (net)
                 31.24    0.00  301.96 v _165_/A1 (AO21x1_ASAP7_75t_R)
                 17.54   26.81  328.77 v _165_/Y (AO21x1_ASAP7_75t_R)
     3    2.78                           converter.exp_fp32_converted[1] (net)
                 17.54    0.00  328.77 v adder/_1983_/A (INVx1_ASAP7_75t_R)
                 25.76   17.59  346.36 ^ adder/_1983_/Y (INVx1_ASAP7_75t_R)
     4    3.78                           adder/_0151_ (net)
                 25.76    0.00  346.36 ^ adder/_1984_/B (NOR2x1_ASAP7_75t_R)
                 18.78   16.90  363.26 v adder/_1984_/Y (NOR2x1_ASAP7_75t_R)
     2    2.32                           adder/_0162_ (net)
                 18.78    0.00  363.26 v adder/_1986_/A2 (OAI21x1_ASAP7_75t_R)
                 16.88   11.90  375.16 ^ adder/_1986_/Y (OAI21x1_ASAP7_75t_R)
     1    1.22                           adder/_0184_ (net)
                 16.88    0.00  375.16 ^ adder/_1998_/A1 (AOI21x1_ASAP7_75t_R)
                 16.33   12.56  387.72 v adder/_1998_/Y (AOI21x1_ASAP7_75t_R)
     2    2.16                           adder/_0261_ (net)
                 16.33    0.00  387.72 v adder/_2015_/A2 (OAI21x1_ASAP7_75t_R)
                534.43  245.06  632.78 ^ adder/_2015_/Y (OAI21x1_ASAP7_75t_R)
   105   93.34                           adder/_0278_ (net)
                534.43    0.00  632.78 ^ adder/_2124_/A (NOR2x1_ASAP7_75t_R)
                 73.37   58.27  691.05 v adder/_2124_/Y (NOR2x1_ASAP7_75t_R)
     1    1.09                           adder/_0379_ (net)
                 73.37    0.00  691.05 v adder/_2125_/B (NOR2x1_ASAP7_75t_R)
                215.87  123.19  814.24 ^ adder/_2125_/Y (NOR2x1_ASAP7_75t_R)
    32   31.35                           adder/_0380_ (net)
                215.87    0.00  814.24 ^ adder/_2137_/C (OR5x1_ASAP7_75t_R)
                 20.88   50.21  864.44 ^ adder/_2137_/Y (OR5x1_ASAP7_75t_R)
     1    2.00                           adder/_0392_ (net)
                 20.88    0.00  864.44 ^ adder/_2258_/A (NOR2x2_ASAP7_75t_R)
                 22.24   18.64  883.08 v adder/_2258_/Y (NOR2x2_ASAP7_75t_R)
     4    5.69                           adder/_0513_ (net)
                 22.24    0.00  883.08 v adder/_2269_/B (NOR2x2_ASAP7_75t_R)
                142.08   72.93  956.01 ^ adder/_2269_/Y (NOR2x2_ASAP7_75t_R)
    39   40.79                           adder/_0523_ (net)
                142.08    0.00  956.01 ^ adder/_1368_/A (INVx2_ASAP7_75t_R)
                 91.49   69.65 1025.66 v adder/_1368_/Y (INVx2_ASAP7_75t_R)
    24   25.94                           adder/_0783_ (net)
                 91.49    0.00 1025.66 v adder/_1567_/A (NOR2x1_ASAP7_75t_R)
                 27.73   24.22 1049.88 ^ adder/_1567_/Y (NOR2x1_ASAP7_75t_R)
     2    1.68                           adder/_0982_ (net)
                 27.73    0.00 1049.88 ^ adder/_1570_/A (NOR2x1_ASAP7_75t_R)
                 19.96   18.26 1068.13 v adder/_1570_/Y (NOR2x1_ASAP7_75t_R)
     2    2.06                           adder/_0985_ (net)
                 19.96    0.00 1068.13 v adder/_1575_/A (XOR2x2_ASAP7_75t_R)
                 12.80   33.16 1101.30 ^ adder/_1575_/Y (XOR2x2_ASAP7_75t_R)
     2    2.13                           adder/_0990_ (net)
                 12.80    0.00 1101.30 ^ adder/_1576_/B (NOR2x1_ASAP7_75t_R)
                 19.92   13.08 1114.38 v adder/_1576_/Y (NOR2x1_ASAP7_75t_R)
     2    2.30                           adder/_0991_ (net)
                 19.92    0.00 1114.38 v adder/_1577_/B (NAND2x1_ASAP7_75t_R)
                 19.67   15.58 1129.96 ^ adder/_1577_/Y (NAND2x1_ASAP7_75t_R)
     2    1.77                           adder/_0992_ (net)
                 19.67    0.00 1129.96 ^ adder/_1578_/B (NOR2x1_ASAP7_75t_R)
                 14.99   11.99 1141.95 v adder/_1578_/Y (NOR2x1_ASAP7_75t_R)
     1    1.24                           adder/_0993_ (net)
                 14.99    0.00 1141.95 v adder/_1899_/A1 (AOI21x1_ASAP7_75t_R)
                 31.53   18.51 1160.46 ^ adder/_1899_/Y (AOI21x1_ASAP7_75t_R)
     5    4.23                           adder/_0207_ (net)
                 31.53    0.00 1160.46 ^ adder/_1900_/B (OR2x2_ASAP7_75t_R)
                 11.87   24.15 1184.62 ^ adder/_1900_/Y (OR2x2_ASAP7_75t_R)
     2    2.15                           adder/_0208_ (net)
                 11.87    0.00 1184.62 ^ adder/_1905_/A2 (AOI21x1_ASAP7_75t_R)
                 16.84   10.31 1194.93 v adder/_1905_/Y (AOI21x1_ASAP7_75t_R)
     2    2.16                           adder/_0213_ (net)
                 16.84    0.00 1194.93 v adder/_1970_/B (NOR2x1_ASAP7_75t_R)
                 17.16   13.37 1208.29 ^ adder/_1970_/Y (NOR2x1_ASAP7_75t_R)
     1    1.64                           adder/_0258_ (net)
                 17.16    0.00 1208.29 ^ adder/_1971_/B (XNOR2x1_ASAP7_75t_R)
                 34.60   25.74 1234.03 ^ adder/_1971_/Y (XNOR2x1_ASAP7_75t_R)
     4    4.13                           adder/adder.Mant_addOut_D[26] (net)
                 34.60    0.00 1234.03 ^ adder/norm/_1217_/B (NOR2x2_ASAP7_75t_R)
                 22.38   19.32 1253.35 v adder/norm/_1217_/Y (NOR2x2_ASAP7_75t_R)
     3    4.68                           adder/norm/_1128_ (net)
                 22.38    0.00 1253.35 v adder/norm/_1219_/A (NAND2x2_ASAP7_75t_R)
                 25.33   20.58 1273.93 ^ adder/norm/_1219_/Y (NAND2x2_ASAP7_75t_R)
     4    5.02                           adder/norm/_1150_ (net)
                 25.33    0.00 1273.93 ^ adder/norm/_1223_/A (NOR2x2_ASAP7_75t_R)
                 23.36   19.99 1293.92 v adder/norm/_1223_/Y (NOR2x2_ASAP7_75t_R)
     4    5.70                           adder/norm/_1194_ (net)
                 23.36    0.00 1293.92 v adder/norm/_1231_/A (NAND2x2_ASAP7_75t_R)
                 34.48   25.25 1319.17 ^ adder/norm/_1231_/Y (NAND2x2_ASAP7_75t_R)
     6    7.79                           adder/norm/_0065_ (net)
                 34.48    0.00 1319.17 ^ adder/norm/_1247_/A (NOR2x2_ASAP7_75t_R)
                 34.27   27.80 1346.96 v adder/norm/_1247_/Y (NOR2x2_ASAP7_75t_R)
     7    9.22                           adder/norm/_0233_ (net)
                 34.27    0.00 1346.96 v adder/norm/_1351_/A1 (AOI21x1_ASAP7_75t_R)
                 26.42   19.54 1366.50 ^ adder/norm/_1351_/Y (AOI21x1_ASAP7_75t_R)
     4    3.21                           adder/norm/_0433_ (net)
                 26.42    0.00 1366.50 ^ adder/norm/_1401_/A (INVx1_ASAP7_75t_R)
                 21.05   16.50 1383.01 v adder/norm/_1401_/Y (INVx1_ASAP7_75t_R)
     3    3.17                           adder/norm/_0483_ (net)
                 21.05    0.00 1383.01 v adder/norm/_1402_/B (NAND2x1_ASAP7_75t_R)
                 24.18   17.09 1400.10 ^ adder/norm/_1402_/Y (NAND2x1_ASAP7_75t_R)
     2    2.13                           adder/norm/_0484_ (net)
                 24.18    0.00 1400.10 ^ adder/norm/_1406_/A1 (AOI21x1_ASAP7_75t_R)
                 17.56   13.91 1414.01 v adder/norm/_1406_/Y (AOI21x1_ASAP7_75t_R)
     2    2.06                           adder/norm/_0488_ (net)
                 17.56    0.00 1414.01 v adder/norm/_1407_/B (OAI21x1_ASAP7_75t_R)
                 13.16    7.94 1421.95 ^ adder/norm/_1407_/Y (OAI21x1_ASAP7_75t_R)
     1    1.09                           adder/norm/_0489_ (net)
                 13.16    0.00 1421.95 ^ adder/norm/_1413_/A2 (AOI21x1_ASAP7_75t_R)
                 12.92    8.17 1430.12 v adder/norm/_1413_/Y (AOI21x1_ASAP7_75t_R)
     1    1.08                           adder/norm/_0495_ (net)
                 12.92    0.00 1430.12 v adder/norm/_1419_/A2 (OAI21x1_ASAP7_75t_R)
                 90.72   45.84 1475.96 ^ adder/norm/_1419_/Y (OAI21x1_ASAP7_75t_R)
    14   14.97                           adder/norm/_0501_ (net)
                 90.72    0.00 1475.96 ^ adder/norm/_1456_/B (NOR2x1_ASAP7_75t_R)
                 38.35   33.85 1509.81 v adder/norm/_1456_/Y (NOR2x1_ASAP7_75t_R)
     2    3.41                           adder/norm/_0538_ (net)
                 38.35    0.00 1509.81 v adder/norm/_1496_/A (NOR2x2_ASAP7_75t_R)
                229.76  116.98 1626.79 ^ adder/norm/_1496_/Y (NOR2x2_ASAP7_75t_R)
    52   66.68                           adder/norm/_0578_ (net)
                229.76    0.00 1626.79 ^ adder/norm/_1497_/A (INVx2_ASAP7_75t_R)
                215.14  154.23 1781.02 v adder/norm/_1497_/Y (INVx2_ASAP7_75t_R)
    57   72.42                           adder/norm/_0579_ (net)
                215.14    0.00 1781.02 v adder/norm/_1517_/B (NOR2x2_ASAP7_75t_R)
                 56.40   40.85 1821.86 ^ adder/norm/_1517_/Y (NOR2x2_ASAP7_75t_R)
     5    4.85                           adder/norm/_0599_ (net)
                 56.40    0.00 1821.86 ^ adder/norm/_1518_/A (INVx2_ASAP7_75t_R)
                 22.02   17.27 1839.13 v adder/norm/_1518_/Y (INVx2_ASAP7_75t_R)
     3    4.33                           adder/norm/_0600_ (net)
                 22.02    0.00 1839.13 v adder/norm/_1519_/B (NAND2x2_ASAP7_75t_R)
                226.46  108.72 1947.85 ^ adder/norm/_1519_/Y (NAND2x2_ASAP7_75t_R)
    58   63.82                           adder/norm/_0601_ (net)
                226.46    0.00 1947.85 ^ adder/norm/_1542_/A (INVx3_ASAP7_75t_R)
                143.59  107.57 2055.42 v adder/norm/_1542_/Y (INVx3_ASAP7_75t_R)
    55   60.40                           adder/norm/_0624_ (net)
                143.59    0.00 2055.42 v adder/norm/_1962_/B (AOI21x1_ASAP7_75t_R)
                 32.72   26.48 2081.90 ^ adder/norm/_1962_/Y (AOI21x1_ASAP7_75t_R)
     1    1.09                           adder/norm/_1044_ (net)
                 32.72    0.00 2081.90 ^ adder/norm/_1963_/B (NOR2x1_ASAP7_75t_R)
                 32.59   24.91 2106.82 v adder/norm/_1963_/Y (NOR2x1_ASAP7_75t_R)
     4    4.33                           adder/norm/_1045_ (net)
                 32.59    0.00 2106.82 v adder/norm/_1970_/A2 (OAI21x1_ASAP7_75t_R)
                 27.06   13.37 2120.19 ^ adder/norm/_1970_/Y (OAI21x1_ASAP7_75t_R)
     1    1.04                           adder/norm/_1052_ (net)
                 27.06    0.00 2120.19 ^ adder/norm/_1985_/A (NOR2x1_ASAP7_75t_R)
                 27.97   22.91 2143.10 v adder/norm/_1985_/Y (NOR2x1_ASAP7_75t_R)
     2    3.73                           adder/norm/_1067_ (net)
                 27.97    0.00 2143.10 v adder/norm/_2000_/B (NAND3x2_ASAP7_75t_R)
                 30.07   24.67 2167.76 ^ adder/norm/_2000_/Y (NAND3x2_ASAP7_75t_R)
     5    5.13                           adder/norm/_1082_ (net)
                 30.07    0.00 2167.76 ^ adder/norm/_2001_/B (NOR2x2_ASAP7_75t_R)
                 22.82   18.55 2186.31 v adder/norm/_2001_/Y (NOR2x2_ASAP7_75t_R)
     4    4.88                           adder/norm/_1083_ (net)
                 22.82    0.00 2186.31 v adder/norm/_2002_/B (NAND2x2_ASAP7_75t_R)
                 27.17   20.31 2206.62 ^ adder/norm/_2002_/Y (NAND2x2_ASAP7_75t_R)
     5    5.72                           adder/norm/_1084_ (net)
                 27.17    0.00 2206.62 ^ adder/norm/_2129_/A (NOR2x2_ASAP7_75t_R)
                 31.62   24.76 2231.38 v adder/norm/_2129_/Y (NOR2x2_ASAP7_75t_R)
     8    8.80                           adder/norm/_0003_ (net)
                 31.62    0.00 2231.38 v adder/norm/_2205_/A (NAND3x2_ASAP7_75t_R)
                 21.07   16.88 2248.26 ^ adder/norm/_2205_/Y (NAND3x2_ASAP7_75t_R)
     2    1.98                           adder/norm/_0086_ (net)
                 21.07    0.00 2248.26 ^ adder/norm/_2210_/A2 (OAI21x1_ASAP7_75t_R)
                 18.23   13.11 2261.37 v adder/norm/_2210_/Y (OAI21x1_ASAP7_75t_R)
     3    2.70                           adder/norm/_0091_ (net)
                 18.23    0.00 2261.37 v adder/norm/_2221_/A2 (AOI21x1_ASAP7_75t_R)
                 21.58   15.55 2276.91 ^ adder/norm/_2221_/Y (AOI21x1_ASAP7_75t_R)
     3    2.59                           adder/norm/_0101_ (net)
                 21.58    0.00 2276.91 ^ adder/norm/_2227_/A1 (OA21x2_ASAP7_75t_R)
                  7.70   19.64 2296.56 ^ adder/norm/_2227_/Y (OA21x2_ASAP7_75t_R)
     1    1.01                           adder/norm/_0107_ (net)
                  7.70    0.00 2296.56 ^ adder/norm/_2228_/B (XNOR2x2_ASAP7_75t_R)
                  5.89   26.33 2322.89 v adder/norm/_2228_/Y (XNOR2x2_ASAP7_75t_R)
     1    0.00                           result_o[28] (net)
                  5.89    0.00 2322.89 v result_o[28] (out)
                               2322.89   data arrival time

                  0.00 1600.00 1600.00   clock clk_i (rise edge)
                          0.00 1600.00   clock network delay (ideal)
                          0.00 1600.00   clock reconvergence pessimism
                       -160.00 1440.00   output external delay
                               1440.00   data required time
-----------------------------------------------------------------------------
                               1440.00   data required time
                               -2322.89   data arrival time
-----------------------------------------------------------------------------
                               -882.89   slack (VIOLATED)



==========================================================================
floorplan final report_checks -unconstrained
--------------------------------------------------------------------------
Startpoint: operand_fp16_i[9] (input port clocked by clk_i)
Endpoint: result_o[28] (output port clocked by clk_i)
Path Group: clk_i
Path Type: max

Fanout     Cap    Slew   Delay    Time   Description
-----------------------------------------------------------------------------
                  0.00    0.00    0.00   clock clk_i (rise edge)
                          0.00    0.00   clock network delay (ideal)
                        160.00  160.00 v input external delay
                  0.00    0.00  160.00 v operand_fp16_i[9] (in)
     3    3.34                           operand_fp16_i[9] (net)
                  0.00    0.00  160.00 v _139_/A (NOR2x1_ASAP7_75t_R)
                 25.68   14.35  174.35 ^ _139_/Y (NOR2x1_ASAP7_75t_R)
     3    3.27                           _079_ (net)
                 25.68    0.00  174.35 ^ _142_/A (NAND2x2_ASAP7_75t_R)
                 19.47   15.72  190.07 v _142_/Y (NAND2x2_ASAP7_75t_R)
     5    5.64                           _082_ (net)
                 19.47    0.00  190.07 v _145_/A2 (OAI21x1_ASAP7_75t_R)
                 73.57   39.65  229.72 ^ _145_/Y (OAI21x1_ASAP7_75t_R)
     9   11.90                           _085_ (net)
                 73.57    0.00  229.72 ^ _161_/B (NOR2x2_ASAP7_75t_R)
                 28.21   25.35  255.08 v _161_/Y (NOR2x2_ASAP7_75t_R)
     4    4.32                           _100_ (net)
                 28.21    0.00  255.08 v _163_/A2 (OAI21x1_ASAP7_75t_R)
                 37.25   22.91  277.99 ^ _163_/Y (OAI21x1_ASAP7_75t_R)
     3    4.58                           _102_ (net)
                 37.25    0.00  277.99 ^ _164_/B (NAND2x2_ASAP7_75t_R)
                 31.24   23.97  301.96 v _164_/Y (NAND2x2_ASAP7_75t_R)
     9    8.79                           _103_ (net)
                 31.24    0.00  301.96 v _165_/A1 (AO21x1_ASAP7_75t_R)
                 17.54   26.81  328.77 v _165_/Y (AO21x1_ASAP7_75t_R)
     3    2.78                           converter.exp_fp32_converted[1] (net)
                 17.54    0.00  328.77 v adder/_1983_/A (INVx1_ASAP7_75t_R)
                 25.76   17.59  346.36 ^ adder/_1983_/Y (INVx1_ASAP7_75t_R)
     4    3.78                           adder/_0151_ (net)
                 25.76    0.00  346.36 ^ adder/_1984_/B (NOR2x1_ASAP7_75t_R)
                 18.78   16.90  363.26 v adder/_1984_/Y (NOR2x1_ASAP7_75t_R)
     2    2.32                           adder/_0162_ (net)
                 18.78    0.00  363.26 v adder/_1986_/A2 (OAI21x1_ASAP7_75t_R)
                 16.88   11.90  375.16 ^ adder/_1986_/Y (OAI21x1_ASAP7_75t_R)
     1    1.22                           adder/_0184_ (net)
                 16.88    0.00  375.16 ^ adder/_1998_/A1 (AOI21x1_ASAP7_75t_R)
                 16.33   12.56  387.72 v adder/_1998_/Y (AOI21x1_ASAP7_75t_R)
     2    2.16                           adder/_0261_ (net)
                 16.33    0.00  387.72 v adder/_2015_/A2 (OAI21x1_ASAP7_75t_R)
                534.43  245.06  632.78 ^ adder/_2015_/Y (OAI21x1_ASAP7_75t_R)
   105   93.34                           adder/_0278_ (net)
                534.43    0.00  632.78 ^ adder/_2124_/A (NOR2x1_ASAP7_75t_R)
                 73.37   58.27  691.05 v adder/_2124_/Y (NOR2x1_ASAP7_75t_R)
     1    1.09                           adder/_0379_ (net)
                 73.37    0.00  691.05 v adder/_2125_/B (NOR2x1_ASAP7_75t_R)
                215.87  123.19  814.24 ^ adder/_2125_/Y (NOR2x1_ASAP7_75t_R)
    32   31.35                           adder/_0380_ (net)
                215.87    0.00  814.24 ^ adder/_2137_/C (OR5x1_ASAP7_75t_R)
                 20.88   50.21  864.44 ^ adder/_2137_/Y (OR5x1_ASAP7_75t_R)
     1    2.00                           adder/_0392_ (net)
                 20.88    0.00  864.44 ^ adder/_2258_/A (NOR2x2_ASAP7_75t_R)
                 22.24   18.64  883.08 v adder/_2258_/Y (NOR2x2_ASAP7_75t_R)
     4    5.69                           adder/_0513_ (net)
                 22.24    0.00  883.08 v adder/_2269_/B (NOR2x2_ASAP7_75t_R)
                142.08   72.93  956.01 ^ adder/_2269_/Y (NOR2x2_ASAP7_75t_R)
    39   40.79                           adder/_0523_ (net)
                142.08    0.00  956.01 ^ adder/_1368_/A (INVx2_ASAP7_75t_R)
                 91.49   69.65 1025.66 v adder/_1368_/Y (INVx2_ASAP7_75t_R)
    24   25.94                           adder/_0783_ (net)
                 91.49    0.00 1025.66 v adder/_1567_/A (NOR2x1_ASAP7_75t_R)
                 27.73   24.22 1049.88 ^ adder/_1567_/Y (NOR2x1_ASAP7_75t_R)
     2    1.68                           adder/_0982_ (net)
                 27.73    0.00 1049.88 ^ adder/_1570_/A (NOR2x1_ASAP7_75t_R)
                 19.96   18.26 1068.13 v adder/_1570_/Y (NOR2x1_ASAP7_75t_R)
     2    2.06                           adder/_0985_ (net)
                 19.96    0.00 1068.13 v adder/_1575_/A (XOR2x2_ASAP7_75t_R)
                 12.80   33.16 1101.30 ^ adder/_1575_/Y (XOR2x2_ASAP7_75t_R)
     2    2.13                           adder/_0990_ (net)
                 12.80    0.00 1101.30 ^ adder/_1576_/B (NOR2x1_ASAP7_75t_R)
                 19.92   13.08 1114.38 v adder/_1576_/Y (NOR2x1_ASAP7_75t_R)
     2    2.30                           adder/_0991_ (net)
                 19.92    0.00 1114.38 v adder/_1577_/B (NAND2x1_ASAP7_75t_R)
                 19.67   15.58 1129.96 ^ adder/_1577_/Y (NAND2x1_ASAP7_75t_R)
     2    1.77                           adder/_0992_ (net)
                 19.67    0.00 1129.96 ^ adder/_1578_/B (NOR2x1_ASAP7_75t_R)
                 14.99   11.99 1141.95 v adder/_1578_/Y (NOR2x1_ASAP7_75t_R)
     1    1.24                           adder/_0993_ (net)
                 14.99    0.00 1141.95 v adder/_1899_/A1 (AOI21x1_ASAP7_75t_R)
                 31.53   18.51 1160.46 ^ adder/_1899_/Y (AOI21x1_ASAP7_75t_R)
     5    4.23                           adder/_0207_ (net)
                 31.53    0.00 1160.46 ^ adder/_1900_/B (OR2x2_ASAP7_75t_R)
                 11.87   24.15 1184.62 ^ adder/_1900_/Y (OR2x2_ASAP7_75t_R)
     2    2.15                           adder/_0208_ (net)
                 11.87    0.00 1184.62 ^ adder/_1905_/A2 (AOI21x1_ASAP7_75t_R)
                 16.84   10.31 1194.93 v adder/_1905_/Y (AOI21x1_ASAP7_75t_R)
     2    2.16                           adder/_0213_ (net)
                 16.84    0.00 1194.93 v adder/_1970_/B (NOR2x1_ASAP7_75t_R)
                 17.16   13.37 1208.29 ^ adder/_1970_/Y (NOR2x1_ASAP7_75t_R)
     1    1.64                           adder/_0258_ (net)
                 17.16    0.00 1208.29 ^ adder/_1971_/B (XNOR2x1_ASAP7_75t_R)
                 34.60   25.74 1234.03 ^ adder/_1971_/Y (XNOR2x1_ASAP7_75t_R)
     4    4.13                           adder/adder.Mant_addOut_D[26] (net)
                 34.60    0.00 1234.03 ^ adder/norm/_1217_/B (NOR2x2_ASAP7_75t_R)
                 22.38   19.32 1253.35 v adder/norm/_1217_/Y (NOR2x2_ASAP7_75t_R)
     3    4.68                           adder/norm/_1128_ (net)
                 22.38    0.00 1253.35 v adder/norm/_1219_/A (NAND2x2_ASAP7_75t_R)
                 25.33   20.58 1273.93 ^ adder/norm/_1219_/Y (NAND2x2_ASAP7_75t_R)
     4    5.02                           adder/norm/_1150_ (net)
                 25.33    0.00 1273.93 ^ adder/norm/_1223_/A (NOR2x2_ASAP7_75t_R)
                 23.36   19.99 1293.92 v adder/norm/_1223_/Y (NOR2x2_ASAP7_75t_R)
     4    5.70                           adder/norm/_1194_ (net)
                 23.36    0.00 1293.92 v adder/norm/_1231_/A (NAND2x2_ASAP7_75t_R)
                 34.48   25.25 1319.17 ^ adder/norm/_1231_/Y (NAND2x2_ASAP7_75t_R)
     6    7.79                           adder/norm/_0065_ (net)
                 34.48    0.00 1319.17 ^ adder/norm/_1247_/A (NOR2x2_ASAP7_75t_R)
                 34.27   27.80 1346.96 v adder/norm/_1247_/Y (NOR2x2_ASAP7_75t_R)
     7    9.22                           adder/norm/_0233_ (net)
                 34.27    0.00 1346.96 v adder/norm/_1351_/A1 (AOI21x1_ASAP7_75t_R)
                 26.42   19.54 1366.50 ^ adder/norm/_1351_/Y (AOI21x1_ASAP7_75t_R)
     4    3.21                           adder/norm/_0433_ (net)
                 26.42    0.00 1366.50 ^ adder/norm/_1401_/A (INVx1_ASAP7_75t_R)
                 21.05   16.50 1383.01 v adder/norm/_1401_/Y (INVx1_ASAP7_75t_R)
     3    3.17                           adder/norm/_0483_ (net)
                 21.05    0.00 1383.01 v adder/norm/_1402_/B (NAND2x1_ASAP7_75t_R)
                 24.18   17.09 1400.10 ^ adder/norm/_1402_/Y (NAND2x1_ASAP7_75t_R)
     2    2.13                           adder/norm/_0484_ (net)
                 24.18    0.00 1400.10 ^ adder/norm/_1406_/A1 (AOI21x1_ASAP7_75t_R)
                 17.56   13.91 1414.01 v adder/norm/_1406_/Y (AOI21x1_ASAP7_75t_R)
     2    2.06                           adder/norm/_0488_ (net)
                 17.56    0.00 1414.01 v adder/norm/_1407_/B (OAI21x1_ASAP7_75t_R)
                 13.16    7.94 1421.95 ^ adder/norm/_1407_/Y (OAI21x1_ASAP7_75t_R)
     1    1.09                           adder/norm/_0489_ (net)
                 13.16    0.00 1421.95 ^ adder/norm/_1413_/A2 (AOI21x1_ASAP7_75t_R)
                 12.92    8.17 1430.12 v adder/norm/_1413_/Y (AOI21x1_ASAP7_75t_R)
     1    1.08                           adder/norm/_0495_ (net)
                 12.92    0.00 1430.12 v adder/norm/_1419_/A2 (OAI21x1_ASAP7_75t_R)
                 90.72   45.84 1475.96 ^ adder/norm/_1419_/Y (OAI21x1_ASAP7_75t_R)
    14   14.97                           adder/norm/_0501_ (net)
                 90.72    0.00 1475.96 ^ adder/norm/_1456_/B (NOR2x1_ASAP7_75t_R)
                 38.35   33.85 1509.81 v adder/norm/_1456_/Y (NOR2x1_ASAP7_75t_R)
     2    3.41                           adder/norm/_0538_ (net)
                 38.35    0.00 1509.81 v adder/norm/_1496_/A (NOR2x2_ASAP7_75t_R)
                229.76  116.98 1626.79 ^ adder/norm/_1496_/Y (NOR2x2_ASAP7_75t_R)
    52   66.68                           adder/norm/_0578_ (net)
                229.76    0.00 1626.79 ^ adder/norm/_1497_/A (INVx2_ASAP7_75t_R)
                215.14  154.23 1781.02 v adder/norm/_1497_/Y (INVx2_ASAP7_75t_R)
    57   72.42                           adder/norm/_0579_ (net)
                215.14    0.00 1781.02 v adder/norm/_1517_/B (NOR2x2_ASAP7_75t_R)
                 56.40   40.85 1821.86 ^ adder/norm/_1517_/Y (NOR2x2_ASAP7_75t_R)
     5    4.85                           adder/norm/_0599_ (net)
                 56.40    0.00 1821.86 ^ adder/norm/_1518_/A (INVx2_ASAP7_75t_R)
                 22.02   17.27 1839.13 v adder/norm/_1518_/Y (INVx2_ASAP7_75t_R)
     3    4.33                           adder/norm/_0600_ (net)
                 22.02    0.00 1839.13 v adder/norm/_1519_/B (NAND2x2_ASAP7_75t_R)
                226.46  108.72 1947.85 ^ adder/norm/_1519_/Y (NAND2x2_ASAP7_75t_R)
    58   63.82                           adder/norm/_0601_ (net)
                226.46    0.00 1947.85 ^ adder/norm/_1542_/A (INVx3_ASAP7_75t_R)
                143.59  107.57 2055.42 v adder/norm/_1542_/Y (INVx3_ASAP7_75t_R)
    55   60.40                           adder/norm/_0624_ (net)
                143.59    0.00 2055.42 v adder/norm/_1962_/B (AOI21x1_ASAP7_75t_R)
                 32.72   26.48 2081.90 ^ adder/norm/_1962_/Y (AOI21x1_ASAP7_75t_R)
     1    1.09                           adder/norm/_1044_ (net)
                 32.72    0.00 2081.90 ^ adder/norm/_1963_/B (NOR2x1_ASAP7_75t_R)
                 32.59   24.91 2106.82 v adder/norm/_1963_/Y (NOR2x1_ASAP7_75t_R)
     4    4.33                           adder/norm/_1045_ (net)
                 32.59    0.00 2106.82 v adder/norm/_1970_/A2 (OAI21x1_ASAP7_75t_R)
                 27.06   13.37 2120.19 ^ adder/norm/_1970_/Y (OAI21x1_ASAP7_75t_R)
     1    1.04                           adder/norm/_1052_ (net)
                 27.06    0.00 2120.19 ^ adder/norm/_1985_/A (NOR2x1_ASAP7_75t_R)
                 27.97   22.91 2143.10 v adder/norm/_1985_/Y (NOR2x1_ASAP7_75t_R)
     2    3.73                           adder/norm/_1067_ (net)
                 27.97    0.00 2143.10 v adder/norm/_2000_/B (NAND3x2_ASAP7_75t_R)
                 30.07   24.67 2167.76 ^ adder/norm/_2000_/Y (NAND3x2_ASAP7_75t_R)
     5    5.13                           adder/norm/_1082_ (net)
                 30.07    0.00 2167.76 ^ adder/norm/_2001_/B (NOR2x2_ASAP7_75t_R)
                 22.82   18.55 2186.31 v adder/norm/_2001_/Y (NOR2x2_ASAP7_75t_R)
     4    4.88                           adder/norm/_1083_ (net)
                 22.82    0.00 2186.31 v adder/norm/_2002_/B (NAND2x2_ASAP7_75t_R)
                 27.17   20.31 2206.62 ^ adder/norm/_2002_/Y (NAND2x2_ASAP7_75t_R)
     5    5.72                           adder/norm/_1084_ (net)
                 27.17    0.00 2206.62 ^ adder/norm/_2129_/A (NOR2x2_ASAP7_75t_R)
                 31.62   24.76 2231.38 v adder/norm/_2129_/Y (NOR2x2_ASAP7_75t_R)
     8    8.80                           adder/norm/_0003_ (net)
                 31.62    0.00 2231.38 v adder/norm/_2205_/A (NAND3x2_ASAP7_75t_R)
                 21.07   16.88 2248.26 ^ adder/norm/_2205_/Y (NAND3x2_ASAP7_75t_R)
     2    1.98                           adder/norm/_0086_ (net)
                 21.07    0.00 2248.26 ^ adder/norm/_2210_/A2 (OAI21x1_ASAP7_75t_R)
                 18.23   13.11 2261.37 v adder/norm/_2210_/Y (OAI21x1_ASAP7_75t_R)
     3    2.70                           adder/norm/_0091_ (net)
                 18.23    0.00 2261.37 v adder/norm/_2221_/A2 (AOI21x1_ASAP7_75t_R)
                 21.58   15.55 2276.91 ^ adder/norm/_2221_/Y (AOI21x1_ASAP7_75t_R)
     3    2.59                           adder/norm/_0101_ (net)
                 21.58    0.00 2276.91 ^ adder/norm/_2227_/A1 (OA21x2_ASAP7_75t_R)
                  7.70   19.64 2296.56 ^ adder/norm/_2227_/Y (OA21x2_ASAP7_75t_R)
     1    1.01                           adder/norm/_0107_ (net)
                  7.70    0.00 2296.56 ^ adder/norm/_2228_/B (XNOR2x2_ASAP7_75t_R)
                  5.89   26.33 2322.89 v adder/norm/_2228_/Y (XNOR2x2_ASAP7_75t_R)
     1    0.00                           result_o[28] (net)
                  5.89    0.00 2322.89 v result_o[28] (out)
                               2322.89   data arrival time

                  0.00 1600.00 1600.00   clock clk_i (rise edge)
                          0.00 1600.00   clock network delay (ideal)
                          0.00 1600.00   clock reconvergence pessimism
                       -160.00 1440.00   output external delay
                               1440.00   data required time
-----------------------------------------------------------------------------
                               1440.00   data required time
                               -2322.89   data arrival time
-----------------------------------------------------------------------------
                               -882.89   slack (VIOLATED)



==========================================================================
floorplan final report_power
--------------------------------------------------------------------------
Group                  Internal  Switching    Leakage      Total
                          Power      Power      Power      Power (Watts)
----------------------------------------------------------------
Sequential             0.00e+00   0.00e+00   0.00e+00   0.00e+00   0.0%
Combinational          2.78e-04   3.69e-04   2.80e-07   6.48e-04 100.0%
Macro                  0.00e+00   0.00e+00   0.00e+00   0.00e+00   0.0%
Pad                    0.00e+00   0.00e+00   0.00e+00   0.00e+00   0.0%
----------------------------------------------------------------
Total                  2.78e-04   3.69e-04   2.80e-07   6.48e-04 100.0%
                          43.0%      57.0%       0.0%

==========================================================================
floorplan final report_design_area
--------------------------------------------------------------------------
Design area 239 u^2 39% utilization.

Elapsed time: 0:02.56[h:]min:sec. CPU time: user 2.46 sys 0.09 (99%). Peak memory: 190532KB.
