OpenROAD b57893514040c5aa453ab5c104f35d1173a8add9 
This program is licensed under the BSD-3 license. See the LICENSE file for details.
Components of this program may be licensed under more restrictive licenses which must be honored.
[INFO ORD-0030] Using 2 thread(s).
[INFO DRT-0149] Reading tech and libs.

Units:                2000
Number of layers:     21
Number of macros:     135
Number of vias:       27
Number of viarulegen: 19

[INFO DRT-0150] Reading design.

Design:                   scm
Die area:                 ( 0 0 ) ( 800000 800000 )
Number of track patterns: 20
Number of DEF vias:       6
Number of components:     73955
Number of terminals:      53
Number of snets:          2
Number of nets:           30278

[INFO DRT-0167] List of default vias:
  Layer via1
    default via: via1_7
  Layer via2
    default via: via2_5
  Layer via3
    default via: via3_2
  Layer via4
    default via: via4_0
  Layer via5
    default via: via5_0
  Layer via6
    default via: via6_0
  Layer via7
    default via: via7_0
  Layer via8
    default via: via8_0
  Layer via9
    default via: via9_0
[INFO DRT-0162] Library cell analysis.
[INFO DRT-0163] Instance analysis.
  Complete 10000 instances.
  Complete 20000 instances.
  Complete 30000 instances.
  Complete 40000 instances.
  Complete 50000 instances.
  Complete 60000 instances.
  Complete 70000 instances.
[INFO DRT-0164] Number of unique instances = 77.
[INFO DRT-0168] Init region query.
[INFO DRT-0018]   Complete 10000 insts.
[INFO DRT-0018]   Complete 20000 insts.
[INFO DRT-0018]   Complete 30000 insts.
[INFO DRT-0018]   Complete 40000 insts.
[INFO DRT-0018]   Complete 50000 insts.
[INFO DRT-0018]   Complete 60000 insts.
[INFO DRT-0018]   Complete 70000 insts.
[INFO DRT-0024]   Complete active.
[INFO DRT-0024]   Complete FR_VIA.
[INFO DRT-0024]   Complete metal1.
[INFO DRT-0024]   Complete via1.
[INFO DRT-0024]   Complete metal2.
[INFO DRT-0024]   Complete via2.
[INFO DRT-0024]   Complete metal3.
[INFO DRT-0024]   Complete via3.
[INFO DRT-0024]   Complete metal4.
[INFO DRT-0024]   Complete via4.
[INFO DRT-0024]   Complete metal5.
[INFO DRT-0024]   Complete via5.
[INFO DRT-0024]   Complete metal6.
[INFO DRT-0024]   Complete via6.
[INFO DRT-0024]   Complete metal7.
[INFO DRT-0024]   Complete via7.
[INFO DRT-0024]   Complete metal8.
[INFO DRT-0024]   Complete via8.
[INFO DRT-0024]   Complete metal9.
[INFO DRT-0024]   Complete via9.
[INFO DRT-0024]   Complete metal10.
[INFO DRT-0033] active shape region query size = 0.
[INFO DRT-0033] FR_VIA shape region query size = 0.
[INFO DRT-0033] metal1 shape region query size = 581277.
[INFO DRT-0033] via1 shape region query size = 5775.
[INFO DRT-0033] metal2 shape region query size = 3850.
[INFO DRT-0033] via2 shape region query size = 5775.
[INFO DRT-0033] metal3 shape region query size = 3903.
[INFO DRT-0033] via3 shape region query size = 5775.
[INFO DRT-0033] metal4 shape region query size = 2079.
[INFO DRT-0033] via4 shape region query size = 1400.
[INFO DRT-0033] metal5 shape region query size = 280.
[INFO DRT-0033] via5 shape region query size = 1400.
[INFO DRT-0033] metal6 shape region query size = 280.
[INFO DRT-0033] via6 shape region query size = 560.
[INFO DRT-0033] metal7 shape region query size = 160.
[INFO DRT-0033] via7 shape region query size = 0.
[INFO DRT-0033] metal8 shape region query size = 0.
[INFO DRT-0033] via8 shape region query size = 0.
[INFO DRT-0033] metal9 shape region query size = 0.
[INFO DRT-0033] via9 shape region query size = 0.
[INFO DRT-0033] metal10 shape region query size = 0.
[INFO DRT-0165] Start pin access.
[INFO DRT-0076]   Complete 100 pins.
[INFO DRT-0078]   Complete 180 pins.
[INFO DRT-0081]   Complete 61 unique inst patterns.
[INFO DRT-0082]   Complete 1000 groups.
[INFO DRT-0082]   Complete 2000 groups.
[INFO DRT-0082]   Complete 3000 groups.
[INFO DRT-0082]   Complete 4000 groups.
[INFO DRT-0082]   Complete 5000 groups.
[INFO DRT-0082]   Complete 6000 groups.
[INFO DRT-0082]   Complete 7000 groups.
[INFO DRT-0082]   Complete 8000 groups.
[INFO DRT-0082]   Complete 9000 groups.
[INFO DRT-0083]   Complete 10000 groups.
[INFO DRT-0084]   Complete 17208 groups.
#scanned instances     = 73955
#unique  instances     = 77
#stdCellGenAp          = 2156
#stdCellValidPlanarAp  = 0
#stdCellValidViaAp     = 1588
#stdCellPinNoAp        = 0
#stdCellPinCnt         = 90475
#instTermValidViaApCnt = 0
#macroGenAp            = 0
#macroValidPlanarAp    = 0
#macroValidViaAp       = 0
#macroNoAp             = 0
[INFO DRT-0166] Complete pin access.
[INFO DRT-0267] cpu time = 00:04:17, elapsed time = 00:02:10, memory = 288.22 (MB), peak = 297.00 (MB)
[INFO DRT-0156] guideIn read 100000 guides.
[INFO DRT-0156] guideIn read 200000 guides.

Number of guides:     238268

[INFO DRT-0169] Post process guides.
[INFO DRT-0176] GCELLGRID X 0 DO 190 STEP 4200 ;
[INFO DRT-0177] GCELLGRID Y 0 DO 190 STEP 4200 ;
[INFO DRT-0026]   Complete 10000 origin guides.
[INFO DRT-0026]   Complete 20000 origin guides.
[INFO DRT-0026]   Complete 30000 origin guides.
[INFO DRT-0026]   Complete 40000 origin guides.
[INFO DRT-0026]   Complete 50000 origin guides.
[INFO DRT-0026]   Complete 60000 origin guides.
[INFO DRT-0026]   Complete 70000 origin guides.
[INFO DRT-0026]   Complete 80000 origin guides.
[INFO DRT-0026]   Complete 90000 origin guides.
[INFO DRT-0027]   Complete 100000 origin guides.
[INFO DRT-0027]   Complete 200000 origin guides.
[INFO DRT-0028]   Complete active.
[INFO DRT-0028]   Complete FR_VIA.
[INFO DRT-0028]   Complete metal1.
[INFO DRT-0028]   Complete via1.
[INFO DRT-0028]   Complete metal2.
[INFO DRT-0028]   Complete via2.
[INFO DRT-0028]   Complete metal3.
[INFO DRT-0028]   Complete via3.
[INFO DRT-0028]   Complete metal4.
[INFO DRT-0028]   Complete via4.
[INFO DRT-0028]   Complete metal5.
[INFO DRT-0028]   Complete via5.
[INFO DRT-0028]   Complete metal6.
[INFO DRT-0028]   Complete via6.
[INFO DRT-0028]   Complete metal7.
[INFO DRT-0028]   Complete via7.
[INFO DRT-0028]   Complete metal8.
[INFO DRT-0028]   Complete via8.
[INFO DRT-0028]   Complete metal9.
[INFO DRT-0028]   Complete via9.
[INFO DRT-0028]   Complete metal10.
  complete 10000 nets.
  complete 20000 nets.
  complete 30000 nets.
[INFO DRT-0178] Init guide query.
[INFO DRT-0029]   Complete 10000 nets (guide).
[INFO DRT-0029]   Complete 20000 nets (guide).
[INFO DRT-0029]   Complete 30000 nets (guide).
[INFO DRT-0035]   Complete active (guide).
[INFO DRT-0035]   Complete FR_VIA (guide).
[INFO DRT-0035]   Complete metal1 (guide).
[INFO DRT-0035]   Complete via1 (guide).
[INFO DRT-0035]   Complete metal2 (guide).
[INFO DRT-0035]   Complete via2 (guide).
[INFO DRT-0035]   Complete metal3 (guide).
[INFO DRT-0035]   Complete via3 (guide).
[INFO DRT-0035]   Complete metal4 (guide).
[INFO DRT-0035]   Complete via4 (guide).
[INFO DRT-0035]   Complete metal5 (guide).
[INFO DRT-0035]   Complete via5 (guide).
[INFO DRT-0035]   Complete metal6 (guide).
[INFO DRT-0035]   Complete via6 (guide).
[INFO DRT-0035]   Complete metal7 (guide).
[INFO DRT-0035]   Complete via7 (guide).
[INFO DRT-0035]   Complete metal8 (guide).
[INFO DRT-0035]   Complete via8 (guide).
[INFO DRT-0035]   Complete metal9 (guide).
[INFO DRT-0035]   Complete via9 (guide).
[INFO DRT-0035]   Complete metal10 (guide).
[INFO DRT-0036] active guide region query size = 0.
[INFO DRT-0036] FR_VIA guide region query size = 0.
[INFO DRT-0036] metal1 guide region query size = 78234.
[INFO DRT-0036] via1 guide region query size = 0.
[INFO DRT-0036] metal2 guide region query size = 61728.
[INFO DRT-0036] via2 guide region query size = 0.
[INFO DRT-0036] metal3 guide region query size = 42424.
[INFO DRT-0036] via3 guide region query size = 0.
[INFO DRT-0036] metal4 guide region query size = 15670.
[INFO DRT-0036] via4 guide region query size = 0.
[INFO DRT-0036] metal5 guide region query size = 4228.
[INFO DRT-0036] via5 guide region query size = 0.
[INFO DRT-0036] metal6 guide region query size = 377.
[INFO DRT-0036] via6 guide region query size = 0.
[INFO DRT-0036] metal7 guide region query size = 25.
[INFO DRT-0036] via7 guide region query size = 0.
[INFO DRT-0036] metal8 guide region query size = 3.
[INFO DRT-0036] via8 guide region query size = 0.
[INFO DRT-0036] metal9 guide region query size = 0.
[INFO DRT-0036] via9 guide region query size = 0.
[INFO DRT-0036] metal10 guide region query size = 0.
[INFO DRT-0179] Init gr pin query.
[INFO DRT-0185] Post process initialize RPin region query.
[INFO DRT-0181] Start track assignment.
[INFO DRT-0184] Done with 77778 vertical wires in 4 frboxes and 124911 horizontal wires in 4 frboxes.
[INFO DRT-0186] Done with 15748 vertical wires in 4 frboxes and 28512 horizontal wires in 4 frboxes.
[INFO DRT-0182] Complete track assignment.
[INFO DRT-0267] cpu time = 00:00:19, elapsed time = 00:00:10, memory = 859.41 (MB), peak = 859.41 (MB)
[INFO DRT-0187] Start routing data preparation.
[INFO DRT-0267] cpu time = 00:00:00, elapsed time = 00:00:00, memory = 859.41 (MB), peak = 859.41 (MB)
[INFO DRT-0194] Start detail routing.
[INFO DRT-0195] Start 0th optimization iteration.
    Completing 10% with 0 violations.
    elapsed time = 00:00:09, memory = 870.89 (MB).
    Completing 20% with 0 violations.
    elapsed time = 00:00:20, memory = 1157.47 (MB).
    Completing 30% with 542 violations.
    elapsed time = 00:00:28, memory = 1251.38 (MB).
    Completing 40% with 542 violations.
    elapsed time = 00:00:41, memory = 1251.38 (MB).
    Completing 50% with 542 violations.
    elapsed time = 00:00:49, memory = 1280.96 (MB).
    Completing 60% with 1038 violations.
    elapsed time = 00:01:00, memory = 1294.11 (MB).
    Completing 70% with 1038 violations.
    elapsed time = 00:01:11, memory = 1294.11 (MB).
    Completing 80% with 1439 violations.
    elapsed time = 00:01:21, memory = 1318.08 (MB).
    Completing 90% with 1439 violations.
    elapsed time = 00:01:33, memory = 1318.08 (MB).
    Completing 100% with 1911 violations.
    elapsed time = 00:01:41, memory = 1355.98 (MB).
[INFO DRT-0199]   Number of violations = 9822.
[INFO DRT-0267] cpu time = 00:03:21, elapsed time = 00:01:42, memory = 1543.85 (MB), peak = 1543.85 (MB)
Total wire length = 448400 um.
Total wire length on LAYER metal1 = 0 um.
Total wire length on LAYER metal2 = 95344 um.
Total wire length on LAYER metal3 = 151074 um.
Total wire length on LAYER metal4 = 114419 um.
Total wire length on LAYER metal5 = 73179 um.
Total wire length on LAYER metal6 = 12662 um.
Total wire length on LAYER metal7 = 1601 um.
Total wire length on LAYER metal8 = 117 um.
Total wire length on LAYER metal9 = 0 um.
Total wire length on LAYER metal10 = 0 um.
Total number of vias = 191081.
Up-via summary (total 191081):.

-----------------
 active         0
 metal1     90460
 metal2     73901
 metal3     19756
 metal4      6280
 metal5       637
 metal6        42
 metal7         5
 metal8         0
 metal9         0
-----------------
           191081


[INFO DRT-0195] Start 1st optimization iteration.
    Completing 10% with 9822 violations.
    elapsed time = 00:00:08, memory = 1543.85 (MB).
    Completing 20% with 9822 violations.
    elapsed time = 00:00:17, memory = 1543.85 (MB).
    Completing 30% with 7220 violations.
    elapsed time = 00:00:24, memory = 1547.72 (MB).
    Completing 40% with 7220 violations.
    elapsed time = 00:00:32, memory = 1547.72 (MB).
    Completing 50% with 7220 violations.
    elapsed time = 00:00:38, memory = 1547.72 (MB).
    Completing 60% with 4877 violations.
    elapsed time = 00:00:48, memory = 1547.72 (MB).
    Completing 70% with 4877 violations.
    elapsed time = 00:00:57, memory = 1547.72 (MB).
    Completing 80% with 2398 violations.
    elapsed time = 00:01:03, memory = 1549.78 (MB).
    Completing 90% with 2398 violations.
    elapsed time = 00:01:13, memory = 1549.78 (MB).
    Completing 100% with 126 violations.
    elapsed time = 00:01:19, memory = 1549.78 (MB).
[INFO DRT-0199]   Number of violations = 126.
[INFO DRT-0267] cpu time = 00:02:36, elapsed time = 00:01:20, memory = 1549.78 (MB), peak = 1549.78 (MB)
Total wire length = 445308 um.
Total wire length on LAYER metal1 = 0 um.
Total wire length on LAYER metal2 = 95437 um.
Total wire length on LAYER metal3 = 150340 um.
Total wire length on LAYER metal4 = 112843 um.
Total wire length on LAYER metal5 = 72316 um.
Total wire length on LAYER metal6 = 12657 um.
Total wire length on LAYER metal7 = 1596 um.
Total wire length on LAYER metal8 = 116 um.
Total wire length on LAYER metal9 = 0 um.
Total wire length on LAYER metal10 = 0 um.
Total number of vias = 189296.
Up-via summary (total 189296):.

-----------------
 active         0
 metal1     90459
 metal2     73382
 metal3     18887
 metal4      5908
 metal5       615
 metal6        40
 metal7         5
 metal8         0
 metal9         0
-----------------
           189296


[INFO DRT-0195] Start 2nd optimization iteration.
    Completing 10% with 126 violations.
    elapsed time = 00:00:00, memory = 1549.78 (MB).
    Completing 20% with 126 violations.
    elapsed time = 00:00:01, memory = 1549.78 (MB).
    Completing 30% with 108 violations.
    elapsed time = 00:00:02, memory = 1549.78 (MB).
    Completing 40% with 108 violations.
    elapsed time = 00:00:03, memory = 1549.78 (MB).
    Completing 50% with 108 violations.
    elapsed time = 00:00:04, memory = 1549.78 (MB).
    Completing 60% with 87 violations.
    elapsed time = 00:00:06, memory = 1549.78 (MB).
    Completing 70% with 87 violations.
    elapsed time = 00:00:06, memory = 1549.78 (MB).
    Completing 80% with 76 violations.
    elapsed time = 00:00:08, memory = 1549.78 (MB).
    Completing 90% with 76 violations.
    elapsed time = 00:00:09, memory = 1549.78 (MB).
    Completing 100% with 34 violations.
    elapsed time = 00:00:10, memory = 1549.78 (MB).
[INFO DRT-0199]   Number of violations = 34.
[INFO DRT-0267] cpu time = 00:00:20, elapsed time = 00:00:11, memory = 1549.78 (MB), peak = 1549.78 (MB)
Total wire length = 445173 um.
Total wire length on LAYER metal1 = 0 um.
Total wire length on LAYER metal2 = 95426 um.
Total wire length on LAYER metal3 = 150299 um.
Total wire length on LAYER metal4 = 112810 um.
Total wire length on LAYER metal5 = 72266 um.
Total wire length on LAYER metal6 = 12657 um.
Total wire length on LAYER metal7 = 1596 um.
Total wire length on LAYER metal8 = 116 um.
Total wire length on LAYER metal9 = 0 um.
Total wire length on LAYER metal10 = 0 um.
Total number of vias = 189208.
Up-via summary (total 189208):.

-----------------
 active         0
 metal1     90459
 metal2     73322
 metal3     18879
 metal4      5887
 metal5       616
 metal6        40
 metal7         5
 metal8         0
 metal9         0
-----------------
           189208


[INFO DRT-0195] Start 3rd optimization iteration.
    Completing 10% with 34 violations.
    elapsed time = 00:00:00, memory = 1549.78 (MB).
    Completing 20% with 34 violations.
    elapsed time = 00:00:00, memory = 1549.78 (MB).
    Completing 30% with 23 violations.
    elapsed time = 00:00:00, memory = 1549.78 (MB).
    Completing 40% with 23 violations.
    elapsed time = 00:00:00, memory = 1549.78 (MB).
    Completing 50% with 23 violations.
    elapsed time = 00:00:00, memory = 1549.78 (MB).
    Completing 60% with 17 violations.
    elapsed time = 00:00:00, memory = 1549.78 (MB).
    Completing 70% with 17 violations.
    elapsed time = 00:00:00, memory = 1549.78 (MB).
    Completing 80% with 9 violations.
    elapsed time = 00:00:01, memory = 1549.78 (MB).
    Completing 90% with 9 violations.
    elapsed time = 00:00:01, memory = 1549.78 (MB).
    Completing 100% with 0 violations.
    elapsed time = 00:00:01, memory = 1549.78 (MB).
[INFO DRT-0199]   Number of violations = 0.
[INFO DRT-0267] cpu time = 00:00:03, elapsed time = 00:00:02, memory = 1549.78 (MB), peak = 1549.78 (MB)
Total wire length = 445179 um.
Total wire length on LAYER metal1 = 0 um.
Total wire length on LAYER metal2 = 95425 um.
Total wire length on LAYER metal3 = 150307 um.
Total wire length on LAYER metal4 = 112811 um.
Total wire length on LAYER metal5 = 72264 um.
Total wire length on LAYER metal6 = 12657 um.
Total wire length on LAYER metal7 = 1596 um.
Total wire length on LAYER metal8 = 116 um.
Total wire length on LAYER metal9 = 0 um.
Total wire length on LAYER metal10 = 0 um.
Total number of vias = 189246.
Up-via summary (total 189246):.

-----------------
 active         0
 metal1     90459
 metal2     73359
 metal3     18880
 metal4      5887
 metal5       616
 metal6        40
 metal7         5
 metal8         0
 metal9         0
-----------------
           189246


[INFO DRT-0198] Complete detail routing.
Total wire length = 445179 um.
Total wire length on LAYER metal1 = 0 um.
Total wire length on LAYER metal2 = 95425 um.
Total wire length on LAYER metal3 = 150307 um.
Total wire length on LAYER metal4 = 112811 um.
Total wire length on LAYER metal5 = 72264 um.
Total wire length on LAYER metal6 = 12657 um.
Total wire length on LAYER metal7 = 1596 um.
Total wire length on LAYER metal8 = 116 um.
Total wire length on LAYER metal9 = 0 um.
Total wire length on LAYER metal10 = 0 um.
Total number of vias = 189246.
Up-via summary (total 189246):.

-----------------
 active         0
 metal1     90459
 metal2     73359
 metal3     18880
 metal4      5887
 metal5       616
 metal6        40
 metal7         5
 metal8         0
 metal9         0
-----------------
           189246


[INFO DRT-0267] cpu time = 00:06:22, elapsed time = 00:03:17, memory = 1549.78 (MB), peak = 1549.78 (MB)

[INFO DRT-0180] Post processing.
Elapsed time: 5:42.83[h:]min:sec. CPU time: user 662.97 sys 1.45 (193%). Peak memory: 1587144KB.
