OpenROAD b7631451350809842e4fb0c635c3f3ed7f6b270f 
This program is licensed under the BSD-3 license. See the LICENSE file for details.
Components of this program may be licensed under more restrictive licenses which must be honored.
Placement Analysis
---------------------------------
total displacement      38817.9 u
average displacement        1.3 u
max displacement            7.7 u
original HPWL          199054.3 u
legalized HPWL         236525.4 u
delta HPWL                   19 %

Detailed placement improvement.
Importing netlist into detailed improver.
[INFO DPO-0100] Creating network with 30949 cells, 365 terminals, 30971 edges and 97414 pins.
[INFO DPO-0109] Network stats: inst 31314, edges 30971, pins 97414
[INFO DPO-0110] Number of regions is 1
[INFO DPO-0401] Setting random seed to 1.
[INFO DPO-0402] Setting maximum displacement 5 1 to 14000 2800 units.
[INFO DPO-0320] Collected 1105 fixed cells (excluded terminal_NI).
[INFO DPO-0318] Collected 30209 single height cells.
[INFO DPO-0321] Collected 0 wide cells.
[INFO DPO-0322] Image (4180, 5600) - (694260, 694400)
[INFO DPO-0310] Assigned 30209 cells into segments.  Movement in X-direction is 0.000000, movement in Y-direction is 0.000000.
[INFO DPO-0313] Found 0 cells in wrong regions.
[INFO DPO-0315] Found 0 row alignment problems.
[INFO DPO-0314] Found 0 site alignment problems.
[INFO DPO-0311] Found 0 overlaps between adjacent cells.
[INFO DPO-0312] Found 0 edge spacing violations and 0 padding violations.
[INFO DPO-0303] Running algorithm for independent set matching.
[INFO DPO-0300] Set matching objective is wirelength.
[INFO DPO-0301] Pass   1 of matching; objective is 4.768717e+08.
[INFO DPO-0302] End of matching; objective is 4.743094e+08, improvement is 0.54 percent.
[INFO DPO-0303] Running algorithm for global swaps.
[INFO DPO-0306] Pass   1 of global swaps; hpwl is 4.553594e+08.
[INFO DPO-0306] Pass   2 of global swaps; hpwl is 4.509653e+08.
[INFO DPO-0307] End of global swaps; objective is 4.509653e+08, improvement is 4.92 percent.
[INFO DPO-0303] Running algorithm for vertical swaps.
[INFO DPO-0308] Pass   1 of vertical swaps; hpwl is 4.483414e+08.
[INFO DPO-0309] End of vertical swaps; objective is 4.483414e+08, improvement is 0.58 percent.
[INFO DPO-0303] Running algorithm for reordering.
[INFO DPO-0304] Pass   1 of reordering; objective is 4.458365e+08.
[INFO DPO-0305] End of reordering; objective is 4.458365e+08, improvement is 0.56 percent.
[INFO DPO-0303] Running algorithm for random improvement.
[INFO DPO-0324] Random improver is using displacement generator.
[INFO DPO-0325] Random improver is using hpwl objective.
[INFO DPO-0326] Random improver cost string is (a).
[INFO DPO-0332] End of pass, Generator displacement called 604180 times.
[INFO DPO-0335] Generator displacement, Cumulative attempts 604180, swaps 94345, moves 158571 since last reset.
[INFO DPO-0333] End of pass, Objective hpwl, Initial cost 4.398395e+08, Scratch cost 4.319254e+08, Incremental cost 4.319254e+08, Mismatch? N
[INFO DPO-0338] End of pass, Total cost is 4.319254e+08.
[INFO DPO-0327] Pass   1 of random improver; improvement in cost is 1.80 percent.
[INFO DPO-0332] End of pass, Generator displacement called 604180 times.
[INFO DPO-0335] Generator displacement, Cumulative attempts 1208360, swaps 186123, moves 317533 since last reset.
[INFO DPO-0333] End of pass, Objective hpwl, Initial cost 4.319254e+08, Scratch cost 4.287247e+08, Incremental cost 4.287247e+08, Mismatch? N
[INFO DPO-0338] End of pass, Total cost is 4.287247e+08.
[INFO DPO-0327] Pass   2 of random improver; improvement in cost is 0.74 percent.
[INFO DPO-0328] End of random improver; improvement is 2.526997 percent.
[INFO DPO-0380] Cell flipping.
[INFO DPO-0382] Changed 15136 cell orientations for row compatibility.
[INFO DPO-0383] Performed 9537 cell flips.
[INFO DPO-0384] End of flipping; objective is 4.271517e+08, improvement is 1.74 percent.
[INFO DPO-0313] Found 0 cells in wrong regions.
[INFO DPO-0315] Found 0 row alignment problems.
[INFO DPO-0314] Found 0 site alignment problems.
[INFO DPO-0311] Found 0 overlaps between adjacent cells.
[INFO DPO-0312] Found 0 edge spacing violations and 0 padding violations.
Detailed Improvement Results
------------------------------------------
Original HPWL           236525.4 u
Final HPWL              210527.9 u
Delta HPWL                 -11.0 %

[INFO DPL-0020] Mirrored 736 instances
[INFO DPL-0021] HPWL before          210527.9 u
[INFO DPL-0022] HPWL after           210437.3 u
[INFO DPL-0023] HPWL delta               -0.0 %
[INFO FLW-0012] Placement violations .

==========================================================================
detailed place report_tns
--------------------------------------------------------------------------
tns 0.00

==========================================================================
detailed place report_wns
--------------------------------------------------------------------------
wns 0.00

==========================================================================
detailed place report_worst_slack
--------------------------------------------------------------------------
worst slack 0.00

==========================================================================
detailed place report_clock_skew
--------------------------------------------------------------------------
Clock clk_i
Latency      CRPR       Skew
gen_encoder_units[1].encoder_unit/threshold_memory/gen_sub_units_scm[3].sub_unit_i/_2407_/G ^
   0.46
gen_encoder_units[1].encoder_unit/_420_/CK ^
   0.00      0.00       0.46


==========================================================================
detailed place report_checks -path_delay min
--------------------------------------------------------------------------
Startpoint: rst_ni (input port clocked by clk_i)
Endpoint: gen_encoder_units[2].encoder_unit/_491_
          (removal check against rising-edge clock clk_i)
Path Group: **async_default**
Path Type: min

Fanout     Cap    Slew   Delay    Time   Description
-----------------------------------------------------------------------------
                  0.00    0.00    0.00   clock clk_i (rise edge)
                          0.00    0.00   clock network delay (ideal)
                          0.30    0.30 ^ input external delay
                  0.00    0.00    0.30 ^ rst_ni (in)
     1   27.09                           rst_ni (net)
                  0.00    0.00    0.30 ^ input258/A (BUF_X32)
                  0.01    0.03    0.33 ^ input258/Z (BUF_X32)
   407  975.20                           net258 (net)
                  0.84    0.69    1.02 ^ gen_encoder_units[2].encoder_unit/_491_/RN (DFFR_X1)
                                  1.02   data arrival time

                  0.00    0.00    0.00   clock clk_i (rise edge)
                          0.00    0.00   clock network delay (ideal)
                          0.00    0.00   clock reconvergence pessimism
                                  0.00 ^ gen_encoder_units[2].encoder_unit/_491_/CK (DFFR_X1)
                          1.24    1.24   library removal time
                                  1.24   data required time
-----------------------------------------------------------------------------
                                  1.24   data required time
                                 -1.02   data arrival time
-----------------------------------------------------------------------------
                                 -0.22   slack (VIOLATED)


Startpoint: gen_encoder_units[0].encoder_unit/threshold_memory/gen_sub_units_scm[0].sub_unit_i/_2811_
            (negative level-sensitive latch clocked by clk_i)
Endpoint: gen_encoder_units[0].encoder_unit/threshold_memory/gen_sub_units_scm[0].sub_unit_i/_2377_
          (rising clock gating-check end-point clocked by clk_i)
Path Group: **clock_gating_default**
Path Type: min

Fanout     Cap    Slew   Delay    Time   Description
-----------------------------------------------------------------------------
                  0.00    1.50    1.50   clock clk_i (fall edge)
                          0.00    1.50   clock network delay (ideal)
                  0.00    0.00    1.50 v gen_encoder_units[0].encoder_unit/threshold_memory/gen_sub_units_scm[0].sub_unit_i/_2811_/GN (DLL_X1)
                  0.01    0.04    1.54 ^ gen_encoder_units[0].encoder_unit/threshold_memory/gen_sub_units_scm[0].sub_unit_i/_2811_/Q (DLL_X1)
     1    1.05                           gen_encoder_units[0].encoder_unit/threshold_memory/gen_sub_units_scm[0].sub_unit_i/gen_cg_word_iter[0].cg_i.en_latch (net)
                  0.01    0.00    1.54 ^ gen_encoder_units[0].encoder_unit/threshold_memory/gen_sub_units_scm[0].sub_unit_i/_2377_/A2 (AND2_X1)
                                  1.54   data arrival time

                  0.00    1.50    1.50   clock clk_i (fall edge)
                          0.00    1.50   clock network delay (ideal)
                          0.00    1.50   clock reconvergence pessimism
                                  1.50 v gen_encoder_units[0].encoder_unit/threshold_memory/gen_sub_units_scm[0].sub_unit_i/_2377_/A1 (AND2_X1)
                          0.00    1.50   clock gating hold time
                                  1.50   data required time
-----------------------------------------------------------------------------
                                  1.50   data required time
                                 -1.54   data arrival time
-----------------------------------------------------------------------------
                                  0.04   slack (MET)


Startpoint: gen_encoder_units[1].encoder_unit/_421_
            (rising edge-triggered flip-flop clocked by clk_i)
Endpoint: gen_encoder_units[1].encoder_unit/_422_
          (rising edge-triggered flip-flop clocked by clk_i)
Path Group: clk_i
Path Type: min

Fanout     Cap    Slew   Delay    Time   Description
-----------------------------------------------------------------------------
                  0.00    0.00    0.00   clock clk_i (rise edge)
                          0.00    0.00   clock network delay (ideal)
                  0.00    0.00    0.00 ^ gen_encoder_units[1].encoder_unit/_421_/CK (DFFR_X1)
                  0.01    0.07    0.07 ^ gen_encoder_units[1].encoder_unit/_421_/QN (DFFR_X1)
     2    2.83                           gen_encoder_units[1].encoder_unit/_001_ (net)
                  0.01    0.00    0.07 ^ gen_encoder_units[1].encoder_unit/_350_/A2 (OR2_X1)
                  0.01    0.03    0.09 ^ gen_encoder_units[1].encoder_unit/_350_/ZN (OR2_X1)
     1    1.74                           gen_encoder_units[1].encoder_unit/_103_ (net)
                  0.01    0.00    0.09 ^ gen_encoder_units[1].encoder_unit/_351_/A (INV_X1)
                  0.00    0.01    0.10 v gen_encoder_units[1].encoder_unit/_351_/ZN (INV_X1)
     1    1.28                           gen_encoder_units[1].encoder_unit/k_addr_n[2] (net)
                  0.00    0.00    0.10 v gen_encoder_units[1].encoder_unit/_422_/D (DFFR_X1)
                                  0.10   data arrival time

                  0.00    0.00    0.00   clock clk_i (rise edge)
                          0.00    0.00   clock network delay (ideal)
                          0.00    0.00   clock reconvergence pessimism
                                  0.00 ^ gen_encoder_units[1].encoder_unit/_422_/CK (DFFR_X1)
                          0.00    0.00   library hold time
                                  0.00   data required time
-----------------------------------------------------------------------------
                                  0.00   data required time
                                 -0.10   data arrival time
-----------------------------------------------------------------------------
                                  0.10   slack (MET)



==========================================================================
detailed place report_checks -path_delay max
--------------------------------------------------------------------------
Startpoint: rst_ni (input port clocked by clk_i)
Endpoint: gen_encoder_units[2].encoder_unit/_491_
          (recovery check against rising-edge clock clk_i)
Path Group: **async_default**
Path Type: max

Fanout     Cap    Slew   Delay    Time   Description
-----------------------------------------------------------------------------
                  0.00    0.00    0.00   clock clk_i (rise edge)
                          0.00    0.00   clock network delay (ideal)
                          0.30    0.30 ^ input external delay
                  0.00    0.00    0.30 ^ rst_ni (in)
     1   27.09                           rst_ni (net)
                  0.00    0.00    0.30 ^ input258/A (BUF_X32)
                  0.01    0.03    0.33 ^ input258/Z (BUF_X32)
   407  975.20                           net258 (net)
                  0.84    0.69    1.02 ^ gen_encoder_units[2].encoder_unit/_491_/RN (DFFR_X1)
                                  1.02   data arrival time

                  0.00    3.00    3.00   clock clk_i (rise edge)
                          0.00    3.00   clock network delay (ideal)
                          0.00    3.00   clock reconvergence pessimism
                                  3.00 ^ gen_encoder_units[2].encoder_unit/_491_/CK (DFFR_X1)
                         -0.14    2.86   library recovery time
                                  2.86   data required time
-----------------------------------------------------------------------------
                                  2.86   data required time
                                 -1.02   data arrival time
-----------------------------------------------------------------------------
                                  1.84   slack (MET)


Startpoint: gen_encoder_units[3].encoder_unit/threshold_memory/gen_sub_units_scm[3].sub_unit_i/_2933_
            (negative level-sensitive latch clocked by clk_i)
Endpoint: gen_encoder_units[3].encoder_unit/threshold_memory/gen_sub_units_scm[3].sub_unit_i/_2387_
          (rising clock gating-check end-point clocked by clk_i)
Path Group: **clock_gating_default**
Path Type: max

Fanout     Cap    Slew   Delay    Time   Description
-----------------------------------------------------------------------------
                  0.00    1.50    1.50   clock clk_i (fall edge)
                          0.00    1.50   clock network delay (ideal)
                  0.00    0.00    1.50 v gen_encoder_units[3].encoder_unit/threshold_memory/gen_sub_units_scm[3].sub_unit_i/_2933_/GN (DLL_X1)
                  0.01    0.07    1.57 v gen_encoder_units[3].encoder_unit/threshold_memory/gen_sub_units_scm[3].sub_unit_i/_2933_/Q (DLL_X1)
     1    3.80                           gen_encoder_units[3].encoder_unit/threshold_memory/gen_sub_units_scm[3].sub_unit_i/gen_cg_word_iter[17].cg_i.en_latch (net)
                  0.01    0.00    1.58 v gen_encoder_units[3].encoder_unit/threshold_memory/gen_sub_units_scm[3].sub_unit_i/_2387_/A2 (AND2_X1)
                                  1.58   data arrival time

                  0.00    3.00    3.00   clock clk_i (rise edge)
                          0.00    3.00   clock network delay (ideal)
                          0.00    3.00   clock reconvergence pessimism
                                  3.00 ^ gen_encoder_units[3].encoder_unit/threshold_memory/gen_sub_units_scm[3].sub_unit_i/_2387_/A1 (AND2_X1)
                          0.00    3.00   clock gating setup time
                                  3.00   data required time
-----------------------------------------------------------------------------
                                  3.00   data required time
                                 -1.58   data arrival time
-----------------------------------------------------------------------------
                                  1.42   slack (MET)


Startpoint: gen_encoder_units[3].encoder_unit/threshold_memory/_153_
            (rising edge-triggered flip-flop clocked by clk_i)
Endpoint: gen_encoder_units[3].encoder_unit/threshold_memory/gen_sub_units_scm[3].sub_unit_i/_2514_
          (positive level-sensitive latch clocked by clk_i)
Path Group: clk_i
Path Type: max

Fanout     Cap    Slew   Delay    Time   Description
-----------------------------------------------------------------------------
                  0.00    0.00    0.00   clock clk_i (rise edge)
                          0.00    0.00   clock network delay (ideal)
                  0.00    0.00    0.00 ^ gen_encoder_units[3].encoder_unit/threshold_memory/_153_/CK (DFFR_X2)
                  0.12    0.24    0.24 ^ gen_encoder_units[3].encoder_unit/threshold_memory/_153_/Q (DFFR_X2)
    64  117.36                           gen_encoder_units[3].encoder_unit/threshold_memory/wdata_a_q[10] (net)
                  0.13    0.02    0.26 ^ max_cap417/A (BUF_X16)
                  0.01    0.04    0.29 ^ max_cap417/Z (BUF_X16)
    66  101.00                           net417 (net)
                  0.04    0.03    0.32 ^ gen_encoder_units[3].encoder_unit/threshold_memory/gen_sub_units_scm[3].sub_unit_i/_2514_/D (DLH_X1)
                                  0.32   data arrival time

                  0.00    0.00    0.00   clock clk_i (rise edge)
                          0.00    0.00   clock network delay (ideal)
                          0.00    0.00   clock reconvergence pessimism
                                  0.00 ^ gen_encoder_units[3].encoder_unit/threshold_memory/gen_sub_units_scm[3].sub_unit_i/_2514_/G (DLH_X1)
                          0.32    0.32   time borrowed from endpoint
                                  0.32   data required time
-----------------------------------------------------------------------------
                                  0.32   data required time
                                 -0.32   data arrival time
-----------------------------------------------------------------------------
                                  0.00   slack (MET)

Time Borrowing Information
--------------------------------------------
clk_i pulse width                       1.50
library setup time                     -0.03
--------------------------------------------
max time borrow                         1.47
actual time borrow                      0.32
--------------------------------------------



==========================================================================
detailed place report_checks -unconstrained
--------------------------------------------------------------------------
Startpoint: rst_ni (input port clocked by clk_i)
Endpoint: gen_encoder_units[2].encoder_unit/_491_
          (recovery check against rising-edge clock clk_i)
Path Group: **async_default**
Path Type: max

Fanout     Cap    Slew   Delay    Time   Description
-----------------------------------------------------------------------------
                  0.00    0.00    0.00   clock clk_i (rise edge)
                          0.00    0.00   clock network delay (ideal)
                          0.30    0.30 ^ input external delay
                  0.00    0.00    0.30 ^ rst_ni (in)
     1   27.09                           rst_ni (net)
                  0.00    0.00    0.30 ^ input258/A (BUF_X32)
                  0.01    0.03    0.33 ^ input258/Z (BUF_X32)
   407  975.20                           net258 (net)
                  0.84    0.69    1.02 ^ gen_encoder_units[2].encoder_unit/_491_/RN (DFFR_X1)
                                  1.02   data arrival time

                  0.00    3.00    3.00   clock clk_i (rise edge)
                          0.00    3.00   clock network delay (ideal)
                          0.00    3.00   clock reconvergence pessimism
                                  3.00 ^ gen_encoder_units[2].encoder_unit/_491_/CK (DFFR_X1)
                         -0.14    2.86   library recovery time
                                  2.86   data required time
-----------------------------------------------------------------------------
                                  2.86   data required time
                                 -1.02   data arrival time
-----------------------------------------------------------------------------
                                  1.84   slack (MET)


Startpoint: gen_encoder_units[3].encoder_unit/threshold_memory/gen_sub_units_scm[3].sub_unit_i/_2933_
            (negative level-sensitive latch clocked by clk_i)
Endpoint: gen_encoder_units[3].encoder_unit/threshold_memory/gen_sub_units_scm[3].sub_unit_i/_2387_
          (rising clock gating-check end-point clocked by clk_i)
Path Group: **clock_gating_default**
Path Type: max

Fanout     Cap    Slew   Delay    Time   Description
-----------------------------------------------------------------------------
                  0.00    1.50    1.50   clock clk_i (fall edge)
                          0.00    1.50   clock network delay (ideal)
                  0.00    0.00    1.50 v gen_encoder_units[3].encoder_unit/threshold_memory/gen_sub_units_scm[3].sub_unit_i/_2933_/GN (DLL_X1)
                  0.01    0.07    1.57 v gen_encoder_units[3].encoder_unit/threshold_memory/gen_sub_units_scm[3].sub_unit_i/_2933_/Q (DLL_X1)
     1    3.80                           gen_encoder_units[3].encoder_unit/threshold_memory/gen_sub_units_scm[3].sub_unit_i/gen_cg_word_iter[17].cg_i.en_latch (net)
                  0.01    0.00    1.58 v gen_encoder_units[3].encoder_unit/threshold_memory/gen_sub_units_scm[3].sub_unit_i/_2387_/A2 (AND2_X1)
                                  1.58   data arrival time

                  0.00    3.00    3.00   clock clk_i (rise edge)
                          0.00    3.00   clock network delay (ideal)
                          0.00    3.00   clock reconvergence pessimism
                                  3.00 ^ gen_encoder_units[3].encoder_unit/threshold_memory/gen_sub_units_scm[3].sub_unit_i/_2387_/A1 (AND2_X1)
                          0.00    3.00   clock gating setup time
                                  3.00   data required time
-----------------------------------------------------------------------------
                                  3.00   data required time
                                 -1.58   data arrival time
-----------------------------------------------------------------------------
                                  1.42   slack (MET)


Startpoint: gen_encoder_units[3].encoder_unit/threshold_memory/_153_
            (rising edge-triggered flip-flop clocked by clk_i)
Endpoint: gen_encoder_units[3].encoder_unit/threshold_memory/gen_sub_units_scm[3].sub_unit_i/_2514_
          (positive level-sensitive latch clocked by clk_i)
Path Group: clk_i
Path Type: max

Fanout     Cap    Slew   Delay    Time   Description
-----------------------------------------------------------------------------
                  0.00    0.00    0.00   clock clk_i (rise edge)
                          0.00    0.00   clock network delay (ideal)
                  0.00    0.00    0.00 ^ gen_encoder_units[3].encoder_unit/threshold_memory/_153_/CK (DFFR_X2)
                  0.12    0.24    0.24 ^ gen_encoder_units[3].encoder_unit/threshold_memory/_153_/Q (DFFR_X2)
    64  117.36                           gen_encoder_units[3].encoder_unit/threshold_memory/wdata_a_q[10] (net)
                  0.13    0.02    0.26 ^ max_cap417/A (BUF_X16)
                  0.01    0.04    0.29 ^ max_cap417/Z (BUF_X16)
    66  101.00                           net417 (net)
                  0.04    0.03    0.32 ^ gen_encoder_units[3].encoder_unit/threshold_memory/gen_sub_units_scm[3].sub_unit_i/_2514_/D (DLH_X1)
                                  0.32   data arrival time

                  0.00    0.00    0.00   clock clk_i (rise edge)
                          0.00    0.00   clock network delay (ideal)
                          0.00    0.00   clock reconvergence pessimism
                                  0.00 ^ gen_encoder_units[3].encoder_unit/threshold_memory/gen_sub_units_scm[3].sub_unit_i/_2514_/G (DLH_X1)
                          0.32    0.32   time borrowed from endpoint
                                  0.32   data required time
-----------------------------------------------------------------------------
                                  0.32   data required time
                                 -0.32   data arrival time
-----------------------------------------------------------------------------
                                  0.00   slack (MET)

Time Borrowing Information
--------------------------------------------
clk_i pulse width                       1.50
library setup time                     -0.03
--------------------------------------------
max time borrow                         1.47
actual time borrow                      0.32
--------------------------------------------



==========================================================================
detailed place report_check_types -max_slew -max_cap -max_fanout -violators
--------------------------------------------------------------------------
max capacitance

Pin                                    Limit     Cap   Slack
------------------------------------------------------------
gen_encoder_units[0].encoder_unit/threshold_memory/_146_/Q  120.85  131.70  -10.85 (VIOLATED)
gen_encoder_units[3].encoder_unit/threshold_memory/_157_/Q  120.85  123.10   -2.25 (VIOLATED)
gen_encoder_units[3].encoder_unit/_416_/Q  120.85  121.75   -0.90 (VIOLATED)


==========================================================================
detailed place max_slew_check_slack
--------------------------------------------------------------------------
0.05934615433216095

==========================================================================
detailed place max_slew_check_limit
--------------------------------------------------------------------------
0.1985349953174591

==========================================================================
detailed place max_slew_check_slack_limit
--------------------------------------------------------------------------
0.2989

==========================================================================
detailed place max_fanout_check_slack
--------------------------------------------------------------------------
1.0000000150474662e+30

==========================================================================
detailed place max_fanout_check_limit
--------------------------------------------------------------------------
1.0000000150474662e+30

==========================================================================
detailed place max_capacitance_check_slack
--------------------------------------------------------------------------
-10.849977493286133

==========================================================================
detailed place max_capacitance_check_limit
--------------------------------------------------------------------------
120.8499984741211

==========================================================================
detailed place max_capacitance_check_slack_limit
--------------------------------------------------------------------------
-0.0898

==========================================================================
detailed place max_slew_violation_count
--------------------------------------------------------------------------
max slew violation count 0

==========================================================================
detailed place max_fanout_violation_count
--------------------------------------------------------------------------
max fanout violation count 0

==========================================================================
detailed place max_cap_violation_count
--------------------------------------------------------------------------
max cap violation count 3

==========================================================================
detailed place setup_violation_count
--------------------------------------------------------------------------
setup violation count 1

==========================================================================
detailed place hold_violation_count
--------------------------------------------------------------------------
hold violation count 1

==========================================================================
detailed place critical path delay
--------------------------------------------------------------------------
0.3230

==========================================================================
detailed place critical path slack
--------------------------------------------------------------------------
0.0000

==========================================================================
detailed place slack div critical path delay
--------------------------------------------------------------------------
0.000000

==========================================================================
detailed place report_power
--------------------------------------------------------------------------
Group                  Internal  Switching    Leakage      Total
                          Power      Power      Power      Power (Watts)
----------------------------------------------------------------
Sequential             1.09e-02   6.72e-04   2.97e-04   1.19e-02  54.7%
Combinational          1.91e-03   7.41e-03   5.07e-04   9.83e-03  45.3%
Macro                  0.00e+00   0.00e+00   0.00e+00   0.00e+00   0.0%
Pad                    0.00e+00   0.00e+00   0.00e+00   0.00e+00   0.0%
----------------------------------------------------------------
Total                  1.28e-02   8.09e-03   8.04e-04   2.17e-02 100.0%
                          59.1%      37.2%       3.7%

==========================================================================
detailed place report_design_area
--------------------------------------------------------------------------
Design area 46667 u^2 39% utilization.

Elapsed time: 0:24.57[h:]min:sec. CPU time: user 24.42 sys 0.12 (99%). Peak memory: 250760KB.
