OpenROAD 353633e018e57e35041db2841116ba382830b97b 
This program is licensed under the BSD-3 license. See the LICENSE file for details.
Components of this program may be licensed under more restrictive licenses which must be honored.
[INFO ODB-0222] Reading LEF file: /__w/halutmatmul/halutmatmul/hardware/flow/OpenROAD/flow/platforms/nangate45/lef/NangateOpenCellLibrary.tech.lef
[INFO ODB-0223]     Created 22 technology layers
[INFO ODB-0224]     Created 27 technology vias
[INFO ODB-0226] Finished LEF file:  /__w/halutmatmul/halutmatmul/hardware/flow/OpenROAD/flow/platforms/nangate45/lef/NangateOpenCellLibrary.tech.lef
[INFO ODB-0222] Reading LEF file: /__w/halutmatmul/halutmatmul/hardware/flow/OpenROAD/flow/platforms/nangate45/lef/NangateOpenCellLibrary.macro.mod.lef
[INFO ODB-0225]     Created 135 library cells
[INFO ODB-0226] Finished LEF file:  /__w/halutmatmul/halutmatmul/hardware/flow/OpenROAD/flow/platforms/nangate45/lef/NangateOpenCellLibrary.macro.mod.lef
number instances in verilog is 32924
[WARNING IFP-0028] Core area lower left (2.000, 2.000) snapped to (2.090, 2.800).
[INFO IFP-0001] Added 247 rows of 1829 site FreePDK45_38x28_10R_NP_162NW_34O with height 1.
[INFO RSZ-0026] Removed 2116 buffers.
Default units for flow
 time 1ns
 capacitance 1fF
 resistance 1kohm
 voltage 1v
 current 1mA
 power 1nW
 distance 1um

==========================================================================
floorplan final report_tns
--------------------------------------------------------------------------
tns -94.10

==========================================================================
floorplan final report_wns
--------------------------------------------------------------------------
wns -1.62

==========================================================================
floorplan final report_worst_slack
--------------------------------------------------------------------------
worst slack -1.62

==========================================================================
floorplan final report_clock_skew
--------------------------------------------------------------------------
Clock clk_i
Latency      CRPR       Skew
lut/gen_sub_units_scm[0].sub_unit_i/_2435_/G ^
   0.30
_477_/CK ^
   0.00      0.00       0.30


==========================================================================
floorplan final report_checks -path_delay min
--------------------------------------------------------------------------
Startpoint: rst_ni (input port clocked by clk_i)
Endpoint: _445_ (removal check against rising-edge clock clk_i)
Path Group: asynchronous
Path Type: min

Fanout     Cap    Slew   Delay    Time   Description
-----------------------------------------------------------------------------
                  0.00    0.00    0.00   clock clk_i (rise edge)
                          0.00    0.00   clock network delay (ideal)
                          0.30    0.30 ^ input external delay
                  0.00    0.00    0.30 ^ rst_ni (in)
   102  181.41                           rst_ni (net)
                  0.00    0.00    0.30 ^ _445_/RN (DFFR_X1)
                                  0.30   data arrival time

                  0.00    0.00    0.00   clock clk_i (rise edge)
                          0.00    0.00   clock network delay (ideal)
                          0.00    0.00   clock reconvergence pessimism
                                  0.00 ^ _445_/CK (DFFR_X1)
                          0.18    0.18   library removal time
                                  0.18   data required time
-----------------------------------------------------------------------------
                                  0.18   data required time
                                 -0.30   data arrival time
-----------------------------------------------------------------------------
                                  0.12   slack (MET)


Startpoint: lut/gen_sub_units_scm[0].sub_unit_i/_2899_
            (negative level-sensitive latch clocked by clk_i)
Endpoint: lut/gen_sub_units_scm[0].sub_unit_i/_2401_
          (rising clock gating-check end-point clocked by clk_i)
Path Group: gated clock
Path Type: min

Fanout     Cap    Slew   Delay    Time   Description
-----------------------------------------------------------------------------
                  0.00    1.50    1.50   clock clk_i (fall edge)
                          0.00    1.50   clock network delay (ideal)
                  0.00    0.00    1.50 v lut/gen_sub_units_scm[0].sub_unit_i/_2899_/GN (DLL_X1)
                  0.01    0.04    1.54 ^ lut/gen_sub_units_scm[0].sub_unit_i/_2899_/Q (DLL_X1)
     1    0.97                           lut/gen_sub_units_scm[0].sub_unit_i/gen_cg_word_iter[5].cg_i.en_latch (net)
                  0.01    0.00    1.54 ^ lut/gen_sub_units_scm[0].sub_unit_i/_2401_/A2 (AND2_X1)
                                  1.54   data arrival time

                  0.00    1.50    1.50   clock clk_i (fall edge)
                          0.00    1.50   clock network delay (ideal)
                          0.00    1.50   clock reconvergence pessimism
                                  1.50 v lut/gen_sub_units_scm[0].sub_unit_i/_2401_/A1 (AND2_X1)
                          0.00    1.50   clock gating hold time
                                  1.50   data required time
-----------------------------------------------------------------------------
                                  1.50   data required time
                                 -1.54   data arrival time
-----------------------------------------------------------------------------
                                  0.04   slack (MET)


Startpoint: _445_ (rising edge-triggered flip-flop clocked by clk_i)
Endpoint: _445_ (rising edge-triggered flip-flop clocked by clk_i)
Path Group: clk_i
Path Type: min

Fanout     Cap    Slew   Delay    Time   Description
-----------------------------------------------------------------------------
                  0.00    0.00    0.00   clock clk_i (rise edge)
                          0.00    0.00   clock network delay (ideal)
                  0.00    0.00    0.00 ^ _445_/CK (DFFR_X1)
                  0.01    0.08    0.08 v _445_/Q (DFFR_X1)
     2    1.49                           result_o[0] (net)
                  0.01    0.00    0.08 v _332_/A3 (NAND3_X1)
                  0.01    0.02    0.10 ^ _332_/ZN (NAND3_X1)
     1    1.60                           _073_ (net)
                  0.01    0.00    0.10 ^ _336_/A1 (NAND2_X1)
                  0.01    0.01    0.11 v _336_/ZN (NAND2_X1)
     1    1.05                           _000_ (net)
                  0.01    0.00    0.11 v _445_/D (DFFR_X1)
                                  0.11   data arrival time

                  0.00    0.00    0.00   clock clk_i (rise edge)
                          0.00    0.00   clock network delay (ideal)
                          0.00    0.00   clock reconvergence pessimism
                                  0.00 ^ _445_/CK (DFFR_X1)
                          0.00    0.00   library hold time
                                  0.00   data required time
-----------------------------------------------------------------------------
                                  0.00   data required time
                                 -0.11   data arrival time
-----------------------------------------------------------------------------
                                  0.11   slack (MET)



==========================================================================
floorplan final report_checks -path_delay max
--------------------------------------------------------------------------
Startpoint: rst_ni (input port clocked by clk_i)
Endpoint: _445_ (recovery check against rising-edge clock clk_i)
Path Group: asynchronous
Path Type: max

Fanout     Cap    Slew   Delay    Time   Description
-----------------------------------------------------------------------------
                  0.00    0.00    0.00   clock clk_i (rise edge)
                          0.00    0.00   clock network delay (ideal)
                          0.30    0.30 ^ input external delay
                  0.00    0.00    0.30 ^ rst_ni (in)
   102  181.41                           rst_ni (net)
                  0.00    0.00    0.30 ^ _445_/RN (DFFR_X1)
                                  0.30   data arrival time

                  0.00    3.00    3.00   clock clk_i (rise edge)
                          0.00    3.00   clock network delay (ideal)
                          0.00    3.00   clock reconvergence pessimism
                                  3.00 ^ _445_/CK (DFFR_X1)
                          0.05    3.05   library recovery time
                                  3.05   data required time
-----------------------------------------------------------------------------
                                  3.05   data required time
                                 -0.30   data arrival time
-----------------------------------------------------------------------------
                                  2.75   slack (MET)


Startpoint: lut/_233_ (negative level-sensitive latch clocked by clk_i)
Endpoint: lut/_128_ (rising clock gating-check end-point clocked by clk_i)
Path Group: gated clock
Path Type: max

Fanout     Cap    Slew   Delay    Time   Description
-----------------------------------------------------------------------------
                  0.00    1.50    1.50   clock clk_i (fall edge)
                          0.00    1.50   clock network delay (ideal)
                  0.00    0.00    1.50 v lut/_233_/GN (DLL_X1)
                  0.01    0.07    1.57 v lut/_233_/Q (DLL_X1)
     1    1.50                           lut/cg_we_global.en_latch (net)
                  0.01    0.00    1.57 v lut/_128_/A2 (NAND2_X1)
                                  1.57   data arrival time

                  0.00    3.00    3.00   clock clk_i (rise edge)
                          0.00    3.00   clock network delay (ideal)
                          0.00    3.00   clock reconvergence pessimism
                                  3.00 ^ lut/_128_/A1 (NAND2_X1)
                          0.00    3.00   clock gating setup time
                                  3.00   data required time
-----------------------------------------------------------------------------
                                  3.00   data required time
                                 -1.57   data arrival time
-----------------------------------------------------------------------------
                                  1.43   slack (MET)


Startpoint: _485_ (rising edge-triggered flip-flop clocked by clk_i)
Endpoint: _475_ (rising edge-triggered flip-flop clocked by clk_i)
Path Group: clk_i
Path Type: max

Fanout     Cap    Slew   Delay    Time   Description
-----------------------------------------------------------------------------
                  0.00    0.00    0.00   clock clk_i (rise edge)
                          0.00    0.00   clock network delay (ideal)
                  0.00    0.00    0.00 ^ _485_/CK (DFFR_X1)
                  0.03    0.13    0.13 ^ _485_/Q (DFFR_X1)
     5   13.28                           rdata_o_q[8] (net)
                  0.03    0.00    0.13 ^ fp_adder/converter/_175_/B2 (OAI21_X1)
                  0.02    0.03    0.16 v fp_adder/converter/_175_/ZN (OAI21_X1)
     1    5.77                           fp_adder/converter/_107_ (net)
                  0.02    0.00    0.16 v fp_adder/converter/_185_/A (AOI21_X4)
                  0.05    0.08    0.24 ^ fp_adder/converter/_185_/ZN (AOI21_X4)
    11   31.84                           fp_adder/converter/_117_ (net)
                  0.05    0.00    0.24 ^ fp_adder/converter/_193_/A1 (NAND2_X4)
                  0.03    0.05    0.29 v fp_adder/converter/_193_/ZN (NAND2_X4)
    14   49.31                           fp_adder/converter/_125_ (net)
                  0.03    0.00    0.29 v fp_adder/converter/_326_/B2 (OAI21_X1)
                  0.05    0.07    0.36 ^ fp_adder/converter/_326_/ZN (OAI21_X1)
     4    8.41                           fp_adder/operand_fp16_fp32[23] (net)
                  0.05    0.00    0.36 ^ fp_adder/adder/adder/_1257_/A2 (NOR2_X2)
                  0.02    0.02    0.38 v fp_adder/adder/adder/_1257_/ZN (NOR2_X2)
     3    6.62                           fp_adder/adder/adder/_0369_ (net)
                  0.02    0.00    0.38 v fp_adder/adder/adder/_1258_/A (INV_X1)
                  0.01    0.02    0.40 ^ fp_adder/adder/adder/_1258_/ZN (INV_X1)
     1    1.60                           fp_adder/adder/adder/_0370_ (net)
                  0.01    0.00    0.40 ^ fp_adder/adder/adder/_1260_/A1 (NAND2_X1)
                  0.17    0.21    0.60 v fp_adder/adder/adder/_1260_/ZN (NAND2_X1)
    56   95.20                           fp_adder/adder/adder/_0372_ (net)
                  0.17    0.00    0.60 v fp_adder/adder/adder/_1261_/A2 (NOR2_X2)
                  0.04    0.08    0.69 ^ fp_adder/adder/adder/_1261_/ZN (NOR2_X2)
     2    6.40                           fp_adder/adder/adder/_0373_ (net)
                  0.04    0.00    0.69 ^ fp_adder/adder/adder/_1273_/A1 (NAND2_X2)
                  0.02    0.02    0.71 v fp_adder/adder/adder/_1273_/ZN (NAND2_X2)
     1    5.59                           fp_adder/adder/adder/_0385_ (net)
                  0.02    0.00    0.71 v fp_adder/adder/adder/_1292_/A1 (NOR2_X4)
                  0.01    0.02    0.73 ^ fp_adder/adder/adder/_1292_/ZN (NOR2_X4)
     2    4.92                           fp_adder/adder/adder/_0404_ (net)
                  0.01    0.00    0.73 ^ fp_adder/adder/adder/_1312_/A (INV_X2)
                  0.01    0.01    0.74 v fp_adder/adder/adder/_1312_/ZN (INV_X2)
     2    7.14                           fp_adder/adder/adder/_0424_ (net)
                  0.01    0.00    0.74 v fp_adder/adder/adder/_1313_/A2 (NAND2_X4)
                  0.11    0.13    0.87 ^ fp_adder/adder/adder/_1313_/ZN (NAND2_X4)
   106  188.40                           fp_adder/adder/adder/_0425_ (net)
                  0.11    0.00    0.87 ^ fp_adder/adder/adder/_1334_/A (INV_X8)
                  0.03    0.02    0.89 v fp_adder/adder/adder/_1334_/ZN (INV_X8)
    19   31.97                           fp_adder/adder/adder/_0440_ (net)
                  0.03    0.00    0.89 v fp_adder/adder/adder/_1375_/A1 (NAND2_X1)
                  0.01    0.03    0.91 ^ fp_adder/adder/adder/_1375_/ZN (NAND2_X1)
     1    3.05                           fp_adder/adder/adder/_0478_ (net)
                  0.01    0.00    0.91 ^ fp_adder/adder/adder/_1380_/A1 (NAND2_X2)
                  0.03    0.05    0.96 v fp_adder/adder/adder/_1380_/ZN (NAND2_X2)
    22   34.49                           fp_adder/adder/adder/_0483_ (net)
                  0.03    0.00    0.96 v fp_adder/adder/adder/_1381_/A (INV_X2)
                  0.07    0.09    1.05 ^ fp_adder/adder/adder/_1381_/ZN (INV_X2)
    30   57.75                           fp_adder/adder/adder/_0484_ (net)
                  0.07    0.00    1.05 ^ fp_adder/adder/adder/_1382_/A3 (NAND3_X2)
                  0.02    0.03    1.08 v fp_adder/adder/adder/_1382_/ZN (NAND3_X2)
     4    6.16                           fp_adder/adder/adder/_0485_ (net)
                  0.02    0.00    1.08 v fp_adder/adder/adder/_1416_/A1 (NAND3_X1)
                  0.02    0.03    1.11 ^ fp_adder/adder/adder/_1416_/ZN (NAND3_X1)
     2    5.15                           fp_adder/adder/adder/_0519_ (net)
                  0.02    0.00    1.11 ^ fp_adder/adder/adder/_1417_/A2 (NAND2_X2)
                  0.05    0.07    1.18 v fp_adder/adder/adder/_1417_/ZN (NAND2_X2)
    31   53.26                           fp_adder/adder/adder/_0520_ (net)
                  0.05    0.00    1.18 v fp_adder/adder/adder/_1564_/A1 (NAND2_X1)
                  0.02    0.03    1.22 ^ fp_adder/adder/adder/_1564_/ZN (NAND2_X1)
     2    3.20                           fp_adder/adder/adder/_0667_ (net)
                  0.02    0.00    1.22 ^ fp_adder/adder/adder/_1576_/A1 (NAND2_X1)
                  0.02    0.01    1.23 v fp_adder/adder/adder/_1576_/ZN (NAND2_X1)
     1    1.50                           fp_adder/adder/adder/_0679_ (net)
                  0.02    0.00    1.23 v fp_adder/adder/adder/_1577_/A2 (NAND2_X1)
                  0.01    0.02    1.26 ^ fp_adder/adder/adder/_1577_/ZN (NAND2_X1)
     1    1.73                           fp_adder/adder/adder/_0680_ (net)
                  0.01    0.00    1.26 ^ fp_adder/adder/adder/_1578_/A2 (AND2_X2)
                  0.01    0.03    1.29 ^ fp_adder/adder/adder/_1578_/ZN (AND2_X2)
     2    3.20                           fp_adder/adder/adder/_0681_ (net)
                  0.01    0.00    1.29 ^ fp_adder/adder/adder/_1579_/A1 (NAND2_X1)
                  0.01    0.02    1.30 v fp_adder/adder/adder/_1579_/ZN (NAND2_X1)
     2    3.09                           fp_adder/adder/adder/_0682_ (net)
                  0.01    0.00    1.30 v fp_adder/adder/adder/_1593_/A1 (NAND3_X1)
                  0.01    0.02    1.32 ^ fp_adder/adder/adder/_1593_/ZN (NAND3_X1)
     1    1.60                           fp_adder/adder/adder/_0696_ (net)
                  0.01    0.00    1.32 ^ fp_adder/adder/adder/_1601_/A1 (NAND2_X1)
                  0.01    0.01    1.33 v fp_adder/adder/adder/_1601_/ZN (NAND2_X1)
     1    1.55                           fp_adder/adder/adder/_0704_ (net)
                  0.01    0.00    1.33 v fp_adder/adder/adder/_1602_/A (INV_X1)
                  0.01    0.02    1.35 ^ fp_adder/adder/adder/_1602_/ZN (INV_X1)
     2    3.21                           fp_adder/adder/adder/_0705_ (net)
                  0.01    0.00    1.35 ^ fp_adder/adder/adder/_1629_/A1 (NAND3_X1)
                  0.01    0.02    1.36 v fp_adder/adder/adder/_1629_/ZN (NAND3_X1)
     1    1.41                           fp_adder/adder/adder/_0732_ (net)
                  0.01    0.00    1.36 v fp_adder/adder/adder/_1641_/A1 (NOR2_X1)
                  0.02    0.02    1.39 ^ fp_adder/adder/adder/_1641_/ZN (NOR2_X1)
     1    1.66                           fp_adder/adder/adder/_0744_ (net)
                  0.02    0.00    1.39 ^ fp_adder/adder/adder/_1642_/A2 (NAND2_X1)
                  0.01    0.01    1.40 v fp_adder/adder/adder/_1642_/ZN (NAND2_X1)
     1    1.53                           fp_adder/adder/adder/_0745_ (net)
                  0.01    0.00    1.40 v fp_adder/adder/adder/_1649_/A1 (NAND2_X1)
                  0.01    0.01    1.42 ^ fp_adder/adder/adder/_1649_/ZN (NAND2_X1)
     1    1.60                           fp_adder/adder/adder/_0752_ (net)
                  0.01    0.00    1.42 ^ fp_adder/adder/adder/_1669_/A1 (NAND2_X1)
                  0.01    0.01    1.43 v fp_adder/adder/adder/_1669_/ZN (NAND2_X1)
     2    2.44                           fp_adder/adder/adder/_0772_ (net)
                  0.01    0.00    1.43 v fp_adder/adder/adder/_1681_/A1 (NAND3_X1)
                  0.02    0.02    1.45 ^ fp_adder/adder/adder/_1681_/ZN (NAND3_X1)
     3    4.71                           fp_adder/adder/adder/_0784_ (net)
                  0.02    0.00    1.45 ^ fp_adder/adder/adder/_1867_/A1 (NAND4_X1)
                  0.03    0.03    1.49 v fp_adder/adder/adder/_1867_/ZN (NAND4_X1)
     1    2.93                           fp_adder/adder/adder/_0970_ (net)
                  0.03    0.00    1.49 v fp_adder/adder/adder/_1868_/A1 (NAND2_X2)
                  0.02    0.03    1.51 ^ fp_adder/adder/adder/_1868_/ZN (NAND2_X2)
     3    6.88                           fp_adder/adder/adder/_0971_ (net)
                  0.02    0.00    1.51 ^ fp_adder/adder/adder/_1948_/A1 (NAND2_X2)
                  0.01    0.02    1.53 v fp_adder/adder/adder/_1948_/ZN (NAND2_X2)
     1    5.70                           fp_adder/adder/adder/_1051_ (net)
                  0.01    0.00    1.53 v fp_adder/adder/adder/_1960_/A1 (NAND2_X4)
                  0.01    0.02    1.55 ^ fp_adder/adder/adder/_1960_/ZN (NAND2_X4)
     4    9.45                           fp_adder/adder/adder/_1063_ (net)
                  0.01    0.00    1.55 ^ fp_adder/adder/adder/_2053_/A1 (NAND2_X2)
                  0.01    0.02    1.56 v fp_adder/adder/adder/_2053_/ZN (NAND2_X2)
     1    5.70                           fp_adder/adder/adder/_0047_ (net)
                  0.01    0.00    1.56 v fp_adder/adder/adder/_2074_/A1 (NAND2_X4)
                  0.01    0.02    1.58 ^ fp_adder/adder/adder/_2074_/ZN (NAND2_X4)
     5   14.41                           fp_adder/adder/adder/_0070_ (net)
                  0.01    0.00    1.58 ^ fp_adder/adder/adder/_2234_/A1 (NAND2_X4)
                  0.01    0.01    1.60 v fp_adder/adder/adder/_2234_/ZN (NAND2_X4)
     1    5.70                           fp_adder/adder/adder/_0225_ (net)
                  0.01    0.00    1.60 v fp_adder/adder/adder/_2236_/A1 (NAND2_X4)
                  0.01    0.02    1.61 ^ fp_adder/adder/adder/_2236_/ZN (NAND2_X4)
     3    9.83                           fp_adder/adder/adder/_0228_ (net)
                  0.01    0.00    1.61 ^ fp_adder/adder/adder/_2241_/A1 (NAND2_X4)
                  0.01    0.01    1.62 v fp_adder/adder/adder/_2241_/ZN (NAND2_X4)
     1    5.70                           fp_adder/adder/adder/_0231_ (net)
                  0.01    0.00    1.62 v fp_adder/adder/adder/_2242_/A1 (NAND2_X4)
                  0.01    0.02    1.64 ^ fp_adder/adder/adder/_2242_/ZN (NAND2_X4)
     2    8.19                           fp_adder/adder/adder/_0232_ (net)
                  0.01    0.00    1.64 ^ fp_adder/adder/adder/_2245_/A1 (NAND2_X4)
                  0.01    0.01    1.65 v fp_adder/adder/adder/_2245_/ZN (NAND2_X4)
     2    3.09                           fp_adder/adder/adder/_0234_ (net)
                  0.01    0.00    1.65 v fp_adder/adder/adder/_2249_/A1 (NAND3_X1)
                  0.01    0.01    1.66 ^ fp_adder/adder/adder/_2249_/ZN (NAND3_X1)
     1    1.66                           fp_adder/adder/adder/_0239_ (net)
                  0.01    0.00    1.66 ^ fp_adder/adder/adder/_2250_/A2 (NAND2_X1)
                  0.03    0.04    1.70 v fp_adder/adder/adder/_2250_/ZN (NAND2_X1)
     6   12.19                           fp_adder/adder/mant_prenorm_d[43] (net)
                  0.03    0.00    1.70 v fp_adder/adder/norm/LOD/_169_/A2 (NOR2_X2)
                  0.02    0.04    1.74 ^ fp_adder/adder/norm/LOD/_169_/ZN (NOR2_X2)
     2    5.12                           fp_adder/adder/norm/LOD/_125_ (net)
                  0.02    0.00    1.74 ^ fp_adder/adder/norm/LOD/_170_/A2 (NAND2_X2)
                  0.01    0.02    1.76 v fp_adder/adder/norm/LOD/_170_/ZN (NAND2_X2)
     2    7.89                           fp_adder/adder/norm/LOD/_126_ (net)
                  0.01    0.00    1.76 v fp_adder/adder/norm/LOD/_171_/A2 (NOR2_X4)
                  0.02    0.04    1.80 ^ fp_adder/adder/norm/LOD/_171_/ZN (NOR2_X4)
     5   12.59                           fp_adder/adder/norm/LOD/_127_ (net)
                  0.02    0.00    1.80 ^ fp_adder/adder/norm/LOD/_191_/A1 (NAND2_X4)
                  0.01    0.02    1.82 v fp_adder/adder/norm/LOD/_191_/ZN (NAND2_X4)
     6   14.93                           fp_adder/adder/norm/LOD/_147_ (net)
                  0.01    0.00    1.82 v fp_adder/adder/norm/LOD/_273_/A (INV_X4)
                  0.01    0.02    1.83 ^ fp_adder/adder/norm/LOD/_273_/ZN (INV_X4)
     2    7.87                           fp_adder/adder/norm/LOD/_071_ (net)
                  0.01    0.00    1.83 ^ fp_adder/adder/norm/LOD/_274_/A2 (NAND2_X4)
                  0.01    0.02    1.85 v fp_adder/adder/norm/LOD/_274_/ZN (NAND2_X4)
     4   10.89                           fp_adder/adder/norm/LOD/_072_ (net)
                  0.01    0.00    1.85 v fp_adder/adder/norm/LOD/_317_/A (INV_X1)
                  0.01    0.02    1.87 ^ fp_adder/adder/norm/LOD/_317_/ZN (INV_X1)
     2    2.57                           fp_adder/adder/norm/LOD/_111_ (net)
                  0.01    0.00    1.87 ^ fp_adder/adder/norm/LOD/_319_/B1 (AOI21_X1)
                  0.01    0.02    1.88 v fp_adder/adder/norm/LOD/_319_/ZN (AOI21_X1)
     2    3.05                           fp_adder/adder/norm/Mant_leadingOne_D[3] (net)
                  0.01    0.00    1.88 v fp_adder/adder/norm/_1490_/A (INV_X1)
                  0.01    0.02    1.90 ^ fp_adder/adder/norm/_1490_/ZN (INV_X1)
     2    3.22                           fp_adder/adder/norm/_0134_ (net)
                  0.01    0.00    1.90 ^ fp_adder/adder/norm/_1491_/A1 (NAND2_X1)
                  0.02    0.02    1.92 v fp_adder/adder/norm/_1491_/ZN (NAND2_X1)
     3    5.43                           fp_adder/adder/norm/_0145_ (net)
                  0.02    0.00    1.92 v fp_adder/adder/norm/_1492_/A2 (NAND2_X1)
                  0.02    0.03    1.95 ^ fp_adder/adder/norm/_1492_/ZN (NAND2_X1)
     4    7.31                           fp_adder/adder/norm/_0156_ (net)
                  0.02    0.00    1.95 ^ fp_adder/adder/norm/_1495_/A1 (NOR2_X1)
                  0.01    0.01    1.96 v fp_adder/adder/norm/_1495_/ZN (NOR2_X1)
     1    1.41                           fp_adder/adder/norm/_0189_ (net)
                  0.01    0.00    1.96 v fp_adder/adder/norm/_1497_/A1 (NOR2_X1)
                  0.02    0.02    1.98 ^ fp_adder/adder/norm/_1497_/ZN (NOR2_X1)
     1    1.66                           fp_adder/adder/norm/_0211_ (net)
                  0.02    0.00    1.98 ^ fp_adder/adder/norm/_1498_/A2 (NAND2_X1)
                  0.01    0.02    2.00 v fp_adder/adder/norm/_1498_/ZN (NAND2_X1)
     1    2.93                           fp_adder/adder/norm/_0222_ (net)
                  0.01    0.00    2.00 v fp_adder/adder/norm/_1519_/A1 (NAND2_X2)
                  0.01    0.02    2.02 ^ fp_adder/adder/norm/_1519_/ZN (NAND2_X2)
     2    4.57                           fp_adder/adder/norm/_0453_ (net)
                  0.01    0.00    2.02 ^ fp_adder/adder/norm/_1528_/A1 (NAND2_X2)
                  0.01    0.01    2.03 v fp_adder/adder/norm/_1528_/ZN (NAND2_X2)
     1    2.93                           fp_adder/adder/norm/_0552_ (net)
                  0.01    0.00    2.03 v fp_adder/adder/norm/_1530_/A1 (NAND2_X2)
                  0.01    0.01    2.05 ^ fp_adder/adder/norm/_1530_/ZN (NAND2_X2)
     1    3.05                           fp_adder/adder/norm/_0574_ (net)
                  0.01    0.00    2.05 ^ fp_adder/adder/norm/_1532_/A1 (NAND2_X2)
                  0.01    0.01    2.06 v fp_adder/adder/norm/_1532_/ZN (NAND2_X2)
     1    5.70                           fp_adder/adder/norm/_0596_ (net)
                  0.01    0.00    2.06 v fp_adder/adder/norm/_1534_/A1 (NAND2_X4)
                  0.01    0.02    2.08 ^ fp_adder/adder/norm/_1534_/ZN (NAND2_X4)
     4   10.73                           fp_adder/adder/norm/_0609_ (net)
                  0.01    0.00    2.08 ^ fp_adder/adder/norm/_1536_/A1 (NAND2_X4)
                  0.01    0.02    2.10 v fp_adder/adder/norm/_1536_/ZN (NAND2_X4)
    10   21.30                           fp_adder/adder/norm/_0622_ (net)
                  0.01    0.00    2.10 v fp_adder/adder/norm/_1574_/B2 (OAI21_X1)
                  0.87    0.96    3.06 ^ fp_adder/adder/norm/_1574_/ZN (OAI21_X1)
    96  184.90                           fp_adder/adder/norm/_0670_ (net)
                  0.87    0.00    3.06 ^ fp_adder/adder/norm/_1577_/A (INV_X1)
                  0.48    0.83    3.89 v fp_adder/adder/norm/_1577_/ZN (INV_X1)
    94  151.30                           fp_adder/adder/norm/_0673_ (net)
                  0.48    0.00    3.89 v fp_adder/adder/norm/_1783_/A (OAI21_X1)
                  0.10    0.14    4.03 ^ fp_adder/adder/norm/_1783_/ZN (OAI21_X1)
     2    3.18                           fp_adder/adder/norm/_0879_ (net)
                  0.10    0.00    4.03 ^ fp_adder/adder/norm/_1787_/A1 (NAND3_X1)
                  0.11    0.04    4.06 v fp_adder/adder/norm/_1787_/ZN (NAND3_X1)
     2    2.94                           fp_adder/adder/norm/_0883_ (net)
                  0.11    0.00    4.06 v fp_adder/adder/norm/_1789_/A1 (NOR2_X1)
                  0.04    0.06    4.12 ^ fp_adder/adder/norm/_1789_/ZN (NOR2_X1)
     1    1.70                           fp_adder/adder/norm/_0885_ (net)
                  0.04    0.00    4.12 ^ fp_adder/adder/norm/_1790_/A (INV_X1)
                  0.01    0.01    4.13 v fp_adder/adder/norm/_1790_/ZN (INV_X1)
     2    2.94                           fp_adder/adder/norm/_0886_ (net)
                  0.01    0.00    4.13 v fp_adder/adder/norm/_2278_/A1 (NAND2_X1)
                  0.04    0.02    4.15 ^ fp_adder/adder/norm/_2278_/ZN (NAND2_X1)
     2    3.33                           fp_adder/adder/norm/_1374_ (net)
                  0.04    0.00    4.15 ^ fp_adder/adder/norm/_2279_/B2 (AOI21_X1)
                  0.01    0.02    4.17 v fp_adder/adder/norm/_2279_/ZN (AOI21_X1)
     1    1.59                           fp_adder/adder/norm/_1375_ (net)
                  0.01    0.00    4.17 v fp_adder/adder/norm/_2280_/A2 (OR2_X2)
                  0.01    0.05    4.22 v fp_adder/adder/norm/_2280_/ZN (OR2_X2)
     1    3.18                           fp_adder/adder/norm/_1376_ (net)
                  0.01    0.00    4.22 v fp_adder/adder/norm/_2281_/A2 (NOR2_X2)
                  0.02    0.04    4.26 ^ fp_adder/adder/norm/_2281_/ZN (NOR2_X2)
     4    7.48                           fp_adder/adder/norm/_1377_ (net)
                  0.02    0.00    4.26 ^ fp_adder/adder/norm/_2299_/A1 (NAND2_X1)
                  0.02    0.03    4.29 v fp_adder/adder/norm/_2299_/ZN (NAND2_X1)
     1    5.59                           fp_adder/adder/norm/_1395_ (net)
                  0.02    0.00    4.29 v fp_adder/adder/norm/_2332_/A1 (NOR2_X4)
                  0.02    0.03    4.31 ^ fp_adder/adder/norm/_2332_/ZN (NOR2_X4)
     2    7.82                           fp_adder/adder/norm/_1428_ (net)
                  0.02    0.00    4.31 ^ fp_adder/adder/norm/_2333_/A2 (NAND2_X4)
                  0.01    0.02    4.33 v fp_adder/adder/norm/_2333_/ZN (NAND2_X4)
     2    8.46                           fp_adder/adder/norm/_1429_ (net)
                  0.01    0.00    4.33 v fp_adder/adder/norm/_2334_/A2 (NOR2_X4)
                  0.03    0.04    4.37 ^ fp_adder/adder/norm/_2334_/ZN (NOR2_X4)
     7   15.94                           fp_adder/adder/norm/_1430_ (net)
                  0.03    0.00    4.37 ^ fp_adder/adder/norm/_2416_/A1 (NAND4_X4)
                  0.02    0.03    4.40 v fp_adder/adder/norm/_2416_/ZN (NAND4_X4)
     1    5.70                           fp_adder/adder/norm/_0040_ (net)
                  0.02    0.00    4.40 v fp_adder/adder/norm/_2417_/A1 (NAND2_X4)
                  0.01    0.02    4.42 ^ fp_adder/adder/norm/_2417_/ZN (NAND2_X4)
     3    6.93                           fp_adder/adder/norm/_0041_ (net)
                  0.01    0.00    4.42 ^ fp_adder/adder/norm/_2427_/A1 (NAND2_X2)
                  0.01    0.02    4.43 v fp_adder/adder/norm/_2427_/ZN (NAND2_X2)
     1    5.70                           fp_adder/adder/norm/_0050_ (net)
                  0.01    0.00    4.43 v fp_adder/adder/norm/_2430_/A1 (NAND2_X4)
                  0.01    0.02    4.45 ^ fp_adder/adder/norm/_2430_/ZN (NAND2_X4)
     3    9.83                           fp_adder/adder/norm/_0054_ (net)
                  0.01    0.00    4.45 ^ fp_adder/adder/norm/_2442_/A1 (NAND2_X4)
                  0.01    0.01    4.46 v fp_adder/adder/norm/_2442_/ZN (NAND2_X4)
     1    5.70                           fp_adder/adder/norm/_0065_ (net)
                  0.01    0.00    4.46 v fp_adder/adder/norm/_2445_/A1 (NAND2_X4)
                  0.01    0.01    4.48 ^ fp_adder/adder/norm/_2445_/ZN (NAND2_X4)
     2    5.29                           fp_adder/adder/norm/_0068_ (net)
                  0.01    0.00    4.48 ^ fp_adder/adder/norm/_2451_/A1 (NAND2_X2)
                  0.01    0.01    4.49 v fp_adder/adder/norm/_2451_/ZN (NAND2_X2)
     2    4.49                           fp_adder/adder/norm/_0074_ (net)
                  0.01    0.00    4.49 v fp_adder/adder/norm/_2452_/A1 (NAND2_X2)
                  0.01    0.01    4.50 ^ fp_adder/adder/norm/_2452_/ZN (NAND2_X2)
     1    3.05                           fp_adder/adder/norm/_0075_ (net)
                  0.01    0.00    4.50 ^ fp_adder/adder/norm/_2455_/A1 (NAND2_X2)
                  0.01    0.01    4.52 v fp_adder/adder/norm/_2455_/ZN (NAND2_X2)
     1    2.93                           fp_adder/adder/norm/_0078_ (net)
                  0.01    0.00    4.52 v fp_adder/adder/norm/_2457_/A1 (NAND2_X2)
                  0.01    0.01    4.53 ^ fp_adder/adder/norm/_2457_/ZN (NAND2_X2)
     2    2.62                           result_int_d[30] (net)
                  0.01    0.00    4.53 ^ _435_/A4 (NAND4_X1)
                  0.03    0.03    4.56 v _435_/ZN (NAND4_X1)
     1    1.50                           _146_ (net)
                  0.03    0.00    4.56 v _436_/A2 (NAND2_X1)
                  0.01    0.02    4.58 ^ _436_/ZN (NAND2_X1)
     1    1.13                           _030_ (net)
                  0.01    0.00    4.58 ^ _475_/D (DFFR_X1)
                                  4.58   data arrival time

                  0.00    3.00    3.00   clock clk_i (rise edge)
                          0.00    3.00   clock network delay (ideal)
                          0.00    3.00   clock reconvergence pessimism
                                  3.00 ^ _475_/CK (DFFR_X1)
                         -0.03    2.97   library setup time
                                  2.97   data required time
-----------------------------------------------------------------------------
                                  2.97   data required time
                                 -4.58   data arrival time
-----------------------------------------------------------------------------
                                 -1.62   slack (VIOLATED)



==========================================================================
floorplan final report_checks -unconstrained
--------------------------------------------------------------------------
Startpoint: rst_ni (input port clocked by clk_i)
Endpoint: _445_ (recovery check against rising-edge clock clk_i)
Path Group: asynchronous
Path Type: max

Fanout     Cap    Slew   Delay    Time   Description
-----------------------------------------------------------------------------
                  0.00    0.00    0.00   clock clk_i (rise edge)
                          0.00    0.00   clock network delay (ideal)
                          0.30    0.30 ^ input external delay
                  0.00    0.00    0.30 ^ rst_ni (in)
   102  181.41                           rst_ni (net)
                  0.00    0.00    0.30 ^ _445_/RN (DFFR_X1)
                                  0.30   data arrival time

                  0.00    3.00    3.00   clock clk_i (rise edge)
                          0.00    3.00   clock network delay (ideal)
                          0.00    3.00   clock reconvergence pessimism
                                  3.00 ^ _445_/CK (DFFR_X1)
                          0.05    3.05   library recovery time
                                  3.05   data required time
-----------------------------------------------------------------------------
                                  3.05   data required time
                                 -0.30   data arrival time
-----------------------------------------------------------------------------
                                  2.75   slack (MET)


Startpoint: lut/_233_ (negative level-sensitive latch clocked by clk_i)
Endpoint: lut/_128_ (rising clock gating-check end-point clocked by clk_i)
Path Group: gated clock
Path Type: max

Fanout     Cap    Slew   Delay    Time   Description
-----------------------------------------------------------------------------
                  0.00    1.50    1.50   clock clk_i (fall edge)
                          0.00    1.50   clock network delay (ideal)
                  0.00    0.00    1.50 v lut/_233_/GN (DLL_X1)
                  0.01    0.07    1.57 v lut/_233_/Q (DLL_X1)
     1    1.50                           lut/cg_we_global.en_latch (net)
                  0.01    0.00    1.57 v lut/_128_/A2 (NAND2_X1)
                                  1.57   data arrival time

                  0.00    3.00    3.00   clock clk_i (rise edge)
                          0.00    3.00   clock network delay (ideal)
                          0.00    3.00   clock reconvergence pessimism
                                  3.00 ^ lut/_128_/A1 (NAND2_X1)
                          0.00    3.00   clock gating setup time
                                  3.00   data required time
-----------------------------------------------------------------------------
                                  3.00   data required time
                                 -1.57   data arrival time
-----------------------------------------------------------------------------
                                  1.43   slack (MET)


Startpoint: _485_ (rising edge-triggered flip-flop clocked by clk_i)
Endpoint: _475_ (rising edge-triggered flip-flop clocked by clk_i)
Path Group: clk_i
Path Type: max

Fanout     Cap    Slew   Delay    Time   Description
-----------------------------------------------------------------------------
                  0.00    0.00    0.00   clock clk_i (rise edge)
                          0.00    0.00   clock network delay (ideal)
                  0.00    0.00    0.00 ^ _485_/CK (DFFR_X1)
                  0.03    0.13    0.13 ^ _485_/Q (DFFR_X1)
     5   13.28                           rdata_o_q[8] (net)
                  0.03    0.00    0.13 ^ fp_adder/converter/_175_/B2 (OAI21_X1)
                  0.02    0.03    0.16 v fp_adder/converter/_175_/ZN (OAI21_X1)
     1    5.77                           fp_adder/converter/_107_ (net)
                  0.02    0.00    0.16 v fp_adder/converter/_185_/A (AOI21_X4)
                  0.05    0.08    0.24 ^ fp_adder/converter/_185_/ZN (AOI21_X4)
    11   31.84                           fp_adder/converter/_117_ (net)
                  0.05    0.00    0.24 ^ fp_adder/converter/_193_/A1 (NAND2_X4)
                  0.03    0.05    0.29 v fp_adder/converter/_193_/ZN (NAND2_X4)
    14   49.31                           fp_adder/converter/_125_ (net)
                  0.03    0.00    0.29 v fp_adder/converter/_326_/B2 (OAI21_X1)
                  0.05    0.07    0.36 ^ fp_adder/converter/_326_/ZN (OAI21_X1)
     4    8.41                           fp_adder/operand_fp16_fp32[23] (net)
                  0.05    0.00    0.36 ^ fp_adder/adder/adder/_1257_/A2 (NOR2_X2)
                  0.02    0.02    0.38 v fp_adder/adder/adder/_1257_/ZN (NOR2_X2)
     3    6.62                           fp_adder/adder/adder/_0369_ (net)
                  0.02    0.00    0.38 v fp_adder/adder/adder/_1258_/A (INV_X1)
                  0.01    0.02    0.40 ^ fp_adder/adder/adder/_1258_/ZN (INV_X1)
     1    1.60                           fp_adder/adder/adder/_0370_ (net)
                  0.01    0.00    0.40 ^ fp_adder/adder/adder/_1260_/A1 (NAND2_X1)
                  0.17    0.21    0.60 v fp_adder/adder/adder/_1260_/ZN (NAND2_X1)
    56   95.20                           fp_adder/adder/adder/_0372_ (net)
                  0.17    0.00    0.60 v fp_adder/adder/adder/_1261_/A2 (NOR2_X2)
                  0.04    0.08    0.69 ^ fp_adder/adder/adder/_1261_/ZN (NOR2_X2)
     2    6.40                           fp_adder/adder/adder/_0373_ (net)
                  0.04    0.00    0.69 ^ fp_adder/adder/adder/_1273_/A1 (NAND2_X2)
                  0.02    0.02    0.71 v fp_adder/adder/adder/_1273_/ZN (NAND2_X2)
     1    5.59                           fp_adder/adder/adder/_0385_ (net)
                  0.02    0.00    0.71 v fp_adder/adder/adder/_1292_/A1 (NOR2_X4)
                  0.01    0.02    0.73 ^ fp_adder/adder/adder/_1292_/ZN (NOR2_X4)
     2    4.92                           fp_adder/adder/adder/_0404_ (net)
                  0.01    0.00    0.73 ^ fp_adder/adder/adder/_1312_/A (INV_X2)
                  0.01    0.01    0.74 v fp_adder/adder/adder/_1312_/ZN (INV_X2)
     2    7.14                           fp_adder/adder/adder/_0424_ (net)
                  0.01    0.00    0.74 v fp_adder/adder/adder/_1313_/A2 (NAND2_X4)
                  0.11    0.13    0.87 ^ fp_adder/adder/adder/_1313_/ZN (NAND2_X4)
   106  188.40                           fp_adder/adder/adder/_0425_ (net)
                  0.11    0.00    0.87 ^ fp_adder/adder/adder/_1334_/A (INV_X8)
                  0.03    0.02    0.89 v fp_adder/adder/adder/_1334_/ZN (INV_X8)
    19   31.97                           fp_adder/adder/adder/_0440_ (net)
                  0.03    0.00    0.89 v fp_adder/adder/adder/_1375_/A1 (NAND2_X1)
                  0.01    0.03    0.91 ^ fp_adder/adder/adder/_1375_/ZN (NAND2_X1)
     1    3.05                           fp_adder/adder/adder/_0478_ (net)
                  0.01    0.00    0.91 ^ fp_adder/adder/adder/_1380_/A1 (NAND2_X2)
                  0.03    0.05    0.96 v fp_adder/adder/adder/_1380_/ZN (NAND2_X2)
    22   34.49                           fp_adder/adder/adder/_0483_ (net)
                  0.03    0.00    0.96 v fp_adder/adder/adder/_1381_/A (INV_X2)
                  0.07    0.09    1.05 ^ fp_adder/adder/adder/_1381_/ZN (INV_X2)
    30   57.75                           fp_adder/adder/adder/_0484_ (net)
                  0.07    0.00    1.05 ^ fp_adder/adder/adder/_1382_/A3 (NAND3_X2)
                  0.02    0.03    1.08 v fp_adder/adder/adder/_1382_/ZN (NAND3_X2)
     4    6.16                           fp_adder/adder/adder/_0485_ (net)
                  0.02    0.00    1.08 v fp_adder/adder/adder/_1416_/A1 (NAND3_X1)
                  0.02    0.03    1.11 ^ fp_adder/adder/adder/_1416_/ZN (NAND3_X1)
     2    5.15                           fp_adder/adder/adder/_0519_ (net)
                  0.02    0.00    1.11 ^ fp_adder/adder/adder/_1417_/A2 (NAND2_X2)
                  0.05    0.07    1.18 v fp_adder/adder/adder/_1417_/ZN (NAND2_X2)
    31   53.26                           fp_adder/adder/adder/_0520_ (net)
                  0.05    0.00    1.18 v fp_adder/adder/adder/_1564_/A1 (NAND2_X1)
                  0.02    0.03    1.22 ^ fp_adder/adder/adder/_1564_/ZN (NAND2_X1)
     2    3.20                           fp_adder/adder/adder/_0667_ (net)
                  0.02    0.00    1.22 ^ fp_adder/adder/adder/_1576_/A1 (NAND2_X1)
                  0.02    0.01    1.23 v fp_adder/adder/adder/_1576_/ZN (NAND2_X1)
     1    1.50                           fp_adder/adder/adder/_0679_ (net)
                  0.02    0.00    1.23 v fp_adder/adder/adder/_1577_/A2 (NAND2_X1)
                  0.01    0.02    1.26 ^ fp_adder/adder/adder/_1577_/ZN (NAND2_X1)
     1    1.73                           fp_adder/adder/adder/_0680_ (net)
                  0.01    0.00    1.26 ^ fp_adder/adder/adder/_1578_/A2 (AND2_X2)
                  0.01    0.03    1.29 ^ fp_adder/adder/adder/_1578_/ZN (AND2_X2)
     2    3.20                           fp_adder/adder/adder/_0681_ (net)
                  0.01    0.00    1.29 ^ fp_adder/adder/adder/_1579_/A1 (NAND2_X1)
                  0.01    0.02    1.30 v fp_adder/adder/adder/_1579_/ZN (NAND2_X1)
     2    3.09                           fp_adder/adder/adder/_0682_ (net)
                  0.01    0.00    1.30 v fp_adder/adder/adder/_1593_/A1 (NAND3_X1)
                  0.01    0.02    1.32 ^ fp_adder/adder/adder/_1593_/ZN (NAND3_X1)
     1    1.60                           fp_adder/adder/adder/_0696_ (net)
                  0.01    0.00    1.32 ^ fp_adder/adder/adder/_1601_/A1 (NAND2_X1)
                  0.01    0.01    1.33 v fp_adder/adder/adder/_1601_/ZN (NAND2_X1)
     1    1.55                           fp_adder/adder/adder/_0704_ (net)
                  0.01    0.00    1.33 v fp_adder/adder/adder/_1602_/A (INV_X1)
                  0.01    0.02    1.35 ^ fp_adder/adder/adder/_1602_/ZN (INV_X1)
     2    3.21                           fp_adder/adder/adder/_0705_ (net)
                  0.01    0.00    1.35 ^ fp_adder/adder/adder/_1629_/A1 (NAND3_X1)
                  0.01    0.02    1.36 v fp_adder/adder/adder/_1629_/ZN (NAND3_X1)
     1    1.41                           fp_adder/adder/adder/_0732_ (net)
                  0.01    0.00    1.36 v fp_adder/adder/adder/_1641_/A1 (NOR2_X1)
                  0.02    0.02    1.39 ^ fp_adder/adder/adder/_1641_/ZN (NOR2_X1)
     1    1.66                           fp_adder/adder/adder/_0744_ (net)
                  0.02    0.00    1.39 ^ fp_adder/adder/adder/_1642_/A2 (NAND2_X1)
                  0.01    0.01    1.40 v fp_adder/adder/adder/_1642_/ZN (NAND2_X1)
     1    1.53                           fp_adder/adder/adder/_0745_ (net)
                  0.01    0.00    1.40 v fp_adder/adder/adder/_1649_/A1 (NAND2_X1)
                  0.01    0.01    1.42 ^ fp_adder/adder/adder/_1649_/ZN (NAND2_X1)
     1    1.60                           fp_adder/adder/adder/_0752_ (net)
                  0.01    0.00    1.42 ^ fp_adder/adder/adder/_1669_/A1 (NAND2_X1)
                  0.01    0.01    1.43 v fp_adder/adder/adder/_1669_/ZN (NAND2_X1)
     2    2.44                           fp_adder/adder/adder/_0772_ (net)
                  0.01    0.00    1.43 v fp_adder/adder/adder/_1681_/A1 (NAND3_X1)
                  0.02    0.02    1.45 ^ fp_adder/adder/adder/_1681_/ZN (NAND3_X1)
     3    4.71                           fp_adder/adder/adder/_0784_ (net)
                  0.02    0.00    1.45 ^ fp_adder/adder/adder/_1867_/A1 (NAND4_X1)
                  0.03    0.03    1.49 v fp_adder/adder/adder/_1867_/ZN (NAND4_X1)
     1    2.93                           fp_adder/adder/adder/_0970_ (net)
                  0.03    0.00    1.49 v fp_adder/adder/adder/_1868_/A1 (NAND2_X2)
                  0.02    0.03    1.51 ^ fp_adder/adder/adder/_1868_/ZN (NAND2_X2)
     3    6.88                           fp_adder/adder/adder/_0971_ (net)
                  0.02    0.00    1.51 ^ fp_adder/adder/adder/_1948_/A1 (NAND2_X2)
                  0.01    0.02    1.53 v fp_adder/adder/adder/_1948_/ZN (NAND2_X2)
     1    5.70                           fp_adder/adder/adder/_1051_ (net)
                  0.01    0.00    1.53 v fp_adder/adder/adder/_1960_/A1 (NAND2_X4)
                  0.01    0.02    1.55 ^ fp_adder/adder/adder/_1960_/ZN (NAND2_X4)
     4    9.45                           fp_adder/adder/adder/_1063_ (net)
                  0.01    0.00    1.55 ^ fp_adder/adder/adder/_2053_/A1 (NAND2_X2)
                  0.01    0.02    1.56 v fp_adder/adder/adder/_2053_/ZN (NAND2_X2)
     1    5.70                           fp_adder/adder/adder/_0047_ (net)
                  0.01    0.00    1.56 v fp_adder/adder/adder/_2074_/A1 (NAND2_X4)
                  0.01    0.02    1.58 ^ fp_adder/adder/adder/_2074_/ZN (NAND2_X4)
     5   14.41                           fp_adder/adder/adder/_0070_ (net)
                  0.01    0.00    1.58 ^ fp_adder/adder/adder/_2234_/A1 (NAND2_X4)
                  0.01    0.01    1.60 v fp_adder/adder/adder/_2234_/ZN (NAND2_X4)
     1    5.70                           fp_adder/adder/adder/_0225_ (net)
                  0.01    0.00    1.60 v fp_adder/adder/adder/_2236_/A1 (NAND2_X4)
                  0.01    0.02    1.61 ^ fp_adder/adder/adder/_2236_/ZN (NAND2_X4)
     3    9.83                           fp_adder/adder/adder/_0228_ (net)
                  0.01    0.00    1.61 ^ fp_adder/adder/adder/_2241_/A1 (NAND2_X4)
                  0.01    0.01    1.62 v fp_adder/adder/adder/_2241_/ZN (NAND2_X4)
     1    5.70                           fp_adder/adder/adder/_0231_ (net)
                  0.01    0.00    1.62 v fp_adder/adder/adder/_2242_/A1 (NAND2_X4)
                  0.01    0.02    1.64 ^ fp_adder/adder/adder/_2242_/ZN (NAND2_X4)
     2    8.19                           fp_adder/adder/adder/_0232_ (net)
                  0.01    0.00    1.64 ^ fp_adder/adder/adder/_2245_/A1 (NAND2_X4)
                  0.01    0.01    1.65 v fp_adder/adder/adder/_2245_/ZN (NAND2_X4)
     2    3.09                           fp_adder/adder/adder/_0234_ (net)
                  0.01    0.00    1.65 v fp_adder/adder/adder/_2249_/A1 (NAND3_X1)
                  0.01    0.01    1.66 ^ fp_adder/adder/adder/_2249_/ZN (NAND3_X1)
     1    1.66                           fp_adder/adder/adder/_0239_ (net)
                  0.01    0.00    1.66 ^ fp_adder/adder/adder/_2250_/A2 (NAND2_X1)
                  0.03    0.04    1.70 v fp_adder/adder/adder/_2250_/ZN (NAND2_X1)
     6   12.19                           fp_adder/adder/mant_prenorm_d[43] (net)
                  0.03    0.00    1.70 v fp_adder/adder/norm/LOD/_169_/A2 (NOR2_X2)
                  0.02    0.04    1.74 ^ fp_adder/adder/norm/LOD/_169_/ZN (NOR2_X2)
     2    5.12                           fp_adder/adder/norm/LOD/_125_ (net)
                  0.02    0.00    1.74 ^ fp_adder/adder/norm/LOD/_170_/A2 (NAND2_X2)
                  0.01    0.02    1.76 v fp_adder/adder/norm/LOD/_170_/ZN (NAND2_X2)
     2    7.89                           fp_adder/adder/norm/LOD/_126_ (net)
                  0.01    0.00    1.76 v fp_adder/adder/norm/LOD/_171_/A2 (NOR2_X4)
                  0.02    0.04    1.80 ^ fp_adder/adder/norm/LOD/_171_/ZN (NOR2_X4)
     5   12.59                           fp_adder/adder/norm/LOD/_127_ (net)
                  0.02    0.00    1.80 ^ fp_adder/adder/norm/LOD/_191_/A1 (NAND2_X4)
                  0.01    0.02    1.82 v fp_adder/adder/norm/LOD/_191_/ZN (NAND2_X4)
     6   14.93                           fp_adder/adder/norm/LOD/_147_ (net)
                  0.01    0.00    1.82 v fp_adder/adder/norm/LOD/_273_/A (INV_X4)
                  0.01    0.02    1.83 ^ fp_adder/adder/norm/LOD/_273_/ZN (INV_X4)
     2    7.87                           fp_adder/adder/norm/LOD/_071_ (net)
                  0.01    0.00    1.83 ^ fp_adder/adder/norm/LOD/_274_/A2 (NAND2_X4)
                  0.01    0.02    1.85 v fp_adder/adder/norm/LOD/_274_/ZN (NAND2_X4)
     4   10.89                           fp_adder/adder/norm/LOD/_072_ (net)
                  0.01    0.00    1.85 v fp_adder/adder/norm/LOD/_317_/A (INV_X1)
                  0.01    0.02    1.87 ^ fp_adder/adder/norm/LOD/_317_/ZN (INV_X1)
     2    2.57                           fp_adder/adder/norm/LOD/_111_ (net)
                  0.01    0.00    1.87 ^ fp_adder/adder/norm/LOD/_319_/B1 (AOI21_X1)
                  0.01    0.02    1.88 v fp_adder/adder/norm/LOD/_319_/ZN (AOI21_X1)
     2    3.05                           fp_adder/adder/norm/Mant_leadingOne_D[3] (net)
                  0.01    0.00    1.88 v fp_adder/adder/norm/_1490_/A (INV_X1)
                  0.01    0.02    1.90 ^ fp_adder/adder/norm/_1490_/ZN (INV_X1)
     2    3.22                           fp_adder/adder/norm/_0134_ (net)
                  0.01    0.00    1.90 ^ fp_adder/adder/norm/_1491_/A1 (NAND2_X1)
                  0.02    0.02    1.92 v fp_adder/adder/norm/_1491_/ZN (NAND2_X1)
     3    5.43                           fp_adder/adder/norm/_0145_ (net)
                  0.02    0.00    1.92 v fp_adder/adder/norm/_1492_/A2 (NAND2_X1)
                  0.02    0.03    1.95 ^ fp_adder/adder/norm/_1492_/ZN (NAND2_X1)
     4    7.31                           fp_adder/adder/norm/_0156_ (net)
                  0.02    0.00    1.95 ^ fp_adder/adder/norm/_1495_/A1 (NOR2_X1)
                  0.01    0.01    1.96 v fp_adder/adder/norm/_1495_/ZN (NOR2_X1)
     1    1.41                           fp_adder/adder/norm/_0189_ (net)
                  0.01    0.00    1.96 v fp_adder/adder/norm/_1497_/A1 (NOR2_X1)
                  0.02    0.02    1.98 ^ fp_adder/adder/norm/_1497_/ZN (NOR2_X1)
     1    1.66                           fp_adder/adder/norm/_0211_ (net)
                  0.02    0.00    1.98 ^ fp_adder/adder/norm/_1498_/A2 (NAND2_X1)
                  0.01    0.02    2.00 v fp_adder/adder/norm/_1498_/ZN (NAND2_X1)
     1    2.93                           fp_adder/adder/norm/_0222_ (net)
                  0.01    0.00    2.00 v fp_adder/adder/norm/_1519_/A1 (NAND2_X2)
                  0.01    0.02    2.02 ^ fp_adder/adder/norm/_1519_/ZN (NAND2_X2)
     2    4.57                           fp_adder/adder/norm/_0453_ (net)
                  0.01    0.00    2.02 ^ fp_adder/adder/norm/_1528_/A1 (NAND2_X2)
                  0.01    0.01    2.03 v fp_adder/adder/norm/_1528_/ZN (NAND2_X2)
     1    2.93                           fp_adder/adder/norm/_0552_ (net)
                  0.01    0.00    2.03 v fp_adder/adder/norm/_1530_/A1 (NAND2_X2)
                  0.01    0.01    2.05 ^ fp_adder/adder/norm/_1530_/ZN (NAND2_X2)
     1    3.05                           fp_adder/adder/norm/_0574_ (net)
                  0.01    0.00    2.05 ^ fp_adder/adder/norm/_1532_/A1 (NAND2_X2)
                  0.01    0.01    2.06 v fp_adder/adder/norm/_1532_/ZN (NAND2_X2)
     1    5.70                           fp_adder/adder/norm/_0596_ (net)
                  0.01    0.00    2.06 v fp_adder/adder/norm/_1534_/A1 (NAND2_X4)
                  0.01    0.02    2.08 ^ fp_adder/adder/norm/_1534_/ZN (NAND2_X4)
     4   10.73                           fp_adder/adder/norm/_0609_ (net)
                  0.01    0.00    2.08 ^ fp_adder/adder/norm/_1536_/A1 (NAND2_X4)
                  0.01    0.02    2.10 v fp_adder/adder/norm/_1536_/ZN (NAND2_X4)
    10   21.30                           fp_adder/adder/norm/_0622_ (net)
                  0.01    0.00    2.10 v fp_adder/adder/norm/_1574_/B2 (OAI21_X1)
                  0.87    0.96    3.06 ^ fp_adder/adder/norm/_1574_/ZN (OAI21_X1)
    96  184.90                           fp_adder/adder/norm/_0670_ (net)
                  0.87    0.00    3.06 ^ fp_adder/adder/norm/_1577_/A (INV_X1)
                  0.48    0.83    3.89 v fp_adder/adder/norm/_1577_/ZN (INV_X1)
    94  151.30                           fp_adder/adder/norm/_0673_ (net)
                  0.48    0.00    3.89 v fp_adder/adder/norm/_1783_/A (OAI21_X1)
                  0.10    0.14    4.03 ^ fp_adder/adder/norm/_1783_/ZN (OAI21_X1)
     2    3.18                           fp_adder/adder/norm/_0879_ (net)
                  0.10    0.00    4.03 ^ fp_adder/adder/norm/_1787_/A1 (NAND3_X1)
                  0.11    0.04    4.06 v fp_adder/adder/norm/_1787_/ZN (NAND3_X1)
     2    2.94                           fp_adder/adder/norm/_0883_ (net)
                  0.11    0.00    4.06 v fp_adder/adder/norm/_1789_/A1 (NOR2_X1)
                  0.04    0.06    4.12 ^ fp_adder/adder/norm/_1789_/ZN (NOR2_X1)
     1    1.70                           fp_adder/adder/norm/_0885_ (net)
                  0.04    0.00    4.12 ^ fp_adder/adder/norm/_1790_/A (INV_X1)
                  0.01    0.01    4.13 v fp_adder/adder/norm/_1790_/ZN (INV_X1)
     2    2.94                           fp_adder/adder/norm/_0886_ (net)
                  0.01    0.00    4.13 v fp_adder/adder/norm/_2278_/A1 (NAND2_X1)
                  0.04    0.02    4.15 ^ fp_adder/adder/norm/_2278_/ZN (NAND2_X1)
     2    3.33                           fp_adder/adder/norm/_1374_ (net)
                  0.04    0.00    4.15 ^ fp_adder/adder/norm/_2279_/B2 (AOI21_X1)
                  0.01    0.02    4.17 v fp_adder/adder/norm/_2279_/ZN (AOI21_X1)
     1    1.59                           fp_adder/adder/norm/_1375_ (net)
                  0.01    0.00    4.17 v fp_adder/adder/norm/_2280_/A2 (OR2_X2)
                  0.01    0.05    4.22 v fp_adder/adder/norm/_2280_/ZN (OR2_X2)
     1    3.18                           fp_adder/adder/norm/_1376_ (net)
                  0.01    0.00    4.22 v fp_adder/adder/norm/_2281_/A2 (NOR2_X2)
                  0.02    0.04    4.26 ^ fp_adder/adder/norm/_2281_/ZN (NOR2_X2)
     4    7.48                           fp_adder/adder/norm/_1377_ (net)
                  0.02    0.00    4.26 ^ fp_adder/adder/norm/_2299_/A1 (NAND2_X1)
                  0.02    0.03    4.29 v fp_adder/adder/norm/_2299_/ZN (NAND2_X1)
     1    5.59                           fp_adder/adder/norm/_1395_ (net)
                  0.02    0.00    4.29 v fp_adder/adder/norm/_2332_/A1 (NOR2_X4)
                  0.02    0.03    4.31 ^ fp_adder/adder/norm/_2332_/ZN (NOR2_X4)
     2    7.82                           fp_adder/adder/norm/_1428_ (net)
                  0.02    0.00    4.31 ^ fp_adder/adder/norm/_2333_/A2 (NAND2_X4)
                  0.01    0.02    4.33 v fp_adder/adder/norm/_2333_/ZN (NAND2_X4)
     2    8.46                           fp_adder/adder/norm/_1429_ (net)
                  0.01    0.00    4.33 v fp_adder/adder/norm/_2334_/A2 (NOR2_X4)
                  0.03    0.04    4.37 ^ fp_adder/adder/norm/_2334_/ZN (NOR2_X4)
     7   15.94                           fp_adder/adder/norm/_1430_ (net)
                  0.03    0.00    4.37 ^ fp_adder/adder/norm/_2416_/A1 (NAND4_X4)
                  0.02    0.03    4.40 v fp_adder/adder/norm/_2416_/ZN (NAND4_X4)
     1    5.70                           fp_adder/adder/norm/_0040_ (net)
                  0.02    0.00    4.40 v fp_adder/adder/norm/_2417_/A1 (NAND2_X4)
                  0.01    0.02    4.42 ^ fp_adder/adder/norm/_2417_/ZN (NAND2_X4)
     3    6.93                           fp_adder/adder/norm/_0041_ (net)
                  0.01    0.00    4.42 ^ fp_adder/adder/norm/_2427_/A1 (NAND2_X2)
                  0.01    0.02    4.43 v fp_adder/adder/norm/_2427_/ZN (NAND2_X2)
     1    5.70                           fp_adder/adder/norm/_0050_ (net)
                  0.01    0.00    4.43 v fp_adder/adder/norm/_2430_/A1 (NAND2_X4)
                  0.01    0.02    4.45 ^ fp_adder/adder/norm/_2430_/ZN (NAND2_X4)
     3    9.83                           fp_adder/adder/norm/_0054_ (net)
                  0.01    0.00    4.45 ^ fp_adder/adder/norm/_2442_/A1 (NAND2_X4)
                  0.01    0.01    4.46 v fp_adder/adder/norm/_2442_/ZN (NAND2_X4)
     1    5.70                           fp_adder/adder/norm/_0065_ (net)
                  0.01    0.00    4.46 v fp_adder/adder/norm/_2445_/A1 (NAND2_X4)
                  0.01    0.01    4.48 ^ fp_adder/adder/norm/_2445_/ZN (NAND2_X4)
     2    5.29                           fp_adder/adder/norm/_0068_ (net)
                  0.01    0.00    4.48 ^ fp_adder/adder/norm/_2451_/A1 (NAND2_X2)
                  0.01    0.01    4.49 v fp_adder/adder/norm/_2451_/ZN (NAND2_X2)
     2    4.49                           fp_adder/adder/norm/_0074_ (net)
                  0.01    0.00    4.49 v fp_adder/adder/norm/_2452_/A1 (NAND2_X2)
                  0.01    0.01    4.50 ^ fp_adder/adder/norm/_2452_/ZN (NAND2_X2)
     1    3.05                           fp_adder/adder/norm/_0075_ (net)
                  0.01    0.00    4.50 ^ fp_adder/adder/norm/_2455_/A1 (NAND2_X2)
                  0.01    0.01    4.52 v fp_adder/adder/norm/_2455_/ZN (NAND2_X2)
     1    2.93                           fp_adder/adder/norm/_0078_ (net)
                  0.01    0.00    4.52 v fp_adder/adder/norm/_2457_/A1 (NAND2_X2)
                  0.01    0.01    4.53 ^ fp_adder/adder/norm/_2457_/ZN (NAND2_X2)
     2    2.62                           result_int_d[30] (net)
                  0.01    0.00    4.53 ^ _435_/A4 (NAND4_X1)
                  0.03    0.03    4.56 v _435_/ZN (NAND4_X1)
     1    1.50                           _146_ (net)
                  0.03    0.00    4.56 v _436_/A2 (NAND2_X1)
                  0.01    0.02    4.58 ^ _436_/ZN (NAND2_X1)
     1    1.13                           _030_ (net)
                  0.01    0.00    4.58 ^ _475_/D (DFFR_X1)
                                  4.58   data arrival time

                  0.00    3.00    3.00   clock clk_i (rise edge)
                          0.00    3.00   clock network delay (ideal)
                          0.00    3.00   clock reconvergence pessimism
                                  3.00 ^ _475_/CK (DFFR_X1)
                         -0.03    2.97   library setup time
                                  2.97   data required time
-----------------------------------------------------------------------------
                                  2.97   data required time
                                 -4.58   data arrival time
-----------------------------------------------------------------------------
                                 -1.62   slack (VIOLATED)



==========================================================================
floorplan final report_power
--------------------------------------------------------------------------
Group                  Internal  Switching    Leakage      Total
                          Power      Power      Power      Power (Watts)
----------------------------------------------------------------
Sequential             3.43e-03   7.70e-04   3.65e-04   4.56e-03  26.2%
Combinational          6.08e-03   6.35e-03   4.55e-04   1.29e-02  73.8%
Macro                  0.00e+00   0.00e+00   0.00e+00   0.00e+00   0.0%
Pad                    0.00e+00   0.00e+00   0.00e+00   0.00e+00   0.0%
----------------------------------------------------------------
Total                  9.51e-03   7.12e-03   8.20e-04   1.74e-02 100.0%
                          54.5%      40.8%       4.7%

==========================================================================
floorplan final report_design_area
--------------------------------------------------------------------------
Design area 45259 u^2 38% utilization.

Elapsed time: 0:03.98[h:]min:sec. CPU time: user 3.88 sys 0.09 (99%). Peak memory: 217608KB.
