OpenROAD 353633e018e57e35041db2841116ba382830b97b 
This program is licensed under the BSD-3 license. See the LICENSE file for details.
Components of this program may be licensed under more restrictive licenses which must be honored.
[WARNING STA-0357] virtual clock clk_i can not be propagated.
[INFO ORD-0030] Using 2 thread(s).
[INFO DRT-0149] Reading tech and libs.

Units:                2000
Number of layers:     21
Number of macros:     135
Number of vias:       27
Number of viarulegen: 19

[INFO DRT-0150] Reading design.

Design:                   fp_16_32_adder
Die area:                 ( 0 0 ) ( 186600 186600 )
Number of track patterns: 20
Number of DEF vias:       0
Number of components:     6004
Number of terminals:      80
Number of snets:          2
Number of nets:           3182

[INFO DRT-0167] List of default vias:
  Layer via1
    default via: via1_7
  Layer via2
    default via: via2_5
  Layer via3
    default via: via3_2
  Layer via4
    default via: via4_0
  Layer via5
    default via: via5_0
  Layer via6
    default via: via6_0
  Layer via7
    default via: via7_0
  Layer via8
    default via: via8_0
  Layer via9
    default via: via9_0
[INFO DRT-0162] Library cell analysis.
[INFO DRT-0163] Instance analysis.
[INFO DRT-0164] Number of unique instances = 118.
[INFO DRT-0168] Init region query.
[INFO DRT-0024]   Complete active.
[INFO DRT-0024]   Complete Fr_VIA.
[INFO DRT-0024]   Complete metal1.
[INFO DRT-0024]   Complete via1.
[INFO DRT-0024]   Complete metal2.
[INFO DRT-0024]   Complete via2.
[INFO DRT-0024]   Complete metal3.
[INFO DRT-0024]   Complete via3.
[INFO DRT-0024]   Complete metal4.
[INFO DRT-0024]   Complete via4.
[INFO DRT-0024]   Complete metal5.
[INFO DRT-0024]   Complete via5.
[INFO DRT-0024]   Complete metal6.
[INFO DRT-0024]   Complete via6.
[INFO DRT-0024]   Complete metal7.
[INFO DRT-0024]   Complete via7.
[INFO DRT-0024]   Complete metal8.
[INFO DRT-0024]   Complete via8.
[INFO DRT-0024]   Complete metal9.
[INFO DRT-0024]   Complete via9.
[INFO DRT-0024]   Complete metal10.
[INFO DRT-0033] active shape region query size = 0.
[INFO DRT-0033] FR_VIA shape region query size = 0.
[INFO DRT-0033] metal1 shape region query size = 43598.
[INFO DRT-0033] via1 shape region query size = 384.
[INFO DRT-0033] metal2 shape region query size = 288.
[INFO DRT-0033] via2 shape region query size = 384.
[INFO DRT-0033] metal3 shape region query size = 304.
[INFO DRT-0033] via3 shape region query size = 384.
[INFO DRT-0033] metal4 shape region query size = 142.
[INFO DRT-0033] via4 shape region query size = 100.
[INFO DRT-0033] metal5 shape region query size = 20.
[INFO DRT-0033] via5 shape region query size = 100.
[INFO DRT-0033] metal6 shape region query size = 20.
[INFO DRT-0033] via6 shape region query size = 40.
[INFO DRT-0033] metal7 shape region query size = 15.
[INFO DRT-0033] via7 shape region query size = 0.
[INFO DRT-0033] metal8 shape region query size = 0.
[INFO DRT-0033] via8 shape region query size = 0.
[INFO DRT-0033] metal9 shape region query size = 0.
[INFO DRT-0033] via9 shape region query size = 0.
[INFO DRT-0033] metal10 shape region query size = 0.
[INFO DRT-0165] Start pin access.
[INFO DRT-0076]   Complete 100 pins.
[INFO DRT-0076]   Complete 200 pins.
[INFO DRT-0076]   Complete 300 pins.
[INFO DRT-0078]   Complete 351 pins.
[INFO DRT-0079]   Complete 100 unique inst patterns.
[INFO DRT-0081]   Complete 102 unique inst patterns.
[INFO DRT-0082]   Complete 1000 groups.
[INFO DRT-0084]   Complete 1485 groups.
#scanned instances     = 6004
#unique  instances     = 118
#stdCellGenAp          = 3311
#stdCellValidPlanarAp  = 0
#stdCellValidViaAp     = 2383
#stdCellPinNoAp        = 0
#stdCellPinCnt         = 9738
#instTermValidViaApCnt = 0
#macroGenAp            = 0
#macroValidPlanarAp    = 0
#macroValidViaAp       = 0
#macroNoAp             = 0
[INFO DRT-0166] Complete pin access.
[INFO DRT-0267] cpu time = 00:00:21, elapsed time = 00:00:10, memory = 101.66 (MB), peak = 101.66 (MB)

Number of guides:     24914

[INFO DRT-0169] Post process guides.
[INFO DRT-0176] GCELLGRID X 0 DO 44 STEP 4200 ;
[INFO DRT-0177] GCELLGRID Y 0 DO 44 STEP 4200 ;
[INFO DRT-0026]   Complete 10000 origin guides.
[INFO DRT-0026]   Complete 20000 origin guides.
[INFO DRT-0028]   Complete active.
[INFO DRT-0028]   Complete Fr_VIA.
[INFO DRT-0028]   Complete metal1.
[INFO DRT-0028]   Complete via1.
[INFO DRT-0028]   Complete metal2.
[INFO DRT-0028]   Complete via2.
[INFO DRT-0028]   Complete metal3.
[INFO DRT-0028]   Complete via3.
[INFO DRT-0028]   Complete metal4.
[INFO DRT-0028]   Complete via4.
[INFO DRT-0028]   Complete metal5.
[INFO DRT-0028]   Complete via5.
[INFO DRT-0028]   Complete metal6.
[INFO DRT-0028]   Complete via6.
[INFO DRT-0028]   Complete metal7.
[INFO DRT-0028]   Complete via7.
[INFO DRT-0028]   Complete metal8.
[INFO DRT-0028]   Complete via8.
[INFO DRT-0028]   Complete metal9.
[INFO DRT-0028]   Complete via9.
[INFO DRT-0028]   Complete metal10.
[INFO DRT-0178] Init guide query.
[INFO DRT-0035]   Complete active (guide).
[INFO DRT-0035]   Complete Fr_VIA (guide).
[INFO DRT-0035]   Complete metal1 (guide).
[INFO DRT-0035]   Complete via1 (guide).
[INFO DRT-0035]   Complete metal2 (guide).
[INFO DRT-0035]   Complete via2 (guide).
[INFO DRT-0035]   Complete metal3 (guide).
[INFO DRT-0035]   Complete via3 (guide).
[INFO DRT-0035]   Complete metal4 (guide).
[INFO DRT-0035]   Complete via4 (guide).
[INFO DRT-0035]   Complete metal5 (guide).
[INFO DRT-0035]   Complete via5 (guide).
[INFO DRT-0035]   Complete metal6 (guide).
[INFO DRT-0035]   Complete via6 (guide).
[INFO DRT-0035]   Complete metal7 (guide).
[INFO DRT-0035]   Complete via7 (guide).
[INFO DRT-0035]   Complete metal8 (guide).
[INFO DRT-0035]   Complete via8 (guide).
[INFO DRT-0035]   Complete metal9 (guide).
[INFO DRT-0035]   Complete via9 (guide).
[INFO DRT-0035]   Complete metal10 (guide).
[INFO DRT-0036] active guide region query size = 0.
[INFO DRT-0036] FR_VIA guide region query size = 0.
[INFO DRT-0036] metal1 guide region query size = 7658.
[INFO DRT-0036] via1 guide region query size = 0.
[INFO DRT-0036] metal2 guide region query size = 5703.
[INFO DRT-0036] via2 guide region query size = 0.
[INFO DRT-0036] metal3 guide region query size = 3652.
[INFO DRT-0036] via3 guide region query size = 0.
[INFO DRT-0036] metal4 guide region query size = 1477.
[INFO DRT-0036] via4 guide region query size = 0.
[INFO DRT-0036] metal5 guide region query size = 551.
[INFO DRT-0036] via5 guide region query size = 0.
[INFO DRT-0036] metal6 guide region query size = 123.
[INFO DRT-0036] via6 guide region query size = 0.
[INFO DRT-0036] metal7 guide region query size = 13.
[INFO DRT-0036] via7 guide region query size = 0.
[INFO DRT-0036] metal8 guide region query size = 6.
[INFO DRT-0036] via8 guide region query size = 0.
[INFO DRT-0036] metal9 guide region query size = 3.
[INFO DRT-0036] via9 guide region query size = 0.
[INFO DRT-0036] metal10 guide region query size = 0.
[INFO DRT-0179] Init gr pin query.
[INFO DRT-0185] Post process initialize RPin region query.
[INFO DRT-0181] Start track assignment.
[INFO DRT-0184] Done with 7309 vertical wires in 1 frboxes and 11877 horizontal wires in 1 frboxes.
[INFO DRT-0186] Done with 2348 vertical wires in 1 frboxes and 2718 horizontal wires in 1 frboxes.
[INFO DRT-0182] Complete track assignment.
[INFO DRT-0267] cpu time = 00:00:01, elapsed time = 00:00:01, memory = 138.62 (MB), peak = 138.62 (MB)
[INFO DRT-0187] Start routing data preparation.
[INFO DRT-0267] cpu time = 00:00:00, elapsed time = 00:00:00, memory = 138.62 (MB), peak = 138.62 (MB)
[INFO DRT-0194] Start detail routing.
[INFO DRT-0195] Start 0th optimization iteration.
    Completing 10% with 0 violations.
    elapsed time = 00:00:00, memory = 149.90 (MB).
    Completing 20% with 0 violations.
    elapsed time = 00:00:01, memory = 160.16 (MB).
    Completing 30% with 0 violations.
    elapsed time = 00:00:01, memory = 161.44 (MB).
    Completing 40% with 54 violations.
    elapsed time = 00:00:04, memory = 165.59 (MB).
    Completing 50% with 54 violations.
    elapsed time = 00:00:06, memory = 181.18 (MB).
    Completing 60% with 141 violations.
    elapsed time = 00:00:08, memory = 175.98 (MB).
    Completing 70% with 141 violations.
    elapsed time = 00:00:09, memory = 182.03 (MB).
    Completing 80% with 141 violations.
    elapsed time = 00:00:12, memory = 177.34 (MB).
    Completing 90% with 210 violations.
    elapsed time = 00:00:15, memory = 185.26 (MB).
    Completing 100% with 284 violations.
    elapsed time = 00:00:17, memory = 183.54 (MB).
[INFO DRT-0199]   Number of violations = 812.
Viol/Layer      metal1 metal2   via2 metal3   via3 metal4   via4 metal5 metal6 metal7
Cut Spacing          0      0      2      0      1      0      5      0      0      0
Metal Spacing       23     40      0      0      0      0      0      0      0      0
Recheck              2    202      0    169      0     86      0     52     16      1
Short                2    190      2     17      0      2      0      0      0      0
[INFO DRT-0267] cpu time = 00:00:31, elapsed time = 00:00:18, memory = 710.69 (MB), peak = 710.69 (MB)
Total wire length = 21558 um.
Total wire length on LAYER metal1 = 0 um.
Total wire length on LAYER metal2 = 7094 um.
Total wire length on LAYER metal3 = 7436 um.
Total wire length on LAYER metal4 = 3817 um.
Total wire length on LAYER metal5 = 2254 um.
Total wire length on LAYER metal6 = 843 um.
Total wire length on LAYER metal7 = 98 um.
Total wire length on LAYER metal8 = 0 um.
Total wire length on LAYER metal9 = 14 um.
Total wire length on LAYER metal10 = 0 um.
Total number of vias = 19013.
Up-via summary (total 19013):.

----------------
 active        0
 metal1     9741
 metal2     6951
 metal3     1530
 metal4      601
 metal5      172
 metal6       14
 metal7        2
 metal8        2
 metal9        0
----------------
           19013


[INFO DRT-0195] Start 1st optimization iteration.
    Completing 10% with 812 violations.
    elapsed time = 00:00:00, memory = 710.69 (MB).
    Completing 20% with 812 violations.
    elapsed time = 00:00:01, memory = 712.23 (MB).
    Completing 30% with 812 violations.
    elapsed time = 00:00:02, memory = 712.23 (MB).
    Completing 40% with 657 violations.
    elapsed time = 00:00:05, memory = 712.23 (MB).
    Completing 50% with 657 violations.
    elapsed time = 00:00:07, memory = 712.23 (MB).
    Completing 60% with 466 violations.
    elapsed time = 00:00:08, memory = 712.23 (MB).
    Completing 70% with 466 violations.
    elapsed time = 00:00:09, memory = 712.23 (MB).
    Completing 80% with 466 violations.
    elapsed time = 00:00:11, memory = 712.23 (MB).
    Completing 90% with 293 violations.
    elapsed time = 00:00:12, memory = 712.23 (MB).
    Completing 100% with 66 violations.
    elapsed time = 00:00:15, memory = 713.52 (MB).
[INFO DRT-0199]   Number of violations = 66.
Viol/Layer        via1 metal2   via2 metal3
Cut Spacing          1      0      1      0
Metal Spacing        0     12      0      0
Short                0     48      0      4
[INFO DRT-0267] cpu time = 00:00:26, elapsed time = 00:00:15, memory = 713.84 (MB), peak = 713.84 (MB)
Total wire length = 21260 um.
Total wire length on LAYER metal1 = 0 um.
Total wire length on LAYER metal2 = 7157 um.
Total wire length on LAYER metal3 = 7455 um.
Total wire length on LAYER metal4 = 3653 um.
Total wire length on LAYER metal5 = 2086 um.
Total wire length on LAYER metal6 = 796 um.
Total wire length on LAYER metal7 = 97 um.
Total wire length on LAYER metal8 = 0 um.
Total wire length on LAYER metal9 = 13 um.
Total wire length on LAYER metal10 = 0 um.
Total number of vias = 18700.
Up-via summary (total 18700):.

----------------
 active        0
 metal1     9737
 metal2     6907
 metal3     1373
 metal4      510
 metal5      155
 metal6       14
 metal7        2
 metal8        2
 metal9        0
----------------
           18700


[INFO DRT-0195] Start 2nd optimization iteration.
    Completing 10% with 66 violations.
    elapsed time = 00:00:00, memory = 713.84 (MB).
    Completing 20% with 66 violations.
    elapsed time = 00:00:00, memory = 713.84 (MB).
    Completing 30% with 66 violations.
    elapsed time = 00:00:01, memory = 713.84 (MB).
    Completing 40% with 55 violations.
    elapsed time = 00:00:02, memory = 713.84 (MB).
    Completing 50% with 55 violations.
    elapsed time = 00:00:03, memory = 721.12 (MB).
    Completing 60% with 53 violations.
    elapsed time = 00:00:06, memory = 713.93 (MB).
    Completing 70% with 53 violations.
    elapsed time = 00:00:07, memory = 713.93 (MB).
    Completing 80% with 53 violations.
    elapsed time = 00:00:09, memory = 716.50 (MB).
    Completing 90% with 49 violations.
    elapsed time = 00:00:09, memory = 716.50 (MB).
    Completing 100% with 51 violations.
    elapsed time = 00:00:11, memory = 718.76 (MB).
[INFO DRT-0199]   Number of violations = 51.
Viol/Layer      metal2 metal3
Metal Spacing       19      1
Short               30      1
[INFO DRT-0267] cpu time = 00:00:18, elapsed time = 00:00:11, memory = 703.16 (MB), peak = 721.12 (MB)
Total wire length = 21210 um.
Total wire length on LAYER metal1 = 0 um.
Total wire length on LAYER metal2 = 7211 um.
Total wire length on LAYER metal3 = 7445 um.
Total wire length on LAYER metal4 = 3586 um.
Total wire length on LAYER metal5 = 2081 um.
Total wire length on LAYER metal6 = 774 um.
Total wire length on LAYER metal7 = 97 um.
Total wire length on LAYER metal8 = 0 um.
Total wire length on LAYER metal9 = 13 um.
Total wire length on LAYER metal10 = 0 um.
Total number of vias = 18610.
Up-via summary (total 18610):.

----------------
 active        0
 metal1     9737
 metal2     6891
 metal3     1313
 metal4      503
 metal5      148
 metal6       14
 metal7        2
 metal8        2
 metal9        0
----------------
           18610


[INFO DRT-0195] Start 3rd optimization iteration.
    Completing 10% with 51 violations.
    elapsed time = 00:00:00, memory = 708.57 (MB).
    Completing 20% with 51 violations.
    elapsed time = 00:00:00, memory = 716.62 (MB).
    Completing 30% with 51 violations.
    elapsed time = 00:00:00, memory = 716.62 (MB).
    Completing 40% with 40 violations.
    elapsed time = 00:00:00, memory = 708.75 (MB).
    Completing 50% with 40 violations.
    elapsed time = 00:00:00, memory = 709.77 (MB).
    Completing 60% with 36 violations.
    elapsed time = 00:00:00, memory = 709.77 (MB).
    Completing 70% with 36 violations.
    elapsed time = 00:00:01, memory = 713.12 (MB).
    Completing 80% with 36 violations.
    elapsed time = 00:00:02, memory = 703.27 (MB).
    Completing 90% with 22 violations.
    elapsed time = 00:00:02, memory = 709.20 (MB).
    Completing 100% with 0 violations.
    elapsed time = 00:00:02, memory = 709.20 (MB).
[INFO DRT-0199]   Number of violations = 0.
[INFO DRT-0267] cpu time = 00:00:04, elapsed time = 00:00:03, memory = 709.20 (MB), peak = 721.12 (MB)
Total wire length = 21217 um.
Total wire length on LAYER metal1 = 0 um.
Total wire length on LAYER metal2 = 7211 um.
Total wire length on LAYER metal3 = 7463 um.
Total wire length on LAYER metal4 = 3577 um.
Total wire length on LAYER metal5 = 2079 um.
Total wire length on LAYER metal6 = 774 um.
Total wire length on LAYER metal7 = 97 um.
Total wire length on LAYER metal8 = 0 um.
Total wire length on LAYER metal9 = 13 um.
Total wire length on LAYER metal10 = 0 um.
Total number of vias = 18638.
Up-via summary (total 18638):.

----------------
 active        0
 metal1     9737
 metal2     6920
 metal3     1312
 metal4      503
 metal5      148
 metal6       14
 metal7        2
 metal8        2
 metal9        0
----------------
           18638


[INFO DRT-0198] Complete detail routing.
Total wire length = 21217 um.
Total wire length on LAYER metal1 = 0 um.
Total wire length on LAYER metal2 = 7211 um.
Total wire length on LAYER metal3 = 7463 um.
Total wire length on LAYER metal4 = 3577 um.
Total wire length on LAYER metal5 = 2079 um.
Total wire length on LAYER metal6 = 774 um.
Total wire length on LAYER metal7 = 97 um.
Total wire length on LAYER metal8 = 0 um.
Total wire length on LAYER metal9 = 13 um.
Total wire length on LAYER metal10 = 0 um.
Total number of vias = 18638.
Up-via summary (total 18638):.

----------------
 active        0
 metal1     9737
 metal2     6920
 metal3     1312
 metal4      503
 metal5      148
 metal6       14
 metal7        2
 metal8        2
 metal9        0
----------------
           18638


[INFO DRT-0267] cpu time = 00:01:20, elapsed time = 00:00:48, memory = 709.20 (MB), peak = 721.12 (MB)

[INFO DRT-0180] Post processing.
Elapsed time: 1:02.00[h:]min:sec. CPU time: user 104.02 sys 0.46 (168%). Peak memory: 738424KB.
