OpenROAD b7631451350809842e4fb0c635c3f3ed7f6b270f 
This program is licensed under the BSD-3 license. See the LICENSE file for details.
Components of this program may be licensed under more restrictive licenses which must be honored.
[INFO ODB-0222] Reading LEF file: /halutmatmul/hardware/flow/OpenROAD/flow/platforms/asap7/lef/asap7_tech_1x_201209.lef
[INFO ODB-0223]     Created 24 technology layers
[INFO ODB-0224]     Created 9 technology vias
[INFO ODB-0226] Finished LEF file:  /halutmatmul/hardware/flow/OpenROAD/flow/platforms/asap7/lef/asap7_tech_1x_201209.lef
[INFO ODB-0222] Reading LEF file: /halutmatmul/hardware/flow/OpenROAD/flow/platforms/asap7/lef/asap7sc7p5t_28_R_1x_220121a.lef
[INFO ODB-0225]     Created 212 library cells
[INFO ODB-0226] Finished LEF file:  /halutmatmul/hardware/flow/OpenROAD/flow/platforms/asap7/lef/asap7sc7p5t_28_R_1x_220121a.lef
number instances in verilog is 30612
[WARNING IFP-0028] Core area lower left (2.000, 2.000) snapped to (2.052, 2.160).
[INFO IFP-0001] Added 384 rows of 1924 sites.
[INFO RSZ-0026] Removed 1795 buffers.
Default units for flow
 time 1ps
 capacitance 1fF
 resistance 1kohm
 voltage 1v
 current 1mA
 power 1pW
 distance 1um

==========================================================================
floorplan final report_tns
--------------------------------------------------------------------------
tns -94766.52

==========================================================================
floorplan final report_wns
--------------------------------------------------------------------------
wns -11115.22

==========================================================================
floorplan final report_worst_slack
--------------------------------------------------------------------------
worst slack -11115.22

==========================================================================
floorplan final report_clock_skew
--------------------------------------------------------------------------
Clock clk_i
Latency      CRPR       Skew
gen_encoder_units[0].encoder_unit/threshold_memory/_09768_/CLK ^
 172.44
gen_encoder_units[0].encoder_unit/_747_/CLK ^
   0.00      0.00     172.44


==========================================================================
floorplan final report_checks -path_delay min
--------------------------------------------------------------------------
Startpoint: rst_ni (input port clocked by clk_i)
Endpoint: _265_ (removal check against rising-edge clock clk_i)
Path Group: **async_default**
Path Type: min

Fanout     Cap    Slew   Delay    Time   Description
-----------------------------------------------------------------------------
                  0.00    0.00    0.00   clock clk_i (rise edge)
                          0.00    0.00   clock network delay (ideal)
                        150.00  150.00 ^ input external delay
                  0.00    0.00  150.00 ^ rst_ni (in)
   407  330.16                           rst_ni (net)
                  0.00    0.00  150.00 ^ _265_/SETN (DFFASRHQNx1_ASAP7_75t_R)
                                150.00   data arrival time

                  0.00    0.00    0.00   clock clk_i (rise edge)
                          0.00    0.00   clock network delay (ideal)
                          0.00    0.00   clock reconvergence pessimism
                                  0.00 ^ _265_/CLK (DFFASRHQNx1_ASAP7_75t_R)
                         26.67   26.67   library removal time
                                 26.67   data required time
-----------------------------------------------------------------------------
                                 26.67   data required time
                               -150.00   data arrival time
-----------------------------------------------------------------------------
                                123.33   slack (MET)


Startpoint: gen_encoder_units[0].encoder_unit/threshold_memory/_09734_
            (negative level-sensitive latch clocked by clk_i)
Endpoint: gen_encoder_units[0].encoder_unit/threshold_memory/_09510_
          (rising clock gating-check end-point clocked by clk_i)
Path Group: **clock_gating_default**
Path Type: min

Fanout     Cap    Slew   Delay    Time   Description
-----------------------------------------------------------------------------
                  0.00  750.00  750.00   clock clk_i (fall edge)
                          0.00  750.00   clock network delay (ideal)
                  0.00    0.00  750.00 v gen_encoder_units[0].encoder_unit/threshold_memory/_09734_/CLK (DLLx1_ASAP7_75t_R)
                  8.57   24.35  774.35 ^ gen_encoder_units[0].encoder_unit/threshold_memory/_09734_/Q (DLLx1_ASAP7_75t_R)
     1    0.30                           gen_encoder_units[0].encoder_unit/threshold_memory/cg_we_global.en_latch (net)
                  8.57    0.00  774.35 ^ gen_encoder_units[0].encoder_unit/threshold_memory/_09510_/B (AND2x2_ASAP7_75t_R)
                                774.35   data arrival time

                  0.00  750.00  750.00   clock clk_i (fall edge)
                          0.00  750.00   clock network delay (ideal)
                          0.00  750.00   clock reconvergence pessimism
                                750.00 v gen_encoder_units[0].encoder_unit/threshold_memory/_09510_/A (AND2x2_ASAP7_75t_R)
                          0.00  750.00   clock gating hold time
                                750.00   data required time
-----------------------------------------------------------------------------
                                750.00   data required time
                               -774.35   data arrival time
-----------------------------------------------------------------------------
                                 24.35   slack (MET)


Startpoint: gen_encoder_units[3].encoder_unit/_760_
            (rising edge-triggered flip-flop clocked by clk_i)
Endpoint: gen_encoder_units[3].encoder_unit/_760_
          (rising edge-triggered flip-flop clocked by clk_i)
Path Group: clk_i
Path Type: min

Fanout     Cap    Slew   Delay    Time   Description
-----------------------------------------------------------------------------
                  0.00    0.00    0.00   clock clk_i (rise edge)
                          0.00    0.00   clock network delay (ideal)
                  0.00    0.00    0.00 ^ gen_encoder_units[3].encoder_unit/_760_/CLK (DFFASRHQNx1_ASAP7_75t_R)
                 21.84   51.53   51.53 ^ gen_encoder_units[3].encoder_unit/_760_/QN (DFFASRHQNx1_ASAP7_75t_R)
     2    0.99                           gen_encoder_units[3].encoder_unit/_012_ (net)
                 21.84    0.00   51.53 ^ gen_encoder_units[3].encoder_unit/_731_/B (NAND2x1_ASAP7_75t_R)
                 10.31    9.48   61.01 v gen_encoder_units[3].encoder_unit/_731_/Y (NAND2x1_ASAP7_75t_R)
     1    0.48                           gen_encoder_units[3].encoder_unit/_088_ (net)
                 10.31    0.00   61.01 v gen_encoder_units[3].encoder_unit/_760_/D (DFFASRHQNx1_ASAP7_75t_R)
                                 61.01   data arrival time

                  0.00    0.00    0.00   clock clk_i (rise edge)
                          0.00    0.00   clock network delay (ideal)
                          0.00    0.00   clock reconvergence pessimism
                                  0.00 ^ gen_encoder_units[3].encoder_unit/_760_/CLK (DFFASRHQNx1_ASAP7_75t_R)
                          8.97    8.97   library hold time
                                  8.97   data required time
-----------------------------------------------------------------------------
                                  8.97   data required time
                                -61.01   data arrival time
-----------------------------------------------------------------------------
                                 52.04   slack (MET)



==========================================================================
floorplan final report_checks -path_delay max
--------------------------------------------------------------------------
Startpoint: rst_ni (input port clocked by clk_i)
Endpoint: _265_ (recovery check against rising-edge clock clk_i)
Path Group: **async_default**
Path Type: max

Fanout     Cap    Slew   Delay    Time   Description
-----------------------------------------------------------------------------
                  0.00    0.00    0.00   clock clk_i (rise edge)
                          0.00    0.00   clock network delay (ideal)
                        150.00  150.00 ^ input external delay
                  0.00    0.00  150.00 ^ rst_ni (in)
   407  432.70                           rst_ni (net)
                  0.00    0.00  150.00 ^ _265_/SETN (DFFASRHQNx1_ASAP7_75t_R)
                                150.00   data arrival time

                  0.00 1500.00 1500.00   clock clk_i (rise edge)
                          0.00 1500.00   clock network delay (ideal)
                          0.00 1500.00   clock reconvergence pessimism
                               1500.00 ^ _265_/CLK (DFFASRHQNx1_ASAP7_75t_R)
                          8.43 1508.43   library recovery time
                               1508.43   data required time
-----------------------------------------------------------------------------
                               1508.43   data required time
                               -150.00   data arrival time
-----------------------------------------------------------------------------
                               1358.43   slack (MET)


Startpoint: gen_encoder_units[0].encoder_unit/threshold_memory/_09767_
            (negative level-sensitive latch clocked by clk_i)
Endpoint: gen_encoder_units[0].encoder_unit/threshold_memory/_09512_
          (rising clock gating-check end-point clocked by clk_i)
Path Group: **clock_gating_default**
Path Type: max

Fanout     Cap    Slew   Delay    Time   Description
-----------------------------------------------------------------------------
                  0.00  750.00  750.00   clock clk_i (fall edge)
                          0.00  750.00   clock network delay (ideal)
                  0.00    0.00  750.00 v gen_encoder_units[0].encoder_unit/threshold_memory/_09767_/CLK (DLLx1_ASAP7_75t_R)
                122.25   98.89  848.89 v gen_encoder_units[0].encoder_unit/threshold_memory/_09767_/Q (DLLx1_ASAP7_75t_R)
    33   17.84                           gen_encoder_units[0].encoder_unit/threshold_memory/gen_sub_units_scm[0].sub_unit_i.cg_we_global.en_latch (net)
                122.25    0.00  848.89 v gen_encoder_units[0].encoder_unit/threshold_memory/_09512_/B (AND2x2_ASAP7_75t_R)
                                848.89   data arrival time

                  0.00 1500.00 1500.00   clock clk_i (rise edge)
                          0.00 1500.00   clock network delay (ideal)
                          0.00 1500.00   clock reconvergence pessimism
                               1500.00 ^ gen_encoder_units[0].encoder_unit/threshold_memory/_09512_/A (AND2x2_ASAP7_75t_R)
                          0.00 1500.00   clock gating setup time
                               1500.00   data required time
-----------------------------------------------------------------------------
                               1500.00   data required time
                               -848.89   data arrival time
-----------------------------------------------------------------------------
                                651.11   slack (MET)


Startpoint: gen_encoder_units[2].encoder_unit/_758_
            (rising edge-triggered flip-flop clocked by clk_i)
Endpoint: gen_encoder_units[2].encoder_unit/_769_
          (rising edge-triggered flip-flop clocked by clk_i)
Path Group: clk_i
Path Type: max

Fanout     Cap    Slew   Delay    Time   Description
-----------------------------------------------------------------------------
                  0.00    0.00    0.00   clock clk_i (rise edge)
                          0.00    0.00   clock network delay (ideal)
                  0.00    0.00    0.00 ^ gen_encoder_units[2].encoder_unit/_758_/CLK (DFFASRHQNx1_ASAP7_75t_R)
                 39.97   66.81   66.81 v gen_encoder_units[2].encoder_unit/_758_/QN (DFFASRHQNx1_ASAP7_75t_R)
     4    3.16                           gen_encoder_units[2].encoder_unit/_008_ (net)
                 39.97    0.00   66.81 v gen_encoder_units[2].encoder_unit/_408_/A (INVx1_ASAP7_75t_R)
               5664.28 2590.47 2657.28 ^ gen_encoder_units[2].encoder_unit/_408_/Y (INVx1_ASAP7_75t_R)
   520  651.68                           gen_encoder_units[2].encoder_unit/c_addr_int[0] (net)
               5664.28    0.00 2657.28 ^ gen_encoder_units[2].encoder_unit/threshold_memory/_04720_/A (INVx2_ASAP7_75t_R)
                  0.00 7966.03 10623.31 v gen_encoder_units[2].encoder_unit/threshold_memory/_04720_/Y (INVx2_ASAP7_75t_R)
   578  691.74                           gen_encoder_units[2].encoder_unit/threshold_memory/_00033_ (net)
                  0.00    0.00 10623.31 v gen_encoder_units[2].encoder_unit/threshold_memory/_04723_/A (NOR3x1_ASAP7_75t_R)
               2123.89  985.65 11608.97 ^ gen_encoder_units[2].encoder_unit/threshold_memory/_04723_/Y (NOR3x1_ASAP7_75t_R)
   194  249.53                           gen_encoder_units[2].encoder_unit/threshold_memory/_00036_ (net)
               2123.89    0.00 11608.97 ^ gen_encoder_units[2].encoder_unit/threshold_memory/_05579_/B (NAND2x1_ASAP7_75t_R)
                674.35  640.02 12248.99 v gen_encoder_units[2].encoder_unit/threshold_memory/_05579_/Y (NAND2x1_ASAP7_75t_R)
    25   26.52                           gen_encoder_units[2].encoder_unit/threshold_memory/_00891_ (net)
                674.35    0.00 12248.99 v gen_encoder_units[2].encoder_unit/threshold_memory/_08069_/A1 (OAI22x1_ASAP7_75t_R)
                145.10   65.97 12314.96 ^ gen_encoder_units[2].encoder_unit/threshold_memory/_08069_/Y (OAI22x1_ASAP7_75t_R)
     1    1.02                           gen_encoder_units[2].encoder_unit/threshold_memory/_03371_ (net)
                145.10    0.00 12314.96 ^ gen_encoder_units[2].encoder_unit/threshold_memory/_08070_/B (NOR2x1_ASAP7_75t_R)
                 32.51   28.52 12343.48 v gen_encoder_units[2].encoder_unit/threshold_memory/_08070_/Y (NOR2x1_ASAP7_75t_R)
     1    0.99                           gen_encoder_units[2].encoder_unit/threshold_memory/_03372_ (net)
                 32.51    0.00 12343.48 v gen_encoder_units[2].encoder_unit/threshold_memory/_08071_/B (NAND2x1_ASAP7_75t_R)
                 21.41   17.86 12361.34 ^ gen_encoder_units[2].encoder_unit/threshold_memory/_08071_/Y (NAND2x1_ASAP7_75t_R)
     1    1.02                           gen_encoder_units[2].encoder_unit/threshold_memory/_03373_ (net)
                 21.41    0.00 12361.34 ^ gen_encoder_units[2].encoder_unit/threshold_memory/_08072_/B (NOR2x1_ASAP7_75t_R)
                 14.42   13.02 12374.37 v gen_encoder_units[2].encoder_unit/threshold_memory/_08072_/Y (NOR2x1_ASAP7_75t_R)
     1    0.96                           gen_encoder_units[2].encoder_unit/threshold_memory/_03374_ (net)
                 14.42    0.00 12374.37 v gen_encoder_units[2].encoder_unit/threshold_memory/_08075_/A2 (AOI21x1_ASAP7_75t_R)
                 18.19   13.72 12388.09 ^ gen_encoder_units[2].encoder_unit/threshold_memory/_08075_/Y (AOI21x1_ASAP7_75t_R)
     1    0.96                           gen_encoder_units[2].encoder_unit/threshold_memory/_03377_ (net)
                 18.19    0.00 12388.09 ^ gen_encoder_units[2].encoder_unit/threshold_memory/_08140_/A (NOR2x1_ASAP7_75t_R)
                 14.05   13.97 12402.05 v gen_encoder_units[2].encoder_unit/threshold_memory/_08140_/Y (NOR2x1_ASAP7_75t_R)
     1    0.95                           gen_encoder_units[2].encoder_unit/threshold_memory/_03442_ (net)
                 14.05    0.00 12402.05 v gen_encoder_units[2].encoder_unit/threshold_memory/_08270_/A (NAND2x1_ASAP7_75t_R)
                 44.34   27.91 12429.97 ^ gen_encoder_units[2].encoder_unit/threshold_memory/_08270_/Y (NAND2x1_ASAP7_75t_R)
     4    4.26                           gen_encoder_units[2].encoder_unit/fp_compare.operand_b_i[4] (net)
                 44.34    0.00 12429.97 ^ gen_encoder_units[2].encoder_unit/_609_/A (INVx1_ASAP7_75t_R)
                 26.32   23.45 12453.42 v gen_encoder_units[2].encoder_unit/_609_/Y (INVx1_ASAP7_75t_R)
     2    2.46                           gen_encoder_units[2].encoder_unit/_291_ (net)
                 26.32    0.00 12453.42 v gen_encoder_units[2].encoder_unit/_646_/B (NAND3x1_ASAP7_75t_R)
                 25.00   20.70 12474.11 ^ gen_encoder_units[2].encoder_unit/_646_/Y (NAND3x1_ASAP7_75t_R)
     1    0.99                           gen_encoder_units[2].encoder_unit/_328_ (net)
                 25.00    0.00 12474.11 ^ gen_encoder_units[2].encoder_unit/_647_/B (NAND2x1_ASAP7_75t_R)
                 13.83   12.08 12486.19 v gen_encoder_units[2].encoder_unit/_647_/Y (NAND2x1_ASAP7_75t_R)
     1    0.99                           gen_encoder_units[2].encoder_unit/_329_ (net)
                 13.83    0.00 12486.19 v gen_encoder_units[2].encoder_unit/_648_/B (NAND2x1_ASAP7_75t_R)
                 18.03   13.40 12499.58 ^ gen_encoder_units[2].encoder_unit/_648_/Y (NAND2x1_ASAP7_75t_R)
     1    1.18                           gen_encoder_units[2].encoder_unit/_330_ (net)
                 18.03    0.00 12499.58 ^ gen_encoder_units[2].encoder_unit/_649_/C (NOR3x1_ASAP7_75t_R)
                 24.71   20.65 12520.24 v gen_encoder_units[2].encoder_unit/_649_/Y (NOR3x1_ASAP7_75t_R)
     2    1.98                           gen_encoder_units[2].encoder_unit/_331_ (net)
                 24.71    0.00 12520.24 v gen_encoder_units[2].encoder_unit/_650_/B (NAND2x1_ASAP7_75t_R)
                 19.02   17.13 12537.36 ^ gen_encoder_units[2].encoder_unit/_650_/Y (NAND2x1_ASAP7_75t_R)
     1    1.25                           gen_encoder_units[2].encoder_unit/_332_ (net)
                 19.02    0.00 12537.36 ^ gen_encoder_units[2].encoder_unit/_651_/B (OAI21x1_ASAP7_75t_R)
                 14.92   13.55 12550.91 v gen_encoder_units[2].encoder_unit/_651_/Y (OAI21x1_ASAP7_75t_R)
     1    1.11                           gen_encoder_units[2].encoder_unit/_333_ (net)
                 14.92    0.00 12550.91 v gen_encoder_units[2].encoder_unit/_675_/A1 (AOI21x1_ASAP7_75t_R)
                 16.97   13.09 12564.00 ^ gen_encoder_units[2].encoder_unit/_675_/Y (AOI21x1_ASAP7_75t_R)
     1    0.95                           gen_encoder_units[2].encoder_unit/_357_ (net)
                 16.97    0.00 12564.00 ^ gen_encoder_units[2].encoder_unit/_698_/A2 (OAI21x1_ASAP7_75t_R)
                 19.56   14.39 12578.39 v gen_encoder_units[2].encoder_unit/_698_/Y (OAI21x1_ASAP7_75t_R)
     2    1.97                           gen_encoder_units[2].encoder_unit/_380_ (net)
                 19.56    0.00 12578.39 v gen_encoder_units[2].encoder_unit/_751_/A2 (OAI21x1_ASAP7_75t_R)
                 14.60   13.38 12591.77 ^ gen_encoder_units[2].encoder_unit/_751_/Y (OAI21x1_ASAP7_75t_R)
     1    0.56                           gen_encoder_units[2].encoder_unit/_089_ (net)
                 14.60    0.00 12591.77 ^ gen_encoder_units[2].encoder_unit/_769_/D (DFFASRHQNx1_ASAP7_75t_R)
                               12591.77   data arrival time

                  0.00 1500.00 1500.00   clock clk_i (rise edge)
                          0.00 1500.00   clock network delay (ideal)
                          0.00 1500.00   clock reconvergence pessimism
                               1500.00 ^ gen_encoder_units[2].encoder_unit/_769_/CLK (DFFASRHQNx1_ASAP7_75t_R)
                        -23.45 1476.55   library setup time
                               1476.55   data required time
-----------------------------------------------------------------------------
                               1476.55   data required time
                               -12591.77   data arrival time
-----------------------------------------------------------------------------
                               -11115.22   slack (VIOLATED)



==========================================================================
floorplan final report_checks -unconstrained
--------------------------------------------------------------------------
Startpoint: rst_ni (input port clocked by clk_i)
Endpoint: _265_ (recovery check against rising-edge clock clk_i)
Path Group: **async_default**
Path Type: max

Fanout     Cap    Slew   Delay    Time   Description
-----------------------------------------------------------------------------
                  0.00    0.00    0.00   clock clk_i (rise edge)
                          0.00    0.00   clock network delay (ideal)
                        150.00  150.00 ^ input external delay
                  0.00    0.00  150.00 ^ rst_ni (in)
   407  432.70                           rst_ni (net)
                  0.00    0.00  150.00 ^ _265_/SETN (DFFASRHQNx1_ASAP7_75t_R)
                                150.00   data arrival time

                  0.00 1500.00 1500.00   clock clk_i (rise edge)
                          0.00 1500.00   clock network delay (ideal)
                          0.00 1500.00   clock reconvergence pessimism
                               1500.00 ^ _265_/CLK (DFFASRHQNx1_ASAP7_75t_R)
                          8.43 1508.43   library recovery time
                               1508.43   data required time
-----------------------------------------------------------------------------
                               1508.43   data required time
                               -150.00   data arrival time
-----------------------------------------------------------------------------
                               1358.43   slack (MET)


Startpoint: gen_encoder_units[0].encoder_unit/threshold_memory/_09767_
            (negative level-sensitive latch clocked by clk_i)
Endpoint: gen_encoder_units[0].encoder_unit/threshold_memory/_09512_
          (rising clock gating-check end-point clocked by clk_i)
Path Group: **clock_gating_default**
Path Type: max

Fanout     Cap    Slew   Delay    Time   Description
-----------------------------------------------------------------------------
                  0.00  750.00  750.00   clock clk_i (fall edge)
                          0.00  750.00   clock network delay (ideal)
                  0.00    0.00  750.00 v gen_encoder_units[0].encoder_unit/threshold_memory/_09767_/CLK (DLLx1_ASAP7_75t_R)
                122.25   98.89  848.89 v gen_encoder_units[0].encoder_unit/threshold_memory/_09767_/Q (DLLx1_ASAP7_75t_R)
    33   17.84                           gen_encoder_units[0].encoder_unit/threshold_memory/gen_sub_units_scm[0].sub_unit_i.cg_we_global.en_latch (net)
                122.25    0.00  848.89 v gen_encoder_units[0].encoder_unit/threshold_memory/_09512_/B (AND2x2_ASAP7_75t_R)
                                848.89   data arrival time

                  0.00 1500.00 1500.00   clock clk_i (rise edge)
                          0.00 1500.00   clock network delay (ideal)
                          0.00 1500.00   clock reconvergence pessimism
                               1500.00 ^ gen_encoder_units[0].encoder_unit/threshold_memory/_09512_/A (AND2x2_ASAP7_75t_R)
                          0.00 1500.00   clock gating setup time
                               1500.00   data required time
-----------------------------------------------------------------------------
                               1500.00   data required time
                               -848.89   data arrival time
-----------------------------------------------------------------------------
                                651.11   slack (MET)


Startpoint: gen_encoder_units[2].encoder_unit/_758_
            (rising edge-triggered flip-flop clocked by clk_i)
Endpoint: gen_encoder_units[2].encoder_unit/_769_
          (rising edge-triggered flip-flop clocked by clk_i)
Path Group: clk_i
Path Type: max

Fanout     Cap    Slew   Delay    Time   Description
-----------------------------------------------------------------------------
                  0.00    0.00    0.00   clock clk_i (rise edge)
                          0.00    0.00   clock network delay (ideal)
                  0.00    0.00    0.00 ^ gen_encoder_units[2].encoder_unit/_758_/CLK (DFFASRHQNx1_ASAP7_75t_R)
                 39.97   66.81   66.81 v gen_encoder_units[2].encoder_unit/_758_/QN (DFFASRHQNx1_ASAP7_75t_R)
     4    3.16                           gen_encoder_units[2].encoder_unit/_008_ (net)
                 39.97    0.00   66.81 v gen_encoder_units[2].encoder_unit/_408_/A (INVx1_ASAP7_75t_R)
               5664.28 2590.47 2657.28 ^ gen_encoder_units[2].encoder_unit/_408_/Y (INVx1_ASAP7_75t_R)
   520  651.68                           gen_encoder_units[2].encoder_unit/c_addr_int[0] (net)
               5664.28    0.00 2657.28 ^ gen_encoder_units[2].encoder_unit/threshold_memory/_04720_/A (INVx2_ASAP7_75t_R)
                  0.00 7966.03 10623.31 v gen_encoder_units[2].encoder_unit/threshold_memory/_04720_/Y (INVx2_ASAP7_75t_R)
   578  691.74                           gen_encoder_units[2].encoder_unit/threshold_memory/_00033_ (net)
                  0.00    0.00 10623.31 v gen_encoder_units[2].encoder_unit/threshold_memory/_04723_/A (NOR3x1_ASAP7_75t_R)
               2123.89  985.65 11608.97 ^ gen_encoder_units[2].encoder_unit/threshold_memory/_04723_/Y (NOR3x1_ASAP7_75t_R)
   194  249.53                           gen_encoder_units[2].encoder_unit/threshold_memory/_00036_ (net)
               2123.89    0.00 11608.97 ^ gen_encoder_units[2].encoder_unit/threshold_memory/_05579_/B (NAND2x1_ASAP7_75t_R)
                674.35  640.02 12248.99 v gen_encoder_units[2].encoder_unit/threshold_memory/_05579_/Y (NAND2x1_ASAP7_75t_R)
    25   26.52                           gen_encoder_units[2].encoder_unit/threshold_memory/_00891_ (net)
                674.35    0.00 12248.99 v gen_encoder_units[2].encoder_unit/threshold_memory/_08069_/A1 (OAI22x1_ASAP7_75t_R)
                145.10   65.97 12314.96 ^ gen_encoder_units[2].encoder_unit/threshold_memory/_08069_/Y (OAI22x1_ASAP7_75t_R)
     1    1.02                           gen_encoder_units[2].encoder_unit/threshold_memory/_03371_ (net)
                145.10    0.00 12314.96 ^ gen_encoder_units[2].encoder_unit/threshold_memory/_08070_/B (NOR2x1_ASAP7_75t_R)
                 32.51   28.52 12343.48 v gen_encoder_units[2].encoder_unit/threshold_memory/_08070_/Y (NOR2x1_ASAP7_75t_R)
     1    0.99                           gen_encoder_units[2].encoder_unit/threshold_memory/_03372_ (net)
                 32.51    0.00 12343.48 v gen_encoder_units[2].encoder_unit/threshold_memory/_08071_/B (NAND2x1_ASAP7_75t_R)
                 21.41   17.86 12361.34 ^ gen_encoder_units[2].encoder_unit/threshold_memory/_08071_/Y (NAND2x1_ASAP7_75t_R)
     1    1.02                           gen_encoder_units[2].encoder_unit/threshold_memory/_03373_ (net)
                 21.41    0.00 12361.34 ^ gen_encoder_units[2].encoder_unit/threshold_memory/_08072_/B (NOR2x1_ASAP7_75t_R)
                 14.42   13.02 12374.37 v gen_encoder_units[2].encoder_unit/threshold_memory/_08072_/Y (NOR2x1_ASAP7_75t_R)
     1    0.96                           gen_encoder_units[2].encoder_unit/threshold_memory/_03374_ (net)
                 14.42    0.00 12374.37 v gen_encoder_units[2].encoder_unit/threshold_memory/_08075_/A2 (AOI21x1_ASAP7_75t_R)
                 18.19   13.72 12388.09 ^ gen_encoder_units[2].encoder_unit/threshold_memory/_08075_/Y (AOI21x1_ASAP7_75t_R)
     1    0.96                           gen_encoder_units[2].encoder_unit/threshold_memory/_03377_ (net)
                 18.19    0.00 12388.09 ^ gen_encoder_units[2].encoder_unit/threshold_memory/_08140_/A (NOR2x1_ASAP7_75t_R)
                 14.05   13.97 12402.05 v gen_encoder_units[2].encoder_unit/threshold_memory/_08140_/Y (NOR2x1_ASAP7_75t_R)
     1    0.95                           gen_encoder_units[2].encoder_unit/threshold_memory/_03442_ (net)
                 14.05    0.00 12402.05 v gen_encoder_units[2].encoder_unit/threshold_memory/_08270_/A (NAND2x1_ASAP7_75t_R)
                 44.34   27.91 12429.97 ^ gen_encoder_units[2].encoder_unit/threshold_memory/_08270_/Y (NAND2x1_ASAP7_75t_R)
     4    4.26                           gen_encoder_units[2].encoder_unit/fp_compare.operand_b_i[4] (net)
                 44.34    0.00 12429.97 ^ gen_encoder_units[2].encoder_unit/_609_/A (INVx1_ASAP7_75t_R)
                 26.32   23.45 12453.42 v gen_encoder_units[2].encoder_unit/_609_/Y (INVx1_ASAP7_75t_R)
     2    2.46                           gen_encoder_units[2].encoder_unit/_291_ (net)
                 26.32    0.00 12453.42 v gen_encoder_units[2].encoder_unit/_646_/B (NAND3x1_ASAP7_75t_R)
                 25.00   20.70 12474.11 ^ gen_encoder_units[2].encoder_unit/_646_/Y (NAND3x1_ASAP7_75t_R)
     1    0.99                           gen_encoder_units[2].encoder_unit/_328_ (net)
                 25.00    0.00 12474.11 ^ gen_encoder_units[2].encoder_unit/_647_/B (NAND2x1_ASAP7_75t_R)
                 13.83   12.08 12486.19 v gen_encoder_units[2].encoder_unit/_647_/Y (NAND2x1_ASAP7_75t_R)
     1    0.99                           gen_encoder_units[2].encoder_unit/_329_ (net)
                 13.83    0.00 12486.19 v gen_encoder_units[2].encoder_unit/_648_/B (NAND2x1_ASAP7_75t_R)
                 18.03   13.40 12499.58 ^ gen_encoder_units[2].encoder_unit/_648_/Y (NAND2x1_ASAP7_75t_R)
     1    1.18                           gen_encoder_units[2].encoder_unit/_330_ (net)
                 18.03    0.00 12499.58 ^ gen_encoder_units[2].encoder_unit/_649_/C (NOR3x1_ASAP7_75t_R)
                 24.71   20.65 12520.24 v gen_encoder_units[2].encoder_unit/_649_/Y (NOR3x1_ASAP7_75t_R)
     2    1.98                           gen_encoder_units[2].encoder_unit/_331_ (net)
                 24.71    0.00 12520.24 v gen_encoder_units[2].encoder_unit/_650_/B (NAND2x1_ASAP7_75t_R)
                 19.02   17.13 12537.36 ^ gen_encoder_units[2].encoder_unit/_650_/Y (NAND2x1_ASAP7_75t_R)
     1    1.25                           gen_encoder_units[2].encoder_unit/_332_ (net)
                 19.02    0.00 12537.36 ^ gen_encoder_units[2].encoder_unit/_651_/B (OAI21x1_ASAP7_75t_R)
                 14.92   13.55 12550.91 v gen_encoder_units[2].encoder_unit/_651_/Y (OAI21x1_ASAP7_75t_R)
     1    1.11                           gen_encoder_units[2].encoder_unit/_333_ (net)
                 14.92    0.00 12550.91 v gen_encoder_units[2].encoder_unit/_675_/A1 (AOI21x1_ASAP7_75t_R)
                 16.97   13.09 12564.00 ^ gen_encoder_units[2].encoder_unit/_675_/Y (AOI21x1_ASAP7_75t_R)
     1    0.95                           gen_encoder_units[2].encoder_unit/_357_ (net)
                 16.97    0.00 12564.00 ^ gen_encoder_units[2].encoder_unit/_698_/A2 (OAI21x1_ASAP7_75t_R)
                 19.56   14.39 12578.39 v gen_encoder_units[2].encoder_unit/_698_/Y (OAI21x1_ASAP7_75t_R)
     2    1.97                           gen_encoder_units[2].encoder_unit/_380_ (net)
                 19.56    0.00 12578.39 v gen_encoder_units[2].encoder_unit/_751_/A2 (OAI21x1_ASAP7_75t_R)
                 14.60   13.38 12591.77 ^ gen_encoder_units[2].encoder_unit/_751_/Y (OAI21x1_ASAP7_75t_R)
     1    0.56                           gen_encoder_units[2].encoder_unit/_089_ (net)
                 14.60    0.00 12591.77 ^ gen_encoder_units[2].encoder_unit/_769_/D (DFFASRHQNx1_ASAP7_75t_R)
                               12591.77   data arrival time

                  0.00 1500.00 1500.00   clock clk_i (rise edge)
                          0.00 1500.00   clock network delay (ideal)
                          0.00 1500.00   clock reconvergence pessimism
                               1500.00 ^ gen_encoder_units[2].encoder_unit/_769_/CLK (DFFASRHQNx1_ASAP7_75t_R)
                        -23.45 1476.55   library setup time
                               1476.55   data required time
-----------------------------------------------------------------------------
                               1476.55   data required time
                               -12591.77   data arrival time
-----------------------------------------------------------------------------
                               -11115.22   slack (VIOLATED)



==========================================================================
floorplan final report_power
--------------------------------------------------------------------------
Group                  Internal  Switching    Leakage      Total
                          Power      Power      Power      Power (Watts)
----------------------------------------------------------------
Sequential             4.03e-03   2.24e-04   1.32e-06   4.25e-03  57.6%
Combinational          8.20e-04   2.31e-03   1.98e-06   3.13e-03  42.4%
Macro                  0.00e+00   0.00e+00   0.00e+00   0.00e+00   0.0%
Pad                    0.00e+00   0.00e+00   0.00e+00   0.00e+00   0.0%
----------------------------------------------------------------
Total                  4.85e-03   2.53e-03   3.30e-06   7.38e-03 100.0%
                          65.7%      34.3%       0.0%

==========================================================================
floorplan final report_design_area
--------------------------------------------------------------------------
Design area 4170 u^2 39% utilization.

Elapsed time: 0:06.97[h:]min:sec. CPU time: user 6.85 sys 0.11 (99%). Peak memory: 299564KB.
