OpenROAD 6152e58f84f491089daa6361239468c001e24e34 
This program is licensed under the BSD-3 license. See the LICENSE file for details.
Components of this program may be licensed under more restrictive licenses which must be honored.
[INFO GPL-0002] DBU: 1000
[INFO GPL-0003] SiteSize: 54 270
[INFO GPL-0004] CoreAreaLxLy: 2052 2160
[INFO GPL-0005] CoreAreaUxUy: 97956 97740
[INFO GPL-0006] NumInstances: 16425
[INFO GPL-0007] NumPlaceInstances: 15183
[INFO GPL-0008] NumFixedInstances: 1242
[INFO GPL-0009] NumDummyInstances: 0
[INFO GPL-0010] NumNets: 15221
[INFO GPL-0011] NumPins: 59478
[INFO GPL-0012] DieAreaLxLy: 0 0
[INFO GPL-0013] DieAreaUxUy: 100000 100000
[INFO GPL-0014] CoreAreaLxLy: 2052 2160
[INFO GPL-0015] CoreAreaUxUy: 97956 97740
[INFO GPL-0016] CoreArea: 9166504320
[INFO GPL-0017] NonPlaceInstsArea: 36216720
[INFO GPL-0018] PlaceInstsArea: 3568105080
[INFO GPL-0019] Util(%): 39.08
[INFO GPL-0020] StdInstsArea: 3568105080
[INFO GPL-0021] MacroInstsArea: 0
[INFO GPL-0031] FillerInit: NumGCells: 23240
[INFO GPL-0032] FillerInit: NumGNets: 15221
[INFO GPL-0033] FillerInit: NumGPins: 59478
[INFO GPL-0023] TargetDensity: 0.60
[INFO GPL-0024] AveragePlaceInstArea: 235006
[INFO GPL-0025] IdealBinArea: 391677
[INFO GPL-0026] IdealBinCnt: 23403
[INFO GPL-0027] TotalBinArea: 9166504320
[INFO GPL-0028] BinCnt: 128 128
[INFO GPL-0029] BinSize: 750 747
[INFO GPL-0030] NumBins: 16384
[NesterovSolve] Iter: 1 overflow: 0.998231 HPWL: 3014437
[NesterovSolve] Iter: 10 overflow: 0.998197 HPWL: 1199456
[NesterovSolve] Iter: 20 overflow: 0.998115 HPWL: 979315
[NesterovSolve] Iter: 30 overflow: 0.998015 HPWL: 921157
[NesterovSolve] Iter: 40 overflow: 0.997861 HPWL: 928601
[NesterovSolve] Iter: 50 overflow: 0.997758 HPWL: 930447
[NesterovSolve] Iter: 60 overflow: 0.997698 HPWL: 954294
[NesterovSolve] Iter: 70 overflow: 0.997671 HPWL: 1074724
[NesterovSolve] Iter: 80 overflow: 0.997271 HPWL: 1404118
[NesterovSolve] Iter: 90 overflow: 0.996692 HPWL: 2165408
[NesterovSolve] Iter: 100 overflow: 0.9946 HPWL: 3353407
[NesterovSolve] Iter: 110 overflow: 0.991075 HPWL: 4855737
[NesterovSolve] Iter: 120 overflow: 0.984909 HPWL: 6325756
[NesterovSolve] Iter: 130 overflow: 0.979265 HPWL: 7809597
[NesterovSolve] Iter: 140 overflow: 0.973277 HPWL: 9377045
[NesterovSolve] Iter: 150 overflow: 0.963042 HPWL: 11548354
[NesterovSolve] Iter: 160 overflow: 0.947831 HPWL: 14229030
[NesterovSolve] Iter: 170 overflow: 0.930086 HPWL: 16906103
[NesterovSolve] Iter: 180 overflow: 0.912665 HPWL: 19758901
[NesterovSolve] Iter: 190 overflow: 0.889619 HPWL: 23349374
[NesterovSolve] Iter: 200 overflow: 0.864492 HPWL: 27154397
[NesterovSolve] Iter: 210 overflow: 0.836806 HPWL: 30904176
[NesterovSolve] Iter: 220 overflow: 0.803923 HPWL: 34966536
[NesterovSolve] Iter: 230 overflow: 0.766567 HPWL: 37817944
[NesterovSolve] Iter: 240 overflow: 0.729935 HPWL: 39047748
[NesterovSolve] Iter: 250 overflow: 0.688303 HPWL: 39437174
[NesterovSolve] Iter: 260 overflow: 0.638839 HPWL: 39336159
[NesterovSolve] Iter: 270 overflow: 0.58383 HPWL: 39318660
[NesterovSolve] Iter: 280 overflow: 0.524004 HPWL: 39803896
[NesterovSolve] Iter: 290 overflow: 0.46307 HPWL: 40633102
[NesterovSolve] Iter: 300 overflow: 0.411061 HPWL: 41237122
[NesterovSolve] Iter: 310 overflow: 0.358428 HPWL: 41594908
[NesterovSolve] Iter: 320 overflow: 0.316551 HPWL: 41876302
[NesterovSolve] Iter: 330 overflow: 0.281676 HPWL: 42035620
[NesterovSolve] Iter: 340 overflow: 0.249569 HPWL: 42177954
[NesterovSolve] Iter: 350 overflow: 0.220866 HPWL: 42343321
[NesterovSolve] Iter: 360 overflow: 0.193683 HPWL: 42468222
[NesterovSolve] Iter: 370 overflow: 0.168655 HPWL: 42573156
[NesterovSolve] Iter: 380 overflow: 0.148129 HPWL: 42706946
[NesterovSolve] Iter: 390 overflow: 0.127914 HPWL: 42818508
[NesterovSolve] Iter: 400 overflow: 0.110363 HPWL: 42965253
[NesterovSolve] Finished with Overflow: 0.098869
Elapsed time: 0:07.77[h:]min:sec. CPU time: user 7.68 sys 0.09 (99%). Peak memory: 226560KB.
