OpenROAD 6152e58f84f491089daa6361239468c001e24e34 
This program is licensed under the BSD-3 license. See the LICENSE file for details.
Components of this program may be licensed under more restrictive licenses which must be honored.
[INFO] Deleted 0 routing obstructions
[INFO RCX-0431] Defined process_corner X with ext_model_index 0
[INFO RCX-0029] Defined extraction corner X
[INFO RCX-0008] extracting parasitics of scm ...
[INFO RCX-0435] Reading extraction model file /halutmatmul/hardware/flow/OpenROAD/flow/platforms/asap7/rcx_patterns.rules ...
[INFO RCX-0436] RC segment generation scm (max_merge_res 50.0) ...
[INFO RCX-0040] Final 163840 rc segments
[INFO RCX-0439] Coupling Cap extraction scm ...
[INFO RCX-0440] Coupling threshhold is 0.1000 fF, coupling capacitance less than 0.1000 fF will be grounded.
[INFO RCX-0043] 165855 wires to be extracted
[INFO RCX-0442] 19% completion -- 31922 wires have been extracted
[INFO RCX-0442] 54% completion -- 90233 wires have been extracted
[INFO RCX-0442] 68% completion -- 112844 wires have been extracted
[INFO RCX-0442] 100% completion -- 165855 wires have been extracted
[INFO RCX-0045] Extract 17514 nets, 181354 rsegs, 181354 caps, 235158 ccs
[INFO RCX-0015] Finished extracting scm.
[INFO RCX-0016] Writing SPEF ...
[INFO RCX-0443] 17514 nets finished
[INFO RCX-0017] Finished writing SPEF ...
[WARNING PSM-0016] Voltage pad location (VSRC) file not specified, defaulting pad location to checkerboard pattern on core area.
[WARNING PSM-0017] X direction bump pitch is not specified, defaulting to 140um.
[WARNING PSM-0018] Y direction bump pitch is not specified, defaulting to 140um.
[WARNING PSM-0063] Specified bump pitches of 140.000 and 140.000 are less than core width of 95.904 or core height of 95.580. Changing bump location to the center of the die at (50.004, 49.950).
[WARNING PSM-0065] VSRC location not specified, using default checkerboard pattern with one VDD every size bumps in x-direction and one in two bumps in the y-direction
[INFO PSM-0076] Setting metal node density to be standard cell height times 5.
[INFO PSM-0031] Number of PDN nodes on net VDD = 42127.
[INFO PSM-0064] Number of voltage sources = 1.
[INFO PSM-0040] All PDN stripes on net VDD are connected.
########## IR report #################
Worstcase voltage: 1.74e-01 V
Average IR drop  : 1.42e-01 V
Worstcase IR drop: 5.26e-01 V
######################################
[WARNING PSM-0016] Voltage pad location (VSRC) file not specified, defaulting pad location to checkerboard pattern on core area.
[WARNING PSM-0017] X direction bump pitch is not specified, defaulting to 140um.
[WARNING PSM-0018] Y direction bump pitch is not specified, defaulting to 140um.
[WARNING PSM-0063] Specified bump pitches of 140.000 and 140.000 are less than core width of 95.904 or core height of 95.580. Changing bump location to the center of the die at (50.004, 49.950).
[WARNING PSM-0065] VSRC location not specified, using default checkerboard pattern with one VDD every size bumps in x-direction and one in two bumps in the y-direction
[INFO PSM-0076] Setting metal node density to be standard cell height times 5.
[INFO PSM-0031] Number of PDN nodes on net VSS = 42364.
[INFO PSM-0064] Number of voltage sources = 1.
[INFO PSM-0040] All PDN stripes on net VSS are connected.
########## IR report #################
Worstcase voltage: 5.78e-01 V
Average IR drop  : 1.42e-01 V
Worstcase IR drop: 5.78e-01 V
######################################

==========================================================================
finish report_tns
--------------------------------------------------------------------------
tns -9815.43

==========================================================================
finish report_wns
--------------------------------------------------------------------------
wns -257.73

==========================================================================
finish report_worst_slack
--------------------------------------------------------------------------
worst slack -257.73

==========================================================================
finish report_clock_skew
--------------------------------------------------------------------------
Clock clk
Latency      CRPR       Skew
_23326_/CLK ^
 299.61
_19078_/CLK v
 211.44     -0.27      87.90


==========================================================================
finish report_checks -path_delay min
--------------------------------------------------------------------------
Startpoint: rst_ni (input port clocked by clk)
Endpoint: _23323_ (removal check against rising-edge clock clk)
Path Group: **async_default**
Path Type: min

Fanout     Cap    Slew   Delay    Time   Description
-----------------------------------------------------------------------------
                          0.00    0.00   clock clk (rise edge)
                          0.00    0.00   clock network delay (propagated)
                        100.00  100.00 ^ input external delay
                  0.00    0.00  100.00 ^ rst_ni (in)
     1    1.13                           rst_ni (net)
                  0.31    0.10  100.10 ^ hold4/A (BUFx4_ASAP7_75t_R)
                  8.78   19.22  119.32 ^ hold4/Y (BUFx4_ASAP7_75t_R)
     1    0.53                           net453 (net)
                  8.78    0.05  119.36 ^ hold1/A (BUFx4_ASAP7_75t_R)
                  8.58   21.67  141.03 ^ hold1/Y (BUFx4_ASAP7_75t_R)
     1    0.45                           net450 (net)
                  8.58    0.03  141.07 ^ hold5/A (BUFx4_ASAP7_75t_R)
                  9.32   22.12  163.19 ^ hold5/Y (BUFx4_ASAP7_75t_R)
     1    0.83                           net454 (net)
                  9.32    0.09  163.28 ^ input10/A (BUFx3_ASAP7_75t_R)
                  6.75   15.66  178.94 ^ input10/Y (BUFx3_ASAP7_75t_R)
     1    0.72                           net10 (net)
                  6.75    0.08  179.02 ^ hold6/A (BUFx4_ASAP7_75t_R)
                  8.62   21.08  200.11 ^ hold6/Y (BUFx4_ASAP7_75t_R)
     1    0.47                           net455 (net)
                  8.62    0.03  200.14 ^ hold2/A (BUFx4_ASAP7_75t_R)
                  8.74   21.73  221.87 ^ hold2/Y (BUFx4_ASAP7_75t_R)
     1    0.53                           net451 (net)
                  8.74    0.05  221.92 ^ hold7/A (BUFx4_ASAP7_75t_R)
                 14.92   25.73  247.65 ^ hold7/Y (BUFx4_ASAP7_75t_R)
     1    3.47                           net456 (net)
                 14.93    0.20  247.85 ^ _14941_/A (INVx8_ASAP7_75t_R)
                  4.83    6.07  253.92 v _14941_/Y (INVx8_ASAP7_75t_R)
     1    0.53                           _00545_ (net)
                  4.83    0.05  253.96 v hold8/A (BUFx4_ASAP7_75t_R)
                  9.35   23.28  277.24 v hold8/Y (BUFx4_ASAP7_75t_R)
     1    0.60                           net457 (net)
                  9.35    0.05  277.30 v hold3/A (BUFx4_ASAP7_75t_R)
                  9.53   24.97  302.26 v hold3/Y (BUFx4_ASAP7_75t_R)
     1    0.73                           net452 (net)
                  9.53    0.10  302.36 v hold9/A (BUFx4_ASAP7_75t_R)
                 32.36   37.49  339.86 v hold9/Y (BUFx4_ASAP7_75t_R)
    16   13.08                           net458 (net)
                 32.51    1.29  341.15 v _23323_/RESET (ASYNC_DFFHx1_ASAP7_75t_R)
                                341.15   data arrival time

                          0.00    0.00   clock clk (rise edge)
                          0.00    0.00   clock source latency
                  0.00    0.00    0.00 ^ clk_i (in)
     1    9.00                           clk_i (net)
                 15.32    4.83    4.83 ^ clkbuf_0_clk_i/A (BUFx4_ASAP7_75t_R)
                 17.01   28.94   33.77 ^ clkbuf_0_clk_i/Y (BUFx4_ASAP7_75t_R)
     2    4.52                           clknet_0_clk_i (net)
                 17.07    0.57   34.34 ^ clkbuf_1_1__f_clk_i/A (BUFx4_ASAP7_75t_R)
                 40.35   39.94   74.28 ^ clkbuf_1_1__f_clk_i/Y (BUFx4_ASAP7_75t_R)
     7   15.25                           clknet_1_1__leaf_clk_i (net)
                 40.54    1.62   75.90 ^ clkbuf_opt_3_0_clk_i/A (BUFx4_ASAP7_75t_R)
                 11.15   33.79  109.69 ^ clkbuf_opt_3_0_clk_i/Y (BUFx4_ASAP7_75t_R)
     1    1.57                           clknet_opt_3_0_clk_i (net)
                 11.17    0.29  109.98 ^ clkbuf_opt_3_1_clk_i/A (BUFx4_ASAP7_75t_R)
                 12.24   24.80  134.78 ^ clkbuf_opt_3_1_clk_i/Y (BUFx4_ASAP7_75t_R)
     1    2.36                           clknet_opt_3_1_clk_i (net)
                 12.39    0.64  135.42 ^ clkbuf_leaf_9_clk_i/A (BUFx4_ASAP7_75t_R)
                 47.95   41.77  177.19 ^ clkbuf_leaf_9_clk_i/Y (BUFx4_ASAP7_75t_R)
    30   24.42                           clknet_leaf_9_clk_i (net)
                 48.17    1.86  179.06 ^ _14857_/A (AND2x2_ASAP7_75t_R)
                 15.21   29.43  208.48 ^ _14857_/Y (AND2x2_ASAP7_75t_R)
     1    2.14                           cg_we_global.clk_o (net)
                 15.26    0.48  208.96 ^ clkbuf_0_cg_we_global.clk_o/A (BUFx4_ASAP7_75t_R)
                 10.18   25.10  234.06 ^ clkbuf_0_cg_we_global.clk_o/Y (BUFx4_ASAP7_75t_R)
     2    1.56                           clknet_0_cg_we_global.clk_o (net)
                 10.19    0.17  234.23 ^ clkbuf_1_0__f_cg_we_global.clk_o/A (BUFx4_ASAP7_75t_R)
                 17.07   27.39  261.62 ^ clkbuf_1_0__f_cg_we_global.clk_o/Y (BUFx4_ASAP7_75t_R)
     9    5.45                           clknet_1_0__leaf_cg_we_global.clk_o (net)
                 17.08    0.16  261.78 ^ _23323_/CLK (ASYNC_DFFHx1_ASAP7_75t_R)
                          0.00  261.78   clock reconvergence pessimism
                         56.49  318.27   library removal time
                                318.27   data required time
-----------------------------------------------------------------------------
                                318.27   data required time
                               -341.15   data arrival time
-----------------------------------------------------------------------------
                                 22.88   slack (MET)


Startpoint: _23367_ (negative level-sensitive latch clocked by clk)
Endpoint: _14886_ (rising clock gating-check end-point clocked by clk)
Path Group: **clock_gating_default**
Path Type: min

Fanout     Cap    Slew   Delay    Time   Description
-----------------------------------------------------------------------------
                        500.00  500.00   clock clk (fall edge)
                          0.00  500.00   clock source latency
                  0.00    0.00  500.00 v clk_i (in)
     1    8.86                           clk_i (net)
                 14.91    4.70  504.70 v clkbuf_0_clk_i/A (BUFx4_ASAP7_75t_R)
                 15.88   31.15  535.85 v clkbuf_0_clk_i/Y (BUFx4_ASAP7_75t_R)
     2    4.24                           clknet_0_clk_i (net)
                 15.96    0.61  536.46 v clkbuf_1_0__f_clk_i/A (BUFx4_ASAP7_75t_R)
                 46.89   44.18  580.64 v clkbuf_1_0__f_clk_i/Y (BUFx4_ASAP7_75t_R)
    12   19.99                           clknet_1_0__leaf_clk_i (net)
                 47.20    2.29  582.93 v clkbuf_leaf_16_clk_i/A (BUFx4_ASAP7_75t_R)
                 43.10   55.51  638.44 v clkbuf_leaf_16_clk_i/Y (BUFx4_ASAP7_75t_R)
    30   18.63                           clknet_leaf_16_clk_i (net)
                 44.20    3.77  642.21 v _23367_/CLK (DLLx3_ASAP7_75t_R)
                 69.11   73.63  715.85 ^ _23367_/Q (DLLx3_ASAP7_75t_R)
    33   19.49                           gen_sub_units_scm[10].sub_unit_i.cg_we_global.en_latch (net)
                 69.16    1.12  716.97 ^ _14886_/B (AND3x1_ASAP7_75t_R)
                                716.97   data arrival time

                        500.00  500.00   clock clk (fall edge)
                          0.00  500.00   clock source latency
                  0.00    0.00  500.00 v clk_i (in)
     1    9.00                           clk_i (net)
                 15.32    4.83  504.83 v clkbuf_0_clk_i/A (BUFx4_ASAP7_75t_R)
                 15.88   31.29  536.13 v clkbuf_0_clk_i/Y (BUFx4_ASAP7_75t_R)
     2    4.52                           clknet_0_clk_i (net)
                 15.96    0.61  536.73 v clkbuf_1_0__f_clk_i/A (BUFx4_ASAP7_75t_R)
                 46.89   44.18  580.91 v clkbuf_1_0__f_clk_i/Y (BUFx4_ASAP7_75t_R)
    12   21.71                           clknet_1_0__leaf_clk_i (net)
                 47.63    3.37  584.28 v clkbuf_opt_2_0_clk_i/A (BUFx4_ASAP7_75t_R)
                 11.67   39.54  623.82 v clkbuf_opt_2_0_clk_i/Y (BUFx4_ASAP7_75t_R)
     1    1.75                           clknet_opt_2_0_clk_i (net)
                 11.70    0.31  624.14 v clkbuf_opt_2_1_clk_i/A (BUFx4_ASAP7_75t_R)
                 12.48   27.86  652.00 v clkbuf_opt_2_1_clk_i/Y (BUFx4_ASAP7_75t_R)
     1    2.63                           clknet_opt_2_1_clk_i (net)
                 12.66    0.72  652.72 v clkbuf_opt_2_2_clk_i/A (BUFx4_ASAP7_75t_R)
                  9.94   26.48  679.20 v clkbuf_opt_2_2_clk_i/Y (BUFx4_ASAP7_75t_R)
     1    1.16                           clknet_opt_2_2_clk_i (net)
                  9.95    0.16  679.36 v clkbuf_leaf_17_clk_i/A (BUFx4_ASAP7_75t_R)
                 35.83   39.36  718.72 v clkbuf_leaf_17_clk_i/Y (BUFx4_ASAP7_75t_R)
    30   22.18                           clknet_leaf_17_clk_i (net)
                 36.26    2.21  720.93 v _14886_/A (AND3x1_ASAP7_75t_R)
                         -0.27  720.66   clock reconvergence pessimism
                          0.00  720.66   clock gating hold time
                                720.66   data required time
-----------------------------------------------------------------------------
                                720.66   data required time
                               -716.97   data arrival time
-----------------------------------------------------------------------------
                                 -3.69   slack (VIOLATED)


Startpoint: waddr_a_i[2] (input port clocked by clk)
Endpoint: _19530_ (negative level-sensitive latch clocked by clk)
Path Group: clk
Path Type: min

Fanout     Cap    Slew   Delay    Time   Description
-----------------------------------------------------------------------------
                          0.00    0.00   clock clk (rise edge)
                          0.00    0.00   clock network delay (propagated)
                        100.00  100.00 v input external delay
                  0.00    0.00  100.00 v waddr_a_i[2] (in)
     1    0.59                           waddr_a_i[2] (net)
                  0.10    0.03  100.03 v hold92/A (BUFx4_ASAP7_75t_R)
                 11.34   23.28  123.32 v hold92/Y (BUFx4_ASAP7_75t_R)
     1    1.88                           net541 (net)
                 11.36    0.23  123.54 v input14/A (BUFx12f_ASAP7_75t_R)
                  9.84   17.91  141.45 v input14/Y (BUFx12f_ASAP7_75t_R)
     4    6.32                           net14 (net)
                 14.18    3.38  144.83 v _13687_/A (AND4x2_ASAP7_75t_R)
                134.84   68.11  212.94 v _13687_/Y (AND4x2_ASAP7_75t_R)
    16   34.62                           _06837_ (net)
                138.81   12.71  225.65 v _14368_/A1 (AO21x1_ASAP7_75t_R)
                  8.94   43.90  269.55 v _14368_/Y (AO21x1_ASAP7_75t_R)
     1    0.46                           _00325_ (net)
                  8.94    0.04  269.58 v hold84/A (BUFx4_ASAP7_75t_R)
                  9.12   24.52  294.10 v hold84/Y (BUFx4_ASAP7_75t_R)
     1    0.48                           net533 (net)
                  9.12    0.04  294.14 v _19530_/D (DLLx1_ASAP7_75t_R)
                                294.14   data arrival time

                          0.00    0.00   clock clk (rise edge)
                          0.00    0.00   clock source latency
                  0.00    0.00    0.00 ^ clk_i (in)
     1    9.00                           clk_i (net)
                 15.32    4.83    4.83 ^ clkbuf_0_clk_i/A (BUFx4_ASAP7_75t_R)
                 17.01   28.94   33.77 ^ clkbuf_0_clk_i/Y (BUFx4_ASAP7_75t_R)
     2    4.52                           clknet_0_clk_i (net)
                 17.07    0.57   34.34 ^ clkbuf_1_1__f_clk_i/A (BUFx4_ASAP7_75t_R)
                 40.35   39.94   74.28 ^ clkbuf_1_1__f_clk_i/Y (BUFx4_ASAP7_75t_R)
     7   15.25                           clknet_1_1__leaf_clk_i (net)
                 40.50    1.48   75.75 ^ clkbuf_opt_4_0_clk_i/A (BUFx4_ASAP7_75t_R)
                 11.57   34.06  109.82 ^ clkbuf_opt_4_0_clk_i/Y (BUFx4_ASAP7_75t_R)
     1    1.79                           clknet_opt_4_0_clk_i (net)
                 11.61    0.32  110.14 ^ clkbuf_opt_4_1_clk_i/A (BUFx4_ASAP7_75t_R)
                 13.57   25.57  135.72 ^ clkbuf_opt_4_1_clk_i/Y (BUFx4_ASAP7_75t_R)
     1    2.88                           clknet_opt_4_1_clk_i (net)
                 13.75    0.83  136.55 ^ clkbuf_opt_4_2_clk_i/A (BUFx4_ASAP7_75t_R)
                  8.90   23.65  160.20 ^ clkbuf_opt_4_2_clk_i/Y (BUFx4_ASAP7_75t_R)
     1    0.75                           clknet_opt_4_2_clk_i (net)
                  8.90    0.07  160.27 ^ clkbuf_leaf_12_clk_i/A (BUFx4_ASAP7_75t_R)
                 41.16   38.04  198.31 ^ clkbuf_leaf_12_clk_i/Y (BUFx4_ASAP7_75t_R)
    30   21.67                           clknet_leaf_12_clk_i (net)
                 41.29    1.37  199.68 ^ _14305_/A (AND2x2_ASAP7_75t_R)
                 11.18   25.84  225.52 ^ _14305_/Y (AND2x2_ASAP7_75t_R)
     1    1.06                           gen_sub_units_scm[3].sub_unit_i.cg_we_global.clk_o (net)
                 11.19    0.14  225.67 ^ clkbuf_0_gen_sub_units_scm[3].sub_unit_i.cg_we_global.clk_o/A (BUFx4_ASAP7_75t_R)
                 12.52   25.04  250.71 ^ clkbuf_0_gen_sub_units_scm[3].sub_unit_i.cg_we_global.clk_o/Y (BUFx4_ASAP7_75t_R)
     4    2.94                           clknet_0_gen_sub_units_scm[3].sub_unit_i.cg_we_global.clk_o (net)
                 12.56    0.34  251.05 ^ clkbuf_2_2__f_gen_sub_units_scm[3].sub_unit_i.cg_we_global.clk_o/A (BUFx4_ASAP7_75t_R)
                 17.20   28.33  279.38 ^ clkbuf_2_2__f_gen_sub_units_scm[3].sub_unit_i.cg_we_global.clk_o/Y (BUFx4_ASAP7_75t_R)
    10    5.60                           clknet_2_2__leaf_gen_sub_units_scm[3].sub_unit_i.cg_we_global.clk_o (net)
                 17.21    0.25  279.63 ^ _19530_/CLK (DLLx1_ASAP7_75t_R)
                          0.00  279.63   clock reconvergence pessimism
                          5.55  285.18   library hold time
                                285.18   data required time
-----------------------------------------------------------------------------
                                285.18   data required time
                               -294.14   data arrival time
-----------------------------------------------------------------------------
                                  8.96   slack (MET)



==========================================================================
finish report_checks -path_delay max
--------------------------------------------------------------------------
Startpoint: rst_ni (input port clocked by clk)
Endpoint: _23332_ (recovery check against rising-edge clock clk)
Path Group: **async_default**
Path Type: max

Fanout     Cap    Slew   Delay    Time   Description
-----------------------------------------------------------------------------
                          0.00    0.00   clock clk (rise edge)
                          0.00    0.00   clock network delay (propagated)
                        100.00  100.00 ^ input external delay
                  0.00    0.00  100.00 ^ rst_ni (in)
     1    1.27                           rst_ni (net)
                  0.37    0.12  100.12 ^ hold4/A (BUFx4_ASAP7_75t_R)
                  8.78   19.23  119.35 ^ hold4/Y (BUFx4_ASAP7_75t_R)
     1    0.67                           net453 (net)
                  8.78    0.05  119.40 ^ hold1/A (BUFx4_ASAP7_75t_R)
                  8.58   21.67  141.07 ^ hold1/Y (BUFx4_ASAP7_75t_R)
     1    0.59                           net450 (net)
                  8.58    0.03  141.10 ^ hold5/A (BUFx4_ASAP7_75t_R)
                  9.32   22.12  163.22 ^ hold5/Y (BUFx4_ASAP7_75t_R)
     1    0.99                           net454 (net)
                  9.32    0.09  163.31 ^ input10/A (BUFx3_ASAP7_75t_R)
                  6.75   15.66  178.98 ^ input10/Y (BUFx3_ASAP7_75t_R)
     1    0.86                           net10 (net)
                  6.75    0.08  179.06 ^ hold6/A (BUFx4_ASAP7_75t_R)
                  8.62   21.08  200.14 ^ hold6/Y (BUFx4_ASAP7_75t_R)
     1    0.61                           net455 (net)
                  8.62    0.03  200.17 ^ hold2/A (BUFx4_ASAP7_75t_R)
                  8.74   21.73  221.91 ^ hold2/Y (BUFx4_ASAP7_75t_R)
     1    0.67                           net451 (net)
                  8.74    0.05  221.95 ^ hold7/A (BUFx4_ASAP7_75t_R)
                 14.92   25.73  247.68 ^ hold7/Y (BUFx4_ASAP7_75t_R)
     1    4.75                           net456 (net)
                 14.93    0.20  247.88 ^ _14941_/A (INVx8_ASAP7_75t_R)
                  4.83    6.07  253.95 v _14941_/Y (INVx8_ASAP7_75t_R)
     1    0.67                           _00545_ (net)
                  4.83    0.05  253.99 v hold8/A (BUFx4_ASAP7_75t_R)
                  9.35   23.28  277.28 v hold8/Y (BUFx4_ASAP7_75t_R)
     1    0.74                           net457 (net)
                  9.35    0.05  277.33 v hold3/A (BUFx4_ASAP7_75t_R)
                  9.53   24.97  302.30 v hold3/Y (BUFx4_ASAP7_75t_R)
     1    0.88                           net452 (net)
                  9.53    0.10  302.40 v hold9/A (BUFx4_ASAP7_75t_R)
                 32.36   37.49  339.89 v hold9/Y (BUFx4_ASAP7_75t_R)
    16   14.94                           net458 (net)
                 33.46    3.23  343.13 v _23332_/RESET (ASYNC_DFFHx1_ASAP7_75t_R)
                                343.13   data arrival time

                       1000.00 1000.00   clock clk (rise edge)
                          0.00 1000.00   clock source latency
                  0.00    0.00 1000.00 ^ clk_i (in)
     1    8.87                           clk_i (net)
                 14.93    4.71 1004.71 ^ clkbuf_0_clk_i/A (BUFx4_ASAP7_75t_R)
                 17.01   28.80 1033.51 ^ clkbuf_0_clk_i/Y (BUFx4_ASAP7_75t_R)
     2    4.25                           clknet_0_clk_i (net)
                 17.07    0.57 1034.08 ^ clkbuf_1_1__f_clk_i/A (BUFx4_ASAP7_75t_R)
                 40.35   39.94 1074.02 ^ clkbuf_1_1__f_clk_i/Y (BUFx4_ASAP7_75t_R)
     7   14.27                           clknet_1_1__leaf_clk_i (net)
                 40.54    1.62 1075.64 ^ clkbuf_opt_3_0_clk_i/A (BUFx4_ASAP7_75t_R)
                 11.15   33.79 1109.43 ^ clkbuf_opt_3_0_clk_i/Y (BUFx4_ASAP7_75t_R)
     1    1.43                           clknet_opt_3_0_clk_i (net)
                 11.17    0.29 1109.72 ^ clkbuf_opt_3_1_clk_i/A (BUFx4_ASAP7_75t_R)
                 12.24   24.80 1134.52 ^ clkbuf_opt_3_1_clk_i/Y (BUFx4_ASAP7_75t_R)
     1    2.22                           clknet_opt_3_1_clk_i (net)
                 12.39    0.64 1135.16 ^ clkbuf_leaf_9_clk_i/A (BUFx4_ASAP7_75t_R)
                 47.95   41.77 1176.94 ^ clkbuf_leaf_9_clk_i/Y (BUFx4_ASAP7_75t_R)
    30   17.57                           clknet_leaf_9_clk_i (net)
                 48.17    1.86 1178.80 ^ _14857_/A (AND2x2_ASAP7_75t_R)
                 14.44   29.43 1208.23 ^ _14857_/Y (AND2x2_ASAP7_75t_R)
     1    2.00                           cg_we_global.clk_o (net)
                 14.49    0.48 1208.70 ^ clkbuf_0_cg_we_global.clk_o/A (BUFx4_ASAP7_75t_R)
                 10.18   24.82 1233.52 ^ clkbuf_0_cg_we_global.clk_o/Y (BUFx4_ASAP7_75t_R)
     2    1.28                           clknet_0_cg_we_global.clk_o (net)
                 10.18    0.14 1233.66 ^ clkbuf_1_1__f_cg_we_global.clk_o/A (BUFx4_ASAP7_75t_R)
                 15.34   26.39 1260.05 ^ clkbuf_1_1__f_cg_we_global.clk_o/Y (BUFx4_ASAP7_75t_R)
     7    3.62                           clknet_1_1__leaf_cg_we_global.clk_o (net)
                 15.35    0.09 1260.14 ^ _23332_/CLK (ASYNC_DFFHx1_ASAP7_75t_R)
                          0.00 1260.14   clock reconvergence pessimism
                         37.59 1297.74   library recovery time
                               1297.74   data required time
-----------------------------------------------------------------------------
                               1297.74   data required time
                               -343.13   data arrival time
-----------------------------------------------------------------------------
                                954.61   slack (MET)


Startpoint: _19510_ (negative level-sensitive latch clocked by clk)
Endpoint: _14322_ (rising clock gating-check end-point clocked by clk)
Path Group: **clock_gating_default**
Path Type: max

Fanout     Cap    Slew   Delay    Time   Description
-----------------------------------------------------------------------------
                        500.00  500.00   clock clk (fall edge)
                          0.00  500.00   clock source latency
                  0.00    0.00  500.00 v clk_i (in)
     1    9.00                           clk_i (net)
                 15.32    4.83  504.83 v clkbuf_0_clk_i/A (BUFx4_ASAP7_75t_R)
                 15.88   31.29  536.13 v clkbuf_0_clk_i/Y (BUFx4_ASAP7_75t_R)
     2    4.52                           clknet_0_clk_i (net)
                 15.94    0.57  536.69 v clkbuf_1_1__f_clk_i/A (BUFx4_ASAP7_75t_R)
                 34.45   40.80  577.49 v clkbuf_1_1__f_clk_i/Y (BUFx4_ASAP7_75t_R)
     7   15.25                           clknet_1_1__leaf_clk_i (net)
                 34.63    1.47  578.96 v clkbuf_opt_4_0_clk_i/A (BUFx4_ASAP7_75t_R)
                 11.18   35.31  614.27 v clkbuf_opt_4_0_clk_i/Y (BUFx4_ASAP7_75t_R)
     1    1.79                           clknet_opt_4_0_clk_i (net)
                 11.22    0.32  614.59 v clkbuf_opt_4_1_clk_i/A (BUFx4_ASAP7_75t_R)
                 13.04   27.95  642.54 v clkbuf_opt_4_1_clk_i/Y (BUFx4_ASAP7_75t_R)
     1    2.88                           clknet_opt_4_1_clk_i (net)
                 13.24    0.83  643.37 v clkbuf_opt_4_2_clk_i/A (BUFx4_ASAP7_75t_R)
                  9.31   26.18  669.55 v clkbuf_opt_4_2_clk_i/Y (BUFx4_ASAP7_75t_R)
     1    0.75                           clknet_opt_4_2_clk_i (net)
                  9.32    0.07  669.62 v clkbuf_leaf_12_clk_i/A (BUFx4_ASAP7_75t_R)
                 34.88   39.26  708.88 v clkbuf_leaf_12_clk_i/Y (BUFx4_ASAP7_75t_R)
    30   21.68                           clknet_leaf_12_clk_i (net)
                 35.04    1.36  710.24 v _14305_/A (AND2x2_ASAP7_75t_R)
                  9.79   29.23  739.48 v _14305_/Y (AND2x2_ASAP7_75t_R)
     1    1.06                           gen_sub_units_scm[3].sub_unit_i.cg_we_global.clk_o (net)
                  9.80    0.14  739.62 v clkbuf_0_gen_sub_units_scm[3].sub_unit_i.cg_we_global.clk_o/A (BUFx4_ASAP7_75t_R)
                 12.15   27.08  766.70 v clkbuf_0_gen_sub_units_scm[3].sub_unit_i.cg_we_global.clk_o/Y (BUFx4_ASAP7_75t_R)
     4    2.93                           clknet_0_gen_sub_units_scm[3].sub_unit_i.cg_we_global.clk_o (net)
                 12.18    0.34  767.04 v clkbuf_2_2__f_gen_sub_units_scm[3].sub_unit_i.cg_we_global.clk_o/A (BUFx4_ASAP7_75t_R)
                 15.82   30.42  797.46 v clkbuf_2_2__f_gen_sub_units_scm[3].sub_unit_i.cg_we_global.clk_o/Y (BUFx4_ASAP7_75t_R)
    10    5.64                           clknet_2_2__leaf_gen_sub_units_scm[3].sub_unit_i.cg_we_global.clk_o (net)
                 15.84    0.31  797.77 v _19510_/CLK (DLLx1_ASAP7_75t_R)
                 10.93   45.18  842.96 v _19510_/Q (DLLx1_ASAP7_75t_R)
     1    0.79                           gen_sub_units_scm[3].sub_unit_i.gen_cg_word_iter[24].cg_i.en_latch (net)
                 10.93    0.08  843.03 v _14322_/C (AND3x1_ASAP7_75t_R)
                                843.03   data arrival time

                       1000.00 1000.00   clock clk (rise edge)
                          0.00 1000.00   clock source latency
                  0.00    0.00 1000.00 ^ clk_i (in)
     1    8.87                           clk_i (net)
                 14.93    4.71 1004.71 ^ clkbuf_0_clk_i/A (BUFx4_ASAP7_75t_R)
                 17.01   28.80 1033.51 ^ clkbuf_0_clk_i/Y (BUFx4_ASAP7_75t_R)
     2    4.25                           clknet_0_clk_i (net)
                 17.07    0.57 1034.08 ^ clkbuf_1_1__f_clk_i/A (BUFx4_ASAP7_75t_R)
                 40.35   39.94 1074.02 ^ clkbuf_1_1__f_clk_i/Y (BUFx4_ASAP7_75t_R)
     7   14.27                           clknet_1_1__leaf_clk_i (net)
                 41.31    3.40 1077.42 ^ clkbuf_leaf_13_clk_i/A (BUFx4_ASAP7_75t_R)
                 47.74   50.04 1127.46 ^ clkbuf_leaf_13_clk_i/Y (BUFx4_ASAP7_75t_R)
    30   17.02                           clknet_leaf_13_clk_i (net)
                 48.11    2.44 1129.90 ^ _14322_/A (AND3x1_ASAP7_75t_R)
                          0.26 1130.16   clock reconvergence pessimism
                          0.00 1130.16   clock gating setup time
                               1130.16   data required time
-----------------------------------------------------------------------------
                               1130.16   data required time
                               -843.03   data arrival time
-----------------------------------------------------------------------------
                                287.13   slack (MET)


Startpoint: _15198_ (positive level-sensitive latch clocked by clk)
Endpoint: rdata_a_o[6] (output port clocked by clk)
Path Group: clk
Path Type: max

Fanout     Cap    Slew   Delay    Time   Description
-----------------------------------------------------------------------------
                          0.00    0.00   clock clk (rise edge)
                          0.00    0.00   clock source latency
                  0.00    0.00    0.00 ^ clk_i (in)
     1    8.87                           clk_i (net)
                 14.93    4.71    4.71 ^ clkbuf_0_clk_i/A (BUFx4_ASAP7_75t_R)
                 17.01   28.80   33.51 ^ clkbuf_0_clk_i/Y (BUFx4_ASAP7_75t_R)
     2    4.25                           clknet_0_clk_i (net)
                 17.08    0.61   34.12 ^ clkbuf_1_0__f_clk_i/A (BUFx4_ASAP7_75t_R)
                 55.45   44.30   78.42 ^ clkbuf_1_0__f_clk_i/Y (BUFx4_ASAP7_75t_R)
    12   20.04                           clknet_1_0__leaf_clk_i (net)
                 56.07    3.40   81.82 ^ clkbuf_opt_2_0_clk_i/A (BUFx4_ASAP7_75t_R)
                 12.27   37.89  119.71 ^ clkbuf_opt_2_0_clk_i/Y (BUFx4_ASAP7_75t_R)
     1    1.61                           clknet_opt_2_0_clk_i (net)
                 12.31    0.31  120.03 ^ clkbuf_opt_2_1_clk_i/A (BUFx4_ASAP7_75t_R)
                 12.92   25.54  145.57 ^ clkbuf_opt_2_1_clk_i/Y (BUFx4_ASAP7_75t_R)
     1    2.49                           clknet_opt_2_1_clk_i (net)
                 13.07    0.72  146.29 ^ clkbuf_opt_2_2_clk_i/A (BUFx4_ASAP7_75t_R)
                  9.68   23.94  170.23 ^ clkbuf_opt_2_2_clk_i/Y (BUFx4_ASAP7_75t_R)
     1    1.02                           clknet_opt_2_2_clk_i (net)
                  9.69    0.16  170.39 ^ clkbuf_leaf_17_clk_i/A (BUFx4_ASAP7_75t_R)
                 42.14   38.24  208.63 ^ clkbuf_leaf_17_clk_i/Y (BUFx4_ASAP7_75t_R)
    30   15.06                           clknet_leaf_17_clk_i (net)
                 42.69    2.68  211.31 ^ _13608_/A (AND3x1_ASAP7_75t_R)
                 24.44   37.80  249.11 ^ _13608_/Y (AND3x1_ASAP7_75t_R)
     1    2.05                           gen_sub_units_scm[11].sub_unit_i.gen_cg_word_iter[27].cg_i.clk_o (net)
                 24.47    0.50  249.62 ^ clkbuf_0_gen_sub_units_scm[11].sub_unit_i.gen_cg_word_iter[27].cg_i.clk_o/A (BUFx4_ASAP7_75t_R)
                 11.41   29.05  278.66 ^ clkbuf_0_gen_sub_units_scm[11].sub_unit_i.gen_cg_word_iter[27].cg_i.clk_o/Y (BUFx4_ASAP7_75t_R)
     2    1.84                           clknet_0_gen_sub_units_scm[11].sub_unit_i.gen_cg_word_iter[27].cg_i.clk_o (net)
                 11.42    0.16  278.82 ^ clkbuf_1_0__f_gen_sub_units_scm[11].sub_unit_i.gen_cg_word_iter[27].cg_i.clk_o/A (BUFx4_ASAP7_75t_R)
                 22.14   30.38  309.20 ^ clkbuf_1_0__f_gen_sub_units_scm[11].sub_unit_i.gen_cg_word_iter[27].cg_i.clk_o/Y (BUFx4_ASAP7_75t_R)
     9    6.58                           clknet_1_0__leaf_gen_sub_units_scm[11].sub_unit_i.gen_cg_word_iter[27].cg_i.clk_o (net)
                 22.20    0.65  309.85 ^ _15198_/CLK (DHLx1_ASAP7_75t_R)
                        428.54  738.38   time given to startpoint
                295.67    0.00  738.38 v _15198_/D (DHLx1_ASAP7_75t_R)
                  9.35   60.88  799.26 v _15198_/Q (DHLx1_ASAP7_75t_R)
     1    0.46                           gen_sub_units_scm[11].sub_unit_i.mem[27][6] (net)
                  9.35    0.04  799.30 v _11338_/A1 (AO22x1_ASAP7_75t_R)
                 14.36   25.67  824.97 v _11338_/Y (AO22x1_ASAP7_75t_R)
     1    0.70                           _04550_ (net)
                 14.36    0.03  825.00 v _11340_/C (OR4x1_ASAP7_75t_R)
                 13.93   37.99  862.99 v _11340_/Y (OR4x1_ASAP7_75t_R)
     1    0.87                           _04552_ (net)
                 13.93    0.08  863.08 v _11341_/D (OR4x1_ASAP7_75t_R)
                 19.91   42.67  905.75 v _11341_/Y (OR4x1_ASAP7_75t_R)
     1    1.62                           _04553_ (net)
                 19.93    0.39  906.14 v _11342_/E (OR5x2_ASAP7_75t_R)
                 27.33   64.70  970.84 v _11342_/Y (OR5x2_ASAP7_75t_R)
     1    3.46                           _04554_ (net)
                 27.40    0.77  971.61 v _11362_/A2 (AO21x2_ASAP7_75t_R)
                 22.49   34.66 1006.27 v _11362_/Y (AO21x2_ASAP7_75t_R)
     1    3.87                           _04574_ (net)
                 22.90    1.68 1007.94 v _11442_/B (OR5x2_ASAP7_75t_R)
                 37.99   65.77 1073.71 v _11442_/Y (OR5x2_ASAP7_75t_R)
     1    5.81                           _04654_ (net)
                 38.90    3.15 1076.86 v _11603_/A (OR4x2_ASAP7_75t_R)
                 28.67   56.46 1133.32 v _11603_/Y (OR4x2_ASAP7_75t_R)
     1    4.33                           net50 (net)
                 28.85    1.30 1134.62 v output50/A (BUFx3_ASAP7_75t_R)
                  6.41   23.08 1157.70 v output50/Y (BUFx3_ASAP7_75t_R)
     1    0.37                           rdata_a_o[6] (net)
                  6.41    0.03 1157.72 v rdata_a_o[6] (out)
                               1157.72   data arrival time

                       1000.00 1000.00   clock clk (rise edge)
                          0.00 1000.00   clock network delay (propagated)
                          0.00 1000.00   clock reconvergence pessimism
                       -100.00  900.00   output external delay
                                900.00   data required time
-----------------------------------------------------------------------------
                                900.00   data required time
                               -1157.72   data arrival time
-----------------------------------------------------------------------------
                               -257.73   slack (VIOLATED)



==========================================================================
finish report_checks -unconstrained
--------------------------------------------------------------------------
Startpoint: rst_ni (input port clocked by clk)
Endpoint: _23332_ (recovery check against rising-edge clock clk)
Path Group: **async_default**
Path Type: max

Fanout     Cap    Slew   Delay    Time   Description
-----------------------------------------------------------------------------
                          0.00    0.00   clock clk (rise edge)
                          0.00    0.00   clock network delay (propagated)
                        100.00  100.00 ^ input external delay
                  0.00    0.00  100.00 ^ rst_ni (in)
     1    1.27                           rst_ni (net)
                  0.37    0.12  100.12 ^ hold4/A (BUFx4_ASAP7_75t_R)
                  8.78   19.23  119.35 ^ hold4/Y (BUFx4_ASAP7_75t_R)
     1    0.67                           net453 (net)
                  8.78    0.05  119.40 ^ hold1/A (BUFx4_ASAP7_75t_R)
                  8.58   21.67  141.07 ^ hold1/Y (BUFx4_ASAP7_75t_R)
     1    0.59                           net450 (net)
                  8.58    0.03  141.10 ^ hold5/A (BUFx4_ASAP7_75t_R)
                  9.32   22.12  163.22 ^ hold5/Y (BUFx4_ASAP7_75t_R)
     1    0.99                           net454 (net)
                  9.32    0.09  163.31 ^ input10/A (BUFx3_ASAP7_75t_R)
                  6.75   15.66  178.98 ^ input10/Y (BUFx3_ASAP7_75t_R)
     1    0.86                           net10 (net)
                  6.75    0.08  179.06 ^ hold6/A (BUFx4_ASAP7_75t_R)
                  8.62   21.08  200.14 ^ hold6/Y (BUFx4_ASAP7_75t_R)
     1    0.61                           net455 (net)
                  8.62    0.03  200.17 ^ hold2/A (BUFx4_ASAP7_75t_R)
                  8.74   21.73  221.91 ^ hold2/Y (BUFx4_ASAP7_75t_R)
     1    0.67                           net451 (net)
                  8.74    0.05  221.95 ^ hold7/A (BUFx4_ASAP7_75t_R)
                 14.92   25.73  247.68 ^ hold7/Y (BUFx4_ASAP7_75t_R)
     1    4.75                           net456 (net)
                 14.93    0.20  247.88 ^ _14941_/A (INVx8_ASAP7_75t_R)
                  4.83    6.07  253.95 v _14941_/Y (INVx8_ASAP7_75t_R)
     1    0.67                           _00545_ (net)
                  4.83    0.05  253.99 v hold8/A (BUFx4_ASAP7_75t_R)
                  9.35   23.28  277.28 v hold8/Y (BUFx4_ASAP7_75t_R)
     1    0.74                           net457 (net)
                  9.35    0.05  277.33 v hold3/A (BUFx4_ASAP7_75t_R)
                  9.53   24.97  302.30 v hold3/Y (BUFx4_ASAP7_75t_R)
     1    0.88                           net452 (net)
                  9.53    0.10  302.40 v hold9/A (BUFx4_ASAP7_75t_R)
                 32.36   37.49  339.89 v hold9/Y (BUFx4_ASAP7_75t_R)
    16   14.94                           net458 (net)
                 33.46    3.23  343.13 v _23332_/RESET (ASYNC_DFFHx1_ASAP7_75t_R)
                                343.13   data arrival time

                       1000.00 1000.00   clock clk (rise edge)
                          0.00 1000.00   clock source latency
                  0.00    0.00 1000.00 ^ clk_i (in)
     1    8.87                           clk_i (net)
                 14.93    4.71 1004.71 ^ clkbuf_0_clk_i/A (BUFx4_ASAP7_75t_R)
                 17.01   28.80 1033.51 ^ clkbuf_0_clk_i/Y (BUFx4_ASAP7_75t_R)
     2    4.25                           clknet_0_clk_i (net)
                 17.07    0.57 1034.08 ^ clkbuf_1_1__f_clk_i/A (BUFx4_ASAP7_75t_R)
                 40.35   39.94 1074.02 ^ clkbuf_1_1__f_clk_i/Y (BUFx4_ASAP7_75t_R)
     7   14.27                           clknet_1_1__leaf_clk_i (net)
                 40.54    1.62 1075.64 ^ clkbuf_opt_3_0_clk_i/A (BUFx4_ASAP7_75t_R)
                 11.15   33.79 1109.43 ^ clkbuf_opt_3_0_clk_i/Y (BUFx4_ASAP7_75t_R)
     1    1.43                           clknet_opt_3_0_clk_i (net)
                 11.17    0.29 1109.72 ^ clkbuf_opt_3_1_clk_i/A (BUFx4_ASAP7_75t_R)
                 12.24   24.80 1134.52 ^ clkbuf_opt_3_1_clk_i/Y (BUFx4_ASAP7_75t_R)
     1    2.22                           clknet_opt_3_1_clk_i (net)
                 12.39    0.64 1135.16 ^ clkbuf_leaf_9_clk_i/A (BUFx4_ASAP7_75t_R)
                 47.95   41.77 1176.94 ^ clkbuf_leaf_9_clk_i/Y (BUFx4_ASAP7_75t_R)
    30   17.57                           clknet_leaf_9_clk_i (net)
                 48.17    1.86 1178.80 ^ _14857_/A (AND2x2_ASAP7_75t_R)
                 14.44   29.43 1208.23 ^ _14857_/Y (AND2x2_ASAP7_75t_R)
     1    2.00                           cg_we_global.clk_o (net)
                 14.49    0.48 1208.70 ^ clkbuf_0_cg_we_global.clk_o/A (BUFx4_ASAP7_75t_R)
                 10.18   24.82 1233.52 ^ clkbuf_0_cg_we_global.clk_o/Y (BUFx4_ASAP7_75t_R)
     2    1.28                           clknet_0_cg_we_global.clk_o (net)
                 10.18    0.14 1233.66 ^ clkbuf_1_1__f_cg_we_global.clk_o/A (BUFx4_ASAP7_75t_R)
                 15.34   26.39 1260.05 ^ clkbuf_1_1__f_cg_we_global.clk_o/Y (BUFx4_ASAP7_75t_R)
     7    3.62                           clknet_1_1__leaf_cg_we_global.clk_o (net)
                 15.35    0.09 1260.14 ^ _23332_/CLK (ASYNC_DFFHx1_ASAP7_75t_R)
                          0.00 1260.14   clock reconvergence pessimism
                         37.59 1297.74   library recovery time
                               1297.74   data required time
-----------------------------------------------------------------------------
                               1297.74   data required time
                               -343.13   data arrival time
-----------------------------------------------------------------------------
                                954.61   slack (MET)


Startpoint: _19510_ (negative level-sensitive latch clocked by clk)
Endpoint: _14322_ (rising clock gating-check end-point clocked by clk)
Path Group: **clock_gating_default**
Path Type: max

Fanout     Cap    Slew   Delay    Time   Description
-----------------------------------------------------------------------------
                        500.00  500.00   clock clk (fall edge)
                          0.00  500.00   clock source latency
                  0.00    0.00  500.00 v clk_i (in)
     1    9.00                           clk_i (net)
                 15.32    4.83  504.83 v clkbuf_0_clk_i/A (BUFx4_ASAP7_75t_R)
                 15.88   31.29  536.13 v clkbuf_0_clk_i/Y (BUFx4_ASAP7_75t_R)
     2    4.52                           clknet_0_clk_i (net)
                 15.94    0.57  536.69 v clkbuf_1_1__f_clk_i/A (BUFx4_ASAP7_75t_R)
                 34.45   40.80  577.49 v clkbuf_1_1__f_clk_i/Y (BUFx4_ASAP7_75t_R)
     7   15.25                           clknet_1_1__leaf_clk_i (net)
                 34.63    1.47  578.96 v clkbuf_opt_4_0_clk_i/A (BUFx4_ASAP7_75t_R)
                 11.18   35.31  614.27 v clkbuf_opt_4_0_clk_i/Y (BUFx4_ASAP7_75t_R)
     1    1.79                           clknet_opt_4_0_clk_i (net)
                 11.22    0.32  614.59 v clkbuf_opt_4_1_clk_i/A (BUFx4_ASAP7_75t_R)
                 13.04   27.95  642.54 v clkbuf_opt_4_1_clk_i/Y (BUFx4_ASAP7_75t_R)
     1    2.88                           clknet_opt_4_1_clk_i (net)
                 13.24    0.83  643.37 v clkbuf_opt_4_2_clk_i/A (BUFx4_ASAP7_75t_R)
                  9.31   26.18  669.55 v clkbuf_opt_4_2_clk_i/Y (BUFx4_ASAP7_75t_R)
     1    0.75                           clknet_opt_4_2_clk_i (net)
                  9.32    0.07  669.62 v clkbuf_leaf_12_clk_i/A (BUFx4_ASAP7_75t_R)
                 34.88   39.26  708.88 v clkbuf_leaf_12_clk_i/Y (BUFx4_ASAP7_75t_R)
    30   21.68                           clknet_leaf_12_clk_i (net)
                 35.04    1.36  710.24 v _14305_/A (AND2x2_ASAP7_75t_R)
                  9.79   29.23  739.48 v _14305_/Y (AND2x2_ASAP7_75t_R)
     1    1.06                           gen_sub_units_scm[3].sub_unit_i.cg_we_global.clk_o (net)
                  9.80    0.14  739.62 v clkbuf_0_gen_sub_units_scm[3].sub_unit_i.cg_we_global.clk_o/A (BUFx4_ASAP7_75t_R)
                 12.15   27.08  766.70 v clkbuf_0_gen_sub_units_scm[3].sub_unit_i.cg_we_global.clk_o/Y (BUFx4_ASAP7_75t_R)
     4    2.93                           clknet_0_gen_sub_units_scm[3].sub_unit_i.cg_we_global.clk_o (net)
                 12.18    0.34  767.04 v clkbuf_2_2__f_gen_sub_units_scm[3].sub_unit_i.cg_we_global.clk_o/A (BUFx4_ASAP7_75t_R)
                 15.82   30.42  797.46 v clkbuf_2_2__f_gen_sub_units_scm[3].sub_unit_i.cg_we_global.clk_o/Y (BUFx4_ASAP7_75t_R)
    10    5.64                           clknet_2_2__leaf_gen_sub_units_scm[3].sub_unit_i.cg_we_global.clk_o (net)
                 15.84    0.31  797.77 v _19510_/CLK (DLLx1_ASAP7_75t_R)
                 10.93   45.18  842.96 v _19510_/Q (DLLx1_ASAP7_75t_R)
     1    0.79                           gen_sub_units_scm[3].sub_unit_i.gen_cg_word_iter[24].cg_i.en_latch (net)
                 10.93    0.08  843.03 v _14322_/C (AND3x1_ASAP7_75t_R)
                                843.03   data arrival time

                       1000.00 1000.00   clock clk (rise edge)
                          0.00 1000.00   clock source latency
                  0.00    0.00 1000.00 ^ clk_i (in)
     1    8.87                           clk_i (net)
                 14.93    4.71 1004.71 ^ clkbuf_0_clk_i/A (BUFx4_ASAP7_75t_R)
                 17.01   28.80 1033.51 ^ clkbuf_0_clk_i/Y (BUFx4_ASAP7_75t_R)
     2    4.25                           clknet_0_clk_i (net)
                 17.07    0.57 1034.08 ^ clkbuf_1_1__f_clk_i/A (BUFx4_ASAP7_75t_R)
                 40.35   39.94 1074.02 ^ clkbuf_1_1__f_clk_i/Y (BUFx4_ASAP7_75t_R)
     7   14.27                           clknet_1_1__leaf_clk_i (net)
                 41.31    3.40 1077.42 ^ clkbuf_leaf_13_clk_i/A (BUFx4_ASAP7_75t_R)
                 47.74   50.04 1127.46 ^ clkbuf_leaf_13_clk_i/Y (BUFx4_ASAP7_75t_R)
    30   17.02                           clknet_leaf_13_clk_i (net)
                 48.11    2.44 1129.90 ^ _14322_/A (AND3x1_ASAP7_75t_R)
                          0.26 1130.16   clock reconvergence pessimism
                          0.00 1130.16   clock gating setup time
                               1130.16   data required time
-----------------------------------------------------------------------------
                               1130.16   data required time
                               -843.03   data arrival time
-----------------------------------------------------------------------------
                                287.13   slack (MET)


Startpoint: _15198_ (positive level-sensitive latch clocked by clk)
Endpoint: rdata_a_o[6] (output port clocked by clk)
Path Group: clk
Path Type: max

Fanout     Cap    Slew   Delay    Time   Description
-----------------------------------------------------------------------------
                          0.00    0.00   clock clk (rise edge)
                          0.00    0.00   clock source latency
                  0.00    0.00    0.00 ^ clk_i (in)
     1    8.87                           clk_i (net)
                 14.93    4.71    4.71 ^ clkbuf_0_clk_i/A (BUFx4_ASAP7_75t_R)
                 17.01   28.80   33.51 ^ clkbuf_0_clk_i/Y (BUFx4_ASAP7_75t_R)
     2    4.25                           clknet_0_clk_i (net)
                 17.08    0.61   34.12 ^ clkbuf_1_0__f_clk_i/A (BUFx4_ASAP7_75t_R)
                 55.45   44.30   78.42 ^ clkbuf_1_0__f_clk_i/Y (BUFx4_ASAP7_75t_R)
    12   20.04                           clknet_1_0__leaf_clk_i (net)
                 56.07    3.40   81.82 ^ clkbuf_opt_2_0_clk_i/A (BUFx4_ASAP7_75t_R)
                 12.27   37.89  119.71 ^ clkbuf_opt_2_0_clk_i/Y (BUFx4_ASAP7_75t_R)
     1    1.61                           clknet_opt_2_0_clk_i (net)
                 12.31    0.31  120.03 ^ clkbuf_opt_2_1_clk_i/A (BUFx4_ASAP7_75t_R)
                 12.92   25.54  145.57 ^ clkbuf_opt_2_1_clk_i/Y (BUFx4_ASAP7_75t_R)
     1    2.49                           clknet_opt_2_1_clk_i (net)
                 13.07    0.72  146.29 ^ clkbuf_opt_2_2_clk_i/A (BUFx4_ASAP7_75t_R)
                  9.68   23.94  170.23 ^ clkbuf_opt_2_2_clk_i/Y (BUFx4_ASAP7_75t_R)
     1    1.02                           clknet_opt_2_2_clk_i (net)
                  9.69    0.16  170.39 ^ clkbuf_leaf_17_clk_i/A (BUFx4_ASAP7_75t_R)
                 42.14   38.24  208.63 ^ clkbuf_leaf_17_clk_i/Y (BUFx4_ASAP7_75t_R)
    30   15.06                           clknet_leaf_17_clk_i (net)
                 42.69    2.68  211.31 ^ _13608_/A (AND3x1_ASAP7_75t_R)
                 24.44   37.80  249.11 ^ _13608_/Y (AND3x1_ASAP7_75t_R)
     1    2.05                           gen_sub_units_scm[11].sub_unit_i.gen_cg_word_iter[27].cg_i.clk_o (net)
                 24.47    0.50  249.62 ^ clkbuf_0_gen_sub_units_scm[11].sub_unit_i.gen_cg_word_iter[27].cg_i.clk_o/A (BUFx4_ASAP7_75t_R)
                 11.41   29.05  278.66 ^ clkbuf_0_gen_sub_units_scm[11].sub_unit_i.gen_cg_word_iter[27].cg_i.clk_o/Y (BUFx4_ASAP7_75t_R)
     2    1.84                           clknet_0_gen_sub_units_scm[11].sub_unit_i.gen_cg_word_iter[27].cg_i.clk_o (net)
                 11.42    0.16  278.82 ^ clkbuf_1_0__f_gen_sub_units_scm[11].sub_unit_i.gen_cg_word_iter[27].cg_i.clk_o/A (BUFx4_ASAP7_75t_R)
                 22.14   30.38  309.20 ^ clkbuf_1_0__f_gen_sub_units_scm[11].sub_unit_i.gen_cg_word_iter[27].cg_i.clk_o/Y (BUFx4_ASAP7_75t_R)
     9    6.58                           clknet_1_0__leaf_gen_sub_units_scm[11].sub_unit_i.gen_cg_word_iter[27].cg_i.clk_o (net)
                 22.20    0.65  309.85 ^ _15198_/CLK (DHLx1_ASAP7_75t_R)
                        428.54  738.38   time given to startpoint
                295.67    0.00  738.38 v _15198_/D (DHLx1_ASAP7_75t_R)
                  9.35   60.88  799.26 v _15198_/Q (DHLx1_ASAP7_75t_R)
     1    0.46                           gen_sub_units_scm[11].sub_unit_i.mem[27][6] (net)
                  9.35    0.04  799.30 v _11338_/A1 (AO22x1_ASAP7_75t_R)
                 14.36   25.67  824.97 v _11338_/Y (AO22x1_ASAP7_75t_R)
     1    0.70                           _04550_ (net)
                 14.36    0.03  825.00 v _11340_/C (OR4x1_ASAP7_75t_R)
                 13.93   37.99  862.99 v _11340_/Y (OR4x1_ASAP7_75t_R)
     1    0.87                           _04552_ (net)
                 13.93    0.08  863.08 v _11341_/D (OR4x1_ASAP7_75t_R)
                 19.91   42.67  905.75 v _11341_/Y (OR4x1_ASAP7_75t_R)
     1    1.62                           _04553_ (net)
                 19.93    0.39  906.14 v _11342_/E (OR5x2_ASAP7_75t_R)
                 27.33   64.70  970.84 v _11342_/Y (OR5x2_ASAP7_75t_R)
     1    3.46                           _04554_ (net)
                 27.40    0.77  971.61 v _11362_/A2 (AO21x2_ASAP7_75t_R)
                 22.49   34.66 1006.27 v _11362_/Y (AO21x2_ASAP7_75t_R)
     1    3.87                           _04574_ (net)
                 22.90    1.68 1007.94 v _11442_/B (OR5x2_ASAP7_75t_R)
                 37.99   65.77 1073.71 v _11442_/Y (OR5x2_ASAP7_75t_R)
     1    5.81                           _04654_ (net)
                 38.90    3.15 1076.86 v _11603_/A (OR4x2_ASAP7_75t_R)
                 28.67   56.46 1133.32 v _11603_/Y (OR4x2_ASAP7_75t_R)
     1    4.33                           net50 (net)
                 28.85    1.30 1134.62 v output50/A (BUFx3_ASAP7_75t_R)
                  6.41   23.08 1157.70 v output50/Y (BUFx3_ASAP7_75t_R)
     1    0.37                           rdata_a_o[6] (net)
                  6.41    0.03 1157.72 v rdata_a_o[6] (out)
                               1157.72   data arrival time

                       1000.00 1000.00   clock clk (rise edge)
                          0.00 1000.00   clock network delay (propagated)
                          0.00 1000.00   clock reconvergence pessimism
                       -100.00  900.00   output external delay
                                900.00   data required time
-----------------------------------------------------------------------------
                                900.00   data required time
                               -1157.72   data arrival time
-----------------------------------------------------------------------------
                               -257.73   slack (VIOLATED)



==========================================================================
finish report_check_types -max_slew -max_cap -max_fanout -violators
--------------------------------------------------------------------------

==========================================================================
finish max_slew_check_slack
--------------------------------------------------------------------------
13.463619232177734

==========================================================================
finish max_slew_check_limit
--------------------------------------------------------------------------
320.0

==========================================================================
finish max_slew_check_slack_limit
--------------------------------------------------------------------------
0.0421

==========================================================================
finish max_fanout_check_slack
--------------------------------------------------------------------------
1.0000000150474662e+30

==========================================================================
finish max_fanout_check_limit
--------------------------------------------------------------------------
1.0000000150474662e+30

==========================================================================
finish max_capacitance_check_slack
--------------------------------------------------------------------------
34.04918670654297

==========================================================================
finish max_capacitance_check_limit
--------------------------------------------------------------------------
46.08000183105469

==========================================================================
finish max_capacitance_check_slack_limit
--------------------------------------------------------------------------
0.7389

==========================================================================
finish max_slew_violation_count
--------------------------------------------------------------------------
max slew violation count 0

==========================================================================
finish max_fanout_violation_count
--------------------------------------------------------------------------
max fanout violation count 0

==========================================================================
finish max_cap_violation_count
--------------------------------------------------------------------------
max cap violation count 0

==========================================================================
finish setup_violation_count
--------------------------------------------------------------------------
setup violation count 1

==========================================================================
finish hold_violation_count
--------------------------------------------------------------------------
hold violation count 1

==========================================================================
finish critical path delay
--------------------------------------------------------------------------
1157.7250

==========================================================================
finish critical path slack
--------------------------------------------------------------------------
-257.7251

==========================================================================
finish slack div critical path delay
--------------------------------------------------------------------------
-22.261340

==========================================================================
finish report_power
--------------------------------------------------------------------------
Group                  Internal  Switching    Leakage      Total
                          Power      Power      Power      Power (Watts)
----------------------------------------------------------------
Sequential             4.75e-03   1.30e-04   1.25e-06   4.89e-03  33.1%
Combinational          3.79e-03   6.10e-03   1.68e-06   9.90e-03  66.9%
Macro                  0.00e+00   0.00e+00   0.00e+00   0.00e+00   0.0%
Pad                    0.00e+00   0.00e+00   0.00e+00   0.00e+00   0.0%
----------------------------------------------------------------
Total                  8.55e-03   6.23e-03   2.93e-06   1.48e-02 100.0%
                          57.8%      42.1%       0.0%

==========================================================================
finish report_design_area
--------------------------------------------------------------------------
Design area 3065 u^2 33% utilization.
Core area = 9166504320

Fontconfig error: Cannot load default config file: No such file: (null)
This plugin does not support propagateSizeHints()
[WARNING GUI-0010] File path does not end with a valid extension, new path is: ./reports/asap7/scm/base/final_routing.webp.png
[WARNING GUI-0010] File path does not end with a valid extension, new path is: ./reports/asap7/scm/base/final_placement.webp.png
[WARNING GUI-0010] File path does not end with a valid extension, new path is: ./reports/asap7/scm/base/final_ir_drop.webp.png
This plugin does not support propagateSizeHints()
[WARNING GUI-0010] File path does not end with a valid extension, new path is: ./reports/asap7/scm/base/final_clocks.webp.png
This plugin does not support propagateSizeHints()
This plugin does not support propagateSizeHints()
[WARNING GUI-0010] File path does not end with a valid extension, new path is: ./reports/asap7/scm/base/final_resizer.webp.png
This plugin does not support propagateSizeHints()
Elapsed time: 1:09.43[h:]min:sec. CPU time: user 68.52 sys 0.90 (99%). Peak memory: 2152096KB.
