OpenROAD b57893514040c5aa453ab5c104f35d1173a8add9 
This program is licensed under the BSD-3 license. See the LICENSE file for details.
Components of this program may be licensed under more restrictive licenses which must be honored.
Placement Analysis
---------------------------------
total displacement      21668.2 u
average displacement        0.4 u
max displacement            4.5 u
original HPWL          166565.5 u
legalized HPWL         188701.5 u
delta HPWL                   13 %

Detailed placement improvement.
Importing netlist into detailed improver.
[INFO DPO-0100] Creating network with 61470 cells, 477 terminals, 59566 edges and 182652 pins.
[INFO DPO-0109] Network stats: inst 61947, edges 59566, pins 182652
[INFO DPO-0110] Number of regions is 1
[INFO DPO-0401] Setting random seed to 1.
[INFO DPO-0402] Setting maximum displacement 5 1 to 1350 270 units.
[INFO DPO-0320] Collected 2790 fixed cells (excluded terminal_NI).
[INFO DPO-0318] Collected 59157 single height cells.
[INFO DPO-0321] Collected 0 wide cells.
[INFO DPO-0322] Image (2052, 2160) - (140778, 140670)
[INFO DPO-0310] Assigned 59157 cells into segments.  Movement in X-direction is 0.000000, movement in Y-direction is 0.000000.
[INFO DPO-0313] Found 0 cells in wrong regions.
[INFO DPO-0315] Found 0 row alignment problems.
[INFO DPO-0314] Found 0 site alignment problems.
[INFO DPO-0311] Found 0 overlaps between adjacent cells.
[INFO DPO-0312] Found 0 edge spacing violations and 0 padding violations.
[INFO DPO-0303] Running algorithm for independent set matching.
[INFO DPO-0300] Set matching objective is wirelength.
[INFO DPO-0301] Pass   1 of matching; objective is 1.888377e+08.
[INFO DPO-0302] End of matching; objective is 1.881251e+08, improvement is 0.38 percent.
[INFO DPO-0303] Running algorithm for global swaps.
[INFO DPO-0306] Pass   1 of global swaps; hpwl is 1.845361e+08.
[INFO DPO-0306] Pass   2 of global swaps; hpwl is 1.838650e+08.
[INFO DPO-0307] End of global swaps; objective is 1.838650e+08, improvement is 2.26 percent.
[INFO DPO-0303] Running algorithm for vertical swaps.
[INFO DPO-0308] Pass   1 of vertical swaps; hpwl is 1.831087e+08.
[INFO DPO-0309] End of vertical swaps; objective is 1.831087e+08, improvement is 0.41 percent.
[INFO DPO-0303] Running algorithm for reordering.
[INFO DPO-0304] Pass   1 of reordering; objective is 1.823471e+08.
[INFO DPO-0305] End of reordering; objective is 1.823471e+08, improvement is 0.42 percent.
[INFO DPO-0303] Running algorithm for random improvement.
[INFO DPO-0324] Random improver is using displacement generator.
[INFO DPO-0325] Random improver is using hpwl objective.
[INFO DPO-0326] Random improver cost string is (a).
[INFO DPO-0332] End of pass, Generator displacement called 1183140 times.
[INFO DPO-0335] Generator displacement, Cumulative attempts 1183140, swaps 157517, moves 289578 since last reset.
[INFO DPO-0333] End of pass, Objective hpwl, Initial cost 1.765029e+08, Scratch cost 1.742197e+08, Incremental cost 1.742197e+08, Mismatch? N
[INFO DPO-0338] End of pass, Total cost is 1.742197e+08.
[INFO DPO-0327] Pass   1 of random improver; improvement in cost is 1.29 percent.
[INFO DPO-0332] End of pass, Generator displacement called 1183140 times.
[INFO DPO-0335] Generator displacement, Cumulative attempts 2366280, swaps 309511, moves 580082 since last reset.
[INFO DPO-0333] End of pass, Objective hpwl, Initial cost 1.742197e+08, Scratch cost 1.734778e+08, Incremental cost 1.734778e+08, Mismatch? N
[INFO DPO-0338] End of pass, Total cost is 1.734778e+08.
[INFO DPO-0327] Pass   2 of random improver; improvement in cost is 0.43 percent.
[INFO DPO-0328] End of random improver; improvement is 1.713880 percent.
[INFO DPO-0380] Cell flipping.
[INFO DPO-0382] Changed 29624 cell orientations for row compatibility.
[INFO DPO-0383] Performed 12200 cell flips.
[INFO DPO-0384] End of flipping; objective is 1.778182e+08, improvement is 0.84 percent.
[INFO DPO-0313] Found 0 cells in wrong regions.
[INFO DPO-0315] Found 0 row alignment problems.
[INFO DPO-0314] Found 0 site alignment problems.
[INFO DPO-0311] Found 0 overlaps between adjacent cells.
[INFO DPO-0312] Found 0 edge spacing violations and 0 padding violations.
Detailed Improvement Results
------------------------------------------
Original HPWL           188701.5 u
Final HPWL              177270.7 u
Delta HPWL                  -6.1 %

[INFO DPL-0020] Mirrored 8992 instances
[INFO DPL-0021] HPWL before          177270.7 u
[INFO DPL-0022] HPWL after           177022.2 u
[INFO DPL-0023] HPWL delta               -0.1 %
[INFO FLW-0012] Placement violations .

==========================================================================
detailed place report_tns
--------------------------------------------------------------------------
tns -10232.38

==========================================================================
detailed place report_wns
--------------------------------------------------------------------------
wns -260.70

==========================================================================
detailed place report_worst_slack
--------------------------------------------------------------------------
worst slack -260.70

==========================================================================
detailed place report_clock_skew
--------------------------------------------------------------------------
Clock clk_i
Latency      CRPR       Skew
gen_decoderX_units[0].decoder/gen_decoders[0].sub_unit_decoder/lut/_41470_/CLK ^
 117.27
gen_decoderX_units[0].decoder/gen_decoders[0].sub_unit_decoder/_740_/CLK ^
   0.00      0.00     117.27


==========================================================================
detailed place report_checks -path_delay min
--------------------------------------------------------------------------
Startpoint: rst_ni (input port clocked by clk_i)
Endpoint: encoder/gen_encoder_units[0].encoder_unit/threshold_memory/_09468_
          (removal check against rising-edge clock clk_i)
Path Group: **async_default**
Path Type: min

Fanout     Cap    Slew   Delay    Time   Description
-----------------------------------------------------------------------------
                  0.00    0.00    0.00   clock clk_i (rise edge)
                          0.00    0.00   clock network delay (ideal)
                        150.00  150.00 ^ input external delay
                  0.00    0.00  150.00 ^ rst_ni (in)
     1    2.89                           rst_ni (net)
                  0.32    0.10  150.10 ^ input260/A (BUFx24_ASAP7_75t_R)
                 11.56   16.00  166.10 ^ input260/Y (BUFx24_ASAP7_75t_R)
     4   22.49                           net260 (net)
                 25.43    6.52  172.62 ^ encoder/gen_encoder_units[0].encoder_unit/threshold_memory/_09404_/A (INVx8_ASAP7_75t_R)
                 17.53   12.67  185.30 v encoder/gen_encoder_units[0].encoder_unit/threshold_memory/_09404_/Y (INVx8_ASAP7_75t_R)
    16   16.13                           encoder/gen_encoder_units[0].encoder_unit/threshold_memory/_00016_ (net)
                 17.53    0.02  185.31 v encoder/gen_encoder_units[0].encoder_unit/threshold_memory/_09468_/RESET (ASYNC_DFFHx1_ASAP7_75t_R)
                                185.31   data arrival time

                  0.00    0.00    0.00   clock clk_i (rise edge)
                          0.00    0.00   clock network delay (ideal)
                          0.00    0.00   clock reconvergence pessimism
                                  0.00 ^ encoder/gen_encoder_units[0].encoder_unit/threshold_memory/_09468_/CLK (ASYNC_DFFHx1_ASAP7_75t_R)
                         31.63   31.63   library removal time
                                 31.63   data required time
-----------------------------------------------------------------------------
                                 31.63   data required time
                               -185.31   data arrival time
-----------------------------------------------------------------------------
                                153.68   slack (MET)


Startpoint: encoder/gen_encoder_units[2].encoder_unit/threshold_memory/_09456_
            (negative level-sensitive latch clocked by clk_i)
Endpoint: encoder/gen_encoder_units[2].encoder_unit/threshold_memory/_09247_
          (rising clock gating-check end-point clocked by clk_i)
Path Group: **clock_gating_default**
Path Type: min

Fanout     Cap    Slew   Delay    Time   Description
-----------------------------------------------------------------------------
                  0.00  750.00  750.00   clock clk_i (fall edge)
                          0.00  750.00   clock network delay (ideal)
                  0.00    0.00  750.00 v encoder/gen_encoder_units[2].encoder_unit/threshold_memory/_09456_/CLK (DLLx1_ASAP7_75t_R)
                  7.62   18.22  768.22 ^ encoder/gen_encoder_units[2].encoder_unit/threshold_memory/_09456_/Q (DLLx1_ASAP7_75t_R)
     1    0.59                           encoder/gen_encoder_units[2].encoder_unit/threshold_memory/cg_we_global.en_latch (net)
                  7.62    0.00  768.23 ^ encoder/gen_encoder_units[2].encoder_unit/threshold_memory/_09247_/B (AND2x2_ASAP7_75t_R)
                                768.23   data arrival time

                  0.00  750.00  750.00   clock clk_i (fall edge)
                          0.00  750.00   clock network delay (ideal)
                          0.00  750.00   clock reconvergence pessimism
                                750.00 v encoder/gen_encoder_units[2].encoder_unit/threshold_memory/_09247_/A (AND2x2_ASAP7_75t_R)
                          0.00  750.00   clock gating hold time
                                750.00   data required time
-----------------------------------------------------------------------------
                                750.00   data required time
                               -768.23   data arrival time
-----------------------------------------------------------------------------
                                 18.23   slack (MET)


Startpoint: gen_decoderX_units[0].decoder/_386_
            (rising edge-triggered flip-flop clocked by clk_i)
Endpoint: gen_decoderX_units[0].decoder/_421_
          (rising edge-triggered flip-flop clocked by clk_i)
Path Group: clk_i
Path Type: min

Fanout     Cap    Slew   Delay    Time   Description
-----------------------------------------------------------------------------
                  0.00    0.00    0.00   clock clk_i (rise edge)
                          0.00    0.00   clock network delay (ideal)
                  0.00    0.00    0.00 ^ gen_decoderX_units[0].decoder/_386_/CLK (ASYNC_DFFHx1_ASAP7_75t_R)
                 30.01   47.07   47.07 ^ gen_decoderX_units[0].decoder/_386_/QN (ASYNC_DFFHx1_ASAP7_75t_R)
     3    3.20                           gen_decoderX_units[0].decoder/_039_ (net)
                 30.01    0.03   47.10 ^ gen_decoderX_units[0].decoder/_382_/A1 (OAI21x1_ASAP7_75t_R)
                  6.91    8.28   55.38 v gen_decoderX_units[0].decoder/_382_/Y (OAI21x1_ASAP7_75t_R)
     1    0.72                           gen_decoderX_units[0].decoder/_073_ (net)
                  6.91    0.01   55.39 v gen_decoderX_units[0].decoder/_421_/D (ASYNC_DFFHx1_ASAP7_75t_R)
                                 55.39   data arrival time

                  0.00    0.00    0.00   clock clk_i (rise edge)
                          0.00    0.00   clock network delay (ideal)
                          0.00    0.00   clock reconvergence pessimism
                                  0.00 ^ gen_decoderX_units[0].decoder/_421_/CLK (ASYNC_DFFHx1_ASAP7_75t_R)
                          5.05    5.05   library hold time
                                  5.05   data required time
-----------------------------------------------------------------------------
                                  5.05   data required time
                                -55.39   data arrival time
-----------------------------------------------------------------------------
                                 50.34   slack (MET)



==========================================================================
detailed place report_checks -path_delay max
--------------------------------------------------------------------------
Startpoint: rst_ni (input port clocked by clk_i)
Endpoint: encoder/gen_encoder_units[1].encoder_unit/_557_
          (recovery check against rising-edge clock clk_i)
Path Group: **async_default**
Path Type: max

Fanout     Cap    Slew   Delay    Time   Description
-----------------------------------------------------------------------------
                  0.00    0.00    0.00   clock clk_i (rise edge)
                          0.00    0.00   clock network delay (ideal)
                        150.00  150.00 ^ input external delay
                  0.00    0.00  150.00 ^ rst_ni (in)
     1    2.89                           rst_ni (net)
                  0.32    0.10  150.10 ^ input260/A (BUFx24_ASAP7_75t_R)
                 11.56   16.00  166.10 ^ input260/Y (BUFx24_ASAP7_75t_R)
     4   22.49                           net260 (net)
                 42.44   12.77  178.88 ^ load_slew1321/A (BUFx16f_ASAP7_75t_R)
                 10.55   23.15  202.03 ^ load_slew1321/Y (BUFx16f_ASAP7_75t_R)
     7   71.65                           net1321 (net)
                242.67   75.48  277.51 ^ max_length1320/A (BUFx16f_ASAP7_75t_R)
                 16.92   39.21  316.72 ^ max_length1320/Y (BUFx16f_ASAP7_75t_R)
     3   34.81                           net1320 (net)
                 90.21   27.19  343.91 ^ encoder/gen_encoder_units[1].encoder_unit/_308_/A (CKINVDCx14_ASAP7_75t_R)
                 30.79   17.79  361.70 v encoder/gen_encoder_units[1].encoder_unit/_308_/Y (CKINVDCx14_ASAP7_75t_R)
    17   24.70                           encoder/gen_encoder_units[1].encoder_unit/_017_ (net)
                 32.96    4.31  366.01 v encoder/gen_encoder_units[1].encoder_unit/_557_/SET (ASYNC_DFFHx1_ASAP7_75t_R)
                                366.01   data arrival time

                  0.00 1500.00 1500.00   clock clk_i (rise edge)
                          0.00 1500.00   clock network delay (ideal)
                          0.00 1500.00   clock reconvergence pessimism
                               1500.00 ^ encoder/gen_encoder_units[1].encoder_unit/_557_/CLK (ASYNC_DFFHx1_ASAP7_75t_R)
                        -10.44 1489.56   library recovery time
                               1489.56   data required time
-----------------------------------------------------------------------------
                               1489.56   data required time
                               -366.01   data arrival time
-----------------------------------------------------------------------------
                               1123.55   slack (MET)


Startpoint: gen_decoderX_units[0].decoder/gen_decoders[0].sub_unit_decoder/lut/_41149_
            (negative level-sensitive latch clocked by clk_i)
Endpoint: gen_decoderX_units[0].decoder/gen_decoders[0].sub_unit_decoder/lut/_31791_
          (rising clock gating-check end-point clocked by clk_i)
Path Group: **clock_gating_default**
Path Type: max

Fanout     Cap    Slew   Delay    Time   Description
-----------------------------------------------------------------------------
                  0.00  750.00  750.00   clock clk_i (fall edge)
                          0.00  750.00   clock network delay (ideal)
                  0.00    0.00  750.00 v gen_decoderX_units[0].decoder/gen_decoders[0].sub_unit_decoder/lut/_41149_/CLK (DLLx3_ASAP7_75t_R)
                 63.06   51.25  801.25 v gen_decoderX_units[0].decoder/gen_decoders[0].sub_unit_decoder/lut/_41149_/Q (DLLx3_ASAP7_75t_R)
    33   29.09                           gen_decoderX_units[0].decoder/gen_decoders[0].sub_unit_decoder/lut/gen_sub_units_scm[8].sub_unit_i.cg_we_global.en_latch (net)
                 77.16   15.56  816.81 v gen_decoderX_units[0].decoder/gen_decoders[0].sub_unit_decoder/lut/_31791_/B (AND3x1_ASAP7_75t_R)
                                816.81   data arrival time

                  0.00 1500.00 1500.00   clock clk_i (rise edge)
                          0.00 1500.00   clock network delay (ideal)
                          0.00 1500.00   clock reconvergence pessimism
                               1500.00 ^ gen_decoderX_units[0].decoder/gen_decoders[0].sub_unit_decoder/lut/_31791_/A (AND3x1_ASAP7_75t_R)
                          0.00 1500.00   clock gating setup time
                               1500.00   data required time
-----------------------------------------------------------------------------
                               1500.00   data required time
                               -816.81   data arrival time
-----------------------------------------------------------------------------
                                683.19   slack (MET)


Startpoint: gen_decoderX_units[0].decoder/gen_decoders[0].sub_unit_decoder/_747_
            (rising edge-triggered flip-flop clocked by clk_i)
Endpoint: gen_decoderX_units[0].decoder/gen_decoders[0].sub_unit_decoder/_786_
          (rising edge-triggered flip-flop clocked by clk_i)
Path Group: clk_i
Path Type: max

Fanout     Cap    Slew   Delay    Time   Description
-----------------------------------------------------------------------------
                  0.00    0.00    0.00   clock clk_i (rise edge)
                          0.00    0.00   clock network delay (ideal)
                  0.00    0.00    0.00 ^ gen_decoderX_units[0].decoder/gen_decoders[0].sub_unit_decoder/_747_/CLK (ASYNC_DFFHx1_ASAP7_75t_R)
                 28.28   45.00   45.00 v gen_decoderX_units[0].decoder/gen_decoders[0].sub_unit_decoder/_747_/QN (ASYNC_DFFHx1_ASAP7_75t_R)
     2    3.25                           gen_decoderX_units[0].decoder/gen_decoders[0].sub_unit_decoder/_041_ (net)
                 28.28    0.10   45.10 v gen_decoderX_units[0].decoder/gen_decoders[0].sub_unit_decoder/_403_/A (INVx3_ASAP7_75t_R)
                 21.78   16.31   61.41 ^ gen_decoderX_units[0].decoder/gen_decoders[0].sub_unit_decoder/_403_/Y (INVx3_ASAP7_75t_R)
     5    7.33                           gen_decoderX_units[0].decoder/gen_decoders[0].sub_unit_decoder/rdata_o_q[7] (net)
                 21.80    0.39   61.80 ^ gen_decoderX_units[0].decoder/gen_decoders[0].sub_unit_decoder/fp_adder/_141_/A (NOR2x2_ASAP7_75t_R)
                 18.87   16.79   78.59 v gen_decoderX_units[0].decoder/gen_decoders[0].sub_unit_decoder/fp_adder/_141_/Y (NOR2x2_ASAP7_75t_R)
     3    4.25                           gen_decoderX_units[0].decoder/gen_decoders[0].sub_unit_decoder/fp_adder/_081_ (net)
                 18.88    0.16   78.75 v gen_decoderX_units[0].decoder/gen_decoders[0].sub_unit_decoder/fp_adder/_142_/B (NAND2x2_ASAP7_75t_R)
                 37.36   23.68  102.43 ^ gen_decoderX_units[0].decoder/gen_decoders[0].sub_unit_decoder/fp_adder/_142_/Y (NAND2x2_ASAP7_75t_R)
     5    8.86                           gen_decoderX_units[0].decoder/gen_decoders[0].sub_unit_decoder/fp_adder/_082_ (net)
                 37.36    0.21  102.64 ^ gen_decoderX_units[0].decoder/gen_decoders[0].sub_unit_decoder/fp_adder/_151_/C (AOI211x1_ASAP7_75t_R)
                107.20   39.05  141.70 v gen_decoderX_units[0].decoder/gen_decoders[0].sub_unit_decoder/fp_adder/_151_/Y (AOI211x1_ASAP7_75t_R)
     8   10.62                           gen_decoderX_units[0].decoder/gen_decoders[0].sub_unit_decoder/fp_adder/_091_ (net)
                107.21    0.52  142.21 v gen_decoderX_units[0].decoder/gen_decoders[0].sub_unit_decoder/fp_adder/_178_/A2 (OAI21x1_ASAP7_75t_R)
                 56.07   40.87  183.08 ^ gen_decoderX_units[0].decoder/gen_decoders[0].sub_unit_decoder/fp_adder/_178_/Y (OAI21x1_ASAP7_75t_R)
     3    6.19                           gen_decoderX_units[0].decoder/gen_decoders[0].sub_unit_decoder/fp_adder/_116_ (net)
                 56.09    0.58  183.66 ^ gen_decoderX_units[0].decoder/gen_decoders[0].sub_unit_decoder/fp_adder/_179_/B (NOR2x2_ASAP7_75t_R)
                 19.98   18.45  202.10 v gen_decoderX_units[0].decoder/gen_decoders[0].sub_unit_decoder/fp_adder/_179_/Y (NOR2x2_ASAP7_75t_R)
     2    2.64                           gen_decoderX_units[0].decoder/gen_decoders[0].sub_unit_decoder/fp_adder/_117_ (net)
                 19.98    0.09  202.20 v gen_decoderX_units[0].decoder/gen_decoders[0].sub_unit_decoder/fp_adder/_185_/A (XOR2x1_ASAP7_75t_R)
                 10.81   22.64  224.84 v gen_decoderX_units[0].decoder/gen_decoders[0].sub_unit_decoder/fp_adder/_185_/Y (XOR2x1_ASAP7_75t_R)
     1    0.65                           gen_decoderX_units[0].decoder/gen_decoders[0].sub_unit_decoder/fp_adder/_122_ (net)
                 10.81    0.00  224.85 v gen_decoderX_units[0].decoder/gen_decoders[0].sub_unit_decoder/fp_adder/_186_/A1 (AO21x2_ASAP7_75t_R)
                 17.47   24.16  249.00 v gen_decoderX_units[0].decoder/gen_decoders[0].sub_unit_decoder/fp_adder/_186_/Y (AO21x2_ASAP7_75t_R)
     4    4.85                           gen_decoderX_units[0].decoder/gen_decoders[0].sub_unit_decoder/fp_adder/converter.exp_fp32_converted[3] (net)
                 17.53    0.57  249.57 v gen_decoderX_units[0].decoder/gen_decoders[0].sub_unit_decoder/fp_adder/adder/_2011_/A (XNOR2x2_ASAP7_75t_R)
                 26.99   35.28  284.85 ^ gen_decoderX_units[0].decoder/gen_decoders[0].sub_unit_decoder/fp_adder/adder/_2011_/Y (XNOR2x2_ASAP7_75t_R)
     5    6.32                           gen_decoderX_units[0].decoder/gen_decoders[0].sub_unit_decoder/fp_adder/adder/_1106_ (net)
                 26.99    0.03  284.88 ^ gen_decoderX_units[0].decoder/gen_decoders[0].sub_unit_decoder/fp_adder/adder/_2013_/A (NAND2x1_ASAP7_75t_R)
                 17.72   14.86  299.74 v gen_decoderX_units[0].decoder/gen_decoders[0].sub_unit_decoder/fp_adder/adder/_2013_/Y (NAND2x1_ASAP7_75t_R)
     2    2.44                           gen_decoderX_units[0].decoder/gen_decoders[0].sub_unit_decoder/fp_adder/adder/_1108_ (net)
                 17.72    0.11  299.85 v gen_decoderX_units[0].decoder/gen_decoders[0].sub_unit_decoder/fp_adder/adder/_2021_/A2 (OAI21x1_ASAP7_75t_R)
                 62.18   32.38  332.23 ^ gen_decoderX_units[0].decoder/gen_decoders[0].sub_unit_decoder/fp_adder/adder/_2021_/Y (OAI21x1_ASAP7_75t_R)
     6    9.37                           gen_decoderX_units[0].decoder/gen_decoders[0].sub_unit_decoder/fp_adder/adder/_1116_ (net)
                 62.22    0.92  333.15 ^ gen_decoderX_units[0].decoder/gen_decoders[0].sub_unit_decoder/fp_adder/adder/_2037_/A2 (AOI21x1_ASAP7_75t_R)
                 89.68   50.50  383.66 v gen_decoderX_units[0].decoder/gen_decoders[0].sub_unit_decoder/fp_adder/adder/_2037_/Y (AOI21x1_ASAP7_75t_R)
    11   17.53                           gen_decoderX_units[0].decoder/gen_decoders[0].sub_unit_decoder/fp_adder/adder/_1132_ (net)
                 89.72    1.05  384.70 v max_cap424/A (BUFx12f_ASAP7_75t_R)
                 19.17   31.21  415.92 v max_cap424/Y (BUFx12f_ASAP7_75t_R)
    21   22.30                           net424 (net)
                 19.23    0.73  416.65 v gen_decoderX_units[0].decoder/gen_decoders[0].sub_unit_decoder/fp_adder/adder/_2117_/B (NAND2x1_ASAP7_75t_R)
                 17.75   14.23  430.88 ^ gen_decoderX_units[0].decoder/gen_decoders[0].sub_unit_decoder/fp_adder/adder/_2117_/Y (NAND2x1_ASAP7_75t_R)
     1    1.44                           gen_decoderX_units[0].decoder/gen_decoders[0].sub_unit_decoder/fp_adder/adder/_1212_ (net)
                 17.75    0.02  430.89 ^ gen_decoderX_units[0].decoder/gen_decoders[0].sub_unit_decoder/fp_adder/adder/_2118_/B (OAI21x1_ASAP7_75t_R)
                159.13   69.15  500.04 v gen_decoderX_units[0].decoder/gen_decoders[0].sub_unit_decoder/fp_adder/adder/_2118_/Y (OAI21x1_ASAP7_75t_R)
    29   32.44                           gen_decoderX_units[0].decoder/gen_decoders[0].sub_unit_decoder/fp_adder/adder/_1213_ (net)
                160.09    7.12  507.16 v gen_decoderX_units[0].decoder/gen_decoders[0].sub_unit_decoder/fp_adder/adder/_2128_/A (NOR2x1_ASAP7_75t_R)
                 30.69   24.22  531.38 ^ gen_decoderX_units[0].decoder/gen_decoders[0].sub_unit_decoder/fp_adder/adder/_2128_/Y (NOR2x1_ASAP7_75t_R)
     1    1.07                           gen_decoderX_units[0].decoder/gen_decoders[0].sub_unit_decoder/fp_adder/adder/_1223_ (net)
                 30.69    0.01  531.39 ^ gen_decoderX_units[0].decoder/gen_decoders[0].sub_unit_decoder/fp_adder/adder/_2129_/E (AND5x2_ASAP7_75t_R)
                 20.24   40.15  571.55 ^ gen_decoderX_units[0].decoder/gen_decoders[0].sub_unit_decoder/fp_adder/adder/_2129_/Y (AND5x2_ASAP7_75t_R)
     3    2.59                           gen_decoderX_units[0].decoder/gen_decoders[0].sub_unit_decoder/fp_adder/adder/_1224_ (net)
                 20.24    0.05  571.60 ^ gen_decoderX_units[0].decoder/gen_decoders[0].sub_unit_decoder/fp_adder/adder/_2529_/A2 (AO21x2_ASAP7_75t_R)
                174.63   83.73  655.33 ^ gen_decoderX_units[0].decoder/gen_decoders[0].sub_unit_decoder/fp_adder/adder/_2529_/Y (AO21x2_ASAP7_75t_R)
    31   53.05                           gen_decoderX_units[0].decoder/gen_decoders[0].sub_unit_decoder/fp_adder/adder/_1623_ (net)
                177.69   12.85  668.18 ^ gen_decoderX_units[0].decoder/gen_decoders[0].sub_unit_decoder/fp_adder/adder/_2530_/A (CKINVDCx20_ASAP7_75t_R)
                 38.19   22.94  691.12 v gen_decoderX_units[0].decoder/gen_decoders[0].sub_unit_decoder/fp_adder/adder/_2530_/Y (CKINVDCx20_ASAP7_75t_R)
    24   30.07                           gen_decoderX_units[0].decoder/gen_decoders[0].sub_unit_decoder/fp_adder/adder/_1624_ (net)
                 39.61    3.91  695.03 v gen_decoderX_units[0].decoder/gen_decoders[0].sub_unit_decoder/fp_adder/adder/_2808_/A (OR3x4_ASAP7_75t_R)
                 18.57   49.97  745.00 v gen_decoderX_units[0].decoder/gen_decoders[0].sub_unit_decoder/fp_adder/adder/_2808_/Y (OR3x4_ASAP7_75t_R)
     2    4.11                           gen_decoderX_units[0].decoder/gen_decoders[0].sub_unit_decoder/fp_adder/adder/_0037_ (net)
                 18.60    0.43  745.44 v gen_decoderX_units[0].decoder/gen_decoders[0].sub_unit_decoder/fp_adder/adder/_2814_/A1 (AO21x1_ASAP7_75t_R)
                  6.82   17.93  763.37 v gen_decoderX_units[0].decoder/gen_decoders[0].sub_unit_decoder/fp_adder/adder/_2814_/Y (AO21x1_ASAP7_75t_R)
     1    0.62                           gen_decoderX_units[0].decoder/gen_decoders[0].sub_unit_decoder/fp_adder/adder/_0044_ (net)
                  6.82    0.01  763.38 v gen_decoderX_units[0].decoder/gen_decoders[0].sub_unit_decoder/fp_adder/adder/_2816_/A (AND2x2_ASAP7_75t_R)
                 16.91   22.30  785.68 v gen_decoderX_units[0].decoder/gen_decoders[0].sub_unit_decoder/fp_adder/adder/_2816_/Y (AND2x2_ASAP7_75t_R)
     3    4.55                           gen_decoderX_units[0].decoder/gen_decoders[0].sub_unit_decoder/fp_adder/adder/_0046_ (net)
                 16.91    0.04  785.72 v gen_decoderX_units[0].decoder/gen_decoders[0].sub_unit_decoder/fp_adder/adder/_2817_/B (NAND2x2_ASAP7_75t_R)
                 18.64   14.08  799.79 ^ gen_decoderX_units[0].decoder/gen_decoders[0].sub_unit_decoder/fp_adder/adder/_2817_/Y (NAND2x2_ASAP7_75t_R)
     2    3.19                           gen_decoderX_units[0].decoder/gen_decoders[0].sub_unit_decoder/fp_adder/adder/_0047_ (net)
                 18.64    0.05  799.84 ^ gen_decoderX_units[0].decoder/gen_decoders[0].sub_unit_decoder/fp_adder/adder/_2842_/A (NOR2x2_ASAP7_75t_R)
                 15.15   14.32  814.16 v gen_decoderX_units[0].decoder/gen_decoders[0].sub_unit_decoder/fp_adder/adder/_2842_/Y (NOR2x2_ASAP7_75t_R)
     3    3.12                           gen_decoderX_units[0].decoder/gen_decoders[0].sub_unit_decoder/fp_adder/adder/_0074_ (net)
                 15.15    0.03  814.19 v gen_decoderX_units[0].decoder/gen_decoders[0].sub_unit_decoder/fp_adder/adder/_2852_/A1 (AOI21x1_ASAP7_75t_R)
                 31.97   19.03  833.23 ^ gen_decoderX_units[0].decoder/gen_decoders[0].sub_unit_decoder/fp_adder/adder/_2852_/Y (AOI21x1_ASAP7_75t_R)
     3    4.46                           gen_decoderX_units[0].decoder/gen_decoders[0].sub_unit_decoder/fp_adder/adder/_0085_ (net)
                 31.97    0.06  833.29 ^ gen_decoderX_units[0].decoder/gen_decoders[0].sub_unit_decoder/fp_adder/adder/_2853_/B (OAI21x1_ASAP7_75t_R)
                 36.88   25.44  858.73 v gen_decoderX_units[0].decoder/gen_decoders[0].sub_unit_decoder/fp_adder/adder/_2853_/Y (OAI21x1_ASAP7_75t_R)
     5    6.32                           gen_decoderX_units[0].decoder/gen_decoders[0].sub_unit_decoder/fp_adder/adder/_0086_ (net)
                 36.92    0.73  859.46 v gen_decoderX_units[0].decoder/gen_decoders[0].sub_unit_decoder/fp_adder/adder/_3031_/A2 (AOI21x1_ASAP7_75t_R)
                 33.97   23.92  883.38 ^ gen_decoderX_units[0].decoder/gen_decoders[0].sub_unit_decoder/fp_adder/adder/_3031_/Y (AOI21x1_ASAP7_75t_R)
     3    4.32                           gen_decoderX_units[0].decoder/gen_decoders[0].sub_unit_decoder/fp_adder/adder/_0282_ (net)
                 33.97    0.12  883.50 ^ gen_decoderX_units[0].decoder/gen_decoders[0].sub_unit_decoder/fp_adder/adder/_3041_/A2 (OAI21x1_ASAP7_75t_R)
                 22.61   16.27  899.77 v gen_decoderX_units[0].decoder/gen_decoders[0].sub_unit_decoder/fp_adder/adder/_3041_/Y (OAI21x1_ASAP7_75t_R)
     3    3.32                           gen_decoderX_units[0].decoder/gen_decoders[0].sub_unit_decoder/fp_adder/adder/_0293_ (net)
                 22.61    0.12  899.89 v gen_decoderX_units[0].decoder/gen_decoders[0].sub_unit_decoder/fp_adder/adder/_3048_/A (XOR2x2_ASAP7_75t_R)
                 22.95   35.60  935.49 v gen_decoderX_units[0].decoder/gen_decoders[0].sub_unit_decoder/fp_adder/adder/_3048_/Y (XOR2x2_ASAP7_75t_R)
     5    6.12                           gen_decoderX_units[0].decoder/gen_decoders[0].sub_unit_decoder/fp_adder/adder/_0301_ (net)
                 22.95    0.17  935.66 v gen_decoderX_units[0].decoder/gen_decoders[0].sub_unit_decoder/fp_adder/adder/_3049_/B (AOI21x1_ASAP7_75t_R)
                 29.98   21.14  956.80 ^ gen_decoderX_units[0].decoder/gen_decoders[0].sub_unit_decoder/fp_adder/adder/_3049_/Y (AOI21x1_ASAP7_75t_R)
     3    3.86                           gen_decoderX_units[0].decoder/gen_decoders[0].sub_unit_decoder/fp_adder/adder/_0302_ (net)
                 29.98    0.22  957.02 ^ gen_decoderX_units[0].decoder/gen_decoders[0].sub_unit_decoder/fp_adder/adder/_3050_/B (NAND2x2_ASAP7_75t_R)
                 24.56   18.85  975.87 v gen_decoderX_units[0].decoder/gen_decoders[0].sub_unit_decoder/fp_adder/adder/_3050_/Y (NAND2x2_ASAP7_75t_R)
     3    6.50                           gen_decoderX_units[0].decoder/gen_decoders[0].sub_unit_decoder/fp_adder/adder/_0303_ (net)
                 24.56    0.19  976.06 v gen_decoderX_units[0].decoder/gen_decoders[0].sub_unit_decoder/fp_adder/adder/_3051_/B (NOR2x2_ASAP7_75t_R)
                 28.95   20.98  997.05 ^ gen_decoderX_units[0].decoder/gen_decoders[0].sub_unit_decoder/fp_adder/adder/_3051_/Y (NOR2x2_ASAP7_75t_R)
     4    6.45                           gen_decoderX_units[0].decoder/gen_decoders[0].sub_unit_decoder/fp_adder/adder/_0304_ (net)
                 28.95    0.07  997.12 ^ gen_decoderX_units[0].decoder/gen_decoders[0].sub_unit_decoder/fp_adder/adder/_3052_/B (NAND2x2_ASAP7_75t_R)
                 28.51   20.70 1017.81 v gen_decoderX_units[0].decoder/gen_decoders[0].sub_unit_decoder/fp_adder/adder/_3052_/Y (NAND2x2_ASAP7_75t_R)
     5    8.13                           gen_decoderX_units[0].decoder/gen_decoders[0].sub_unit_decoder/fp_adder/adder/_0305_ (net)
                 28.53    0.48 1018.30 v gen_decoderX_units[0].decoder/gen_decoders[0].sub_unit_decoder/fp_adder/adder/_3138_/A2 (OAI21x1_ASAP7_75t_R)
                 30.76   20.01 1038.30 ^ gen_decoderX_units[0].decoder/gen_decoders[0].sub_unit_decoder/fp_adder/adder/_3138_/Y (OAI21x1_ASAP7_75t_R)
     2    3.48                           gen_decoderX_units[0].decoder/gen_decoders[0].sub_unit_decoder/fp_adder/adder/_0400_ (net)
                 30.76    0.07 1038.37 ^ gen_decoderX_units[0].decoder/gen_decoders[0].sub_unit_decoder/fp_adder/adder/_3162_/B (NOR2x2_ASAP7_75t_R)
                 16.89   15.85 1054.22 v gen_decoderX_units[0].decoder/gen_decoders[0].sub_unit_decoder/fp_adder/adder/_3162_/Y (NOR2x2_ASAP7_75t_R)
     3    3.27                           gen_decoderX_units[0].decoder/gen_decoders[0].sub_unit_decoder/fp_adder/adder/_0426_ (net)
                 16.89    0.03 1054.25 v gen_decoderX_units[0].decoder/gen_decoders[0].sub_unit_decoder/fp_adder/adder/_3165_/A2 (AOI21x1_ASAP7_75t_R)
                 22.02   15.14 1069.39 ^ gen_decoderX_units[0].decoder/gen_decoders[0].sub_unit_decoder/fp_adder/adder/_3165_/Y (AOI21x1_ASAP7_75t_R)
     2    2.56                           gen_decoderX_units[0].decoder/gen_decoders[0].sub_unit_decoder/fp_adder/adder/_0430_ (net)
                 22.02    0.05 1069.45 ^ gen_decoderX_units[0].decoder/gen_decoders[0].sub_unit_decoder/fp_adder/adder/_3166_/B (OAI21x1_ASAP7_75t_R)
                 23.22   17.14 1086.59 v gen_decoderX_units[0].decoder/gen_decoders[0].sub_unit_decoder/fp_adder/adder/_3166_/Y (OAI21x1_ASAP7_75t_R)
     3    3.63                           gen_decoderX_units[0].decoder/gen_decoders[0].sub_unit_decoder/fp_adder/adder/_0431_ (net)
                 23.23    0.27 1086.86 v gen_decoderX_units[0].decoder/gen_decoders[0].sub_unit_decoder/fp_adder/adder/_3170_/A2 (AOI21x1_ASAP7_75t_R)
                100.28   50.57 1137.44 ^ gen_decoderX_units[0].decoder/gen_decoders[0].sub_unit_decoder/fp_adder/adder/_3170_/Y (AOI21x1_ASAP7_75t_R)
    12   16.01                           gen_decoderX_units[0].decoder/gen_decoders[0].sub_unit_decoder/fp_adder/adder/_0435_ (net)
                100.28    0.12 1137.56 ^ gen_decoderX_units[0].decoder/gen_decoders[0].sub_unit_decoder/fp_adder/adder/_3223_/B (NAND2x1_ASAP7_75t_R)
                 30.77   22.54 1160.10 v gen_decoderX_units[0].decoder/gen_decoders[0].sub_unit_decoder/fp_adder/adder/_3223_/Y (NAND2x1_ASAP7_75t_R)
     1    2.05                           gen_decoderX_units[0].decoder/gen_decoders[0].sub_unit_decoder/fp_adder/adder/_0493_ (net)
                 30.77    0.02 1160.12 v gen_decoderX_units[0].decoder/gen_decoders[0].sub_unit_decoder/fp_adder/adder/_3225_/A (NAND2x2_ASAP7_75t_R)
                226.99   97.05 1257.17 ^ gen_decoderX_units[0].decoder/gen_decoders[0].sub_unit_decoder/fp_adder/adder/_3225_/Y (NAND2x2_ASAP7_75t_R)
    29   58.63                           gen_decoderX_units[0].decoder/gen_decoders[0].sub_unit_decoder/fp_adder/adder/_0496_ (net)
                231.41   17.58 1274.75 ^ gen_decoderX_units[0].decoder/gen_decoders[0].sub_unit_decoder/fp_adder/adder/_3236_/A (NOR2x2_ASAP7_75t_R)
                 49.60   43.41 1318.15 v gen_decoderX_units[0].decoder/gen_decoders[0].sub_unit_decoder/fp_adder/adder/_3236_/Y (NOR2x2_ASAP7_75t_R)
     2    3.80                           gen_decoderX_units[0].decoder/gen_decoders[0].sub_unit_decoder/fp_adder/adder/_0508_ (net)
                 49.60    0.05 1318.20 v gen_decoderX_units[0].decoder/gen_decoders[0].sub_unit_decoder/fp_adder/adder/_3237_/B (NOR2x2_ASAP7_75t_R)
                172.62   89.94 1408.15 ^ gen_decoderX_units[0].decoder/gen_decoders[0].sub_unit_decoder/fp_adder/adder/_3237_/Y (NOR2x2_ASAP7_75t_R)
    25   46.85                           gen_decoderX_units[0].decoder/gen_decoders[0].sub_unit_decoder/fp_adder/adder/_0509_ (net)
                172.64    0.97 1409.11 ^ gen_decoderX_units[0].decoder/gen_decoders[0].sub_unit_decoder/fp_adder/adder/_3238_/A (CKINVDCx20_ASAP7_75t_R)
                 41.02   22.40 1431.51 v gen_decoderX_units[0].decoder/gen_decoders[0].sub_unit_decoder/fp_adder/adder/_3238_/Y (CKINVDCx20_ASAP7_75t_R)
    22   31.92                           gen_decoderX_units[0].decoder/gen_decoders[0].sub_unit_decoder/fp_adder/adder/_0510_ (net)
                 44.12    5.96 1437.48 v gen_decoderX_units[0].decoder/gen_decoders[0].sub_unit_decoder/fp_adder/adder/_3527_/B (OAI21x1_ASAP7_75t_R)
                 28.32   15.95 1453.42 ^ gen_decoderX_units[0].decoder/gen_decoders[0].sub_unit_decoder/fp_adder/adder/_3527_/Y (OAI21x1_ASAP7_75t_R)
     2    2.62                           gen_decoderX_units[0].decoder/gen_decoders[0].sub_unit_decoder/fp_adder/adder/_0828_ (net)
                 28.32    0.06 1453.48 ^ gen_decoderX_units[0].decoder/gen_decoders[0].sub_unit_decoder/fp_adder/adder/_3535_/A1 (AOI21x1_ASAP7_75t_R)
                 23.68   12.00 1465.48 v gen_decoderX_units[0].decoder/gen_decoders[0].sub_unit_decoder/fp_adder/adder/_3535_/Y (AOI21x1_ASAP7_75t_R)
     1    1.15                           gen_decoderX_units[0].decoder/gen_decoders[0].sub_unit_decoder/fp_adder/adder/_0837_ (net)
                 23.68    0.02 1465.50 v gen_decoderX_units[0].decoder/gen_decoders[0].sub_unit_decoder/fp_adder/adder/_3538_/A2 (OAI21x1_ASAP7_75t_R)
                 41.24   22.96 1488.45 ^ gen_decoderX_units[0].decoder/gen_decoders[0].sub_unit_decoder/fp_adder/adder/_3538_/Y (OAI21x1_ASAP7_75t_R)
     3    5.11                           gen_decoderX_units[0].decoder/gen_decoders[0].sub_unit_decoder/fp_adder/adder/_0840_ (net)
                 41.30    0.87 1489.32 ^ gen_decoderX_units[0].decoder/gen_decoders[0].sub_unit_decoder/fp_adder/adder/_3539_/B (NOR2x1_ASAP7_75t_R)
                 22.71   20.54 1509.86 v gen_decoderX_units[0].decoder/gen_decoders[0].sub_unit_decoder/fp_adder/adder/_3539_/Y (NOR2x1_ASAP7_75t_R)
     1    2.29                           gen_decoderX_units[0].decoder/gen_decoders[0].sub_unit_decoder/fp_adder/adder/_0841_ (net)
                 22.71    0.05 1509.91 v gen_decoderX_units[0].decoder/gen_decoders[0].sub_unit_decoder/fp_adder/adder/_3540_/B (NAND2x2_ASAP7_75t_R)
                 37.07   23.98 1533.89 ^ gen_decoderX_units[0].decoder/gen_decoders[0].sub_unit_decoder/fp_adder/adder/_3540_/Y (NAND2x2_ASAP7_75t_R)
     6    8.15                           gen_decoderX_units[0].decoder/gen_decoders[0].sub_unit_decoder/fp_adder/adder/_0842_ (net)
                 37.07    0.26 1534.14 ^ gen_decoderX_units[0].decoder/gen_decoders[0].sub_unit_decoder/fp_adder/adder/_3580_/A (NOR2x2_ASAP7_75t_R)
                 33.88   27.57 1561.72 v gen_decoderX_units[0].decoder/gen_decoders[0].sub_unit_decoder/fp_adder/adder/_3580_/Y (NOR2x2_ASAP7_75t_R)
     7    8.56                           gen_decoderX_units[0].decoder/gen_decoders[0].sub_unit_decoder/fp_adder/adder/_0886_ (net)
                 33.90    0.45 1562.17 v gen_decoderX_units[0].decoder/gen_decoders[0].sub_unit_decoder/fp_adder/adder/_3581_/B (NAND2x2_ASAP7_75t_R)
                 48.41   33.39 1595.56 ^ gen_decoderX_units[0].decoder/gen_decoders[0].sub_unit_decoder/fp_adder/adder/_3581_/Y (NAND2x2_ASAP7_75t_R)
     7   11.77                           gen_decoderX_units[0].decoder/gen_decoders[0].sub_unit_decoder/fp_adder/adder/_0887_ (net)
                 48.68    2.00 1597.56 ^ gen_decoderX_units[0].decoder/gen_decoders[0].sub_unit_decoder/fp_adder/adder/_3672_/A (NOR3x2_ASAP7_75t_R)
                 23.20   21.38 1618.94 v gen_decoderX_units[0].decoder/gen_decoders[0].sub_unit_decoder/fp_adder/adder/_3672_/Y (NOR3x2_ASAP7_75t_R)
     2    3.68                           gen_decoderX_units[0].decoder/gen_decoders[0].sub_unit_decoder/fp_adder/adder/_0987_ (net)
                 23.23    0.42 1619.36 v gen_decoderX_units[0].decoder/gen_decoders[0].sub_unit_decoder/fp_adder/adder/_3677_/A2 (AOI21x1_ASAP7_75t_R)
                 25.01   17.90 1637.26 ^ gen_decoderX_units[0].decoder/gen_decoders[0].sub_unit_decoder/fp_adder/adder/_3677_/Y (AOI21x1_ASAP7_75t_R)
     3    3.12                           gen_decoderX_units[0].decoder/gen_decoders[0].sub_unit_decoder/fp_adder/adder/_0992_ (net)
                 25.01    0.22 1637.48 ^ gen_decoderX_units[0].decoder/gen_decoders[0].sub_unit_decoder/fp_adder/adder/_3689_/A2 (OAI21x1_ASAP7_75t_R)
                 23.68   16.03 1653.51 v gen_decoderX_units[0].decoder/gen_decoders[0].sub_unit_decoder/fp_adder/adder/_3689_/Y (OAI21x1_ASAP7_75t_R)
     3    3.85                           gen_decoderX_units[0].decoder/gen_decoders[0].sub_unit_decoder/fp_adder/adder/_1003_ (net)
                 23.69    0.27 1653.78 v gen_decoderX_units[0].decoder/gen_decoders[0].sub_unit_decoder/fp_adder/adder/_3702_/A2 (AOI21x1_ASAP7_75t_R)
                 24.36   17.70 1671.48 ^ gen_decoderX_units[0].decoder/gen_decoders[0].sub_unit_decoder/fp_adder/adder/_3702_/Y (AOI21x1_ASAP7_75t_R)
     2    2.99                           gen_decoderX_units[0].decoder/gen_decoders[0].sub_unit_decoder/fp_adder/adder/_1015_ (net)
                 24.36    0.10 1671.58 ^ gen_decoderX_units[0].decoder/gen_decoders[0].sub_unit_decoder/fp_adder/adder/_3706_/A2 (OAI21x1_ASAP7_75t_R)
                 15.56   11.47 1683.05 v gen_decoderX_units[0].decoder/gen_decoders[0].sub_unit_decoder/fp_adder/adder/_3706_/Y (OAI21x1_ASAP7_75t_R)
     1    1.81                           gen_decoderX_units[0].decoder/gen_decoders[0].sub_unit_decoder/fp_adder/adder/_1019_ (net)
                 15.56    0.05 1683.11 v gen_decoderX_units[0].decoder/gen_decoders[0].sub_unit_decoder/fp_adder/adder/_3708_/A (XOR2x1_ASAP7_75t_R)
                 17.89   24.36 1707.47 v gen_decoderX_units[0].decoder/gen_decoders[0].sub_unit_decoder/fp_adder/adder/_3708_/Y (XOR2x1_ASAP7_75t_R)
     2    2.01                           gen_decoderX_units[0].decoder/gen_decoders[0].sub_unit_decoder/result_int_d[30] (net)
                 17.89    0.08 1707.54 v gen_decoderX_units[0].decoder/gen_decoders[0].sub_unit_decoder/_696_/B (NAND2x1_ASAP7_75t_R)
                 27.89   11.33 1718.88 ^ gen_decoderX_units[0].decoder/gen_decoders[0].sub_unit_decoder/_696_/Y (NAND2x1_ASAP7_75t_R)
     1    0.83                           gen_decoderX_units[0].decoder/gen_decoders[0].sub_unit_decoder/_349_ (net)
                 27.89    0.03 1718.90 ^ gen_decoderX_units[0].decoder/gen_decoders[0].sub_unit_decoder/_697_/B (OA21x2_ASAP7_75t_R)
                 10.04   19.48 1738.39 ^ gen_decoderX_units[0].decoder/gen_decoders[0].sub_unit_decoder/_697_/Y (OA21x2_ASAP7_75t_R)
     1    1.14                           gen_decoderX_units[0].decoder/gen_decoders[0].sub_unit_decoder/_350_ (net)
                 10.04    0.02 1738.41 ^ gen_decoderX_units[0].decoder/gen_decoders[0].sub_unit_decoder/_698_/A (NOR2x1_ASAP7_75t_R)
                 18.42    9.07 1747.48 v gen_decoderX_units[0].decoder/gen_decoders[0].sub_unit_decoder/_698_/Y (NOR2x1_ASAP7_75t_R)
     1    0.66                           gen_decoderX_units[0].decoder/gen_decoders[0].sub_unit_decoder/_171_ (net)
                 18.42    0.00 1747.48 v gen_decoderX_units[0].decoder/gen_decoders[0].sub_unit_decoder/_786_/D (ASYNC_DFFHx1_ASAP7_75t_R)
                               1747.48   data arrival time

                  0.00 1500.00 1500.00   clock clk_i (rise edge)
                          0.00 1500.00   clock network delay (ideal)
                          0.00 1500.00   clock reconvergence pessimism
                               1500.00 ^ gen_decoderX_units[0].decoder/gen_decoders[0].sub_unit_decoder/_786_/CLK (ASYNC_DFFHx1_ASAP7_75t_R)
                        -13.22 1486.78   library setup time
                               1486.78   data required time
-----------------------------------------------------------------------------
                               1486.78   data required time
                               -1747.48   data arrival time
-----------------------------------------------------------------------------
                               -260.70   slack (VIOLATED)



==========================================================================
detailed place report_checks -unconstrained
--------------------------------------------------------------------------
Startpoint: rst_ni (input port clocked by clk_i)
Endpoint: encoder/gen_encoder_units[1].encoder_unit/_557_
          (recovery check against rising-edge clock clk_i)
Path Group: **async_default**
Path Type: max

Fanout     Cap    Slew   Delay    Time   Description
-----------------------------------------------------------------------------
                  0.00    0.00    0.00   clock clk_i (rise edge)
                          0.00    0.00   clock network delay (ideal)
                        150.00  150.00 ^ input external delay
                  0.00    0.00  150.00 ^ rst_ni (in)
     1    2.89                           rst_ni (net)
                  0.32    0.10  150.10 ^ input260/A (BUFx24_ASAP7_75t_R)
                 11.56   16.00  166.10 ^ input260/Y (BUFx24_ASAP7_75t_R)
     4   22.49                           net260 (net)
                 42.44   12.77  178.88 ^ load_slew1321/A (BUFx16f_ASAP7_75t_R)
                 10.55   23.15  202.03 ^ load_slew1321/Y (BUFx16f_ASAP7_75t_R)
     7   71.65                           net1321 (net)
                242.67   75.48  277.51 ^ max_length1320/A (BUFx16f_ASAP7_75t_R)
                 16.92   39.21  316.72 ^ max_length1320/Y (BUFx16f_ASAP7_75t_R)
     3   34.81                           net1320 (net)
                 90.21   27.19  343.91 ^ encoder/gen_encoder_units[1].encoder_unit/_308_/A (CKINVDCx14_ASAP7_75t_R)
                 30.79   17.79  361.70 v encoder/gen_encoder_units[1].encoder_unit/_308_/Y (CKINVDCx14_ASAP7_75t_R)
    17   24.70                           encoder/gen_encoder_units[1].encoder_unit/_017_ (net)
                 32.96    4.31  366.01 v encoder/gen_encoder_units[1].encoder_unit/_557_/SET (ASYNC_DFFHx1_ASAP7_75t_R)
                                366.01   data arrival time

                  0.00 1500.00 1500.00   clock clk_i (rise edge)
                          0.00 1500.00   clock network delay (ideal)
                          0.00 1500.00   clock reconvergence pessimism
                               1500.00 ^ encoder/gen_encoder_units[1].encoder_unit/_557_/CLK (ASYNC_DFFHx1_ASAP7_75t_R)
                        -10.44 1489.56   library recovery time
                               1489.56   data required time
-----------------------------------------------------------------------------
                               1489.56   data required time
                               -366.01   data arrival time
-----------------------------------------------------------------------------
                               1123.55   slack (MET)


Startpoint: gen_decoderX_units[0].decoder/gen_decoders[0].sub_unit_decoder/lut/_41149_
            (negative level-sensitive latch clocked by clk_i)
Endpoint: gen_decoderX_units[0].decoder/gen_decoders[0].sub_unit_decoder/lut/_31791_
          (rising clock gating-check end-point clocked by clk_i)
Path Group: **clock_gating_default**
Path Type: max

Fanout     Cap    Slew   Delay    Time   Description
-----------------------------------------------------------------------------
                  0.00  750.00  750.00   clock clk_i (fall edge)
                          0.00  750.00   clock network delay (ideal)
                  0.00    0.00  750.00 v gen_decoderX_units[0].decoder/gen_decoders[0].sub_unit_decoder/lut/_41149_/CLK (DLLx3_ASAP7_75t_R)
                 63.06   51.25  801.25 v gen_decoderX_units[0].decoder/gen_decoders[0].sub_unit_decoder/lut/_41149_/Q (DLLx3_ASAP7_75t_R)
    33   29.09                           gen_decoderX_units[0].decoder/gen_decoders[0].sub_unit_decoder/lut/gen_sub_units_scm[8].sub_unit_i.cg_we_global.en_latch (net)
                 77.16   15.56  816.81 v gen_decoderX_units[0].decoder/gen_decoders[0].sub_unit_decoder/lut/_31791_/B (AND3x1_ASAP7_75t_R)
                                816.81   data arrival time

                  0.00 1500.00 1500.00   clock clk_i (rise edge)
                          0.00 1500.00   clock network delay (ideal)
                          0.00 1500.00   clock reconvergence pessimism
                               1500.00 ^ gen_decoderX_units[0].decoder/gen_decoders[0].sub_unit_decoder/lut/_31791_/A (AND3x1_ASAP7_75t_R)
                          0.00 1500.00   clock gating setup time
                               1500.00   data required time
-----------------------------------------------------------------------------
                               1500.00   data required time
                               -816.81   data arrival time
-----------------------------------------------------------------------------
                                683.19   slack (MET)


Startpoint: gen_decoderX_units[0].decoder/gen_decoders[0].sub_unit_decoder/_747_
            (rising edge-triggered flip-flop clocked by clk_i)
Endpoint: gen_decoderX_units[0].decoder/gen_decoders[0].sub_unit_decoder/_786_
          (rising edge-triggered flip-flop clocked by clk_i)
Path Group: clk_i
Path Type: max

Fanout     Cap    Slew   Delay    Time   Description
-----------------------------------------------------------------------------
                  0.00    0.00    0.00   clock clk_i (rise edge)
                          0.00    0.00   clock network delay (ideal)
                  0.00    0.00    0.00 ^ gen_decoderX_units[0].decoder/gen_decoders[0].sub_unit_decoder/_747_/CLK (ASYNC_DFFHx1_ASAP7_75t_R)
                 28.28   45.00   45.00 v gen_decoderX_units[0].decoder/gen_decoders[0].sub_unit_decoder/_747_/QN (ASYNC_DFFHx1_ASAP7_75t_R)
     2    3.25                           gen_decoderX_units[0].decoder/gen_decoders[0].sub_unit_decoder/_041_ (net)
                 28.28    0.10   45.10 v gen_decoderX_units[0].decoder/gen_decoders[0].sub_unit_decoder/_403_/A (INVx3_ASAP7_75t_R)
                 21.78   16.31   61.41 ^ gen_decoderX_units[0].decoder/gen_decoders[0].sub_unit_decoder/_403_/Y (INVx3_ASAP7_75t_R)
     5    7.33                           gen_decoderX_units[0].decoder/gen_decoders[0].sub_unit_decoder/rdata_o_q[7] (net)
                 21.80    0.39   61.80 ^ gen_decoderX_units[0].decoder/gen_decoders[0].sub_unit_decoder/fp_adder/_141_/A (NOR2x2_ASAP7_75t_R)
                 18.87   16.79   78.59 v gen_decoderX_units[0].decoder/gen_decoders[0].sub_unit_decoder/fp_adder/_141_/Y (NOR2x2_ASAP7_75t_R)
     3    4.25                           gen_decoderX_units[0].decoder/gen_decoders[0].sub_unit_decoder/fp_adder/_081_ (net)
                 18.88    0.16   78.75 v gen_decoderX_units[0].decoder/gen_decoders[0].sub_unit_decoder/fp_adder/_142_/B (NAND2x2_ASAP7_75t_R)
                 37.36   23.68  102.43 ^ gen_decoderX_units[0].decoder/gen_decoders[0].sub_unit_decoder/fp_adder/_142_/Y (NAND2x2_ASAP7_75t_R)
     5    8.86                           gen_decoderX_units[0].decoder/gen_decoders[0].sub_unit_decoder/fp_adder/_082_ (net)
                 37.36    0.21  102.64 ^ gen_decoderX_units[0].decoder/gen_decoders[0].sub_unit_decoder/fp_adder/_151_/C (AOI211x1_ASAP7_75t_R)
                107.20   39.05  141.70 v gen_decoderX_units[0].decoder/gen_decoders[0].sub_unit_decoder/fp_adder/_151_/Y (AOI211x1_ASAP7_75t_R)
     8   10.62                           gen_decoderX_units[0].decoder/gen_decoders[0].sub_unit_decoder/fp_adder/_091_ (net)
                107.21    0.52  142.21 v gen_decoderX_units[0].decoder/gen_decoders[0].sub_unit_decoder/fp_adder/_178_/A2 (OAI21x1_ASAP7_75t_R)
                 56.07   40.87  183.08 ^ gen_decoderX_units[0].decoder/gen_decoders[0].sub_unit_decoder/fp_adder/_178_/Y (OAI21x1_ASAP7_75t_R)
     3    6.19                           gen_decoderX_units[0].decoder/gen_decoders[0].sub_unit_decoder/fp_adder/_116_ (net)
                 56.09    0.58  183.66 ^ gen_decoderX_units[0].decoder/gen_decoders[0].sub_unit_decoder/fp_adder/_179_/B (NOR2x2_ASAP7_75t_R)
                 19.98   18.45  202.10 v gen_decoderX_units[0].decoder/gen_decoders[0].sub_unit_decoder/fp_adder/_179_/Y (NOR2x2_ASAP7_75t_R)
     2    2.64                           gen_decoderX_units[0].decoder/gen_decoders[0].sub_unit_decoder/fp_adder/_117_ (net)
                 19.98    0.09  202.20 v gen_decoderX_units[0].decoder/gen_decoders[0].sub_unit_decoder/fp_adder/_185_/A (XOR2x1_ASAP7_75t_R)
                 10.81   22.64  224.84 v gen_decoderX_units[0].decoder/gen_decoders[0].sub_unit_decoder/fp_adder/_185_/Y (XOR2x1_ASAP7_75t_R)
     1    0.65                           gen_decoderX_units[0].decoder/gen_decoders[0].sub_unit_decoder/fp_adder/_122_ (net)
                 10.81    0.00  224.85 v gen_decoderX_units[0].decoder/gen_decoders[0].sub_unit_decoder/fp_adder/_186_/A1 (AO21x2_ASAP7_75t_R)
                 17.47   24.16  249.00 v gen_decoderX_units[0].decoder/gen_decoders[0].sub_unit_decoder/fp_adder/_186_/Y (AO21x2_ASAP7_75t_R)
     4    4.85                           gen_decoderX_units[0].decoder/gen_decoders[0].sub_unit_decoder/fp_adder/converter.exp_fp32_converted[3] (net)
                 17.53    0.57  249.57 v gen_decoderX_units[0].decoder/gen_decoders[0].sub_unit_decoder/fp_adder/adder/_2011_/A (XNOR2x2_ASAP7_75t_R)
                 26.99   35.28  284.85 ^ gen_decoderX_units[0].decoder/gen_decoders[0].sub_unit_decoder/fp_adder/adder/_2011_/Y (XNOR2x2_ASAP7_75t_R)
     5    6.32                           gen_decoderX_units[0].decoder/gen_decoders[0].sub_unit_decoder/fp_adder/adder/_1106_ (net)
                 26.99    0.03  284.88 ^ gen_decoderX_units[0].decoder/gen_decoders[0].sub_unit_decoder/fp_adder/adder/_2013_/A (NAND2x1_ASAP7_75t_R)
                 17.72   14.86  299.74 v gen_decoderX_units[0].decoder/gen_decoders[0].sub_unit_decoder/fp_adder/adder/_2013_/Y (NAND2x1_ASAP7_75t_R)
     2    2.44                           gen_decoderX_units[0].decoder/gen_decoders[0].sub_unit_decoder/fp_adder/adder/_1108_ (net)
                 17.72    0.11  299.85 v gen_decoderX_units[0].decoder/gen_decoders[0].sub_unit_decoder/fp_adder/adder/_2021_/A2 (OAI21x1_ASAP7_75t_R)
                 62.18   32.38  332.23 ^ gen_decoderX_units[0].decoder/gen_decoders[0].sub_unit_decoder/fp_adder/adder/_2021_/Y (OAI21x1_ASAP7_75t_R)
     6    9.37                           gen_decoderX_units[0].decoder/gen_decoders[0].sub_unit_decoder/fp_adder/adder/_1116_ (net)
                 62.22    0.92  333.15 ^ gen_decoderX_units[0].decoder/gen_decoders[0].sub_unit_decoder/fp_adder/adder/_2037_/A2 (AOI21x1_ASAP7_75t_R)
                 89.68   50.50  383.66 v gen_decoderX_units[0].decoder/gen_decoders[0].sub_unit_decoder/fp_adder/adder/_2037_/Y (AOI21x1_ASAP7_75t_R)
    11   17.53                           gen_decoderX_units[0].decoder/gen_decoders[0].sub_unit_decoder/fp_adder/adder/_1132_ (net)
                 89.72    1.05  384.70 v max_cap424/A (BUFx12f_ASAP7_75t_R)
                 19.17   31.21  415.92 v max_cap424/Y (BUFx12f_ASAP7_75t_R)
    21   22.30                           net424 (net)
                 19.23    0.73  416.65 v gen_decoderX_units[0].decoder/gen_decoders[0].sub_unit_decoder/fp_adder/adder/_2117_/B (NAND2x1_ASAP7_75t_R)
                 17.75   14.23  430.88 ^ gen_decoderX_units[0].decoder/gen_decoders[0].sub_unit_decoder/fp_adder/adder/_2117_/Y (NAND2x1_ASAP7_75t_R)
     1    1.44                           gen_decoderX_units[0].decoder/gen_decoders[0].sub_unit_decoder/fp_adder/adder/_1212_ (net)
                 17.75    0.02  430.89 ^ gen_decoderX_units[0].decoder/gen_decoders[0].sub_unit_decoder/fp_adder/adder/_2118_/B (OAI21x1_ASAP7_75t_R)
                159.13   69.15  500.04 v gen_decoderX_units[0].decoder/gen_decoders[0].sub_unit_decoder/fp_adder/adder/_2118_/Y (OAI21x1_ASAP7_75t_R)
    29   32.44                           gen_decoderX_units[0].decoder/gen_decoders[0].sub_unit_decoder/fp_adder/adder/_1213_ (net)
                160.09    7.12  507.16 v gen_decoderX_units[0].decoder/gen_decoders[0].sub_unit_decoder/fp_adder/adder/_2128_/A (NOR2x1_ASAP7_75t_R)
                 30.69   24.22  531.38 ^ gen_decoderX_units[0].decoder/gen_decoders[0].sub_unit_decoder/fp_adder/adder/_2128_/Y (NOR2x1_ASAP7_75t_R)
     1    1.07                           gen_decoderX_units[0].decoder/gen_decoders[0].sub_unit_decoder/fp_adder/adder/_1223_ (net)
                 30.69    0.01  531.39 ^ gen_decoderX_units[0].decoder/gen_decoders[0].sub_unit_decoder/fp_adder/adder/_2129_/E (AND5x2_ASAP7_75t_R)
                 20.24   40.15  571.55 ^ gen_decoderX_units[0].decoder/gen_decoders[0].sub_unit_decoder/fp_adder/adder/_2129_/Y (AND5x2_ASAP7_75t_R)
     3    2.59                           gen_decoderX_units[0].decoder/gen_decoders[0].sub_unit_decoder/fp_adder/adder/_1224_ (net)
                 20.24    0.05  571.60 ^ gen_decoderX_units[0].decoder/gen_decoders[0].sub_unit_decoder/fp_adder/adder/_2529_/A2 (AO21x2_ASAP7_75t_R)
                174.63   83.73  655.33 ^ gen_decoderX_units[0].decoder/gen_decoders[0].sub_unit_decoder/fp_adder/adder/_2529_/Y (AO21x2_ASAP7_75t_R)
    31   53.05                           gen_decoderX_units[0].decoder/gen_decoders[0].sub_unit_decoder/fp_adder/adder/_1623_ (net)
                177.69   12.85  668.18 ^ gen_decoderX_units[0].decoder/gen_decoders[0].sub_unit_decoder/fp_adder/adder/_2530_/A (CKINVDCx20_ASAP7_75t_R)
                 38.19   22.94  691.12 v gen_decoderX_units[0].decoder/gen_decoders[0].sub_unit_decoder/fp_adder/adder/_2530_/Y (CKINVDCx20_ASAP7_75t_R)
    24   30.07                           gen_decoderX_units[0].decoder/gen_decoders[0].sub_unit_decoder/fp_adder/adder/_1624_ (net)
                 39.61    3.91  695.03 v gen_decoderX_units[0].decoder/gen_decoders[0].sub_unit_decoder/fp_adder/adder/_2808_/A (OR3x4_ASAP7_75t_R)
                 18.57   49.97  745.00 v gen_decoderX_units[0].decoder/gen_decoders[0].sub_unit_decoder/fp_adder/adder/_2808_/Y (OR3x4_ASAP7_75t_R)
     2    4.11                           gen_decoderX_units[0].decoder/gen_decoders[0].sub_unit_decoder/fp_adder/adder/_0037_ (net)
                 18.60    0.43  745.44 v gen_decoderX_units[0].decoder/gen_decoders[0].sub_unit_decoder/fp_adder/adder/_2814_/A1 (AO21x1_ASAP7_75t_R)
                  6.82   17.93  763.37 v gen_decoderX_units[0].decoder/gen_decoders[0].sub_unit_decoder/fp_adder/adder/_2814_/Y (AO21x1_ASAP7_75t_R)
     1    0.62                           gen_decoderX_units[0].decoder/gen_decoders[0].sub_unit_decoder/fp_adder/adder/_0044_ (net)
                  6.82    0.01  763.38 v gen_decoderX_units[0].decoder/gen_decoders[0].sub_unit_decoder/fp_adder/adder/_2816_/A (AND2x2_ASAP7_75t_R)
                 16.91   22.30  785.68 v gen_decoderX_units[0].decoder/gen_decoders[0].sub_unit_decoder/fp_adder/adder/_2816_/Y (AND2x2_ASAP7_75t_R)
     3    4.55                           gen_decoderX_units[0].decoder/gen_decoders[0].sub_unit_decoder/fp_adder/adder/_0046_ (net)
                 16.91    0.04  785.72 v gen_decoderX_units[0].decoder/gen_decoders[0].sub_unit_decoder/fp_adder/adder/_2817_/B (NAND2x2_ASAP7_75t_R)
                 18.64   14.08  799.79 ^ gen_decoderX_units[0].decoder/gen_decoders[0].sub_unit_decoder/fp_adder/adder/_2817_/Y (NAND2x2_ASAP7_75t_R)
     2    3.19                           gen_decoderX_units[0].decoder/gen_decoders[0].sub_unit_decoder/fp_adder/adder/_0047_ (net)
                 18.64    0.05  799.84 ^ gen_decoderX_units[0].decoder/gen_decoders[0].sub_unit_decoder/fp_adder/adder/_2842_/A (NOR2x2_ASAP7_75t_R)
                 15.15   14.32  814.16 v gen_decoderX_units[0].decoder/gen_decoders[0].sub_unit_decoder/fp_adder/adder/_2842_/Y (NOR2x2_ASAP7_75t_R)
     3    3.12                           gen_decoderX_units[0].decoder/gen_decoders[0].sub_unit_decoder/fp_adder/adder/_0074_ (net)
                 15.15    0.03  814.19 v gen_decoderX_units[0].decoder/gen_decoders[0].sub_unit_decoder/fp_adder/adder/_2852_/A1 (AOI21x1_ASAP7_75t_R)
                 31.97   19.03  833.23 ^ gen_decoderX_units[0].decoder/gen_decoders[0].sub_unit_decoder/fp_adder/adder/_2852_/Y (AOI21x1_ASAP7_75t_R)
     3    4.46                           gen_decoderX_units[0].decoder/gen_decoders[0].sub_unit_decoder/fp_adder/adder/_0085_ (net)
                 31.97    0.06  833.29 ^ gen_decoderX_units[0].decoder/gen_decoders[0].sub_unit_decoder/fp_adder/adder/_2853_/B (OAI21x1_ASAP7_75t_R)
                 36.88   25.44  858.73 v gen_decoderX_units[0].decoder/gen_decoders[0].sub_unit_decoder/fp_adder/adder/_2853_/Y (OAI21x1_ASAP7_75t_R)
     5    6.32                           gen_decoderX_units[0].decoder/gen_decoders[0].sub_unit_decoder/fp_adder/adder/_0086_ (net)
                 36.92    0.73  859.46 v gen_decoderX_units[0].decoder/gen_decoders[0].sub_unit_decoder/fp_adder/adder/_3031_/A2 (AOI21x1_ASAP7_75t_R)
                 33.97   23.92  883.38 ^ gen_decoderX_units[0].decoder/gen_decoders[0].sub_unit_decoder/fp_adder/adder/_3031_/Y (AOI21x1_ASAP7_75t_R)
     3    4.32                           gen_decoderX_units[0].decoder/gen_decoders[0].sub_unit_decoder/fp_adder/adder/_0282_ (net)
                 33.97    0.12  883.50 ^ gen_decoderX_units[0].decoder/gen_decoders[0].sub_unit_decoder/fp_adder/adder/_3041_/A2 (OAI21x1_ASAP7_75t_R)
                 22.61   16.27  899.77 v gen_decoderX_units[0].decoder/gen_decoders[0].sub_unit_decoder/fp_adder/adder/_3041_/Y (OAI21x1_ASAP7_75t_R)
     3    3.32                           gen_decoderX_units[0].decoder/gen_decoders[0].sub_unit_decoder/fp_adder/adder/_0293_ (net)
                 22.61    0.12  899.89 v gen_decoderX_units[0].decoder/gen_decoders[0].sub_unit_decoder/fp_adder/adder/_3048_/A (XOR2x2_ASAP7_75t_R)
                 22.95   35.60  935.49 v gen_decoderX_units[0].decoder/gen_decoders[0].sub_unit_decoder/fp_adder/adder/_3048_/Y (XOR2x2_ASAP7_75t_R)
     5    6.12                           gen_decoderX_units[0].decoder/gen_decoders[0].sub_unit_decoder/fp_adder/adder/_0301_ (net)
                 22.95    0.17  935.66 v gen_decoderX_units[0].decoder/gen_decoders[0].sub_unit_decoder/fp_adder/adder/_3049_/B (AOI21x1_ASAP7_75t_R)
                 29.98   21.14  956.80 ^ gen_decoderX_units[0].decoder/gen_decoders[0].sub_unit_decoder/fp_adder/adder/_3049_/Y (AOI21x1_ASAP7_75t_R)
     3    3.86                           gen_decoderX_units[0].decoder/gen_decoders[0].sub_unit_decoder/fp_adder/adder/_0302_ (net)
                 29.98    0.22  957.02 ^ gen_decoderX_units[0].decoder/gen_decoders[0].sub_unit_decoder/fp_adder/adder/_3050_/B (NAND2x2_ASAP7_75t_R)
                 24.56   18.85  975.87 v gen_decoderX_units[0].decoder/gen_decoders[0].sub_unit_decoder/fp_adder/adder/_3050_/Y (NAND2x2_ASAP7_75t_R)
     3    6.50                           gen_decoderX_units[0].decoder/gen_decoders[0].sub_unit_decoder/fp_adder/adder/_0303_ (net)
                 24.56    0.19  976.06 v gen_decoderX_units[0].decoder/gen_decoders[0].sub_unit_decoder/fp_adder/adder/_3051_/B (NOR2x2_ASAP7_75t_R)
                 28.95   20.98  997.05 ^ gen_decoderX_units[0].decoder/gen_decoders[0].sub_unit_decoder/fp_adder/adder/_3051_/Y (NOR2x2_ASAP7_75t_R)
     4    6.45                           gen_decoderX_units[0].decoder/gen_decoders[0].sub_unit_decoder/fp_adder/adder/_0304_ (net)
                 28.95    0.07  997.12 ^ gen_decoderX_units[0].decoder/gen_decoders[0].sub_unit_decoder/fp_adder/adder/_3052_/B (NAND2x2_ASAP7_75t_R)
                 28.51   20.70 1017.81 v gen_decoderX_units[0].decoder/gen_decoders[0].sub_unit_decoder/fp_adder/adder/_3052_/Y (NAND2x2_ASAP7_75t_R)
     5    8.13                           gen_decoderX_units[0].decoder/gen_decoders[0].sub_unit_decoder/fp_adder/adder/_0305_ (net)
                 28.53    0.48 1018.30 v gen_decoderX_units[0].decoder/gen_decoders[0].sub_unit_decoder/fp_adder/adder/_3138_/A2 (OAI21x1_ASAP7_75t_R)
                 30.76   20.01 1038.30 ^ gen_decoderX_units[0].decoder/gen_decoders[0].sub_unit_decoder/fp_adder/adder/_3138_/Y (OAI21x1_ASAP7_75t_R)
     2    3.48                           gen_decoderX_units[0].decoder/gen_decoders[0].sub_unit_decoder/fp_adder/adder/_0400_ (net)
                 30.76    0.07 1038.37 ^ gen_decoderX_units[0].decoder/gen_decoders[0].sub_unit_decoder/fp_adder/adder/_3162_/B (NOR2x2_ASAP7_75t_R)
                 16.89   15.85 1054.22 v gen_decoderX_units[0].decoder/gen_decoders[0].sub_unit_decoder/fp_adder/adder/_3162_/Y (NOR2x2_ASAP7_75t_R)
     3    3.27                           gen_decoderX_units[0].decoder/gen_decoders[0].sub_unit_decoder/fp_adder/adder/_0426_ (net)
                 16.89    0.03 1054.25 v gen_decoderX_units[0].decoder/gen_decoders[0].sub_unit_decoder/fp_adder/adder/_3165_/A2 (AOI21x1_ASAP7_75t_R)
                 22.02   15.14 1069.39 ^ gen_decoderX_units[0].decoder/gen_decoders[0].sub_unit_decoder/fp_adder/adder/_3165_/Y (AOI21x1_ASAP7_75t_R)
     2    2.56                           gen_decoderX_units[0].decoder/gen_decoders[0].sub_unit_decoder/fp_adder/adder/_0430_ (net)
                 22.02    0.05 1069.45 ^ gen_decoderX_units[0].decoder/gen_decoders[0].sub_unit_decoder/fp_adder/adder/_3166_/B (OAI21x1_ASAP7_75t_R)
                 23.22   17.14 1086.59 v gen_decoderX_units[0].decoder/gen_decoders[0].sub_unit_decoder/fp_adder/adder/_3166_/Y (OAI21x1_ASAP7_75t_R)
     3    3.63                           gen_decoderX_units[0].decoder/gen_decoders[0].sub_unit_decoder/fp_adder/adder/_0431_ (net)
                 23.23    0.27 1086.86 v gen_decoderX_units[0].decoder/gen_decoders[0].sub_unit_decoder/fp_adder/adder/_3170_/A2 (AOI21x1_ASAP7_75t_R)
                100.28   50.57 1137.44 ^ gen_decoderX_units[0].decoder/gen_decoders[0].sub_unit_decoder/fp_adder/adder/_3170_/Y (AOI21x1_ASAP7_75t_R)
    12   16.01                           gen_decoderX_units[0].decoder/gen_decoders[0].sub_unit_decoder/fp_adder/adder/_0435_ (net)
                100.28    0.12 1137.56 ^ gen_decoderX_units[0].decoder/gen_decoders[0].sub_unit_decoder/fp_adder/adder/_3223_/B (NAND2x1_ASAP7_75t_R)
                 30.77   22.54 1160.10 v gen_decoderX_units[0].decoder/gen_decoders[0].sub_unit_decoder/fp_adder/adder/_3223_/Y (NAND2x1_ASAP7_75t_R)
     1    2.05                           gen_decoderX_units[0].decoder/gen_decoders[0].sub_unit_decoder/fp_adder/adder/_0493_ (net)
                 30.77    0.02 1160.12 v gen_decoderX_units[0].decoder/gen_decoders[0].sub_unit_decoder/fp_adder/adder/_3225_/A (NAND2x2_ASAP7_75t_R)
                226.99   97.05 1257.17 ^ gen_decoderX_units[0].decoder/gen_decoders[0].sub_unit_decoder/fp_adder/adder/_3225_/Y (NAND2x2_ASAP7_75t_R)
    29   58.63                           gen_decoderX_units[0].decoder/gen_decoders[0].sub_unit_decoder/fp_adder/adder/_0496_ (net)
                231.41   17.58 1274.75 ^ gen_decoderX_units[0].decoder/gen_decoders[0].sub_unit_decoder/fp_adder/adder/_3236_/A (NOR2x2_ASAP7_75t_R)
                 49.60   43.41 1318.15 v gen_decoderX_units[0].decoder/gen_decoders[0].sub_unit_decoder/fp_adder/adder/_3236_/Y (NOR2x2_ASAP7_75t_R)
     2    3.80                           gen_decoderX_units[0].decoder/gen_decoders[0].sub_unit_decoder/fp_adder/adder/_0508_ (net)
                 49.60    0.05 1318.20 v gen_decoderX_units[0].decoder/gen_decoders[0].sub_unit_decoder/fp_adder/adder/_3237_/B (NOR2x2_ASAP7_75t_R)
                172.62   89.94 1408.15 ^ gen_decoderX_units[0].decoder/gen_decoders[0].sub_unit_decoder/fp_adder/adder/_3237_/Y (NOR2x2_ASAP7_75t_R)
    25   46.85                           gen_decoderX_units[0].decoder/gen_decoders[0].sub_unit_decoder/fp_adder/adder/_0509_ (net)
                172.64    0.97 1409.11 ^ gen_decoderX_units[0].decoder/gen_decoders[0].sub_unit_decoder/fp_adder/adder/_3238_/A (CKINVDCx20_ASAP7_75t_R)
                 41.02   22.40 1431.51 v gen_decoderX_units[0].decoder/gen_decoders[0].sub_unit_decoder/fp_adder/adder/_3238_/Y (CKINVDCx20_ASAP7_75t_R)
    22   31.92                           gen_decoderX_units[0].decoder/gen_decoders[0].sub_unit_decoder/fp_adder/adder/_0510_ (net)
                 44.12    5.96 1437.48 v gen_decoderX_units[0].decoder/gen_decoders[0].sub_unit_decoder/fp_adder/adder/_3527_/B (OAI21x1_ASAP7_75t_R)
                 28.32   15.95 1453.42 ^ gen_decoderX_units[0].decoder/gen_decoders[0].sub_unit_decoder/fp_adder/adder/_3527_/Y (OAI21x1_ASAP7_75t_R)
     2    2.62                           gen_decoderX_units[0].decoder/gen_decoders[0].sub_unit_decoder/fp_adder/adder/_0828_ (net)
                 28.32    0.06 1453.48 ^ gen_decoderX_units[0].decoder/gen_decoders[0].sub_unit_decoder/fp_adder/adder/_3535_/A1 (AOI21x1_ASAP7_75t_R)
                 23.68   12.00 1465.48 v gen_decoderX_units[0].decoder/gen_decoders[0].sub_unit_decoder/fp_adder/adder/_3535_/Y (AOI21x1_ASAP7_75t_R)
     1    1.15                           gen_decoderX_units[0].decoder/gen_decoders[0].sub_unit_decoder/fp_adder/adder/_0837_ (net)
                 23.68    0.02 1465.50 v gen_decoderX_units[0].decoder/gen_decoders[0].sub_unit_decoder/fp_adder/adder/_3538_/A2 (OAI21x1_ASAP7_75t_R)
                 41.24   22.96 1488.45 ^ gen_decoderX_units[0].decoder/gen_decoders[0].sub_unit_decoder/fp_adder/adder/_3538_/Y (OAI21x1_ASAP7_75t_R)
     3    5.11                           gen_decoderX_units[0].decoder/gen_decoders[0].sub_unit_decoder/fp_adder/adder/_0840_ (net)
                 41.30    0.87 1489.32 ^ gen_decoderX_units[0].decoder/gen_decoders[0].sub_unit_decoder/fp_adder/adder/_3539_/B (NOR2x1_ASAP7_75t_R)
                 22.71   20.54 1509.86 v gen_decoderX_units[0].decoder/gen_decoders[0].sub_unit_decoder/fp_adder/adder/_3539_/Y (NOR2x1_ASAP7_75t_R)
     1    2.29                           gen_decoderX_units[0].decoder/gen_decoders[0].sub_unit_decoder/fp_adder/adder/_0841_ (net)
                 22.71    0.05 1509.91 v gen_decoderX_units[0].decoder/gen_decoders[0].sub_unit_decoder/fp_adder/adder/_3540_/B (NAND2x2_ASAP7_75t_R)
                 37.07   23.98 1533.89 ^ gen_decoderX_units[0].decoder/gen_decoders[0].sub_unit_decoder/fp_adder/adder/_3540_/Y (NAND2x2_ASAP7_75t_R)
     6    8.15                           gen_decoderX_units[0].decoder/gen_decoders[0].sub_unit_decoder/fp_adder/adder/_0842_ (net)
                 37.07    0.26 1534.14 ^ gen_decoderX_units[0].decoder/gen_decoders[0].sub_unit_decoder/fp_adder/adder/_3580_/A (NOR2x2_ASAP7_75t_R)
                 33.88   27.57 1561.72 v gen_decoderX_units[0].decoder/gen_decoders[0].sub_unit_decoder/fp_adder/adder/_3580_/Y (NOR2x2_ASAP7_75t_R)
     7    8.56                           gen_decoderX_units[0].decoder/gen_decoders[0].sub_unit_decoder/fp_adder/adder/_0886_ (net)
                 33.90    0.45 1562.17 v gen_decoderX_units[0].decoder/gen_decoders[0].sub_unit_decoder/fp_adder/adder/_3581_/B (NAND2x2_ASAP7_75t_R)
                 48.41   33.39 1595.56 ^ gen_decoderX_units[0].decoder/gen_decoders[0].sub_unit_decoder/fp_adder/adder/_3581_/Y (NAND2x2_ASAP7_75t_R)
     7   11.77                           gen_decoderX_units[0].decoder/gen_decoders[0].sub_unit_decoder/fp_adder/adder/_0887_ (net)
                 48.68    2.00 1597.56 ^ gen_decoderX_units[0].decoder/gen_decoders[0].sub_unit_decoder/fp_adder/adder/_3672_/A (NOR3x2_ASAP7_75t_R)
                 23.20   21.38 1618.94 v gen_decoderX_units[0].decoder/gen_decoders[0].sub_unit_decoder/fp_adder/adder/_3672_/Y (NOR3x2_ASAP7_75t_R)
     2    3.68                           gen_decoderX_units[0].decoder/gen_decoders[0].sub_unit_decoder/fp_adder/adder/_0987_ (net)
                 23.23    0.42 1619.36 v gen_decoderX_units[0].decoder/gen_decoders[0].sub_unit_decoder/fp_adder/adder/_3677_/A2 (AOI21x1_ASAP7_75t_R)
                 25.01   17.90 1637.26 ^ gen_decoderX_units[0].decoder/gen_decoders[0].sub_unit_decoder/fp_adder/adder/_3677_/Y (AOI21x1_ASAP7_75t_R)
     3    3.12                           gen_decoderX_units[0].decoder/gen_decoders[0].sub_unit_decoder/fp_adder/adder/_0992_ (net)
                 25.01    0.22 1637.48 ^ gen_decoderX_units[0].decoder/gen_decoders[0].sub_unit_decoder/fp_adder/adder/_3689_/A2 (OAI21x1_ASAP7_75t_R)
                 23.68   16.03 1653.51 v gen_decoderX_units[0].decoder/gen_decoders[0].sub_unit_decoder/fp_adder/adder/_3689_/Y (OAI21x1_ASAP7_75t_R)
     3    3.85                           gen_decoderX_units[0].decoder/gen_decoders[0].sub_unit_decoder/fp_adder/adder/_1003_ (net)
                 23.69    0.27 1653.78 v gen_decoderX_units[0].decoder/gen_decoders[0].sub_unit_decoder/fp_adder/adder/_3702_/A2 (AOI21x1_ASAP7_75t_R)
                 24.36   17.70 1671.48 ^ gen_decoderX_units[0].decoder/gen_decoders[0].sub_unit_decoder/fp_adder/adder/_3702_/Y (AOI21x1_ASAP7_75t_R)
     2    2.99                           gen_decoderX_units[0].decoder/gen_decoders[0].sub_unit_decoder/fp_adder/adder/_1015_ (net)
                 24.36    0.10 1671.58 ^ gen_decoderX_units[0].decoder/gen_decoders[0].sub_unit_decoder/fp_adder/adder/_3706_/A2 (OAI21x1_ASAP7_75t_R)
                 15.56   11.47 1683.05 v gen_decoderX_units[0].decoder/gen_decoders[0].sub_unit_decoder/fp_adder/adder/_3706_/Y (OAI21x1_ASAP7_75t_R)
     1    1.81                           gen_decoderX_units[0].decoder/gen_decoders[0].sub_unit_decoder/fp_adder/adder/_1019_ (net)
                 15.56    0.05 1683.11 v gen_decoderX_units[0].decoder/gen_decoders[0].sub_unit_decoder/fp_adder/adder/_3708_/A (XOR2x1_ASAP7_75t_R)
                 17.89   24.36 1707.47 v gen_decoderX_units[0].decoder/gen_decoders[0].sub_unit_decoder/fp_adder/adder/_3708_/Y (XOR2x1_ASAP7_75t_R)
     2    2.01                           gen_decoderX_units[0].decoder/gen_decoders[0].sub_unit_decoder/result_int_d[30] (net)
                 17.89    0.08 1707.54 v gen_decoderX_units[0].decoder/gen_decoders[0].sub_unit_decoder/_696_/B (NAND2x1_ASAP7_75t_R)
                 27.89   11.33 1718.88 ^ gen_decoderX_units[0].decoder/gen_decoders[0].sub_unit_decoder/_696_/Y (NAND2x1_ASAP7_75t_R)
     1    0.83                           gen_decoderX_units[0].decoder/gen_decoders[0].sub_unit_decoder/_349_ (net)
                 27.89    0.03 1718.90 ^ gen_decoderX_units[0].decoder/gen_decoders[0].sub_unit_decoder/_697_/B (OA21x2_ASAP7_75t_R)
                 10.04   19.48 1738.39 ^ gen_decoderX_units[0].decoder/gen_decoders[0].sub_unit_decoder/_697_/Y (OA21x2_ASAP7_75t_R)
     1    1.14                           gen_decoderX_units[0].decoder/gen_decoders[0].sub_unit_decoder/_350_ (net)
                 10.04    0.02 1738.41 ^ gen_decoderX_units[0].decoder/gen_decoders[0].sub_unit_decoder/_698_/A (NOR2x1_ASAP7_75t_R)
                 18.42    9.07 1747.48 v gen_decoderX_units[0].decoder/gen_decoders[0].sub_unit_decoder/_698_/Y (NOR2x1_ASAP7_75t_R)
     1    0.66                           gen_decoderX_units[0].decoder/gen_decoders[0].sub_unit_decoder/_171_ (net)
                 18.42    0.00 1747.48 v gen_decoderX_units[0].decoder/gen_decoders[0].sub_unit_decoder/_786_/D (ASYNC_DFFHx1_ASAP7_75t_R)
                               1747.48   data arrival time

                  0.00 1500.00 1500.00   clock clk_i (rise edge)
                          0.00 1500.00   clock network delay (ideal)
                          0.00 1500.00   clock reconvergence pessimism
                               1500.00 ^ gen_decoderX_units[0].decoder/gen_decoders[0].sub_unit_decoder/_786_/CLK (ASYNC_DFFHx1_ASAP7_75t_R)
                        -13.22 1486.78   library setup time
                               1486.78   data required time
-----------------------------------------------------------------------------
                               1486.78   data required time
                               -1747.48   data arrival time
-----------------------------------------------------------------------------
                               -260.70   slack (VIOLATED)



==========================================================================
detailed place report_check_types -max_slew -max_cap -max_fanout -violators
--------------------------------------------------------------------------

==========================================================================
detailed place max_slew_check_slack
--------------------------------------------------------------------------
0.0439370758831501

==========================================================================
detailed place max_slew_check_limit
--------------------------------------------------------------------------
320.0

==========================================================================
detailed place max_slew_check_slack_limit
--------------------------------------------------------------------------
0.0001

==========================================================================
detailed place max_fanout_check_slack
--------------------------------------------------------------------------
1.0000000150474662e+30

==========================================================================
detailed place max_fanout_check_limit
--------------------------------------------------------------------------
1.0000000150474662e+30

==========================================================================
detailed place max_capacitance_check_slack
--------------------------------------------------------------------------
5.507667541503906

==========================================================================
detailed place max_capacitance_check_limit
--------------------------------------------------------------------------
23.040000915527344

==========================================================================
detailed place max_capacitance_check_slack_limit
--------------------------------------------------------------------------
0.2390

==========================================================================
detailed place max_slew_violation_count
--------------------------------------------------------------------------
max slew violation count 0

==========================================================================
detailed place max_fanout_violation_count
--------------------------------------------------------------------------
max fanout violation count 0

==========================================================================
detailed place max_cap_violation_count
--------------------------------------------------------------------------
max cap violation count 0

==========================================================================
detailed place setup_violation_count
--------------------------------------------------------------------------
setup violation count 0

==========================================================================
detailed place hold_violation_count
--------------------------------------------------------------------------
hold violation count 1

==========================================================================
detailed place critical path delay
--------------------------------------------------------------------------
1747.4816

==========================================================================
detailed place critical path slack
--------------------------------------------------------------------------
-260.7019

==========================================================================
detailed place slack div critical path delay
--------------------------------------------------------------------------
-14.918721

==========================================================================
detailed place report_power
--------------------------------------------------------------------------
Group                  Internal  Switching    Leakage      Total
                          Power      Power      Power      Power (Watts)
----------------------------------------------------------------
Sequential             9.80e-03   5.01e-04   1.65e-06   1.03e-02  44.1%
Combinational          3.79e-03   9.29e-03   4.69e-06   1.31e-02  55.9%
Macro                  0.00e+00   0.00e+00   0.00e+00   0.00e+00   0.0%
Pad                    0.00e+00   0.00e+00   0.00e+00   0.00e+00   0.0%
----------------------------------------------------------------
Total                  1.36e-02   9.79e-03   6.34e-06   2.34e-02 100.0%
                          58.1%      41.9%       0.0%

==========================================================================
detailed place report_design_area
--------------------------------------------------------------------------
Design area 8098 u^2 42% utilization.

Elapsed time: 0:47.27[h:]min:sec. CPU time: user 46.97 sys 0.19 (99%). Peak memory: 502420KB.
