OpenROAD b57893514040c5aa453ab5c104f35d1173a8add9 
This program is licensed under the BSD-3 license. See the LICENSE file for details.
Components of this program may be licensed under more restrictive licenses which must be honored.
Placement Analysis
---------------------------------
total displacement       2249.1 u
average displacement        0.8 u
max displacement            9.1 u
original HPWL           61344.8 u
legalized HPWL          62099.4 u
delta HPWL                    1 %

Detailed placement improvement.
Importing netlist into detailed improver.
[INFO DPO-0100] Creating network with 2918 cells, 82 terminals, 2904 edges and 8938 pins.
[INFO DPO-0109] Network stats: inst 3000, edges 2904, pins 8938
[INFO DPO-0110] Number of regions is 1
[INFO DPO-0401] Setting random seed to 1.
[INFO DPO-0402] Setting maximum displacement 5 1 to 14000 2800 units.
[INFO DPO-0320] Collected 210 fixed cells (excluded terminal_NI).
[INFO DPO-0318] Collected 2790 single height cells.
[INFO DPO-0321] Collected 0 wide cells.
[INFO DPO-0322] Image (4180, 5600) - (185060, 184800)
[INFO DPO-0310] Assigned 2790 cells into segments.  Movement in X-direction is 0.000000, movement in Y-direction is 0.000000.
[INFO DPO-0313] Found 0 cells in wrong regions.
[INFO DPO-0315] Found 0 row alignment problems.
[INFO DPO-0314] Found 0 site alignment problems.
[INFO DPO-0311] Found 0 overlaps between adjacent cells.
[INFO DPO-0312] Found 0 edge spacing violations and 0 padding violations.
[INFO DPO-0303] Running algorithm for independent set matching.
[INFO DPO-0300] Set matching objective is wirelength.
[INFO DPO-0301] Pass   1 of matching; objective is 1.240189e+08.
[INFO DPO-0301] Pass   2 of matching; objective is 1.223463e+08.
[INFO DPO-0302] End of matching; objective is 1.223318e+08, improvement is 1.36 percent.
[INFO DPO-0303] Running algorithm for global swaps.
[INFO DPO-0306] Pass   1 of global swaps; hpwl is 1.119236e+08.
[INFO DPO-0306] Pass   2 of global swaps; hpwl is 1.095516e+08.
[INFO DPO-0306] Pass   3 of global swaps; hpwl is 1.087946e+08.
[INFO DPO-0307] End of global swaps; objective is 1.087946e+08, improvement is 11.07 percent.
[INFO DPO-0303] Running algorithm for vertical swaps.
[INFO DPO-0308] Pass   1 of vertical swaps; hpwl is 1.078492e+08.
[INFO DPO-0309] End of vertical swaps; objective is 1.078492e+08, improvement is 0.87 percent.
[INFO DPO-0303] Running algorithm for reordering.
[INFO DPO-0304] Pass   1 of reordering; objective is 1.061585e+08.
[INFO DPO-0304] Pass   2 of reordering; objective is 1.056863e+08.
[INFO DPO-0305] End of reordering; objective is 1.056863e+08, improvement is 2.01 percent.
[INFO DPO-0303] Running algorithm for random improvement.
[INFO DPO-0324] Random improver is using displacement generator.
[INFO DPO-0325] Random improver is using hpwl objective.
[INFO DPO-0326] Random improver cost string is (a).
[INFO DPO-0332] End of pass, Generator displacement called 55800 times.
[INFO DPO-0335] Generator displacement, Cumulative attempts 55800, swaps 6334, moves 17943 since last reset.
[INFO DPO-0333] End of pass, Objective hpwl, Initial cost 1.056863e+08, Scratch cost 1.016611e+08, Incremental cost 1.016611e+08, Mismatch? N
[INFO DPO-0338] End of pass, Total cost is 1.016611e+08.
[INFO DPO-0327] Pass   1 of random improver; improvement in cost is 3.81 percent.
[INFO DPO-0332] End of pass, Generator displacement called 55800 times.
[INFO DPO-0335] Generator displacement, Cumulative attempts 111600, swaps 12163, moves 35788 since last reset.
[INFO DPO-0333] End of pass, Objective hpwl, Initial cost 1.016611e+08, Scratch cost 1.004493e+08, Incremental cost 1.004493e+08, Mismatch? N
[INFO DPO-0338] End of pass, Total cost is 1.004493e+08.
[INFO DPO-0327] Pass   2 of random improver; improvement in cost is 1.19 percent.
[INFO DPO-0332] End of pass, Generator displacement called 55800 times.
[INFO DPO-0335] Generator displacement, Cumulative attempts 167400, swaps 17874, moves 53489 since last reset.
[INFO DPO-0333] End of pass, Objective hpwl, Initial cost 1.004493e+08, Scratch cost 9.982837e+07, Incremental cost 9.982837e+07, Mismatch? N
[INFO DPO-0338] End of pass, Total cost is 9.982837e+07.
[INFO DPO-0327] Pass   3 of random improver; improvement in cost is 0.62 percent.
[INFO DPO-0328] End of random improver; improvement is 5.542717 percent.
[INFO DPO-0380] Cell flipping.
[INFO DPO-0382] Changed 1414 cell orientations for row compatibility.
[INFO DPO-0383] Performed 942 cell flips.
[INFO DPO-0384] End of flipping; objective is 9.972742e+07, improvement is 0.10 percent.
[INFO DPO-0313] Found 0 cells in wrong regions.
[INFO DPO-0315] Found 0 row alignment problems.
[INFO DPO-0314] Found 0 site alignment problems.
[INFO DPO-0311] Found 0 overlaps between adjacent cells.
[INFO DPO-0312] Found 0 edge spacing violations and 0 padding violations.
Detailed Improvement Results
------------------------------------------
Original HPWL            62099.4 u
Final HPWL               49695.1 u
Delta HPWL                 -20.0 %

[INFO DPL-0020] Mirrored 218 instances
[INFO DPL-0021] HPWL before           49695.1 u
[INFO DPL-0022] HPWL after            49666.4 u
[INFO DPL-0023] HPWL delta               -0.1 %
[INFO FLW-0012] Placement violations .

==========================================================================
detailed place report_tns
--------------------------------------------------------------------------
tns 0.00

==========================================================================
detailed place report_wns
--------------------------------------------------------------------------
wns 0.00

==========================================================================
detailed place report_worst_slack
--------------------------------------------------------------------------
worst slack 896.96

==========================================================================
detailed place report_clock_skew
--------------------------------------------------------------------------
Clock clk_i
No launch/capture paths found.


==========================================================================
detailed place report_checks -path_delay min
--------------------------------------------------------------------------
Startpoint: rst_ni (input port clocked by clk_i)
Endpoint: adder/_127_ (removal check against rising-edge clock clk_i)
Path Group: **async_default**
Path Type: min

Fanout     Cap    Slew   Delay    Time   Description
-----------------------------------------------------------------------------
                  0.00    0.00    0.00   clock clk_i (rise edge)
                          0.00    0.00   clock network delay (ideal)
                        100.00  100.00 ^ input external delay
                  0.00    0.00  100.00 ^ rst_ni (in)
     1   12.73                           rst_ni (net)
                  0.00    0.00  100.00 ^ input49/A (BUF_X16)
                  0.01    0.02  100.02 ^ input49/Z (BUF_X16)
    64  166.73                           net49 (net)
                  0.05    0.04  100.06 ^ adder/_127_/RN (DFFR_X1)
                                100.06   data arrival time

                  0.00    0.00    0.00   clock clk_i (rise edge)
                          0.00    0.00   clock network delay (ideal)
                          0.00    0.00   clock reconvergence pessimism
                                  0.00 ^ adder/_127_/CK (DFFR_X1)
                          0.25    0.25   library removal time
                                  0.25   data required time
-----------------------------------------------------------------------------
                                  0.25   data required time
                               -100.06   data arrival time
-----------------------------------------------------------------------------
                                 99.81   slack (MET)


Startpoint: operand_fp32_i[28] (input port clocked by clk_i)
Endpoint: adder/_166_ (rising edge-triggered flip-flop clocked by clk_i)
Path Group: clk_i
Path Type: min

Fanout     Cap    Slew   Delay    Time   Description
-----------------------------------------------------------------------------
                  0.00    0.00    0.00   clock clk_i (rise edge)
                          0.00    0.00   clock network delay (ideal)
                        100.00  100.00 ^ input external delay
                  0.00    0.00  100.00 ^ operand_fp32_i[28] (in)
     1    1.25                           operand_fp32_i[28] (net)
                  0.00    0.00  100.00 ^ input37/A (BUF_X1)
                  0.01    0.02  100.02 ^ input37/Z (BUF_X1)
     1    1.61                           net37 (net)
                  0.01    0.00  100.02 ^ adder/_166_/D (DFFR_X1)
                                100.02   data arrival time

                  0.00    0.00    0.00   clock clk_i (rise edge)
                          0.00    0.00   clock network delay (ideal)
                          0.00    0.00   clock reconvergence pessimism
                                  0.00 ^ adder/_166_/CK (DFFR_X1)
                          0.00    0.00   library hold time
                                  0.00   data required time
-----------------------------------------------------------------------------
                                  0.00   data required time
                               -100.02   data arrival time
-----------------------------------------------------------------------------
                                100.01   slack (MET)



==========================================================================
detailed place report_checks -path_delay max
--------------------------------------------------------------------------
Startpoint: rst_ni (input port clocked by clk_i)
Endpoint: adder/_125_ (recovery check against rising-edge clock clk_i)
Path Group: **async_default**
Path Type: max

Fanout     Cap    Slew   Delay    Time   Description
-----------------------------------------------------------------------------
                  0.00    0.00    0.00   clock clk_i (rise edge)
                          0.00    0.00   clock network delay (ideal)
                        100.00  100.00 ^ input external delay
                  0.00    0.00  100.00 ^ rst_ni (in)
     1   12.73                           rst_ni (net)
                  0.00    0.00  100.00 ^ input49/A (BUF_X16)
                  0.01    0.02  100.02 ^ input49/Z (BUF_X16)
    64  166.73                           net49 (net)
                  0.05    0.04  100.06 ^ adder/_125_/RN (DFFR_X1)
                                100.06   data arrival time

                  0.00 1000.00 1000.00   clock clk_i (rise edge)
                          0.00 1000.00   clock network delay (ideal)
                          0.00 1000.00   clock reconvergence pessimism
                               1000.00 ^ adder/_125_/CK (DFFR_X1)
                          0.05 1000.05   library recovery time
                               1000.05   data required time
-----------------------------------------------------------------------------
                               1000.05   data required time
                               -100.06   data arrival time
-----------------------------------------------------------------------------
                                899.99   slack (MET)


Startpoint: adder/_163_ (rising edge-triggered flip-flop clocked by clk_i)
Endpoint: result_o[30] (output port clocked by clk_i)
Path Group: clk_i
Path Type: max

Fanout     Cap    Slew   Delay    Time   Description
-----------------------------------------------------------------------------
                  0.00    0.00    0.00   clock clk_i (rise edge)
                          0.00    0.00   clock network delay (ideal)
                  0.00    0.00    0.00 ^ adder/_163_/CK (DFFR_X2)
                  0.02    0.14    0.14 ^ adder/_163_/Q (DFFR_X2)
     4   10.75                           adder/exp_b_d[2] (net)
                  0.02    0.00    0.14 ^ adder/adder/_1266_/A (INV_X1)
                  0.01    0.01    0.15 v adder/adder/_1266_/ZN (INV_X1)
     1    1.81                           adder/adder/_0379_ (net)
                  0.01    0.00    0.15 v adder/adder/_1267_/A1 (NAND2_X1)
                  0.02    0.02    0.17 ^ adder/adder/_1267_/ZN (NAND2_X1)
     3    5.89                           adder/adder/_0380_ (net)
                  0.02    0.00    0.17 ^ adder/adder/_1268_/A2 (NAND2_X1)
                  0.01    0.02    0.19 v adder/adder/_1268_/ZN (NAND2_X1)
     2    3.72                           adder/adder/_0381_ (net)
                  0.01    0.00    0.19 v adder/adder/_1269_/A2 (NOR2_X1)
                  0.02    0.04    0.23 ^ adder/adder/_1269_/ZN (NOR2_X1)
     2    3.54                           adder/adder/_0382_ (net)
                  0.02    0.00    0.23 ^ adder/adder/_1270_/A2 (NAND2_X1)
                  0.02    0.02    0.25 v adder/adder/_1270_/ZN (NAND2_X1)
     2    3.88                           adder/adder/_0383_ (net)
                  0.02    0.00    0.25 v adder/adder/_1274_/A1 (NAND2_X1)
                  0.02    0.03    0.28 ^ adder/adder/_1274_/ZN (NAND2_X1)
     3    7.69                           adder/adder/_0387_ (net)
                  0.02    0.00    0.28 ^ adder/adder/_1299_/A1 (NAND2_X2)
                  0.02    0.03    0.31 v adder/adder/_1299_/ZN (NAND2_X2)
     4   13.19                           adder/adder/_0412_ (net)
                  0.02    0.00    0.31 v adder/adder/_1306_/A1 (NAND2_X4)
                  0.13    0.13    0.45 ^ adder/adder/_1306_/ZN (NAND2_X4)
    98  230.64                           adder/adder/_0419_ (net)
                  0.13    0.03    0.48 ^ adder/adder/_1307_/A (INV_X8)
                  0.03    0.03    0.51 v adder/adder/_1307_/ZN (INV_X8)
    28   62.67                           adder/adder/_0420_ (net)
                  0.03    0.01    0.51 v adder/adder/_1321_/A2 (NAND2_X1)
                  0.02    0.04    0.55 ^ adder/adder/_1321_/ZN (NAND2_X1)
     1    6.26                           adder/adder/_0434_ (net)
                  0.02    0.00    0.55 ^ adder/adder/_1326_/A1 (NAND2_X4)
                  0.03    0.04    0.60 v adder/adder/_1326_/ZN (NAND2_X4)
    27   66.72                           adder/adder/_0439_ (net)
                  0.04    0.01    0.61 v adder/adder/_1425_/A (INV_X8)
                  0.02    0.03    0.64 ^ adder/adder/_1425_/ZN (INV_X8)
    24   53.96                           adder/adder/_0529_ (net)
                  0.02    0.01    0.66 ^ adder/adder/_1426_/A2 (NAND3_X1)
                  0.02    0.03    0.68 v adder/adder/_1426_/ZN (NAND3_X1)
     2    3.26                           adder/adder/_0530_ (net)
                  0.02    0.00    0.68 v adder/adder/_1428_/A1 (NAND2_X1)
                  0.02    0.03    0.71 ^ adder/adder/_1428_/ZN (NAND2_X1)
     2    5.55                           adder/adder/_0532_ (net)
                  0.02    0.00    0.71 ^ adder/adder/_1429_/A (INV_X2)
                  0.01    0.01    0.72 v adder/adder/_1429_/ZN (INV_X2)
     1    1.57                           adder/adder/_0533_ (net)
                  0.01    0.00    0.72 v adder/adder/_1430_/A1 (NAND2_X1)
                  0.02    0.03    0.75 ^ adder/adder/_1430_/ZN (NAND2_X1)
     2    8.15                           adder/adder/_0534_ (net)
                  0.02    0.00    0.75 ^ adder/adder/_1446_/A1 (NAND2_X4)
                  0.02    0.03    0.78 v adder/adder/_1446_/ZN (NAND2_X4)
    21   40.30                           adder/adder/_0550_ (net)
                  0.02    0.01    0.79 v adder/adder/_1504_/A1 (NAND2_X1)
                  0.02    0.03    0.81 ^ adder/adder/_1504_/ZN (NAND2_X1)
     2    3.96                           adder/adder/_0608_ (net)
                  0.02    0.00    0.81 ^ adder/adder/_1507_/A1 (NAND2_X1)
                  0.02    0.02    0.83 v adder/adder/_1507_/ZN (NAND2_X1)
     1    1.77                           adder/adder/_0611_ (net)
                  0.02    0.00    0.83 v adder/adder/_1509_/A1 (NAND2_X1)
                  0.01    0.02    0.85 ^ adder/adder/_1509_/ZN (NAND2_X1)
     1    2.32                           adder/adder/_0613_ (net)
                  0.01    0.00    0.85 ^ adder/adder/_1510_/A2 (NAND2_X1)
                  0.01    0.02    0.87 v adder/adder/_1510_/ZN (NAND2_X1)
     2    3.57                           adder/adder/_0614_ (net)
                  0.01    0.00    0.87 v adder/adder/_1511_/A1 (NAND2_X1)
                  0.01    0.02    0.89 ^ adder/adder/_1511_/ZN (NAND2_X1)
     2    3.68                           adder/adder/_0615_ (net)
                  0.01    0.00    0.89 ^ adder/adder/_1567_/A1 (NAND2_X1)
                  0.01    0.02    0.90 v adder/adder/_1567_/ZN (NAND2_X1)
     1    2.22                           adder/adder/_0671_ (net)
                  0.01    0.00    0.90 v adder/adder/_1568_/A2 (NOR2_X1)
                  0.02    0.03    0.93 ^ adder/adder/_1568_/ZN (NOR2_X1)
     1    1.91                           adder/adder/_0672_ (net)
                  0.02    0.00    0.93 ^ adder/adder/_1569_/A2 (NAND2_X1)
                  0.01    0.02    0.95 v adder/adder/_1569_/ZN (NAND2_X1)
     1    1.96                           adder/adder/_0673_ (net)
                  0.01    0.00    0.95 v adder/adder/_1570_/A (INV_X1)
                  0.01    0.02    0.97 ^ adder/adder/_1570_/ZN (INV_X1)
     2    5.29                           adder/adder/_0674_ (net)
                  0.01    0.00    0.97 ^ adder/adder/_1571_/A1 (NOR2_X1)
                  0.01    0.01    0.98 v adder/adder/_1571_/ZN (NOR2_X1)
     1    2.57                           adder/adder/_0675_ (net)
                  0.01    0.00    0.98 v adder/adder/_1593_/A1 (NOR2_X1)
                  0.02    0.03    1.01 ^ adder/adder/_1593_/ZN (NOR2_X1)
     1    2.71                           adder/adder/_0697_ (net)
                  0.02    0.00    1.01 ^ adder/adder/_1657_/A1 (NAND2_X1)
                  0.01    0.02    1.03 v adder/adder/_1657_/ZN (NAND2_X1)
     1    3.15                           adder/adder/_0761_ (net)
                  0.01    0.00    1.03 v adder/adder/_1658_/A2 (NAND2_X1)
                  0.02    0.03    1.06 ^ adder/adder/_1658_/ZN (NAND2_X1)
     1    8.50                           adder/adder/_0762_ (net)
                  0.02    0.00    1.06 ^ adder/adder/_1672_/A1 (NAND2_X4)
                  0.01    0.02    1.08 v adder/adder/_1672_/ZN (NAND2_X4)
     6   18.54                           adder/mant_prenorm_d[20] (net)
                  0.01    0.00    1.08 v adder/adder/_1746_/A1 (NAND3_X2)
                  0.02    0.03    1.11 ^ adder/adder/_1746_/ZN (NAND3_X2)
     4   11.21                           adder/adder/_0849_ (net)
                  0.02    0.00    1.11 ^ adder/adder/_1842_/A1 (NAND3_X1)
                  0.02    0.03    1.14 v adder/adder/_1842_/ZN (NAND3_X1)
     1    5.11                           adder/adder/_0945_ (net)
                  0.02    0.00    1.14 v adder/adder/_1843_/A1 (NAND2_X2)
                  0.02    0.03    1.17 ^ adder/adder/_1843_/ZN (NAND2_X2)
     4   11.72                           adder/adder/_0946_ (net)
                  0.02    0.00    1.17 ^ adder/adder/_1926_/A1 (NAND2_X1)
                  0.01    0.02    1.19 v adder/adder/_1926_/ZN (NAND2_X1)
     1    3.39                           adder/adder/_1029_ (net)
                  0.01    0.00    1.19 v adder/adder/_1934_/A1 (NAND2_X2)
                  0.02    0.03    1.22 ^ adder/adder/_1934_/ZN (NAND2_X2)
     5   13.07                           adder/adder/_1037_ (net)
                  0.02    0.00    1.22 ^ adder/adder/_2035_/A1 (NAND2_X1)
                  0.01    0.02    1.24 v adder/adder/_2035_/ZN (NAND2_X1)
     1    4.54                           adder/adder/_0033_ (net)
                  0.01    0.00    1.24 v adder/adder/_2052_/A1 (NAND2_X2)
                  0.02    0.03    1.28 ^ adder/adder/_2052_/ZN (NAND2_X2)
     4   15.87                           adder/adder/_0051_ (net)
                  0.02    0.00    1.28 ^ adder/adder/_2217_/A1 (NAND2_X1)
                  0.02    0.03    1.30 v adder/adder/_2217_/ZN (NAND2_X1)
     2    6.17                           adder/adder/_0215_ (net)
                  0.02    0.00    1.30 v adder/adder/_2221_/B1 (OAI21_X2)
                  0.04    0.05    1.35 ^ adder/adder/_2221_/ZN (OAI21_X2)
     2   10.96                           adder/adder/_0218_ (net)
                  0.04    0.00    1.35 ^ adder/adder/_2224_/A1 (NAND2_X1)
                  0.01    0.02    1.38 v adder/adder/_2224_/ZN (NAND2_X1)
     1    3.55                           adder/adder/_0221_ (net)
                  0.01    0.00    1.38 v adder/adder/_2225_/A1 (NAND2_X2)
                  0.01    0.02    1.40 ^ adder/adder/_2225_/ZN (NAND2_X2)
     1    8.11                           adder/adder/_0222_ (net)
                  0.01    0.00    1.40 ^ adder/adder/_2226_/A (XNOR2_X2)
                  0.03    0.03    1.43 v adder/adder/_2226_/ZN (XNOR2_X2)
     5   16.93                           adder/mant_prenorm_d[39] (net)
                  0.03    0.00    1.43 v adder/norm/LOD/_193_/A (INV_X2)
                  0.01    0.02    1.45 ^ adder/norm/LOD/_193_/ZN (INV_X2)
     1    2.26                           adder/norm/LOD/_001_ (net)
                  0.01    0.00    1.45 ^ adder/norm/LOD/_194_/A2 (NAND2_X1)
                  0.01    0.01    1.46 v adder/norm/LOD/_194_/ZN (NAND2_X1)
     1    1.57                           adder/norm/LOD/_002_ (net)
                  0.01    0.00    1.46 v adder/norm/LOD/_198_/A1 (NOR2_X1)
                  0.04    0.05    1.51 ^ adder/norm/LOD/_198_/ZN (NOR2_X1)
     3    6.89                           adder/norm/LOD/_006_ (net)
                  0.04    0.00    1.51 ^ adder/norm/LOD/_199_/A2 (NAND2_X1)
                  0.02    0.03    1.54 v adder/norm/LOD/_199_/ZN (NAND2_X1)
     2    6.00                           adder/norm/LOD/_007_ (net)
                  0.02    0.00    1.54 v adder/norm/LOD/_200_/A2 (NOR2_X2)
                  0.04    0.05    1.60 ^ adder/norm/LOD/_200_/ZN (NOR2_X2)
     5   12.74                           adder/norm/LOD/_008_ (net)
                  0.04    0.00    1.60 ^ adder/norm/LOD/_297_/A1 (AND2_X1)
                  0.01    0.04    1.64 ^ adder/norm/LOD/_297_/ZN (AND2_X1)
     1    1.90                           adder/norm/LOD/_100_ (net)
                  0.01    0.00    1.64 ^ adder/norm/LOD/_298_/B1 (OAI21_X1)
                  0.02    0.02    1.66 v adder/norm/LOD/_298_/ZN (OAI21_X1)
     1    5.90                           adder/norm/LOD/_101_ (net)
                  0.02    0.00    1.66 v adder/norm/LOD/_301_/A1 (NAND2_X1)
                  0.02    0.03    1.69 ^ adder/norm/LOD/_301_/ZN (NAND2_X1)
     2    7.32                           adder/norm/Mant_leadingOne_D[3] (net)
                  0.02    0.00    1.69 ^ adder/norm/_1155_/A (INV_X1)
                  0.01    0.02    1.71 v adder/norm/_1155_/ZN (INV_X1)
     2    5.29                           adder/norm/_0156_ (net)
                  0.01    0.00    1.71 v adder/norm/_1156_/A1 (NAND2_X1)
                  0.03    0.03    1.74 ^ adder/norm/_1156_/ZN (NAND2_X1)
     4    7.91                           adder/norm/_0167_ (net)
                  0.03    0.00    1.74 ^ adder/norm/_1157_/A2 (NAND2_X1)
                  0.02    0.03    1.77 v adder/norm/_1157_/ZN (NAND2_X1)
     3    7.77                           adder/norm/_0178_ (net)
                  0.02    0.00    1.77 v adder/norm/_1158_/A2 (NOR2_X1)
                  0.02    0.04    1.81 ^ adder/norm/_1158_/ZN (NOR2_X1)
     2    3.79                           adder/norm/_0189_ (net)
                  0.02    0.00    1.81 ^ adder/norm/_1204_/A2 (NAND3_X1)
                  0.01    0.02    1.84 v adder/norm/_1204_/ZN (NAND3_X1)
     1    1.50                           adder/norm/_0300_ (net)
                  0.01    0.00    1.84 v adder/norm/_1206_/A1 (NOR2_X1)
                  0.04    0.05    1.89 ^ adder/norm/_1206_/ZN (NOR2_X1)
     1    7.13                           adder/norm/_0302_ (net)
                  0.04    0.00    1.89 ^ adder/norm/_1210_/A1 (NOR2_X4)
                  0.01    0.02    1.91 v adder/norm/_1210_/ZN (NOR2_X4)
     4   15.53                           adder/norm/_0306_ (net)
                  0.01    0.00    1.91 v adder/norm/_1211_/A2 (NAND2_X4)
                  0.04    0.05    1.95 ^ adder/norm/_1211_/ZN (NAND2_X4)
    13   55.04                           adder/norm/_0307_ (net)
                  0.04    0.00    1.96 ^ adder/norm/_1215_/A1 (NAND2_X1)
                  0.02    0.03    1.99 v adder/norm/_1215_/ZN (NAND2_X1)
     1    6.53                           adder/norm/_0311_ (net)
                  0.02    0.00    1.99 v adder/norm/_1217_/A1 (NAND2_X4)
                  0.12    0.13    2.12 ^ adder/norm/_1217_/ZN (NAND2_X4)
    52  221.19                           adder/norm/_0313_ (net)
                  0.12    0.00    2.12 ^ adder/norm/_1221_/A2 (NAND3_X2)
                  0.03    0.06    2.17 v adder/norm/_1221_/ZN (NAND3_X2)
     3   11.21                           adder/norm/_0317_ (net)
                  0.03    0.00    2.17 v adder/norm/_1236_/A1 (NAND3_X2)
                  0.02    0.03    2.20 ^ adder/norm/_1236_/ZN (NAND3_X2)
     2    6.87                           adder/norm/_0332_ (net)
                  0.02    0.00    2.20 ^ adder/norm/_1238_/A1 (NAND2_X1)
                  0.01    0.02    2.23 v adder/norm/_1238_/ZN (NAND2_X1)
     1    5.82                           adder/norm/_0334_ (net)
                  0.01    0.00    2.23 v adder/norm/_1240_/A1 (NAND2_X4)
                  0.07    0.09    2.32 ^ adder/norm/_1240_/ZN (NAND2_X4)
    34  122.97                           adder/norm/_0336_ (net)
                  0.07    0.00    2.32 ^ max_cap82/A (BUF_X32)
                  0.02    0.04    2.36 ^ max_cap82/Z (BUF_X32)
    42  226.68                           net82 (net)
                  0.02    0.01    2.37 ^ adder/norm/_1269_/A1 (AND2_X4)
                  0.04    0.07    2.44 ^ adder/norm/_1269_/ZN (AND2_X4)
    26   73.60                           adder/norm/_0365_ (net)
                  0.04    0.01    2.45 ^ adder/norm/_1694_/A1 (NAND3_X1)
                  0.02    0.04    2.49 v adder/norm/_1694_/ZN (NAND3_X1)
     2    5.19                           adder/norm/_0790_ (net)
                  0.02    0.00    2.49 v adder/norm/_1696_/A1 (NAND2_X1)
                  0.02    0.03    2.52 ^ adder/norm/_1696_/ZN (NAND2_X1)
     2    5.82                           adder/norm/_0792_ (net)
                  0.02    0.00    2.52 ^ adder/norm/_1697_/A1 (NAND2_X1)
                  0.03    0.03    2.55 v adder/norm/_1697_/ZN (NAND2_X1)
     2    6.03                           adder/norm/_0793_ (net)
                  0.03    0.00    2.55 v adder/norm/_1910_/A1 (NAND2_X1)
                  0.02    0.03    2.57 ^ adder/norm/_1910_/ZN (NAND2_X1)
     1    3.50                           adder/norm/_1006_ (net)
                  0.02    0.00    2.57 ^ adder/norm/_1911_/A1 (NAND2_X1)
                  0.02    0.02    2.60 v adder/norm/_1911_/ZN (NAND2_X1)
     2    6.31                           adder/norm/_1007_ (net)
                  0.02    0.00    2.60 v adder/norm/_1913_/A1 (NAND3_X1)
                  0.01    0.03    2.62 ^ adder/norm/_1913_/ZN (NAND3_X1)
     1    2.94                           adder/norm/_1009_ (net)
                  0.01    0.00    2.62 ^ adder/norm/_1917_/A1 (NAND2_X1)
                  0.01    0.02    2.64 v adder/norm/_1917_/ZN (NAND2_X1)
     1    2.16                           adder/norm/_1013_ (net)
                  0.01    0.00    2.64 v adder/norm/_1924_/A1 (NOR2_X1)
                  0.04    0.05    2.69 ^ adder/norm/_1924_/ZN (NOR2_X1)
     3    6.27                           adder/norm/_1020_ (net)
                  0.04    0.00    2.69 ^ adder/norm/_1925_/A2 (NAND2_X1)
                  0.01    0.02    2.71 v adder/norm/_1925_/ZN (NAND2_X1)
     1    3.18                           adder/norm/_1021_ (net)
                  0.01    0.00    2.71 v adder/norm/_1957_/A1 (NOR2_X2)
                  0.02    0.04    2.74 ^ adder/norm/_1957_/ZN (NOR2_X2)
     1    7.66                           adder/norm/_1053_ (net)
                  0.02    0.00    2.74 ^ adder/norm/_1991_/A2 (NAND3_X4)
                  0.02    0.03    2.78 v adder/norm/_1991_/ZN (NAND3_X4)
     5   15.73                           adder/norm/_1087_ (net)
                  0.02    0.00    2.78 v adder/norm/_1992_/A2 (NOR2_X4)
                  0.03    0.04    2.82 ^ adder/norm/_1992_/ZN (NOR2_X4)
     6   17.07                           adder/norm/_1088_ (net)
                  0.03    0.00    2.82 ^ adder/norm/_2078_/A1 (NAND4_X1)
                  0.02    0.04    2.86 v adder/norm/_2078_/ZN (NAND4_X1)
     1    3.45                           adder/norm/_0039_ (net)
                  0.02    0.00    2.86 v adder/norm/_2079_/A1 (NAND2_X2)
                  0.01    0.03    2.89 ^ adder/norm/_2079_/ZN (NAND2_X2)
     3    8.02                           adder/norm/_0040_ (net)
                  0.01    0.00    2.89 ^ adder/norm/_2089_/A1 (NAND2_X1)
                  0.01    0.02    2.90 v adder/norm/_2089_/ZN (NAND2_X1)
     1    3.01                           adder/norm/_0049_ (net)
                  0.01    0.00    2.90 v adder/norm/_2093_/A1 (NAND2_X1)
                  0.02    0.03    2.93 ^ adder/norm/_2093_/ZN (NAND2_X1)
     3    6.41                           adder/norm/_0054_ (net)
                  0.02    0.00    2.93 ^ adder/norm/_2104_/A1 (NAND2_X1)
                  0.01    0.02    2.95 v adder/norm/_2104_/ZN (NAND2_X1)
     1    1.85                           adder/norm/_0064_ (net)
                  0.01    0.00    2.95 v adder/norm/_2106_/A1 (NAND2_X1)
                  0.02    0.02    2.97 ^ adder/norm/_2106_/ZN (NAND2_X1)
     2    4.44                           adder/norm/_0066_ (net)
                  0.02    0.00    2.97 ^ adder/norm/_2112_/A1 (NAND2_X1)
                  0.01    0.02    2.99 v adder/norm/_2112_/ZN (NAND2_X1)
     2    3.37                           adder/norm/_0072_ (net)
                  0.01    0.00    2.99 v adder/norm/_2113_/A1 (NAND2_X1)
                  0.01    0.02    3.00 ^ adder/norm/_2113_/ZN (NAND2_X1)
     1    1.85                           adder/norm/_0073_ (net)
                  0.01    0.00    3.00 ^ adder/norm/_2116_/A1 (NAND2_X1)
                  0.01    0.01    3.01 v adder/norm/_2116_/ZN (NAND2_X1)
     1    1.57                           adder/norm/_0076_ (net)
                  0.01    0.00    3.01 v adder/norm/_2119_/A1 (NAND2_X1)
                  0.01    0.01    3.03 ^ adder/norm/_2119_/ZN (NAND2_X1)
     1    1.28                           net73 (net)
                  0.01    0.00    3.03 ^ output73/A (BUF_X1)
                  0.00    0.02    3.04 ^ output73/Z (BUF_X1)
     1    0.53                           result_o[30] (net)
                  0.00    0.00    3.04 ^ result_o[30] (out)
                                  3.04   data arrival time

                  0.00 1000.00 1000.00   clock clk_i (rise edge)
                          0.00 1000.00   clock network delay (ideal)
                          0.00 1000.00   clock reconvergence pessimism
                       -100.00  900.00   output external delay
                                900.00   data required time
-----------------------------------------------------------------------------
                                900.00   data required time
                                 -3.04   data arrival time
-----------------------------------------------------------------------------
                                896.96   slack (MET)



==========================================================================
detailed place report_checks -unconstrained
--------------------------------------------------------------------------
Startpoint: rst_ni (input port clocked by clk_i)
Endpoint: adder/_125_ (recovery check against rising-edge clock clk_i)
Path Group: **async_default**
Path Type: max

Fanout     Cap    Slew   Delay    Time   Description
-----------------------------------------------------------------------------
                  0.00    0.00    0.00   clock clk_i (rise edge)
                          0.00    0.00   clock network delay (ideal)
                        100.00  100.00 ^ input external delay
                  0.00    0.00  100.00 ^ rst_ni (in)
     1   12.73                           rst_ni (net)
                  0.00    0.00  100.00 ^ input49/A (BUF_X16)
                  0.01    0.02  100.02 ^ input49/Z (BUF_X16)
    64  166.73                           net49 (net)
                  0.05    0.04  100.06 ^ adder/_125_/RN (DFFR_X1)
                                100.06   data arrival time

                  0.00 1000.00 1000.00   clock clk_i (rise edge)
                          0.00 1000.00   clock network delay (ideal)
                          0.00 1000.00   clock reconvergence pessimism
                               1000.00 ^ adder/_125_/CK (DFFR_X1)
                          0.05 1000.05   library recovery time
                               1000.05   data required time
-----------------------------------------------------------------------------
                               1000.05   data required time
                               -100.06   data arrival time
-----------------------------------------------------------------------------
                                899.99   slack (MET)


Startpoint: adder/_163_ (rising edge-triggered flip-flop clocked by clk_i)
Endpoint: result_o[30] (output port clocked by clk_i)
Path Group: clk_i
Path Type: max

Fanout     Cap    Slew   Delay    Time   Description
-----------------------------------------------------------------------------
                  0.00    0.00    0.00   clock clk_i (rise edge)
                          0.00    0.00   clock network delay (ideal)
                  0.00    0.00    0.00 ^ adder/_163_/CK (DFFR_X2)
                  0.02    0.14    0.14 ^ adder/_163_/Q (DFFR_X2)
     4   10.75                           adder/exp_b_d[2] (net)
                  0.02    0.00    0.14 ^ adder/adder/_1266_/A (INV_X1)
                  0.01    0.01    0.15 v adder/adder/_1266_/ZN (INV_X1)
     1    1.81                           adder/adder/_0379_ (net)
                  0.01    0.00    0.15 v adder/adder/_1267_/A1 (NAND2_X1)
                  0.02    0.02    0.17 ^ adder/adder/_1267_/ZN (NAND2_X1)
     3    5.89                           adder/adder/_0380_ (net)
                  0.02    0.00    0.17 ^ adder/adder/_1268_/A2 (NAND2_X1)
                  0.01    0.02    0.19 v adder/adder/_1268_/ZN (NAND2_X1)
     2    3.72                           adder/adder/_0381_ (net)
                  0.01    0.00    0.19 v adder/adder/_1269_/A2 (NOR2_X1)
                  0.02    0.04    0.23 ^ adder/adder/_1269_/ZN (NOR2_X1)
     2    3.54                           adder/adder/_0382_ (net)
                  0.02    0.00    0.23 ^ adder/adder/_1270_/A2 (NAND2_X1)
                  0.02    0.02    0.25 v adder/adder/_1270_/ZN (NAND2_X1)
     2    3.88                           adder/adder/_0383_ (net)
                  0.02    0.00    0.25 v adder/adder/_1274_/A1 (NAND2_X1)
                  0.02    0.03    0.28 ^ adder/adder/_1274_/ZN (NAND2_X1)
     3    7.69                           adder/adder/_0387_ (net)
                  0.02    0.00    0.28 ^ adder/adder/_1299_/A1 (NAND2_X2)
                  0.02    0.03    0.31 v adder/adder/_1299_/ZN (NAND2_X2)
     4   13.19                           adder/adder/_0412_ (net)
                  0.02    0.00    0.31 v adder/adder/_1306_/A1 (NAND2_X4)
                  0.13    0.13    0.45 ^ adder/adder/_1306_/ZN (NAND2_X4)
    98  230.64                           adder/adder/_0419_ (net)
                  0.13    0.03    0.48 ^ adder/adder/_1307_/A (INV_X8)
                  0.03    0.03    0.51 v adder/adder/_1307_/ZN (INV_X8)
    28   62.67                           adder/adder/_0420_ (net)
                  0.03    0.01    0.51 v adder/adder/_1321_/A2 (NAND2_X1)
                  0.02    0.04    0.55 ^ adder/adder/_1321_/ZN (NAND2_X1)
     1    6.26                           adder/adder/_0434_ (net)
                  0.02    0.00    0.55 ^ adder/adder/_1326_/A1 (NAND2_X4)
                  0.03    0.04    0.60 v adder/adder/_1326_/ZN (NAND2_X4)
    27   66.72                           adder/adder/_0439_ (net)
                  0.04    0.01    0.61 v adder/adder/_1425_/A (INV_X8)
                  0.02    0.03    0.64 ^ adder/adder/_1425_/ZN (INV_X8)
    24   53.96                           adder/adder/_0529_ (net)
                  0.02    0.01    0.66 ^ adder/adder/_1426_/A2 (NAND3_X1)
                  0.02    0.03    0.68 v adder/adder/_1426_/ZN (NAND3_X1)
     2    3.26                           adder/adder/_0530_ (net)
                  0.02    0.00    0.68 v adder/adder/_1428_/A1 (NAND2_X1)
                  0.02    0.03    0.71 ^ adder/adder/_1428_/ZN (NAND2_X1)
     2    5.55                           adder/adder/_0532_ (net)
                  0.02    0.00    0.71 ^ adder/adder/_1429_/A (INV_X2)
                  0.01    0.01    0.72 v adder/adder/_1429_/ZN (INV_X2)
     1    1.57                           adder/adder/_0533_ (net)
                  0.01    0.00    0.72 v adder/adder/_1430_/A1 (NAND2_X1)
                  0.02    0.03    0.75 ^ adder/adder/_1430_/ZN (NAND2_X1)
     2    8.15                           adder/adder/_0534_ (net)
                  0.02    0.00    0.75 ^ adder/adder/_1446_/A1 (NAND2_X4)
                  0.02    0.03    0.78 v adder/adder/_1446_/ZN (NAND2_X4)
    21   40.30                           adder/adder/_0550_ (net)
                  0.02    0.01    0.79 v adder/adder/_1504_/A1 (NAND2_X1)
                  0.02    0.03    0.81 ^ adder/adder/_1504_/ZN (NAND2_X1)
     2    3.96                           adder/adder/_0608_ (net)
                  0.02    0.00    0.81 ^ adder/adder/_1507_/A1 (NAND2_X1)
                  0.02    0.02    0.83 v adder/adder/_1507_/ZN (NAND2_X1)
     1    1.77                           adder/adder/_0611_ (net)
                  0.02    0.00    0.83 v adder/adder/_1509_/A1 (NAND2_X1)
                  0.01    0.02    0.85 ^ adder/adder/_1509_/ZN (NAND2_X1)
     1    2.32                           adder/adder/_0613_ (net)
                  0.01    0.00    0.85 ^ adder/adder/_1510_/A2 (NAND2_X1)
                  0.01    0.02    0.87 v adder/adder/_1510_/ZN (NAND2_X1)
     2    3.57                           adder/adder/_0614_ (net)
                  0.01    0.00    0.87 v adder/adder/_1511_/A1 (NAND2_X1)
                  0.01    0.02    0.89 ^ adder/adder/_1511_/ZN (NAND2_X1)
     2    3.68                           adder/adder/_0615_ (net)
                  0.01    0.00    0.89 ^ adder/adder/_1567_/A1 (NAND2_X1)
                  0.01    0.02    0.90 v adder/adder/_1567_/ZN (NAND2_X1)
     1    2.22                           adder/adder/_0671_ (net)
                  0.01    0.00    0.90 v adder/adder/_1568_/A2 (NOR2_X1)
                  0.02    0.03    0.93 ^ adder/adder/_1568_/ZN (NOR2_X1)
     1    1.91                           adder/adder/_0672_ (net)
                  0.02    0.00    0.93 ^ adder/adder/_1569_/A2 (NAND2_X1)
                  0.01    0.02    0.95 v adder/adder/_1569_/ZN (NAND2_X1)
     1    1.96                           adder/adder/_0673_ (net)
                  0.01    0.00    0.95 v adder/adder/_1570_/A (INV_X1)
                  0.01    0.02    0.97 ^ adder/adder/_1570_/ZN (INV_X1)
     2    5.29                           adder/adder/_0674_ (net)
                  0.01    0.00    0.97 ^ adder/adder/_1571_/A1 (NOR2_X1)
                  0.01    0.01    0.98 v adder/adder/_1571_/ZN (NOR2_X1)
     1    2.57                           adder/adder/_0675_ (net)
                  0.01    0.00    0.98 v adder/adder/_1593_/A1 (NOR2_X1)
                  0.02    0.03    1.01 ^ adder/adder/_1593_/ZN (NOR2_X1)
     1    2.71                           adder/adder/_0697_ (net)
                  0.02    0.00    1.01 ^ adder/adder/_1657_/A1 (NAND2_X1)
                  0.01    0.02    1.03 v adder/adder/_1657_/ZN (NAND2_X1)
     1    3.15                           adder/adder/_0761_ (net)
                  0.01    0.00    1.03 v adder/adder/_1658_/A2 (NAND2_X1)
                  0.02    0.03    1.06 ^ adder/adder/_1658_/ZN (NAND2_X1)
     1    8.50                           adder/adder/_0762_ (net)
                  0.02    0.00    1.06 ^ adder/adder/_1672_/A1 (NAND2_X4)
                  0.01    0.02    1.08 v adder/adder/_1672_/ZN (NAND2_X4)
     6   18.54                           adder/mant_prenorm_d[20] (net)
                  0.01    0.00    1.08 v adder/adder/_1746_/A1 (NAND3_X2)
                  0.02    0.03    1.11 ^ adder/adder/_1746_/ZN (NAND3_X2)
     4   11.21                           adder/adder/_0849_ (net)
                  0.02    0.00    1.11 ^ adder/adder/_1842_/A1 (NAND3_X1)
                  0.02    0.03    1.14 v adder/adder/_1842_/ZN (NAND3_X1)
     1    5.11                           adder/adder/_0945_ (net)
                  0.02    0.00    1.14 v adder/adder/_1843_/A1 (NAND2_X2)
                  0.02    0.03    1.17 ^ adder/adder/_1843_/ZN (NAND2_X2)
     4   11.72                           adder/adder/_0946_ (net)
                  0.02    0.00    1.17 ^ adder/adder/_1926_/A1 (NAND2_X1)
                  0.01    0.02    1.19 v adder/adder/_1926_/ZN (NAND2_X1)
     1    3.39                           adder/adder/_1029_ (net)
                  0.01    0.00    1.19 v adder/adder/_1934_/A1 (NAND2_X2)
                  0.02    0.03    1.22 ^ adder/adder/_1934_/ZN (NAND2_X2)
     5   13.07                           adder/adder/_1037_ (net)
                  0.02    0.00    1.22 ^ adder/adder/_2035_/A1 (NAND2_X1)
                  0.01    0.02    1.24 v adder/adder/_2035_/ZN (NAND2_X1)
     1    4.54                           adder/adder/_0033_ (net)
                  0.01    0.00    1.24 v adder/adder/_2052_/A1 (NAND2_X2)
                  0.02    0.03    1.28 ^ adder/adder/_2052_/ZN (NAND2_X2)
     4   15.87                           adder/adder/_0051_ (net)
                  0.02    0.00    1.28 ^ adder/adder/_2217_/A1 (NAND2_X1)
                  0.02    0.03    1.30 v adder/adder/_2217_/ZN (NAND2_X1)
     2    6.17                           adder/adder/_0215_ (net)
                  0.02    0.00    1.30 v adder/adder/_2221_/B1 (OAI21_X2)
                  0.04    0.05    1.35 ^ adder/adder/_2221_/ZN (OAI21_X2)
     2   10.96                           adder/adder/_0218_ (net)
                  0.04    0.00    1.35 ^ adder/adder/_2224_/A1 (NAND2_X1)
                  0.01    0.02    1.38 v adder/adder/_2224_/ZN (NAND2_X1)
     1    3.55                           adder/adder/_0221_ (net)
                  0.01    0.00    1.38 v adder/adder/_2225_/A1 (NAND2_X2)
                  0.01    0.02    1.40 ^ adder/adder/_2225_/ZN (NAND2_X2)
     1    8.11                           adder/adder/_0222_ (net)
                  0.01    0.00    1.40 ^ adder/adder/_2226_/A (XNOR2_X2)
                  0.03    0.03    1.43 v adder/adder/_2226_/ZN (XNOR2_X2)
     5   16.93                           adder/mant_prenorm_d[39] (net)
                  0.03    0.00    1.43 v adder/norm/LOD/_193_/A (INV_X2)
                  0.01    0.02    1.45 ^ adder/norm/LOD/_193_/ZN (INV_X2)
     1    2.26                           adder/norm/LOD/_001_ (net)
                  0.01    0.00    1.45 ^ adder/norm/LOD/_194_/A2 (NAND2_X1)
                  0.01    0.01    1.46 v adder/norm/LOD/_194_/ZN (NAND2_X1)
     1    1.57                           adder/norm/LOD/_002_ (net)
                  0.01    0.00    1.46 v adder/norm/LOD/_198_/A1 (NOR2_X1)
                  0.04    0.05    1.51 ^ adder/norm/LOD/_198_/ZN (NOR2_X1)
     3    6.89                           adder/norm/LOD/_006_ (net)
                  0.04    0.00    1.51 ^ adder/norm/LOD/_199_/A2 (NAND2_X1)
                  0.02    0.03    1.54 v adder/norm/LOD/_199_/ZN (NAND2_X1)
     2    6.00                           adder/norm/LOD/_007_ (net)
                  0.02    0.00    1.54 v adder/norm/LOD/_200_/A2 (NOR2_X2)
                  0.04    0.05    1.60 ^ adder/norm/LOD/_200_/ZN (NOR2_X2)
     5   12.74                           adder/norm/LOD/_008_ (net)
                  0.04    0.00    1.60 ^ adder/norm/LOD/_297_/A1 (AND2_X1)
                  0.01    0.04    1.64 ^ adder/norm/LOD/_297_/ZN (AND2_X1)
     1    1.90                           adder/norm/LOD/_100_ (net)
                  0.01    0.00    1.64 ^ adder/norm/LOD/_298_/B1 (OAI21_X1)
                  0.02    0.02    1.66 v adder/norm/LOD/_298_/ZN (OAI21_X1)
     1    5.90                           adder/norm/LOD/_101_ (net)
                  0.02    0.00    1.66 v adder/norm/LOD/_301_/A1 (NAND2_X1)
                  0.02    0.03    1.69 ^ adder/norm/LOD/_301_/ZN (NAND2_X1)
     2    7.32                           adder/norm/Mant_leadingOne_D[3] (net)
                  0.02    0.00    1.69 ^ adder/norm/_1155_/A (INV_X1)
                  0.01    0.02    1.71 v adder/norm/_1155_/ZN (INV_X1)
     2    5.29                           adder/norm/_0156_ (net)
                  0.01    0.00    1.71 v adder/norm/_1156_/A1 (NAND2_X1)
                  0.03    0.03    1.74 ^ adder/norm/_1156_/ZN (NAND2_X1)
     4    7.91                           adder/norm/_0167_ (net)
                  0.03    0.00    1.74 ^ adder/norm/_1157_/A2 (NAND2_X1)
                  0.02    0.03    1.77 v adder/norm/_1157_/ZN (NAND2_X1)
     3    7.77                           adder/norm/_0178_ (net)
                  0.02    0.00    1.77 v adder/norm/_1158_/A2 (NOR2_X1)
                  0.02    0.04    1.81 ^ adder/norm/_1158_/ZN (NOR2_X1)
     2    3.79                           adder/norm/_0189_ (net)
                  0.02    0.00    1.81 ^ adder/norm/_1204_/A2 (NAND3_X1)
                  0.01    0.02    1.84 v adder/norm/_1204_/ZN (NAND3_X1)
     1    1.50                           adder/norm/_0300_ (net)
                  0.01    0.00    1.84 v adder/norm/_1206_/A1 (NOR2_X1)
                  0.04    0.05    1.89 ^ adder/norm/_1206_/ZN (NOR2_X1)
     1    7.13                           adder/norm/_0302_ (net)
                  0.04    0.00    1.89 ^ adder/norm/_1210_/A1 (NOR2_X4)
                  0.01    0.02    1.91 v adder/norm/_1210_/ZN (NOR2_X4)
     4   15.53                           adder/norm/_0306_ (net)
                  0.01    0.00    1.91 v adder/norm/_1211_/A2 (NAND2_X4)
                  0.04    0.05    1.95 ^ adder/norm/_1211_/ZN (NAND2_X4)
    13   55.04                           adder/norm/_0307_ (net)
                  0.04    0.00    1.96 ^ adder/norm/_1215_/A1 (NAND2_X1)
                  0.02    0.03    1.99 v adder/norm/_1215_/ZN (NAND2_X1)
     1    6.53                           adder/norm/_0311_ (net)
                  0.02    0.00    1.99 v adder/norm/_1217_/A1 (NAND2_X4)
                  0.12    0.13    2.12 ^ adder/norm/_1217_/ZN (NAND2_X4)
    52  221.19                           adder/norm/_0313_ (net)
                  0.12    0.00    2.12 ^ adder/norm/_1221_/A2 (NAND3_X2)
                  0.03    0.06    2.17 v adder/norm/_1221_/ZN (NAND3_X2)
     3   11.21                           adder/norm/_0317_ (net)
                  0.03    0.00    2.17 v adder/norm/_1236_/A1 (NAND3_X2)
                  0.02    0.03    2.20 ^ adder/norm/_1236_/ZN (NAND3_X2)
     2    6.87                           adder/norm/_0332_ (net)
                  0.02    0.00    2.20 ^ adder/norm/_1238_/A1 (NAND2_X1)
                  0.01    0.02    2.23 v adder/norm/_1238_/ZN (NAND2_X1)
     1    5.82                           adder/norm/_0334_ (net)
                  0.01    0.00    2.23 v adder/norm/_1240_/A1 (NAND2_X4)
                  0.07    0.09    2.32 ^ adder/norm/_1240_/ZN (NAND2_X4)
    34  122.97                           adder/norm/_0336_ (net)
                  0.07    0.00    2.32 ^ max_cap82/A (BUF_X32)
                  0.02    0.04    2.36 ^ max_cap82/Z (BUF_X32)
    42  226.68                           net82 (net)
                  0.02    0.01    2.37 ^ adder/norm/_1269_/A1 (AND2_X4)
                  0.04    0.07    2.44 ^ adder/norm/_1269_/ZN (AND2_X4)
    26   73.60                           adder/norm/_0365_ (net)
                  0.04    0.01    2.45 ^ adder/norm/_1694_/A1 (NAND3_X1)
                  0.02    0.04    2.49 v adder/norm/_1694_/ZN (NAND3_X1)
     2    5.19                           adder/norm/_0790_ (net)
                  0.02    0.00    2.49 v adder/norm/_1696_/A1 (NAND2_X1)
                  0.02    0.03    2.52 ^ adder/norm/_1696_/ZN (NAND2_X1)
     2    5.82                           adder/norm/_0792_ (net)
                  0.02    0.00    2.52 ^ adder/norm/_1697_/A1 (NAND2_X1)
                  0.03    0.03    2.55 v adder/norm/_1697_/ZN (NAND2_X1)
     2    6.03                           adder/norm/_0793_ (net)
                  0.03    0.00    2.55 v adder/norm/_1910_/A1 (NAND2_X1)
                  0.02    0.03    2.57 ^ adder/norm/_1910_/ZN (NAND2_X1)
     1    3.50                           adder/norm/_1006_ (net)
                  0.02    0.00    2.57 ^ adder/norm/_1911_/A1 (NAND2_X1)
                  0.02    0.02    2.60 v adder/norm/_1911_/ZN (NAND2_X1)
     2    6.31                           adder/norm/_1007_ (net)
                  0.02    0.00    2.60 v adder/norm/_1913_/A1 (NAND3_X1)
                  0.01    0.03    2.62 ^ adder/norm/_1913_/ZN (NAND3_X1)
     1    2.94                           adder/norm/_1009_ (net)
                  0.01    0.00    2.62 ^ adder/norm/_1917_/A1 (NAND2_X1)
                  0.01    0.02    2.64 v adder/norm/_1917_/ZN (NAND2_X1)
     1    2.16                           adder/norm/_1013_ (net)
                  0.01    0.00    2.64 v adder/norm/_1924_/A1 (NOR2_X1)
                  0.04    0.05    2.69 ^ adder/norm/_1924_/ZN (NOR2_X1)
     3    6.27                           adder/norm/_1020_ (net)
                  0.04    0.00    2.69 ^ adder/norm/_1925_/A2 (NAND2_X1)
                  0.01    0.02    2.71 v adder/norm/_1925_/ZN (NAND2_X1)
     1    3.18                           adder/norm/_1021_ (net)
                  0.01    0.00    2.71 v adder/norm/_1957_/A1 (NOR2_X2)
                  0.02    0.04    2.74 ^ adder/norm/_1957_/ZN (NOR2_X2)
     1    7.66                           adder/norm/_1053_ (net)
                  0.02    0.00    2.74 ^ adder/norm/_1991_/A2 (NAND3_X4)
                  0.02    0.03    2.78 v adder/norm/_1991_/ZN (NAND3_X4)
     5   15.73                           adder/norm/_1087_ (net)
                  0.02    0.00    2.78 v adder/norm/_1992_/A2 (NOR2_X4)
                  0.03    0.04    2.82 ^ adder/norm/_1992_/ZN (NOR2_X4)
     6   17.07                           adder/norm/_1088_ (net)
                  0.03    0.00    2.82 ^ adder/norm/_2078_/A1 (NAND4_X1)
                  0.02    0.04    2.86 v adder/norm/_2078_/ZN (NAND4_X1)
     1    3.45                           adder/norm/_0039_ (net)
                  0.02    0.00    2.86 v adder/norm/_2079_/A1 (NAND2_X2)
                  0.01    0.03    2.89 ^ adder/norm/_2079_/ZN (NAND2_X2)
     3    8.02                           adder/norm/_0040_ (net)
                  0.01    0.00    2.89 ^ adder/norm/_2089_/A1 (NAND2_X1)
                  0.01    0.02    2.90 v adder/norm/_2089_/ZN (NAND2_X1)
     1    3.01                           adder/norm/_0049_ (net)
                  0.01    0.00    2.90 v adder/norm/_2093_/A1 (NAND2_X1)
                  0.02    0.03    2.93 ^ adder/norm/_2093_/ZN (NAND2_X1)
     3    6.41                           adder/norm/_0054_ (net)
                  0.02    0.00    2.93 ^ adder/norm/_2104_/A1 (NAND2_X1)
                  0.01    0.02    2.95 v adder/norm/_2104_/ZN (NAND2_X1)
     1    1.85                           adder/norm/_0064_ (net)
                  0.01    0.00    2.95 v adder/norm/_2106_/A1 (NAND2_X1)
                  0.02    0.02    2.97 ^ adder/norm/_2106_/ZN (NAND2_X1)
     2    4.44                           adder/norm/_0066_ (net)
                  0.02    0.00    2.97 ^ adder/norm/_2112_/A1 (NAND2_X1)
                  0.01    0.02    2.99 v adder/norm/_2112_/ZN (NAND2_X1)
     2    3.37                           adder/norm/_0072_ (net)
                  0.01    0.00    2.99 v adder/norm/_2113_/A1 (NAND2_X1)
                  0.01    0.02    3.00 ^ adder/norm/_2113_/ZN (NAND2_X1)
     1    1.85                           adder/norm/_0073_ (net)
                  0.01    0.00    3.00 ^ adder/norm/_2116_/A1 (NAND2_X1)
                  0.01    0.01    3.01 v adder/norm/_2116_/ZN (NAND2_X1)
     1    1.57                           adder/norm/_0076_ (net)
                  0.01    0.00    3.01 v adder/norm/_2119_/A1 (NAND2_X1)
                  0.01    0.01    3.03 ^ adder/norm/_2119_/ZN (NAND2_X1)
     1    1.28                           net73 (net)
                  0.01    0.00    3.03 ^ output73/A (BUF_X1)
                  0.00    0.02    3.04 ^ output73/Z (BUF_X1)
     1    0.53                           result_o[30] (net)
                  0.00    0.00    3.04 ^ result_o[30] (out)
                                  3.04   data arrival time

                  0.00 1000.00 1000.00   clock clk_i (rise edge)
                          0.00 1000.00   clock network delay (ideal)
                          0.00 1000.00   clock reconvergence pessimism
                       -100.00  900.00   output external delay
                                900.00   data required time
-----------------------------------------------------------------------------
                                900.00   data required time
                                 -3.04   data arrival time
-----------------------------------------------------------------------------
                                896.96   slack (MET)



==========================================================================
detailed place report_check_types -max_slew -max_cap -max_fanout -violators
--------------------------------------------------------------------------

==========================================================================
detailed place max_slew_check_slack
--------------------------------------------------------------------------
0.0731135755777359

==========================================================================
detailed place max_slew_check_limit
--------------------------------------------------------------------------
0.1985349953174591

==========================================================================
detailed place max_slew_check_slack_limit
--------------------------------------------------------------------------
0.3683

==========================================================================
detailed place max_fanout_check_slack
--------------------------------------------------------------------------
1.0000000150474662e+30

==========================================================================
detailed place max_fanout_check_limit
--------------------------------------------------------------------------
1.0000000150474662e+30

==========================================================================
detailed place max_capacitance_check_slack
--------------------------------------------------------------------------
5.340116024017334

==========================================================================
detailed place max_capacitance_check_limit
--------------------------------------------------------------------------
104.06500244140625

==========================================================================
detailed place max_capacitance_check_slack_limit
--------------------------------------------------------------------------
0.0513

==========================================================================
detailed place max_slew_violation_count
--------------------------------------------------------------------------
max slew violation count 0

==========================================================================
detailed place max_fanout_violation_count
--------------------------------------------------------------------------
max fanout violation count 0

==========================================================================
detailed place max_cap_violation_count
--------------------------------------------------------------------------
max cap violation count 0

==========================================================================
detailed place setup_violation_count
--------------------------------------------------------------------------
setup violation count 0

==========================================================================
detailed place hold_violation_count
--------------------------------------------------------------------------
hold violation count 0

==========================================================================
detailed place critical path delay
--------------------------------------------------------------------------
3.0446

==========================================================================
detailed place critical path slack
--------------------------------------------------------------------------
896.9555

==========================================================================
detailed place slack div critical path delay
--------------------------------------------------------------------------
29460.536688

==========================================================================
detailed place report_power
--------------------------------------------------------------------------
Group                  Internal  Switching    Leakage      Total
                          Power      Power      Power      Power (Watts)
----------------------------------------------------------------
Sequential             3.43e-07   3.48e-08   5.54e-06   5.92e-06   7.1%
Combinational          1.06e-06   1.76e-06   7.46e-05   7.74e-05  92.9%
Macro                  0.00e+00   0.00e+00   0.00e+00   0.00e+00   0.0%
Pad                    0.00e+00   0.00e+00   0.00e+00   0.00e+00   0.0%
----------------------------------------------------------------
Total                  1.40e-06   1.80e-06   8.01e-05   8.33e-05 100.0%
                           1.7%       2.2%      96.2%

==========================================================================
detailed place report_design_area
--------------------------------------------------------------------------
Design area 3601 u^2 44% utilization.

Elapsed time: 0:02.79[h:]min:sec. CPU time: user 2.73 sys 0.04 (99%). Peak memory: 104912KB.
