OpenROAD 353633e018e57e35041db2841116ba382830b97b 
This program is licensed under the BSD-3 license. See the LICENSE file for details.
Components of this program may be licensed under more restrictive licenses which must be honored.
Placement Analysis
---------------------------------
total displacement       2437.9 u
average displacement        0.8 u
max displacement            3.8 u
original HPWL           15463.3 u
legalized HPWL          17122.1 u
delta HPWL                   11 %

Detailed placement improvement.
Importing netlist into detailed improver.
[INFO DPO-0100] Creating network with 3219 cells, 80 terminals, 3141 edges and 9736 pins.
[INFO DPO-0109] Network stats: inst 3299, edges 3141, pins 9736
[INFO DPO-0110] Number of regions is 1
[INFO DPO-0401] Setting random seed to 1.
[INFO DPO-0402] Setting maximum displacement 5 1 to 14000 2800 units.
[INFO DPO-0320] Collected 206 fixed cells (excluded terminal_NI).
[INFO DPO-0318] Collected 3093 single height cells.
[INFO DPO-0321] Collected 0 wide cells.
[INFO DPO-0322] Image (4180, 5600) - (182400, 182000)
[INFO DPO-0310] Assigned 3093 cells into segments.  Movement in X-direction is 0.000000, movement in Y-direction is 0.000000.
[INFO DPO-0313] Found 0 cells in wrong regions.
[INFO DPO-0315] Found 0 row alignment problems.
[INFO DPO-0314] Found 0 site alignment problems.
[INFO DPO-0311] Found 0 overlaps between adjacent cells.
[INFO DPO-0312] Found 0 edge spacing violations and 0 padding violations.
[INFO DPO-0303] Running algorithm for independent set matching.
[INFO DPO-0300] Set matching objective is wirelength.
[INFO DPO-0301] Pass   1 of matching; objective is 3.454758e+07.
[INFO DPO-0302] End of matching; objective is 3.442202e+07, improvement is 0.36 percent.
[INFO DPO-0303] Running algorithm for global swaps.
[INFO DPO-0306] Pass   1 of global swaps; hpwl is 3.322047e+07.
[INFO DPO-0306] Pass   2 of global swaps; hpwl is 3.297292e+07.
[INFO DPO-0307] End of global swaps; objective is 3.297292e+07, improvement is 4.21 percent.
[INFO DPO-0303] Running algorithm for vertical swaps.
[INFO DPO-0308] Pass   1 of vertical swaps; hpwl is 3.284172e+07.
[INFO DPO-0309] End of vertical swaps; objective is 3.284172e+07, improvement is 0.40 percent.
[INFO DPO-0303] Running algorithm for reordering.
[INFO DPO-0304] Pass   1 of reordering; objective is 3.263482e+07.
[INFO DPO-0305] End of reordering; objective is 3.263482e+07, improvement is 0.63 percent.
[INFO DPO-0303] Running algorithm for random improvement.
[INFO DPO-0324] Random improver is using displacement generator.
[INFO DPO-0325] Random improver is using hpwl objective.
[INFO DPO-0326] Random improver cost string is (a).
[INFO DPO-0332] End of pass, Generator displacement called 61860 times.
[INFO DPO-0335] Generator displacement, Cumulative attempts 61860, swaps 11416, moves 17612 since last reset.
[INFO DPO-0333] End of pass, Objective hpwl, Initial cost 3.246011e+07, Scratch cost 3.205728e+07, Incremental cost 3.205728e+07, Mismatch? N
[INFO DPO-0338] End of pass, Total cost is 3.205728e+07.
[INFO DPO-0327] Pass   1 of random improver; improvement in cost is 1.24 percent.
[INFO DPO-0332] End of pass, Generator displacement called 61860 times.
[INFO DPO-0335] Generator displacement, Cumulative attempts 123720, swaps 22445, moves 35184 since last reset.
[INFO DPO-0333] End of pass, Objective hpwl, Initial cost 3.205728e+07, Scratch cost 3.182944e+07, Incremental cost 3.182944e+07, Mismatch? N
[INFO DPO-0338] End of pass, Total cost is 3.182944e+07.
[INFO DPO-0327] Pass   2 of random improver; improvement in cost is 0.71 percent.
[INFO DPO-0328] End of random improver; improvement is 1.942908 percent.
[INFO DPO-0380] Cell flipping.
[INFO DPO-0382] Changed 1539 cell orientations for row compatibility.
[INFO DPO-0383] Performed 970 cell flips.
[INFO DPO-0384] End of flipping; objective is 3.248143e+07, improvement is -1.48 percent.
[INFO DPO-0313] Found 0 cells in wrong regions.
[INFO DPO-0315] Found 0 row alignment problems.
[INFO DPO-0314] Found 0 site alignment problems.
[INFO DPO-0311] Found 0 overlaps between adjacent cells.
[INFO DPO-0312] Found 0 edge spacing violations and 0 padding violations.
Detailed Improvement Results
------------------------------------------
Original HPWL            17122.1 u
Final HPWL               15777.2 u
Delta HPWL                  -7.9 %

[INFO DPL-0020] Mirrored 174 instances
[INFO DPL-0021] HPWL before           15777.2 u
[INFO DPL-0022] HPWL after            15750.6 u
[INFO DPL-0023] HPWL delta               -0.2 %
[INFO FLW-0012] Placement violations .

==========================================================================
detailed place report_tns
--------------------------------------------------------------------------
tns -15.03

==========================================================================
detailed place report_wns
--------------------------------------------------------------------------
wns -0.61

==========================================================================
detailed place report_worst_slack
--------------------------------------------------------------------------
worst slack -0.61

==========================================================================
detailed place report_clock_skew
--------------------------------------------------------------------------
Clock clk_i
No launch/capture paths found.


==========================================================================
detailed place report_checks -path_delay min
--------------------------------------------------------------------------
Startpoint: operand_fp16_i[15] (input port clocked by clk_i)
Endpoint: result_o[31] (output port clocked by clk_i)
Path Group: clk_i
Path Type: min

Fanout     Cap    Slew   Delay    Time   Description
-----------------------------------------------------------------------------
                  0.00    0.00    0.00   clock clk_i (rise edge)
                          0.00    0.00   clock network delay (ideal)
                          0.30    0.30 ^ input external delay
                  0.00    0.00    0.30 ^ operand_fp16_i[15] (in)
     1    1.27                           operand_fp16_i[15] (net)
                  0.00    0.00    0.30 ^ input7/A (BUF_X1)
                  0.02    0.03    0.33 ^ input7/Z (BUF_X1)
     2    5.59                           net7 (net)
                  0.02    0.00    0.33 ^ adder/adder/_1299_/B (MUX2_X1)
                  0.01    0.04    0.36 ^ adder/adder/_1299_/Z (MUX2_X1)
     1    1.19                           net73 (net)
                  0.01    0.00    0.36 ^ output73/A (BUF_X1)
                  0.00    0.02    0.38 ^ output73/Z (BUF_X1)
     1    0.30                           result_o[31] (net)
                  0.00    0.00    0.38 ^ result_o[31] (out)
                                  0.38   data arrival time

                  0.00    0.00    0.00   clock clk_i (rise edge)
                          0.00    0.00   clock network delay (ideal)
                          0.00    0.00   clock reconvergence pessimism
                         -0.30   -0.30   output external delay
                                 -0.30   data required time
-----------------------------------------------------------------------------
                                 -0.30   data required time
                                 -0.38   data arrival time
-----------------------------------------------------------------------------
                                  0.68   slack (MET)



==========================================================================
detailed place report_checks -path_delay max
--------------------------------------------------------------------------
Startpoint: operand_fp16_i[8] (input port clocked by clk_i)
Endpoint: result_o[30] (output port clocked by clk_i)
Path Group: clk_i
Path Type: max

Fanout     Cap    Slew   Delay    Time   Description
-----------------------------------------------------------------------------
                  0.00    0.00    0.00   clock clk_i (rise edge)
                          0.00    0.00   clock network delay (ideal)
                          0.30    0.30 v input external delay
                  0.00    0.00    0.30 v operand_fp16_i[8] (in)
     1    1.21                           operand_fp16_i[8] (net)
                  0.00    0.00    0.30 v input15/A (BUF_X1)
                  0.01    0.03    0.33 v input15/Z (BUF_X1)
     5    8.62                           net15 (net)
                  0.01    0.00    0.33 v converter/_176_/A2 (NOR2_X1)
                  0.03    0.05    0.38 ^ converter/_176_/ZN (NOR2_X1)
     2    4.92                           converter/_108_ (net)
                  0.03    0.00    0.38 ^ converter/_178_/A1 (NAND2_X2)
                  0.02    0.03    0.41 v converter/_178_/ZN (NAND2_X2)
     3    9.56                           converter/_110_ (net)
                  0.02    0.00    0.41 v converter/_189_/A2 (NOR2_X1)
                  0.04    0.06    0.47 ^ converter/_189_/ZN (NOR2_X1)
     2    8.06                           converter/_121_ (net)
                  0.04    0.00    0.47 ^ converter/_192_/A1 (NAND2_X4)
                  0.02    0.03    0.50 v converter/_192_/ZN (NAND2_X4)
    11   25.03                           converter/_124_ (net)
                  0.02    0.00    0.50 v converter/_193_/A2 (NAND2_X4)
                  0.02    0.04    0.54 ^ converter/_193_/ZN (NAND2_X4)
    14   32.31                           converter/_125_ (net)
                  0.02    0.00    0.54 ^ converter/_329_/A1 (NAND3_X1)
                  0.02    0.03    0.57 v converter/_329_/ZN (NAND3_X1)
     2    3.92                           converter/_089_ (net)
                  0.02    0.00    0.57 v converter/_334_/A (XOR2_X1)
                  0.01    0.05    0.62 v converter/_334_/Z (XOR2_X1)
     1    1.51                           converter/_093_ (net)
                  0.01    0.00    0.62 v converter/_335_/B1 (OAI21_X1)
                  0.04    0.05    0.67 ^ converter/_335_/ZN (OAI21_X1)
     3    5.92                           operand_fp16_fp32[26] (net)
                  0.04    0.00    0.67 ^ adder/adder/_1242_/A (INV_X1)
                  0.01    0.02    0.69 v adder/adder/_1242_/ZN (INV_X1)
     2    4.57                           adder/adder/_0376_ (net)
                  0.01    0.00    0.69 v adder/adder/_1243_/A1 (NAND2_X1)
                  0.01    0.02    0.71 ^ adder/adder/_1243_/ZN (NAND2_X1)
     2    3.59                           adder/adder/_0377_ (net)
                  0.01    0.00    0.71 ^ adder/adder/_1244_/A2 (NAND2_X1)
                  0.01    0.02    0.73 v adder/adder/_1244_/ZN (NAND2_X1)
     4    6.27                           adder/adder/_0378_ (net)
                  0.01    0.00    0.73 v adder/adder/_1250_/A1 (NOR2_X1)
                  0.03    0.05    0.78 ^ adder/adder/_1250_/ZN (NOR2_X1)
     3    5.66                           adder/adder/_0384_ (net)
                  0.03    0.00    0.78 ^ adder/adder/_1273_/A2 (NAND2_X1)
                  0.01    0.02    0.80 v adder/adder/_1273_/ZN (NAND2_X1)
     1    1.57                           adder/adder/_0407_ (net)
                  0.01    0.00    0.80 v adder/adder/_1277_/A1 (NAND2_X1)
                  0.02    0.03    0.83 ^ adder/adder/_1277_/ZN (NAND2_X1)
     4    7.95                           adder/adder/_0411_ (net)
                  0.02    0.00    0.83 ^ adder/adder/_1279_/A1 (NAND2_X1)
                  0.01    0.02    0.85 v adder/adder/_1279_/ZN (NAND2_X1)
     1    3.03                           adder/adder/_0413_ (net)
                  0.01    0.00    0.85 v adder/adder/_1289_/A1 (NAND2_X2)
                  0.02    0.02    0.87 ^ adder/adder/_1289_/ZN (NAND2_X2)
     2    9.24                           adder/adder/_0423_ (net)
                  0.02    0.00    0.87 ^ adder/adder/_1291_/A1 (NAND2_X4)
                  0.09    0.11    0.98 v adder/adder/_1291_/ZN (NAND2_X4)
   106  218.44                           adder/adder/_0425_ (net)
                  0.09    0.00    0.98 v adder/adder/_1312_/A (INV_X8)
                  0.03    0.05    1.04 ^ adder/adder/_1312_/ZN (INV_X8)
    19   42.00                           adder/adder/_0440_ (net)
                  0.03    0.00    1.04 ^ adder/adder/_1330_/A1 (NAND2_X1)
                  0.02    0.03    1.07 v adder/adder/_1330_/ZN (NAND2_X1)
     1    5.86                           adder/adder/_0455_ (net)
                  0.02    0.00    1.07 v adder/adder/_1334_/A1 (NAND2_X4)
                  0.03    0.04    1.11 ^ adder/adder/_1334_/ZN (NAND2_X4)
    25   53.27                           adder/adder/_0459_ (net)
                  0.03    0.00    1.11 ^ adder/adder/_1337_/A2 (NAND2_X2)
                  0.01    0.03    1.14 v adder/adder/_1337_/ZN (NAND2_X2)
     4    8.79                           adder/adder/_0462_ (net)
                  0.01    0.00    1.14 v adder/adder/_1360_/A1 (NAND3_X2)
                  0.02    0.02    1.16 ^ adder/adder/_1360_/ZN (NAND3_X2)
     4    8.33                           adder/adder/_0485_ (net)
                  0.02    0.00    1.16 ^ adder/adder/_1371_/A1 (NAND2_X1)
                  0.01    0.02    1.18 v adder/adder/_1371_/ZN (NAND2_X1)
     2    3.30                           adder/adder/_0496_ (net)
                  0.01    0.00    1.18 v adder/adder/_1391_/A1 (NAND2_X1)
                  0.02    0.03    1.21 ^ adder/adder/_1391_/ZN (NAND2_X1)
     1    6.06                           adder/adder/_0516_ (net)
                  0.02    0.00    1.21 ^ adder/adder/_1395_/A1 (NAND2_X4)
                  0.03    0.04    1.24 v adder/adder/_1395_/ZN (NAND2_X4)
    31   53.90                           adder/adder/_0520_ (net)
                  0.03    0.01    1.25 v adder/adder/_1552_/A1 (NAND2_X1)
                  0.02    0.03    1.28 ^ adder/adder/_1552_/ZN (NAND2_X1)
     2    3.53                           adder/adder/_0677_ (net)
                  0.02    0.00    1.28 ^ adder/adder/_1553_/A1 (NAND2_X1)
                  0.01    0.01    1.29 v adder/adder/_1553_/ZN (NAND2_X1)
     1    1.57                           adder/adder/_0678_ (net)
                  0.01    0.00    1.29 v adder/adder/_1555_/A1 (NAND2_X1)
                  0.01    0.02    1.31 ^ adder/adder/_1555_/ZN (NAND2_X1)
     1    1.13                           adder/adder/_0680_ (net)
                  0.01    0.00    1.31 ^ adder/adder/_1556_/A2 (AND2_X1)
                  0.01    0.04    1.34 ^ adder/adder/_1556_/ZN (AND2_X1)
     2    3.77                           adder/adder/_0681_ (net)
                  0.01    0.00    1.34 ^ adder/adder/_1557_/A1 (NAND2_X1)
                  0.01    0.02    1.36 v adder/adder/_1557_/ZN (NAND2_X1)
     2    3.34                           adder/adder/_0682_ (net)
                  0.01    0.00    1.36 v adder/adder/_1571_/A1 (NAND3_X1)
                  0.01    0.02    1.38 ^ adder/adder/_1571_/ZN (NAND3_X1)
     1    1.73                           adder/adder/_0696_ (net)
                  0.01    0.00    1.38 ^ adder/adder/_1579_/A1 (NAND2_X1)
                  0.01    0.01    1.39 v adder/adder/_1579_/ZN (NAND2_X1)
     1    1.74                           adder/adder/_0704_ (net)
                  0.01    0.00    1.39 v adder/adder/_1580_/A (INV_X1)
                  0.01    0.02    1.41 ^ adder/adder/_1580_/ZN (INV_X1)
     2    3.34                           adder/adder/_0705_ (net)
                  0.01    0.00    1.41 ^ adder/adder/_1607_/A1 (NAND3_X1)
                  0.01    0.02    1.43 v adder/adder/_1607_/ZN (NAND3_X1)
     1    1.66                           adder/adder/_0732_ (net)
                  0.01    0.00    1.43 v adder/adder/_1619_/A1 (NOR2_X1)
                  0.02    0.03    1.45 ^ adder/adder/_1619_/ZN (NOR2_X1)
     1    2.04                           adder/adder/_0744_ (net)
                  0.02    0.00    1.45 ^ adder/adder/_1620_/A2 (NAND2_X1)
                  0.01    0.02    1.47 v adder/adder/_1620_/ZN (NAND2_X1)
     1    1.79                           adder/adder/_0745_ (net)
                  0.01    0.00    1.47 v adder/adder/_1627_/A1 (NAND2_X1)
                  0.01    0.01    1.48 ^ adder/adder/_1627_/ZN (NAND2_X1)
     1    1.76                           adder/adder/_0752_ (net)
                  0.01    0.00    1.48 ^ adder/adder/_1647_/A1 (NAND2_X1)
                  0.01    0.02    1.50 v adder/adder/_1647_/ZN (NAND2_X1)
     2    4.61                           adder/adder/_0772_ (net)
                  0.01    0.00    1.50 v adder/adder/_1659_/A1 (NAND3_X1)
                  0.02    0.03    1.53 ^ adder/adder/_1659_/ZN (NAND3_X1)
     3    5.20                           adder/adder/_0784_ (net)
                  0.02    0.00    1.53 ^ adder/adder/_1845_/A1 (NAND4_X1)
                  0.03    0.03    1.55 v adder/adder/_1845_/ZN (NAND4_X1)
     1    1.93                           adder/adder/_0970_ (net)
                  0.03    0.00    1.55 v adder/adder/_1846_/A1 (NAND2_X1)
                  0.02    0.04    1.59 ^ adder/adder/_1846_/ZN (NAND2_X1)
     3    7.83                           adder/adder/_0971_ (net)
                  0.02    0.00    1.59 ^ adder/adder/_1926_/A1 (NAND2_X1)
                  0.01    0.02    1.61 v adder/adder/_1926_/ZN (NAND2_X1)
     1    3.08                           adder/adder/_1051_ (net)
                  0.01    0.00    1.61 v adder/adder/_1938_/A1 (NAND2_X2)
                  0.02    0.03    1.64 ^ adder/adder/_1938_/ZN (NAND2_X2)
     4   11.25                           adder/adder/_1063_ (net)
                  0.02    0.00    1.64 ^ adder/adder/_2031_/A1 (NAND2_X1)
                  0.01    0.02    1.66 v adder/adder/_2031_/ZN (NAND2_X1)
     1    3.19                           adder/adder/_0047_ (net)
                  0.01    0.00    1.66 v adder/adder/_2052_/A1 (NAND2_X2)
                  0.02    0.03    1.68 ^ adder/adder/_2052_/ZN (NAND2_X2)
     5   11.79                           adder/adder/_0070_ (net)
                  0.02    0.00    1.68 ^ adder/adder/_2212_/A1 (NAND2_X1)
                  0.01    0.02    1.70 v adder/adder/_2212_/ZN (NAND2_X1)
     1    1.64                           adder/adder/_0225_ (net)
                  0.01    0.00    1.70 v adder/adder/_2214_/A1 (NAND2_X1)
                  0.02    0.03    1.73 ^ adder/adder/_2214_/ZN (NAND2_X1)
     3    7.75                           adder/adder/_0228_ (net)
                  0.02    0.00    1.73 ^ adder/adder/_2219_/A1 (NAND2_X1)
                  0.01    0.02    1.74 v adder/adder/_2219_/ZN (NAND2_X1)
     1    1.64                           adder/adder/_0231_ (net)
                  0.01    0.00    1.74 v adder/adder/_2220_/A1 (NAND2_X1)
                  0.02    0.02    1.77 ^ adder/adder/_2220_/ZN (NAND2_X1)
     2    5.87                           adder/adder/_0232_ (net)
                  0.02    0.00    1.77 ^ adder/adder/_2223_/A1 (NAND2_X1)
                  0.01    0.02    1.79 v adder/adder/_2223_/ZN (NAND2_X1)
     2    3.32                           adder/adder/_0234_ (net)
                  0.01    0.00    1.79 v adder/adder/_2227_/A1 (NAND3_X1)
                  0.02    0.02    1.81 ^ adder/adder/_2227_/ZN (NAND3_X1)
     1    3.54                           adder/adder/_0239_ (net)
                  0.02    0.00    1.81 ^ adder/adder/_2228_/A2 (NAND2_X2)
                  0.01    0.02    1.83 v adder/adder/_2228_/ZN (NAND2_X2)
     6   11.68                           adder/mant_prenorm_d[43] (net)
                  0.01    0.00    1.83 v adder/norm/LOD/_169_/A2 (NOR2_X1)
                  0.02    0.04    1.87 ^ adder/norm/LOD/_169_/ZN (NOR2_X1)
     2    3.51                           adder/norm/LOD/_125_ (net)
                  0.02    0.00    1.87 ^ adder/norm/LOD/_170_/A2 (NAND2_X1)
                  0.01    0.02    1.90 v adder/norm/LOD/_170_/ZN (NAND2_X1)
     2    4.90                           adder/norm/LOD/_126_ (net)
                  0.01    0.00    1.90 v adder/norm/LOD/_171_/A2 (NOR2_X2)
                  0.03    0.05    1.94 ^ adder/norm/LOD/_171_/ZN (NOR2_X2)
     5   10.38                           adder/norm/LOD/_127_ (net)
                  0.03    0.00    1.94 ^ adder/norm/LOD/_191_/A1 (NAND2_X2)
                  0.02    0.03    1.98 v adder/norm/LOD/_191_/ZN (NAND2_X2)
     6   14.10                           adder/norm/LOD/_147_ (net)
                  0.02    0.00    1.98 v adder/norm/LOD/_235_/A2 (NOR2_X1)
                  0.03    0.05    2.03 ^ adder/norm/LOD/_235_/ZN (NOR2_X1)
     3    5.92                           adder/norm/Mant_leadingOne_D[4] (net)
                  0.03    0.00    2.03 ^ adder/norm/LOD/_236_/A2 (NAND2_X1)
                  0.01    0.02    2.05 v adder/norm/LOD/_236_/ZN (NAND2_X1)
     1    1.65                           adder/norm/LOD/_034_ (net)
                  0.01    0.00    2.05 v adder/norm/LOD/_237_/A2 (NAND2_X1)
                  0.01    0.02    2.06 ^ adder/norm/LOD/_237_/ZN (NAND2_X1)
     1    2.01                           adder/norm/LOD/_035_ (net)
                  0.01    0.00    2.06 ^ adder/norm/LOD/_238_/A (INV_X1)
                  0.01    0.01    2.07 v adder/norm/LOD/_238_/ZN (INV_X1)
     1    3.06                           adder/norm/LOD/_036_ (net)
                  0.01    0.00    2.07 v adder/norm/LOD/_277_/A1 (NAND2_X2)
                  0.02    0.03    2.10 ^ adder/norm/LOD/_277_/ZN (NAND2_X2)
     4   16.04                           adder/norm/Mant_leadingOne_D[0] (net)
                  0.02    0.00    2.10 ^ adder/norm/_1481_/A2 (NOR2_X1)
                  0.01    0.01    2.12 v adder/norm/_1481_/ZN (NOR2_X1)
     1    1.79                           adder/norm/_0042_ (net)
                  0.01    0.00    2.12 v adder/norm/_1482_/B2 (OAI21_X1)
                  0.02    0.03    2.15 ^ adder/norm/_1482_/ZN (OAI21_X1)
     1    1.76                           adder/norm/_0051_ (net)
                  0.02    0.00    2.15 ^ adder/norm/_1494_/A1 (NAND2_X1)
                  0.01    0.02    2.16 v adder/norm/_1494_/ZN (NAND2_X1)
     1    1.67                           adder/norm/_0178_ (net)
                  0.01    0.00    2.16 v adder/norm/_1498_/A1 (NAND2_X1)
                  0.01    0.01    2.18 ^ adder/norm/_1498_/ZN (NAND2_X1)
     1    1.82                           adder/norm/_0222_ (net)
                  0.01    0.00    2.18 ^ adder/norm/_1519_/A1 (NAND2_X1)
                  0.01    0.02    2.19 v adder/norm/_1519_/ZN (NAND2_X1)
     2    3.42                           adder/norm/_0453_ (net)
                  0.01    0.00    2.19 v adder/norm/_1528_/A1 (NAND2_X1)
                  0.01    0.01    2.21 ^ adder/norm/_1528_/ZN (NAND2_X1)
     1    1.67                           adder/norm/_0552_ (net)
                  0.01    0.00    2.21 ^ adder/norm/_1530_/A1 (NAND2_X1)
                  0.01    0.01    2.22 v adder/norm/_1530_/ZN (NAND2_X1)
     1    1.62                           adder/norm/_0574_ (net)
                  0.01    0.00    2.22 v adder/norm/_1532_/A1 (NAND2_X1)
                  0.01    0.02    2.24 ^ adder/norm/_1532_/ZN (NAND2_X1)
     1    3.14                           adder/norm/_0596_ (net)
                  0.01    0.00    2.24 ^ adder/norm/_1534_/A1 (NAND2_X2)
                  0.02    0.03    2.26 v adder/norm/_1534_/ZN (NAND2_X2)
     4   15.52                           adder/norm/_0609_ (net)
                  0.02    0.00    2.26 v adder/norm/_1536_/A1 (NAND2_X4)
                  0.03    0.04    2.30 ^ adder/norm/_1536_/ZN (NAND2_X4)
    10   38.93                           adder/norm/_0622_ (net)
                  0.03    0.00    2.30 ^ adder/norm/_1540_/A1 (NAND2_X1)
                  0.02    0.03    2.33 v adder/norm/_1540_/ZN (NAND2_X1)
     1    5.85                           adder/norm/_0636_ (net)
                  0.02    0.00    2.33 v adder/norm/_1542_/A1 (NAND2_X4)
                  0.11    0.12    2.45 ^ adder/norm/_1542_/ZN (NAND2_X4)
    81  188.35                           adder/norm/_0638_ (net)
                  0.11    0.00    2.45 ^ adder/norm/_1547_/A2 (NAND3_X4)
                  0.03    0.05    2.50 v adder/norm/_1547_/ZN (NAND3_X4)
     6   18.53                           adder/norm/_0643_ (net)
                  0.03    0.00    2.50 v adder/norm/_1562_/A1 (NAND4_X4)
                  0.06    0.07    2.57 ^ adder/norm/_1562_/ZN (NAND4_X4)
    41   85.33                           adder/norm/_0658_ (net)
                  0.06    0.01    2.58 ^ adder/norm/_1563_/A2 (NAND2_X4)
                  0.03    0.05    2.63 v adder/norm/_1563_/ZN (NAND2_X4)
    22   53.77                           adder/norm/_0659_ (net)
                  0.03    0.00    2.63 v adder/norm/_1564_/A (INV_X8)
                  0.03    0.05    2.68 ^ adder/norm/_1564_/ZN (INV_X8)
    40   94.36                           adder/norm/_0660_ (net)
                  0.03    0.01    2.69 ^ adder/norm/_1765_/A1 (NAND3_X1)
                  0.03    0.03    2.72 v adder/norm/_1765_/ZN (NAND3_X1)
     3    5.08                           adder/norm/_0861_ (net)
                  0.03    0.00    2.72 v adder/norm/_2025_/A1 (NAND3_X1)
                  0.02    0.03    2.75 ^ adder/norm/_2025_/ZN (NAND3_X1)
     2    3.51                           adder/norm/_1121_ (net)
                  0.02    0.00    2.75 ^ adder/norm/_2142_/A2 (NAND2_X1)
                  0.01    0.02    2.77 v adder/norm/_2142_/ZN (NAND2_X1)
     1    1.99                           adder/norm/_1238_ (net)
                  0.01    0.00    2.77 v adder/norm/_2143_/A (INV_X1)
                  0.01    0.02    2.78 ^ adder/norm/_2143_/ZN (INV_X1)
     2    3.44                           adder/norm/_1239_ (net)
                  0.01    0.00    2.78 ^ adder/norm/_2144_/A1 (NAND2_X1)
                  0.02    0.02    2.80 v adder/norm/_2144_/ZN (NAND2_X1)
     2    3.38                           adder/norm/_1240_ (net)
                  0.02    0.00    2.80 v adder/norm/_2145_/A1 (NAND2_X1)
                  0.02    0.02    2.82 ^ adder/norm/_2145_/ZN (NAND2_X1)
     2    3.44                           adder/norm/_1241_ (net)
                  0.02    0.00    2.82 ^ adder/norm/_2221_/A2 (NAND2_X1)
                  0.01    0.02    2.84 v adder/norm/_2221_/ZN (NAND2_X1)
     1    1.69                           adder/norm/_1317_ (net)
                  0.01    0.00    2.84 v adder/norm/_2222_/A1 (NAND2_X1)
                  0.01    0.02    2.86 ^ adder/norm/_2222_/ZN (NAND2_X1)
     1    2.07                           adder/norm/_1318_ (net)
                  0.01    0.00    2.86 ^ adder/norm/_2223_/A2 (NAND2_X1)
                  0.01    0.01    2.87 v adder/norm/_2223_/ZN (NAND2_X1)
     1    2.08                           adder/norm/_1319_ (net)
                  0.01    0.00    2.87 v adder/norm/_2224_/A2 (NOR2_X1)
                  0.04    0.06    2.93 ^ adder/norm/_2224_/ZN (NOR2_X1)
     3    7.28                           adder/norm/_1320_ (net)
                  0.04    0.00    2.93 ^ adder/norm/_2225_/A3 (NAND3_X2)
                  0.02    0.03    2.96 v adder/norm/_2225_/ZN (NAND3_X2)
     3    7.61                           adder/norm/_1321_ (net)
                  0.02    0.00    2.96 v adder/norm/_2262_/A1 (NOR2_X2)
                  0.04    0.05    3.01 ^ adder/norm/_2262_/ZN (NOR2_X2)
     7   13.20                           adder/norm/_1358_ (net)
                  0.04    0.00    3.01 ^ adder/norm/_2333_/A1 (NAND2_X1)
                  0.02    0.03    3.04 v adder/norm/_2333_/ZN (NAND2_X1)
     2    5.52                           adder/norm/_1429_ (net)
                  0.02    0.00    3.04 v adder/norm/_2334_/A2 (NOR2_X2)
                  0.04    0.06    3.10 ^ adder/norm/_2334_/ZN (NOR2_X2)
     7   14.05                           adder/norm/_1430_ (net)
                  0.04    0.00    3.10 ^ adder/norm/_2416_/A1 (NAND4_X1)
                  0.02    0.03    3.13 v adder/norm/_2416_/ZN (NAND4_X1)
     1    1.61                           adder/norm/_0040_ (net)
                  0.02    0.00    3.13 v adder/norm/_2417_/A1 (NAND2_X1)
                  0.02    0.03    3.16 ^ adder/norm/_2417_/ZN (NAND2_X1)
     3    5.85                           adder/norm/_0041_ (net)
                  0.02    0.00    3.16 ^ adder/norm/_2427_/A1 (NAND2_X1)
                  0.01    0.02    3.18 v adder/norm/_2427_/ZN (NAND2_X1)
     1    1.63                           adder/norm/_0050_ (net)
                  0.01    0.00    3.18 v adder/norm/_2430_/A1 (NAND2_X1)
                  0.02    0.02    3.20 ^ adder/norm/_2430_/ZN (NAND2_X1)
     3    5.99                           adder/norm/_0054_ (net)
                  0.02    0.00    3.20 ^ adder/norm/_2442_/A1 (NAND2_X1)
                  0.01    0.02    3.22 v adder/norm/_2442_/ZN (NAND2_X1)
     1    1.65                           adder/norm/_0065_ (net)
                  0.01    0.00    3.22 v adder/norm/_2445_/A1 (NAND2_X1)
                  0.01    0.02    3.24 ^ adder/norm/_2445_/ZN (NAND2_X1)
     2    4.11                           adder/norm/_0068_ (net)
                  0.01    0.00    3.24 ^ adder/norm/_2451_/A1 (NAND2_X1)
                  0.01    0.02    3.26 v adder/norm/_2451_/ZN (NAND2_X1)
     2    3.33                           adder/norm/_0074_ (net)
                  0.01    0.00    3.26 v adder/norm/_2452_/A1 (NAND2_X1)
                  0.01    0.01    3.27 ^ adder/norm/_2452_/ZN (NAND2_X1)
     1    1.64                           adder/norm/_0075_ (net)
                  0.01    0.00    3.27 ^ adder/norm/_2455_/A1 (NAND2_X1)
                  0.01    0.01    3.28 v adder/norm/_2455_/ZN (NAND2_X1)
     1    1.64                           adder/norm/_0078_ (net)
                  0.01    0.00    3.28 v adder/norm/_2457_/A1 (NAND2_X1)
                  0.01    0.01    3.30 ^ adder/norm/_2457_/ZN (NAND2_X1)
     1    1.01                           net72 (net)
                  0.01    0.00    3.30 ^ output72/A (BUF_X1)
                  0.00    0.02    3.31 ^ output72/Z (BUF_X1)
     1    0.31                           result_o[30] (net)
                  0.00    0.00    3.31 ^ result_o[30] (out)
                                  3.31   data arrival time

                  0.00    3.00    3.00   clock clk_i (rise edge)
                          0.00    3.00   clock network delay (ideal)
                          0.00    3.00   clock reconvergence pessimism
                         -0.30    2.70   output external delay
                                  2.70   data required time
-----------------------------------------------------------------------------
                                  2.70   data required time
                                 -3.31   data arrival time
-----------------------------------------------------------------------------
                                 -0.61   slack (VIOLATED)



==========================================================================
detailed place report_checks -unconstrained
--------------------------------------------------------------------------
Startpoint: operand_fp16_i[8] (input port clocked by clk_i)
Endpoint: result_o[30] (output port clocked by clk_i)
Path Group: clk_i
Path Type: max

Fanout     Cap    Slew   Delay    Time   Description
-----------------------------------------------------------------------------
                  0.00    0.00    0.00   clock clk_i (rise edge)
                          0.00    0.00   clock network delay (ideal)
                          0.30    0.30 v input external delay
                  0.00    0.00    0.30 v operand_fp16_i[8] (in)
     1    1.21                           operand_fp16_i[8] (net)
                  0.00    0.00    0.30 v input15/A (BUF_X1)
                  0.01    0.03    0.33 v input15/Z (BUF_X1)
     5    8.62                           net15 (net)
                  0.01    0.00    0.33 v converter/_176_/A2 (NOR2_X1)
                  0.03    0.05    0.38 ^ converter/_176_/ZN (NOR2_X1)
     2    4.92                           converter/_108_ (net)
                  0.03    0.00    0.38 ^ converter/_178_/A1 (NAND2_X2)
                  0.02    0.03    0.41 v converter/_178_/ZN (NAND2_X2)
     3    9.56                           converter/_110_ (net)
                  0.02    0.00    0.41 v converter/_189_/A2 (NOR2_X1)
                  0.04    0.06    0.47 ^ converter/_189_/ZN (NOR2_X1)
     2    8.06                           converter/_121_ (net)
                  0.04    0.00    0.47 ^ converter/_192_/A1 (NAND2_X4)
                  0.02    0.03    0.50 v converter/_192_/ZN (NAND2_X4)
    11   25.03                           converter/_124_ (net)
                  0.02    0.00    0.50 v converter/_193_/A2 (NAND2_X4)
                  0.02    0.04    0.54 ^ converter/_193_/ZN (NAND2_X4)
    14   32.31                           converter/_125_ (net)
                  0.02    0.00    0.54 ^ converter/_329_/A1 (NAND3_X1)
                  0.02    0.03    0.57 v converter/_329_/ZN (NAND3_X1)
     2    3.92                           converter/_089_ (net)
                  0.02    0.00    0.57 v converter/_334_/A (XOR2_X1)
                  0.01    0.05    0.62 v converter/_334_/Z (XOR2_X1)
     1    1.51                           converter/_093_ (net)
                  0.01    0.00    0.62 v converter/_335_/B1 (OAI21_X1)
                  0.04    0.05    0.67 ^ converter/_335_/ZN (OAI21_X1)
     3    5.92                           operand_fp16_fp32[26] (net)
                  0.04    0.00    0.67 ^ adder/adder/_1242_/A (INV_X1)
                  0.01    0.02    0.69 v adder/adder/_1242_/ZN (INV_X1)
     2    4.57                           adder/adder/_0376_ (net)
                  0.01    0.00    0.69 v adder/adder/_1243_/A1 (NAND2_X1)
                  0.01    0.02    0.71 ^ adder/adder/_1243_/ZN (NAND2_X1)
     2    3.59                           adder/adder/_0377_ (net)
                  0.01    0.00    0.71 ^ adder/adder/_1244_/A2 (NAND2_X1)
                  0.01    0.02    0.73 v adder/adder/_1244_/ZN (NAND2_X1)
     4    6.27                           adder/adder/_0378_ (net)
                  0.01    0.00    0.73 v adder/adder/_1250_/A1 (NOR2_X1)
                  0.03    0.05    0.78 ^ adder/adder/_1250_/ZN (NOR2_X1)
     3    5.66                           adder/adder/_0384_ (net)
                  0.03    0.00    0.78 ^ adder/adder/_1273_/A2 (NAND2_X1)
                  0.01    0.02    0.80 v adder/adder/_1273_/ZN (NAND2_X1)
     1    1.57                           adder/adder/_0407_ (net)
                  0.01    0.00    0.80 v adder/adder/_1277_/A1 (NAND2_X1)
                  0.02    0.03    0.83 ^ adder/adder/_1277_/ZN (NAND2_X1)
     4    7.95                           adder/adder/_0411_ (net)
                  0.02    0.00    0.83 ^ adder/adder/_1279_/A1 (NAND2_X1)
                  0.01    0.02    0.85 v adder/adder/_1279_/ZN (NAND2_X1)
     1    3.03                           adder/adder/_0413_ (net)
                  0.01    0.00    0.85 v adder/adder/_1289_/A1 (NAND2_X2)
                  0.02    0.02    0.87 ^ adder/adder/_1289_/ZN (NAND2_X2)
     2    9.24                           adder/adder/_0423_ (net)
                  0.02    0.00    0.87 ^ adder/adder/_1291_/A1 (NAND2_X4)
                  0.09    0.11    0.98 v adder/adder/_1291_/ZN (NAND2_X4)
   106  218.44                           adder/adder/_0425_ (net)
                  0.09    0.00    0.98 v adder/adder/_1312_/A (INV_X8)
                  0.03    0.05    1.04 ^ adder/adder/_1312_/ZN (INV_X8)
    19   42.00                           adder/adder/_0440_ (net)
                  0.03    0.00    1.04 ^ adder/adder/_1330_/A1 (NAND2_X1)
                  0.02    0.03    1.07 v adder/adder/_1330_/ZN (NAND2_X1)
     1    5.86                           adder/adder/_0455_ (net)
                  0.02    0.00    1.07 v adder/adder/_1334_/A1 (NAND2_X4)
                  0.03    0.04    1.11 ^ adder/adder/_1334_/ZN (NAND2_X4)
    25   53.27                           adder/adder/_0459_ (net)
                  0.03    0.00    1.11 ^ adder/adder/_1337_/A2 (NAND2_X2)
                  0.01    0.03    1.14 v adder/adder/_1337_/ZN (NAND2_X2)
     4    8.79                           adder/adder/_0462_ (net)
                  0.01    0.00    1.14 v adder/adder/_1360_/A1 (NAND3_X2)
                  0.02    0.02    1.16 ^ adder/adder/_1360_/ZN (NAND3_X2)
     4    8.33                           adder/adder/_0485_ (net)
                  0.02    0.00    1.16 ^ adder/adder/_1371_/A1 (NAND2_X1)
                  0.01    0.02    1.18 v adder/adder/_1371_/ZN (NAND2_X1)
     2    3.30                           adder/adder/_0496_ (net)
                  0.01    0.00    1.18 v adder/adder/_1391_/A1 (NAND2_X1)
                  0.02    0.03    1.21 ^ adder/adder/_1391_/ZN (NAND2_X1)
     1    6.06                           adder/adder/_0516_ (net)
                  0.02    0.00    1.21 ^ adder/adder/_1395_/A1 (NAND2_X4)
                  0.03    0.04    1.24 v adder/adder/_1395_/ZN (NAND2_X4)
    31   53.90                           adder/adder/_0520_ (net)
                  0.03    0.01    1.25 v adder/adder/_1552_/A1 (NAND2_X1)
                  0.02    0.03    1.28 ^ adder/adder/_1552_/ZN (NAND2_X1)
     2    3.53                           adder/adder/_0677_ (net)
                  0.02    0.00    1.28 ^ adder/adder/_1553_/A1 (NAND2_X1)
                  0.01    0.01    1.29 v adder/adder/_1553_/ZN (NAND2_X1)
     1    1.57                           adder/adder/_0678_ (net)
                  0.01    0.00    1.29 v adder/adder/_1555_/A1 (NAND2_X1)
                  0.01    0.02    1.31 ^ adder/adder/_1555_/ZN (NAND2_X1)
     1    1.13                           adder/adder/_0680_ (net)
                  0.01    0.00    1.31 ^ adder/adder/_1556_/A2 (AND2_X1)
                  0.01    0.04    1.34 ^ adder/adder/_1556_/ZN (AND2_X1)
     2    3.77                           adder/adder/_0681_ (net)
                  0.01    0.00    1.34 ^ adder/adder/_1557_/A1 (NAND2_X1)
                  0.01    0.02    1.36 v adder/adder/_1557_/ZN (NAND2_X1)
     2    3.34                           adder/adder/_0682_ (net)
                  0.01    0.00    1.36 v adder/adder/_1571_/A1 (NAND3_X1)
                  0.01    0.02    1.38 ^ adder/adder/_1571_/ZN (NAND3_X1)
     1    1.73                           adder/adder/_0696_ (net)
                  0.01    0.00    1.38 ^ adder/adder/_1579_/A1 (NAND2_X1)
                  0.01    0.01    1.39 v adder/adder/_1579_/ZN (NAND2_X1)
     1    1.74                           adder/adder/_0704_ (net)
                  0.01    0.00    1.39 v adder/adder/_1580_/A (INV_X1)
                  0.01    0.02    1.41 ^ adder/adder/_1580_/ZN (INV_X1)
     2    3.34                           adder/adder/_0705_ (net)
                  0.01    0.00    1.41 ^ adder/adder/_1607_/A1 (NAND3_X1)
                  0.01    0.02    1.43 v adder/adder/_1607_/ZN (NAND3_X1)
     1    1.66                           adder/adder/_0732_ (net)
                  0.01    0.00    1.43 v adder/adder/_1619_/A1 (NOR2_X1)
                  0.02    0.03    1.45 ^ adder/adder/_1619_/ZN (NOR2_X1)
     1    2.04                           adder/adder/_0744_ (net)
                  0.02    0.00    1.45 ^ adder/adder/_1620_/A2 (NAND2_X1)
                  0.01    0.02    1.47 v adder/adder/_1620_/ZN (NAND2_X1)
     1    1.79                           adder/adder/_0745_ (net)
                  0.01    0.00    1.47 v adder/adder/_1627_/A1 (NAND2_X1)
                  0.01    0.01    1.48 ^ adder/adder/_1627_/ZN (NAND2_X1)
     1    1.76                           adder/adder/_0752_ (net)
                  0.01    0.00    1.48 ^ adder/adder/_1647_/A1 (NAND2_X1)
                  0.01    0.02    1.50 v adder/adder/_1647_/ZN (NAND2_X1)
     2    4.61                           adder/adder/_0772_ (net)
                  0.01    0.00    1.50 v adder/adder/_1659_/A1 (NAND3_X1)
                  0.02    0.03    1.53 ^ adder/adder/_1659_/ZN (NAND3_X1)
     3    5.20                           adder/adder/_0784_ (net)
                  0.02    0.00    1.53 ^ adder/adder/_1845_/A1 (NAND4_X1)
                  0.03    0.03    1.55 v adder/adder/_1845_/ZN (NAND4_X1)
     1    1.93                           adder/adder/_0970_ (net)
                  0.03    0.00    1.55 v adder/adder/_1846_/A1 (NAND2_X1)
                  0.02    0.04    1.59 ^ adder/adder/_1846_/ZN (NAND2_X1)
     3    7.83                           adder/adder/_0971_ (net)
                  0.02    0.00    1.59 ^ adder/adder/_1926_/A1 (NAND2_X1)
                  0.01    0.02    1.61 v adder/adder/_1926_/ZN (NAND2_X1)
     1    3.08                           adder/adder/_1051_ (net)
                  0.01    0.00    1.61 v adder/adder/_1938_/A1 (NAND2_X2)
                  0.02    0.03    1.64 ^ adder/adder/_1938_/ZN (NAND2_X2)
     4   11.25                           adder/adder/_1063_ (net)
                  0.02    0.00    1.64 ^ adder/adder/_2031_/A1 (NAND2_X1)
                  0.01    0.02    1.66 v adder/adder/_2031_/ZN (NAND2_X1)
     1    3.19                           adder/adder/_0047_ (net)
                  0.01    0.00    1.66 v adder/adder/_2052_/A1 (NAND2_X2)
                  0.02    0.03    1.68 ^ adder/adder/_2052_/ZN (NAND2_X2)
     5   11.79                           adder/adder/_0070_ (net)
                  0.02    0.00    1.68 ^ adder/adder/_2212_/A1 (NAND2_X1)
                  0.01    0.02    1.70 v adder/adder/_2212_/ZN (NAND2_X1)
     1    1.64                           adder/adder/_0225_ (net)
                  0.01    0.00    1.70 v adder/adder/_2214_/A1 (NAND2_X1)
                  0.02    0.03    1.73 ^ adder/adder/_2214_/ZN (NAND2_X1)
     3    7.75                           adder/adder/_0228_ (net)
                  0.02    0.00    1.73 ^ adder/adder/_2219_/A1 (NAND2_X1)
                  0.01    0.02    1.74 v adder/adder/_2219_/ZN (NAND2_X1)
     1    1.64                           adder/adder/_0231_ (net)
                  0.01    0.00    1.74 v adder/adder/_2220_/A1 (NAND2_X1)
                  0.02    0.02    1.77 ^ adder/adder/_2220_/ZN (NAND2_X1)
     2    5.87                           adder/adder/_0232_ (net)
                  0.02    0.00    1.77 ^ adder/adder/_2223_/A1 (NAND2_X1)
                  0.01    0.02    1.79 v adder/adder/_2223_/ZN (NAND2_X1)
     2    3.32                           adder/adder/_0234_ (net)
                  0.01    0.00    1.79 v adder/adder/_2227_/A1 (NAND3_X1)
                  0.02    0.02    1.81 ^ adder/adder/_2227_/ZN (NAND3_X1)
     1    3.54                           adder/adder/_0239_ (net)
                  0.02    0.00    1.81 ^ adder/adder/_2228_/A2 (NAND2_X2)
                  0.01    0.02    1.83 v adder/adder/_2228_/ZN (NAND2_X2)
     6   11.68                           adder/mant_prenorm_d[43] (net)
                  0.01    0.00    1.83 v adder/norm/LOD/_169_/A2 (NOR2_X1)
                  0.02    0.04    1.87 ^ adder/norm/LOD/_169_/ZN (NOR2_X1)
     2    3.51                           adder/norm/LOD/_125_ (net)
                  0.02    0.00    1.87 ^ adder/norm/LOD/_170_/A2 (NAND2_X1)
                  0.01    0.02    1.90 v adder/norm/LOD/_170_/ZN (NAND2_X1)
     2    4.90                           adder/norm/LOD/_126_ (net)
                  0.01    0.00    1.90 v adder/norm/LOD/_171_/A2 (NOR2_X2)
                  0.03    0.05    1.94 ^ adder/norm/LOD/_171_/ZN (NOR2_X2)
     5   10.38                           adder/norm/LOD/_127_ (net)
                  0.03    0.00    1.94 ^ adder/norm/LOD/_191_/A1 (NAND2_X2)
                  0.02    0.03    1.98 v adder/norm/LOD/_191_/ZN (NAND2_X2)
     6   14.10                           adder/norm/LOD/_147_ (net)
                  0.02    0.00    1.98 v adder/norm/LOD/_235_/A2 (NOR2_X1)
                  0.03    0.05    2.03 ^ adder/norm/LOD/_235_/ZN (NOR2_X1)
     3    5.92                           adder/norm/Mant_leadingOne_D[4] (net)
                  0.03    0.00    2.03 ^ adder/norm/LOD/_236_/A2 (NAND2_X1)
                  0.01    0.02    2.05 v adder/norm/LOD/_236_/ZN (NAND2_X1)
     1    1.65                           adder/norm/LOD/_034_ (net)
                  0.01    0.00    2.05 v adder/norm/LOD/_237_/A2 (NAND2_X1)
                  0.01    0.02    2.06 ^ adder/norm/LOD/_237_/ZN (NAND2_X1)
     1    2.01                           adder/norm/LOD/_035_ (net)
                  0.01    0.00    2.06 ^ adder/norm/LOD/_238_/A (INV_X1)
                  0.01    0.01    2.07 v adder/norm/LOD/_238_/ZN (INV_X1)
     1    3.06                           adder/norm/LOD/_036_ (net)
                  0.01    0.00    2.07 v adder/norm/LOD/_277_/A1 (NAND2_X2)
                  0.02    0.03    2.10 ^ adder/norm/LOD/_277_/ZN (NAND2_X2)
     4   16.04                           adder/norm/Mant_leadingOne_D[0] (net)
                  0.02    0.00    2.10 ^ adder/norm/_1481_/A2 (NOR2_X1)
                  0.01    0.01    2.12 v adder/norm/_1481_/ZN (NOR2_X1)
     1    1.79                           adder/norm/_0042_ (net)
                  0.01    0.00    2.12 v adder/norm/_1482_/B2 (OAI21_X1)
                  0.02    0.03    2.15 ^ adder/norm/_1482_/ZN (OAI21_X1)
     1    1.76                           adder/norm/_0051_ (net)
                  0.02    0.00    2.15 ^ adder/norm/_1494_/A1 (NAND2_X1)
                  0.01    0.02    2.16 v adder/norm/_1494_/ZN (NAND2_X1)
     1    1.67                           adder/norm/_0178_ (net)
                  0.01    0.00    2.16 v adder/norm/_1498_/A1 (NAND2_X1)
                  0.01    0.01    2.18 ^ adder/norm/_1498_/ZN (NAND2_X1)
     1    1.82                           adder/norm/_0222_ (net)
                  0.01    0.00    2.18 ^ adder/norm/_1519_/A1 (NAND2_X1)
                  0.01    0.02    2.19 v adder/norm/_1519_/ZN (NAND2_X1)
     2    3.42                           adder/norm/_0453_ (net)
                  0.01    0.00    2.19 v adder/norm/_1528_/A1 (NAND2_X1)
                  0.01    0.01    2.21 ^ adder/norm/_1528_/ZN (NAND2_X1)
     1    1.67                           adder/norm/_0552_ (net)
                  0.01    0.00    2.21 ^ adder/norm/_1530_/A1 (NAND2_X1)
                  0.01    0.01    2.22 v adder/norm/_1530_/ZN (NAND2_X1)
     1    1.62                           adder/norm/_0574_ (net)
                  0.01    0.00    2.22 v adder/norm/_1532_/A1 (NAND2_X1)
                  0.01    0.02    2.24 ^ adder/norm/_1532_/ZN (NAND2_X1)
     1    3.14                           adder/norm/_0596_ (net)
                  0.01    0.00    2.24 ^ adder/norm/_1534_/A1 (NAND2_X2)
                  0.02    0.03    2.26 v adder/norm/_1534_/ZN (NAND2_X2)
     4   15.52                           adder/norm/_0609_ (net)
                  0.02    0.00    2.26 v adder/norm/_1536_/A1 (NAND2_X4)
                  0.03    0.04    2.30 ^ adder/norm/_1536_/ZN (NAND2_X4)
    10   38.93                           adder/norm/_0622_ (net)
                  0.03    0.00    2.30 ^ adder/norm/_1540_/A1 (NAND2_X1)
                  0.02    0.03    2.33 v adder/norm/_1540_/ZN (NAND2_X1)
     1    5.85                           adder/norm/_0636_ (net)
                  0.02    0.00    2.33 v adder/norm/_1542_/A1 (NAND2_X4)
                  0.11    0.12    2.45 ^ adder/norm/_1542_/ZN (NAND2_X4)
    81  188.35                           adder/norm/_0638_ (net)
                  0.11    0.00    2.45 ^ adder/norm/_1547_/A2 (NAND3_X4)
                  0.03    0.05    2.50 v adder/norm/_1547_/ZN (NAND3_X4)
     6   18.53                           adder/norm/_0643_ (net)
                  0.03    0.00    2.50 v adder/norm/_1562_/A1 (NAND4_X4)
                  0.06    0.07    2.57 ^ adder/norm/_1562_/ZN (NAND4_X4)
    41   85.33                           adder/norm/_0658_ (net)
                  0.06    0.01    2.58 ^ adder/norm/_1563_/A2 (NAND2_X4)
                  0.03    0.05    2.63 v adder/norm/_1563_/ZN (NAND2_X4)
    22   53.77                           adder/norm/_0659_ (net)
                  0.03    0.00    2.63 v adder/norm/_1564_/A (INV_X8)
                  0.03    0.05    2.68 ^ adder/norm/_1564_/ZN (INV_X8)
    40   94.36                           adder/norm/_0660_ (net)
                  0.03    0.01    2.69 ^ adder/norm/_1765_/A1 (NAND3_X1)
                  0.03    0.03    2.72 v adder/norm/_1765_/ZN (NAND3_X1)
     3    5.08                           adder/norm/_0861_ (net)
                  0.03    0.00    2.72 v adder/norm/_2025_/A1 (NAND3_X1)
                  0.02    0.03    2.75 ^ adder/norm/_2025_/ZN (NAND3_X1)
     2    3.51                           adder/norm/_1121_ (net)
                  0.02    0.00    2.75 ^ adder/norm/_2142_/A2 (NAND2_X1)
                  0.01    0.02    2.77 v adder/norm/_2142_/ZN (NAND2_X1)
     1    1.99                           adder/norm/_1238_ (net)
                  0.01    0.00    2.77 v adder/norm/_2143_/A (INV_X1)
                  0.01    0.02    2.78 ^ adder/norm/_2143_/ZN (INV_X1)
     2    3.44                           adder/norm/_1239_ (net)
                  0.01    0.00    2.78 ^ adder/norm/_2144_/A1 (NAND2_X1)
                  0.02    0.02    2.80 v adder/norm/_2144_/ZN (NAND2_X1)
     2    3.38                           adder/norm/_1240_ (net)
                  0.02    0.00    2.80 v adder/norm/_2145_/A1 (NAND2_X1)
                  0.02    0.02    2.82 ^ adder/norm/_2145_/ZN (NAND2_X1)
     2    3.44                           adder/norm/_1241_ (net)
                  0.02    0.00    2.82 ^ adder/norm/_2221_/A2 (NAND2_X1)
                  0.01    0.02    2.84 v adder/norm/_2221_/ZN (NAND2_X1)
     1    1.69                           adder/norm/_1317_ (net)
                  0.01    0.00    2.84 v adder/norm/_2222_/A1 (NAND2_X1)
                  0.01    0.02    2.86 ^ adder/norm/_2222_/ZN (NAND2_X1)
     1    2.07                           adder/norm/_1318_ (net)
                  0.01    0.00    2.86 ^ adder/norm/_2223_/A2 (NAND2_X1)
                  0.01    0.01    2.87 v adder/norm/_2223_/ZN (NAND2_X1)
     1    2.08                           adder/norm/_1319_ (net)
                  0.01    0.00    2.87 v adder/norm/_2224_/A2 (NOR2_X1)
                  0.04    0.06    2.93 ^ adder/norm/_2224_/ZN (NOR2_X1)
     3    7.28                           adder/norm/_1320_ (net)
                  0.04    0.00    2.93 ^ adder/norm/_2225_/A3 (NAND3_X2)
                  0.02    0.03    2.96 v adder/norm/_2225_/ZN (NAND3_X2)
     3    7.61                           adder/norm/_1321_ (net)
                  0.02    0.00    2.96 v adder/norm/_2262_/A1 (NOR2_X2)
                  0.04    0.05    3.01 ^ adder/norm/_2262_/ZN (NOR2_X2)
     7   13.20                           adder/norm/_1358_ (net)
                  0.04    0.00    3.01 ^ adder/norm/_2333_/A1 (NAND2_X1)
                  0.02    0.03    3.04 v adder/norm/_2333_/ZN (NAND2_X1)
     2    5.52                           adder/norm/_1429_ (net)
                  0.02    0.00    3.04 v adder/norm/_2334_/A2 (NOR2_X2)
                  0.04    0.06    3.10 ^ adder/norm/_2334_/ZN (NOR2_X2)
     7   14.05                           adder/norm/_1430_ (net)
                  0.04    0.00    3.10 ^ adder/norm/_2416_/A1 (NAND4_X1)
                  0.02    0.03    3.13 v adder/norm/_2416_/ZN (NAND4_X1)
     1    1.61                           adder/norm/_0040_ (net)
                  0.02    0.00    3.13 v adder/norm/_2417_/A1 (NAND2_X1)
                  0.02    0.03    3.16 ^ adder/norm/_2417_/ZN (NAND2_X1)
     3    5.85                           adder/norm/_0041_ (net)
                  0.02    0.00    3.16 ^ adder/norm/_2427_/A1 (NAND2_X1)
                  0.01    0.02    3.18 v adder/norm/_2427_/ZN (NAND2_X1)
     1    1.63                           adder/norm/_0050_ (net)
                  0.01    0.00    3.18 v adder/norm/_2430_/A1 (NAND2_X1)
                  0.02    0.02    3.20 ^ adder/norm/_2430_/ZN (NAND2_X1)
     3    5.99                           adder/norm/_0054_ (net)
                  0.02    0.00    3.20 ^ adder/norm/_2442_/A1 (NAND2_X1)
                  0.01    0.02    3.22 v adder/norm/_2442_/ZN (NAND2_X1)
     1    1.65                           adder/norm/_0065_ (net)
                  0.01    0.00    3.22 v adder/norm/_2445_/A1 (NAND2_X1)
                  0.01    0.02    3.24 ^ adder/norm/_2445_/ZN (NAND2_X1)
     2    4.11                           adder/norm/_0068_ (net)
                  0.01    0.00    3.24 ^ adder/norm/_2451_/A1 (NAND2_X1)
                  0.01    0.02    3.26 v adder/norm/_2451_/ZN (NAND2_X1)
     2    3.33                           adder/norm/_0074_ (net)
                  0.01    0.00    3.26 v adder/norm/_2452_/A1 (NAND2_X1)
                  0.01    0.01    3.27 ^ adder/norm/_2452_/ZN (NAND2_X1)
     1    1.64                           adder/norm/_0075_ (net)
                  0.01    0.00    3.27 ^ adder/norm/_2455_/A1 (NAND2_X1)
                  0.01    0.01    3.28 v adder/norm/_2455_/ZN (NAND2_X1)
     1    1.64                           adder/norm/_0078_ (net)
                  0.01    0.00    3.28 v adder/norm/_2457_/A1 (NAND2_X1)
                  0.01    0.01    3.30 ^ adder/norm/_2457_/ZN (NAND2_X1)
     1    1.01                           net72 (net)
                  0.01    0.00    3.30 ^ output72/A (BUF_X1)
                  0.00    0.02    3.31 ^ output72/Z (BUF_X1)
     1    0.31                           result_o[30] (net)
                  0.00    0.00    3.31 ^ result_o[30] (out)
                                  3.31   data arrival time

                  0.00    3.00    3.00   clock clk_i (rise edge)
                          0.00    3.00   clock network delay (ideal)
                          0.00    3.00   clock reconvergence pessimism
                         -0.30    2.70   output external delay
                                  2.70   data required time
-----------------------------------------------------------------------------
                                  2.70   data required time
                                 -3.31   data arrival time
-----------------------------------------------------------------------------
                                 -0.61   slack (VIOLATED)



==========================================================================
detailed place report_check_types -max_slew -max_cap -max_fanout -violators
--------------------------------------------------------------------------

==========================================================================
detailed place max_slew_check_slack
--------------------------------------------------------------------------
0.07448748499155045

==========================================================================
detailed place max_slew_check_limit
--------------------------------------------------------------------------
0.1985349953174591

==========================================================================
detailed place max_slew_check_slack_limit
--------------------------------------------------------------------------
0.3752

==========================================================================
detailed place max_fanout_check_slack
--------------------------------------------------------------------------
1.0000000150474662e+30

==========================================================================
detailed place max_fanout_check_limit
--------------------------------------------------------------------------
1.0000000150474662e+30

==========================================================================
detailed place max_capacitance_check_slack
--------------------------------------------------------------------------
6.208167552947998

==========================================================================
detailed place max_capacitance_check_limit
--------------------------------------------------------------------------
10.47130012512207

==========================================================================
detailed place max_capacitance_check_slack_limit
--------------------------------------------------------------------------
0.5929

==========================================================================
detailed place max_slew_violation_count
--------------------------------------------------------------------------
max slew violation count 0

==========================================================================
detailed place max_fanout_violation_count
--------------------------------------------------------------------------
max fanout violation count 0

==========================================================================
detailed place max_cap_violation_count
--------------------------------------------------------------------------
max cap violation count 0

==========================================================================
detailed place setup_violation_count
--------------------------------------------------------------------------
setup violation count 0

==========================================================================
detailed place hold_violation_count
--------------------------------------------------------------------------
hold violation count 1

==========================================================================
detailed place critical path delay
--------------------------------------------------------------------------
3.3140

==========================================================================
detailed place critical path slack
--------------------------------------------------------------------------
-0.6140

==========================================================================
detailed place slack div critical path delay
--------------------------------------------------------------------------
-18.527459

==========================================================================
detailed place report_power
--------------------------------------------------------------------------
Group                  Internal  Switching    Leakage      Total
                          Power      Power      Power      Power (Watts)
----------------------------------------------------------------
Sequential             0.00e+00   0.00e+00   0.00e+00   0.00e+00   0.0%
Combinational          8.48e-04   1.05e-03   6.93e-05   1.96e-03 100.0%
Macro                  0.00e+00   0.00e+00   0.00e+00   0.00e+00   0.0%
Pad                    0.00e+00   0.00e+00   0.00e+00   0.00e+00   0.0%
----------------------------------------------------------------
Total                  8.48e-04   1.05e-03   6.93e-05   1.96e-03 100.0%
                          43.2%      53.3%       3.5%

==========================================================================
detailed place report_design_area
--------------------------------------------------------------------------
Design area 3112 u^2 40% utilization.

Elapsed time: 0:02.41[h:]min:sec. CPU time: user 2.32 sys 0.07 (99%). Peak memory: 98320KB.
