asap7 scm (base)
  Found 42 warnings in the logs.
      [WARNING IFP-0028] Core area lower left (2.000, 2.000) snapped to (2.052, 2.160).
      [WARNING PDN-1024] -verbose has been deprecated.
      [WARNING CTS-0043] 1584 wires are pure wire and no slew degradation.
      [WARNING CTS-0045] Creating fake entries in the LUT.
      [WARNING CTS-0045] Creating fake entries in the LUT.
      [WARNING CTS-0045] Creating fake entries in the LUT.
      [WARNING CTS-0045] Creating fake entries in the LUT.
      [WARNING CTS-0045] Creating fake entries in the LUT.
      [WARNING CTS-0045] Creating fake entries in the LUT.
      [WARNING CTS-0045] Creating fake entries in the LUT.
      [WARNING CTS-0045] Creating fake entries in the LUT.
      [WARNING CTS-0045] Creating fake entries in the LUT.
      [WARNING CTS-0045] Creating fake entries in the LUT.
      [WARNING CTS-0045] Creating fake entries in the LUT.
      [WARNING CTS-0045] Creating fake entries in the LUT.
      [WARNING CTS-0045] Creating fake entries in the LUT.
      [WARNING CTS-0045] Creating fake entries in the LUT.
      [WARNING CTS-0045] Creating fake entries in the LUT.
      [WARNING RSZ-0062] Unable to repair all setup violations.
      [WARNING ANT-0011] -report_violating_nets is deprecated.
      [WARNING DRT-0140] SpacingRange unsupported.
      [WARNING DRT-0145] New SPACINGTABLE PARALLELRUNLENGTH overrides old SPACING rule.
      [WARNING DRT-0145] New SPACINGTABLE PARALLELRUNLENGTH overrides old SPACING rule.
      [WARNING DRT-0145] New SPACINGTABLE PARALLELRUNLENGTH overrides old SPACING rule.
      [WARNING DRT-0145] New SPACINGTABLE PARALLELRUNLENGTH overrides old SPACING rule.
      [WARNING DRT-0240] CUT layer V3 does not have square single-cut via, cut layer width may be set incorrectly.
      [WARNING DRT-0240] CUT layer V5 does not have square single-cut via, cut layer width may be set incorrectly.
      [WARNING PSM-0016] Voltage pad location (VSRC) file not specified, defaulting pad location to checkerboard pattern on core area.
      [WARNING PSM-0017] X direction bump pitch is not specified, defaulting to 140um.
      [WARNING PSM-0018] Y direction bump pitch is not specified, defaulting to 140um.
      [WARNING PSM-0063] Specified bump pitches of 140.000 and 140.000 are less than core width of 95.904 or core height of 95.580. Changing bump location to the center of the die at (50.004, 49.950).
      [WARNING PSM-0065] VSRC location not specified, using default checkerboard pattern with one VDD every size bumps in x-direction and one in two bumps in the y-direction
      [WARNING PSM-0016] Voltage pad location (VSRC) file not specified, defaulting pad location to checkerboard pattern on core area.
      [WARNING PSM-0017] X direction bump pitch is not specified, defaulting to 140um.
      [WARNING PSM-0018] Y direction bump pitch is not specified, defaulting to 140um.
      [WARNING PSM-0063] Specified bump pitches of 140.000 and 140.000 are less than core width of 95.904 or core height of 95.580. Changing bump location to the center of the die at (50.004, 49.950).
      [WARNING PSM-0065] VSRC location not specified, using default checkerboard pattern with one VDD every size bumps in x-direction and one in two bumps in the y-direction
      [WARNING GUI-0010] File path does not end with a valid extension, new path is: ./reports/asap7/scm/base/final_routing.webp.png
      [WARNING GUI-0010] File path does not end with a valid extension, new path is: ./reports/asap7/scm/base/final_placement.webp.png
      [WARNING GUI-0010] File path does not end with a valid extension, new path is: ./reports/asap7/scm/base/final_ir_drop.webp.png
      [WARNING GUI-0010] File path does not end with a valid extension, new path is: ./reports/asap7/scm/base/final_clocks.webp.png
      [WARNING GUI-0010] File path does not end with a valid extension, new path is: ./reports/asap7/scm/base/final_resizer.webp.png
  Generated report file: reports/asap7/scm/base/report.log

