OpenROAD b57893514040c5aa453ab5c104f35d1173a8add9 
This program is licensed under the BSD-3 license. See the LICENSE file for details.
Components of this program may be licensed under more restrictive licenses which must be honored.
[INFO ODB-0222] Reading LEF file: /__w/halutmatmul/halutmatmul/hardware/flow/OpenROAD/flow/platforms/nangate45/lef/NangateOpenCellLibrary.tech.lef
[INFO ODB-0223]     Created 22 technology layers
[INFO ODB-0224]     Created 27 technology vias
[INFO ODB-0226] Finished LEF file:  /__w/halutmatmul/halutmatmul/hardware/flow/OpenROAD/flow/platforms/nangate45/lef/NangateOpenCellLibrary.tech.lef
[INFO ODB-0222] Reading LEF file: /__w/halutmatmul/halutmatmul/hardware/flow/OpenROAD/flow/platforms/nangate45/lef/NangateOpenCellLibrary.macro.mod.lef
[INFO ODB-0225]     Created 135 library cells
[INFO ODB-0226] Finished LEF file:  /__w/halutmatmul/halutmatmul/hardware/flow/OpenROAD/flow/platforms/nangate45/lef/NangateOpenCellLibrary.macro.mod.lef
number instances in verilog is 32359
[WARNING IFP-0028] Core area lower left (2.000, 2.000) snapped to (2.090, 2.800).
[INFO IFP-0001] Added 244 rows of 1805 sites.
[INFO RSZ-0026] Removed 1784 buffers.
Default units for flow
 time 1ns
 capacitance 1fF
 resistance 1kohm
 voltage 1v
 current 1mA
 power 1nW
 distance 1um

==========================================================================
floorplan final report_tns
--------------------------------------------------------------------------
tns -8362.40

==========================================================================
floorplan final report_wns
--------------------------------------------------------------------------
wns -1.04

==========================================================================
floorplan final report_worst_slack
--------------------------------------------------------------------------
worst slack -1.04

==========================================================================
floorplan final report_clock_skew
--------------------------------------------------------------------------
Clock clk_i
Latency      CRPR       Skew
lut/gen_sub_units_scm[0].sub_unit_i/_2403_/G ^
   0.46
_547_/CK ^
   0.00      0.00       0.46


==========================================================================
floorplan final report_checks -path_delay min
--------------------------------------------------------------------------
Startpoint: rst_ni (input port clocked by clk_i)
Endpoint: _509_ (removal check against rising-edge clock clk_i)
Path Group: **async_default**
Path Type: min

Fanout     Cap    Slew   Delay    Time   Description
-----------------------------------------------------------------------------
                  0.00    0.00    0.00   clock clk_i (rise edge)
                          0.00    0.00   clock network delay (ideal)
                          0.30    0.30 ^ input external delay
                  0.00    0.00    0.30 ^ rst_ni (in)
   102  266.92                           rst_ni (net)
                  0.00    0.00    0.30 ^ _509_/RN (DFFR_X1)
                                  0.30   data arrival time

                  0.00    0.00    0.00   clock clk_i (rise edge)
                          0.00    0.00   clock network delay (ideal)
                          0.00    0.00   clock reconvergence pessimism
                                  0.00 ^ _509_/CK (DFFR_X1)
                          0.18    0.18   library removal time
                                  0.18   data required time
-----------------------------------------------------------------------------
                                  0.18   data required time
                                 -0.30   data arrival time
-----------------------------------------------------------------------------
                                  0.12   slack (MET)


Startpoint: lut/gen_sub_units_scm[0].sub_unit_i/_2813_
            (negative level-sensitive latch clocked by clk_i)
Endpoint: lut/gen_sub_units_scm[0].sub_unit_i/_2369_
          (rising clock gating-check end-point clocked by clk_i)
Path Group: **clock_gating_default**
Path Type: min

Fanout     Cap    Slew   Delay    Time   Description
-----------------------------------------------------------------------------
                  0.00    1.50    1.50   clock clk_i (fall edge)
                          0.00    1.50   clock network delay (ideal)
                  0.00    0.00    1.50 v lut/gen_sub_units_scm[0].sub_unit_i/_2813_/GN (DLL_X1)
                  0.01    0.05    1.55 ^ lut/gen_sub_units_scm[0].sub_unit_i/_2813_/Q (DLL_X1)
     1    1.28                           lut/gen_sub_units_scm[0].sub_unit_i/gen_cg_word_iter[5].cg_i.en_latch (net)
                  0.01    0.00    1.55 ^ lut/gen_sub_units_scm[0].sub_unit_i/_2369_/A2 (AND2_X1)
                                  1.55   data arrival time

                  0.00    1.50    1.50   clock clk_i (fall edge)
                          0.00    1.50   clock network delay (ideal)
                          0.00    1.50   clock reconvergence pessimism
                                  1.50 v lut/gen_sub_units_scm[0].sub_unit_i/_2369_/A1 (AND2_X1)
                          0.00    1.50   clock gating hold time
                                  1.50   data required time
-----------------------------------------------------------------------------
                                  1.50   data required time
                                 -1.55   data arrival time
-----------------------------------------------------------------------------
                                  0.05   slack (MET)


Startpoint: _509_ (rising edge-triggered flip-flop clocked by clk_i)
Endpoint: _509_ (rising edge-triggered flip-flop clocked by clk_i)
Path Group: clk_i
Path Type: min

Fanout     Cap    Slew   Delay    Time   Description
-----------------------------------------------------------------------------
                  0.00    0.00    0.00   clock clk_i (rise edge)
                          0.00    0.00   clock network delay (ideal)
                  0.00    0.00    0.00 ^ _509_/CK (DFFR_X1)
                  0.01    0.09    0.09 v _509_/Q (DFFR_X1)
     2    2.19                           result_o[0] (net)
                  0.01    0.00    0.09 v _395_/A3 (NAND3_X1)
                  0.01    0.02    0.10 ^ _395_/ZN (NAND3_X1)
     1    1.91                           _104_ (net)
                  0.01    0.00    0.10 ^ _400_/A1 (NAND2_X1)
                  0.01    0.01    0.12 v _400_/ZN (NAND2_X1)
     1    1.36                           _000_ (net)
                  0.01    0.00    0.12 v _509_/D (DFFR_X1)
                                  0.12   data arrival time

                  0.00    0.00    0.00   clock clk_i (rise edge)
                          0.00    0.00   clock network delay (ideal)
                          0.00    0.00   clock reconvergence pessimism
                                  0.00 ^ _509_/CK (DFFR_X1)
                          0.00    0.00   library hold time
                                  0.00   data required time
-----------------------------------------------------------------------------
                                  0.00   data required time
                                 -0.12   data arrival time
-----------------------------------------------------------------------------
                                  0.11   slack (MET)



==========================================================================
floorplan final report_checks -path_delay max
--------------------------------------------------------------------------
Startpoint: rst_ni (input port clocked by clk_i)
Endpoint: _509_ (recovery check against rising-edge clock clk_i)
Path Group: **async_default**
Path Type: max

Fanout     Cap    Slew   Delay    Time   Description
-----------------------------------------------------------------------------
                  0.00    0.00    0.00   clock clk_i (rise edge)
                          0.00    0.00   clock network delay (ideal)
                          0.30    0.30 ^ input external delay
                  0.00    0.00    0.30 ^ rst_ni (in)
   102  266.92                           rst_ni (net)
                  0.00    0.00    0.30 ^ _509_/RN (DFFR_X1)
                                  0.30   data arrival time

                  0.00    3.00    3.00   clock clk_i (rise edge)
                          0.00    3.00   clock network delay (ideal)
                          0.00    3.00   clock reconvergence pessimism
                                  3.00 ^ _509_/CK (DFFR_X1)
                          0.05    3.05   library recovery time
                                  3.05   data required time
-----------------------------------------------------------------------------
                                  3.05   data required time
                                 -0.30   data arrival time
-----------------------------------------------------------------------------
                                  2.75   slack (MET)


Startpoint: lut/_221_ (negative level-sensitive latch clocked by clk_i)
Endpoint: lut/_122_ (rising clock gating-check end-point clocked by clk_i)
Path Group: **clock_gating_default**
Path Type: max

Fanout     Cap    Slew   Delay    Time   Description
-----------------------------------------------------------------------------
                  0.00    1.50    1.50   clock clk_i (fall edge)
                          0.00    1.50   clock network delay (ideal)
                  0.00    0.00    1.50 v lut/_221_/GN (DLL_X1)
                  0.01    0.07    1.57 v lut/_221_/Q (DLL_X1)
     1    1.81                           lut/cg_we_global.en_latch (net)
                  0.01    0.00    1.57 v lut/_122_/A2 (NAND2_X1)
                                  1.57   data arrival time

                  0.00    3.00    3.00   clock clk_i (rise edge)
                          0.00    3.00   clock network delay (ideal)
                          0.00    3.00   clock reconvergence pessimism
                                  3.00 ^ lut/_122_/A1 (NAND2_X1)
                          0.00    3.00   clock gating setup time
                                  3.00   data required time
-----------------------------------------------------------------------------
                                  3.00   data required time
                                 -1.57   data arrival time
-----------------------------------------------------------------------------
                                  1.43   slack (MET)


Startpoint: _549_ (rising edge-triggered flip-flop clocked by clk_i)
Endpoint: _539_ (rising edge-triggered flip-flop clocked by clk_i)
Path Group: clk_i
Path Type: max

Fanout     Cap    Slew   Delay    Time   Description
-----------------------------------------------------------------------------
                  0.00    0.00    0.00   clock clk_i (rise edge)
                          0.00    0.00   clock network delay (ideal)
                  0.00    0.00    0.00 ^ _549_/CK (DFFR_X1)
                  0.04    0.14    0.14 ^ _549_/Q (DFFR_X1)
     5   18.70                           rdata_o_q[8] (net)
                  0.04    0.00    0.14 ^ fp_adder/converter/_172_/B2 (OAI21_X2)
                  0.02    0.03    0.17 v fp_adder/converter/_172_/ZN (OAI21_X2)
     1    6.08                           fp_adder/converter/_105_ (net)
                  0.02    0.00    0.17 v fp_adder/converter/_181_/A (AOI21_X4)
                  0.06    0.09    0.26 ^ fp_adder/converter/_181_/ZN (AOI21_X4)
    13   43.08                           fp_adder/converter/_114_ (net)
                  0.06    0.00    0.26 ^ fp_adder/converter/_199_/A1 (NAND2_X4)
                  0.03    0.06    0.31 v fp_adder/converter/_199_/ZN (NAND2_X4)
    14   52.17                           fp_adder/converter/_132_ (net)
                  0.03    0.00    0.31 v fp_adder/converter/_322_/B1 (OAI21_X1)
                  0.06    0.07    0.38 ^ fp_adder/converter/_322_/ZN (OAI21_X1)
     3    7.89                           fp_adder/operand_fp16_fp32[23] (net)
                  0.06    0.00    0.38 ^ fp_adder/adder/adder/_1310_/A2 (NOR2_X2)
                  0.02    0.02    0.40 v fp_adder/adder/adder/_1310_/ZN (NOR2_X2)
     3    6.64                           fp_adder/adder/adder/_0421_ (net)
                  0.02    0.00    0.40 v fp_adder/adder/adder/_1380_/A2 (NOR2_X1)
                  0.49    0.55    0.96 ^ fp_adder/adder/adder/_1380_/ZN (NOR2_X1)
    40  104.85                           fp_adder/adder/adder/_0491_ (net)
                  0.49    0.00    0.96 ^ fp_adder/adder/adder/_1424_/A (INV_X1)
                  0.22    0.33    1.28 v fp_adder/adder/adder/_1424_/ZN (INV_X1)
    37   86.83                           fp_adder/adder/adder/_0527_ (net)
                  0.22    0.00    1.28 v fp_adder/adder/adder/_1464_/B2 (OAI21_X1)
                  0.12    0.21    1.50 ^ fp_adder/adder/adder/_1464_/ZN (OAI21_X1)
    10   21.53                           fp_adder/adder/adder/_0567_ (net)
                  0.12    0.00    1.50 ^ fp_adder/adder/adder/_1465_/A (INV_X1)
                  0.05    0.08    1.57 v fp_adder/adder/adder/_1465_/ZN (INV_X1)
    14   28.55                           fp_adder/adder/adder/_0568_ (net)
                  0.05    0.00    1.57 v fp_adder/adder/adder/_1617_/B2 (AOI21_X1)
                  0.03    0.05    1.63 ^ fp_adder/adder/adder/_1617_/ZN (AOI21_X1)
     1    1.93                           fp_adder/adder/adder/_0720_ (net)
                  0.03    0.00    1.63 ^ fp_adder/adder/adder/_1622_/A2 (NAND3_X1)
                  0.01    0.02    1.65 v fp_adder/adder/adder/_1622_/ZN (NAND3_X1)
     1    1.77                           fp_adder/adder/adder/_0725_ (net)
                  0.01    0.00    1.65 v fp_adder/adder/adder/_1626_/B1 (OAI21_X1)
                  0.02    0.03    1.68 ^ fp_adder/adder/adder/_1626_/ZN (OAI21_X1)
     1    1.91                           fp_adder/adder/adder/_0729_ (net)
                  0.02    0.00    1.68 ^ fp_adder/adder/adder/_1635_/A1 (NAND2_X1)
                  0.01    0.02    1.70 v fp_adder/adder/adder/_1635_/ZN (NAND2_X1)
     1    1.84                           fp_adder/adder/adder/_0738_ (net)
                  0.01    0.00    1.70 v fp_adder/adder/adder/_1636_/A1 (NAND2_X1)
                  0.01    0.02    1.71 ^ fp_adder/adder/adder/_1636_/ZN (NAND2_X1)
     1    1.93                           fp_adder/adder/adder/_0739_ (net)
                  0.01    0.00    1.71 ^ fp_adder/adder/adder/_1641_/A2 (NAND3_X1)
                  0.01    0.02    1.73 v fp_adder/adder/adder/_1641_/ZN (NAND3_X1)
     1    1.86                           fp_adder/adder/adder/_0744_ (net)
                  0.01    0.00    1.73 v fp_adder/adder/adder/_1642_/A (INV_X1)
                  0.01    0.01    1.75 ^ fp_adder/adder/adder/_1642_/ZN (INV_X1)
     1    1.93                           fp_adder/adder/adder/_0745_ (net)
                  0.01    0.00    1.75 ^ fp_adder/adder/adder/_1645_/A2 (NAND3_X1)
                  0.01    0.02    1.77 v fp_adder/adder/adder/_1645_/ZN (NAND3_X1)
     1    3.41                           fp_adder/adder/adder/_0748_ (net)
                  0.01    0.00    1.77 v fp_adder/adder/adder/_1654_/A2 (NAND3_X2)
                  0.02    0.03    1.80 ^ fp_adder/adder/adder/_1654_/ZN (NAND3_X2)
     3    7.26                           fp_adder/adder/adder/_0757_ (net)
                  0.02    0.00    1.80 ^ fp_adder/adder/adder/_1846_/A1 (NAND4_X2)
                  0.02    0.03    1.82 v fp_adder/adder/adder/_1846_/ZN (NAND4_X2)
     1    3.24                           fp_adder/adder/adder/_0949_ (net)
                  0.02    0.00    1.82 v fp_adder/adder/adder/_1847_/A1 (NAND2_X2)
                  0.01    0.03    1.85 ^ fp_adder/adder/adder/_1847_/ZN (NAND2_X2)
     3    8.02                           fp_adder/adder/adder/_0950_ (net)
                  0.01    0.00    1.85 ^ fp_adder/adder/adder/_1957_/A1 (NAND2_X2)
                  0.01    0.02    1.87 v fp_adder/adder/adder/_1957_/ZN (NAND2_X2)
     1    6.01                           fp_adder/adder/adder/_1060_ (net)
                  0.01    0.00    1.87 v fp_adder/adder/adder/_1961_/A1 (NAND2_X4)
                  0.01    0.02    1.89 ^ fp_adder/adder/adder/_1961_/ZN (NAND2_X4)
     4   13.07                           fp_adder/adder/adder/_1064_ (net)
                  0.01    0.00    1.89 ^ fp_adder/adder/adder/_2228_/A1 (NAND2_X1)
                  0.01    0.02    1.91 v fp_adder/adder/adder/_2228_/ZN (NAND2_X1)
     2    4.96                           fp_adder/adder/adder/_0214_ (net)
                  0.01    0.00    1.91 v fp_adder/adder/adder/_2236_/B1 (OAI21_X2)
                  0.03    0.04    1.94 ^ fp_adder/adder/adder/_2236_/ZN (OAI21_X2)
     3    6.63                           fp_adder/adder/adder/_0221_ (net)
                  0.03    0.00    1.94 ^ fp_adder/adder/adder/_2241_/A1 (NAND2_X1)
                  0.01    0.02    1.96 v fp_adder/adder/adder/_2241_/ZN (NAND2_X1)
     1    3.24                           fp_adder/adder/adder/_0225_ (net)
                  0.01    0.00    1.96 v fp_adder/adder/adder/_2242_/A1 (NAND2_X2)
                  0.01    0.02    1.98 ^ fp_adder/adder/adder/_2242_/ZN (NAND2_X2)
     2    6.06                           fp_adder/adder/adder/_0226_ (net)
                  0.01    0.00    1.98 ^ fp_adder/adder/adder/_2245_/B1 (AOI21_X2)
                  0.01    0.01    2.00 v fp_adder/adder/adder/_2245_/ZN (AOI21_X2)
     1    2.44                           fp_adder/adder/adder/_0228_ (net)
                  0.01    0.00    2.00 v fp_adder/adder/adder/_2247_/A (XNOR2_X1)
                  0.02    0.05    2.05 v fp_adder/adder/adder/_2247_/ZN (XNOR2_X1)
     4    9.24                           fp_adder/adder/mant_prenorm_d[35] (net)
                  0.02    0.00    2.05 v fp_adder/adder/norm/LOD/_188_/A2 (NOR2_X2)
                  0.02    0.03    2.08 ^ fp_adder/adder/norm/LOD/_188_/ZN (NOR2_X2)
     2    3.87                           fp_adder/adder/norm/LOD/_144_ (net)
                  0.02    0.00    2.08 ^ fp_adder/adder/norm/LOD/_190_/A1 (NAND2_X1)
                  0.01    0.02    2.10 v fp_adder/adder/norm/LOD/_190_/ZN (NAND2_X1)
     1    3.25                           fp_adder/adder/norm/LOD/_146_ (net)
                  0.01    0.00    2.10 v fp_adder/adder/norm/LOD/_191_/A (INV_X2)
                  0.01    0.02    2.12 ^ fp_adder/adder/norm/LOD/_191_/ZN (INV_X2)
     1    6.26                           fp_adder/adder/norm/LOD/_147_ (net)
                  0.01    0.00    2.12 ^ fp_adder/adder/norm/LOD/_199_/A1 (NAND2_X4)
                  0.01    0.01    2.13 v fp_adder/adder/norm/LOD/_199_/ZN (NAND2_X4)
     2    8.59                           fp_adder/adder/norm/LOD/_007_ (net)
                  0.01    0.00    2.13 v fp_adder/adder/norm/LOD/_200_/A2 (NOR2_X4)
                  0.02    0.04    2.17 ^ fp_adder/adder/norm/LOD/_200_/ZN (NOR2_X4)
     5   14.85                           fp_adder/adder/norm/LOD/_008_ (net)
                  0.02    0.00    2.17 ^ fp_adder/adder/norm/LOD/_207_/A1 (NAND2_X2)
                  0.01    0.02    2.19 v fp_adder/adder/norm/LOD/_207_/ZN (NAND2_X2)
     2    5.21                           fp_adder/adder/norm/LOD/_015_ (net)
                  0.01    0.00    2.19 v fp_adder/adder/norm/LOD/_208_/A2 (NOR2_X1)
                  0.02    0.03    2.22 ^ fp_adder/adder/norm/LOD/_208_/ZN (NOR2_X1)
     1    2.02                           fp_adder/adder/norm/LOD/_016_ (net)
                  0.02    0.00    2.22 ^ fp_adder/adder/norm/LOD/_224_/A1 (NOR2_X1)
                  0.01    0.01    2.23 v fp_adder/adder/norm/LOD/_224_/ZN (NOR2_X1)
     1    1.84                           fp_adder/adder/norm/LOD/_032_ (net)
                  0.01    0.00    2.23 v fp_adder/adder/norm/LOD/_263_/A1 (NAND2_X1)
                  0.03    0.04    2.27 ^ fp_adder/adder/norm/LOD/_263_/ZN (NAND2_X1)
     4   13.76                           fp_adder/adder/norm/Mant_leadingOne_D[0] (net)
                  0.03    0.00    2.27 ^ fp_adder/adder/norm/_1199_/A (INV_X1)
                  0.01    0.02    2.29 v fp_adder/adder/norm/_1199_/ZN (INV_X1)
     3    5.50                           fp_adder/adder/norm/_0295_ (net)
                  0.01    0.00    2.29 v fp_adder/adder/norm/_1200_/A1 (NOR2_X1)
                  0.02    0.03    2.32 ^ fp_adder/adder/norm/_1200_/ZN (NOR2_X1)
     1    1.96                           fp_adder/adder/norm/_0296_ (net)
                  0.02    0.00    2.32 ^ fp_adder/adder/norm/_1201_/A2 (NOR2_X1)
                  0.01    0.01    2.33 v fp_adder/adder/norm/_1201_/ZN (NOR2_X1)
     1    1.87                           fp_adder/adder/norm/_0297_ (net)
                  0.01    0.00    2.33 v fp_adder/adder/norm/_1204_/A1 (NAND3_X1)
                  0.02    0.03    2.36 ^ fp_adder/adder/norm/_1204_/ZN (NAND3_X1)
     1    7.08                           fp_adder/adder/norm/_0300_ (net)
                  0.02    0.00    2.36 ^ fp_adder/adder/norm/_1206_/A1 (NOR2_X4)
                  0.01    0.01    2.37 v fp_adder/adder/norm/_1206_/ZN (NOR2_X4)
     1    5.90                           fp_adder/adder/norm/_0302_ (net)
                  0.01    0.00    2.37 v fp_adder/adder/norm/_1210_/A1 (NOR2_X4)
                  0.02    0.03    2.40 ^ fp_adder/adder/norm/_1210_/ZN (NOR2_X4)
     4   12.79                           fp_adder/adder/norm/_0306_ (net)
                  0.02    0.00    2.40 ^ fp_adder/adder/norm/_1211_/A2 (NAND2_X4)
                  0.03    0.04    2.44 v fp_adder/adder/norm/_1211_/ZN (NAND2_X4)
    13   51.41                           fp_adder/adder/norm/_0307_ (net)
                  0.03    0.00    2.44 v fp_adder/adder/norm/_1215_/A1 (NAND2_X2)
                  0.01    0.03    2.47 ^ fp_adder/adder/norm/_1215_/ZN (NAND2_X2)
     1    6.26                           fp_adder/adder/norm/_0311_ (net)
                  0.01    0.00    2.47 ^ fp_adder/adder/norm/_1217_/A1 (NAND2_X4)
                  0.06    0.08    2.55 v fp_adder/adder/norm/_1217_/ZN (NAND2_X4)
    52  128.50                           fp_adder/adder/norm/_0313_ (net)
                  0.06    0.00    2.55 v fp_adder/adder/norm/_1294_/A (INV_X2)
                  0.16    0.20    2.74 ^ fp_adder/adder/norm/_1294_/ZN (INV_X2)
    52  133.92                           fp_adder/adder/norm/_0390_ (net)
                  0.16    0.00    2.74 ^ fp_adder/adder/norm/_1300_/A1 (NOR2_X2)
                  0.03    0.02    2.76 v fp_adder/adder/norm/_1300_/ZN (NOR2_X2)
     3    9.15                           fp_adder/adder/norm/_0396_ (net)
                  0.03    0.00    2.76 v fp_adder/adder/norm/_1302_/A1 (NOR2_X2)
                  0.31    0.35    3.11 ^ fp_adder/adder/norm/_1302_/ZN (NOR2_X2)
    52  130.54                           fp_adder/adder/norm/_0398_ (net)
                  0.31    0.00    3.11 ^ fp_adder/adder/norm/_1335_/A (INV_X1)
                  0.20    0.36    3.47 v fp_adder/adder/norm/_1335_/ZN (INV_X1)
    57  131.04                           fp_adder/adder/norm/_0431_ (net)
                  0.20    0.00    3.47 v fp_adder/adder/norm/_1636_/A2 (NAND2_X1)
                  0.04    0.06    3.54 ^ fp_adder/adder/norm/_1636_/ZN (NAND2_X1)
     1    1.91                           fp_adder/adder/norm/_0732_ (net)
                  0.04    0.00    3.54 ^ fp_adder/adder/norm/_1647_/A1 (NAND2_X1)
                  0.02    0.03    3.57 v fp_adder/adder/norm/_1647_/ZN (NAND2_X1)
     3    5.63                           fp_adder/adder/norm/_0743_ (net)
                  0.02    0.00    3.57 v fp_adder/adder/norm/_1851_/A (INV_X1)
                  0.01    0.02    3.59 ^ fp_adder/adder/norm/_1851_/ZN (INV_X1)
     1    1.96                           fp_adder/adder/norm/_0947_ (net)
                  0.01    0.00    3.59 ^ fp_adder/adder/norm/_1852_/B1 (AOI21_X1)
                  0.02    0.02    3.60 v fp_adder/adder/norm/_1852_/ZN (AOI21_X1)
     1    3.49                           fp_adder/adder/norm/_0948_ (net)
                  0.02    0.00    3.60 v fp_adder/adder/norm/_1853_/A2 (NOR2_X2)
                  0.02    0.04    3.64 ^ fp_adder/adder/norm/_1853_/ZN (NOR2_X2)
     3    6.71                           fp_adder/adder/norm/_0949_ (net)
                  0.02    0.00    3.64 ^ fp_adder/adder/norm/_1887_/A1 (NAND3_X2)
                  0.02    0.03    3.67 v fp_adder/adder/norm/_1887_/ZN (NAND3_X2)
     2    5.77                           fp_adder/adder/norm/_0983_ (net)
                  0.02    0.00    3.67 v fp_adder/adder/norm/_1888_/A (INV_X2)
                  0.01    0.02    3.69 ^ fp_adder/adder/norm/_1888_/ZN (INV_X2)
     3   10.65                           fp_adder/adder/norm/_0984_ (net)
                  0.01    0.00    3.69 ^ fp_adder/adder/norm/_1991_/A1 (NAND3_X4)
                  0.02    0.03    3.72 v fp_adder/adder/norm/_1991_/ZN (NAND3_X4)
     5   14.40                           fp_adder/adder/norm/_1087_ (net)
                  0.02    0.00    3.72 v fp_adder/adder/norm/_1992_/A2 (NOR2_X4)
                  0.03    0.05    3.77 ^ fp_adder/adder/norm/_1992_/ZN (NOR2_X4)
     6   21.53                           fp_adder/adder/norm/_1088_ (net)
                  0.03    0.00    3.77 ^ fp_adder/adder/norm/_2078_/A1 (NAND4_X4)
                  0.02    0.03    3.80 v fp_adder/adder/norm/_2078_/ZN (NAND4_X4)
     1    6.01                           fp_adder/adder/norm/_0039_ (net)
                  0.02    0.00    3.80 v fp_adder/adder/norm/_2079_/A1 (NAND2_X4)
                  0.01    0.02    3.82 ^ fp_adder/adder/norm/_2079_/ZN (NAND2_X4)
     3    8.08                           fp_adder/adder/norm/_0040_ (net)
                  0.01    0.00    3.82 ^ fp_adder/adder/norm/_2089_/A1 (NAND2_X2)
                  0.01    0.02    3.84 v fp_adder/adder/norm/_2089_/ZN (NAND2_X2)
     1    6.01                           fp_adder/adder/norm/_0049_ (net)
                  0.01    0.00    3.84 v fp_adder/adder/norm/_2093_/A1 (NAND2_X4)
                  0.01    0.02    3.85 ^ fp_adder/adder/norm/_2093_/ZN (NAND2_X4)
     3    8.08                           fp_adder/adder/norm/_0054_ (net)
                  0.01    0.00    3.85 ^ fp_adder/adder/norm/_2104_/A1 (NAND2_X2)
                  0.01    0.01    3.86 v fp_adder/adder/norm/_2104_/ZN (NAND2_X2)
     1    3.24                           fp_adder/adder/norm/_0064_ (net)
                  0.01    0.00    3.86 v fp_adder/adder/norm/_2106_/A1 (NAND2_X2)
                  0.01    0.02    3.88 ^ fp_adder/adder/norm/_2106_/ZN (NAND2_X2)
     2    5.98                           fp_adder/adder/norm/_0066_ (net)
                  0.01    0.00    3.88 ^ fp_adder/adder/norm/_2112_/A1 (NAND2_X2)
                  0.01    0.01    3.90 v fp_adder/adder/norm/_2112_/ZN (NAND2_X2)
     2    3.79                           fp_adder/adder/norm/_0072_ (net)
                  0.01    0.00    3.90 v fp_adder/adder/norm/_2113_/A1 (NAND2_X1)
                  0.01    0.01    3.91 ^ fp_adder/adder/norm/_2113_/ZN (NAND2_X1)
     1    1.91                           fp_adder/adder/norm/_0073_ (net)
                  0.01    0.00    3.91 ^ fp_adder/adder/norm/_2116_/A1 (NAND2_X1)
                  0.01    0.01    3.92 v fp_adder/adder/norm/_2116_/ZN (NAND2_X1)
     1    1.84                           fp_adder/adder/norm/_0076_ (net)
                  0.01    0.00    3.92 v fp_adder/adder/norm/_2119_/A1 (NAND2_X1)
                  0.01    0.02    3.94 ^ fp_adder/adder/norm/_2119_/ZN (NAND2_X1)
     2    4.01                           result_int_d[30] (net)
                  0.01    0.00    3.94 ^ _499_/A4 (NAND4_X1)
                  0.04    0.03    3.97 v _499_/ZN (NAND4_X1)
     1    1.81                           _178_ (net)
                  0.04    0.00    3.97 v _500_/A2 (NAND2_X1)
                  0.01    0.03    4.00 ^ _500_/ZN (NAND2_X1)
     1    1.44                           _030_ (net)
                  0.01    0.00    4.00 ^ _539_/D (DFFR_X1)
                                  4.00   data arrival time

                  0.00    3.00    3.00   clock clk_i (rise edge)
                          0.00    3.00   clock network delay (ideal)
                          0.00    3.00   clock reconvergence pessimism
                                  3.00 ^ _539_/CK (DFFR_X1)
                         -0.03    2.97   library setup time
                                  2.97   data required time
-----------------------------------------------------------------------------
                                  2.97   data required time
                                 -4.00   data arrival time
-----------------------------------------------------------------------------
                                 -1.04   slack (VIOLATED)



==========================================================================
floorplan final report_checks -unconstrained
--------------------------------------------------------------------------
Startpoint: rst_ni (input port clocked by clk_i)
Endpoint: _509_ (recovery check against rising-edge clock clk_i)
Path Group: **async_default**
Path Type: max

Fanout     Cap    Slew   Delay    Time   Description
-----------------------------------------------------------------------------
                  0.00    0.00    0.00   clock clk_i (rise edge)
                          0.00    0.00   clock network delay (ideal)
                          0.30    0.30 ^ input external delay
                  0.00    0.00    0.30 ^ rst_ni (in)
   102  266.92                           rst_ni (net)
                  0.00    0.00    0.30 ^ _509_/RN (DFFR_X1)
                                  0.30   data arrival time

                  0.00    3.00    3.00   clock clk_i (rise edge)
                          0.00    3.00   clock network delay (ideal)
                          0.00    3.00   clock reconvergence pessimism
                                  3.00 ^ _509_/CK (DFFR_X1)
                          0.05    3.05   library recovery time
                                  3.05   data required time
-----------------------------------------------------------------------------
                                  3.05   data required time
                                 -0.30   data arrival time
-----------------------------------------------------------------------------
                                  2.75   slack (MET)


Startpoint: lut/_221_ (negative level-sensitive latch clocked by clk_i)
Endpoint: lut/_122_ (rising clock gating-check end-point clocked by clk_i)
Path Group: **clock_gating_default**
Path Type: max

Fanout     Cap    Slew   Delay    Time   Description
-----------------------------------------------------------------------------
                  0.00    1.50    1.50   clock clk_i (fall edge)
                          0.00    1.50   clock network delay (ideal)
                  0.00    0.00    1.50 v lut/_221_/GN (DLL_X1)
                  0.01    0.07    1.57 v lut/_221_/Q (DLL_X1)
     1    1.81                           lut/cg_we_global.en_latch (net)
                  0.01    0.00    1.57 v lut/_122_/A2 (NAND2_X1)
                                  1.57   data arrival time

                  0.00    3.00    3.00   clock clk_i (rise edge)
                          0.00    3.00   clock network delay (ideal)
                          0.00    3.00   clock reconvergence pessimism
                                  3.00 ^ lut/_122_/A1 (NAND2_X1)
                          0.00    3.00   clock gating setup time
                                  3.00   data required time
-----------------------------------------------------------------------------
                                  3.00   data required time
                                 -1.57   data arrival time
-----------------------------------------------------------------------------
                                  1.43   slack (MET)


Startpoint: _549_ (rising edge-triggered flip-flop clocked by clk_i)
Endpoint: _539_ (rising edge-triggered flip-flop clocked by clk_i)
Path Group: clk_i
Path Type: max

Fanout     Cap    Slew   Delay    Time   Description
-----------------------------------------------------------------------------
                  0.00    0.00    0.00   clock clk_i (rise edge)
                          0.00    0.00   clock network delay (ideal)
                  0.00    0.00    0.00 ^ _549_/CK (DFFR_X1)
                  0.04    0.14    0.14 ^ _549_/Q (DFFR_X1)
     5   18.70                           rdata_o_q[8] (net)
                  0.04    0.00    0.14 ^ fp_adder/converter/_172_/B2 (OAI21_X2)
                  0.02    0.03    0.17 v fp_adder/converter/_172_/ZN (OAI21_X2)
     1    6.08                           fp_adder/converter/_105_ (net)
                  0.02    0.00    0.17 v fp_adder/converter/_181_/A (AOI21_X4)
                  0.06    0.09    0.26 ^ fp_adder/converter/_181_/ZN (AOI21_X4)
    13   43.08                           fp_adder/converter/_114_ (net)
                  0.06    0.00    0.26 ^ fp_adder/converter/_199_/A1 (NAND2_X4)
                  0.03    0.06    0.31 v fp_adder/converter/_199_/ZN (NAND2_X4)
    14   52.17                           fp_adder/converter/_132_ (net)
                  0.03    0.00    0.31 v fp_adder/converter/_322_/B1 (OAI21_X1)
                  0.06    0.07    0.38 ^ fp_adder/converter/_322_/ZN (OAI21_X1)
     3    7.89                           fp_adder/operand_fp16_fp32[23] (net)
                  0.06    0.00    0.38 ^ fp_adder/adder/adder/_1310_/A2 (NOR2_X2)
                  0.02    0.02    0.40 v fp_adder/adder/adder/_1310_/ZN (NOR2_X2)
     3    6.64                           fp_adder/adder/adder/_0421_ (net)
                  0.02    0.00    0.40 v fp_adder/adder/adder/_1380_/A2 (NOR2_X1)
                  0.49    0.55    0.96 ^ fp_adder/adder/adder/_1380_/ZN (NOR2_X1)
    40  104.85                           fp_adder/adder/adder/_0491_ (net)
                  0.49    0.00    0.96 ^ fp_adder/adder/adder/_1424_/A (INV_X1)
                  0.22    0.33    1.28 v fp_adder/adder/adder/_1424_/ZN (INV_X1)
    37   86.83                           fp_adder/adder/adder/_0527_ (net)
                  0.22    0.00    1.28 v fp_adder/adder/adder/_1464_/B2 (OAI21_X1)
                  0.12    0.21    1.50 ^ fp_adder/adder/adder/_1464_/ZN (OAI21_X1)
    10   21.53                           fp_adder/adder/adder/_0567_ (net)
                  0.12    0.00    1.50 ^ fp_adder/adder/adder/_1465_/A (INV_X1)
                  0.05    0.08    1.57 v fp_adder/adder/adder/_1465_/ZN (INV_X1)
    14   28.55                           fp_adder/adder/adder/_0568_ (net)
                  0.05    0.00    1.57 v fp_adder/adder/adder/_1617_/B2 (AOI21_X1)
                  0.03    0.05    1.63 ^ fp_adder/adder/adder/_1617_/ZN (AOI21_X1)
     1    1.93                           fp_adder/adder/adder/_0720_ (net)
                  0.03    0.00    1.63 ^ fp_adder/adder/adder/_1622_/A2 (NAND3_X1)
                  0.01    0.02    1.65 v fp_adder/adder/adder/_1622_/ZN (NAND3_X1)
     1    1.77                           fp_adder/adder/adder/_0725_ (net)
                  0.01    0.00    1.65 v fp_adder/adder/adder/_1626_/B1 (OAI21_X1)
                  0.02    0.03    1.68 ^ fp_adder/adder/adder/_1626_/ZN (OAI21_X1)
     1    1.91                           fp_adder/adder/adder/_0729_ (net)
                  0.02    0.00    1.68 ^ fp_adder/adder/adder/_1635_/A1 (NAND2_X1)
                  0.01    0.02    1.70 v fp_adder/adder/adder/_1635_/ZN (NAND2_X1)
     1    1.84                           fp_adder/adder/adder/_0738_ (net)
                  0.01    0.00    1.70 v fp_adder/adder/adder/_1636_/A1 (NAND2_X1)
                  0.01    0.02    1.71 ^ fp_adder/adder/adder/_1636_/ZN (NAND2_X1)
     1    1.93                           fp_adder/adder/adder/_0739_ (net)
                  0.01    0.00    1.71 ^ fp_adder/adder/adder/_1641_/A2 (NAND3_X1)
                  0.01    0.02    1.73 v fp_adder/adder/adder/_1641_/ZN (NAND3_X1)
     1    1.86                           fp_adder/adder/adder/_0744_ (net)
                  0.01    0.00    1.73 v fp_adder/adder/adder/_1642_/A (INV_X1)
                  0.01    0.01    1.75 ^ fp_adder/adder/adder/_1642_/ZN (INV_X1)
     1    1.93                           fp_adder/adder/adder/_0745_ (net)
                  0.01    0.00    1.75 ^ fp_adder/adder/adder/_1645_/A2 (NAND3_X1)
                  0.01    0.02    1.77 v fp_adder/adder/adder/_1645_/ZN (NAND3_X1)
     1    3.41                           fp_adder/adder/adder/_0748_ (net)
                  0.01    0.00    1.77 v fp_adder/adder/adder/_1654_/A2 (NAND3_X2)
                  0.02    0.03    1.80 ^ fp_adder/adder/adder/_1654_/ZN (NAND3_X2)
     3    7.26                           fp_adder/adder/adder/_0757_ (net)
                  0.02    0.00    1.80 ^ fp_adder/adder/adder/_1846_/A1 (NAND4_X2)
                  0.02    0.03    1.82 v fp_adder/adder/adder/_1846_/ZN (NAND4_X2)
     1    3.24                           fp_adder/adder/adder/_0949_ (net)
                  0.02    0.00    1.82 v fp_adder/adder/adder/_1847_/A1 (NAND2_X2)
                  0.01    0.03    1.85 ^ fp_adder/adder/adder/_1847_/ZN (NAND2_X2)
     3    8.02                           fp_adder/adder/adder/_0950_ (net)
                  0.01    0.00    1.85 ^ fp_adder/adder/adder/_1957_/A1 (NAND2_X2)
                  0.01    0.02    1.87 v fp_adder/adder/adder/_1957_/ZN (NAND2_X2)
     1    6.01                           fp_adder/adder/adder/_1060_ (net)
                  0.01    0.00    1.87 v fp_adder/adder/adder/_1961_/A1 (NAND2_X4)
                  0.01    0.02    1.89 ^ fp_adder/adder/adder/_1961_/ZN (NAND2_X4)
     4   13.07                           fp_adder/adder/adder/_1064_ (net)
                  0.01    0.00    1.89 ^ fp_adder/adder/adder/_2228_/A1 (NAND2_X1)
                  0.01    0.02    1.91 v fp_adder/adder/adder/_2228_/ZN (NAND2_X1)
     2    4.96                           fp_adder/adder/adder/_0214_ (net)
                  0.01    0.00    1.91 v fp_adder/adder/adder/_2236_/B1 (OAI21_X2)
                  0.03    0.04    1.94 ^ fp_adder/adder/adder/_2236_/ZN (OAI21_X2)
     3    6.63                           fp_adder/adder/adder/_0221_ (net)
                  0.03    0.00    1.94 ^ fp_adder/adder/adder/_2241_/A1 (NAND2_X1)
                  0.01    0.02    1.96 v fp_adder/adder/adder/_2241_/ZN (NAND2_X1)
     1    3.24                           fp_adder/adder/adder/_0225_ (net)
                  0.01    0.00    1.96 v fp_adder/adder/adder/_2242_/A1 (NAND2_X2)
                  0.01    0.02    1.98 ^ fp_adder/adder/adder/_2242_/ZN (NAND2_X2)
     2    6.06                           fp_adder/adder/adder/_0226_ (net)
                  0.01    0.00    1.98 ^ fp_adder/adder/adder/_2245_/B1 (AOI21_X2)
                  0.01    0.01    2.00 v fp_adder/adder/adder/_2245_/ZN (AOI21_X2)
     1    2.44                           fp_adder/adder/adder/_0228_ (net)
                  0.01    0.00    2.00 v fp_adder/adder/adder/_2247_/A (XNOR2_X1)
                  0.02    0.05    2.05 v fp_adder/adder/adder/_2247_/ZN (XNOR2_X1)
     4    9.24                           fp_adder/adder/mant_prenorm_d[35] (net)
                  0.02    0.00    2.05 v fp_adder/adder/norm/LOD/_188_/A2 (NOR2_X2)
                  0.02    0.03    2.08 ^ fp_adder/adder/norm/LOD/_188_/ZN (NOR2_X2)
     2    3.87                           fp_adder/adder/norm/LOD/_144_ (net)
                  0.02    0.00    2.08 ^ fp_adder/adder/norm/LOD/_190_/A1 (NAND2_X1)
                  0.01    0.02    2.10 v fp_adder/adder/norm/LOD/_190_/ZN (NAND2_X1)
     1    3.25                           fp_adder/adder/norm/LOD/_146_ (net)
                  0.01    0.00    2.10 v fp_adder/adder/norm/LOD/_191_/A (INV_X2)
                  0.01    0.02    2.12 ^ fp_adder/adder/norm/LOD/_191_/ZN (INV_X2)
     1    6.26                           fp_adder/adder/norm/LOD/_147_ (net)
                  0.01    0.00    2.12 ^ fp_adder/adder/norm/LOD/_199_/A1 (NAND2_X4)
                  0.01    0.01    2.13 v fp_adder/adder/norm/LOD/_199_/ZN (NAND2_X4)
     2    8.59                           fp_adder/adder/norm/LOD/_007_ (net)
                  0.01    0.00    2.13 v fp_adder/adder/norm/LOD/_200_/A2 (NOR2_X4)
                  0.02    0.04    2.17 ^ fp_adder/adder/norm/LOD/_200_/ZN (NOR2_X4)
     5   14.85                           fp_adder/adder/norm/LOD/_008_ (net)
                  0.02    0.00    2.17 ^ fp_adder/adder/norm/LOD/_207_/A1 (NAND2_X2)
                  0.01    0.02    2.19 v fp_adder/adder/norm/LOD/_207_/ZN (NAND2_X2)
     2    5.21                           fp_adder/adder/norm/LOD/_015_ (net)
                  0.01    0.00    2.19 v fp_adder/adder/norm/LOD/_208_/A2 (NOR2_X1)
                  0.02    0.03    2.22 ^ fp_adder/adder/norm/LOD/_208_/ZN (NOR2_X1)
     1    2.02                           fp_adder/adder/norm/LOD/_016_ (net)
                  0.02    0.00    2.22 ^ fp_adder/adder/norm/LOD/_224_/A1 (NOR2_X1)
                  0.01    0.01    2.23 v fp_adder/adder/norm/LOD/_224_/ZN (NOR2_X1)
     1    1.84                           fp_adder/adder/norm/LOD/_032_ (net)
                  0.01    0.00    2.23 v fp_adder/adder/norm/LOD/_263_/A1 (NAND2_X1)
                  0.03    0.04    2.27 ^ fp_adder/adder/norm/LOD/_263_/ZN (NAND2_X1)
     4   13.76                           fp_adder/adder/norm/Mant_leadingOne_D[0] (net)
                  0.03    0.00    2.27 ^ fp_adder/adder/norm/_1199_/A (INV_X1)
                  0.01    0.02    2.29 v fp_adder/adder/norm/_1199_/ZN (INV_X1)
     3    5.50                           fp_adder/adder/norm/_0295_ (net)
                  0.01    0.00    2.29 v fp_adder/adder/norm/_1200_/A1 (NOR2_X1)
                  0.02    0.03    2.32 ^ fp_adder/adder/norm/_1200_/ZN (NOR2_X1)
     1    1.96                           fp_adder/adder/norm/_0296_ (net)
                  0.02    0.00    2.32 ^ fp_adder/adder/norm/_1201_/A2 (NOR2_X1)
                  0.01    0.01    2.33 v fp_adder/adder/norm/_1201_/ZN (NOR2_X1)
     1    1.87                           fp_adder/adder/norm/_0297_ (net)
                  0.01    0.00    2.33 v fp_adder/adder/norm/_1204_/A1 (NAND3_X1)
                  0.02    0.03    2.36 ^ fp_adder/adder/norm/_1204_/ZN (NAND3_X1)
     1    7.08                           fp_adder/adder/norm/_0300_ (net)
                  0.02    0.00    2.36 ^ fp_adder/adder/norm/_1206_/A1 (NOR2_X4)
                  0.01    0.01    2.37 v fp_adder/adder/norm/_1206_/ZN (NOR2_X4)
     1    5.90                           fp_adder/adder/norm/_0302_ (net)
                  0.01    0.00    2.37 v fp_adder/adder/norm/_1210_/A1 (NOR2_X4)
                  0.02    0.03    2.40 ^ fp_adder/adder/norm/_1210_/ZN (NOR2_X4)
     4   12.79                           fp_adder/adder/norm/_0306_ (net)
                  0.02    0.00    2.40 ^ fp_adder/adder/norm/_1211_/A2 (NAND2_X4)
                  0.03    0.04    2.44 v fp_adder/adder/norm/_1211_/ZN (NAND2_X4)
    13   51.41                           fp_adder/adder/norm/_0307_ (net)
                  0.03    0.00    2.44 v fp_adder/adder/norm/_1215_/A1 (NAND2_X2)
                  0.01    0.03    2.47 ^ fp_adder/adder/norm/_1215_/ZN (NAND2_X2)
     1    6.26                           fp_adder/adder/norm/_0311_ (net)
                  0.01    0.00    2.47 ^ fp_adder/adder/norm/_1217_/A1 (NAND2_X4)
                  0.06    0.08    2.55 v fp_adder/adder/norm/_1217_/ZN (NAND2_X4)
    52  128.50                           fp_adder/adder/norm/_0313_ (net)
                  0.06    0.00    2.55 v fp_adder/adder/norm/_1294_/A (INV_X2)
                  0.16    0.20    2.74 ^ fp_adder/adder/norm/_1294_/ZN (INV_X2)
    52  133.92                           fp_adder/adder/norm/_0390_ (net)
                  0.16    0.00    2.74 ^ fp_adder/adder/norm/_1300_/A1 (NOR2_X2)
                  0.03    0.02    2.76 v fp_adder/adder/norm/_1300_/ZN (NOR2_X2)
     3    9.15                           fp_adder/adder/norm/_0396_ (net)
                  0.03    0.00    2.76 v fp_adder/adder/norm/_1302_/A1 (NOR2_X2)
                  0.31    0.35    3.11 ^ fp_adder/adder/norm/_1302_/ZN (NOR2_X2)
    52  130.54                           fp_adder/adder/norm/_0398_ (net)
                  0.31    0.00    3.11 ^ fp_adder/adder/norm/_1335_/A (INV_X1)
                  0.20    0.36    3.47 v fp_adder/adder/norm/_1335_/ZN (INV_X1)
    57  131.04                           fp_adder/adder/norm/_0431_ (net)
                  0.20    0.00    3.47 v fp_adder/adder/norm/_1636_/A2 (NAND2_X1)
                  0.04    0.06    3.54 ^ fp_adder/adder/norm/_1636_/ZN (NAND2_X1)
     1    1.91                           fp_adder/adder/norm/_0732_ (net)
                  0.04    0.00    3.54 ^ fp_adder/adder/norm/_1647_/A1 (NAND2_X1)
                  0.02    0.03    3.57 v fp_adder/adder/norm/_1647_/ZN (NAND2_X1)
     3    5.63                           fp_adder/adder/norm/_0743_ (net)
                  0.02    0.00    3.57 v fp_adder/adder/norm/_1851_/A (INV_X1)
                  0.01    0.02    3.59 ^ fp_adder/adder/norm/_1851_/ZN (INV_X1)
     1    1.96                           fp_adder/adder/norm/_0947_ (net)
                  0.01    0.00    3.59 ^ fp_adder/adder/norm/_1852_/B1 (AOI21_X1)
                  0.02    0.02    3.60 v fp_adder/adder/norm/_1852_/ZN (AOI21_X1)
     1    3.49                           fp_adder/adder/norm/_0948_ (net)
                  0.02    0.00    3.60 v fp_adder/adder/norm/_1853_/A2 (NOR2_X2)
                  0.02    0.04    3.64 ^ fp_adder/adder/norm/_1853_/ZN (NOR2_X2)
     3    6.71                           fp_adder/adder/norm/_0949_ (net)
                  0.02    0.00    3.64 ^ fp_adder/adder/norm/_1887_/A1 (NAND3_X2)
                  0.02    0.03    3.67 v fp_adder/adder/norm/_1887_/ZN (NAND3_X2)
     2    5.77                           fp_adder/adder/norm/_0983_ (net)
                  0.02    0.00    3.67 v fp_adder/adder/norm/_1888_/A (INV_X2)
                  0.01    0.02    3.69 ^ fp_adder/adder/norm/_1888_/ZN (INV_X2)
     3   10.65                           fp_adder/adder/norm/_0984_ (net)
                  0.01    0.00    3.69 ^ fp_adder/adder/norm/_1991_/A1 (NAND3_X4)
                  0.02    0.03    3.72 v fp_adder/adder/norm/_1991_/ZN (NAND3_X4)
     5   14.40                           fp_adder/adder/norm/_1087_ (net)
                  0.02    0.00    3.72 v fp_adder/adder/norm/_1992_/A2 (NOR2_X4)
                  0.03    0.05    3.77 ^ fp_adder/adder/norm/_1992_/ZN (NOR2_X4)
     6   21.53                           fp_adder/adder/norm/_1088_ (net)
                  0.03    0.00    3.77 ^ fp_adder/adder/norm/_2078_/A1 (NAND4_X4)
                  0.02    0.03    3.80 v fp_adder/adder/norm/_2078_/ZN (NAND4_X4)
     1    6.01                           fp_adder/adder/norm/_0039_ (net)
                  0.02    0.00    3.80 v fp_adder/adder/norm/_2079_/A1 (NAND2_X4)
                  0.01    0.02    3.82 ^ fp_adder/adder/norm/_2079_/ZN (NAND2_X4)
     3    8.08                           fp_adder/adder/norm/_0040_ (net)
                  0.01    0.00    3.82 ^ fp_adder/adder/norm/_2089_/A1 (NAND2_X2)
                  0.01    0.02    3.84 v fp_adder/adder/norm/_2089_/ZN (NAND2_X2)
     1    6.01                           fp_adder/adder/norm/_0049_ (net)
                  0.01    0.00    3.84 v fp_adder/adder/norm/_2093_/A1 (NAND2_X4)
                  0.01    0.02    3.85 ^ fp_adder/adder/norm/_2093_/ZN (NAND2_X4)
     3    8.08                           fp_adder/adder/norm/_0054_ (net)
                  0.01    0.00    3.85 ^ fp_adder/adder/norm/_2104_/A1 (NAND2_X2)
                  0.01    0.01    3.86 v fp_adder/adder/norm/_2104_/ZN (NAND2_X2)
     1    3.24                           fp_adder/adder/norm/_0064_ (net)
                  0.01    0.00    3.86 v fp_adder/adder/norm/_2106_/A1 (NAND2_X2)
                  0.01    0.02    3.88 ^ fp_adder/adder/norm/_2106_/ZN (NAND2_X2)
     2    5.98                           fp_adder/adder/norm/_0066_ (net)
                  0.01    0.00    3.88 ^ fp_adder/adder/norm/_2112_/A1 (NAND2_X2)
                  0.01    0.01    3.90 v fp_adder/adder/norm/_2112_/ZN (NAND2_X2)
     2    3.79                           fp_adder/adder/norm/_0072_ (net)
                  0.01    0.00    3.90 v fp_adder/adder/norm/_2113_/A1 (NAND2_X1)
                  0.01    0.01    3.91 ^ fp_adder/adder/norm/_2113_/ZN (NAND2_X1)
     1    1.91                           fp_adder/adder/norm/_0073_ (net)
                  0.01    0.00    3.91 ^ fp_adder/adder/norm/_2116_/A1 (NAND2_X1)
                  0.01    0.01    3.92 v fp_adder/adder/norm/_2116_/ZN (NAND2_X1)
     1    1.84                           fp_adder/adder/norm/_0076_ (net)
                  0.01    0.00    3.92 v fp_adder/adder/norm/_2119_/A1 (NAND2_X1)
                  0.01    0.02    3.94 ^ fp_adder/adder/norm/_2119_/ZN (NAND2_X1)
     2    4.01                           result_int_d[30] (net)
                  0.01    0.00    3.94 ^ _499_/A4 (NAND4_X1)
                  0.04    0.03    3.97 v _499_/ZN (NAND4_X1)
     1    1.81                           _178_ (net)
                  0.04    0.00    3.97 v _500_/A2 (NAND2_X1)
                  0.01    0.03    4.00 ^ _500_/ZN (NAND2_X1)
     1    1.44                           _030_ (net)
                  0.01    0.00    4.00 ^ _539_/D (DFFR_X1)
                                  4.00   data arrival time

                  0.00    3.00    3.00   clock clk_i (rise edge)
                          0.00    3.00   clock network delay (ideal)
                          0.00    3.00   clock reconvergence pessimism
                                  3.00 ^ _539_/CK (DFFR_X1)
                         -0.03    2.97   library setup time
                                  2.97   data required time
-----------------------------------------------------------------------------
                                  2.97   data required time
                                 -4.00   data arrival time
-----------------------------------------------------------------------------
                                 -1.04   slack (VIOLATED)



==========================================================================
floorplan final report_power
--------------------------------------------------------------------------
Group                  Internal  Switching    Leakage      Total
                          Power      Power      Power      Power (Watts)
----------------------------------------------------------------
Sequential             1.06e-02   7.83e-04   2.74e-04   1.16e-02  49.9%
Combinational          2.68e-03   8.55e-03   4.51e-04   1.17e-02  50.1%
Macro                  0.00e+00   0.00e+00   0.00e+00   0.00e+00   0.0%
Pad                    0.00e+00   0.00e+00   0.00e+00   0.00e+00   0.0%
----------------------------------------------------------------
Total                  1.32e-02   9.33e-03   7.25e-04   2.33e-02 100.0%
                          56.8%      40.1%       3.1%

==========================================================================
floorplan final report_design_area
--------------------------------------------------------------------------
Design area 44508 u^2 38% utilization.

Elapsed time: 0:04.69[h:]min:sec. CPU time: user 4.59 sys 0.08 (99%). Peak memory: 219080KB.
