OpenROAD b57893514040c5aa453ab5c104f35d1173a8add9 
This program is licensed under the BSD-3 license. See the LICENSE file for details.
Components of this program may be licensed under more restrictive licenses which must be honored.

==========================================================================
resizer pre report_tns
--------------------------------------------------------------------------
tns -5349.22

==========================================================================
resizer pre report_wns
--------------------------------------------------------------------------
wns -0.95

==========================================================================
resizer pre report_worst_slack
--------------------------------------------------------------------------
worst slack -0.95

==========================================================================
resizer pre report_clock_skew
--------------------------------------------------------------------------
Clock clk_i
Latency      CRPR       Skew
lut/gen_sub_units_scm[11].sub_unit_i/_2403_/G ^
   0.46
_547_/CK ^
   0.00      0.00       0.46


==========================================================================
resizer pre report_checks -path_delay min
--------------------------------------------------------------------------
Startpoint: rst_ni (input port clocked by clk_i)
Endpoint: _553_ (removal check against rising-edge clock clk_i)
Path Group: **async_default**
Path Type: min

Fanout     Cap    Slew   Delay    Time   Description
-----------------------------------------------------------------------------
                  0.00    0.00    0.00   clock clk_i (rise edge)
                          0.00    0.00   clock network delay (ideal)
                          0.30    0.30 ^ input external delay
                  0.00    0.00    0.30 ^ rst_ni (in)
   102  225.16                           rst_ni (net)
                  0.03    0.02    0.32 ^ _553_/RN (DFFR_X1)
                                  0.32   data arrival time

                  0.00    0.00    0.00   clock clk_i (rise edge)
                          0.00    0.00   clock network delay (ideal)
                          0.00    0.00   clock reconvergence pessimism
                                  0.00 ^ _553_/CK (DFFR_X1)
                          0.22    0.22   library removal time
                                  0.22   data required time
-----------------------------------------------------------------------------
                                  0.22   data required time
                                 -0.32   data arrival time
-----------------------------------------------------------------------------
                                  0.11   slack (MET)


Startpoint: lut/gen_sub_units_scm[11].sub_unit_i/_2824_
            (negative level-sensitive latch clocked by clk_i)
Endpoint: lut/gen_sub_units_scm[11].sub_unit_i/_2381_
          (rising clock gating-check end-point clocked by clk_i)
Path Group: **clock_gating_default**
Path Type: min

Fanout     Cap    Slew   Delay    Time   Description
-----------------------------------------------------------------------------
                  0.00    1.50    1.50   clock clk_i (fall edge)
                          0.00    1.50   clock network delay (ideal)
                  0.00    0.00    1.50 v lut/gen_sub_units_scm[11].sub_unit_i/_2824_/GN (DLL_X1)
                  0.01    0.04    1.54 ^ lut/gen_sub_units_scm[11].sub_unit_i/_2824_/Q (DLL_X1)
     1    0.99                           lut/gen_sub_units_scm[11].sub_unit_i/gen_cg_word_iter[16].cg_i.en_latch (net)
                  0.01    0.00    1.54 ^ lut/gen_sub_units_scm[11].sub_unit_i/_2381_/A2 (AND2_X1)
                                  1.54   data arrival time

                  0.00    1.50    1.50   clock clk_i (fall edge)
                          0.00    1.50   clock network delay (ideal)
                          0.00    1.50   clock reconvergence pessimism
                                  1.50 v lut/gen_sub_units_scm[11].sub_unit_i/_2381_/A1 (AND2_X1)
                          0.00    1.50   clock gating hold time
                                  1.50   data required time
-----------------------------------------------------------------------------
                                  1.50   data required time
                                 -1.54   data arrival time
-----------------------------------------------------------------------------
                                  0.04   slack (MET)


Startpoint: _537_ (rising edge-triggered flip-flop clocked by clk_i)
Endpoint: _537_ (rising edge-triggered flip-flop clocked by clk_i)
Path Group: clk_i
Path Type: min

Fanout     Cap    Slew   Delay    Time   Description
-----------------------------------------------------------------------------
                  0.00    0.00    0.00   clock clk_i (rise edge)
                          0.00    0.00   clock network delay (ideal)
                  0.00    0.00    0.00 ^ _537_/CK (DFFR_X1)
                  0.01    0.08    0.08 v _537_/Q (DFFR_X1)
     2    1.88                           result_o[28] (net)
                  0.01    0.00    0.08 v _492_/A3 (NAND3_X1)
                  0.01    0.02    0.10 ^ _492_/ZN (NAND3_X1)
     1    1.73                           _173_ (net)
                  0.01    0.00    0.10 ^ _494_/A1 (NAND2_X1)
                  0.01    0.01    0.12 v _494_/ZN (NAND2_X1)
     1    1.06                           _028_ (net)
                  0.01    0.00    0.12 v _537_/D (DFFR_X1)
                                  0.12   data arrival time

                  0.00    0.00    0.00   clock clk_i (rise edge)
                          0.00    0.00   clock network delay (ideal)
                          0.00    0.00   clock reconvergence pessimism
                                  0.00 ^ _537_/CK (DFFR_X1)
                          0.00    0.00   library hold time
                                  0.00   data required time
-----------------------------------------------------------------------------
                                  0.00   data required time
                                 -0.12   data arrival time
-----------------------------------------------------------------------------
                                  0.11   slack (MET)



==========================================================================
resizer pre report_checks -path_delay max
--------------------------------------------------------------------------
Startpoint: rst_ni (input port clocked by clk_i)
Endpoint: _553_ (recovery check against rising-edge clock clk_i)
Path Group: **async_default**
Path Type: max

Fanout     Cap    Slew   Delay    Time   Description
-----------------------------------------------------------------------------
                  0.00    0.00    0.00   clock clk_i (rise edge)
                          0.00    0.00   clock network delay (ideal)
                          0.30    0.30 ^ input external delay
                  0.00    0.00    0.30 ^ rst_ni (in)
   102  225.16                           rst_ni (net)
                  0.03    0.02    0.32 ^ _553_/RN (DFFR_X1)
                                  0.32   data arrival time

                  0.00    3.00    3.00   clock clk_i (rise edge)
                          0.00    3.00   clock network delay (ideal)
                          0.00    3.00   clock reconvergence pessimism
                                  3.00 ^ _553_/CK (DFFR_X1)
                          0.05    3.05   library recovery time
                                  3.05   data required time
-----------------------------------------------------------------------------
                                  3.05   data required time
                                 -0.32   data arrival time
-----------------------------------------------------------------------------
                                  2.73   slack (MET)


Startpoint: lut/gen_sub_units_scm[2].sub_unit_i/_2830_
            (negative level-sensitive latch clocked by clk_i)
Endpoint: lut/gen_sub_units_scm[2].sub_unit_i/_2387_
          (rising clock gating-check end-point clocked by clk_i)
Path Group: **clock_gating_default**
Path Type: max

Fanout     Cap    Slew   Delay    Time   Description
-----------------------------------------------------------------------------
                  0.00    1.50    1.50   clock clk_i (fall edge)
                          0.00    1.50   clock network delay (ideal)
                  0.00    0.00    1.50 v lut/gen_sub_units_scm[2].sub_unit_i/_2830_/GN (DLL_X1)
                  0.01    0.07    1.57 v lut/gen_sub_units_scm[2].sub_unit_i/_2830_/Q (DLL_X1)
     1    2.77                           lut/gen_sub_units_scm[2].sub_unit_i/gen_cg_word_iter[22].cg_i.en_latch (net)
                  0.01    0.00    1.57 v lut/gen_sub_units_scm[2].sub_unit_i/_2387_/A2 (AND2_X1)
                                  1.57   data arrival time

                  0.00    3.00    3.00   clock clk_i (rise edge)
                          0.00    3.00   clock network delay (ideal)
                          0.00    3.00   clock reconvergence pessimism
                                  3.00 ^ lut/gen_sub_units_scm[2].sub_unit_i/_2387_/A1 (AND2_X1)
                          0.00    3.00   clock gating setup time
                                  3.00   data required time
-----------------------------------------------------------------------------
                                  3.00   data required time
                                 -1.57   data arrival time
-----------------------------------------------------------------------------
                                  1.43   slack (MET)


Startpoint: c_addr_i[0] (input port clocked by clk_i)
Endpoint: _554_ (rising edge-triggered flip-flop clocked by clk_i)
Path Group: clk_i
Path Type: max

Fanout     Cap    Slew   Delay    Time   Description
-----------------------------------------------------------------------------
                  0.00    0.00    0.00   clock clk_i (rise edge)
                          0.00    0.00   clock network delay (ideal)
                          0.30    0.30 v input external delay
                  0.00    0.00    0.30 v c_addr_i[0] (in)
  1873 3728.82                           c_addr_i[0] (net)
                  2.04    1.67    1.97 v lut/gen_sub_units_scm[0].sub_unit_i/_1298_/A2 (NOR2_X2)
                  0.30    1.64    3.61 ^ lut/gen_sub_units_scm[0].sub_unit_i/_1298_/ZN (NOR2_X2)
    64  131.65                           lut/gen_sub_units_scm[0].sub_unit_i/_0939_ (net)
                  0.30    0.01    3.62 ^ lut/gen_sub_units_scm[0].sub_unit_i/_2203_/A1 (NAND3_X1)
                  0.06    0.04    3.65 v lut/gen_sub_units_scm[0].sub_unit_i/_2203_/ZN (NAND3_X1)
     1    1.66                           lut/gen_sub_units_scm[0].sub_unit_i/_0670_ (net)
                  0.06    0.00    3.65 v lut/gen_sub_units_scm[0].sub_unit_i/_2204_/A2 (NAND2_X1)
                  0.02    0.03    3.69 ^ lut/gen_sub_units_scm[0].sub_unit_i/_2204_/ZN (NAND2_X1)
     1    1.92                           lut/gen_sub_units_scm[0].sub_unit_i/_0671_ (net)
                  0.02    0.00    3.69 ^ lut/gen_sub_units_scm[0].sub_unit_i/_2205_/A2 (NOR2_X1)
                  0.01    0.01    3.70 v lut/gen_sub_units_scm[0].sub_unit_i/_2205_/ZN (NOR2_X1)
     1    1.70                           lut/gen_sub_units_scm[0].sub_unit_i/_0672_ (net)
                  0.01    0.00    3.70 v lut/gen_sub_units_scm[0].sub_unit_i/_2206_/A2 (NAND2_X1)
                  0.01    0.02    3.72 ^ lut/gen_sub_units_scm[0].sub_unit_i/_2206_/ZN (NAND2_X1)
     1    4.37                           lut/gen_sub_units_scm[0].sub_unit_i/_0673_ (net)
                  0.01    0.00    3.72 ^ lut/gen_sub_units_scm[0].sub_unit_i/_2207_/A2 (NOR2_X1)
                  0.01    0.01    3.73 v lut/gen_sub_units_scm[0].sub_unit_i/_2207_/ZN (NOR2_X1)
     1    3.10                           lut/gen_sub_units_scm[0].sub_unit_i/_0674_ (net)
                  0.01    0.00    3.73 v lut/gen_sub_units_scm[0].sub_unit_i/_2239_/A1 (NAND3_X1)
                  0.02    0.02    3.75 ^ lut/gen_sub_units_scm[0].sub_unit_i/_2239_/ZN (NAND3_X1)
     1    2.97                           lut/read_outputs_subunits[253] (net)
                  0.02    0.00    3.75 ^ lut/read/_1074_/A2 (NAND2_X1)
                  0.06    0.02    3.77 v lut/read/_1074_/ZN (NAND2_X1)
     1    2.53                           lut/read/_0485_ (net)
                  0.06    0.00    3.77 v lut/read/_1075_/A2 (NAND2_X1)
                  0.03    0.06    3.83 ^ lut/read/_1075_/ZN (NAND2_X1)
     1    7.50                           lut/read/_0486_ (net)
                  0.03    0.00    3.83 ^ lut/read/_1076_/A2 (NOR2_X1)
                  0.01    0.01    3.84 v lut/read/_1076_/ZN (NOR2_X1)
     1    1.27                           lut/read/_0487_ (net)
                  0.01    0.00    3.84 v lut/read/_1077_/A2 (AND2_X1)
                  0.01    0.03    3.87 v lut/read/_1077_/ZN (AND2_X1)
     1    1.73                           lut/read/_0488_ (net)
                  0.01    0.00    3.87 v lut/read/_1097_/A1 (NAND2_X1)
                  0.01    0.02    3.89 ^ lut/read/_1097_/ZN (NAND2_X1)
     1    3.45                           rdata_o[13] (net)
                  0.01    0.00    3.89 ^ _389_/A2 (NAND2_X1)
                  0.01    0.01    3.90 v _389_/ZN (NAND2_X1)
     1    1.75                           _101_ (net)
                  0.01    0.00    3.90 v _390_/A (INV_X1)
                  0.01    0.01    3.92 ^ _390_/ZN (INV_X1)
     1    1.39                           rdata_o_n[13] (net)
                  0.01    0.00    3.92 ^ _554_/D (DFFR_X1)
                                  3.92   data arrival time

                  0.00    3.00    3.00   clock clk_i (rise edge)
                          0.00    3.00   clock network delay (ideal)
                          0.00    3.00   clock reconvergence pessimism
                                  3.00 ^ _554_/CK (DFFR_X1)
                         -0.03    2.97   library setup time
                                  2.97   data required time
-----------------------------------------------------------------------------
                                  2.97   data required time
                                 -3.92   data arrival time
-----------------------------------------------------------------------------
                                 -0.95   slack (VIOLATED)



==========================================================================
resizer pre report_checks -unconstrained
--------------------------------------------------------------------------
Startpoint: rst_ni (input port clocked by clk_i)
Endpoint: _553_ (recovery check against rising-edge clock clk_i)
Path Group: **async_default**
Path Type: max

Fanout     Cap    Slew   Delay    Time   Description
-----------------------------------------------------------------------------
                  0.00    0.00    0.00   clock clk_i (rise edge)
                          0.00    0.00   clock network delay (ideal)
                          0.30    0.30 ^ input external delay
                  0.00    0.00    0.30 ^ rst_ni (in)
   102  225.16                           rst_ni (net)
                  0.03    0.02    0.32 ^ _553_/RN (DFFR_X1)
                                  0.32   data arrival time

                  0.00    3.00    3.00   clock clk_i (rise edge)
                          0.00    3.00   clock network delay (ideal)
                          0.00    3.00   clock reconvergence pessimism
                                  3.00 ^ _553_/CK (DFFR_X1)
                          0.05    3.05   library recovery time
                                  3.05   data required time
-----------------------------------------------------------------------------
                                  3.05   data required time
                                 -0.32   data arrival time
-----------------------------------------------------------------------------
                                  2.73   slack (MET)


Startpoint: lut/gen_sub_units_scm[2].sub_unit_i/_2830_
            (negative level-sensitive latch clocked by clk_i)
Endpoint: lut/gen_sub_units_scm[2].sub_unit_i/_2387_
          (rising clock gating-check end-point clocked by clk_i)
Path Group: **clock_gating_default**
Path Type: max

Fanout     Cap    Slew   Delay    Time   Description
-----------------------------------------------------------------------------
                  0.00    1.50    1.50   clock clk_i (fall edge)
                          0.00    1.50   clock network delay (ideal)
                  0.00    0.00    1.50 v lut/gen_sub_units_scm[2].sub_unit_i/_2830_/GN (DLL_X1)
                  0.01    0.07    1.57 v lut/gen_sub_units_scm[2].sub_unit_i/_2830_/Q (DLL_X1)
     1    2.77                           lut/gen_sub_units_scm[2].sub_unit_i/gen_cg_word_iter[22].cg_i.en_latch (net)
                  0.01    0.00    1.57 v lut/gen_sub_units_scm[2].sub_unit_i/_2387_/A2 (AND2_X1)
                                  1.57   data arrival time

                  0.00    3.00    3.00   clock clk_i (rise edge)
                          0.00    3.00   clock network delay (ideal)
                          0.00    3.00   clock reconvergence pessimism
                                  3.00 ^ lut/gen_sub_units_scm[2].sub_unit_i/_2387_/A1 (AND2_X1)
                          0.00    3.00   clock gating setup time
                                  3.00   data required time
-----------------------------------------------------------------------------
                                  3.00   data required time
                                 -1.57   data arrival time
-----------------------------------------------------------------------------
                                  1.43   slack (MET)


Startpoint: c_addr_i[0] (input port clocked by clk_i)
Endpoint: _554_ (rising edge-triggered flip-flop clocked by clk_i)
Path Group: clk_i
Path Type: max

Fanout     Cap    Slew   Delay    Time   Description
-----------------------------------------------------------------------------
                  0.00    0.00    0.00   clock clk_i (rise edge)
                          0.00    0.00   clock network delay (ideal)
                          0.30    0.30 v input external delay
                  0.00    0.00    0.30 v c_addr_i[0] (in)
  1873 3728.82                           c_addr_i[0] (net)
                  2.04    1.67    1.97 v lut/gen_sub_units_scm[0].sub_unit_i/_1298_/A2 (NOR2_X2)
                  0.30    1.64    3.61 ^ lut/gen_sub_units_scm[0].sub_unit_i/_1298_/ZN (NOR2_X2)
    64  131.65                           lut/gen_sub_units_scm[0].sub_unit_i/_0939_ (net)
                  0.30    0.01    3.62 ^ lut/gen_sub_units_scm[0].sub_unit_i/_2203_/A1 (NAND3_X1)
                  0.06    0.04    3.65 v lut/gen_sub_units_scm[0].sub_unit_i/_2203_/ZN (NAND3_X1)
     1    1.66                           lut/gen_sub_units_scm[0].sub_unit_i/_0670_ (net)
                  0.06    0.00    3.65 v lut/gen_sub_units_scm[0].sub_unit_i/_2204_/A2 (NAND2_X1)
                  0.02    0.03    3.69 ^ lut/gen_sub_units_scm[0].sub_unit_i/_2204_/ZN (NAND2_X1)
     1    1.92                           lut/gen_sub_units_scm[0].sub_unit_i/_0671_ (net)
                  0.02    0.00    3.69 ^ lut/gen_sub_units_scm[0].sub_unit_i/_2205_/A2 (NOR2_X1)
                  0.01    0.01    3.70 v lut/gen_sub_units_scm[0].sub_unit_i/_2205_/ZN (NOR2_X1)
     1    1.70                           lut/gen_sub_units_scm[0].sub_unit_i/_0672_ (net)
                  0.01    0.00    3.70 v lut/gen_sub_units_scm[0].sub_unit_i/_2206_/A2 (NAND2_X1)
                  0.01    0.02    3.72 ^ lut/gen_sub_units_scm[0].sub_unit_i/_2206_/ZN (NAND2_X1)
     1    4.37                           lut/gen_sub_units_scm[0].sub_unit_i/_0673_ (net)
                  0.01    0.00    3.72 ^ lut/gen_sub_units_scm[0].sub_unit_i/_2207_/A2 (NOR2_X1)
                  0.01    0.01    3.73 v lut/gen_sub_units_scm[0].sub_unit_i/_2207_/ZN (NOR2_X1)
     1    3.10                           lut/gen_sub_units_scm[0].sub_unit_i/_0674_ (net)
                  0.01    0.00    3.73 v lut/gen_sub_units_scm[0].sub_unit_i/_2239_/A1 (NAND3_X1)
                  0.02    0.02    3.75 ^ lut/gen_sub_units_scm[0].sub_unit_i/_2239_/ZN (NAND3_X1)
     1    2.97                           lut/read_outputs_subunits[253] (net)
                  0.02    0.00    3.75 ^ lut/read/_1074_/A2 (NAND2_X1)
                  0.06    0.02    3.77 v lut/read/_1074_/ZN (NAND2_X1)
     1    2.53                           lut/read/_0485_ (net)
                  0.06    0.00    3.77 v lut/read/_1075_/A2 (NAND2_X1)
                  0.03    0.06    3.83 ^ lut/read/_1075_/ZN (NAND2_X1)
     1    7.50                           lut/read/_0486_ (net)
                  0.03    0.00    3.83 ^ lut/read/_1076_/A2 (NOR2_X1)
                  0.01    0.01    3.84 v lut/read/_1076_/ZN (NOR2_X1)
     1    1.27                           lut/read/_0487_ (net)
                  0.01    0.00    3.84 v lut/read/_1077_/A2 (AND2_X1)
                  0.01    0.03    3.87 v lut/read/_1077_/ZN (AND2_X1)
     1    1.73                           lut/read/_0488_ (net)
                  0.01    0.00    3.87 v lut/read/_1097_/A1 (NAND2_X1)
                  0.01    0.02    3.89 ^ lut/read/_1097_/ZN (NAND2_X1)
     1    3.45                           rdata_o[13] (net)
                  0.01    0.00    3.89 ^ _389_/A2 (NAND2_X1)
                  0.01    0.01    3.90 v _389_/ZN (NAND2_X1)
     1    1.75                           _101_ (net)
                  0.01    0.00    3.90 v _390_/A (INV_X1)
                  0.01    0.01    3.92 ^ _390_/ZN (INV_X1)
     1    1.39                           rdata_o_n[13] (net)
                  0.01    0.00    3.92 ^ _554_/D (DFFR_X1)
                                  3.92   data arrival time

                  0.00    3.00    3.00   clock clk_i (rise edge)
                          0.00    3.00   clock network delay (ideal)
                          0.00    3.00   clock reconvergence pessimism
                                  3.00 ^ _554_/CK (DFFR_X1)
                         -0.03    2.97   library setup time
                                  2.97   data required time
-----------------------------------------------------------------------------
                                  2.97   data required time
                                 -3.92   data arrival time
-----------------------------------------------------------------------------
                                 -0.95   slack (VIOLATED)



==========================================================================
resizer pre report_power
--------------------------------------------------------------------------
Group                  Internal  Switching    Leakage      Total
                          Power      Power      Power      Power (Watts)
----------------------------------------------------------------
Sequential             1.03e-02   6.66e-04   2.74e-04   1.13e-02  48.9%
Combinational          2.85e-03   8.49e-03   4.51e-04   1.18e-02  51.1%
Macro                  0.00e+00   0.00e+00   0.00e+00   0.00e+00   0.0%
Pad                    0.00e+00   0.00e+00   0.00e+00   0.00e+00   0.0%
----------------------------------------------------------------
Total                  1.32e-02   9.15e-03   7.25e-04   2.31e-02 100.0%
                          57.2%      39.7%       3.1%

==========================================================================
resizer pre report_design_area
--------------------------------------------------------------------------
Design area 44703 u^2 38% utilization.


==========================================================================
instance_count
--------------------------------------------------------------------------
31309

==========================================================================
pin_count
--------------------------------------------------------------------------
99059

Perform port buffering...
[INFO RSZ-0027] Inserted 37 input buffers.
[INFO RSZ-0028] Inserted 33 output buffers.
Perform buffer insertion...
[INFO RSZ-0058] Using max wire length 661um.
[INFO RSZ-0034] Found 4902 slew violations.
[INFO RSZ-0036] Found 51 capacitance violations.
[INFO RSZ-0038] Inserted 163 buffers in 4905 nets.
[INFO RSZ-0039] Resized 900 instances.
Repair tie lo fanout...
[INFO RSZ-0042] Inserted 128 tie LOGIC0_X1 instances.
Repair tie hi fanout...

==========================================================================
report_floating_nets
--------------------------------------------------------------------------

==========================================================================
resizer report_tns
--------------------------------------------------------------------------
tns -0.10

==========================================================================
resizer report_wns
--------------------------------------------------------------------------
wns -0.04

==========================================================================
resizer report_worst_slack
--------------------------------------------------------------------------
worst slack -0.04

==========================================================================
resizer report_clock_skew
--------------------------------------------------------------------------
Clock clk_i
Latency      CRPR       Skew
lut/gen_sub_units_scm[11].sub_unit_i/_2403_/G ^
   0.46
_547_/CK ^
   0.00      0.00       0.46


==========================================================================
resizer report_checks -path_delay min
--------------------------------------------------------------------------
Startpoint: rst_ni (input port clocked by clk_i)
Endpoint: _553_ (removal check against rising-edge clock clk_i)
Path Group: **async_default**
Path Type: min

Fanout     Cap    Slew   Delay    Time   Description
-----------------------------------------------------------------------------
                  0.00    0.00    0.00   clock clk_i (rise edge)
                          0.00    0.00   clock network delay (ideal)
                          0.30    0.30 ^ input external delay
                  0.00    0.00    0.30 ^ rst_ni (in)
     1   26.88                           rst_ni (net)
                  0.00    0.00    0.30 ^ input11/A (BUF_X32)
                  0.01    0.02    0.32 ^ input11/Z (BUF_X32)
   102  244.50                           net11 (net)
                  0.04    0.03    0.35 ^ _553_/RN (DFFR_X1)
                                  0.35   data arrival time

                  0.00    0.00    0.00   clock clk_i (rise edge)
                          0.00    0.00   clock network delay (ideal)
                          0.00    0.00   clock reconvergence pessimism
                                  0.00 ^ _553_/CK (DFFR_X1)
                          0.23    0.23   library removal time
                                  0.23   data required time
-----------------------------------------------------------------------------
                                  0.23   data required time
                                 -0.35   data arrival time
-----------------------------------------------------------------------------
                                  0.12   slack (MET)


Startpoint: lut/gen_sub_units_scm[11].sub_unit_i/_2824_
            (negative level-sensitive latch clocked by clk_i)
Endpoint: lut/gen_sub_units_scm[11].sub_unit_i/_2381_
          (rising clock gating-check end-point clocked by clk_i)
Path Group: **clock_gating_default**
Path Type: min

Fanout     Cap    Slew   Delay    Time   Description
-----------------------------------------------------------------------------
                  0.00    1.50    1.50   clock clk_i (fall edge)
                          0.00    1.50   clock network delay (ideal)
                  0.00    0.00    1.50 v lut/gen_sub_units_scm[11].sub_unit_i/_2824_/GN (DLL_X1)
                  0.01    0.04    1.54 ^ lut/gen_sub_units_scm[11].sub_unit_i/_2824_/Q (DLL_X1)
     1    0.99                           lut/gen_sub_units_scm[11].sub_unit_i/gen_cg_word_iter[16].cg_i.en_latch (net)
                  0.01    0.00    1.54 ^ lut/gen_sub_units_scm[11].sub_unit_i/_2381_/A2 (AND2_X1)
                                  1.54   data arrival time

                  0.00    1.50    1.50   clock clk_i (fall edge)
                          0.00    1.50   clock network delay (ideal)
                          0.00    1.50   clock reconvergence pessimism
                                  1.50 v lut/gen_sub_units_scm[11].sub_unit_i/_2381_/A1 (AND2_X1)
                          0.00    1.50   clock gating hold time
                                  1.50   data required time
-----------------------------------------------------------------------------
                                  1.50   data required time
                                 -1.54   data arrival time
-----------------------------------------------------------------------------
                                  0.04   slack (MET)


Startpoint: _538_ (rising edge-triggered flip-flop clocked by clk_i)
Endpoint: _538_ (rising edge-triggered flip-flop clocked by clk_i)
Path Group: clk_i
Path Type: min

Fanout     Cap    Slew   Delay    Time   Description
-----------------------------------------------------------------------------
                  0.00    0.00    0.00   clock clk_i (rise edge)
                          0.00    0.00   clock network delay (ideal)
                  0.00    0.00    0.00 ^ _538_/CK (DFFR_X1)
                  0.01    0.09    0.09 v _538_/Q (DFFR_X1)
     2    2.66                           net59 (net)
                  0.01    0.00    0.09 v _495_/A3 (NAND3_X1)
                  0.01    0.02    0.11 ^ _495_/ZN (NAND3_X1)
     1    1.72                           _175_ (net)
                  0.01    0.00    0.11 ^ _497_/A1 (NAND2_X1)
                  0.01    0.01    0.12 v _497_/ZN (NAND2_X1)
     1    1.06                           _029_ (net)
                  0.01    0.00    0.12 v _538_/D (DFFR_X1)
                                  0.12   data arrival time

                  0.00    0.00    0.00   clock clk_i (rise edge)
                          0.00    0.00   clock network delay (ideal)
                          0.00    0.00   clock reconvergence pessimism
                                  0.00 ^ _538_/CK (DFFR_X1)
                          0.00    0.00   library hold time
                                  0.00   data required time
-----------------------------------------------------------------------------
                                  0.00   data required time
                                 -0.12   data arrival time
-----------------------------------------------------------------------------
                                  0.11   slack (MET)



==========================================================================
resizer report_checks -path_delay max
--------------------------------------------------------------------------
Startpoint: rst_ni (input port clocked by clk_i)
Endpoint: _553_ (recovery check against rising-edge clock clk_i)
Path Group: **async_default**
Path Type: max

Fanout     Cap    Slew   Delay    Time   Description
-----------------------------------------------------------------------------
                  0.00    0.00    0.00   clock clk_i (rise edge)
                          0.00    0.00   clock network delay (ideal)
                          0.30    0.30 ^ input external delay
                  0.00    0.00    0.30 ^ rst_ni (in)
     1   26.88                           rst_ni (net)
                  0.00    0.00    0.30 ^ input11/A (BUF_X32)
                  0.01    0.02    0.32 ^ input11/Z (BUF_X32)
   102  244.50                           net11 (net)
                  0.04    0.03    0.35 ^ _553_/RN (DFFR_X1)
                                  0.35   data arrival time

                  0.00    3.00    3.00   clock clk_i (rise edge)
                          0.00    3.00   clock network delay (ideal)
                          0.00    3.00   clock reconvergence pessimism
                                  3.00 ^ _553_/CK (DFFR_X1)
                          0.05    3.05   library recovery time
                                  3.05   data required time
-----------------------------------------------------------------------------
                                  3.05   data required time
                                 -0.35   data arrival time
-----------------------------------------------------------------------------
                                  2.70   slack (MET)


Startpoint: lut/gen_sub_units_scm[2].sub_unit_i/_2830_
            (negative level-sensitive latch clocked by clk_i)
Endpoint: lut/gen_sub_units_scm[2].sub_unit_i/_2387_
          (rising clock gating-check end-point clocked by clk_i)
Path Group: **clock_gating_default**
Path Type: max

Fanout     Cap    Slew   Delay    Time   Description
-----------------------------------------------------------------------------
                  0.00    1.50    1.50   clock clk_i (fall edge)
                          0.00    1.50   clock network delay (ideal)
                  0.00    0.00    1.50 v lut/gen_sub_units_scm[2].sub_unit_i/_2830_/GN (DLL_X1)
                  0.01    0.07    1.57 v lut/gen_sub_units_scm[2].sub_unit_i/_2830_/Q (DLL_X1)
     1    2.77                           lut/gen_sub_units_scm[2].sub_unit_i/gen_cg_word_iter[22].cg_i.en_latch (net)
                  0.01    0.00    1.57 v lut/gen_sub_units_scm[2].sub_unit_i/_2387_/A2 (AND2_X1)
                                  1.57   data arrival time

                  0.00    3.00    3.00   clock clk_i (rise edge)
                          0.00    3.00   clock network delay (ideal)
                          0.00    3.00   clock reconvergence pessimism
                                  3.00 ^ lut/gen_sub_units_scm[2].sub_unit_i/_2387_/A1 (AND2_X1)
                          0.00    3.00   clock gating setup time
                                  3.00   data required time
-----------------------------------------------------------------------------
                                  3.00   data required time
                                 -1.57   data arrival time
-----------------------------------------------------------------------------
                                  1.43   slack (MET)


Startpoint: _547_ (rising edge-triggered flip-flop clocked by clk_i)
Endpoint: _539_ (rising edge-triggered flip-flop clocked by clk_i)
Path Group: clk_i
Path Type: max

Fanout     Cap    Slew   Delay    Time   Description
-----------------------------------------------------------------------------
                  0.00    0.00    0.00   clock clk_i (rise edge)
                          0.00    0.00   clock network delay (ideal)
                  0.00    0.00    0.00 ^ _547_/CK (DFFR_X1)
                  0.01    0.10    0.10 v _547_/Q (DFFR_X1)
     3    8.39                           rdata_o_q[6] (net)
                  0.01    0.00    0.10 v fp_adder/converter/_174_/A2 (NOR2_X2)
                  0.03    0.04    0.14 ^ fp_adder/converter/_174_/ZN (NOR2_X2)
     2    8.88                           fp_adder/converter/_107_ (net)
                  0.03    0.00    0.14 ^ fp_adder/converter/_175_/A2 (NAND2_X1)
                  0.02    0.03    0.17 v fp_adder/converter/_175_/ZN (NAND2_X1)
     2    6.31                           fp_adder/converter/_108_ (net)
                  0.02    0.00    0.17 v fp_adder/converter/_193_/A2 (NOR2_X2)
                  0.03    0.05    0.22 ^ fp_adder/converter/_193_/ZN (NOR2_X2)
     3   11.85                           fp_adder/converter/_126_ (net)
                  0.03    0.00    0.22 ^ fp_adder/converter/_196_/A1 (NAND2_X4)
                  0.02    0.03    0.25 v fp_adder/converter/_196_/ZN (NAND2_X4)
    13   30.35                           fp_adder/converter/_129_ (net)
                  0.02    0.00    0.25 v fp_adder/converter/_199_/A2 (NAND2_X4)
                  0.02    0.04    0.29 ^ fp_adder/converter/_199_/ZN (NAND2_X4)
    14   29.65                           fp_adder/converter/_132_ (net)
                  0.02    0.00    0.29 ^ fp_adder/converter/_233_/A1 (NAND2_X2)
                  0.01    0.03    0.32 v fp_adder/converter/_233_/ZN (NAND2_X2)
     4   10.69                           fp_adder/converter/_006_ (net)
                  0.01    0.00    0.32 v fp_adder/converter/_326_/B1 (AOI21_X1)
                  0.02    0.03    0.34 ^ fp_adder/converter/_326_/ZN (AOI21_X1)
     1    1.72                           fp_adder/converter/_089_ (net)
                  0.02    0.00    0.34 ^ fp_adder/converter/_327_/A (OAI21_X1)
                  0.01    0.02    0.37 v fp_adder/converter/_327_/ZN (OAI21_X1)
     1    1.60                           fp_adder/converter/_090_ (net)
                  0.01    0.00    0.37 v fp_adder/converter/_328_/A1 (NAND2_X1)
                  0.02    0.03    0.40 ^ fp_adder/converter/_328_/ZN (NAND2_X1)
     3    8.14                           fp_adder/operand_fp16_fp32[25] (net)
                  0.02    0.00    0.40 ^ fp_adder/adder/adder/_1255_/A (INV_X1)
                  0.01    0.02    0.41 v fp_adder/adder/adder/_1255_/ZN (INV_X1)
     2    5.04                           fp_adder/adder/adder/_0367_ (net)
                  0.01    0.00    0.41 v fp_adder/adder/adder/_1256_/A1 (NAND2_X1)
                  0.02    0.02    0.44 ^ fp_adder/adder/adder/_1256_/ZN (NAND2_X1)
     3    5.38                           fp_adder/adder/adder/_0368_ (net)
                  0.02    0.00    0.44 ^ fp_adder/adder/adder/_1259_/A1 (NAND2_X1)
                  0.01    0.02    0.46 v fp_adder/adder/adder/_1259_/ZN (NAND2_X1)
     2    3.21                           fp_adder/adder/adder/_0371_ (net)
                  0.01    0.00    0.46 v fp_adder/adder/adder/_1260_/A2 (NOR2_X1)
                  0.02    0.04    0.49 ^ fp_adder/adder/adder/_1260_/ZN (NOR2_X1)
     2    3.44                           fp_adder/adder/adder/_0372_ (net)
                  0.02    0.00    0.49 ^ fp_adder/adder/adder/_1261_/A2 (NAND2_X1)
                  0.02    0.02    0.52 v fp_adder/adder/adder/_1261_/ZN (NAND2_X1)
     2    3.59                           fp_adder/adder/adder/_0373_ (net)
                  0.02    0.00    0.52 v fp_adder/adder/adder/_1265_/A1 (NAND2_X1)
                  0.02    0.03    0.55 ^ fp_adder/adder/adder/_1265_/ZN (NAND2_X1)
     3    7.73                           fp_adder/adder/adder/_0377_ (net)
                  0.02    0.00    0.55 ^ fp_adder/adder/adder/_1298_/A1 (NAND2_X2)
                  0.02    0.03    0.57 v fp_adder/adder/adder/_1298_/ZN (NAND2_X2)
     4   12.29                           fp_adder/adder/adder/_0409_ (net)
                  0.02    0.00    0.58 v fp_adder/adder/adder/_1305_/A1 (NAND2_X4)
                  0.11    0.13    0.70 ^ fp_adder/adder/adder/_1305_/ZN (NAND2_X4)
    84  192.39                           fp_adder/adder/adder/_0416_ (net)
                  0.11    0.00    0.70 ^ fp_adder/adder/adder/_1323_/A (INV_X8)
                  0.03    0.04    0.74 v fp_adder/adder/adder/_1323_/ZN (INV_X8)
    42   90.40                           fp_adder/adder/adder/_0434_ (net)
                  0.03    0.00    0.74 v fp_adder/adder/adder/_1357_/A2 (NAND2_X1)
                  0.02    0.04    0.78 ^ fp_adder/adder/adder/_1357_/ZN (NAND2_X1)
     1    6.07                           fp_adder/adder/adder/_0468_ (net)
                  0.02    0.00    0.78 ^ fp_adder/adder/adder/_1362_/A1 (NAND2_X4)
                  0.03    0.04    0.82 v fp_adder/adder/adder/_1362_/ZN (NAND2_X4)
    27   54.21                           fp_adder/adder/adder/_0473_ (net)
                  0.03    0.01    0.83 v fp_adder/adder/adder/_1427_/A (INV_X4)
                  0.03    0.05    0.87 ^ fp_adder/adder/adder/_1427_/ZN (INV_X4)
    24   47.74                           fp_adder/adder/adder/_0530_ (net)
                  0.03    0.00    0.88 ^ fp_adder/adder/adder/_1431_/A2 (NAND3_X1)
                  0.02    0.03    0.91 v fp_adder/adder/adder/_1431_/ZN (NAND3_X1)
     2    3.21                           fp_adder/adder/adder/_0534_ (net)
                  0.02    0.00    0.91 v fp_adder/adder/adder/_1433_/A1 (NAND2_X1)
                  0.01    0.02    0.93 ^ fp_adder/adder/adder/_1433_/ZN (NAND2_X1)
     2    3.87                           fp_adder/adder/adder/_0536_ (net)
                  0.01    0.00    0.93 ^ fp_adder/adder/adder/_1434_/A (INV_X1)
                  0.01    0.01    0.94 v fp_adder/adder/adder/_1434_/ZN (INV_X1)
     1    1.62                           fp_adder/adder/adder/_0537_ (net)
                  0.01    0.00    0.94 v fp_adder/adder/adder/_1435_/A1 (NAND2_X1)
                  0.02    0.03    0.96 ^ fp_adder/adder/adder/_1435_/ZN (NAND2_X1)
     2    7.90                           fp_adder/adder/adder/_0538_ (net)
                  0.02    0.00    0.96 ^ fp_adder/adder/adder/_1439_/A1 (NAND2_X4)
                  0.02    0.03    1.00 v fp_adder/adder/adder/_1439_/ZN (NAND2_X4)
    20   34.22                           fp_adder/adder/adder/_0542_ (net)
                  0.02    0.00    1.00 v fp_adder/adder/adder/_1443_/A1 (NAND2_X1)
                  0.01    0.02    1.02 ^ fp_adder/adder/adder/_1443_/ZN (NAND2_X1)
     2    3.49                           fp_adder/adder/adder/_0546_ (net)
                  0.01    0.00    1.02 ^ fp_adder/adder/adder/_1447_/A1 (NAND2_X1)
                  0.02    0.02    1.04 v fp_adder/adder/adder/_1447_/ZN (NAND2_X1)
     2    3.31                           fp_adder/adder/adder/_0550_ (net)
                  0.02    0.00    1.04 v fp_adder/adder/adder/_1454_/A1 (NAND2_X1)
                  0.01    0.02    1.06 ^ fp_adder/adder/adder/_1454_/ZN (NAND2_X1)
     1    1.68                           fp_adder/adder/adder/_0557_ (net)
                  0.01    0.00    1.06 ^ fp_adder/adder/adder/_1463_/A1 (NAND2_X1)
                  0.01    0.02    1.08 v fp_adder/adder/adder/_1463_/ZN (NAND2_X1)
     2    3.67                           fp_adder/adder/adder/_0566_ (net)
                  0.01    0.00    1.08 v fp_adder/adder/adder/_1467_/A1 (NAND2_X1)
                  0.01    0.01    1.09 ^ fp_adder/adder/adder/_1467_/ZN (NAND2_X1)
     1    1.68                           fp_adder/adder/adder/_0570_ (net)
                  0.01    0.00    1.09 ^ fp_adder/adder/adder/_1476_/A1 (NAND2_X1)
                  0.01    0.01    1.10 v fp_adder/adder/adder/_1476_/ZN (NAND2_X1)
     1    1.46                           fp_adder/adder/adder/_0579_ (net)
                  0.01    0.00    1.10 v fp_adder/adder/adder/_1483_/A1 (NOR2_X1)
                  0.02    0.03    1.14 ^ fp_adder/adder/adder/_1483_/ZN (NOR2_X1)
     2    3.75                           fp_adder/adder/adder/_0586_ (net)
                  0.02    0.00    1.14 ^ fp_adder/adder/adder/_1574_/A2 (NAND2_X1)
                  0.01    0.02    1.15 v fp_adder/adder/adder/_1574_/ZN (NAND2_X1)
     1    1.46                           fp_adder/adder/adder/_0677_ (net)
                  0.01    0.00    1.15 v fp_adder/adder/adder/_1575_/A1 (NOR2_X1)
                  0.02    0.02    1.18 ^ fp_adder/adder/adder/_1575_/ZN (NOR2_X1)
     1    1.68                           fp_adder/adder/adder/_0678_ (net)
                  0.02    0.00    1.18 ^ fp_adder/adder/adder/_1645_/A1 (NAND3_X1)
                  0.01    0.03    1.20 v fp_adder/adder/adder/_1645_/ZN (NAND3_X1)
     1    3.52                           fp_adder/adder/adder/_0748_ (net)
                  0.01    0.00    1.20 v fp_adder/adder/adder/_1654_/A2 (NAND3_X2)
                  0.02    0.03    1.23 ^ fp_adder/adder/adder/_1654_/ZN (NAND3_X2)
     3    8.89                           fp_adder/adder/adder/_0757_ (net)
                  0.02    0.00    1.23 ^ fp_adder/adder/adder/_1846_/A1 (NAND4_X1)
                  0.02    0.03    1.26 v fp_adder/adder/adder/_1846_/ZN (NAND4_X1)
     1    1.74                           fp_adder/adder/adder/_0949_ (net)
                  0.02    0.00    1.26 v fp_adder/adder/adder/_1847_/A1 (NAND2_X1)
                  0.02    0.03    1.29 ^ fp_adder/adder/adder/_1847_/ZN (NAND2_X1)
     3    8.21                           fp_adder/adder/adder/_0950_ (net)
                  0.02    0.00    1.29 ^ fp_adder/adder/adder/_1957_/A1 (NAND2_X1)
                  0.01    0.02    1.31 v fp_adder/adder/adder/_1957_/ZN (NAND2_X1)
     1    3.06                           fp_adder/adder/adder/_1060_ (net)
                  0.01    0.00    1.31 v fp_adder/adder/adder/_1961_/A1 (NAND2_X2)
                  0.02    0.02    1.33 ^ fp_adder/adder/adder/_1961_/ZN (NAND2_X2)
     4   10.28                           fp_adder/adder/adder/_1064_ (net)
                  0.02    0.00    1.33 ^ fp_adder/adder/adder/_2069_/A1 (NAND2_X1)
                  0.01    0.02    1.35 v fp_adder/adder/adder/_2069_/ZN (NAND2_X1)
     1    3.19                           fp_adder/adder/adder/_0051_ (net)
                  0.01    0.00    1.35 v fp_adder/adder/adder/_2086_/A1 (NAND2_X2)
                  0.02    0.02    1.38 ^ fp_adder/adder/adder/_2086_/ZN (NAND2_X2)
     4   10.63                           fp_adder/adder/adder/_0069_ (net)
                  0.02    0.00    1.38 ^ fp_adder/adder/adder/_2260_/A1 (NAND2_X1)
                  0.01    0.01    1.39 v fp_adder/adder/adder/_2260_/ZN (NAND2_X1)
     1    1.65                           fp_adder/adder/adder/_0240_ (net)
                  0.01    0.00    1.39 v fp_adder/adder/adder/_2261_/A1 (NAND2_X1)
                  0.02    0.03    1.42 ^ fp_adder/adder/adder/_2261_/ZN (NAND2_X1)
     3    7.80                           fp_adder/adder/adder/_0241_ (net)
                  0.02    0.00    1.42 ^ fp_adder/adder/adder/_2266_/A1 (NAND2_X1)
                  0.01    0.02    1.44 v fp_adder/adder/adder/_2266_/ZN (NAND2_X1)
     1    1.83                           fp_adder/adder/adder/_0244_ (net)
                  0.01    0.00    1.44 v fp_adder/adder/adder/_2267_/A1 (NAND2_X1)
                  0.02    0.02    1.46 ^ fp_adder/adder/adder/_2267_/ZN (NAND2_X1)
     2    5.80                           fp_adder/adder/adder/_0245_ (net)
                  0.02    0.00    1.46 ^ fp_adder/adder/adder/_2270_/A1 (NAND2_X1)
                  0.01    0.02    1.48 v fp_adder/adder/adder/_2270_/ZN (NAND2_X1)
     2    3.18                           fp_adder/adder/adder/_0248_ (net)
                  0.01    0.00    1.48 v fp_adder/adder/adder/_2274_/A1 (NAND3_X1)
                  0.02    0.02    1.50 ^ fp_adder/adder/adder/_2274_/ZN (NAND3_X1)
     1    3.57                           fp_adder/adder/adder/_0252_ (net)
                  0.02    0.00    1.50 ^ fp_adder/adder/adder/_2275_/A2 (NAND2_X2)
                  0.01    0.02    1.53 v fp_adder/adder/adder/_2275_/ZN (NAND2_X2)
     4    8.71                           fp_adder/adder/mant_prenorm_d[43] (net)
                  0.01    0.00    1.53 v fp_adder/adder/norm/LOD/_177_/A2 (NOR2_X1)
                  0.02    0.04    1.56 ^ fp_adder/adder/norm/LOD/_177_/ZN (NOR2_X1)
     2    3.51                           fp_adder/adder/norm/LOD/_133_ (net)
                  0.02    0.00    1.56 ^ fp_adder/adder/norm/LOD/_178_/A2 (NAND2_X1)
                  0.02    0.03    1.59 v fp_adder/adder/norm/LOD/_178_/ZN (NAND2_X1)
     2    7.46                           fp_adder/adder/norm/LOD/_134_ (net)
                  0.02    0.00    1.59 v fp_adder/adder/norm/LOD/_179_/A (INV_X4)
                  0.01    0.01    1.61 ^ fp_adder/adder/norm/LOD/_179_/ZN (INV_X4)
     1    3.07                           fp_adder/adder/norm/LOD/_135_ (net)
                  0.01    0.00    1.61 ^ fp_adder/adder/norm/LOD/_187_/A1 (NAND2_X2)
                  0.01    0.02    1.63 v fp_adder/adder/norm/LOD/_187_/ZN (NAND2_X2)
     5    9.24                           fp_adder/adder/norm/LOD/_143_ (net)
                  0.01    0.00    1.63 v fp_adder/adder/norm/LOD/_200_/A1 (NOR2_X2)
                  0.03    0.05    1.67 ^ fp_adder/adder/norm/LOD/_200_/ZN (NOR2_X2)
     5   11.73                           fp_adder/adder/norm/LOD/_008_ (net)
                  0.03    0.00    1.67 ^ fp_adder/adder/norm/LOD/_207_/A1 (NAND2_X1)
                  0.02    0.03    1.70 v fp_adder/adder/norm/LOD/_207_/ZN (NAND2_X1)
     2    4.90                           fp_adder/adder/norm/LOD/_015_ (net)
                  0.02    0.00    1.70 v fp_adder/adder/norm/LOD/_292_/A (INV_X2)
                  0.01    0.02    1.72 ^ fp_adder/adder/norm/LOD/_292_/ZN (INV_X2)
     3    8.81                           fp_adder/adder/norm/Mant_leadingOne_D[4] (net)
                  0.01    0.00    1.72 ^ fp_adder/adder/norm/LOD/_295_/A1 (NAND2_X1)
                  0.01    0.01    1.74 v fp_adder/adder/norm/LOD/_295_/ZN (NAND2_X1)
     1    1.58                           fp_adder/adder/norm/LOD/_099_ (net)
                  0.01    0.00    1.74 v fp_adder/adder/norm/LOD/_296_/A3 (NAND3_X1)
                  0.02    0.03    1.76 ^ fp_adder/adder/norm/LOD/_296_/ZN (NAND3_X1)
     2    5.02                           fp_adder/adder/norm/Mant_leadingOne_D[2] (net)
                  0.02    0.00    1.76 ^ fp_adder/adder/norm/_1150_/A (INV_X1)
                  0.01    0.01    1.78 v fp_adder/adder/norm/_1150_/ZN (INV_X1)
     2    4.62                           fp_adder/adder/norm/_0101_ (net)
                  0.01    0.00    1.78 v fp_adder/adder/norm/_1151_/A1 (NAND2_X2)
                  0.02    0.02    1.80 ^ fp_adder/adder/norm/_1151_/ZN (NAND2_X2)
     3    9.20                           fp_adder/adder/norm/_0112_ (net)
                  0.02    0.00    1.80 ^ fp_adder/adder/norm/_1152_/A2 (NAND2_X1)
                  0.02    0.03    1.83 v fp_adder/adder/norm/_1152_/ZN (NAND2_X1)
     3    6.97                           fp_adder/adder/norm/_0123_ (net)
                  0.02    0.00    1.83 v fp_adder/adder/norm/_1158_/A1 (NOR2_X1)
                  0.02    0.04    1.87 ^ fp_adder/adder/norm/_1158_/ZN (NOR2_X1)
     2    3.71                           fp_adder/adder/norm/_0189_ (net)
                  0.02    0.00    1.87 ^ fp_adder/adder/norm/_1159_/A2 (NAND2_X1)
                  0.01    0.02    1.88 v fp_adder/adder/norm/_1159_/ZN (NAND2_X1)
     1    1.67                           fp_adder/adder/norm/_0200_ (net)
                  0.01    0.00    1.88 v fp_adder/adder/norm/_1163_/A1 (NAND2_X1)
                  0.01    0.01    1.90 ^ fp_adder/adder/norm/_1163_/ZN (NAND2_X1)
     1    1.70                           fp_adder/adder/norm/_0239_ (net)
                  0.01    0.00    1.90 ^ fp_adder/adder/norm/_1186_/A1 (NAND2_X1)
                  0.01    0.01    1.91 v fp_adder/adder/norm/_1186_/ZN (NAND2_X1)
     1    1.63                           fp_adder/adder/norm/_0282_ (net)
                  0.01    0.00    1.91 v fp_adder/adder/norm/_1194_/A1 (NAND2_X1)
                  0.01    0.02    1.93 ^ fp_adder/adder/norm/_1194_/ZN (NAND2_X1)
     1    3.25                           fp_adder/adder/norm/_0290_ (net)
                  0.01    0.00    1.93 ^ fp_adder/adder/norm/_1198_/A1 (NAND2_X2)
                  0.01    0.02    1.95 v fp_adder/adder/norm/_1198_/ZN (NAND2_X2)
     4   10.96                           fp_adder/adder/norm/_0294_ (net)
                  0.01    0.00    1.95 v fp_adder/adder/norm/_1211_/A1 (NAND2_X4)
                  0.03    0.04    1.99 ^ fp_adder/adder/norm/_1211_/ZN (NAND2_X4)
    13   50.38                           fp_adder/adder/norm/_0307_ (net)
                  0.03    0.00    1.99 ^ fp_adder/adder/norm/_1215_/A1 (NAND2_X1)
                  0.02    0.03    2.02 v fp_adder/adder/norm/_1215_/ZN (NAND2_X1)
     1    5.76                           fp_adder/adder/norm/_0311_ (net)
                  0.02    0.00    2.02 v fp_adder/adder/norm/_1217_/A1 (NAND2_X4)
                  0.07    0.08    2.10 ^ fp_adder/adder/norm/_1217_/ZN (NAND2_X4)
    52  134.41                           fp_adder/adder/norm/_0313_ (net)
                  0.08    0.01    2.11 ^ fp_adder/adder/norm/_1221_/A2 (NAND3_X2)
                  0.02    0.04    2.15 v fp_adder/adder/norm/_1221_/ZN (NAND3_X2)
     3    7.97                           fp_adder/adder/norm/_0317_ (net)
                  0.02    0.00    2.15 v fp_adder/adder/norm/_1236_/A1 (NAND3_X1)
                  0.02    0.03    2.19 ^ fp_adder/adder/norm/_1236_/ZN (NAND3_X1)
     2    5.33                           fp_adder/adder/norm/_0332_ (net)
                  0.02    0.00    2.19 ^ fp_adder/adder/norm/_1238_/A1 (NAND2_X1)
                  0.01    0.03    2.21 v fp_adder/adder/norm/_1238_/ZN (NAND2_X1)
     1    5.84                           fp_adder/adder/norm/_0334_ (net)
                  0.01    0.00    2.21 v fp_adder/adder/norm/_1240_/A1 (NAND2_X4)
                  0.08    0.10    2.31 ^ fp_adder/adder/norm/_1240_/ZN (NAND2_X4)
    75  148.82                           fp_adder/adder/norm/_0336_ (net)
                  0.08    0.01    2.32 ^ fp_adder/adder/norm/_1269_/A1 (AND2_X4)
                  0.04    0.08    2.40 ^ fp_adder/adder/norm/_1269_/ZN (AND2_X4)
    26   60.15                           fp_adder/adder/norm/_0365_ (net)
                  0.04    0.00    2.40 ^ fp_adder/adder/norm/_1615_/A1 (NAND2_X1)
                  0.02    0.03    2.43 v fp_adder/adder/norm/_1615_/ZN (NAND2_X1)
     4    6.59                           fp_adder/adder/norm/_0711_ (net)
                  0.02    0.00    2.43 v fp_adder/adder/norm/_1890_/A2 (NAND2_X1)
                  0.01    0.02    2.45 ^ fp_adder/adder/norm/_1890_/ZN (NAND2_X1)
     1    1.72                           fp_adder/adder/norm/_0986_ (net)
                  0.01    0.00    2.45 ^ fp_adder/adder/norm/_1891_/A1 (NAND2_X1)
                  0.02    0.01    2.46 v fp_adder/adder/norm/_1891_/ZN (NAND2_X1)
     1    1.61                           fp_adder/adder/norm/_0987_ (net)
                  0.02    0.00    2.46 v fp_adder/adder/norm/_1892_/A3 (NAND3_X1)
                  0.02    0.03    2.49 ^ fp_adder/adder/norm/_1892_/ZN (NAND3_X1)
     2    4.79                           fp_adder/adder/norm/_0988_ (net)
                  0.02    0.00    2.49 ^ fp_adder/adder/norm/_1895_/A1 (NAND2_X1)
                  0.01    0.02    2.51 v fp_adder/adder/norm/_1895_/ZN (NAND2_X1)
     1    1.65                           fp_adder/adder/norm/_0991_ (net)
                  0.01    0.00    2.51 v fp_adder/adder/norm/_1896_/A1 (NAND2_X1)
                  0.01    0.01    2.52 ^ fp_adder/adder/norm/_1896_/ZN (NAND2_X1)
     1    1.82                           fp_adder/adder/norm/_0992_ (net)
                  0.01    0.00    2.52 ^ fp_adder/adder/norm/_1902_/A1 (NAND2_X1)
                  0.01    0.01    2.54 v fp_adder/adder/norm/_1902_/ZN (NAND2_X1)
     1    2.14                           fp_adder/adder/norm/_0998_ (net)
                  0.01    0.00    2.54 v fp_adder/adder/norm/_1909_/A1 (NOR2_X1)
                  0.04    0.05    2.59 ^ fp_adder/adder/norm/_1909_/ZN (NOR2_X1)
     2    7.88                           fp_adder/adder/norm/_1005_ (net)
                  0.04    0.00    2.59 ^ fp_adder/adder/norm/_1925_/A1 (NAND2_X1)
                  0.01    0.02    2.61 v fp_adder/adder/norm/_1925_/ZN (NAND2_X1)
     1    1.48                           fp_adder/adder/norm/_1021_ (net)
                  0.01    0.00    2.61 v fp_adder/adder/norm/_1957_/A1 (NOR2_X1)
                  0.02    0.03    2.64 ^ fp_adder/adder/norm/_1957_/ZN (NOR2_X1)
     1    3.45                           fp_adder/adder/norm/_1053_ (net)
                  0.02    0.00    2.64 ^ fp_adder/adder/norm/_1991_/A2 (NAND3_X2)
                  0.02    0.04    2.68 v fp_adder/adder/norm/_1991_/ZN (NAND3_X2)
     5   11.94                           fp_adder/adder/norm/_1087_ (net)
                  0.02    0.00    2.68 v fp_adder/adder/norm/_1992_/A2 (NOR2_X2)
                  0.04    0.06    2.74 ^ fp_adder/adder/norm/_1992_/ZN (NOR2_X2)
     6   13.70                           fp_adder/adder/norm/_1088_ (net)
                  0.04    0.00    2.74 ^ fp_adder/adder/norm/_2078_/A1 (NAND4_X1)
                  0.02    0.03    2.77 v fp_adder/adder/norm/_2078_/ZN (NAND4_X1)
     1    1.75                           fp_adder/adder/norm/_0039_ (net)
                  0.02    0.00    2.77 v fp_adder/adder/norm/_2079_/A1 (NAND2_X1)
                  0.02    0.03    2.81 ^ fp_adder/adder/norm/_2079_/ZN (NAND2_X1)
     3    6.13                           fp_adder/adder/norm/_0040_ (net)
                  0.02    0.00    2.81 ^ fp_adder/adder/norm/_2089_/A1 (NAND2_X1)
                  0.01    0.02    2.82 v fp_adder/adder/norm/_2089_/ZN (NAND2_X1)
     1    1.63                           fp_adder/adder/norm/_0049_ (net)
                  0.01    0.00    2.82 v fp_adder/adder/norm/_2093_/A1 (NAND2_X1)
                  0.02    0.02    2.85 ^ fp_adder/adder/norm/_2093_/ZN (NAND2_X1)
     3    6.05                           fp_adder/adder/norm/_0054_ (net)
                  0.02    0.00    2.85 ^ fp_adder/adder/norm/_2104_/A1 (NAND2_X1)
                  0.01    0.02    2.86 v fp_adder/adder/norm/_2104_/ZN (NAND2_X1)
     1    1.72                           fp_adder/adder/norm/_0064_ (net)
                  0.01    0.00    2.86 v fp_adder/adder/norm/_2106_/A1 (NAND2_X1)
                  0.02    0.03    2.89 ^ fp_adder/adder/norm/_2106_/ZN (NAND2_X1)
     2    6.15                           fp_adder/adder/norm/_0066_ (net)
                  0.02    0.00    2.89 ^ fp_adder/adder/norm/_2112_/A1 (NAND2_X1)
                  0.01    0.02    2.91 v fp_adder/adder/norm/_2112_/ZN (NAND2_X1)
     2    3.18                           fp_adder/adder/norm/_0072_ (net)
                  0.01    0.00    2.91 v fp_adder/adder/norm/_2113_/A1 (NAND2_X1)
                  0.01    0.01    2.92 ^ fp_adder/adder/norm/_2113_/ZN (NAND2_X1)
     1    1.61                           fp_adder/adder/norm/_0073_ (net)
                  0.01    0.00    2.92 ^ fp_adder/adder/norm/_2116_/A1 (NAND2_X1)
                  0.01    0.01    2.93 v fp_adder/adder/norm/_2116_/ZN (NAND2_X1)
     1    1.60                           fp_adder/adder/norm/_0076_ (net)
                  0.01    0.00    2.93 v fp_adder/adder/norm/_2119_/A1 (NAND2_X1)
                  0.02    0.02    2.95 ^ fp_adder/adder/norm/_2119_/ZN (NAND2_X1)
     2    4.78                           result_int_d[30] (net)
                  0.02    0.00    2.95 ^ _499_/A4 (NAND4_X1)
                  0.03    0.03    2.99 v _499_/ZN (NAND4_X1)
     1    1.78                           _178_ (net)
                  0.03    0.00    2.99 v _500_/A2 (NAND2_X1)
                  0.01    0.02    3.01 ^ _500_/ZN (NAND2_X1)
     1    1.18                           _030_ (net)
                  0.01    0.00    3.01 ^ _539_/D (DFFR_X1)
                                  3.01   data arrival time

                  0.00    3.00    3.00   clock clk_i (rise edge)
                          0.00    3.00   clock network delay (ideal)
                          0.00    3.00   clock reconvergence pessimism
                                  3.00 ^ _539_/CK (DFFR_X1)
                         -0.03    2.97   library setup time
                                  2.97   data required time
-----------------------------------------------------------------------------
                                  2.97   data required time
                                 -3.01   data arrival time
-----------------------------------------------------------------------------
                                 -0.04   slack (VIOLATED)



==========================================================================
resizer report_checks -unconstrained
--------------------------------------------------------------------------
Startpoint: rst_ni (input port clocked by clk_i)
Endpoint: _553_ (recovery check against rising-edge clock clk_i)
Path Group: **async_default**
Path Type: max

Fanout     Cap    Slew   Delay    Time   Description
-----------------------------------------------------------------------------
                  0.00    0.00    0.00   clock clk_i (rise edge)
                          0.00    0.00   clock network delay (ideal)
                          0.30    0.30 ^ input external delay
                  0.00    0.00    0.30 ^ rst_ni (in)
     1   26.88                           rst_ni (net)
                  0.00    0.00    0.30 ^ input11/A (BUF_X32)
                  0.01    0.02    0.32 ^ input11/Z (BUF_X32)
   102  244.50                           net11 (net)
                  0.04    0.03    0.35 ^ _553_/RN (DFFR_X1)
                                  0.35   data arrival time

                  0.00    3.00    3.00   clock clk_i (rise edge)
                          0.00    3.00   clock network delay (ideal)
                          0.00    3.00   clock reconvergence pessimism
                                  3.00 ^ _553_/CK (DFFR_X1)
                          0.05    3.05   library recovery time
                                  3.05   data required time
-----------------------------------------------------------------------------
                                  3.05   data required time
                                 -0.35   data arrival time
-----------------------------------------------------------------------------
                                  2.70   slack (MET)


Startpoint: lut/gen_sub_units_scm[2].sub_unit_i/_2830_
            (negative level-sensitive latch clocked by clk_i)
Endpoint: lut/gen_sub_units_scm[2].sub_unit_i/_2387_
          (rising clock gating-check end-point clocked by clk_i)
Path Group: **clock_gating_default**
Path Type: max

Fanout     Cap    Slew   Delay    Time   Description
-----------------------------------------------------------------------------
                  0.00    1.50    1.50   clock clk_i (fall edge)
                          0.00    1.50   clock network delay (ideal)
                  0.00    0.00    1.50 v lut/gen_sub_units_scm[2].sub_unit_i/_2830_/GN (DLL_X1)
                  0.01    0.07    1.57 v lut/gen_sub_units_scm[2].sub_unit_i/_2830_/Q (DLL_X1)
     1    2.77                           lut/gen_sub_units_scm[2].sub_unit_i/gen_cg_word_iter[22].cg_i.en_latch (net)
                  0.01    0.00    1.57 v lut/gen_sub_units_scm[2].sub_unit_i/_2387_/A2 (AND2_X1)
                                  1.57   data arrival time

                  0.00    3.00    3.00   clock clk_i (rise edge)
                          0.00    3.00   clock network delay (ideal)
                          0.00    3.00   clock reconvergence pessimism
                                  3.00 ^ lut/gen_sub_units_scm[2].sub_unit_i/_2387_/A1 (AND2_X1)
                          0.00    3.00   clock gating setup time
                                  3.00   data required time
-----------------------------------------------------------------------------
                                  3.00   data required time
                                 -1.57   data arrival time
-----------------------------------------------------------------------------
                                  1.43   slack (MET)


Startpoint: _547_ (rising edge-triggered flip-flop clocked by clk_i)
Endpoint: _539_ (rising edge-triggered flip-flop clocked by clk_i)
Path Group: clk_i
Path Type: max

Fanout     Cap    Slew   Delay    Time   Description
-----------------------------------------------------------------------------
                  0.00    0.00    0.00   clock clk_i (rise edge)
                          0.00    0.00   clock network delay (ideal)
                  0.00    0.00    0.00 ^ _547_/CK (DFFR_X1)
                  0.01    0.10    0.10 v _547_/Q (DFFR_X1)
     3    8.39                           rdata_o_q[6] (net)
                  0.01    0.00    0.10 v fp_adder/converter/_174_/A2 (NOR2_X2)
                  0.03    0.04    0.14 ^ fp_adder/converter/_174_/ZN (NOR2_X2)
     2    8.88                           fp_adder/converter/_107_ (net)
                  0.03    0.00    0.14 ^ fp_adder/converter/_175_/A2 (NAND2_X1)
                  0.02    0.03    0.17 v fp_adder/converter/_175_/ZN (NAND2_X1)
     2    6.31                           fp_adder/converter/_108_ (net)
                  0.02    0.00    0.17 v fp_adder/converter/_193_/A2 (NOR2_X2)
                  0.03    0.05    0.22 ^ fp_adder/converter/_193_/ZN (NOR2_X2)
     3   11.85                           fp_adder/converter/_126_ (net)
                  0.03    0.00    0.22 ^ fp_adder/converter/_196_/A1 (NAND2_X4)
                  0.02    0.03    0.25 v fp_adder/converter/_196_/ZN (NAND2_X4)
    13   30.35                           fp_adder/converter/_129_ (net)
                  0.02    0.00    0.25 v fp_adder/converter/_199_/A2 (NAND2_X4)
                  0.02    0.04    0.29 ^ fp_adder/converter/_199_/ZN (NAND2_X4)
    14   29.65                           fp_adder/converter/_132_ (net)
                  0.02    0.00    0.29 ^ fp_adder/converter/_233_/A1 (NAND2_X2)
                  0.01    0.03    0.32 v fp_adder/converter/_233_/ZN (NAND2_X2)
     4   10.69                           fp_adder/converter/_006_ (net)
                  0.01    0.00    0.32 v fp_adder/converter/_326_/B1 (AOI21_X1)
                  0.02    0.03    0.34 ^ fp_adder/converter/_326_/ZN (AOI21_X1)
     1    1.72                           fp_adder/converter/_089_ (net)
                  0.02    0.00    0.34 ^ fp_adder/converter/_327_/A (OAI21_X1)
                  0.01    0.02    0.37 v fp_adder/converter/_327_/ZN (OAI21_X1)
     1    1.60                           fp_adder/converter/_090_ (net)
                  0.01    0.00    0.37 v fp_adder/converter/_328_/A1 (NAND2_X1)
                  0.02    0.03    0.40 ^ fp_adder/converter/_328_/ZN (NAND2_X1)
     3    8.14                           fp_adder/operand_fp16_fp32[25] (net)
                  0.02    0.00    0.40 ^ fp_adder/adder/adder/_1255_/A (INV_X1)
                  0.01    0.02    0.41 v fp_adder/adder/adder/_1255_/ZN (INV_X1)
     2    5.04                           fp_adder/adder/adder/_0367_ (net)
                  0.01    0.00    0.41 v fp_adder/adder/adder/_1256_/A1 (NAND2_X1)
                  0.02    0.02    0.44 ^ fp_adder/adder/adder/_1256_/ZN (NAND2_X1)
     3    5.38                           fp_adder/adder/adder/_0368_ (net)
                  0.02    0.00    0.44 ^ fp_adder/adder/adder/_1259_/A1 (NAND2_X1)
                  0.01    0.02    0.46 v fp_adder/adder/adder/_1259_/ZN (NAND2_X1)
     2    3.21                           fp_adder/adder/adder/_0371_ (net)
                  0.01    0.00    0.46 v fp_adder/adder/adder/_1260_/A2 (NOR2_X1)
                  0.02    0.04    0.49 ^ fp_adder/adder/adder/_1260_/ZN (NOR2_X1)
     2    3.44                           fp_adder/adder/adder/_0372_ (net)
                  0.02    0.00    0.49 ^ fp_adder/adder/adder/_1261_/A2 (NAND2_X1)
                  0.02    0.02    0.52 v fp_adder/adder/adder/_1261_/ZN (NAND2_X1)
     2    3.59                           fp_adder/adder/adder/_0373_ (net)
                  0.02    0.00    0.52 v fp_adder/adder/adder/_1265_/A1 (NAND2_X1)
                  0.02    0.03    0.55 ^ fp_adder/adder/adder/_1265_/ZN (NAND2_X1)
     3    7.73                           fp_adder/adder/adder/_0377_ (net)
                  0.02    0.00    0.55 ^ fp_adder/adder/adder/_1298_/A1 (NAND2_X2)
                  0.02    0.03    0.57 v fp_adder/adder/adder/_1298_/ZN (NAND2_X2)
     4   12.29                           fp_adder/adder/adder/_0409_ (net)
                  0.02    0.00    0.58 v fp_adder/adder/adder/_1305_/A1 (NAND2_X4)
                  0.11    0.13    0.70 ^ fp_adder/adder/adder/_1305_/ZN (NAND2_X4)
    84  192.39                           fp_adder/adder/adder/_0416_ (net)
                  0.11    0.00    0.70 ^ fp_adder/adder/adder/_1323_/A (INV_X8)
                  0.03    0.04    0.74 v fp_adder/adder/adder/_1323_/ZN (INV_X8)
    42   90.40                           fp_adder/adder/adder/_0434_ (net)
                  0.03    0.00    0.74 v fp_adder/adder/adder/_1357_/A2 (NAND2_X1)
                  0.02    0.04    0.78 ^ fp_adder/adder/adder/_1357_/ZN (NAND2_X1)
     1    6.07                           fp_adder/adder/adder/_0468_ (net)
                  0.02    0.00    0.78 ^ fp_adder/adder/adder/_1362_/A1 (NAND2_X4)
                  0.03    0.04    0.82 v fp_adder/adder/adder/_1362_/ZN (NAND2_X4)
    27   54.21                           fp_adder/adder/adder/_0473_ (net)
                  0.03    0.01    0.83 v fp_adder/adder/adder/_1427_/A (INV_X4)
                  0.03    0.05    0.87 ^ fp_adder/adder/adder/_1427_/ZN (INV_X4)
    24   47.74                           fp_adder/adder/adder/_0530_ (net)
                  0.03    0.00    0.88 ^ fp_adder/adder/adder/_1431_/A2 (NAND3_X1)
                  0.02    0.03    0.91 v fp_adder/adder/adder/_1431_/ZN (NAND3_X1)
     2    3.21                           fp_adder/adder/adder/_0534_ (net)
                  0.02    0.00    0.91 v fp_adder/adder/adder/_1433_/A1 (NAND2_X1)
                  0.01    0.02    0.93 ^ fp_adder/adder/adder/_1433_/ZN (NAND2_X1)
     2    3.87                           fp_adder/adder/adder/_0536_ (net)
                  0.01    0.00    0.93 ^ fp_adder/adder/adder/_1434_/A (INV_X1)
                  0.01    0.01    0.94 v fp_adder/adder/adder/_1434_/ZN (INV_X1)
     1    1.62                           fp_adder/adder/adder/_0537_ (net)
                  0.01    0.00    0.94 v fp_adder/adder/adder/_1435_/A1 (NAND2_X1)
                  0.02    0.03    0.96 ^ fp_adder/adder/adder/_1435_/ZN (NAND2_X1)
     2    7.90                           fp_adder/adder/adder/_0538_ (net)
                  0.02    0.00    0.96 ^ fp_adder/adder/adder/_1439_/A1 (NAND2_X4)
                  0.02    0.03    1.00 v fp_adder/adder/adder/_1439_/ZN (NAND2_X4)
    20   34.22                           fp_adder/adder/adder/_0542_ (net)
                  0.02    0.00    1.00 v fp_adder/adder/adder/_1443_/A1 (NAND2_X1)
                  0.01    0.02    1.02 ^ fp_adder/adder/adder/_1443_/ZN (NAND2_X1)
     2    3.49                           fp_adder/adder/adder/_0546_ (net)
                  0.01    0.00    1.02 ^ fp_adder/adder/adder/_1447_/A1 (NAND2_X1)
                  0.02    0.02    1.04 v fp_adder/adder/adder/_1447_/ZN (NAND2_X1)
     2    3.31                           fp_adder/adder/adder/_0550_ (net)
                  0.02    0.00    1.04 v fp_adder/adder/adder/_1454_/A1 (NAND2_X1)
                  0.01    0.02    1.06 ^ fp_adder/adder/adder/_1454_/ZN (NAND2_X1)
     1    1.68                           fp_adder/adder/adder/_0557_ (net)
                  0.01    0.00    1.06 ^ fp_adder/adder/adder/_1463_/A1 (NAND2_X1)
                  0.01    0.02    1.08 v fp_adder/adder/adder/_1463_/ZN (NAND2_X1)
     2    3.67                           fp_adder/adder/adder/_0566_ (net)
                  0.01    0.00    1.08 v fp_adder/adder/adder/_1467_/A1 (NAND2_X1)
                  0.01    0.01    1.09 ^ fp_adder/adder/adder/_1467_/ZN (NAND2_X1)
     1    1.68                           fp_adder/adder/adder/_0570_ (net)
                  0.01    0.00    1.09 ^ fp_adder/adder/adder/_1476_/A1 (NAND2_X1)
                  0.01    0.01    1.10 v fp_adder/adder/adder/_1476_/ZN (NAND2_X1)
     1    1.46                           fp_adder/adder/adder/_0579_ (net)
                  0.01    0.00    1.10 v fp_adder/adder/adder/_1483_/A1 (NOR2_X1)
                  0.02    0.03    1.14 ^ fp_adder/adder/adder/_1483_/ZN (NOR2_X1)
     2    3.75                           fp_adder/adder/adder/_0586_ (net)
                  0.02    0.00    1.14 ^ fp_adder/adder/adder/_1574_/A2 (NAND2_X1)
                  0.01    0.02    1.15 v fp_adder/adder/adder/_1574_/ZN (NAND2_X1)
     1    1.46                           fp_adder/adder/adder/_0677_ (net)
                  0.01    0.00    1.15 v fp_adder/adder/adder/_1575_/A1 (NOR2_X1)
                  0.02    0.02    1.18 ^ fp_adder/adder/adder/_1575_/ZN (NOR2_X1)
     1    1.68                           fp_adder/adder/adder/_0678_ (net)
                  0.02    0.00    1.18 ^ fp_adder/adder/adder/_1645_/A1 (NAND3_X1)
                  0.01    0.03    1.20 v fp_adder/adder/adder/_1645_/ZN (NAND3_X1)
     1    3.52                           fp_adder/adder/adder/_0748_ (net)
                  0.01    0.00    1.20 v fp_adder/adder/adder/_1654_/A2 (NAND3_X2)
                  0.02    0.03    1.23 ^ fp_adder/adder/adder/_1654_/ZN (NAND3_X2)
     3    8.89                           fp_adder/adder/adder/_0757_ (net)
                  0.02    0.00    1.23 ^ fp_adder/adder/adder/_1846_/A1 (NAND4_X1)
                  0.02    0.03    1.26 v fp_adder/adder/adder/_1846_/ZN (NAND4_X1)
     1    1.74                           fp_adder/adder/adder/_0949_ (net)
                  0.02    0.00    1.26 v fp_adder/adder/adder/_1847_/A1 (NAND2_X1)
                  0.02    0.03    1.29 ^ fp_adder/adder/adder/_1847_/ZN (NAND2_X1)
     3    8.21                           fp_adder/adder/adder/_0950_ (net)
                  0.02    0.00    1.29 ^ fp_adder/adder/adder/_1957_/A1 (NAND2_X1)
                  0.01    0.02    1.31 v fp_adder/adder/adder/_1957_/ZN (NAND2_X1)
     1    3.06                           fp_adder/adder/adder/_1060_ (net)
                  0.01    0.00    1.31 v fp_adder/adder/adder/_1961_/A1 (NAND2_X2)
                  0.02    0.02    1.33 ^ fp_adder/adder/adder/_1961_/ZN (NAND2_X2)
     4   10.28                           fp_adder/adder/adder/_1064_ (net)
                  0.02    0.00    1.33 ^ fp_adder/adder/adder/_2069_/A1 (NAND2_X1)
                  0.01    0.02    1.35 v fp_adder/adder/adder/_2069_/ZN (NAND2_X1)
     1    3.19                           fp_adder/adder/adder/_0051_ (net)
                  0.01    0.00    1.35 v fp_adder/adder/adder/_2086_/A1 (NAND2_X2)
                  0.02    0.02    1.38 ^ fp_adder/adder/adder/_2086_/ZN (NAND2_X2)
     4   10.63                           fp_adder/adder/adder/_0069_ (net)
                  0.02    0.00    1.38 ^ fp_adder/adder/adder/_2260_/A1 (NAND2_X1)
                  0.01    0.01    1.39 v fp_adder/adder/adder/_2260_/ZN (NAND2_X1)
     1    1.65                           fp_adder/adder/adder/_0240_ (net)
                  0.01    0.00    1.39 v fp_adder/adder/adder/_2261_/A1 (NAND2_X1)
                  0.02    0.03    1.42 ^ fp_adder/adder/adder/_2261_/ZN (NAND2_X1)
     3    7.80                           fp_adder/adder/adder/_0241_ (net)
                  0.02    0.00    1.42 ^ fp_adder/adder/adder/_2266_/A1 (NAND2_X1)
                  0.01    0.02    1.44 v fp_adder/adder/adder/_2266_/ZN (NAND2_X1)
     1    1.83                           fp_adder/adder/adder/_0244_ (net)
                  0.01    0.00    1.44 v fp_adder/adder/adder/_2267_/A1 (NAND2_X1)
                  0.02    0.02    1.46 ^ fp_adder/adder/adder/_2267_/ZN (NAND2_X1)
     2    5.80                           fp_adder/adder/adder/_0245_ (net)
                  0.02    0.00    1.46 ^ fp_adder/adder/adder/_2270_/A1 (NAND2_X1)
                  0.01    0.02    1.48 v fp_adder/adder/adder/_2270_/ZN (NAND2_X1)
     2    3.18                           fp_adder/adder/adder/_0248_ (net)
                  0.01    0.00    1.48 v fp_adder/adder/adder/_2274_/A1 (NAND3_X1)
                  0.02    0.02    1.50 ^ fp_adder/adder/adder/_2274_/ZN (NAND3_X1)
     1    3.57                           fp_adder/adder/adder/_0252_ (net)
                  0.02    0.00    1.50 ^ fp_adder/adder/adder/_2275_/A2 (NAND2_X2)
                  0.01    0.02    1.53 v fp_adder/adder/adder/_2275_/ZN (NAND2_X2)
     4    8.71                           fp_adder/adder/mant_prenorm_d[43] (net)
                  0.01    0.00    1.53 v fp_adder/adder/norm/LOD/_177_/A2 (NOR2_X1)
                  0.02    0.04    1.56 ^ fp_adder/adder/norm/LOD/_177_/ZN (NOR2_X1)
     2    3.51                           fp_adder/adder/norm/LOD/_133_ (net)
                  0.02    0.00    1.56 ^ fp_adder/adder/norm/LOD/_178_/A2 (NAND2_X1)
                  0.02    0.03    1.59 v fp_adder/adder/norm/LOD/_178_/ZN (NAND2_X1)
     2    7.46                           fp_adder/adder/norm/LOD/_134_ (net)
                  0.02    0.00    1.59 v fp_adder/adder/norm/LOD/_179_/A (INV_X4)
                  0.01    0.01    1.61 ^ fp_adder/adder/norm/LOD/_179_/ZN (INV_X4)
     1    3.07                           fp_adder/adder/norm/LOD/_135_ (net)
                  0.01    0.00    1.61 ^ fp_adder/adder/norm/LOD/_187_/A1 (NAND2_X2)
                  0.01    0.02    1.63 v fp_adder/adder/norm/LOD/_187_/ZN (NAND2_X2)
     5    9.24                           fp_adder/adder/norm/LOD/_143_ (net)
                  0.01    0.00    1.63 v fp_adder/adder/norm/LOD/_200_/A1 (NOR2_X2)
                  0.03    0.05    1.67 ^ fp_adder/adder/norm/LOD/_200_/ZN (NOR2_X2)
     5   11.73                           fp_adder/adder/norm/LOD/_008_ (net)
                  0.03    0.00    1.67 ^ fp_adder/adder/norm/LOD/_207_/A1 (NAND2_X1)
                  0.02    0.03    1.70 v fp_adder/adder/norm/LOD/_207_/ZN (NAND2_X1)
     2    4.90                           fp_adder/adder/norm/LOD/_015_ (net)
                  0.02    0.00    1.70 v fp_adder/adder/norm/LOD/_292_/A (INV_X2)
                  0.01    0.02    1.72 ^ fp_adder/adder/norm/LOD/_292_/ZN (INV_X2)
     3    8.81                           fp_adder/adder/norm/Mant_leadingOne_D[4] (net)
                  0.01    0.00    1.72 ^ fp_adder/adder/norm/LOD/_295_/A1 (NAND2_X1)
                  0.01    0.01    1.74 v fp_adder/adder/norm/LOD/_295_/ZN (NAND2_X1)
     1    1.58                           fp_adder/adder/norm/LOD/_099_ (net)
                  0.01    0.00    1.74 v fp_adder/adder/norm/LOD/_296_/A3 (NAND3_X1)
                  0.02    0.03    1.76 ^ fp_adder/adder/norm/LOD/_296_/ZN (NAND3_X1)
     2    5.02                           fp_adder/adder/norm/Mant_leadingOne_D[2] (net)
                  0.02    0.00    1.76 ^ fp_adder/adder/norm/_1150_/A (INV_X1)
                  0.01    0.01    1.78 v fp_adder/adder/norm/_1150_/ZN (INV_X1)
     2    4.62                           fp_adder/adder/norm/_0101_ (net)
                  0.01    0.00    1.78 v fp_adder/adder/norm/_1151_/A1 (NAND2_X2)
                  0.02    0.02    1.80 ^ fp_adder/adder/norm/_1151_/ZN (NAND2_X2)
     3    9.20                           fp_adder/adder/norm/_0112_ (net)
                  0.02    0.00    1.80 ^ fp_adder/adder/norm/_1152_/A2 (NAND2_X1)
                  0.02    0.03    1.83 v fp_adder/adder/norm/_1152_/ZN (NAND2_X1)
     3    6.97                           fp_adder/adder/norm/_0123_ (net)
                  0.02    0.00    1.83 v fp_adder/adder/norm/_1158_/A1 (NOR2_X1)
                  0.02    0.04    1.87 ^ fp_adder/adder/norm/_1158_/ZN (NOR2_X1)
     2    3.71                           fp_adder/adder/norm/_0189_ (net)
                  0.02    0.00    1.87 ^ fp_adder/adder/norm/_1159_/A2 (NAND2_X1)
                  0.01    0.02    1.88 v fp_adder/adder/norm/_1159_/ZN (NAND2_X1)
     1    1.67                           fp_adder/adder/norm/_0200_ (net)
                  0.01    0.00    1.88 v fp_adder/adder/norm/_1163_/A1 (NAND2_X1)
                  0.01    0.01    1.90 ^ fp_adder/adder/norm/_1163_/ZN (NAND2_X1)
     1    1.70                           fp_adder/adder/norm/_0239_ (net)
                  0.01    0.00    1.90 ^ fp_adder/adder/norm/_1186_/A1 (NAND2_X1)
                  0.01    0.01    1.91 v fp_adder/adder/norm/_1186_/ZN (NAND2_X1)
     1    1.63                           fp_adder/adder/norm/_0282_ (net)
                  0.01    0.00    1.91 v fp_adder/adder/norm/_1194_/A1 (NAND2_X1)
                  0.01    0.02    1.93 ^ fp_adder/adder/norm/_1194_/ZN (NAND2_X1)
     1    3.25                           fp_adder/adder/norm/_0290_ (net)
                  0.01    0.00    1.93 ^ fp_adder/adder/norm/_1198_/A1 (NAND2_X2)
                  0.01    0.02    1.95 v fp_adder/adder/norm/_1198_/ZN (NAND2_X2)
     4   10.96                           fp_adder/adder/norm/_0294_ (net)
                  0.01    0.00    1.95 v fp_adder/adder/norm/_1211_/A1 (NAND2_X4)
                  0.03    0.04    1.99 ^ fp_adder/adder/norm/_1211_/ZN (NAND2_X4)
    13   50.38                           fp_adder/adder/norm/_0307_ (net)
                  0.03    0.00    1.99 ^ fp_adder/adder/norm/_1215_/A1 (NAND2_X1)
                  0.02    0.03    2.02 v fp_adder/adder/norm/_1215_/ZN (NAND2_X1)
     1    5.76                           fp_adder/adder/norm/_0311_ (net)
                  0.02    0.00    2.02 v fp_adder/adder/norm/_1217_/A1 (NAND2_X4)
                  0.07    0.08    2.10 ^ fp_adder/adder/norm/_1217_/ZN (NAND2_X4)
    52  134.41                           fp_adder/adder/norm/_0313_ (net)
                  0.08    0.01    2.11 ^ fp_adder/adder/norm/_1221_/A2 (NAND3_X2)
                  0.02    0.04    2.15 v fp_adder/adder/norm/_1221_/ZN (NAND3_X2)
     3    7.97                           fp_adder/adder/norm/_0317_ (net)
                  0.02    0.00    2.15 v fp_adder/adder/norm/_1236_/A1 (NAND3_X1)
                  0.02    0.03    2.19 ^ fp_adder/adder/norm/_1236_/ZN (NAND3_X1)
     2    5.33                           fp_adder/adder/norm/_0332_ (net)
                  0.02    0.00    2.19 ^ fp_adder/adder/norm/_1238_/A1 (NAND2_X1)
                  0.01    0.03    2.21 v fp_adder/adder/norm/_1238_/ZN (NAND2_X1)
     1    5.84                           fp_adder/adder/norm/_0334_ (net)
                  0.01    0.00    2.21 v fp_adder/adder/norm/_1240_/A1 (NAND2_X4)
                  0.08    0.10    2.31 ^ fp_adder/adder/norm/_1240_/ZN (NAND2_X4)
    75  148.82                           fp_adder/adder/norm/_0336_ (net)
                  0.08    0.01    2.32 ^ fp_adder/adder/norm/_1269_/A1 (AND2_X4)
                  0.04    0.08    2.40 ^ fp_adder/adder/norm/_1269_/ZN (AND2_X4)
    26   60.15                           fp_adder/adder/norm/_0365_ (net)
                  0.04    0.00    2.40 ^ fp_adder/adder/norm/_1615_/A1 (NAND2_X1)
                  0.02    0.03    2.43 v fp_adder/adder/norm/_1615_/ZN (NAND2_X1)
     4    6.59                           fp_adder/adder/norm/_0711_ (net)
                  0.02    0.00    2.43 v fp_adder/adder/norm/_1890_/A2 (NAND2_X1)
                  0.01    0.02    2.45 ^ fp_adder/adder/norm/_1890_/ZN (NAND2_X1)
     1    1.72                           fp_adder/adder/norm/_0986_ (net)
                  0.01    0.00    2.45 ^ fp_adder/adder/norm/_1891_/A1 (NAND2_X1)
                  0.02    0.01    2.46 v fp_adder/adder/norm/_1891_/ZN (NAND2_X1)
     1    1.61                           fp_adder/adder/norm/_0987_ (net)
                  0.02    0.00    2.46 v fp_adder/adder/norm/_1892_/A3 (NAND3_X1)
                  0.02    0.03    2.49 ^ fp_adder/adder/norm/_1892_/ZN (NAND3_X1)
     2    4.79                           fp_adder/adder/norm/_0988_ (net)
                  0.02    0.00    2.49 ^ fp_adder/adder/norm/_1895_/A1 (NAND2_X1)
                  0.01    0.02    2.51 v fp_adder/adder/norm/_1895_/ZN (NAND2_X1)
     1    1.65                           fp_adder/adder/norm/_0991_ (net)
                  0.01    0.00    2.51 v fp_adder/adder/norm/_1896_/A1 (NAND2_X1)
                  0.01    0.01    2.52 ^ fp_adder/adder/norm/_1896_/ZN (NAND2_X1)
     1    1.82                           fp_adder/adder/norm/_0992_ (net)
                  0.01    0.00    2.52 ^ fp_adder/adder/norm/_1902_/A1 (NAND2_X1)
                  0.01    0.01    2.54 v fp_adder/adder/norm/_1902_/ZN (NAND2_X1)
     1    2.14                           fp_adder/adder/norm/_0998_ (net)
                  0.01    0.00    2.54 v fp_adder/adder/norm/_1909_/A1 (NOR2_X1)
                  0.04    0.05    2.59 ^ fp_adder/adder/norm/_1909_/ZN (NOR2_X1)
     2    7.88                           fp_adder/adder/norm/_1005_ (net)
                  0.04    0.00    2.59 ^ fp_adder/adder/norm/_1925_/A1 (NAND2_X1)
                  0.01    0.02    2.61 v fp_adder/adder/norm/_1925_/ZN (NAND2_X1)
     1    1.48                           fp_adder/adder/norm/_1021_ (net)
                  0.01    0.00    2.61 v fp_adder/adder/norm/_1957_/A1 (NOR2_X1)
                  0.02    0.03    2.64 ^ fp_adder/adder/norm/_1957_/ZN (NOR2_X1)
     1    3.45                           fp_adder/adder/norm/_1053_ (net)
                  0.02    0.00    2.64 ^ fp_adder/adder/norm/_1991_/A2 (NAND3_X2)
                  0.02    0.04    2.68 v fp_adder/adder/norm/_1991_/ZN (NAND3_X2)
     5   11.94                           fp_adder/adder/norm/_1087_ (net)
                  0.02    0.00    2.68 v fp_adder/adder/norm/_1992_/A2 (NOR2_X2)
                  0.04    0.06    2.74 ^ fp_adder/adder/norm/_1992_/ZN (NOR2_X2)
     6   13.70                           fp_adder/adder/norm/_1088_ (net)
                  0.04    0.00    2.74 ^ fp_adder/adder/norm/_2078_/A1 (NAND4_X1)
                  0.02    0.03    2.77 v fp_adder/adder/norm/_2078_/ZN (NAND4_X1)
     1    1.75                           fp_adder/adder/norm/_0039_ (net)
                  0.02    0.00    2.77 v fp_adder/adder/norm/_2079_/A1 (NAND2_X1)
                  0.02    0.03    2.81 ^ fp_adder/adder/norm/_2079_/ZN (NAND2_X1)
     3    6.13                           fp_adder/adder/norm/_0040_ (net)
                  0.02    0.00    2.81 ^ fp_adder/adder/norm/_2089_/A1 (NAND2_X1)
                  0.01    0.02    2.82 v fp_adder/adder/norm/_2089_/ZN (NAND2_X1)
     1    1.63                           fp_adder/adder/norm/_0049_ (net)
                  0.01    0.00    2.82 v fp_adder/adder/norm/_2093_/A1 (NAND2_X1)
                  0.02    0.02    2.85 ^ fp_adder/adder/norm/_2093_/ZN (NAND2_X1)
     3    6.05                           fp_adder/adder/norm/_0054_ (net)
                  0.02    0.00    2.85 ^ fp_adder/adder/norm/_2104_/A1 (NAND2_X1)
                  0.01    0.02    2.86 v fp_adder/adder/norm/_2104_/ZN (NAND2_X1)
     1    1.72                           fp_adder/adder/norm/_0064_ (net)
                  0.01    0.00    2.86 v fp_adder/adder/norm/_2106_/A1 (NAND2_X1)
                  0.02    0.03    2.89 ^ fp_adder/adder/norm/_2106_/ZN (NAND2_X1)
     2    6.15                           fp_adder/adder/norm/_0066_ (net)
                  0.02    0.00    2.89 ^ fp_adder/adder/norm/_2112_/A1 (NAND2_X1)
                  0.01    0.02    2.91 v fp_adder/adder/norm/_2112_/ZN (NAND2_X1)
     2    3.18                           fp_adder/adder/norm/_0072_ (net)
                  0.01    0.00    2.91 v fp_adder/adder/norm/_2113_/A1 (NAND2_X1)
                  0.01    0.01    2.92 ^ fp_adder/adder/norm/_2113_/ZN (NAND2_X1)
     1    1.61                           fp_adder/adder/norm/_0073_ (net)
                  0.01    0.00    2.92 ^ fp_adder/adder/norm/_2116_/A1 (NAND2_X1)
                  0.01    0.01    2.93 v fp_adder/adder/norm/_2116_/ZN (NAND2_X1)
     1    1.60                           fp_adder/adder/norm/_0076_ (net)
                  0.01    0.00    2.93 v fp_adder/adder/norm/_2119_/A1 (NAND2_X1)
                  0.02    0.02    2.95 ^ fp_adder/adder/norm/_2119_/ZN (NAND2_X1)
     2    4.78                           result_int_d[30] (net)
                  0.02    0.00    2.95 ^ _499_/A4 (NAND4_X1)
                  0.03    0.03    2.99 v _499_/ZN (NAND4_X1)
     1    1.78                           _178_ (net)
                  0.03    0.00    2.99 v _500_/A2 (NAND2_X1)
                  0.01    0.02    3.01 ^ _500_/ZN (NAND2_X1)
     1    1.18                           _030_ (net)
                  0.01    0.00    3.01 ^ _539_/D (DFFR_X1)
                                  3.01   data arrival time

                  0.00    3.00    3.00   clock clk_i (rise edge)
                          0.00    3.00   clock network delay (ideal)
                          0.00    3.00   clock reconvergence pessimism
                                  3.00 ^ _539_/CK (DFFR_X1)
                         -0.03    2.97   library setup time
                                  2.97   data required time
-----------------------------------------------------------------------------
                                  2.97   data required time
                                 -3.01   data arrival time
-----------------------------------------------------------------------------
                                 -0.04   slack (VIOLATED)



==========================================================================
resizer report_check_types -max_slew -max_cap -max_fanout -violators
--------------------------------------------------------------------------

==========================================================================
resizer max_slew_check_slack
--------------------------------------------------------------------------
0.05772034451365471

==========================================================================
resizer max_slew_check_limit
--------------------------------------------------------------------------
0.1985349953174591

==========================================================================
resizer max_slew_check_slack_limit
--------------------------------------------------------------------------
0.2907

==========================================================================
resizer max_fanout_check_slack
--------------------------------------------------------------------------
1.0000000150474662e+30

==========================================================================
resizer max_fanout_check_limit
--------------------------------------------------------------------------
1.0000000150474662e+30

==========================================================================
resizer max_capacitance_check_slack
--------------------------------------------------------------------------
1.5245915651321411

==========================================================================
resizer max_capacitance_check_limit
--------------------------------------------------------------------------
106.81099700927734

==========================================================================
resizer max_capacitance_check_slack_limit
--------------------------------------------------------------------------
0.0143

==========================================================================
resizer max_slew_violation_count
--------------------------------------------------------------------------
max slew violation count 0

==========================================================================
resizer max_fanout_violation_count
--------------------------------------------------------------------------
max fanout violation count 0

==========================================================================
resizer max_cap_violation_count
--------------------------------------------------------------------------
max cap violation count 0

==========================================================================
resizer setup_violation_count
--------------------------------------------------------------------------
setup violation count 0

==========================================================================
resizer hold_violation_count
--------------------------------------------------------------------------
hold violation count 1

==========================================================================
resizer critical path delay
--------------------------------------------------------------------------
3.0092

==========================================================================
resizer critical path slack
--------------------------------------------------------------------------
-0.0430

==========================================================================
resizer slack div critical path delay
--------------------------------------------------------------------------
-1.428951

==========================================================================
resizer report_power
--------------------------------------------------------------------------
Group                  Internal  Switching    Leakage      Total
                          Power      Power      Power      Power (Watts)
----------------------------------------------------------------
Sequential             9.62e-03   3.36e-04   2.75e-04   1.02e-02  45.5%
Combinational          2.87e-03   8.85e-03   5.36e-04   1.23e-02  54.5%
Macro                  0.00e+00   0.00e+00   0.00e+00   0.00e+00   0.0%
Pad                    0.00e+00   0.00e+00   0.00e+00   0.00e+00   0.0%
----------------------------------------------------------------
Total                  1.25e-02   9.18e-03   8.11e-04   2.25e-02 100.0%
                          55.5%      40.9%       3.6%

==========================================================================
resizer report_design_area
--------------------------------------------------------------------------
Design area 46411 u^2 40% utilization.


==========================================================================
instance_count
--------------------------------------------------------------------------
31668

==========================================================================
pin_count
--------------------------------------------------------------------------
99651

Elapsed time: 0:18.42[h:]min:sec. CPU time: user 18.23 sys 0.18 (99%). Peak memory: 271252KB.
