OpenROAD b57893514040c5aa453ab5c104f35d1173a8add9 
This program is licensed under the BSD-3 license. See the LICENSE file for details.
Components of this program may be licensed under more restrictive licenses which must be honored.
[INFO ORD-0030] Using 2 thread(s).
[INFO DRT-0149] Reading tech and libs.

Units:                2000
Number of layers:     21
Number of macros:     135
Number of vias:       27
Number of viarulegen: 19

[INFO DRT-0150] Reading design.

Design:                   halut_matmul
Die area:                 ( 0 0 ) ( 979120 979120 )
Number of track patterns: 20
Number of DEF vias:       6
Number of components:     98399
Number of terminals:      477
Number of snets:          2
Number of nets:           67619

[INFO DRT-0167] List of default vias:
  Layer via1
    default via: via1_7
  Layer via2
    default via: via2_5
  Layer via3
    default via: via3_2
  Layer via4
    default via: via4_0
  Layer via5
    default via: via5_0
  Layer via6
    default via: via6_0
  Layer via7
    default via: via7_0
  Layer via8
    default via: via8_0
  Layer via9
    default via: via9_0
[INFO DRT-0162] Library cell analysis.
[INFO DRT-0163] Instance analysis.
  Complete 10000 instances.
  Complete 20000 instances.
  Complete 30000 instances.
  Complete 40000 instances.
  Complete 50000 instances.
  Complete 60000 instances.
  Complete 70000 instances.
  Complete 80000 instances.
  Complete 90000 instances.
[INFO DRT-0164] Number of unique instances = 132.
[INFO DRT-0168] Init region query.
[INFO DRT-0018]   Complete 10000 insts.
[INFO DRT-0018]   Complete 20000 insts.
[INFO DRT-0018]   Complete 30000 insts.
[INFO DRT-0018]   Complete 40000 insts.
[INFO DRT-0018]   Complete 50000 insts.
[INFO DRT-0018]   Complete 60000 insts.
[INFO DRT-0018]   Complete 70000 insts.
[INFO DRT-0018]   Complete 80000 insts.
[INFO DRT-0018]   Complete 90000 insts.
[INFO DRT-0024]   Complete active.
[INFO DRT-0024]   Complete FR_VIA.
[INFO DRT-0024]   Complete metal1.
[INFO DRT-0024]   Complete via1.
[INFO DRT-0024]   Complete metal2.
[INFO DRT-0024]   Complete via2.
[INFO DRT-0024]   Complete metal3.
[INFO DRT-0024]   Complete via3.
[INFO DRT-0024]   Complete metal4.
[INFO DRT-0024]   Complete via4.
[INFO DRT-0024]   Complete metal5.
[INFO DRT-0024]   Complete via5.
[INFO DRT-0024]   Complete metal6.
[INFO DRT-0024]   Complete via6.
[INFO DRT-0024]   Complete metal7.
[INFO DRT-0024]   Complete via7.
[INFO DRT-0024]   Complete metal8.
[INFO DRT-0024]   Complete via8.
[INFO DRT-0024]   Complete metal9.
[INFO DRT-0024]   Complete via9.
[INFO DRT-0024]   Complete metal10.
[INFO DRT-0033] active shape region query size = 0.
[INFO DRT-0033] FR_VIA shape region query size = 0.
[INFO DRT-0033] metal1 shape region query size = 1398522.
[INFO DRT-0033] via1 shape region query size = 9369.
[INFO DRT-0033] metal2 shape region query size = 6494.
[INFO DRT-0033] via2 shape region query size = 9369.
[INFO DRT-0033] metal3 shape region query size = 6475.
[INFO DRT-0033] via3 shape region query size = 9369.
[INFO DRT-0033] metal4 shape region query size = 3366.
[INFO DRT-0033] via4 shape region query size = 2250.
[INFO DRT-0033] metal5 shape region query size = 450.
[INFO DRT-0033] via5 shape region query size = 2250.
[INFO DRT-0033] metal6 shape region query size = 450.
[INFO DRT-0033] via6 shape region query size = 900.
[INFO DRT-0033] metal7 shape region query size = 250.
[INFO DRT-0033] via7 shape region query size = 0.
[INFO DRT-0033] metal8 shape region query size = 0.
[INFO DRT-0033] via8 shape region query size = 0.
[INFO DRT-0033] metal9 shape region query size = 0.
[INFO DRT-0033] via9 shape region query size = 0.
[INFO DRT-0033] metal10 shape region query size = 0.
[INFO DRT-0165] Start pin access.
[INFO DRT-0076]   Complete 100 pins.
[INFO DRT-0076]   Complete 200 pins.
[INFO DRT-0076]   Complete 300 pins.
[INFO DRT-0078]   Complete 399 pins.
[INFO DRT-0079]   Complete 100 unique inst patterns.
[INFO DRT-0081]   Complete 116 unique inst patterns.
[INFO DRT-0082]   Complete 1000 groups.
[INFO DRT-0082]   Complete 2000 groups.
[INFO DRT-0082]   Complete 3000 groups.
[INFO DRT-0082]   Complete 4000 groups.
[INFO DRT-0082]   Complete 5000 groups.
[INFO DRT-0082]   Complete 6000 groups.
[INFO DRT-0082]   Complete 7000 groups.
[INFO DRT-0082]   Complete 8000 groups.
[INFO DRT-0082]   Complete 9000 groups.
[INFO DRT-0083]   Complete 10000 groups.
[INFO DRT-0084]   Complete 14901 groups.
#scanned instances     = 98399
#unique  instances     = 132
#stdCellGenAp          = 4013
#stdCellValidPlanarAp  = 0
#stdCellValidViaAp     = 2877
#stdCellPinNoAp        = 0
#stdCellPinCnt         = 207783
#instTermValidViaApCnt = 0
#macroGenAp            = 0
#macroValidPlanarAp    = 0
#macroValidViaAp       = 0
#macroNoAp             = 0
[INFO DRT-0166] Complete pin access.
[INFO DRT-0267] cpu time = 00:34:22, elapsed time = 00:17:18, memory = 493.71 (MB), peak = 520.68 (MB)
[INFO DRT-0156] guideIn read 100000 guides.
[INFO DRT-0156] guideIn read 200000 guides.
[INFO DRT-0156] guideIn read 300000 guides.
[INFO DRT-0156] guideIn read 400000 guides.
[INFO DRT-0156] guideIn read 500000 guides.
[INFO DRT-0156] guideIn read 600000 guides.

Number of guides:     643378

[INFO DRT-0169] Post process guides.
[INFO DRT-0176] GCELLGRID X 0 DO 233 STEP 4200 ;
[INFO DRT-0177] GCELLGRID Y 0 DO 233 STEP 4200 ;
[INFO DRT-0026]   Complete 10000 origin guides.
[INFO DRT-0026]   Complete 20000 origin guides.
[INFO DRT-0026]   Complete 30000 origin guides.
[INFO DRT-0026]   Complete 40000 origin guides.
[INFO DRT-0026]   Complete 50000 origin guides.
[INFO DRT-0026]   Complete 60000 origin guides.
[INFO DRT-0026]   Complete 70000 origin guides.
[INFO DRT-0026]   Complete 80000 origin guides.
[INFO DRT-0026]   Complete 90000 origin guides.
[INFO DRT-0027]   Complete 100000 origin guides.
[INFO DRT-0027]   Complete 200000 origin guides.
[INFO DRT-0027]   Complete 300000 origin guides.
[INFO DRT-0027]   Complete 400000 origin guides.
[INFO DRT-0027]   Complete 500000 origin guides.
[INFO DRT-0027]   Complete 600000 origin guides.
[INFO DRT-0028]   Complete active.
[INFO DRT-0028]   Complete FR_VIA.
[INFO DRT-0028]   Complete metal1.
[INFO DRT-0028]   Complete via1.
[INFO DRT-0028]   Complete metal2.
[INFO DRT-0028]   Complete via2.
[INFO DRT-0028]   Complete metal3.
[INFO DRT-0028]   Complete via3.
[INFO DRT-0028]   Complete metal4.
[INFO DRT-0028]   Complete via4.
[INFO DRT-0028]   Complete metal5.
[INFO DRT-0028]   Complete via5.
[INFO DRT-0028]   Complete metal6.
[INFO DRT-0028]   Complete via6.
[INFO DRT-0028]   Complete metal7.
[INFO DRT-0028]   Complete via7.
[INFO DRT-0028]   Complete metal8.
[INFO DRT-0028]   Complete via8.
[INFO DRT-0028]   Complete metal9.
[INFO DRT-0028]   Complete via9.
[INFO DRT-0028]   Complete metal10.
  complete 10000 nets.
  complete 20000 nets.
  complete 30000 nets.
  complete 40000 nets.
  complete 50000 nets.
  complete 60000 nets.
[INFO DRT-0178] Init guide query.
[INFO DRT-0029]   Complete 10000 nets (guide).
[INFO DRT-0029]   Complete 20000 nets (guide).
[INFO DRT-0029]   Complete 30000 nets (guide).
[INFO DRT-0029]   Complete 40000 nets (guide).
[INFO DRT-0029]   Complete 50000 nets (guide).
[INFO DRT-0029]   Complete 60000 nets (guide).
[INFO DRT-0035]   Complete active (guide).
[INFO DRT-0035]   Complete FR_VIA (guide).
[INFO DRT-0035]   Complete metal1 (guide).
[INFO DRT-0035]   Complete via1 (guide).
[INFO DRT-0035]   Complete metal2 (guide).
[INFO DRT-0035]   Complete via2 (guide).
[INFO DRT-0035]   Complete metal3 (guide).
[INFO DRT-0035]   Complete via3 (guide).
[INFO DRT-0035]   Complete metal4 (guide).
[INFO DRT-0035]   Complete via4 (guide).
[INFO DRT-0035]   Complete metal5 (guide).
[INFO DRT-0035]   Complete via5 (guide).
[INFO DRT-0035]   Complete metal6 (guide).
[INFO DRT-0035]   Complete via6 (guide).
[INFO DRT-0035]   Complete metal7 (guide).
[INFO DRT-0035]   Complete via7 (guide).
[INFO DRT-0035]   Complete metal8 (guide).
[INFO DRT-0035]   Complete via8 (guide).
[INFO DRT-0035]   Complete metal9 (guide).
[INFO DRT-0035]   Complete via9 (guide).
[INFO DRT-0035]   Complete metal10 (guide).
[INFO DRT-0036] active guide region query size = 0.
[INFO DRT-0036] FR_VIA guide region query size = 0.
[INFO DRT-0036] metal1 guide region query size = 187172.
[INFO DRT-0036] via1 guide region query size = 0.
[INFO DRT-0036] metal2 guide region query size = 160452.
[INFO DRT-0036] via2 guide region query size = 0.
[INFO DRT-0036] metal3 guide region query size = 118950.
[INFO DRT-0036] via3 guide region query size = 0.
[INFO DRT-0036] metal4 guide region query size = 62365.
[INFO DRT-0036] via4 guide region query size = 0.
[INFO DRT-0036] metal5 guide region query size = 27190.
[INFO DRT-0036] via5 guide region query size = 0.
[INFO DRT-0036] metal6 guide region query size = 6089.
[INFO DRT-0036] via6 guide region query size = 0.
[INFO DRT-0036] metal7 guide region query size = 877.
[INFO DRT-0036] via7 guide region query size = 0.
[INFO DRT-0036] metal8 guide region query size = 52.
[INFO DRT-0036] via8 guide region query size = 0.
[INFO DRT-0036] metal9 guide region query size = 0.
[INFO DRT-0036] via9 guide region query size = 0.
[INFO DRT-0036] metal10 guide region query size = 0.
[INFO DRT-0179] Init gr pin query.
[INFO DRT-0185] Post process initialize RPin region query.
[INFO DRT-0181] Start track assignment.
[INFO DRT-0184] Done with 228958 vertical wires in 5 frboxes and 334189 horizontal wires in 5 frboxes.
[INFO DRT-0186] Done with 77609 vertical wires in 5 frboxes and 102726 horizontal wires in 5 frboxes.
[INFO DRT-0182] Complete track assignment.
[INFO DRT-0267] cpu time = 00:01:22, elapsed time = 00:00:46, memory = 2065.55 (MB), peak = 2105.36 (MB)
[INFO DRT-0187] Start routing data preparation.
[INFO DRT-0267] cpu time = 00:00:00, elapsed time = 00:00:00, memory = 2065.55 (MB), peak = 2105.36 (MB)
[INFO DRT-0194] Start detail routing.
[INFO DRT-0195] Start 0th optimization iteration.
    Completing 10% with 0 violations.
    elapsed time = 00:00:24, memory = 2065.81 (MB).
    Completing 20% with 0 violations.
    elapsed time = 00:01:13, memory = 2569.27 (MB).
    Completing 30% with 1363 violations.
    elapsed time = 00:01:42, memory = 2901.93 (MB).
    Completing 40% with 1363 violations.
    elapsed time = 00:02:25, memory = 2902.45 (MB).
    Completing 50% with 1363 violations.
    elapsed time = 00:03:12, memory = 2929.26 (MB).
    Completing 60% with 3027 violations.
    elapsed time = 00:03:46, memory = 2949.37 (MB).
    Completing 70% with 3027 violations.
    elapsed time = 00:04:43, memory = 2949.37 (MB).
    Completing 80% with 4661 violations.
    elapsed time = 00:05:14, memory = 3037.15 (MB).
    Completing 90% with 4661 violations.
    elapsed time = 00:06:10, memory = 3037.15 (MB).
    Completing 100% with 6392 violations.
    elapsed time = 00:07:01, memory = 3092.51 (MB).
[INFO DRT-0199]   Number of violations = 28763.
[INFO DRT-0267] cpu time = 00:13:53, elapsed time = 00:07:05, memory = 3092.51 (MB), peak = 3092.51 (MB)
Total wire length = 870744 um.
Total wire length on LAYER metal1 = 0 um.
Total wire length on LAYER metal2 = 180826 um.
Total wire length on LAYER metal3 = 273199 um.
Total wire length on LAYER metal4 = 181774 um.
Total wire length on LAYER metal5 = 153533 um.
Total wire length on LAYER metal6 = 66009 um.
Total wire length on LAYER metal7 = 14329 um.
Total wire length on LAYER metal8 = 1072 um.
Total wire length on LAYER metal9 = 0 um.
Total wire length on LAYER metal10 = 0 um.
Total number of vias = 514938.
Up-via summary (total 514938):.

-----------------
 active         0
 metal1    207456
 metal2    196032
 metal3     67690
 metal4     32874
 metal5      9482
 metal6      1306
 metal7        98
 metal8         0
 metal9         0
-----------------
           514938


[INFO DRT-0195] Start 1st optimization iteration.
    Completing 10% with 28763 violations.
    elapsed time = 00:00:20, memory = 3092.51 (MB).
    Completing 20% with 28763 violations.
    elapsed time = 00:01:04, memory = 3092.51 (MB).
    Completing 30% with 21634 violations.
    elapsed time = 00:01:27, memory = 3092.51 (MB).
    Completing 40% with 21634 violations.
    elapsed time = 00:02:01, memory = 3092.51 (MB).
    Completing 50% with 21634 violations.
    elapsed time = 00:02:38, memory = 3093.54 (MB).
    Completing 60% with 14402 violations.
    elapsed time = 00:03:03, memory = 3093.54 (MB).
    Completing 70% with 14402 violations.
    elapsed time = 00:03:46, memory = 3093.54 (MB).
    Completing 80% with 7732 violations.
    elapsed time = 00:04:15, memory = 3093.54 (MB).
    Completing 90% with 7732 violations.
    elapsed time = 00:04:51, memory = 3093.54 (MB).
    Completing 100% with 916 violations.
    elapsed time = 00:05:30, memory = 3093.54 (MB).
[INFO DRT-0199]   Number of violations = 916.
[INFO DRT-0267] cpu time = 00:10:50, elapsed time = 00:05:35, memory = 3096.38 (MB), peak = 3096.38 (MB)
Total wire length = 860135 um.
Total wire length on LAYER metal1 = 0 um.
Total wire length on LAYER metal2 = 183404 um.
Total wire length on LAYER metal3 = 273086 um.
Total wire length on LAYER metal4 = 175002 um.
Total wire length on LAYER metal5 = 148451 um.
Total wire length on LAYER metal6 = 65114 um.
Total wire length on LAYER metal7 = 14048 um.
Total wire length on LAYER metal8 = 1027 um.
Total wire length on LAYER metal9 = 0 um.
Total wire length on LAYER metal10 = 0 um.
Total number of vias = 506430.
Up-via summary (total 506430):.

-----------------
 active         0
 metal1    207444
 metal2    195629
 metal3     62894
 metal4     30239
 metal5      8956
 metal6      1182
 metal7        86
 metal8         0
 metal9         0
-----------------
           506430


[INFO DRT-0195] Start 2nd optimization iteration.
    Completing 10% with 916 violations.
    elapsed time = 00:00:09, memory = 3096.38 (MB).
    Completing 20% with 916 violations.
    elapsed time = 00:00:32, memory = 3096.38 (MB).
    Completing 30% with 883 violations.
    elapsed time = 00:00:43, memory = 3096.38 (MB).
    Completing 40% with 883 violations.
    elapsed time = 00:01:01, memory = 3096.38 (MB).
    Completing 50% with 883 violations.
    elapsed time = 00:01:19, memory = 3096.38 (MB).
    Completing 60% with 787 violations.
    elapsed time = 00:01:28, memory = 3096.38 (MB).
    Completing 70% with 787 violations.
    elapsed time = 00:01:47, memory = 3096.38 (MB).
    Completing 80% with 640 violations.
    elapsed time = 00:02:09, memory = 3043.25 (MB).
    Completing 90% with 640 violations.
    elapsed time = 00:02:26, memory = 3043.25 (MB).
    Completing 100% with 528 violations.
    elapsed time = 00:02:51, memory = 3043.25 (MB).
[INFO DRT-0199]   Number of violations = 528.
[INFO DRT-0267] cpu time = 00:05:29, elapsed time = 00:02:54, memory = 3043.25 (MB), peak = 3096.38 (MB)
Total wire length = 858514 um.
Total wire length on LAYER metal1 = 0 um.
Total wire length on LAYER metal2 = 183561 um.
Total wire length on LAYER metal3 = 273104 um.
Total wire length on LAYER metal4 = 174121 um.
Total wire length on LAYER metal5 = 147751 um.
Total wire length on LAYER metal6 = 64972 um.
Total wire length on LAYER metal7 = 13997 um.
Total wire length on LAYER metal8 = 1005 um.
Total wire length on LAYER metal9 = 0 um.
Total wire length on LAYER metal10 = 0 um.
Total number of vias = 505392.
Up-via summary (total 505392):.

-----------------
 active         0
 metal1    207444
 metal2    195600
 metal3     62301
 metal4     29950
 metal5      8856
 metal6      1159
 metal7        82
 metal8         0
 metal9         0
-----------------
           505392


[INFO DRT-0195] Start 3rd optimization iteration.
    Completing 10% with 528 violations.
    elapsed time = 00:00:02, memory = 3043.25 (MB).
    Completing 20% with 528 violations.
    elapsed time = 00:00:06, memory = 3043.25 (MB).
    Completing 30% with 383 violations.
    elapsed time = 00:00:12, memory = 3043.25 (MB).
    Completing 40% with 383 violations.
    elapsed time = 00:00:15, memory = 3043.25 (MB).
    Completing 50% with 383 violations.
    elapsed time = 00:00:19, memory = 3043.25 (MB).
    Completing 60% with 274 violations.
    elapsed time = 00:00:22, memory = 3043.25 (MB).
    Completing 70% with 274 violations.
    elapsed time = 00:00:27, memory = 3043.25 (MB).
    Completing 80% with 135 violations.
    elapsed time = 00:00:31, memory = 3043.25 (MB).
    Completing 90% with 135 violations.
    elapsed time = 00:00:33, memory = 3043.25 (MB).
    Completing 100% with 21 violations.
    elapsed time = 00:00:38, memory = 3043.25 (MB).
[INFO DRT-0199]   Number of violations = 28.
[INFO DRT-0267] cpu time = 00:01:10, elapsed time = 00:00:38, memory = 3043.25 (MB), peak = 3096.38 (MB)
Total wire length = 858532 um.
Total wire length on LAYER metal1 = 0 um.
Total wire length on LAYER metal2 = 183720 um.
Total wire length on LAYER metal3 = 273416 um.
Total wire length on LAYER metal4 = 173906 um.
Total wire length on LAYER metal5 = 147548 um.
Total wire length on LAYER metal6 = 64934 um.
Total wire length on LAYER metal7 = 14000 um.
Total wire length on LAYER metal8 = 1004 um.
Total wire length on LAYER metal9 = 0 um.
Total wire length on LAYER metal10 = 0 um.
Total number of vias = 505646.
Up-via summary (total 505646):.

-----------------
 active         0
 metal1    207444
 metal2    195958
 metal3     62267
 metal4     29890
 metal5      8846
 metal6      1159
 metal7        82
 metal8         0
 metal9         0
-----------------
           505646


[INFO DRT-0195] Start 4th optimization iteration.
    Completing 10% with 28 violations.
    elapsed time = 00:00:00, memory = 3043.25 (MB).
    Completing 20% with 28 violations.
    elapsed time = 00:00:00, memory = 3043.25 (MB).
    Completing 30% with 27 violations.
    elapsed time = 00:00:00, memory = 3043.25 (MB).
    Completing 40% with 27 violations.
    elapsed time = 00:00:00, memory = 3043.25 (MB).
    Completing 50% with 27 violations.
    elapsed time = 00:00:00, memory = 3043.25 (MB).
    Completing 60% with 20 violations.
    elapsed time = 00:00:01, memory = 3043.25 (MB).
    Completing 70% with 20 violations.
    elapsed time = 00:00:01, memory = 3043.25 (MB).
    Completing 80% with 20 violations.
    elapsed time = 00:00:04, memory = 3043.25 (MB).
    Completing 90% with 20 violations.
    elapsed time = 00:00:04, memory = 3043.25 (MB).
    Completing 100% with 10 violations.
    elapsed time = 00:00:07, memory = 3043.25 (MB).
[INFO DRT-0199]   Number of violations = 10.
[INFO DRT-0267] cpu time = 00:00:09, elapsed time = 00:00:07, memory = 3043.25 (MB), peak = 3096.38 (MB)
Total wire length = 858527 um.
Total wire length on LAYER metal1 = 0 um.
Total wire length on LAYER metal2 = 183731 um.
Total wire length on LAYER metal3 = 273420 um.
Total wire length on LAYER metal4 = 173888 um.
Total wire length on LAYER metal5 = 147548 um.
Total wire length on LAYER metal6 = 64934 um.
Total wire length on LAYER metal7 = 14000 um.
Total wire length on LAYER metal8 = 1004 um.
Total wire length on LAYER metal9 = 0 um.
Total wire length on LAYER metal10 = 0 um.
Total number of vias = 505665.
Up-via summary (total 505665):.

-----------------
 active         0
 metal1    207444
 metal2    195983
 metal3     62261
 metal4     29890
 metal5      8846
 metal6      1159
 metal7        82
 metal8         0
 metal9         0
-----------------
           505665


[INFO DRT-0195] Start 5th optimization iteration.
    Completing 10% with 10 violations.
    elapsed time = 00:00:00, memory = 3043.25 (MB).
    Completing 20% with 10 violations.
    elapsed time = 00:00:00, memory = 3043.25 (MB).
    Completing 30% with 10 violations.
    elapsed time = 00:00:00, memory = 3043.25 (MB).
    Completing 40% with 10 violations.
    elapsed time = 00:00:00, memory = 3043.25 (MB).
    Completing 50% with 10 violations.
    elapsed time = 00:00:00, memory = 3043.25 (MB).
    Completing 60% with 10 violations.
    elapsed time = 00:00:00, memory = 3043.25 (MB).
    Completing 70% with 10 violations.
    elapsed time = 00:00:00, memory = 3043.25 (MB).
    Completing 80% with 10 violations.
    elapsed time = 00:00:05, memory = 3043.25 (MB).
    Completing 90% with 10 violations.
    elapsed time = 00:00:05, memory = 3043.25 (MB).
    Completing 100% with 10 violations.
    elapsed time = 00:00:07, memory = 3043.25 (MB).
[INFO DRT-0199]   Number of violations = 10.
[INFO DRT-0267] cpu time = 00:00:11, elapsed time = 00:00:08, memory = 3043.25 (MB), peak = 3096.38 (MB)
Total wire length = 858526 um.
Total wire length on LAYER metal1 = 0 um.
Total wire length on LAYER metal2 = 183734 um.
Total wire length on LAYER metal3 = 273419 um.
Total wire length on LAYER metal4 = 173884 um.
Total wire length on LAYER metal5 = 147548 um.
Total wire length on LAYER metal6 = 64934 um.
Total wire length on LAYER metal7 = 14000 um.
Total wire length on LAYER metal8 = 1004 um.
Total wire length on LAYER metal9 = 0 um.
Total wire length on LAYER metal10 = 0 um.
Total number of vias = 505667.
Up-via summary (total 505667):.

-----------------
 active         0
 metal1    207444
 metal2    195985
 metal3     62261
 metal4     29890
 metal5      8846
 metal6      1159
 metal7        82
 metal8         0
 metal9         0
-----------------
           505667


[INFO DRT-0195] Start 6th optimization iteration.
    Completing 10% with 10 violations.
    elapsed time = 00:00:00, memory = 3043.25 (MB).
    Completing 20% with 10 violations.
    elapsed time = 00:00:00, memory = 3043.25 (MB).
    Completing 30% with 10 violations.
    elapsed time = 00:00:00, memory = 3043.25 (MB).
    Completing 40% with 10 violations.
    elapsed time = 00:00:00, memory = 3043.25 (MB).
    Completing 50% with 10 violations.
    elapsed time = 00:00:00, memory = 3043.25 (MB).
    Completing 60% with 10 violations.
    elapsed time = 00:00:00, memory = 3043.25 (MB).
    Completing 70% with 10 violations.
    elapsed time = 00:00:00, memory = 3043.25 (MB).
    Completing 80% with 10 violations.
    elapsed time = 00:00:06, memory = 3043.25 (MB).
    Completing 90% with 10 violations.
    elapsed time = 00:00:06, memory = 3043.25 (MB).
    Completing 100% with 9 violations.
    elapsed time = 00:00:10, memory = 3043.25 (MB).
[INFO DRT-0199]   Number of violations = 9.
[INFO DRT-0267] cpu time = 00:00:13, elapsed time = 00:00:10, memory = 3043.25 (MB), peak = 3096.38 (MB)
Total wire length = 858526 um.
Total wire length on LAYER metal1 = 0 um.
Total wire length on LAYER metal2 = 183737 um.
Total wire length on LAYER metal3 = 273419 um.
Total wire length on LAYER metal4 = 173881 um.
Total wire length on LAYER metal5 = 147548 um.
Total wire length on LAYER metal6 = 64934 um.
Total wire length on LAYER metal7 = 14000 um.
Total wire length on LAYER metal8 = 1004 um.
Total wire length on LAYER metal9 = 0 um.
Total wire length on LAYER metal10 = 0 um.
Total number of vias = 505667.
Up-via summary (total 505667):.

-----------------
 active         0
 metal1    207444
 metal2    195987
 metal3     62259
 metal4     29890
 metal5      8846
 metal6      1159
 metal7        82
 metal8         0
 metal9         0
-----------------
           505667


[INFO DRT-0195] Start 7th optimization iteration.
    Completing 10% with 9 violations.
    elapsed time = 00:00:00, memory = 3043.25 (MB).
    Completing 20% with 9 violations.
    elapsed time = 00:00:00, memory = 3043.25 (MB).
    Completing 30% with 9 violations.
    elapsed time = 00:00:00, memory = 3043.25 (MB).
    Completing 40% with 9 violations.
    elapsed time = 00:00:00, memory = 3043.25 (MB).
    Completing 50% with 9 violations.
    elapsed time = 00:00:00, memory = 3043.25 (MB).
    Completing 60% with 9 violations.
    elapsed time = 00:00:00, memory = 3043.25 (MB).
    Completing 70% with 9 violations.
    elapsed time = 00:00:00, memory = 3043.25 (MB).
    Completing 80% with 9 violations.
    elapsed time = 00:00:06, memory = 3043.25 (MB).
    Completing 90% with 9 violations.
    elapsed time = 00:00:06, memory = 3043.25 (MB).
    Completing 100% with 9 violations.
    elapsed time = 00:00:10, memory = 3043.25 (MB).
[INFO DRT-0199]   Number of violations = 9.
[INFO DRT-0267] cpu time = 00:00:16, elapsed time = 00:00:11, memory = 3043.25 (MB), peak = 3096.38 (MB)
Total wire length = 858526 um.
Total wire length on LAYER metal1 = 0 um.
Total wire length on LAYER metal2 = 183735 um.
Total wire length on LAYER metal3 = 273419 um.
Total wire length on LAYER metal4 = 173883 um.
Total wire length on LAYER metal5 = 147548 um.
Total wire length on LAYER metal6 = 64934 um.
Total wire length on LAYER metal7 = 14000 um.
Total wire length on LAYER metal8 = 1004 um.
Total wire length on LAYER metal9 = 0 um.
Total wire length on LAYER metal10 = 0 um.
Total number of vias = 505667.
Up-via summary (total 505667):.

-----------------
 active         0
 metal1    207444
 metal2    195987
 metal3     62259
 metal4     29890
 metal5      8846
 metal6      1159
 metal7        82
 metal8         0
 metal9         0
-----------------
           505667


[INFO DRT-0195] Start 8th optimization iteration.
    Completing 10% with 9 violations.
    elapsed time = 00:00:00, memory = 3043.25 (MB).
    Completing 20% with 9 violations.
    elapsed time = 00:00:00, memory = 3043.25 (MB).
    Completing 30% with 9 violations.
    elapsed time = 00:00:00, memory = 3043.25 (MB).
    Completing 40% with 9 violations.
    elapsed time = 00:00:00, memory = 3043.25 (MB).
    Completing 50% with 9 violations.
    elapsed time = 00:00:00, memory = 3043.25 (MB).
    Completing 60% with 9 violations.
    elapsed time = 00:00:00, memory = 3043.25 (MB).
    Completing 70% with 9 violations.
    elapsed time = 00:00:00, memory = 3043.25 (MB).
    Completing 80% with 9 violations.
    elapsed time = 00:00:08, memory = 3043.25 (MB).
    Completing 90% with 9 violations.
    elapsed time = 00:00:08, memory = 3043.25 (MB).
    Completing 100% with 8 violations.
    elapsed time = 00:00:13, memory = 3043.25 (MB).
[INFO DRT-0199]   Number of violations = 8.
[INFO DRT-0267] cpu time = 00:00:18, elapsed time = 00:00:13, memory = 3043.25 (MB), peak = 3096.38 (MB)
Total wire length = 858526 um.
Total wire length on LAYER metal1 = 0 um.
Total wire length on LAYER metal2 = 183737 um.
Total wire length on LAYER metal3 = 273419 um.
Total wire length on LAYER metal4 = 173881 um.
Total wire length on LAYER metal5 = 147548 um.
Total wire length on LAYER metal6 = 64934 um.
Total wire length on LAYER metal7 = 14000 um.
Total wire length on LAYER metal8 = 1004 um.
Total wire length on LAYER metal9 = 0 um.
Total wire length on LAYER metal10 = 0 um.
Total number of vias = 505667.
Up-via summary (total 505667):.

-----------------
 active         0
 metal1    207444
 metal2    195987
 metal3     62259
 metal4     29890
 metal5      8846
 metal6      1159
 metal7        82
 metal8         0
 metal9         0
-----------------
           505667


[INFO DRT-0195] Start 9th optimization iteration.
    Completing 10% with 8 violations.
    elapsed time = 00:00:00, memory = 3043.25 (MB).
    Completing 20% with 8 violations.
    elapsed time = 00:00:00, memory = 3043.25 (MB).
    Completing 30% with 7 violations.
    elapsed time = 00:00:00, memory = 3043.25 (MB).
    Completing 40% with 7 violations.
    elapsed time = 00:00:00, memory = 3043.25 (MB).
    Completing 50% with 7 violations.
    elapsed time = 00:00:00, memory = 3043.25 (MB).
    Completing 60% with 5 violations.
    elapsed time = 00:00:00, memory = 3043.25 (MB).
    Completing 70% with 5 violations.
    elapsed time = 00:00:00, memory = 3043.25 (MB).
    Completing 80% with 5 violations.
    elapsed time = 00:00:00, memory = 3043.25 (MB).
    Completing 90% with 5 violations.
    elapsed time = 00:00:00, memory = 3043.25 (MB).
    Completing 100% with 5 violations.
    elapsed time = 00:00:00, memory = 3043.25 (MB).
[INFO DRT-0199]   Number of violations = 5.
[INFO DRT-0267] cpu time = 00:00:01, elapsed time = 00:00:01, memory = 3043.25 (MB), peak = 3096.38 (MB)
Total wire length = 858526 um.
Total wire length on LAYER metal1 = 0 um.
Total wire length on LAYER metal2 = 183737 um.
Total wire length on LAYER metal3 = 273419 um.
Total wire length on LAYER metal4 = 173881 um.
Total wire length on LAYER metal5 = 147548 um.
Total wire length on LAYER metal6 = 64934 um.
Total wire length on LAYER metal7 = 14000 um.
Total wire length on LAYER metal8 = 1004 um.
Total wire length on LAYER metal9 = 0 um.
Total wire length on LAYER metal10 = 0 um.
Total number of vias = 505667.
Up-via summary (total 505667):.

-----------------
 active         0
 metal1    207444
 metal2    195987
 metal3     62259
 metal4     29890
 metal5      8846
 metal6      1159
 metal7        82
 metal8         0
 metal9         0
-----------------
           505667


[INFO DRT-0195] Start 10th optimization iteration.
    Completing 10% with 5 violations.
    elapsed time = 00:00:00, memory = 3043.25 (MB).
    Completing 20% with 5 violations.
    elapsed time = 00:00:00, memory = 3043.25 (MB).
    Completing 30% with 5 violations.
    elapsed time = 00:00:00, memory = 3043.25 (MB).
    Completing 40% with 5 violations.
    elapsed time = 00:00:00, memory = 3043.25 (MB).
    Completing 50% with 5 violations.
    elapsed time = 00:00:00, memory = 3043.25 (MB).
    Completing 60% with 5 violations.
    elapsed time = 00:00:00, memory = 3043.25 (MB).
    Completing 70% with 5 violations.
    elapsed time = 00:00:00, memory = 3043.25 (MB).
    Completing 80% with 5 violations.
    elapsed time = 00:00:00, memory = 3043.25 (MB).
    Completing 90% with 5 violations.
    elapsed time = 00:00:00, memory = 3043.25 (MB).
    Completing 100% with 5 violations.
    elapsed time = 00:00:01, memory = 3043.25 (MB).
[INFO DRT-0199]   Number of violations = 5.
[INFO DRT-0267] cpu time = 00:00:03, elapsed time = 00:00:02, memory = 3043.25 (MB), peak = 3096.38 (MB)
Total wire length = 858526 um.
Total wire length on LAYER metal1 = 0 um.
Total wire length on LAYER metal2 = 183737 um.
Total wire length on LAYER metal3 = 273419 um.
Total wire length on LAYER metal4 = 173881 um.
Total wire length on LAYER metal5 = 147548 um.
Total wire length on LAYER metal6 = 64934 um.
Total wire length on LAYER metal7 = 14000 um.
Total wire length on LAYER metal8 = 1004 um.
Total wire length on LAYER metal9 = 0 um.
Total wire length on LAYER metal10 = 0 um.
Total number of vias = 505667.
Up-via summary (total 505667):.

-----------------
 active         0
 metal1    207444
 metal2    195987
 metal3     62259
 metal4     29890
 metal5      8846
 metal6      1159
 metal7        82
 metal8         0
 metal9         0
-----------------
           505667


[INFO DRT-0195] Start 11th optimization iteration.
    Completing 10% with 5 violations.
    elapsed time = 00:00:00, memory = 3043.25 (MB).
    Completing 20% with 5 violations.
    elapsed time = 00:00:00, memory = 3043.25 (MB).
    Completing 30% with 5 violations.
    elapsed time = 00:00:00, memory = 3043.25 (MB).
    Completing 40% with 5 violations.
    elapsed time = 00:00:00, memory = 3043.25 (MB).
    Completing 50% with 5 violations.
    elapsed time = 00:00:00, memory = 3043.25 (MB).
    Completing 60% with 5 violations.
    elapsed time = 00:00:00, memory = 3043.25 (MB).
    Completing 70% with 5 violations.
    elapsed time = 00:00:00, memory = 3043.25 (MB).
    Completing 80% with 5 violations.
    elapsed time = 00:00:01, memory = 3043.25 (MB).
    Completing 90% with 5 violations.
    elapsed time = 00:00:01, memory = 3043.25 (MB).
    Completing 100% with 5 violations.
    elapsed time = 00:00:03, memory = 3043.25 (MB).
[INFO DRT-0199]   Number of violations = 5.
[INFO DRT-0267] cpu time = 00:00:04, elapsed time = 00:00:03, memory = 3043.25 (MB), peak = 3096.38 (MB)
Total wire length = 858526 um.
Total wire length on LAYER metal1 = 0 um.
Total wire length on LAYER metal2 = 183737 um.
Total wire length on LAYER metal3 = 273419 um.
Total wire length on LAYER metal4 = 173881 um.
Total wire length on LAYER metal5 = 147548 um.
Total wire length on LAYER metal6 = 64934 um.
Total wire length on LAYER metal7 = 14000 um.
Total wire length on LAYER metal8 = 1004 um.
Total wire length on LAYER metal9 = 0 um.
Total wire length on LAYER metal10 = 0 um.
Total number of vias = 505667.
Up-via summary (total 505667):.

-----------------
 active         0
 metal1    207444
 metal2    195987
 metal3     62259
 metal4     29890
 metal5      8846
 metal6      1159
 metal7        82
 metal8         0
 metal9         0
-----------------
           505667


[INFO DRT-0195] Start 12th optimization iteration.
    Completing 10% with 5 violations.
    elapsed time = 00:00:00, memory = 3043.25 (MB).
    Completing 20% with 5 violations.
    elapsed time = 00:00:00, memory = 3043.25 (MB).
    Completing 30% with 5 violations.
    elapsed time = 00:00:00, memory = 3043.25 (MB).
    Completing 40% with 5 violations.
    elapsed time = 00:00:00, memory = 3043.25 (MB).
    Completing 50% with 5 violations.
    elapsed time = 00:00:00, memory = 3043.25 (MB).
    Completing 60% with 5 violations.
    elapsed time = 00:00:00, memory = 3043.25 (MB).
    Completing 70% with 5 violations.
    elapsed time = 00:00:00, memory = 3043.25 (MB).
    Completing 80% with 5 violations.
    elapsed time = 00:00:02, memory = 3043.25 (MB).
    Completing 90% with 5 violations.
    elapsed time = 00:00:02, memory = 3043.25 (MB).
    Completing 100% with 5 violations.
    elapsed time = 00:00:03, memory = 3043.25 (MB).
[INFO DRT-0199]   Number of violations = 5.
[INFO DRT-0267] cpu time = 00:00:06, elapsed time = 00:00:04, memory = 3043.25 (MB), peak = 3096.38 (MB)
Total wire length = 858526 um.
Total wire length on LAYER metal1 = 0 um.
Total wire length on LAYER metal2 = 183737 um.
Total wire length on LAYER metal3 = 273419 um.
Total wire length on LAYER metal4 = 173881 um.
Total wire length on LAYER metal5 = 147548 um.
Total wire length on LAYER metal6 = 64934 um.
Total wire length on LAYER metal7 = 14000 um.
Total wire length on LAYER metal8 = 1004 um.
Total wire length on LAYER metal9 = 0 um.
Total wire length on LAYER metal10 = 0 um.
Total number of vias = 505667.
Up-via summary (total 505667):.

-----------------
 active         0
 metal1    207444
 metal2    195987
 metal3     62259
 metal4     29890
 metal5      8846
 metal6      1159
 metal7        82
 metal8         0
 metal9         0
-----------------
           505667


[INFO DRT-0195] Start 13th optimization iteration.
    Completing 10% with 5 violations.
    elapsed time = 00:00:00, memory = 3043.25 (MB).
    Completing 20% with 5 violations.
    elapsed time = 00:00:00, memory = 3043.25 (MB).
    Completing 30% with 5 violations.
    elapsed time = 00:00:00, memory = 3043.25 (MB).
    Completing 40% with 5 violations.
    elapsed time = 00:00:00, memory = 3043.25 (MB).
    Completing 50% with 5 violations.
    elapsed time = 00:00:00, memory = 3043.25 (MB).
    Completing 60% with 5 violations.
    elapsed time = 00:00:00, memory = 3043.25 (MB).
    Completing 70% with 5 violations.
    elapsed time = 00:00:00, memory = 3043.25 (MB).
    Completing 80% with 5 violations.
    elapsed time = 00:00:04, memory = 3043.25 (MB).
    Completing 90% with 5 violations.
    elapsed time = 00:00:04, memory = 3043.25 (MB).
    Completing 100% with 5 violations.
    elapsed time = 00:00:05, memory = 3043.25 (MB).
[INFO DRT-0199]   Number of violations = 5.
[INFO DRT-0267] cpu time = 00:00:07, elapsed time = 00:00:06, memory = 3043.25 (MB), peak = 3096.38 (MB)
Total wire length = 858526 um.
Total wire length on LAYER metal1 = 0 um.
Total wire length on LAYER metal2 = 183737 um.
Total wire length on LAYER metal3 = 273419 um.
Total wire length on LAYER metal4 = 173881 um.
Total wire length on LAYER metal5 = 147548 um.
Total wire length on LAYER metal6 = 64934 um.
Total wire length on LAYER metal7 = 14000 um.
Total wire length on LAYER metal8 = 1004 um.
Total wire length on LAYER metal9 = 0 um.
Total wire length on LAYER metal10 = 0 um.
Total number of vias = 505667.
Up-via summary (total 505667):.

-----------------
 active         0
 metal1    207444
 metal2    195987
 metal3     62259
 metal4     29890
 metal5      8846
 metal6      1159
 metal7        82
 metal8         0
 metal9         0
-----------------
           505667


[INFO DRT-0195] Start 14th optimization iteration.
    Completing 10% with 5 violations.
    elapsed time = 00:00:00, memory = 3043.25 (MB).
    Completing 20% with 5 violations.
    elapsed time = 00:00:00, memory = 3043.25 (MB).
    Completing 30% with 5 violations.
    elapsed time = 00:00:00, memory = 3043.25 (MB).
    Completing 40% with 5 violations.
    elapsed time = 00:00:00, memory = 3043.25 (MB).
    Completing 50% with 5 violations.
    elapsed time = 00:00:00, memory = 3043.25 (MB).
    Completing 60% with 5 violations.
    elapsed time = 00:00:00, memory = 3043.25 (MB).
    Completing 70% with 5 violations.
    elapsed time = 00:00:00, memory = 3043.25 (MB).
    Completing 80% with 5 violations.
    elapsed time = 00:00:03, memory = 3043.25 (MB).
    Completing 90% with 5 violations.
    elapsed time = 00:00:03, memory = 3043.25 (MB).
    Completing 100% with 5 violations.
    elapsed time = 00:00:05, memory = 3043.25 (MB).
[INFO DRT-0199]   Number of violations = 5.
[INFO DRT-0267] cpu time = 00:00:09, elapsed time = 00:00:06, memory = 3043.25 (MB), peak = 3096.38 (MB)
Total wire length = 858526 um.
Total wire length on LAYER metal1 = 0 um.
Total wire length on LAYER metal2 = 183735 um.
Total wire length on LAYER metal3 = 273419 um.
Total wire length on LAYER metal4 = 173883 um.
Total wire length on LAYER metal5 = 147548 um.
Total wire length on LAYER metal6 = 64934 um.
Total wire length on LAYER metal7 = 14000 um.
Total wire length on LAYER metal8 = 1004 um.
Total wire length on LAYER metal9 = 0 um.
Total wire length on LAYER metal10 = 0 um.
Total number of vias = 505667.
Up-via summary (total 505667):.

-----------------
 active         0
 metal1    207444
 metal2    195987
 metal3     62259
 metal4     29890
 metal5      8846
 metal6      1159
 metal7        82
 metal8         0
 metal9         0
-----------------
           505667


[INFO DRT-0195] Start 15th optimization iteration.
    Completing 10% with 5 violations.
    elapsed time = 00:00:00, memory = 3043.25 (MB).
    Completing 20% with 5 violations.
    elapsed time = 00:00:00, memory = 3043.25 (MB).
    Completing 30% with 5 violations.
    elapsed time = 00:00:00, memory = 3043.25 (MB).
    Completing 40% with 5 violations.
    elapsed time = 00:00:00, memory = 3043.25 (MB).
    Completing 50% with 5 violations.
    elapsed time = 00:00:00, memory = 3043.25 (MB).
    Completing 60% with 5 violations.
    elapsed time = 00:00:00, memory = 3043.25 (MB).
    Completing 70% with 5 violations.
    elapsed time = 00:00:00, memory = 3043.25 (MB).
    Completing 80% with 5 violations.
    elapsed time = 00:00:04, memory = 3043.25 (MB).
    Completing 90% with 5 violations.
    elapsed time = 00:00:04, memory = 3043.25 (MB).
    Completing 100% with 5 violations.
    elapsed time = 00:00:06, memory = 3043.25 (MB).
[INFO DRT-0199]   Number of violations = 5.
[INFO DRT-0267] cpu time = 00:00:11, elapsed time = 00:00:07, memory = 3043.25 (MB), peak = 3096.38 (MB)
Total wire length = 858526 um.
Total wire length on LAYER metal1 = 0 um.
Total wire length on LAYER metal2 = 183737 um.
Total wire length on LAYER metal3 = 273419 um.
Total wire length on LAYER metal4 = 173881 um.
Total wire length on LAYER metal5 = 147548 um.
Total wire length on LAYER metal6 = 64934 um.
Total wire length on LAYER metal7 = 14000 um.
Total wire length on LAYER metal8 = 1004 um.
Total wire length on LAYER metal9 = 0 um.
Total wire length on LAYER metal10 = 0 um.
Total number of vias = 505667.
Up-via summary (total 505667):.

-----------------
 active         0
 metal1    207444
 metal2    195987
 metal3     62259
 metal4     29890
 metal5      8846
 metal6      1159
 metal7        82
 metal8         0
 metal9         0
-----------------
           505667


[INFO DRT-0195] Start 16th optimization iteration.
    Completing 10% with 5 violations.
    elapsed time = 00:00:00, memory = 3043.25 (MB).
    Completing 20% with 5 violations.
    elapsed time = 00:00:00, memory = 3043.25 (MB).
    Completing 30% with 5 violations.
    elapsed time = 00:00:00, memory = 3043.25 (MB).
    Completing 40% with 5 violations.
    elapsed time = 00:00:00, memory = 3043.25 (MB).
    Completing 50% with 5 violations.
    elapsed time = 00:00:00, memory = 3043.25 (MB).
    Completing 60% with 5 violations.
    elapsed time = 00:00:00, memory = 3043.25 (MB).
    Completing 70% with 5 violations.
    elapsed time = 00:00:00, memory = 3043.25 (MB).
    Completing 80% with 5 violations.
    elapsed time = 00:00:00, memory = 3043.25 (MB).
    Completing 90% with 5 violations.
    elapsed time = 00:00:00, memory = 3043.25 (MB).
    Completing 100% with 5 violations.
    elapsed time = 00:00:00, memory = 3043.25 (MB).
[INFO DRT-0199]   Number of violations = 5.
[INFO DRT-0267] cpu time = 00:00:01, elapsed time = 00:00:01, memory = 3043.25 (MB), peak = 3096.38 (MB)
Total wire length = 858526 um.
Total wire length on LAYER metal1 = 0 um.
Total wire length on LAYER metal2 = 183737 um.
Total wire length on LAYER metal3 = 273419 um.
Total wire length on LAYER metal4 = 173881 um.
Total wire length on LAYER metal5 = 147548 um.
Total wire length on LAYER metal6 = 64934 um.
Total wire length on LAYER metal7 = 14000 um.
Total wire length on LAYER metal8 = 1004 um.
Total wire length on LAYER metal9 = 0 um.
Total wire length on LAYER metal10 = 0 um.
Total number of vias = 505667.
Up-via summary (total 505667):.

-----------------
 active         0
 metal1    207444
 metal2    195987
 metal3     62259
 metal4     29890
 metal5      8846
 metal6      1159
 metal7        82
 metal8         0
 metal9         0
-----------------
           505667


[INFO DRT-0195] Start 17th optimization iteration.
    Completing 10% with 5 violations.
    elapsed time = 00:00:00, memory = 3043.25 (MB).
    Completing 20% with 5 violations.
    elapsed time = 00:00:00, memory = 3043.25 (MB).
    Completing 30% with 5 violations.
    elapsed time = 00:00:00, memory = 3043.25 (MB).
    Completing 40% with 5 violations.
    elapsed time = 00:00:00, memory = 3043.25 (MB).
    Completing 50% with 5 violations.
    elapsed time = 00:00:00, memory = 3043.25 (MB).
    Completing 60% with 5 violations.
    elapsed time = 00:00:00, memory = 3043.25 (MB).
    Completing 70% with 5 violations.
    elapsed time = 00:00:00, memory = 3043.25 (MB).
    Completing 80% with 8 violations.
    elapsed time = 00:00:13, memory = 3043.25 (MB).
    Completing 90% with 8 violations.
    elapsed time = 00:00:13, memory = 3043.25 (MB).
    Completing 100% with 7 violations.
    elapsed time = 00:00:14, memory = 3043.25 (MB).
[INFO DRT-0199]   Number of violations = 7.
[INFO DRT-0267] cpu time = 00:00:17, elapsed time = 00:00:15, memory = 3043.25 (MB), peak = 3096.38 (MB)
Total wire length = 858461 um.
Total wire length on LAYER metal1 = 0 um.
Total wire length on LAYER metal2 = 183850 um.
Total wire length on LAYER metal3 = 273536 um.
Total wire length on LAYER metal4 = 173783 um.
Total wire length on LAYER metal5 = 147409 um.
Total wire length on LAYER metal6 = 64879 um.
Total wire length on LAYER metal7 = 13996 um.
Total wire length on LAYER metal8 = 1004 um.
Total wire length on LAYER metal9 = 0 um.
Total wire length on LAYER metal10 = 0 um.
Total number of vias = 505634.
Up-via summary (total 505634):.

-----------------
 active         0
 metal1    207444
 metal2    196067
 metal3     62210
 metal4     29842
 metal5      8830
 metal6      1159
 metal7        82
 metal8         0
 metal9         0
-----------------
           505634


[INFO DRT-0195] Start 18th optimization iteration.
    Completing 10% with 7 violations.
    elapsed time = 00:00:00, memory = 3043.25 (MB).
    Completing 20% with 7 violations.
    elapsed time = 00:00:00, memory = 3043.25 (MB).
    Completing 30% with 7 violations.
    elapsed time = 00:00:00, memory = 3043.25 (MB).
    Completing 40% with 7 violations.
    elapsed time = 00:00:00, memory = 3043.25 (MB).
    Completing 50% with 7 violations.
    elapsed time = 00:00:00, memory = 3043.25 (MB).
    Completing 60% with 7 violations.
    elapsed time = 00:00:00, memory = 3043.25 (MB).
    Completing 70% with 7 violations.
    elapsed time = 00:00:00, memory = 3043.25 (MB).
    Completing 80% with 6 violations.
    elapsed time = 00:00:01, memory = 3043.25 (MB).
    Completing 90% with 6 violations.
    elapsed time = 00:00:01, memory = 3043.25 (MB).
    Completing 100% with 4 violations.
    elapsed time = 00:00:02, memory = 3043.25 (MB).
[INFO DRT-0199]   Number of violations = 4.
[INFO DRT-0267] cpu time = 00:00:02, elapsed time = 00:00:02, memory = 3043.25 (MB), peak = 3096.38 (MB)
Total wire length = 858461 um.
Total wire length on LAYER metal1 = 0 um.
Total wire length on LAYER metal2 = 183850 um.
Total wire length on LAYER metal3 = 273536 um.
Total wire length on LAYER metal4 = 173783 um.
Total wire length on LAYER metal5 = 147409 um.
Total wire length on LAYER metal6 = 64879 um.
Total wire length on LAYER metal7 = 13996 um.
Total wire length on LAYER metal8 = 1004 um.
Total wire length on LAYER metal9 = 0 um.
Total wire length on LAYER metal10 = 0 um.
Total number of vias = 505634.
Up-via summary (total 505634):.

-----------------
 active         0
 metal1    207444
 metal2    196067
 metal3     62210
 metal4     29842
 metal5      8830
 metal6      1159
 metal7        82
 metal8         0
 metal9         0
-----------------
           505634


[INFO DRT-0195] Start 19th optimization iteration.
    Completing 10% with 4 violations.
    elapsed time = 00:00:00, memory = 3043.25 (MB).
    Completing 20% with 4 violations.
    elapsed time = 00:00:00, memory = 3043.25 (MB).
    Completing 30% with 4 violations.
    elapsed time = 00:00:00, memory = 3043.25 (MB).
    Completing 40% with 4 violations.
    elapsed time = 00:00:00, memory = 3043.25 (MB).
    Completing 50% with 4 violations.
    elapsed time = 00:00:00, memory = 3043.25 (MB).
    Completing 60% with 4 violations.
    elapsed time = 00:00:00, memory = 3043.25 (MB).
    Completing 70% with 4 violations.
    elapsed time = 00:00:00, memory = 3043.25 (MB).
    Completing 80% with 4 violations.
    elapsed time = 00:00:02, memory = 3043.25 (MB).
    Completing 90% with 4 violations.
    elapsed time = 00:00:02, memory = 3043.25 (MB).
    Completing 100% with 4 violations.
    elapsed time = 00:00:02, memory = 3043.25 (MB).
[INFO DRT-0199]   Number of violations = 4.
[INFO DRT-0267] cpu time = 00:00:02, elapsed time = 00:00:02, memory = 3043.25 (MB), peak = 3096.38 (MB)
Total wire length = 858461 um.
Total wire length on LAYER metal1 = 0 um.
Total wire length on LAYER metal2 = 183850 um.
Total wire length on LAYER metal3 = 273536 um.
Total wire length on LAYER metal4 = 173783 um.
Total wire length on LAYER metal5 = 147409 um.
Total wire length on LAYER metal6 = 64879 um.
Total wire length on LAYER metal7 = 13996 um.
Total wire length on LAYER metal8 = 1004 um.
Total wire length on LAYER metal9 = 0 um.
Total wire length on LAYER metal10 = 0 um.
Total number of vias = 505634.
Up-via summary (total 505634):.

-----------------
 active         0
 metal1    207444
 metal2    196067
 metal3     62210
 metal4     29842
 metal5      8830
 metal6      1159
 metal7        82
 metal8         0
 metal9         0
-----------------
           505634


[INFO DRT-0195] Start 20th optimization iteration.
    Completing 10% with 4 violations.
    elapsed time = 00:00:00, memory = 3043.25 (MB).
    Completing 20% with 4 violations.
    elapsed time = 00:00:00, memory = 3043.25 (MB).
    Completing 30% with 4 violations.
    elapsed time = 00:00:00, memory = 3043.25 (MB).
    Completing 40% with 4 violations.
    elapsed time = 00:00:00, memory = 3043.25 (MB).
    Completing 50% with 4 violations.
    elapsed time = 00:00:00, memory = 3043.25 (MB).
    Completing 60% with 4 violations.
    elapsed time = 00:00:00, memory = 3043.25 (MB).
    Completing 70% with 4 violations.
    elapsed time = 00:00:00, memory = 3043.25 (MB).
    Completing 80% with 4 violations.
    elapsed time = 00:00:03, memory = 3043.25 (MB).
    Completing 90% with 4 violations.
    elapsed time = 00:00:03, memory = 3043.25 (MB).
    Completing 100% with 4 violations.
    elapsed time = 00:00:03, memory = 3043.25 (MB).
[INFO DRT-0199]   Number of violations = 4.
[INFO DRT-0267] cpu time = 00:00:04, elapsed time = 00:00:04, memory = 3043.25 (MB), peak = 3096.38 (MB)
Total wire length = 858461 um.
Total wire length on LAYER metal1 = 0 um.
Total wire length on LAYER metal2 = 183850 um.
Total wire length on LAYER metal3 = 273536 um.
Total wire length on LAYER metal4 = 173783 um.
Total wire length on LAYER metal5 = 147409 um.
Total wire length on LAYER metal6 = 64879 um.
Total wire length on LAYER metal7 = 13996 um.
Total wire length on LAYER metal8 = 1004 um.
Total wire length on LAYER metal9 = 0 um.
Total wire length on LAYER metal10 = 0 um.
Total number of vias = 505634.
Up-via summary (total 505634):.

-----------------
 active         0
 metal1    207444
 metal2    196067
 metal3     62210
 metal4     29842
 metal5      8830
 metal6      1159
 metal7        82
 metal8         0
 metal9         0
-----------------
           505634


[INFO DRT-0195] Start 21st optimization iteration.
    Completing 10% with 4 violations.
    elapsed time = 00:00:00, memory = 3043.25 (MB).
    Completing 20% with 4 violations.
    elapsed time = 00:00:00, memory = 3043.25 (MB).
    Completing 30% with 4 violations.
    elapsed time = 00:00:00, memory = 3043.25 (MB).
    Completing 40% with 4 violations.
    elapsed time = 00:00:00, memory = 3043.25 (MB).
    Completing 50% with 4 violations.
    elapsed time = 00:00:00, memory = 3043.25 (MB).
    Completing 60% with 4 violations.
    elapsed time = 00:00:00, memory = 3043.25 (MB).
    Completing 70% with 4 violations.
    elapsed time = 00:00:00, memory = 3043.25 (MB).
    Completing 80% with 4 violations.
    elapsed time = 00:00:05, memory = 3043.25 (MB).
    Completing 90% with 4 violations.
    elapsed time = 00:00:05, memory = 3043.25 (MB).
    Completing 100% with 4 violations.
    elapsed time = 00:00:05, memory = 3043.25 (MB).
[INFO DRT-0199]   Number of violations = 4.
[INFO DRT-0267] cpu time = 00:00:05, elapsed time = 00:00:05, memory = 3043.25 (MB), peak = 3096.38 (MB)
Total wire length = 858461 um.
Total wire length on LAYER metal1 = 0 um.
Total wire length on LAYER metal2 = 183850 um.
Total wire length on LAYER metal3 = 273536 um.
Total wire length on LAYER metal4 = 173783 um.
Total wire length on LAYER metal5 = 147409 um.
Total wire length on LAYER metal6 = 64879 um.
Total wire length on LAYER metal7 = 13996 um.
Total wire length on LAYER metal8 = 1004 um.
Total wire length on LAYER metal9 = 0 um.
Total wire length on LAYER metal10 = 0 um.
Total number of vias = 505634.
Up-via summary (total 505634):.

-----------------
 active         0
 metal1    207444
 metal2    196067
 metal3     62210
 metal4     29842
 metal5      8830
 metal6      1159
 metal7        82
 metal8         0
 metal9         0
-----------------
           505634


[INFO DRT-0195] Start 22nd optimization iteration.
    Completing 10% with 4 violations.
    elapsed time = 00:00:00, memory = 3043.25 (MB).
    Completing 20% with 4 violations.
    elapsed time = 00:00:00, memory = 3043.25 (MB).
    Completing 30% with 4 violations.
    elapsed time = 00:00:00, memory = 3043.25 (MB).
    Completing 40% with 4 violations.
    elapsed time = 00:00:00, memory = 3043.25 (MB).
    Completing 50% with 4 violations.
    elapsed time = 00:00:00, memory = 3043.25 (MB).
    Completing 60% with 4 violations.
    elapsed time = 00:00:00, memory = 3043.25 (MB).
    Completing 70% with 4 violations.
    elapsed time = 00:00:00, memory = 3043.25 (MB).
    Completing 80% with 4 violations.
    elapsed time = 00:00:06, memory = 3043.25 (MB).
    Completing 90% with 4 violations.
    elapsed time = 00:00:06, memory = 3043.25 (MB).
    Completing 100% with 4 violations.
    elapsed time = 00:00:06, memory = 3043.25 (MB).
[INFO DRT-0199]   Number of violations = 4.
[INFO DRT-0267] cpu time = 00:00:07, elapsed time = 00:00:07, memory = 3043.25 (MB), peak = 3096.38 (MB)
Total wire length = 858461 um.
Total wire length on LAYER metal1 = 0 um.
Total wire length on LAYER metal2 = 183850 um.
Total wire length on LAYER metal3 = 273536 um.
Total wire length on LAYER metal4 = 173783 um.
Total wire length on LAYER metal5 = 147409 um.
Total wire length on LAYER metal6 = 64879 um.
Total wire length on LAYER metal7 = 13996 um.
Total wire length on LAYER metal8 = 1004 um.
Total wire length on LAYER metal9 = 0 um.
Total wire length on LAYER metal10 = 0 um.
Total number of vias = 505634.
Up-via summary (total 505634):.

-----------------
 active         0
 metal1    207444
 metal2    196067
 metal3     62210
 metal4     29842
 metal5      8830
 metal6      1159
 metal7        82
 metal8         0
 metal9         0
-----------------
           505634


[INFO DRT-0195] Start 23rd optimization iteration.
    Completing 10% with 4 violations.
    elapsed time = 00:00:00, memory = 3043.25 (MB).
    Completing 20% with 4 violations.
    elapsed time = 00:00:00, memory = 3043.25 (MB).
    Completing 30% with 4 violations.
    elapsed time = 00:00:00, memory = 3043.25 (MB).
    Completing 40% with 4 violations.
    elapsed time = 00:00:00, memory = 3043.25 (MB).
    Completing 50% with 4 violations.
    elapsed time = 00:00:00, memory = 3043.25 (MB).
    Completing 60% with 4 violations.
    elapsed time = 00:00:00, memory = 3043.25 (MB).
    Completing 70% with 4 violations.
    elapsed time = 00:00:00, memory = 3043.25 (MB).
    Completing 80% with 4 violations.
    elapsed time = 00:00:09, memory = 3043.25 (MB).
    Completing 90% with 4 violations.
    elapsed time = 00:00:09, memory = 3043.25 (MB).
    Completing 100% with 4 violations.
    elapsed time = 00:00:09, memory = 3043.25 (MB).
[INFO DRT-0199]   Number of violations = 4.
[INFO DRT-0267] cpu time = 00:00:09, elapsed time = 00:00:09, memory = 3043.25 (MB), peak = 3096.38 (MB)
Total wire length = 858461 um.
Total wire length on LAYER metal1 = 0 um.
Total wire length on LAYER metal2 = 183850 um.
Total wire length on LAYER metal3 = 273536 um.
Total wire length on LAYER metal4 = 173783 um.
Total wire length on LAYER metal5 = 147409 um.
Total wire length on LAYER metal6 = 64879 um.
Total wire length on LAYER metal7 = 13996 um.
Total wire length on LAYER metal8 = 1004 um.
Total wire length on LAYER metal9 = 0 um.
Total wire length on LAYER metal10 = 0 um.
Total number of vias = 505634.
Up-via summary (total 505634):.

-----------------
 active         0
 metal1    207444
 metal2    196067
 metal3     62210
 metal4     29842
 metal5      8830
 metal6      1159
 metal7        82
 metal8         0
 metal9         0
-----------------
           505634


[INFO DRT-0195] Start 24th optimization iteration.
    Completing 10% with 4 violations.
    elapsed time = 00:00:00, memory = 3043.25 (MB).
    Completing 20% with 4 violations.
    elapsed time = 00:00:00, memory = 3043.25 (MB).
    Completing 30% with 3 violations.
    elapsed time = 00:00:00, memory = 3043.25 (MB).
    Completing 40% with 3 violations.
    elapsed time = 00:00:00, memory = 3043.25 (MB).
    Completing 50% with 3 violations.
    elapsed time = 00:00:00, memory = 3043.25 (MB).
    Completing 60% with 2 violations.
    elapsed time = 00:00:00, memory = 3043.25 (MB).
    Completing 70% with 2 violations.
    elapsed time = 00:00:00, memory = 3043.25 (MB).
    Completing 80% with 2 violations.
    elapsed time = 00:00:00, memory = 3043.25 (MB).
    Completing 90% with 2 violations.
    elapsed time = 00:00:00, memory = 3043.25 (MB).
    Completing 100% with 2 violations.
    elapsed time = 00:00:00, memory = 3043.25 (MB).
[INFO DRT-0199]   Number of violations = 2.
[INFO DRT-0267] cpu time = 00:00:01, elapsed time = 00:00:01, memory = 3043.25 (MB), peak = 3096.38 (MB)
Total wire length = 858461 um.
Total wire length on LAYER metal1 = 0 um.
Total wire length on LAYER metal2 = 183850 um.
Total wire length on LAYER metal3 = 273536 um.
Total wire length on LAYER metal4 = 173783 um.
Total wire length on LAYER metal5 = 147409 um.
Total wire length on LAYER metal6 = 64879 um.
Total wire length on LAYER metal7 = 13996 um.
Total wire length on LAYER metal8 = 1004 um.
Total wire length on LAYER metal9 = 0 um.
Total wire length on LAYER metal10 = 0 um.
Total number of vias = 505634.
Up-via summary (total 505634):.

-----------------
 active         0
 metal1    207444
 metal2    196067
 metal3     62210
 metal4     29842
 metal5      8830
 metal6      1159
 metal7        82
 metal8         0
 metal9         0
-----------------
           505634


[INFO DRT-0195] Start 25th optimization iteration.
    Completing 10% with 2 violations.
    elapsed time = 00:00:00, memory = 3043.25 (MB).
    Completing 20% with 2 violations.
    elapsed time = 00:00:00, memory = 3043.25 (MB).
    Completing 30% with 2 violations.
    elapsed time = 00:00:00, memory = 3043.25 (MB).
    Completing 40% with 2 violations.
    elapsed time = 00:00:00, memory = 3043.25 (MB).
    Completing 50% with 2 violations.
    elapsed time = 00:00:00, memory = 3043.25 (MB).
    Completing 60% with 2 violations.
    elapsed time = 00:00:06, memory = 3043.25 (MB).
    Completing 70% with 2 violations.
    elapsed time = 00:00:06, memory = 3043.25 (MB).
    Completing 80% with 2 violations.
    elapsed time = 00:00:06, memory = 3043.25 (MB).
    Completing 90% with 2 violations.
    elapsed time = 00:00:06, memory = 3043.25 (MB).
    Completing 100% with 2 violations.
    elapsed time = 00:00:06, memory = 3043.25 (MB).
[INFO DRT-0199]   Number of violations = 2.
[INFO DRT-0267] cpu time = 00:00:07, elapsed time = 00:00:07, memory = 3043.25 (MB), peak = 3096.38 (MB)
Total wire length = 858465 um.
Total wire length on LAYER metal1 = 0 um.
Total wire length on LAYER metal2 = 183861 um.
Total wire length on LAYER metal3 = 273537 um.
Total wire length on LAYER metal4 = 173774 um.
Total wire length on LAYER metal5 = 147410 um.
Total wire length on LAYER metal6 = 64880 um.
Total wire length on LAYER metal7 = 13996 um.
Total wire length on LAYER metal8 = 1004 um.
Total wire length on LAYER metal9 = 0 um.
Total wire length on LAYER metal10 = 0 um.
Total number of vias = 505632.
Up-via summary (total 505632):.

-----------------
 active         0
 metal1    207444
 metal2    196074
 metal3     62201
 metal4     29842
 metal5      8830
 metal6      1159
 metal7        82
 metal8         0
 metal9         0
-----------------
           505632


[INFO DRT-0195] Start 26th optimization iteration.
    Completing 10% with 2 violations.
    elapsed time = 00:00:00, memory = 3043.25 (MB).
    Completing 20% with 2 violations.
    elapsed time = 00:00:00, memory = 3043.25 (MB).
    Completing 30% with 2 violations.
    elapsed time = 00:00:00, memory = 3043.25 (MB).
    Completing 40% with 2 violations.
    elapsed time = 00:00:00, memory = 3043.25 (MB).
    Completing 50% with 2 violations.
    elapsed time = 00:00:00, memory = 3043.25 (MB).
    Completing 60% with 2 violations.
    elapsed time = 00:00:00, memory = 3043.25 (MB).
    Completing 70% with 2 violations.
    elapsed time = 00:00:00, memory = 3043.25 (MB).
    Completing 80% with 2 violations.
    elapsed time = 00:00:00, memory = 3043.25 (MB).
    Completing 90% with 2 violations.
    elapsed time = 00:00:00, memory = 3043.25 (MB).
    Completing 100% with 2 violations.
    elapsed time = 00:00:00, memory = 3043.25 (MB).
[INFO DRT-0199]   Number of violations = 2.
[INFO DRT-0267] cpu time = 00:00:01, elapsed time = 00:00:01, memory = 3043.25 (MB), peak = 3096.38 (MB)
Total wire length = 858465 um.
Total wire length on LAYER metal1 = 0 um.
Total wire length on LAYER metal2 = 183861 um.
Total wire length on LAYER metal3 = 273537 um.
Total wire length on LAYER metal4 = 173774 um.
Total wire length on LAYER metal5 = 147410 um.
Total wire length on LAYER metal6 = 64880 um.
Total wire length on LAYER metal7 = 13996 um.
Total wire length on LAYER metal8 = 1004 um.
Total wire length on LAYER metal9 = 0 um.
Total wire length on LAYER metal10 = 0 um.
Total number of vias = 505632.
Up-via summary (total 505632):.

-----------------
 active         0
 metal1    207444
 metal2    196074
 metal3     62201
 metal4     29842
 metal5      8830
 metal6      1159
 metal7        82
 metal8         0
 metal9         0
-----------------
           505632


[INFO DRT-0195] Start 27th optimization iteration.
    Completing 10% with 2 violations.
    elapsed time = 00:00:00, memory = 3043.25 (MB).
    Completing 20% with 2 violations.
    elapsed time = 00:00:00, memory = 3043.25 (MB).
    Completing 30% with 2 violations.
    elapsed time = 00:00:00, memory = 3043.25 (MB).
    Completing 40% with 2 violations.
    elapsed time = 00:00:00, memory = 3043.25 (MB).
    Completing 50% with 2 violations.
    elapsed time = 00:00:00, memory = 3043.25 (MB).
    Completing 60% with 2 violations.
    elapsed time = 00:00:00, memory = 3043.25 (MB).
    Completing 70% with 2 violations.
    elapsed time = 00:00:00, memory = 3043.25 (MB).
    Completing 80% with 2 violations.
    elapsed time = 00:00:01, memory = 3043.25 (MB).
    Completing 90% with 2 violations.
    elapsed time = 00:00:01, memory = 3043.25 (MB).
    Completing 100% with 2 violations.
    elapsed time = 00:00:01, memory = 3043.25 (MB).
[INFO DRT-0199]   Number of violations = 2.
[INFO DRT-0267] cpu time = 00:00:01, elapsed time = 00:00:01, memory = 3043.25 (MB), peak = 3096.38 (MB)
Total wire length = 858465 um.
Total wire length on LAYER metal1 = 0 um.
Total wire length on LAYER metal2 = 183861 um.
Total wire length on LAYER metal3 = 273537 um.
Total wire length on LAYER metal4 = 173774 um.
Total wire length on LAYER metal5 = 147410 um.
Total wire length on LAYER metal6 = 64880 um.
Total wire length on LAYER metal7 = 13996 um.
Total wire length on LAYER metal8 = 1004 um.
Total wire length on LAYER metal9 = 0 um.
Total wire length on LAYER metal10 = 0 um.
Total number of vias = 505632.
Up-via summary (total 505632):.

-----------------
 active         0
 metal1    207444
 metal2    196074
 metal3     62201
 metal4     29842
 metal5      8830
 metal6      1159
 metal7        82
 metal8         0
 metal9         0
-----------------
           505632


[INFO DRT-0195] Start 28th optimization iteration.
    Completing 10% with 2 violations.
    elapsed time = 00:00:00, memory = 3043.25 (MB).
    Completing 20% with 2 violations.
    elapsed time = 00:00:00, memory = 3043.25 (MB).
    Completing 30% with 2 violations.
    elapsed time = 00:00:00, memory = 3043.25 (MB).
    Completing 40% with 2 violations.
    elapsed time = 00:00:00, memory = 3043.25 (MB).
    Completing 50% with 2 violations.
    elapsed time = 00:00:00, memory = 3043.25 (MB).
    Completing 60% with 2 violations.
    elapsed time = 00:00:00, memory = 3043.25 (MB).
    Completing 70% with 2 violations.
    elapsed time = 00:00:00, memory = 3043.25 (MB).
    Completing 80% with 2 violations.
    elapsed time = 00:00:01, memory = 3043.25 (MB).
    Completing 90% with 2 violations.
    elapsed time = 00:00:01, memory = 3043.25 (MB).
    Completing 100% with 2 violations.
    elapsed time = 00:00:01, memory = 3043.25 (MB).
[INFO DRT-0199]   Number of violations = 2.
[INFO DRT-0267] cpu time = 00:00:02, elapsed time = 00:00:02, memory = 3043.25 (MB), peak = 3096.38 (MB)
Total wire length = 858465 um.
Total wire length on LAYER metal1 = 0 um.
Total wire length on LAYER metal2 = 183861 um.
Total wire length on LAYER metal3 = 273537 um.
Total wire length on LAYER metal4 = 173774 um.
Total wire length on LAYER metal5 = 147410 um.
Total wire length on LAYER metal6 = 64880 um.
Total wire length on LAYER metal7 = 13996 um.
Total wire length on LAYER metal8 = 1004 um.
Total wire length on LAYER metal9 = 0 um.
Total wire length on LAYER metal10 = 0 um.
Total number of vias = 505632.
Up-via summary (total 505632):.

-----------------
 active         0
 metal1    207444
 metal2    196074
 metal3     62201
 metal4     29842
 metal5      8830
 metal6      1159
 metal7        82
 metal8         0
 metal9         0
-----------------
           505632


[INFO DRT-0195] Start 29th optimization iteration.
    Completing 10% with 2 violations.
    elapsed time = 00:00:00, memory = 3043.25 (MB).
    Completing 20% with 2 violations.
    elapsed time = 00:00:00, memory = 3043.25 (MB).
    Completing 30% with 2 violations.
    elapsed time = 00:00:00, memory = 3043.25 (MB).
    Completing 40% with 2 violations.
    elapsed time = 00:00:00, memory = 3043.25 (MB).
    Completing 50% with 2 violations.
    elapsed time = 00:00:00, memory = 3043.25 (MB).
    Completing 60% with 2 violations.
    elapsed time = 00:00:00, memory = 3043.25 (MB).
    Completing 70% with 2 violations.
    elapsed time = 00:00:00, memory = 3043.25 (MB).
    Completing 80% with 2 violations.
    elapsed time = 00:00:02, memory = 3043.25 (MB).
    Completing 90% with 2 violations.
    elapsed time = 00:00:02, memory = 3043.25 (MB).
    Completing 100% with 2 violations.
    elapsed time = 00:00:02, memory = 3043.25 (MB).
[INFO DRT-0199]   Number of violations = 2.
[INFO DRT-0267] cpu time = 00:00:02, elapsed time = 00:00:02, memory = 3043.25 (MB), peak = 3096.38 (MB)
Total wire length = 858465 um.
Total wire length on LAYER metal1 = 0 um.
Total wire length on LAYER metal2 = 183861 um.
Total wire length on LAYER metal3 = 273537 um.
Total wire length on LAYER metal4 = 173774 um.
Total wire length on LAYER metal5 = 147410 um.
Total wire length on LAYER metal6 = 64880 um.
Total wire length on LAYER metal7 = 13996 um.
Total wire length on LAYER metal8 = 1004 um.
Total wire length on LAYER metal9 = 0 um.
Total wire length on LAYER metal10 = 0 um.
Total number of vias = 505632.
Up-via summary (total 505632):.

-----------------
 active         0
 metal1    207444
 metal2    196074
 metal3     62201
 metal4     29842
 metal5      8830
 metal6      1159
 metal7        82
 metal8         0
 metal9         0
-----------------
           505632


[INFO DRT-0195] Start 30th optimization iteration.
    Completing 10% with 2 violations.
    elapsed time = 00:00:00, memory = 3043.25 (MB).
    Completing 20% with 2 violations.
    elapsed time = 00:00:00, memory = 3043.25 (MB).
    Completing 30% with 2 violations.
    elapsed time = 00:00:00, memory = 3043.25 (MB).
    Completing 40% with 2 violations.
    elapsed time = 00:00:00, memory = 3043.25 (MB).
    Completing 50% with 2 violations.
    elapsed time = 00:00:00, memory = 3043.25 (MB).
    Completing 60% with 2 violations.
    elapsed time = 00:00:00, memory = 3043.25 (MB).
    Completing 70% with 2 violations.
    elapsed time = 00:00:00, memory = 3043.25 (MB).
    Completing 80% with 2 violations.
    elapsed time = 00:00:03, memory = 3043.25 (MB).
    Completing 90% with 2 violations.
    elapsed time = 00:00:03, memory = 3043.25 (MB).
    Completing 100% with 2 violations.
    elapsed time = 00:00:03, memory = 3043.25 (MB).
[INFO DRT-0199]   Number of violations = 2.
[INFO DRT-0267] cpu time = 00:00:03, elapsed time = 00:00:03, memory = 3043.25 (MB), peak = 3096.38 (MB)
Total wire length = 858465 um.
Total wire length on LAYER metal1 = 0 um.
Total wire length on LAYER metal2 = 183861 um.
Total wire length on LAYER metal3 = 273537 um.
Total wire length on LAYER metal4 = 173774 um.
Total wire length on LAYER metal5 = 147410 um.
Total wire length on LAYER metal6 = 64880 um.
Total wire length on LAYER metal7 = 13996 um.
Total wire length on LAYER metal8 = 1004 um.
Total wire length on LAYER metal9 = 0 um.
Total wire length on LAYER metal10 = 0 um.
Total number of vias = 505632.
Up-via summary (total 505632):.

-----------------
 active         0
 metal1    207444
 metal2    196074
 metal3     62201
 metal4     29842
 metal5      8830
 metal6      1159
 metal7        82
 metal8         0
 metal9         0
-----------------
           505632


[INFO DRT-0195] Start 31st optimization iteration.
    Completing 10% with 2 violations.
    elapsed time = 00:00:00, memory = 3043.25 (MB).
    Completing 20% with 2 violations.
    elapsed time = 00:00:00, memory = 3043.25 (MB).
    Completing 30% with 2 violations.
    elapsed time = 00:00:00, memory = 3043.25 (MB).
    Completing 40% with 2 violations.
    elapsed time = 00:00:00, memory = 3043.25 (MB).
    Completing 50% with 2 violations.
    elapsed time = 00:00:00, memory = 3043.25 (MB).
    Completing 60% with 2 violations.
    elapsed time = 00:00:00, memory = 3043.25 (MB).
    Completing 70% with 2 violations.
    elapsed time = 00:00:00, memory = 3043.25 (MB).
    Completing 80% with 2 violations.
    elapsed time = 00:00:04, memory = 3043.25 (MB).
    Completing 90% with 2 violations.
    elapsed time = 00:00:04, memory = 3043.25 (MB).
    Completing 100% with 2 violations.
    elapsed time = 00:00:04, memory = 3043.25 (MB).
[INFO DRT-0199]   Number of violations = 2.
[INFO DRT-0267] cpu time = 00:00:04, elapsed time = 00:00:04, memory = 3043.25 (MB), peak = 3096.38 (MB)
Total wire length = 858465 um.
Total wire length on LAYER metal1 = 0 um.
Total wire length on LAYER metal2 = 183861 um.
Total wire length on LAYER metal3 = 273537 um.
Total wire length on LAYER metal4 = 173774 um.
Total wire length on LAYER metal5 = 147410 um.
Total wire length on LAYER metal6 = 64880 um.
Total wire length on LAYER metal7 = 13996 um.
Total wire length on LAYER metal8 = 1004 um.
Total wire length on LAYER metal9 = 0 um.
Total wire length on LAYER metal10 = 0 um.
Total number of vias = 505632.
Up-via summary (total 505632):.

-----------------
 active         0
 metal1    207444
 metal2    196074
 metal3     62201
 metal4     29842
 metal5      8830
 metal6      1159
 metal7        82
 metal8         0
 metal9         0
-----------------
           505632


[INFO DRT-0195] Start 32nd optimization iteration.
    Completing 10% with 2 violations.
    elapsed time = 00:00:00, memory = 3043.25 (MB).
    Completing 20% with 2 violations.
    elapsed time = 00:00:00, memory = 3043.25 (MB).
    Completing 30% with 2 violations.
    elapsed time = 00:00:00, memory = 3043.25 (MB).
    Completing 40% with 2 violations.
    elapsed time = 00:00:00, memory = 3043.25 (MB).
    Completing 50% with 2 violations.
    elapsed time = 00:00:00, memory = 3043.25 (MB).
    Completing 60% with 1 violations.
    elapsed time = 00:00:00, memory = 3043.25 (MB).
    Completing 70% with 1 violations.
    elapsed time = 00:00:00, memory = 3043.25 (MB).
    Completing 80% with 1 violations.
    elapsed time = 00:00:00, memory = 3043.25 (MB).
    Completing 90% with 1 violations.
    elapsed time = 00:00:00, memory = 3043.25 (MB).
    Completing 100% with 1 violations.
    elapsed time = 00:00:00, memory = 3043.25 (MB).
[INFO DRT-0199]   Number of violations = 1.
[INFO DRT-0267] cpu time = 00:00:00, elapsed time = 00:00:00, memory = 3043.25 (MB), peak = 3096.38 (MB)
Total wire length = 858465 um.
Total wire length on LAYER metal1 = 0 um.
Total wire length on LAYER metal2 = 183861 um.
Total wire length on LAYER metal3 = 273537 um.
Total wire length on LAYER metal4 = 173774 um.
Total wire length on LAYER metal5 = 147410 um.
Total wire length on LAYER metal6 = 64880 um.
Total wire length on LAYER metal7 = 13996 um.
Total wire length on LAYER metal8 = 1004 um.
Total wire length on LAYER metal9 = 0 um.
Total wire length on LAYER metal10 = 0 um.
Total number of vias = 505632.
Up-via summary (total 505632):.

-----------------
 active         0
 metal1    207444
 metal2    196074
 metal3     62201
 metal4     29842
 metal5      8830
 metal6      1159
 metal7        82
 metal8         0
 metal9         0
-----------------
           505632


[INFO DRT-0195] Start 33rd optimization iteration.
    Completing 10% with 1 violations.
    elapsed time = 00:00:00, memory = 3043.25 (MB).
    Completing 20% with 1 violations.
    elapsed time = 00:00:00, memory = 3043.25 (MB).
    Completing 30% with 1 violations.
    elapsed time = 00:00:00, memory = 3043.25 (MB).
    Completing 40% with 1 violations.
    elapsed time = 00:00:00, memory = 3043.25 (MB).
    Completing 50% with 1 violations.
    elapsed time = 00:00:00, memory = 3043.25 (MB).
    Completing 60% with 1 violations.
    elapsed time = 00:00:00, memory = 3043.25 (MB).
    Completing 70% with 1 violations.
    elapsed time = 00:00:00, memory = 3043.25 (MB).
    Completing 80% with 2 violations.
    elapsed time = 00:00:01, memory = 3043.25 (MB).
    Completing 90% with 2 violations.
    elapsed time = 00:00:01, memory = 3043.25 (MB).
    Completing 100% with 2 violations.
    elapsed time = 00:00:01, memory = 3043.25 (MB).
[INFO DRT-0199]   Number of violations = 2.
[INFO DRT-0267] cpu time = 00:00:02, elapsed time = 00:00:02, memory = 3043.25 (MB), peak = 3096.38 (MB)
Total wire length = 858468 um.
Total wire length on LAYER metal1 = 0 um.
Total wire length on LAYER metal2 = 183854 um.
Total wire length on LAYER metal3 = 273537 um.
Total wire length on LAYER metal4 = 173783 um.
Total wire length on LAYER metal5 = 147410 um.
Total wire length on LAYER metal6 = 64880 um.
Total wire length on LAYER metal7 = 13996 um.
Total wire length on LAYER metal8 = 1004 um.
Total wire length on LAYER metal9 = 0 um.
Total wire length on LAYER metal10 = 0 um.
Total number of vias = 505650.
Up-via summary (total 505650):.

-----------------
 active         0
 metal1    207444
 metal2    196082
 metal3     62211
 metal4     29842
 metal5      8830
 metal6      1159
 metal7        82
 metal8         0
 metal9         0
-----------------
           505650


[INFO DRT-0195] Start 34th optimization iteration.
    Completing 10% with 2 violations.
    elapsed time = 00:00:00, memory = 3043.25 (MB).
    Completing 20% with 2 violations.
    elapsed time = 00:00:00, memory = 3043.25 (MB).
    Completing 30% with 2 violations.
    elapsed time = 00:00:00, memory = 3043.25 (MB).
    Completing 40% with 2 violations.
    elapsed time = 00:00:00, memory = 3043.25 (MB).
    Completing 50% with 2 violations.
    elapsed time = 00:00:00, memory = 3043.25 (MB).
    Completing 60% with 2 violations.
    elapsed time = 00:00:00, memory = 3043.25 (MB).
    Completing 70% with 2 violations.
    elapsed time = 00:00:00, memory = 3043.25 (MB).
    Completing 80% with 2 violations.
    elapsed time = 00:00:00, memory = 3043.25 (MB).
    Completing 90% with 2 violations.
    elapsed time = 00:00:00, memory = 3043.25 (MB).
    Completing 100% with 1 violations.
    elapsed time = 00:00:00, memory = 3043.25 (MB).
[INFO DRT-0199]   Number of violations = 1.
[INFO DRT-0267] cpu time = 00:00:01, elapsed time = 00:00:01, memory = 3043.25 (MB), peak = 3096.38 (MB)
Total wire length = 858467 um.
Total wire length on LAYER metal1 = 0 um.
Total wire length on LAYER metal2 = 183854 um.
Total wire length on LAYER metal3 = 273537 um.
Total wire length on LAYER metal4 = 173783 um.
Total wire length on LAYER metal5 = 147410 um.
Total wire length on LAYER metal6 = 64880 um.
Total wire length on LAYER metal7 = 13996 um.
Total wire length on LAYER metal8 = 1004 um.
Total wire length on LAYER metal9 = 0 um.
Total wire length on LAYER metal10 = 0 um.
Total number of vias = 505650.
Up-via summary (total 505650):.

-----------------
 active         0
 metal1    207444
 metal2    196082
 metal3     62211
 metal4     29842
 metal5      8830
 metal6      1159
 metal7        82
 metal8         0
 metal9         0
-----------------
           505650


[INFO DRT-0195] Start 35th optimization iteration.
    Completing 10% with 1 violations.
    elapsed time = 00:00:00, memory = 3043.25 (MB).
    Completing 20% with 1 violations.
    elapsed time = 00:00:00, memory = 3043.25 (MB).
    Completing 30% with 1 violations.
    elapsed time = 00:00:00, memory = 3043.25 (MB).
    Completing 40% with 1 violations.
    elapsed time = 00:00:00, memory = 3043.25 (MB).
    Completing 50% with 1 violations.
    elapsed time = 00:00:00, memory = 3043.25 (MB).
    Completing 60% with 1 violations.
    elapsed time = 00:00:00, memory = 3043.25 (MB).
    Completing 70% with 1 violations.
    elapsed time = 00:00:00, memory = 3043.25 (MB).
    Completing 80% with 1 violations.
    elapsed time = 00:00:00, memory = 3043.25 (MB).
    Completing 90% with 1 violations.
    elapsed time = 00:00:00, memory = 3043.25 (MB).
    Completing 100% with 1 violations.
    elapsed time = 00:00:00, memory = 3043.25 (MB).
[INFO DRT-0199]   Number of violations = 1.
[INFO DRT-0267] cpu time = 00:00:01, elapsed time = 00:00:01, memory = 3043.25 (MB), peak = 3096.38 (MB)
Total wire length = 858467 um.
Total wire length on LAYER metal1 = 0 um.
Total wire length on LAYER metal2 = 183854 um.
Total wire length on LAYER metal3 = 273537 um.
Total wire length on LAYER metal4 = 173783 um.
Total wire length on LAYER metal5 = 147410 um.
Total wire length on LAYER metal6 = 64880 um.
Total wire length on LAYER metal7 = 13996 um.
Total wire length on LAYER metal8 = 1004 um.
Total wire length on LAYER metal9 = 0 um.
Total wire length on LAYER metal10 = 0 um.
Total number of vias = 505650.
Up-via summary (total 505650):.

-----------------
 active         0
 metal1    207444
 metal2    196082
 metal3     62211
 metal4     29842
 metal5      8830
 metal6      1159
 metal7        82
 metal8         0
 metal9         0
-----------------
           505650


[INFO DRT-0195] Start 36th optimization iteration.
    Completing 10% with 1 violations.
    elapsed time = 00:00:00, memory = 3043.25 (MB).
    Completing 20% with 1 violations.
    elapsed time = 00:00:00, memory = 3043.25 (MB).
    Completing 30% with 1 violations.
    elapsed time = 00:00:00, memory = 3043.25 (MB).
    Completing 40% with 1 violations.
    elapsed time = 00:00:00, memory = 3043.25 (MB).
    Completing 50% with 1 violations.
    elapsed time = 00:00:00, memory = 3043.25 (MB).
    Completing 60% with 1 violations.
    elapsed time = 00:00:00, memory = 3043.25 (MB).
    Completing 70% with 1 violations.
    elapsed time = 00:00:00, memory = 3043.25 (MB).
    Completing 80% with 1 violations.
    elapsed time = 00:00:01, memory = 3043.25 (MB).
    Completing 90% with 1 violations.
    elapsed time = 00:00:01, memory = 3043.25 (MB).
    Completing 100% with 1 violations.
    elapsed time = 00:00:01, memory = 3043.25 (MB).
[INFO DRT-0199]   Number of violations = 1.
[INFO DRT-0267] cpu time = 00:00:01, elapsed time = 00:00:01, memory = 3043.25 (MB), peak = 3096.38 (MB)
Total wire length = 858467 um.
Total wire length on LAYER metal1 = 0 um.
Total wire length on LAYER metal2 = 183854 um.
Total wire length on LAYER metal3 = 273537 um.
Total wire length on LAYER metal4 = 173783 um.
Total wire length on LAYER metal5 = 147410 um.
Total wire length on LAYER metal6 = 64880 um.
Total wire length on LAYER metal7 = 13996 um.
Total wire length on LAYER metal8 = 1004 um.
Total wire length on LAYER metal9 = 0 um.
Total wire length on LAYER metal10 = 0 um.
Total number of vias = 505650.
Up-via summary (total 505650):.

-----------------
 active         0
 metal1    207444
 metal2    196082
 metal3     62211
 metal4     29842
 metal5      8830
 metal6      1159
 metal7        82
 metal8         0
 metal9         0
-----------------
           505650


[INFO DRT-0195] Start 37th optimization iteration.
    Completing 10% with 1 violations.
    elapsed time = 00:00:00, memory = 3043.25 (MB).
    Completing 20% with 1 violations.
    elapsed time = 00:00:00, memory = 3043.25 (MB).
    Completing 30% with 1 violations.
    elapsed time = 00:00:00, memory = 3043.25 (MB).
    Completing 40% with 1 violations.
    elapsed time = 00:00:00, memory = 3043.25 (MB).
    Completing 50% with 1 violations.
    elapsed time = 00:00:00, memory = 3043.25 (MB).
    Completing 60% with 1 violations.
    elapsed time = 00:00:00, memory = 3043.25 (MB).
    Completing 70% with 1 violations.
    elapsed time = 00:00:00, memory = 3043.25 (MB).
    Completing 80% with 1 violations.
    elapsed time = 00:00:01, memory = 3043.25 (MB).
    Completing 90% with 1 violations.
    elapsed time = 00:00:01, memory = 3043.25 (MB).
    Completing 100% with 1 violations.
    elapsed time = 00:00:01, memory = 3043.25 (MB).
[INFO DRT-0199]   Number of violations = 1.
[INFO DRT-0267] cpu time = 00:00:01, elapsed time = 00:00:01, memory = 3043.25 (MB), peak = 3096.38 (MB)
Total wire length = 858467 um.
Total wire length on LAYER metal1 = 0 um.
Total wire length on LAYER metal2 = 183854 um.
Total wire length on LAYER metal3 = 273537 um.
Total wire length on LAYER metal4 = 173783 um.
Total wire length on LAYER metal5 = 147410 um.
Total wire length on LAYER metal6 = 64880 um.
Total wire length on LAYER metal7 = 13996 um.
Total wire length on LAYER metal8 = 1004 um.
Total wire length on LAYER metal9 = 0 um.
Total wire length on LAYER metal10 = 0 um.
Total number of vias = 505650.
Up-via summary (total 505650):.

-----------------
 active         0
 metal1    207444
 metal2    196082
 metal3     62211
 metal4     29842
 metal5      8830
 metal6      1159
 metal7        82
 metal8         0
 metal9         0
-----------------
           505650


[INFO DRT-0195] Start 38th optimization iteration.
    Completing 10% with 1 violations.
    elapsed time = 00:00:00, memory = 3043.25 (MB).
    Completing 20% with 1 violations.
    elapsed time = 00:00:00, memory = 3043.25 (MB).
    Completing 30% with 1 violations.
    elapsed time = 00:00:00, memory = 3043.25 (MB).
    Completing 40% with 1 violations.
    elapsed time = 00:00:00, memory = 3043.25 (MB).
    Completing 50% with 1 violations.
    elapsed time = 00:00:00, memory = 3043.25 (MB).
    Completing 60% with 1 violations.
    elapsed time = 00:00:00, memory = 3043.25 (MB).
    Completing 70% with 1 violations.
    elapsed time = 00:00:00, memory = 3043.25 (MB).
    Completing 80% with 1 violations.
    elapsed time = 00:00:01, memory = 3043.25 (MB).
    Completing 90% with 1 violations.
    elapsed time = 00:00:01, memory = 3043.25 (MB).
    Completing 100% with 1 violations.
    elapsed time = 00:00:01, memory = 3043.25 (MB).
[INFO DRT-0199]   Number of violations = 1.
[INFO DRT-0267] cpu time = 00:00:02, elapsed time = 00:00:02, memory = 3043.25 (MB), peak = 3096.38 (MB)
Total wire length = 858467 um.
Total wire length on LAYER metal1 = 0 um.
Total wire length on LAYER metal2 = 183854 um.
Total wire length on LAYER metal3 = 273537 um.
Total wire length on LAYER metal4 = 173783 um.
Total wire length on LAYER metal5 = 147410 um.
Total wire length on LAYER metal6 = 64880 um.
Total wire length on LAYER metal7 = 13996 um.
Total wire length on LAYER metal8 = 1004 um.
Total wire length on LAYER metal9 = 0 um.
Total wire length on LAYER metal10 = 0 um.
Total number of vias = 505650.
Up-via summary (total 505650):.

-----------------
 active         0
 metal1    207444
 metal2    196082
 metal3     62211
 metal4     29842
 metal5      8830
 metal6      1159
 metal7        82
 metal8         0
 metal9         0
-----------------
           505650


[INFO DRT-0195] Start 39th optimization iteration.
    Completing 10% with 1 violations.
    elapsed time = 00:00:00, memory = 3043.25 (MB).
    Completing 20% with 1 violations.
    elapsed time = 00:00:00, memory = 3043.25 (MB).
    Completing 30% with 1 violations.
    elapsed time = 00:00:00, memory = 3043.25 (MB).
    Completing 40% with 1 violations.
    elapsed time = 00:00:00, memory = 3043.25 (MB).
    Completing 50% with 1 violations.
    elapsed time = 00:00:00, memory = 3043.25 (MB).
    Completing 60% with 1 violations.
    elapsed time = 00:00:00, memory = 3043.25 (MB).
    Completing 70% with 1 violations.
    elapsed time = 00:00:00, memory = 3043.25 (MB).
    Completing 80% with 1 violations.
    elapsed time = 00:00:02, memory = 3043.25 (MB).
    Completing 90% with 1 violations.
    elapsed time = 00:00:02, memory = 3043.25 (MB).
    Completing 100% with 1 violations.
    elapsed time = 00:00:02, memory = 3043.25 (MB).
[INFO DRT-0199]   Number of violations = 1.
[INFO DRT-0267] cpu time = 00:00:02, elapsed time = 00:00:02, memory = 3043.25 (MB), peak = 3096.38 (MB)
Total wire length = 858467 um.
Total wire length on LAYER metal1 = 0 um.
Total wire length on LAYER metal2 = 183854 um.
Total wire length on LAYER metal3 = 273537 um.
Total wire length on LAYER metal4 = 173783 um.
Total wire length on LAYER metal5 = 147410 um.
Total wire length on LAYER metal6 = 64880 um.
Total wire length on LAYER metal7 = 13996 um.
Total wire length on LAYER metal8 = 1004 um.
Total wire length on LAYER metal9 = 0 um.
Total wire length on LAYER metal10 = 0 um.
Total number of vias = 505650.
Up-via summary (total 505650):.

-----------------
 active         0
 metal1    207444
 metal2    196082
 metal3     62211
 metal4     29842
 metal5      8830
 metal6      1159
 metal7        82
 metal8         0
 metal9         0
-----------------
           505650


[INFO DRT-0195] Start 40th optimization iteration.
    Completing 10% with 1 violations.
    elapsed time = 00:00:00, memory = 3043.25 (MB).
    Completing 20% with 1 violations.
    elapsed time = 00:00:00, memory = 3043.25 (MB).
    Completing 30% with 1 violations.
    elapsed time = 00:00:00, memory = 3043.25 (MB).
    Completing 40% with 1 violations.
    elapsed time = 00:00:00, memory = 3043.25 (MB).
    Completing 50% with 1 violations.
    elapsed time = 00:00:00, memory = 3043.25 (MB).
    Completing 60% with 0 violations.
    elapsed time = 00:00:00, memory = 3043.25 (MB).
    Completing 70% with 0 violations.
    elapsed time = 00:00:00, memory = 3043.25 (MB).
    Completing 80% with 0 violations.
    elapsed time = 00:00:00, memory = 3043.25 (MB).
    Completing 90% with 0 violations.
    elapsed time = 00:00:00, memory = 3043.25 (MB).
    Completing 100% with 0 violations.
    elapsed time = 00:00:00, memory = 3043.25 (MB).
[INFO DRT-0199]   Number of violations = 0.
[INFO DRT-0267] cpu time = 00:00:00, elapsed time = 00:00:00, memory = 3043.25 (MB), peak = 3096.38 (MB)
Total wire length = 858467 um.
Total wire length on LAYER metal1 = 0 um.
Total wire length on LAYER metal2 = 183854 um.
Total wire length on LAYER metal3 = 273537 um.
Total wire length on LAYER metal4 = 173783 um.
Total wire length on LAYER metal5 = 147410 um.
Total wire length on LAYER metal6 = 64880 um.
Total wire length on LAYER metal7 = 13996 um.
Total wire length on LAYER metal8 = 1004 um.
Total wire length on LAYER metal9 = 0 um.
Total wire length on LAYER metal10 = 0 um.
Total number of vias = 505650.
Up-via summary (total 505650):.

-----------------
 active         0
 metal1    207444
 metal2    196082
 metal3     62211
 metal4     29842
 metal5      8830
 metal6      1159
 metal7        82
 metal8         0
 metal9         0
-----------------
           505650


[INFO DRT-0198] Complete detail routing.
Total wire length = 858467 um.
Total wire length on LAYER metal1 = 0 um.
Total wire length on LAYER metal2 = 183854 um.
Total wire length on LAYER metal3 = 273537 um.
Total wire length on LAYER metal4 = 173783 um.
Total wire length on LAYER metal5 = 147410 um.
Total wire length on LAYER metal6 = 64880 um.
Total wire length on LAYER metal7 = 13996 um.
Total wire length on LAYER metal8 = 1004 um.
Total wire length on LAYER metal9 = 0 um.
Total wire length on LAYER metal10 = 0 um.
Total number of vias = 505650.
Up-via summary (total 505650):.

-----------------
 active         0
 metal1    207444
 metal2    196082
 metal3     62211
 metal4     29842
 metal5      8830
 metal6      1159
 metal7        82
 metal8         0
 metal9         0
-----------------
           505650


[INFO DRT-0267] cpu time = 00:34:58, elapsed time = 00:19:14, memory = 3043.25 (MB), peak = 3096.38 (MB)

[INFO DRT-0180] Post processing.
Elapsed time: 37:29.32[h:]min:sec. CPU time: user 4249.53 sys 5.03 (189%). Peak memory: 3170692KB.
