OpenROAD b57893514040c5aa453ab5c104f35d1173a8add9 
This program is licensed under the BSD-3 license. See the LICENSE file for details.
Components of this program may be licensed under more restrictive licenses which must be honored.
[INFO] Deleted 0 routing obstructions
[INFO RCX-0431] Defined process_corner X with ext_model_index 0
[INFO RCX-0029] Defined extraction corner X
[INFO RCX-0008] extracting parasitics of halut_matmul ...
[INFO RCX-0435] Reading extraction model file /halutmatmul/hardware/flow/OpenROAD/flow/platforms/asap7/rcx_patterns.rules ...
[INFO RCX-0436] RC segment generation halut_matmul (max_merge_res 50.0) ...
[INFO RCX-0040] Final 416642 rc segments
[INFO RCX-0439] Coupling Cap extraction halut_matmul ...
[INFO RCX-0440] Coupling threshhold is 0.1000 fF, coupling capacitance less than 0.1000 fF will be grounded.
[INFO RCX-0043] 419754 wires to be extracted
[INFO RCX-0442] 11% completion -- 48295 wires have been extracted
[INFO RCX-0442] 24% completion -- 103933 wires have been extracted
[INFO RCX-0442] 51% completion -- 214270 wires have been extracted
[INFO RCX-0442] 63% completion -- 264602 wires have been extracted
[INFO RCX-0442] 75% completion -- 315352 wires have been extracted
[INFO RCX-0442] 100% completion -- 419754 wires have been extracted
[INFO RCX-0045] Extract 63416 nets, 480031 rsegs, 480031 caps, 564921 ccs
[INFO RCX-0015] Finished extracting halut_matmul.
[INFO RCX-0016] Writing SPEF ...
[INFO RCX-0443] 63416 nets finished
[INFO RCX-0017] Finished writing SPEF ...
[WARNING STA-0179] ./results/asap7/halut_matmul/base/6_final.spef line 286, syntax error.
[WARNING PSM-0016] Voltage pad location (VSRC) file not specified, defaulting pad location to checkerboard pattern on core area.
[WARNING PSM-0017] X direction bump pitch is not specified, defaulting to 140um.
[WARNING PSM-0018] Y direction bump pitch is not specified, defaulting to 140um.
[WARNING PSM-0063] Specified bump pitches of 140.000 and 140.000 are less than core width of 138.726 or core height of 138.510. Changing bump location to the center of the die at (71.415, 71.415).
[WARNING PSM-0065] VSRC location not specified, using default checkerboard pattern with one VDD every size bumps in x-direction and one in two bumps in the y-direction
[INFO PSM-0076] Setting metal node density to be standard cell height times 5.
[INFO PSM-0031] Number of PDN nodes on net VDD = 83347.
[INFO PSM-0064] Number of voltage sources = 1.
[INFO PSM-0040] All PDN stripes on net VDD are connected.
########## IR report #################
Worstcase voltage: -7.33e-01 V
Average IR drop  : 4.48e-01 V
Worstcase IR drop: 1.50e+00 V
######################################
[WARNING PSM-0016] Voltage pad location (VSRC) file not specified, defaulting pad location to checkerboard pattern on core area.
[WARNING PSM-0017] X direction bump pitch is not specified, defaulting to 140um.
[WARNING PSM-0018] Y direction bump pitch is not specified, defaulting to 140um.
[WARNING PSM-0063] Specified bump pitches of 140.000 and 140.000 are less than core width of 138.726 or core height of 138.510. Changing bump location to the center of the die at (71.415, 71.415).
[WARNING PSM-0065] VSRC location not specified, using default checkerboard pattern with one VDD every size bumps in x-direction and one in two bumps in the y-direction
[INFO PSM-0076] Setting metal node density to be standard cell height times 5.
[INFO PSM-0031] Number of PDN nodes on net VSS = 83347.
[INFO PSM-0064] Number of voltage sources = 1.
[INFO PSM-0040] All PDN stripes on net VSS are connected.
########## IR report #################
Worstcase voltage: 1.39e+00 V
Average IR drop  : 4.47e-01 V
Worstcase IR drop: 1.39e+00 V
######################################

==========================================================================
finish report_tns
--------------------------------------------------------------------------
tns 0.00

==========================================================================
finish report_wns
--------------------------------------------------------------------------
wns 0.00

==========================================================================
finish report_worst_slack
--------------------------------------------------------------------------
worst slack 0.00

==========================================================================
finish report_clock_skew
--------------------------------------------------------------------------
Clock clk_i
Latency      CRPR       Skew
encoder/gen_encoder_units[1].encoder_unit/threshold_memory/_10052_/CLK ^
 261.69
encoder/gen_encoder_units[1].encoder_unit/_546_/CLK ^
  70.79     -0.15     190.76


==========================================================================
finish report_checks -path_delay min
--------------------------------------------------------------------------
Startpoint: rst_ni (input port clocked by clk_i)
Endpoint: encoder/gen_encoder_units[1].encoder_unit/threshold_memory/_09457_
          (removal check against rising-edge clock clk_i)
Path Group: **async_default**
Path Type: min

Fanout     Cap    Slew   Delay    Time   Description
-----------------------------------------------------------------------------
                          0.00    0.00   clock clk_i (rise edge)
                          0.00    0.00   clock network delay (propagated)
                        150.00  150.00 ^ input external delay
                  0.00    0.00  150.00 ^ rst_ni (in)
     1    2.01                           rst_ni (net)
                  0.00    0.00  150.00 ^ hold62/A (BUFx24_ASAP7_75t_R)
                  6.67   14.30  164.30 ^ hold62/Y (BUFx24_ASAP7_75t_R)
     1    2.01                           net1751 (net)
                  6.67    0.00  164.30 ^ hold59/A (BUFx24_ASAP7_75t_R)
                  6.69   16.38  180.69 ^ hold59/Y (BUFx24_ASAP7_75t_R)
     1    2.01                           net1748 (net)
                  6.69    0.00  180.69 ^ hold63/A (BUFx24_ASAP7_75t_R)
                  6.69   16.39  197.08 ^ hold63/Y (BUFx24_ASAP7_75t_R)
     1    2.01                           net1752 (net)
                  6.69    0.00  197.08 ^ input260/A (BUFx24_ASAP7_75t_R)
                  8.37   17.14  214.22 ^ input260/Y (BUFx24_ASAP7_75t_R)
     3    6.01                           net260 (net)
                  8.37    0.00  214.22 ^ load_slew1321/A (BUFx16f_ASAP7_75t_R)
                 23.05   21.93  236.16 ^ load_slew1321/Y (BUFx16f_ASAP7_75t_R)
     7   38.59                           net1321 (net)
                 23.05    0.00  236.16 ^ max_length1320/A (BUFx16f_ASAP7_75t_R)
                 11.70   20.60  256.75 ^ max_length1320/Y (BUFx16f_ASAP7_75t_R)
     3   14.59                           net1320 (net)
                 11.70    0.00  256.75 ^ encoder/gen_encoder_units[1].encoder_unit/threshold_memory/_09404_/A (CKINVDCx8_ASAP7_75t_R)
                 10.66    8.61  265.37 v encoder/gen_encoder_units[1].encoder_unit/threshold_memory/_09404_/Y (CKINVDCx8_ASAP7_75t_R)
    16   11.41                           encoder/gen_encoder_units[1].encoder_unit/threshold_memory/_00016_ (net)
                 10.66    0.00  265.37 v encoder/gen_encoder_units[1].encoder_unit/threshold_memory/_09457_/RESET (ASYNC_DFFHx1_ASAP7_75t_R)
                                265.37   data arrival time

                          0.00    0.00   clock clk_i (rise edge)
                          0.00    0.00   clock source latency
                  0.00    0.00    0.00 ^ clk_i (in)
     1    1.33                           clk_i (net)
                  0.00    0.00    0.00 ^ clkbuf_0_clk_i/A (BUFx12_ASAP7_75t_R)
                  6.54   13.47   13.47 ^ clkbuf_0_clk_i/Y (BUFx12_ASAP7_75t_R)
     2    1.88                           clknet_0_clk_i (net)
                  6.54    0.00   13.47 ^ clkbuf_1_1_0_clk_i/A (BUFx8_ASAP7_75t_R)
                  6.97   15.96   29.43 ^ clkbuf_1_1_0_clk_i/Y (BUFx8_ASAP7_75t_R)
     2    1.88                           clknet_1_1_0_clk_i (net)
                  6.97    0.00   29.43 ^ clkbuf_2_3_0_clk_i/A (BUFx8_ASAP7_75t_R)
                 17.08   21.89   51.32 ^ clkbuf_2_3_0_clk_i/Y (BUFx8_ASAP7_75t_R)
    11   14.67                           clknet_2_3_0_clk_i (net)
                 17.08    0.00   51.32 ^ clkbuf_opt_13_0_clk_i/A (BUFx12_ASAP7_75t_R)
                  6.29   18.50   69.81 ^ clkbuf_opt_13_0_clk_i/Y (BUFx12_ASAP7_75t_R)
     1    1.33                           clknet_opt_13_0_clk_i (net)
                  6.29    0.00   69.81 ^ clkbuf_opt_13_1_clk_i/A (BUFx12_ASAP7_75t_R)
                  6.22   15.14   84.96 ^ clkbuf_opt_13_1_clk_i/Y (BUFx12_ASAP7_75t_R)
     1    1.33                           clknet_opt_13_1_clk_i (net)
                  6.22    0.00   84.96 ^ clkbuf_opt_13_2_clk_i/A (BUFx12_ASAP7_75t_R)
                  6.22   15.12  100.08 ^ clkbuf_opt_13_2_clk_i/Y (BUFx12_ASAP7_75t_R)
     1    1.33                           clknet_opt_13_2_clk_i (net)
                  6.22    0.00  100.08 ^ clkbuf_leaf_17_clk_i/A (BUFx12_ASAP7_75t_R)
                 16.21   20.96  121.04 ^ clkbuf_leaf_17_clk_i/Y (BUFx12_ASAP7_75t_R)
    30   18.63                           clknet_leaf_17_clk_i (net)
                 16.21    0.00  121.04 ^ encoder/gen_encoder_units[1].encoder_unit/threshold_memory/_09247_/A (AND2x2_ASAP7_75t_R)
                  9.44   18.95  139.99 ^ encoder/gen_encoder_units[1].encoder_unit/threshold_memory/_09247_/Y (AND2x2_ASAP7_75t_R)
     1    1.33                           encoder/gen_encoder_units[1].encoder_unit/threshold_memory/cg_we_global.clk_o (net)
                  9.44    0.00  139.99 ^ clkbuf_0_encoder/gen_encoder_units[1].encoder_unit/threshold_memory/cg_we_global.clk_o/A (BUFx12_ASAP7_75t_R)
                  7.00   16.56  156.55 ^ clkbuf_0_encoder/gen_encoder_units[1].encoder_unit/threshold_memory/cg_we_global.clk_o/Y (BUFx12_ASAP7_75t_R)
     2    2.67                           clknet_0_encoder/gen_encoder_units[1].encoder_unit/threshold_memory/cg_we_global.clk_o (net)
                  7.00    0.00  156.55 ^ clkbuf_1_0__f_encoder/gen_encoder_units[1].encoder_unit/threshold_memory/cg_we_global.clk_o/A (BUFx12_ASAP7_75t_R)
                  8.17   16.56  173.11 ^ clkbuf_1_0__f_encoder/gen_encoder_units[1].encoder_unit/threshold_memory/cg_we_global.clk_o/Y (BUFx12_ASAP7_75t_R)
     9    4.67                           clknet_1_0__leaf_encoder/gen_encoder_units[1].encoder_unit/threshold_memory/cg_we_global.clk_o (net)
                  8.17    0.00  173.11 ^ encoder/gen_encoder_units[1].encoder_unit/threshold_memory/_09457_/CLK (ASYNC_DFFHx1_ASAP7_75t_R)
                          0.00  173.11   clock reconvergence pessimism
                         36.78  209.90   library removal time
                                209.90   data required time
-----------------------------------------------------------------------------
                                209.90   data required time
                               -265.37   data arrival time
-----------------------------------------------------------------------------
                                 55.47   slack (MET)


Startpoint: gen_decoderX_units[0].decoder/gen_decoders[0].sub_unit_decoder/lut/_39514_
            (negative level-sensitive latch clocked by clk_i)
Endpoint: gen_decoderX_units[0].decoder/gen_decoders[0].sub_unit_decoder/lut/_31665_
          (rising clock gating-check end-point clocked by clk_i)
Path Group: **clock_gating_default**
Path Type: min

Fanout     Cap    Slew   Delay    Time   Description
-----------------------------------------------------------------------------
                        750.00  750.00   clock clk_i (fall edge)
                          0.00  750.00   clock source latency
                  0.00    0.00  750.00 v clk_i (in)
     1    1.03                           clk_i (net)
                  0.00    0.00  750.00 v clkbuf_0_clk_i/A (BUFx12_ASAP7_75t_R)
                  6.34   14.10  764.10 v clkbuf_0_clk_i/Y (BUFx12_ASAP7_75t_R)
     2    1.46                           clknet_0_clk_i (net)
                  6.34    0.00  764.10 v clkbuf_1_0_0_clk_i/A (BUFx8_ASAP7_75t_R)
                  6.62   16.59  780.69 v clkbuf_1_0_0_clk_i/Y (BUFx8_ASAP7_75t_R)
     2    1.46                           clknet_1_0_0_clk_i (net)
                  6.62    0.00  780.69 v clkbuf_2_1_0_clk_i/A (BUFx8_ASAP7_75t_R)
                 12.46   20.67  801.36 v clkbuf_2_1_0_clk_i/Y (BUFx8_ASAP7_75t_R)
    10   10.26                           clknet_2_1_0_clk_i (net)
                 12.46    0.00  801.36 v clkbuf_leaf_7_clk_i/A (BUFx12_ASAP7_75t_R)
                 11.39   21.70  823.07 v clkbuf_leaf_7_clk_i/Y (BUFx12_ASAP7_75t_R)
    30   11.35                           clknet_leaf_7_clk_i (net)
                 11.39    0.00  823.07 v gen_decoderX_units[0].decoder/gen_decoders[0].sub_unit_decoder/lut/_39514_/CLK (DLLx3_ASAP7_75t_R)
                 35.24   42.26  865.32 ^ gen_decoderX_units[0].decoder/gen_decoders[0].sub_unit_decoder/lut/_39514_/Q (DLLx3_ASAP7_75t_R)
    33   14.68                           gen_decoderX_units[0].decoder/gen_decoders[0].sub_unit_decoder/lut/gen_sub_units_scm[5].sub_unit_i.cg_we_global.en_latch (net)
                 35.24    0.00  865.32 ^ gen_decoderX_units[0].decoder/gen_decoders[0].sub_unit_decoder/lut/_31665_/B (AND3x1_ASAP7_75t_R)
                                865.32   data arrival time

                        750.00  750.00   clock clk_i (fall edge)
                          0.00  750.00   clock source latency
                  0.00    0.00  750.00 v clk_i (in)
     1    1.34                           clk_i (net)
                  0.00    0.00  750.00 v clkbuf_0_clk_i/A (BUFx12_ASAP7_75t_R)
                  6.55   14.25  764.25 v clkbuf_0_clk_i/Y (BUFx12_ASAP7_75t_R)
     2    1.88                           clknet_0_clk_i (net)
                  6.55    0.00  764.25 v clkbuf_1_0_0_clk_i/A (BUFx8_ASAP7_75t_R)
                  6.90   16.85  781.10 v clkbuf_1_0_0_clk_i/Y (BUFx8_ASAP7_75t_R)
     2    1.88                           clknet_1_0_0_clk_i (net)
                  6.90    0.00  781.10 v clkbuf_2_1_0_clk_i/A (BUFx8_ASAP7_75t_R)
                 14.50   22.02  803.12 v clkbuf_2_1_0_clk_i/Y (BUFx8_ASAP7_75t_R)
    10   13.36                           clknet_2_1_0_clk_i (net)
                 14.50    0.00  803.12 v clkbuf_opt_5_0_clk_i/A (BUFx12_ASAP7_75t_R)
                  6.30   18.88  822.00 v clkbuf_opt_5_0_clk_i/Y (BUFx12_ASAP7_75t_R)
     1    1.34                           clknet_opt_5_0_clk_i (net)
                  6.30    0.00  822.00 v clkbuf_opt_5_1_clk_i/A (BUFx12_ASAP7_75t_R)
                  6.27   16.10  838.10 v clkbuf_opt_5_1_clk_i/Y (BUFx12_ASAP7_75t_R)
     1    1.34                           clknet_opt_5_1_clk_i (net)
                  6.27    0.00  838.10 v clkbuf_opt_5_2_clk_i/A (BUFx12_ASAP7_75t_R)
                  6.27   16.09  854.19 v clkbuf_opt_5_2_clk_i/Y (BUFx12_ASAP7_75t_R)
     1    1.34                           clknet_opt_5_2_clk_i (net)
                  6.27    0.00  854.19 v clkbuf_leaf_9_clk_i/A (BUFx12_ASAP7_75t_R)
                 15.19   21.85  876.05 v clkbuf_leaf_9_clk_i/Y (BUFx12_ASAP7_75t_R)
    30   19.01                           clknet_leaf_9_clk_i (net)
                 15.19    0.00  876.05 v gen_decoderX_units[0].decoder/gen_decoders[0].sub_unit_decoder/lut/_31665_/A (AND3x1_ASAP7_75t_R)
                         -1.76  874.29   clock reconvergence pessimism
                          0.00  874.29   clock gating hold time
                                874.29   data required time
-----------------------------------------------------------------------------
                                874.29   data required time
                               -865.32   data arrival time
-----------------------------------------------------------------------------
                                 -8.97   slack (VIOLATED)


Startpoint: encoder/_274_ (rising edge-triggered flip-flop clocked by clk_i)
Endpoint: encoder/gen_encoder_units[0].encoder_unit/_543_
          (rising edge-triggered flip-flop clocked by clk_i)
Path Group: clk_i
Path Type: min

Fanout     Cap    Slew   Delay    Time   Description
-----------------------------------------------------------------------------
                          0.00    0.00   clock clk_i (rise edge)
                          0.00    0.00   clock source latency
                  0.00    0.00    0.00 ^ clk_i (in)
     1    1.03                           clk_i (net)
                  0.00    0.00    0.00 ^ clkbuf_0_clk_i/A (BUFx12_ASAP7_75t_R)
                  6.30   13.32   13.32 ^ clkbuf_0_clk_i/Y (BUFx12_ASAP7_75t_R)
     2    1.46                           clknet_0_clk_i (net)
                  6.30    0.00   13.32 ^ clkbuf_1_1_0_clk_i/A (BUFx8_ASAP7_75t_R)
                  6.64   15.69   29.01 ^ clkbuf_1_1_0_clk_i/Y (BUFx8_ASAP7_75t_R)
     2    1.46                           clknet_1_1_0_clk_i (net)
                  6.64    0.00   29.01 ^ clkbuf_2_2_0_clk_i/A (BUFx8_ASAP7_75t_R)
                 16.08   21.27   50.28 ^ clkbuf_2_2_0_clk_i/Y (BUFx8_ASAP7_75t_R)
    13   13.39                           clknet_2_2_0_clk_i (net)
                 16.08    0.00   50.28 ^ clkbuf_leaf_26_clk_i/A (BUFx12_ASAP7_75t_R)
                 12.30   21.90   72.18 ^ clkbuf_leaf_26_clk_i/Y (BUFx12_ASAP7_75t_R)
    30   11.68                           clknet_leaf_26_clk_i (net)
                 12.30    0.00   72.18 ^ encoder/_274_/CLK (ASYNC_DFFHx1_ASAP7_75t_R)
                 43.94   59.42  131.60 v encoder/_274_/QN (ASYNC_DFFHx1_ASAP7_75t_R)
     3    6.67                           encoder/_014_ (net)
                 43.94    0.00  131.60 v encoder/_140_/A (CKINVDCx9p33_ASAP7_75t_R)
                 14.21   12.45  144.05 ^ encoder/_140_/Y (CKINVDCx9p33_ASAP7_75t_R)
     9    6.27                           encoder/encoder_int[0] (net)
                 14.21    0.00  144.05 ^ encoder/gen_encoder_units[0].encoder_unit/_524_/A (XNOR2x1_ASAP7_75t_R)
                  8.33    7.86  151.91 v encoder/gen_encoder_units[0].encoder_unit/_524_/Y (XNOR2x1_ASAP7_75t_R)
     1    0.55                           encoder/gen_encoder_units[0].encoder_unit/_030_ (net)
                  8.33    0.00  151.91 v encoder/gen_encoder_units[0].encoder_unit/_543_/D (ASYNC_DFFHx1_ASAP7_75t_R)
                                151.91   data arrival time

                          0.00    0.00   clock clk_i (rise edge)
                          0.00    0.00   clock source latency
                  0.00    0.00    0.00 ^ clk_i (in)
     1    1.33                           clk_i (net)
                  0.00    0.00    0.00 ^ clkbuf_0_clk_i/A (BUFx12_ASAP7_75t_R)
                  6.54   13.47   13.47 ^ clkbuf_0_clk_i/Y (BUFx12_ASAP7_75t_R)
     2    1.88                           clknet_0_clk_i (net)
                  6.54    0.00   13.47 ^ clkbuf_1_1_0_clk_i/A (BUFx8_ASAP7_75t_R)
                  6.97   15.96   29.43 ^ clkbuf_1_1_0_clk_i/Y (BUFx8_ASAP7_75t_R)
     2    1.88                           clknet_1_1_0_clk_i (net)
                  6.97    0.00   29.43 ^ clkbuf_2_2_0_clk_i/A (BUFx8_ASAP7_75t_R)
                 19.19   22.96   52.39 ^ clkbuf_2_2_0_clk_i/Y (BUFx8_ASAP7_75t_R)
    13   17.33                           clknet_2_2_0_clk_i (net)
                 19.19    0.00   52.39 ^ clkbuf_opt_10_0_clk_i/A (BUFx12_ASAP7_75t_R)
                  6.32   19.17   71.56 ^ clkbuf_opt_10_0_clk_i/Y (BUFx12_ASAP7_75t_R)
     1    1.33                           clknet_opt_10_0_clk_i (net)
                  6.32    0.00   71.56 ^ clkbuf_opt_10_1_clk_i/A (BUFx12_ASAP7_75t_R)
                  6.22   15.15   86.71 ^ clkbuf_opt_10_1_clk_i/Y (BUFx12_ASAP7_75t_R)
     1    1.33                           clknet_opt_10_1_clk_i (net)
                  6.22    0.00   86.71 ^ clkbuf_opt_10_2_clk_i/A (BUFx12_ASAP7_75t_R)
                  6.22   15.12  101.83 ^ clkbuf_opt_10_2_clk_i/Y (BUFx12_ASAP7_75t_R)
     1    1.33                           clknet_opt_10_2_clk_i (net)
                  6.22    0.00  101.83 ^ clkbuf_leaf_35_clk_i/A (BUFx12_ASAP7_75t_R)
                 15.34   20.50  122.33 ^ clkbuf_leaf_35_clk_i/Y (BUFx12_ASAP7_75t_R)
    30   17.10                           clknet_leaf_35_clk_i (net)
                 15.34    0.00  122.33 ^ encoder/gen_encoder_units[0].encoder_unit/_543_/CLK (ASYNC_DFFHx1_ASAP7_75t_R)
                         -2.11  120.22   clock reconvergence pessimism
                          9.15  129.37   library hold time
                                129.37   data required time
-----------------------------------------------------------------------------
                                129.37   data required time
                               -151.91   data arrival time
-----------------------------------------------------------------------------
                                 22.54   slack (MET)



==========================================================================
finish report_checks -path_delay max
--------------------------------------------------------------------------
Startpoint: rst_ni (input port clocked by clk_i)
Endpoint: encoder/_278_ (recovery check against rising-edge clock clk_i)
Path Group: **async_default**
Path Type: max

Fanout     Cap    Slew   Delay    Time   Description
-----------------------------------------------------------------------------
                          0.00    0.00   clock clk_i (rise edge)
                          0.00    0.00   clock network delay (propagated)
                        150.00  150.00 ^ input external delay
                  0.00    0.00  150.00 ^ rst_ni (in)
     1    2.61                           rst_ni (net)
                  0.00    0.00  150.00 ^ hold62/A (BUFx24_ASAP7_75t_R)
                  6.92   14.41  164.41 ^ hold62/Y (BUFx24_ASAP7_75t_R)
     1    2.61                           net1751 (net)
                  6.92    0.00  164.41 ^ hold59/A (BUFx24_ASAP7_75t_R)
                  6.95   16.58  180.99 ^ hold59/Y (BUFx24_ASAP7_75t_R)
     1    2.61                           net1748 (net)
                  6.95    0.00  180.99 ^ hold63/A (BUFx24_ASAP7_75t_R)
                  6.95   16.59  197.58 ^ hold63/Y (BUFx24_ASAP7_75t_R)
     1    2.61                           net1752 (net)
                  6.95    0.00  197.58 ^ input260/A (BUFx24_ASAP7_75t_R)
                  9.12   17.56  215.13 ^ input260/Y (BUFx24_ASAP7_75t_R)
     3    7.81                           net260 (net)
                  9.12    0.00  215.13 ^ load_slew1321/A (BUFx16f_ASAP7_75t_R)
                 31.38   25.60  240.74 ^ load_slew1321/Y (BUFx16f_ASAP7_75t_R)
     7   55.42                           net1321 (net)
                 31.38    0.00  240.74 ^ max_length1320/A (BUFx16f_ASAP7_75t_R)
                 14.62   23.63  264.37 ^ max_length1320/Y (BUFx16f_ASAP7_75t_R)
     3   20.10                           net1320 (net)
                 14.62    0.00  264.37 ^ encoder/_142_/A (CKINVDCx8_ASAP7_75t_R)
                 12.98   10.12  274.50 v encoder/_142_/Y (CKINVDCx8_ASAP7_75t_R)
    16   13.93                           encoder/_016_ (net)
                 12.98    0.00  274.50 v encoder/_278_/SET (ASYNC_DFFHx1_ASAP7_75t_R)
                                274.50   data arrival time

                       1500.00 1500.00   clock clk_i (rise edge)
                          0.00 1500.00   clock source latency
                  0.00    0.00 1500.00 ^ clk_i (in)
     1    1.03                           clk_i (net)
                  0.00    0.00 1500.00 ^ clkbuf_0_clk_i/A (BUFx12_ASAP7_75t_R)
                  6.30   13.32 1513.32 ^ clkbuf_0_clk_i/Y (BUFx12_ASAP7_75t_R)
     2    1.46                           clknet_0_clk_i (net)
                  6.30    0.00 1513.32 ^ clkbuf_1_1_0_clk_i/A (BUFx8_ASAP7_75t_R)
                  6.64   15.69 1529.01 ^ clkbuf_1_1_0_clk_i/Y (BUFx8_ASAP7_75t_R)
     2    1.46                           clknet_1_1_0_clk_i (net)
                  6.64    0.00 1529.01 ^ clkbuf_2_3_0_clk_i/A (BUFx8_ASAP7_75t_R)
                 14.45   20.43 1549.44 ^ clkbuf_2_3_0_clk_i/Y (BUFx8_ASAP7_75t_R)
    11   11.33                           clknet_2_3_0_clk_i (net)
                 14.45    0.00 1549.44 ^ clkbuf_leaf_24_clk_i/A (BUFx12_ASAP7_75t_R)
                 12.36   21.43 1570.86 ^ clkbuf_leaf_24_clk_i/Y (BUFx12_ASAP7_75t_R)
    30   11.81                           clknet_leaf_24_clk_i (net)
                 12.36    0.00 1570.86 ^ encoder/_278_/CLK (ASYNC_DFFHx1_ASAP7_75t_R)
                          0.00 1570.86   clock reconvergence pessimism
                         -1.09 1569.77   library recovery time
                               1569.77   data required time
-----------------------------------------------------------------------------
                               1569.77   data required time
                               -274.50   data arrival time
-----------------------------------------------------------------------------
                               1295.28   slack (MET)


Startpoint: encoder/gen_encoder_units[1].encoder_unit/threshold_memory/_09473_
            (negative level-sensitive latch clocked by clk_i)
Endpoint: encoder/gen_encoder_units[1].encoder_unit/threshold_memory/_09250_
          (rising clock gating-check end-point clocked by clk_i)
Path Group: **clock_gating_default**
Path Type: max

Fanout     Cap    Slew   Delay    Time   Description
-----------------------------------------------------------------------------
                        750.00  750.00   clock clk_i (fall edge)
                          0.00  750.00   clock source latency
                  0.00    0.00  750.00 v clk_i (in)
     1    1.34                           clk_i (net)
                  0.00    0.00  750.00 v clkbuf_0_clk_i/A (BUFx12_ASAP7_75t_R)
                  6.55   14.25  764.25 v clkbuf_0_clk_i/Y (BUFx12_ASAP7_75t_R)
     2    1.88                           clknet_0_clk_i (net)
                  6.55    0.00  764.25 v clkbuf_1_1_0_clk_i/A (BUFx8_ASAP7_75t_R)
                  6.90   16.85  781.10 v clkbuf_1_1_0_clk_i/Y (BUFx8_ASAP7_75t_R)
     2    1.88                           clknet_1_1_0_clk_i (net)
                  6.90    0.00  781.10 v clkbuf_2_3_0_clk_i/A (BUFx8_ASAP7_75t_R)
                 15.37   22.52  803.62 v clkbuf_2_3_0_clk_i/Y (BUFx8_ASAP7_75t_R)
    11   14.70                           clknet_2_3_0_clk_i (net)
                 15.37    0.00  803.62 v clkbuf_opt_11_0_clk_i/A (BUFx12_ASAP7_75t_R)
                  6.31   19.18  822.80 v clkbuf_opt_11_0_clk_i/Y (BUFx12_ASAP7_75t_R)
     1    1.34                           clknet_opt_11_0_clk_i (net)
                  6.31    0.00  822.80 v clkbuf_opt_11_1_clk_i/A (BUFx12_ASAP7_75t_R)
                  6.27   16.11  838.90 v clkbuf_opt_11_1_clk_i/Y (BUFx12_ASAP7_75t_R)
     1    1.34                           clknet_opt_11_1_clk_i (net)
                  6.27    0.00  838.90 v clkbuf_opt_11_2_clk_i/A (BUFx12_ASAP7_75t_R)
                  6.27   16.09  855.00 v clkbuf_opt_11_2_clk_i/Y (BUFx12_ASAP7_75t_R)
     1    1.34                           clknet_opt_11_2_clk_i (net)
                  6.27    0.00  855.00 v clkbuf_leaf_15_clk_i/A (BUFx12_ASAP7_75t_R)
                 15.14   21.82  876.82 v clkbuf_leaf_15_clk_i/Y (BUFx12_ASAP7_75t_R)
    30   18.89                           clknet_leaf_15_clk_i (net)
                 15.14    0.00  876.82 v encoder/gen_encoder_units[1].encoder_unit/threshold_memory/_09249_/A (AND2x2_ASAP7_75t_R)
                  8.86   20.15  896.97 v encoder/gen_encoder_units[1].encoder_unit/threshold_memory/_09249_/Y (AND2x2_ASAP7_75t_R)
     1    1.34                           encoder/gen_encoder_units[1].encoder_unit/threshold_memory/gen_sub_units_scm[0].sub_unit_i.cg_we_global.clk_o (net)
                  8.86    0.00  896.97 v clkbuf_0_encoder/gen_encoder_units[1].encoder_unit/threshold_memory/gen_sub_units_scm[0].sub_unit_i.cg_we_global.clk_o/A (BUFx12_ASAP7_75t_R)
                  8.31   18.35  915.32 v clkbuf_0_encoder/gen_encoder_units[1].encoder_unit/threshold_memory/gen_sub_units_scm[0].sub_unit_i.cg_we_global.clk_o/Y (BUFx12_ASAP7_75t_R)
     4    5.34                           clknet_0_encoder/gen_encoder_units[1].encoder_unit/threshold_memory/gen_sub_units_scm[0].sub_unit_i.cg_we_global.clk_o (net)
                  8.31    0.00  915.32 v clkbuf_2_0__f_encoder/gen_encoder_units[1].encoder_unit/threshold_memory/gen_sub_units_scm[0].sub_unit_i.cg_we_global.clk_o/A (BUFx12_ASAP7_75t_R)
                  7.73   17.77  933.10 v clkbuf_2_0__f_encoder/gen_encoder_units[1].encoder_unit/threshold_memory/gen_sub_units_scm[0].sub_unit_i.cg_we_global.clk_o/Y (BUFx12_ASAP7_75t_R)
     8    4.21                           clknet_2_0__leaf_encoder/gen_encoder_units[1].encoder_unit/threshold_memory/gen_sub_units_scm[0].sub_unit_i.cg_we_global.clk_o (net)
                  7.73    0.00  933.10 v encoder/gen_encoder_units[1].encoder_unit/threshold_memory/_09473_/CLK (DLLx1_ASAP7_75t_R)
                  7.64   29.72  962.82 v encoder/gen_encoder_units[1].encoder_unit/threshold_memory/_09473_/Q (DLLx1_ASAP7_75t_R)
     1    0.59                           encoder/gen_encoder_units[1].encoder_unit/threshold_memory/gen_sub_units_scm[0].sub_unit_i.gen_cg_word_iter[31].cg_i.en_latch (net)
                  7.64    0.00  962.82 v encoder/gen_encoder_units[1].encoder_unit/threshold_memory/_09250_/C (AND3x1_ASAP7_75t_R)
                                962.82   data arrival time

                       1500.00 1500.00   clock clk_i (rise edge)
                          0.00 1500.00   clock source latency
                  0.00    0.00 1500.00 ^ clk_i (in)
     1    1.03                           clk_i (net)
                  0.00    0.00 1500.00 ^ clkbuf_0_clk_i/A (BUFx12_ASAP7_75t_R)
                  6.30   13.32 1513.32 ^ clkbuf_0_clk_i/Y (BUFx12_ASAP7_75t_R)
     2    1.46                           clknet_0_clk_i (net)
                  6.30    0.00 1513.32 ^ clkbuf_1_0_0_clk_i/A (BUFx8_ASAP7_75t_R)
                  6.64   15.69 1529.01 ^ clkbuf_1_0_0_clk_i/Y (BUFx8_ASAP7_75t_R)
     2    1.46                           clknet_1_0_0_clk_i (net)
                  6.64    0.00 1529.01 ^ clkbuf_2_1_0_clk_i/A (BUFx8_ASAP7_75t_R)
                 13.63   19.95 1548.96 ^ clkbuf_2_1_0_clk_i/Y (BUFx8_ASAP7_75t_R)
    10   10.30                           clknet_2_1_0_clk_i (net)
                 13.63    0.00 1548.96 ^ clkbuf_leaf_12_clk_i/A (BUFx12_ASAP7_75t_R)
                 12.12   21.04 1570.00 ^ clkbuf_leaf_12_clk_i/Y (BUFx12_ASAP7_75t_R)
    30   11.41                           clknet_leaf_12_clk_i (net)
                 12.12    0.00 1570.00 ^ encoder/gen_encoder_units[1].encoder_unit/threshold_memory/_09250_/A (AND3x1_ASAP7_75t_R)
                          0.15 1570.14   clock reconvergence pessimism
                          0.00 1570.14   clock gating setup time
                               1570.14   data required time
-----------------------------------------------------------------------------
                               1570.14   data required time
                               -962.82   data arrival time
-----------------------------------------------------------------------------
                                607.32   slack (MET)


Startpoint: gen_decoderX_units[0].decoder/gen_decoders[0].sub_unit_decoder/lut/_45487_
            (rising edge-triggered flip-flop clocked by clk_i)
Endpoint: gen_decoderX_units[0].decoder/gen_decoders[0].sub_unit_decoder/lut/_43900_
          (positive level-sensitive latch clocked by clk_i)
Path Group: clk_i
Path Type: max

Fanout     Cap    Slew   Delay    Time   Description
-----------------------------------------------------------------------------
                          0.00    0.00   clock clk_i (rise edge)
                          0.00    0.00   clock source latency
                  0.00    0.00    0.00 ^ clk_i (in)
     1    1.33                           clk_i (net)
                  0.00    0.00    0.00 ^ clkbuf_0_clk_i/A (BUFx12_ASAP7_75t_R)
                  6.54   13.47   13.47 ^ clkbuf_0_clk_i/Y (BUFx12_ASAP7_75t_R)
     2    1.88                           clknet_0_clk_i (net)
                  6.54    0.00   13.47 ^ clkbuf_1_0_0_clk_i/A (BUFx8_ASAP7_75t_R)
                  6.97   15.96   29.43 ^ clkbuf_1_0_0_clk_i/Y (BUFx8_ASAP7_75t_R)
     2    1.88                           clknet_1_0_0_clk_i (net)
                  6.97    0.00   29.43 ^ clkbuf_2_1_0_clk_i/A (BUFx8_ASAP7_75t_R)
                 16.03   21.35   50.78 ^ clkbuf_2_1_0_clk_i/Y (BUFx8_ASAP7_75t_R)
    10   13.33                           clknet_2_1_0_clk_i (net)
                 16.03    0.00   50.78 ^ clkbuf_leaf_6_clk_i/A (BUFx12_ASAP7_75t_R)
                 16.20   23.94   74.72 ^ clkbuf_leaf_6_clk_i/Y (BUFx12_ASAP7_75t_R)
    30   18.51                           clknet_leaf_6_clk_i (net)
                 16.20    0.00   74.72 ^ gen_decoderX_units[0].decoder/gen_decoders[0].sub_unit_decoder/lut/_32097_/A (AND2x2_ASAP7_75t_R)
                  9.44   18.95   93.67 ^ gen_decoderX_units[0].decoder/gen_decoders[0].sub_unit_decoder/lut/_32097_/Y (AND2x2_ASAP7_75t_R)
     1    1.33                           gen_decoderX_units[0].decoder/gen_decoders[0].sub_unit_decoder/lut/cg_we_global.clk_o (net)
                  9.44    0.00   93.67 ^ clkbuf_0_gen_decoderX_units[0].decoder/gen_decoders[0].sub_unit_decoder/lut/cg_we_global.clk_o/A (BUFx12_ASAP7_75t_R)
                  7.00   16.56  110.23 ^ clkbuf_0_gen_decoderX_units[0].decoder/gen_decoders[0].sub_unit_decoder/lut/cg_we_global.clk_o/Y (BUFx12_ASAP7_75t_R)
     2    2.67                           clknet_0_gen_decoderX_units[0].decoder/gen_decoders[0].sub_unit_decoder/lut/cg_we_global.clk_o (net)
                  7.00    0.00  110.23 ^ clkbuf_1_0__f_gen_decoderX_units[0].decoder/gen_decoders[0].sub_unit_decoder/lut/cg_we_global.clk_o/A (BUFx12_ASAP7_75t_R)
                  7.56   16.19  126.41 ^ clkbuf_1_0__f_gen_decoderX_units[0].decoder/gen_decoders[0].sub_unit_decoder/lut/cg_we_global.clk_o/Y (BUFx12_ASAP7_75t_R)
     7    3.63                           clknet_1_0__leaf_gen_decoderX_units[0].decoder/gen_decoders[0].sub_unit_decoder/lut/cg_we_global.clk_o (net)
                  7.56    0.00  126.41 ^ gen_decoderX_units[0].decoder/gen_decoders[0].sub_unit_decoder/lut/_45487_/CLK (ASYNC_DFFHx1_ASAP7_75t_R)
                 92.43   82.19  208.60 ^ gen_decoderX_units[0].decoder/gen_decoders[0].sub_unit_decoder/lut/_45487_/QN (ASYNC_DFFHx1_ASAP7_75t_R)
     2   14.30                           gen_decoderX_units[0].decoder/gen_decoders[0].sub_unit_decoder/lut/_00006_ (net)
                 92.43    0.00  208.60 ^ gen_decoderX_units[0].decoder/gen_decoders[0].sub_unit_decoder/lut/_32143_/A (CKINVDCx20_ASAP7_75t_R)
                 24.32   18.12  226.73 v gen_decoderX_units[0].decoder/gen_decoders[0].sub_unit_decoder/lut/_32143_/Y (CKINVDCx20_ASAP7_75t_R)
    34   24.91                           gen_decoderX_units[0].decoder/gen_decoders[0].sub_unit_decoder/lut/gen_sub_units_scm[0].sub_unit_i.wdata_a_i[9] (net)
                 24.32    0.00  226.73 v load_slew1196/A (BUFx16f_ASAP7_75t_R)
                 17.38   25.33  252.06 v load_slew1196/Y (BUFx16f_ASAP7_75t_R)
    45   29.70                           net1196 (net)
                 17.38    0.00  252.06 v max_length1195/A (BUFx16f_ASAP7_75t_R)
                 18.56   23.97  276.03 v max_length1195/Y (BUFx16f_ASAP7_75t_R)
    47   32.91                           net1195 (net)
                 18.56    0.00  276.03 v load_slew1193/A (BUFx16f_ASAP7_75t_R)
                 22.76   26.24  302.26 v load_slew1193/Y (BUFx16f_ASAP7_75t_R)
    66   42.63                           net1193 (net)
                 22.76    0.00  302.26 v max_length1192/A (BUFx16f_ASAP7_75t_R)
                 21.75   26.93  329.19 v max_length1192/Y (BUFx16f_ASAP7_75t_R)
    65   40.04                           net1192 (net)
                 21.75    0.00  329.19 v gen_decoderX_units[0].decoder/gen_decoders[0].sub_unit_decoder/lut/_43900_/D (DHLx1_ASAP7_75t_R)
                                329.19   data arrival time

                          0.00    0.00   clock clk_i (rise edge)
                          0.00    0.00   clock source latency
                  0.00    0.00    0.00 ^ clk_i (in)
     1    1.03                           clk_i (net)
                  0.00    0.00    0.00 ^ clkbuf_0_clk_i/A (BUFx12_ASAP7_75t_R)
                  6.30   13.32   13.32 ^ clkbuf_0_clk_i/Y (BUFx12_ASAP7_75t_R)
     2    1.46                           clknet_0_clk_i (net)
                  6.30    0.00   13.32 ^ clkbuf_1_0_0_clk_i/A (BUFx8_ASAP7_75t_R)
                  6.64   15.69   29.01 ^ clkbuf_1_0_0_clk_i/Y (BUFx8_ASAP7_75t_R)
     2    1.46                           clknet_1_0_0_clk_i (net)
                  6.64    0.00   29.01 ^ clkbuf_2_0_0_clk_i/A (BUFx8_ASAP7_75t_R)
                 13.63   19.95   48.96 ^ clkbuf_2_0_0_clk_i/Y (BUFx8_ASAP7_75t_R)
    10   10.30                           clknet_2_0_0_clk_i (net)
                 13.63    0.00   48.96 ^ clkbuf_leaf_37_clk_i/A (BUFx12_ASAP7_75t_R)
                 12.16   21.07   70.02 ^ clkbuf_leaf_37_clk_i/Y (BUFx12_ASAP7_75t_R)
    30   11.48                           clknet_leaf_37_clk_i (net)
                 12.16    0.00   70.02 ^ gen_decoderX_units[0].decoder/gen_decoders[0].sub_unit_decoder/lut/_31985_/A (AND3x1_ASAP7_75t_R)
                 12.51   21.64   91.66 ^ gen_decoderX_units[0].decoder/gen_decoders[0].sub_unit_decoder/lut/_31985_/Y (AND3x1_ASAP7_75t_R)
     1    1.03                           gen_decoderX_units[0].decoder/gen_decoders[0].sub_unit_decoder/lut/gen_sub_units_scm[13].sub_unit_i.gen_cg_word_iter[27].cg_i.clk_o (net)
                 12.51    0.00   91.66 ^ clkbuf_0_gen_decoderX_units[0].decoder/gen_decoders[0].sub_unit_decoder/lut/gen_sub_units_scm[13].sub_unit_i.gen_cg_word_iter[27].cg_i.clk_o/A (BUFx12_ASAP7_75t_R)
                  6.67   17.31  108.96 ^ clkbuf_0_gen_decoderX_units[0].decoder/gen_decoders[0].sub_unit_decoder/lut/gen_sub_units_scm[13].sub_unit_i.gen_cg_word_iter[27].cg_i.clk_o/Y (BUFx12_ASAP7_75t_R)
     2    2.06                           clknet_0_gen_decoderX_units[0].decoder/gen_decoders[0].sub_unit_decoder/lut/gen_sub_units_scm[13].sub_unit_i.gen_cg_word_iter[27].cg_i.clk_o (net)
                  6.67    0.00  108.96 ^ clkbuf_1_1__f_gen_decoderX_units[0].decoder/gen_decoders[0].sub_unit_decoder/lut/gen_sub_units_scm[13].sub_unit_i.gen_cg_word_iter[27].cg_i.clk_o/A (BUFx12_ASAP7_75t_R)
                  7.11   15.81  124.77 ^ clkbuf_1_1__f_gen_decoderX_units[0].decoder/gen_decoders[0].sub_unit_decoder/lut/gen_sub_units_scm[13].sub_unit_i.gen_cg_word_iter[27].cg_i.clk_o/Y (BUFx12_ASAP7_75t_R)
     7    2.85                           clknet_1_1__leaf_gen_decoderX_units[0].decoder/gen_decoders[0].sub_unit_decoder/lut/gen_sub_units_scm[13].sub_unit_i.gen_cg_word_iter[27].cg_i.clk_o (net)
                  7.11    0.00  124.77 ^ gen_decoderX_units[0].decoder/gen_decoders[0].sub_unit_decoder/lut/_43900_/CLK (DHLx1_ASAP7_75t_R)
                          0.42  125.19   clock reconvergence pessimism
                        204.00  329.19   time borrowed from endpoint
                                329.19   data required time
-----------------------------------------------------------------------------
                                329.19   data required time
                               -329.19   data arrival time
-----------------------------------------------------------------------------
                                  0.00   slack (MET)

Time Borrowing Information
--------------------------------------------
clk_i nominal pulse width             750.00
clock latency difference               -3.32
library setup time                    -12.77
--------------------------------------------
CRPR difference                        -0.01
max time borrow                       733.89
--------------------------------------------
actual time borrow                    204.00
open edge CRPR                          0.42
--------------------------------------------
time given to startpoint              204.42
--------------------------------------------



==========================================================================
finish report_checks -unconstrained
--------------------------------------------------------------------------
Startpoint: rst_ni (input port clocked by clk_i)
Endpoint: encoder/_278_ (recovery check against rising-edge clock clk_i)
Path Group: **async_default**
Path Type: max

Fanout     Cap    Slew   Delay    Time   Description
-----------------------------------------------------------------------------
                          0.00    0.00   clock clk_i (rise edge)
                          0.00    0.00   clock network delay (propagated)
                        150.00  150.00 ^ input external delay
                  0.00    0.00  150.00 ^ rst_ni (in)
     1    2.61                           rst_ni (net)
                  0.00    0.00  150.00 ^ hold62/A (BUFx24_ASAP7_75t_R)
                  6.92   14.41  164.41 ^ hold62/Y (BUFx24_ASAP7_75t_R)
     1    2.61                           net1751 (net)
                  6.92    0.00  164.41 ^ hold59/A (BUFx24_ASAP7_75t_R)
                  6.95   16.58  180.99 ^ hold59/Y (BUFx24_ASAP7_75t_R)
     1    2.61                           net1748 (net)
                  6.95    0.00  180.99 ^ hold63/A (BUFx24_ASAP7_75t_R)
                  6.95   16.59  197.58 ^ hold63/Y (BUFx24_ASAP7_75t_R)
     1    2.61                           net1752 (net)
                  6.95    0.00  197.58 ^ input260/A (BUFx24_ASAP7_75t_R)
                  9.12   17.56  215.13 ^ input260/Y (BUFx24_ASAP7_75t_R)
     3    7.81                           net260 (net)
                  9.12    0.00  215.13 ^ load_slew1321/A (BUFx16f_ASAP7_75t_R)
                 31.38   25.60  240.74 ^ load_slew1321/Y (BUFx16f_ASAP7_75t_R)
     7   55.42                           net1321 (net)
                 31.38    0.00  240.74 ^ max_length1320/A (BUFx16f_ASAP7_75t_R)
                 14.62   23.63  264.37 ^ max_length1320/Y (BUFx16f_ASAP7_75t_R)
     3   20.10                           net1320 (net)
                 14.62    0.00  264.37 ^ encoder/_142_/A (CKINVDCx8_ASAP7_75t_R)
                 12.98   10.12  274.50 v encoder/_142_/Y (CKINVDCx8_ASAP7_75t_R)
    16   13.93                           encoder/_016_ (net)
                 12.98    0.00  274.50 v encoder/_278_/SET (ASYNC_DFFHx1_ASAP7_75t_R)
                                274.50   data arrival time

                       1500.00 1500.00   clock clk_i (rise edge)
                          0.00 1500.00   clock source latency
                  0.00    0.00 1500.00 ^ clk_i (in)
     1    1.03                           clk_i (net)
                  0.00    0.00 1500.00 ^ clkbuf_0_clk_i/A (BUFx12_ASAP7_75t_R)
                  6.30   13.32 1513.32 ^ clkbuf_0_clk_i/Y (BUFx12_ASAP7_75t_R)
     2    1.46                           clknet_0_clk_i (net)
                  6.30    0.00 1513.32 ^ clkbuf_1_1_0_clk_i/A (BUFx8_ASAP7_75t_R)
                  6.64   15.69 1529.01 ^ clkbuf_1_1_0_clk_i/Y (BUFx8_ASAP7_75t_R)
     2    1.46                           clknet_1_1_0_clk_i (net)
                  6.64    0.00 1529.01 ^ clkbuf_2_3_0_clk_i/A (BUFx8_ASAP7_75t_R)
                 14.45   20.43 1549.44 ^ clkbuf_2_3_0_clk_i/Y (BUFx8_ASAP7_75t_R)
    11   11.33                           clknet_2_3_0_clk_i (net)
                 14.45    0.00 1549.44 ^ clkbuf_leaf_24_clk_i/A (BUFx12_ASAP7_75t_R)
                 12.36   21.43 1570.86 ^ clkbuf_leaf_24_clk_i/Y (BUFx12_ASAP7_75t_R)
    30   11.81                           clknet_leaf_24_clk_i (net)
                 12.36    0.00 1570.86 ^ encoder/_278_/CLK (ASYNC_DFFHx1_ASAP7_75t_R)
                          0.00 1570.86   clock reconvergence pessimism
                         -1.09 1569.77   library recovery time
                               1569.77   data required time
-----------------------------------------------------------------------------
                               1569.77   data required time
                               -274.50   data arrival time
-----------------------------------------------------------------------------
                               1295.28   slack (MET)


Startpoint: encoder/gen_encoder_units[1].encoder_unit/threshold_memory/_09473_
            (negative level-sensitive latch clocked by clk_i)
Endpoint: encoder/gen_encoder_units[1].encoder_unit/threshold_memory/_09250_
          (rising clock gating-check end-point clocked by clk_i)
Path Group: **clock_gating_default**
Path Type: max

Fanout     Cap    Slew   Delay    Time   Description
-----------------------------------------------------------------------------
                        750.00  750.00   clock clk_i (fall edge)
                          0.00  750.00   clock source latency
                  0.00    0.00  750.00 v clk_i (in)
     1    1.34                           clk_i (net)
                  0.00    0.00  750.00 v clkbuf_0_clk_i/A (BUFx12_ASAP7_75t_R)
                  6.55   14.25  764.25 v clkbuf_0_clk_i/Y (BUFx12_ASAP7_75t_R)
     2    1.88                           clknet_0_clk_i (net)
                  6.55    0.00  764.25 v clkbuf_1_1_0_clk_i/A (BUFx8_ASAP7_75t_R)
                  6.90   16.85  781.10 v clkbuf_1_1_0_clk_i/Y (BUFx8_ASAP7_75t_R)
     2    1.88                           clknet_1_1_0_clk_i (net)
                  6.90    0.00  781.10 v clkbuf_2_3_0_clk_i/A (BUFx8_ASAP7_75t_R)
                 15.37   22.52  803.62 v clkbuf_2_3_0_clk_i/Y (BUFx8_ASAP7_75t_R)
    11   14.70                           clknet_2_3_0_clk_i (net)
                 15.37    0.00  803.62 v clkbuf_opt_11_0_clk_i/A (BUFx12_ASAP7_75t_R)
                  6.31   19.18  822.80 v clkbuf_opt_11_0_clk_i/Y (BUFx12_ASAP7_75t_R)
     1    1.34                           clknet_opt_11_0_clk_i (net)
                  6.31    0.00  822.80 v clkbuf_opt_11_1_clk_i/A (BUFx12_ASAP7_75t_R)
                  6.27   16.11  838.90 v clkbuf_opt_11_1_clk_i/Y (BUFx12_ASAP7_75t_R)
     1    1.34                           clknet_opt_11_1_clk_i (net)
                  6.27    0.00  838.90 v clkbuf_opt_11_2_clk_i/A (BUFx12_ASAP7_75t_R)
                  6.27   16.09  855.00 v clkbuf_opt_11_2_clk_i/Y (BUFx12_ASAP7_75t_R)
     1    1.34                           clknet_opt_11_2_clk_i (net)
                  6.27    0.00  855.00 v clkbuf_leaf_15_clk_i/A (BUFx12_ASAP7_75t_R)
                 15.14   21.82  876.82 v clkbuf_leaf_15_clk_i/Y (BUFx12_ASAP7_75t_R)
    30   18.89                           clknet_leaf_15_clk_i (net)
                 15.14    0.00  876.82 v encoder/gen_encoder_units[1].encoder_unit/threshold_memory/_09249_/A (AND2x2_ASAP7_75t_R)
                  8.86   20.15  896.97 v encoder/gen_encoder_units[1].encoder_unit/threshold_memory/_09249_/Y (AND2x2_ASAP7_75t_R)
     1    1.34                           encoder/gen_encoder_units[1].encoder_unit/threshold_memory/gen_sub_units_scm[0].sub_unit_i.cg_we_global.clk_o (net)
                  8.86    0.00  896.97 v clkbuf_0_encoder/gen_encoder_units[1].encoder_unit/threshold_memory/gen_sub_units_scm[0].sub_unit_i.cg_we_global.clk_o/A (BUFx12_ASAP7_75t_R)
                  8.31   18.35  915.32 v clkbuf_0_encoder/gen_encoder_units[1].encoder_unit/threshold_memory/gen_sub_units_scm[0].sub_unit_i.cg_we_global.clk_o/Y (BUFx12_ASAP7_75t_R)
     4    5.34                           clknet_0_encoder/gen_encoder_units[1].encoder_unit/threshold_memory/gen_sub_units_scm[0].sub_unit_i.cg_we_global.clk_o (net)
                  8.31    0.00  915.32 v clkbuf_2_0__f_encoder/gen_encoder_units[1].encoder_unit/threshold_memory/gen_sub_units_scm[0].sub_unit_i.cg_we_global.clk_o/A (BUFx12_ASAP7_75t_R)
                  7.73   17.77  933.10 v clkbuf_2_0__f_encoder/gen_encoder_units[1].encoder_unit/threshold_memory/gen_sub_units_scm[0].sub_unit_i.cg_we_global.clk_o/Y (BUFx12_ASAP7_75t_R)
     8    4.21                           clknet_2_0__leaf_encoder/gen_encoder_units[1].encoder_unit/threshold_memory/gen_sub_units_scm[0].sub_unit_i.cg_we_global.clk_o (net)
                  7.73    0.00  933.10 v encoder/gen_encoder_units[1].encoder_unit/threshold_memory/_09473_/CLK (DLLx1_ASAP7_75t_R)
                  7.64   29.72  962.82 v encoder/gen_encoder_units[1].encoder_unit/threshold_memory/_09473_/Q (DLLx1_ASAP7_75t_R)
     1    0.59                           encoder/gen_encoder_units[1].encoder_unit/threshold_memory/gen_sub_units_scm[0].sub_unit_i.gen_cg_word_iter[31].cg_i.en_latch (net)
                  7.64    0.00  962.82 v encoder/gen_encoder_units[1].encoder_unit/threshold_memory/_09250_/C (AND3x1_ASAP7_75t_R)
                                962.82   data arrival time

                       1500.00 1500.00   clock clk_i (rise edge)
                          0.00 1500.00   clock source latency
                  0.00    0.00 1500.00 ^ clk_i (in)
     1    1.03                           clk_i (net)
                  0.00    0.00 1500.00 ^ clkbuf_0_clk_i/A (BUFx12_ASAP7_75t_R)
                  6.30   13.32 1513.32 ^ clkbuf_0_clk_i/Y (BUFx12_ASAP7_75t_R)
     2    1.46                           clknet_0_clk_i (net)
                  6.30    0.00 1513.32 ^ clkbuf_1_0_0_clk_i/A (BUFx8_ASAP7_75t_R)
                  6.64   15.69 1529.01 ^ clkbuf_1_0_0_clk_i/Y (BUFx8_ASAP7_75t_R)
     2    1.46                           clknet_1_0_0_clk_i (net)
                  6.64    0.00 1529.01 ^ clkbuf_2_1_0_clk_i/A (BUFx8_ASAP7_75t_R)
                 13.63   19.95 1548.96 ^ clkbuf_2_1_0_clk_i/Y (BUFx8_ASAP7_75t_R)
    10   10.30                           clknet_2_1_0_clk_i (net)
                 13.63    0.00 1548.96 ^ clkbuf_leaf_12_clk_i/A (BUFx12_ASAP7_75t_R)
                 12.12   21.04 1570.00 ^ clkbuf_leaf_12_clk_i/Y (BUFx12_ASAP7_75t_R)
    30   11.41                           clknet_leaf_12_clk_i (net)
                 12.12    0.00 1570.00 ^ encoder/gen_encoder_units[1].encoder_unit/threshold_memory/_09250_/A (AND3x1_ASAP7_75t_R)
                          0.15 1570.14   clock reconvergence pessimism
                          0.00 1570.14   clock gating setup time
                               1570.14   data required time
-----------------------------------------------------------------------------
                               1570.14   data required time
                               -962.82   data arrival time
-----------------------------------------------------------------------------
                                607.32   slack (MET)


Startpoint: gen_decoderX_units[0].decoder/gen_decoders[0].sub_unit_decoder/lut/_45487_
            (rising edge-triggered flip-flop clocked by clk_i)
Endpoint: gen_decoderX_units[0].decoder/gen_decoders[0].sub_unit_decoder/lut/_43900_
          (positive level-sensitive latch clocked by clk_i)
Path Group: clk_i
Path Type: max

Fanout     Cap    Slew   Delay    Time   Description
-----------------------------------------------------------------------------
                          0.00    0.00   clock clk_i (rise edge)
                          0.00    0.00   clock source latency
                  0.00    0.00    0.00 ^ clk_i (in)
     1    1.33                           clk_i (net)
                  0.00    0.00    0.00 ^ clkbuf_0_clk_i/A (BUFx12_ASAP7_75t_R)
                  6.54   13.47   13.47 ^ clkbuf_0_clk_i/Y (BUFx12_ASAP7_75t_R)
     2    1.88                           clknet_0_clk_i (net)
                  6.54    0.00   13.47 ^ clkbuf_1_0_0_clk_i/A (BUFx8_ASAP7_75t_R)
                  6.97   15.96   29.43 ^ clkbuf_1_0_0_clk_i/Y (BUFx8_ASAP7_75t_R)
     2    1.88                           clknet_1_0_0_clk_i (net)
                  6.97    0.00   29.43 ^ clkbuf_2_1_0_clk_i/A (BUFx8_ASAP7_75t_R)
                 16.03   21.35   50.78 ^ clkbuf_2_1_0_clk_i/Y (BUFx8_ASAP7_75t_R)
    10   13.33                           clknet_2_1_0_clk_i (net)
                 16.03    0.00   50.78 ^ clkbuf_leaf_6_clk_i/A (BUFx12_ASAP7_75t_R)
                 16.20   23.94   74.72 ^ clkbuf_leaf_6_clk_i/Y (BUFx12_ASAP7_75t_R)
    30   18.51                           clknet_leaf_6_clk_i (net)
                 16.20    0.00   74.72 ^ gen_decoderX_units[0].decoder/gen_decoders[0].sub_unit_decoder/lut/_32097_/A (AND2x2_ASAP7_75t_R)
                  9.44   18.95   93.67 ^ gen_decoderX_units[0].decoder/gen_decoders[0].sub_unit_decoder/lut/_32097_/Y (AND2x2_ASAP7_75t_R)
     1    1.33                           gen_decoderX_units[0].decoder/gen_decoders[0].sub_unit_decoder/lut/cg_we_global.clk_o (net)
                  9.44    0.00   93.67 ^ clkbuf_0_gen_decoderX_units[0].decoder/gen_decoders[0].sub_unit_decoder/lut/cg_we_global.clk_o/A (BUFx12_ASAP7_75t_R)
                  7.00   16.56  110.23 ^ clkbuf_0_gen_decoderX_units[0].decoder/gen_decoders[0].sub_unit_decoder/lut/cg_we_global.clk_o/Y (BUFx12_ASAP7_75t_R)
     2    2.67                           clknet_0_gen_decoderX_units[0].decoder/gen_decoders[0].sub_unit_decoder/lut/cg_we_global.clk_o (net)
                  7.00    0.00  110.23 ^ clkbuf_1_0__f_gen_decoderX_units[0].decoder/gen_decoders[0].sub_unit_decoder/lut/cg_we_global.clk_o/A (BUFx12_ASAP7_75t_R)
                  7.56   16.19  126.41 ^ clkbuf_1_0__f_gen_decoderX_units[0].decoder/gen_decoders[0].sub_unit_decoder/lut/cg_we_global.clk_o/Y (BUFx12_ASAP7_75t_R)
     7    3.63                           clknet_1_0__leaf_gen_decoderX_units[0].decoder/gen_decoders[0].sub_unit_decoder/lut/cg_we_global.clk_o (net)
                  7.56    0.00  126.41 ^ gen_decoderX_units[0].decoder/gen_decoders[0].sub_unit_decoder/lut/_45487_/CLK (ASYNC_DFFHx1_ASAP7_75t_R)
                 92.43   82.19  208.60 ^ gen_decoderX_units[0].decoder/gen_decoders[0].sub_unit_decoder/lut/_45487_/QN (ASYNC_DFFHx1_ASAP7_75t_R)
     2   14.30                           gen_decoderX_units[0].decoder/gen_decoders[0].sub_unit_decoder/lut/_00006_ (net)
                 92.43    0.00  208.60 ^ gen_decoderX_units[0].decoder/gen_decoders[0].sub_unit_decoder/lut/_32143_/A (CKINVDCx20_ASAP7_75t_R)
                 24.32   18.12  226.73 v gen_decoderX_units[0].decoder/gen_decoders[0].sub_unit_decoder/lut/_32143_/Y (CKINVDCx20_ASAP7_75t_R)
    34   24.91                           gen_decoderX_units[0].decoder/gen_decoders[0].sub_unit_decoder/lut/gen_sub_units_scm[0].sub_unit_i.wdata_a_i[9] (net)
                 24.32    0.00  226.73 v load_slew1196/A (BUFx16f_ASAP7_75t_R)
                 17.38   25.33  252.06 v load_slew1196/Y (BUFx16f_ASAP7_75t_R)
    45   29.70                           net1196 (net)
                 17.38    0.00  252.06 v max_length1195/A (BUFx16f_ASAP7_75t_R)
                 18.56   23.97  276.03 v max_length1195/Y (BUFx16f_ASAP7_75t_R)
    47   32.91                           net1195 (net)
                 18.56    0.00  276.03 v load_slew1193/A (BUFx16f_ASAP7_75t_R)
                 22.76   26.24  302.26 v load_slew1193/Y (BUFx16f_ASAP7_75t_R)
    66   42.63                           net1193 (net)
                 22.76    0.00  302.26 v max_length1192/A (BUFx16f_ASAP7_75t_R)
                 21.75   26.93  329.19 v max_length1192/Y (BUFx16f_ASAP7_75t_R)
    65   40.04                           net1192 (net)
                 21.75    0.00  329.19 v gen_decoderX_units[0].decoder/gen_decoders[0].sub_unit_decoder/lut/_43900_/D (DHLx1_ASAP7_75t_R)
                                329.19   data arrival time

                          0.00    0.00   clock clk_i (rise edge)
                          0.00    0.00   clock source latency
                  0.00    0.00    0.00 ^ clk_i (in)
     1    1.03                           clk_i (net)
                  0.00    0.00    0.00 ^ clkbuf_0_clk_i/A (BUFx12_ASAP7_75t_R)
                  6.30   13.32   13.32 ^ clkbuf_0_clk_i/Y (BUFx12_ASAP7_75t_R)
     2    1.46                           clknet_0_clk_i (net)
                  6.30    0.00   13.32 ^ clkbuf_1_0_0_clk_i/A (BUFx8_ASAP7_75t_R)
                  6.64   15.69   29.01 ^ clkbuf_1_0_0_clk_i/Y (BUFx8_ASAP7_75t_R)
     2    1.46                           clknet_1_0_0_clk_i (net)
                  6.64    0.00   29.01 ^ clkbuf_2_0_0_clk_i/A (BUFx8_ASAP7_75t_R)
                 13.63   19.95   48.96 ^ clkbuf_2_0_0_clk_i/Y (BUFx8_ASAP7_75t_R)
    10   10.30                           clknet_2_0_0_clk_i (net)
                 13.63    0.00   48.96 ^ clkbuf_leaf_37_clk_i/A (BUFx12_ASAP7_75t_R)
                 12.16   21.07   70.02 ^ clkbuf_leaf_37_clk_i/Y (BUFx12_ASAP7_75t_R)
    30   11.48                           clknet_leaf_37_clk_i (net)
                 12.16    0.00   70.02 ^ gen_decoderX_units[0].decoder/gen_decoders[0].sub_unit_decoder/lut/_31985_/A (AND3x1_ASAP7_75t_R)
                 12.51   21.64   91.66 ^ gen_decoderX_units[0].decoder/gen_decoders[0].sub_unit_decoder/lut/_31985_/Y (AND3x1_ASAP7_75t_R)
     1    1.03                           gen_decoderX_units[0].decoder/gen_decoders[0].sub_unit_decoder/lut/gen_sub_units_scm[13].sub_unit_i.gen_cg_word_iter[27].cg_i.clk_o (net)
                 12.51    0.00   91.66 ^ clkbuf_0_gen_decoderX_units[0].decoder/gen_decoders[0].sub_unit_decoder/lut/gen_sub_units_scm[13].sub_unit_i.gen_cg_word_iter[27].cg_i.clk_o/A (BUFx12_ASAP7_75t_R)
                  6.67   17.31  108.96 ^ clkbuf_0_gen_decoderX_units[0].decoder/gen_decoders[0].sub_unit_decoder/lut/gen_sub_units_scm[13].sub_unit_i.gen_cg_word_iter[27].cg_i.clk_o/Y (BUFx12_ASAP7_75t_R)
     2    2.06                           clknet_0_gen_decoderX_units[0].decoder/gen_decoders[0].sub_unit_decoder/lut/gen_sub_units_scm[13].sub_unit_i.gen_cg_word_iter[27].cg_i.clk_o (net)
                  6.67    0.00  108.96 ^ clkbuf_1_1__f_gen_decoderX_units[0].decoder/gen_decoders[0].sub_unit_decoder/lut/gen_sub_units_scm[13].sub_unit_i.gen_cg_word_iter[27].cg_i.clk_o/A (BUFx12_ASAP7_75t_R)
                  7.11   15.81  124.77 ^ clkbuf_1_1__f_gen_decoderX_units[0].decoder/gen_decoders[0].sub_unit_decoder/lut/gen_sub_units_scm[13].sub_unit_i.gen_cg_word_iter[27].cg_i.clk_o/Y (BUFx12_ASAP7_75t_R)
     7    2.85                           clknet_1_1__leaf_gen_decoderX_units[0].decoder/gen_decoders[0].sub_unit_decoder/lut/gen_sub_units_scm[13].sub_unit_i.gen_cg_word_iter[27].cg_i.clk_o (net)
                  7.11    0.00  124.77 ^ gen_decoderX_units[0].decoder/gen_decoders[0].sub_unit_decoder/lut/_43900_/CLK (DHLx1_ASAP7_75t_R)
                          0.42  125.19   clock reconvergence pessimism
                        204.00  329.19   time borrowed from endpoint
                                329.19   data required time
-----------------------------------------------------------------------------
                                329.19   data required time
                               -329.19   data arrival time
-----------------------------------------------------------------------------
                                  0.00   slack (MET)

Time Borrowing Information
--------------------------------------------
clk_i nominal pulse width             750.00
clock latency difference               -3.32
library setup time                    -12.77
--------------------------------------------
CRPR difference                        -0.01
max time borrow                       733.89
--------------------------------------------
actual time borrow                    204.00
open edge CRPR                          0.42
--------------------------------------------
time given to startpoint              204.42
--------------------------------------------



==========================================================================
finish report_check_types -max_slew -max_cap -max_fanout -violators
--------------------------------------------------------------------------

==========================================================================
finish max_slew_check_slack
--------------------------------------------------------------------------
87.79398345947266

==========================================================================
finish max_slew_check_limit
--------------------------------------------------------------------------
320.0

==========================================================================
finish max_slew_check_slack_limit
--------------------------------------------------------------------------
0.2744

==========================================================================
finish max_fanout_check_slack
--------------------------------------------------------------------------
1.0000000150474662e+30

==========================================================================
finish max_fanout_check_limit
--------------------------------------------------------------------------
1.0000000150474662e+30

==========================================================================
finish max_capacitance_check_slack
--------------------------------------------------------------------------
7.554713726043701

==========================================================================
finish max_capacitance_check_limit
--------------------------------------------------------------------------
46.08000183105469

==========================================================================
finish max_capacitance_check_slack_limit
--------------------------------------------------------------------------
0.1639

==========================================================================
finish max_slew_violation_count
--------------------------------------------------------------------------
max slew violation count 0

==========================================================================
finish max_fanout_violation_count
--------------------------------------------------------------------------
max fanout violation count 0

==========================================================================
finish max_cap_violation_count
--------------------------------------------------------------------------
max cap violation count 0

==========================================================================
finish setup_violation_count
--------------------------------------------------------------------------
setup violation count 1

==========================================================================
finish hold_violation_count
--------------------------------------------------------------------------
hold violation count 1

==========================================================================
finish critical path delay
--------------------------------------------------------------------------
329.1904

==========================================================================
finish critical path slack
--------------------------------------------------------------------------
0.0000

==========================================================================
finish slack div critical path delay
--------------------------------------------------------------------------
0.000000

==========================================================================
finish report_power
--------------------------------------------------------------------------
Group                  Internal  Switching    Leakage      Total
                          Power      Power      Power      Power (Watts)
----------------------------------------------------------------
Sequential             9.53e-03   4.66e-04   1.65e-06   1.00e-02  25.3%
Combinational          1.89e-02   1.06e-02   6.63e-06   2.95e-02  74.7%
Macro                  0.00e+00   0.00e+00   0.00e+00   0.00e+00   0.0%
Pad                    0.00e+00   0.00e+00   0.00e+00   0.00e+00   0.0%
----------------------------------------------------------------
Total                  2.84e-02   1.11e-02   8.29e-06   3.95e-02 100.0%
                          71.9%      28.1%       0.0%

==========================================================================
finish report_design_area
--------------------------------------------------------------------------
Design area 9081 u^2 47% utilization.

Fontconfig error: Cannot load default config file: No such file: (null)
This plugin does not support propagateSizeHints()
[WARNING GUI-0010] File path does not end with a valid extension, new path is: ./reports/asap7/halut_matmul/base/final_routing.webp.png
[WARNING GUI-0010] File path does not end with a valid extension, new path is: ./reports/asap7/halut_matmul/base/final_placement.webp.png
This plugin does not support propagateSizeHints()
[WARNING GUI-0010] File path does not end with a valid extension, new path is: ./reports/asap7/halut_matmul/base/final_clocks.webp.png
This plugin does not support propagateSizeHints()
This plugin does not support propagateSizeHints()
[WARNING GUI-0010] File path does not end with a valid extension, new path is: ./reports/asap7/halut_matmul/base/final_resizer.webp.png
This plugin does not support propagateSizeHints()
This plugin does not support propagateSizeHints()
Elapsed time: 1:27.46[h:]min:sec. CPU time: user 85.79 sys 1.45 (99%). Peak memory: 3819788KB.
