OpenROAD b57893514040c5aa453ab5c104f35d1173a8add9 
This program is licensed under the BSD-3 license. See the LICENSE file for details.
Components of this program may be licensed under more restrictive licenses which must be honored.
[INFO GRT-0020] Min routing layer: metal2
[INFO GRT-0021] Max routing layer: metal10
[INFO GRT-0022] Global adjustment: 0%
[INFO GRT-0023] Grid origin: (0, 0)
[INFO GRT-0043] No OR_DEFAULT vias defined.
[INFO GRT-0088] Layer metal1  Track-Pitch = 0.1400  line-2-Via Pitch: 0.1350
[INFO GRT-0088] Layer metal2  Track-Pitch = 0.1900  line-2-Via Pitch: 0.1400
[INFO GRT-0088] Layer metal3  Track-Pitch = 0.1400  line-2-Via Pitch: 0.1400
[INFO GRT-0088] Layer metal4  Track-Pitch = 0.2800  line-2-Via Pitch: 0.2800
[INFO GRT-0088] Layer metal5  Track-Pitch = 0.2800  line-2-Via Pitch: 0.2800
[INFO GRT-0088] Layer metal6  Track-Pitch = 0.2800  line-2-Via Pitch: 0.2800
[INFO GRT-0088] Layer metal7  Track-Pitch = 0.8000  line-2-Via Pitch: 0.8000
[INFO GRT-0088] Layer metal8  Track-Pitch = 0.8000  line-2-Via Pitch: 0.8000
[INFO GRT-0088] Layer metal9  Track-Pitch = 1.6000  line-2-Via Pitch: 1.6000
[INFO GRT-0088] Layer metal10 Track-Pitch = 1.6000  line-2-Via Pitch: 1.6000
[INFO GRT-0019] Found 3270 clock nets.
[INFO GRT-0001] Minimum degree: 2
[INFO GRT-0002] Maximum degree: 201
[INFO GRT-0003] Macros: 0
[INFO GRT-0004] Blockages: 0

[INFO GRT-0053] Routing resources analysis:
          Routing      Original      Derated      Resource
Layer     Direction    Resources     Resources    Reduction (%)
---------------------------------------------------------------
metal1     Horizontal          0             0          0.00%
metal2     Vertical       299475         55760          81.38%
metal3     Horizontal     408375        110700          72.89%
metal4     Vertical       190575        133843          29.77%
metal5     Horizontal     190575        135956          28.66%
metal6     Vertical       190575        135956          28.66%
metal7     Horizontal      54450         24844          54.37%
metal8     Vertical        54450         27224          50.00%
metal9     Horizontal      27225             0          100.00%
metal10    Vertical        27225             0          100.00%
---------------------------------------------------------------

[INFO GRT-0101] Running extra iterations to remove overflow.
[INFO GRT-0197] Via related to pin nodes: 214065
[INFO GRT-0198] Via related Steiner nodes: 8135
[INFO GRT-0199] Via filling finished.
[INFO GRT-0111] Final number of vias: 256478
[INFO GRT-0112] Final usage 3D: 986629

[INFO GRT-0096] Final congestion report:
Layer         Resource        Demand        Usage (%)    Max H / Max V / Total Overflow
---------------------------------------------------------------------------------------
metal1               0             0            0.00%             0 /  0 /  0
metal2           55760         29011           52.03%             0 /  0 /  0
metal3          110700         57368           51.82%             0 /  0 /  0
metal4          133843         54432           40.67%             0 /  0 /  0
metal5          135956         48887           35.96%             0 /  0 /  0
metal6          135956         21649           15.92%             0 /  0 /  0
metal7           24844          5135           20.67%             0 /  0 /  0
metal8           27224           713            2.62%             0 /  0 /  0
metal9               0             0            0.00%             0 /  0 /  0
metal10              0             0            0.00%             0 /  0 /  0
---------------------------------------------------------------------------------------
Total           624283        217195           34.79%             0 /  0 /  0

[INFO GRT-0018] Total wirelength: 668845 um
[INFO GRT-0014] Routed nets: 33697

==========================================================================
global route report_tns
--------------------------------------------------------------------------
tns -0.41

==========================================================================
global route report_wns
--------------------------------------------------------------------------
wns -0.09

==========================================================================
global route report_worst_slack
--------------------------------------------------------------------------
worst slack -0.09

==========================================================================
global route report_clock_skew
--------------------------------------------------------------------------
Clock clk_i
Latency      CRPR       Skew
lut/gen_sub_units_scm[11].sub_unit_i/_2902_/G ^
   0.46
_549_/CK ^
   0.07      0.00       0.40


==========================================================================
global route report_checks -path_delay min
--------------------------------------------------------------------------
Startpoint: rst_ni (input port clocked by clk_i)
Endpoint: lut/_217_ (removal check against rising-edge clock clk_i)
Path Group: **async_default**
Path Type: min

Fanout     Cap    Slew   Delay    Time   Description
-----------------------------------------------------------------------------
                          0.00    0.00   clock clk_i (rise edge)
                          0.00    0.00   clock network delay (propagated)
                          0.30    0.30 ^ input external delay
                  0.00    0.00    0.30 ^ rst_ni (in)
     1    2.25                           rst_ni (net)
                  0.00    0.00    0.30 ^ hold1042/A (CLKBUF_X3)
                  0.02    0.05    0.35 ^ hold1042/Z (CLKBUF_X3)
     1   27.79                           net1403 (net)
                  0.02    0.00    0.35 ^ input11/A (BUF_X32)
                  0.01    0.03    0.37 ^ input11/Z (BUF_X32)
    87  205.61                           net11 (net)
                  0.02    0.02    0.39 ^ hold1043/A (CLKBUF_X3)
                  0.04    0.07    0.46 ^ hold1043/Z (CLKBUF_X3)
    16   47.03                           net1404 (net)
                  0.04    0.00    0.46 ^ lut/_217_/RN (DFFR_X2)
                                  0.46   data arrival time

                          0.00    0.00   clock clk_i (rise edge)
                          0.00    0.00   clock source latency
                  0.00    0.00    0.00 ^ clk_i (in)
     1   51.16                           clk_i (net)
                  0.01    0.01    0.01 ^ clkbuf_0_clk_i/A (BUF_X32)
                  0.01    0.02    0.03 ^ clkbuf_0_clk_i/Z (BUF_X32)
    16   96.51                           clknet_0_clk_i (net)
                  0.01    0.01    0.04 ^ clkbuf_4_11_0_clk_i/A (BUF_X4)
                  0.01    0.03    0.07 ^ clkbuf_4_11_0_clk_i/Z (BUF_X4)
    10   20.98                           clknet_4_11_0_clk_i (net)
                  0.01    0.00    0.07 ^ lut/_122_/A1 (NAND2_X1)
                  0.05    0.06    0.14 v lut/_122_/ZN (NAND2_X1)
     1   25.56                           lut/_023_ (net)
                  0.05    0.00    0.14 v clkbuf_0_lut/_023_/A (BUF_X32)
                  0.01    0.04    0.18 v clkbuf_0_lut/_023_/Z (BUF_X32)
     2   49.58                           clknet_0_lut/_023_ (net)
                  0.01    0.00    0.18 v clkbuf_1_0__f_lut/_023_/A (BUF_X32)
                  0.00    0.02    0.20 v clkbuf_1_0__f_lut/_023_/Z (BUF_X32)
     8   17.30                           clknet_1_0__leaf_lut/_023_ (net)
                  0.00    0.00    0.20 v net299_4/A (INV_X1)
                  0.01    0.01    0.22 ^ net299_4/ZN (INV_X1)
     1    2.23                           net365 (net)
                  0.01    0.00    0.22 ^ lut/_217_/CK (DFFR_X2)
                          0.00    0.22   clock reconvergence pessimism
                          0.21    0.43   library removal time
                                  0.43   data required time
-----------------------------------------------------------------------------
                                  0.43   data required time
                                 -0.46   data arrival time
-----------------------------------------------------------------------------
                                  0.03   slack (MET)


Startpoint: lut/gen_sub_units_scm[13].sub_unit_i/_2823_
            (negative level-sensitive latch clocked by clk_i)
Endpoint: lut/gen_sub_units_scm[13].sub_unit_i/_2380_
          (rising clock gating-check end-point clocked by clk_i)
Path Group: **clock_gating_default**
Path Type: min

Fanout     Cap    Slew   Delay    Time   Description
-----------------------------------------------------------------------------
                          1.50    1.50   clock clk_i (fall edge)
                          0.00    1.50   clock source latency
                  0.00    0.00    1.50 v clk_i (in)
     1   48.03                           clk_i (net)
                  0.01    0.01    1.51 v clkbuf_0_clk_i/A (BUF_X32)
                  0.01    0.03    1.53 v clkbuf_0_clk_i/Z (BUF_X32)
    16   90.14                           clknet_0_clk_i (net)
                  0.01    0.01    1.54 v clkbuf_4_2_0_clk_i/A (BUF_X4)
                  0.01    0.03    1.57 v clkbuf_4_2_0_clk_i/Z (BUF_X4)
     6   26.75                           clknet_4_2_0_clk_i (net)
                  0.01    0.00    1.58 v lut/gen_sub_units_scm[13].sub_unit_i/_2366_/A1 (NAND2_X1)
                  0.06    0.08    1.65 ^ lut/gen_sub_units_scm[13].sub_unit_i/_2366_/ZN (NAND2_X1)
     1   27.28                           lut/gen_sub_units_scm[13].sub_unit_i/_0830_ (net)
                  0.06    0.00    1.65 ^ clkbuf_0_lut/gen_sub_units_scm[13].sub_unit_i/_0830_/A (BUF_X32)
                  0.02    0.04    1.69 ^ clkbuf_0_lut/gen_sub_units_scm[13].sub_unit_i/_0830_/Z (BUF_X32)
     8  220.28                           clknet_0_lut/gen_sub_units_scm[13].sub_unit_i/_0830_ (net)
                  0.02    0.00    1.69 ^ clkbuf_3_6__f_lut/gen_sub_units_scm[13].sub_unit_i/_0830_/A (BUF_X32)
                  0.01    0.02    1.72 ^ clkbuf_3_6__f_lut/gen_sub_units_scm[13].sub_unit_i/_0830_/Z (BUF_X32)
     6   14.35                           clknet_3_6__leaf_lut/gen_sub_units_scm[13].sub_unit_i/_0830_ (net)
                  0.01    0.00    1.72 ^ lut/gen_sub_units_scm[13].sub_unit_i/_2367__312/A (INV_X1)
                  0.00    0.01    1.72 v lut/gen_sub_units_scm[13].sub_unit_i/_2367__312/ZN (INV_X1)
     1    1.25                           net673 (net)
                  0.00    0.00    1.72 v lut/gen_sub_units_scm[13].sub_unit_i/_2823_/GN (DLL_X1)
                  0.01    0.05    1.77 ^ lut/gen_sub_units_scm[13].sub_unit_i/_2823_/Q (DLL_X1)
     1    1.25                           lut/gen_sub_units_scm[13].sub_unit_i/gen_cg_word_iter[15].cg_i.en_latch (net)
                  0.01    0.00    1.77 ^ lut/gen_sub_units_scm[13].sub_unit_i/_2380_/A2 (AND2_X1)
                                  1.77   data arrival time

                          1.50    1.50   clock clk_i (fall edge)
                          0.00    1.50   clock source latency
                  0.00    0.00    1.50 v clk_i (in)
     1   48.03                           clk_i (net)
                  0.01    0.01    1.51 v clkbuf_0_clk_i/A (BUF_X32)
                  0.01    0.03    1.53 v clkbuf_0_clk_i/Z (BUF_X32)
    16   90.14                           clknet_0_clk_i (net)
                  0.01    0.01    1.54 v clkbuf_4_2_0_clk_i/A (BUF_X4)
                  0.01    0.03    1.57 v clkbuf_4_2_0_clk_i/Z (BUF_X4)
     6   26.75                           clknet_4_2_0_clk_i (net)
                  0.01    0.00    1.58 v lut/gen_sub_units_scm[13].sub_unit_i/_2366_/A1 (NAND2_X1)
                  0.07    0.08    1.65 ^ lut/gen_sub_units_scm[13].sub_unit_i/_2366_/ZN (NAND2_X1)
     1   27.28                           lut/gen_sub_units_scm[13].sub_unit_i/_0830_ (net)
                  0.07    0.00    1.65 ^ clkbuf_0_lut/gen_sub_units_scm[13].sub_unit_i/_0830_/A (BUF_X32)
                  0.02    0.04    1.69 ^ clkbuf_0_lut/gen_sub_units_scm[13].sub_unit_i/_0830_/Z (BUF_X32)
     8  220.28                           clknet_0_lut/gen_sub_units_scm[13].sub_unit_i/_0830_ (net)
                  0.02    0.01    1.70 ^ clkbuf_3_3__f_lut/gen_sub_units_scm[13].sub_unit_i/_0830_/A (BUF_X32)
                  0.01    0.02    1.72 ^ clkbuf_3_3__f_lut/gen_sub_units_scm[13].sub_unit_i/_0830_/Z (BUF_X32)
     9   18.54                           clknet_3_3__leaf_lut/gen_sub_units_scm[13].sub_unit_i/_0830_ (net)
                  0.01    0.00    1.72 ^ lut/gen_sub_units_scm[13].sub_unit_i/_2367__284/A (INV_X1)
                  0.00    0.01    1.73 v lut/gen_sub_units_scm[13].sub_unit_i/_2367__284/ZN (INV_X1)
     1    1.22                           net645 (net)
                  0.00    0.00    1.73 v lut/gen_sub_units_scm[13].sub_unit_i/_2380_/A1 (AND2_X1)
                          0.00    1.73   clock reconvergence pessimism
                          0.00    1.73   clock gating hold time
                                  1.73   data required time
-----------------------------------------------------------------------------
                                  1.73   data required time
                                 -1.77   data arrival time
-----------------------------------------------------------------------------
                                  0.04   slack (MET)


Startpoint: _537_ (rising edge-triggered flip-flop clocked by clk_i)
Endpoint: _537_ (rising edge-triggered flip-flop clocked by clk_i)
Path Group: clk_i
Path Type: min

Fanout     Cap    Slew   Delay    Time   Description
-----------------------------------------------------------------------------
                          0.00    0.00   clock clk_i (rise edge)
                          0.00    0.00   clock source latency
                  0.00    0.00    0.00 ^ clk_i (in)
     1   51.16                           clk_i (net)
                  0.01    0.01    0.01 ^ clkbuf_0_clk_i/A (BUF_X32)
                  0.01    0.02    0.03 ^ clkbuf_0_clk_i/Z (BUF_X32)
    16   96.51                           clknet_0_clk_i (net)
                  0.01    0.01    0.04 ^ clkbuf_4_9_0_clk_i/A (BUF_X4)
                  0.01    0.03    0.07 ^ clkbuf_4_9_0_clk_i/Z (BUF_X4)
     7   15.59                           clknet_4_9_0_clk_i (net)
                  0.01    0.00    0.07 ^ _537_/CK (DFFR_X1)
                  0.01    0.09    0.16 v _537_/Q (DFFR_X1)
     2    2.95                           net58 (net)
                  0.01    0.00    0.16 v _492_/A3 (NAND3_X1)
                  0.01    0.02    0.18 ^ _492_/ZN (NAND3_X1)
     1    1.92                           _173_ (net)
                  0.01    0.00    0.18 ^ _494_/A1 (NAND2_X1)
                  0.01    0.01    0.19 v _494_/ZN (NAND2_X1)
     1    1.17                           _028_ (net)
                  0.01    0.00    0.19 v _537_/D (DFFR_X1)
                                  0.19   data arrival time

                          0.00    0.00   clock clk_i (rise edge)
                          0.00    0.00   clock source latency
                  0.00    0.00    0.00 ^ clk_i (in)
     1   51.16                           clk_i (net)
                  0.01    0.01    0.01 ^ clkbuf_0_clk_i/A (BUF_X32)
                  0.01    0.02    0.03 ^ clkbuf_0_clk_i/Z (BUF_X32)
    16   96.51                           clknet_0_clk_i (net)
                  0.01    0.01    0.04 ^ clkbuf_4_9_0_clk_i/A (BUF_X4)
                  0.01    0.03    0.07 ^ clkbuf_4_9_0_clk_i/Z (BUF_X4)
     7   15.59                           clknet_4_9_0_clk_i (net)
                  0.01    0.00    0.07 ^ _537_/CK (DFFR_X1)
                          0.00    0.07   clock reconvergence pessimism
                          0.01    0.08   library hold time
                                  0.08   data required time
-----------------------------------------------------------------------------
                                  0.08   data required time
                                 -0.19   data arrival time
-----------------------------------------------------------------------------
                                  0.12   slack (MET)



==========================================================================
global route report_checks -path_delay max
--------------------------------------------------------------------------
Startpoint: rst_ni (input port clocked by clk_i)
Endpoint: _553_ (recovery check against rising-edge clock clk_i)
Path Group: **async_default**
Path Type: max

Fanout     Cap    Slew   Delay    Time   Description
-----------------------------------------------------------------------------
                          0.00    0.00   clock clk_i (rise edge)
                          0.00    0.00   clock network delay (propagated)
                          0.30    0.30 ^ input external delay
                  0.00    0.00    0.30 ^ rst_ni (in)
     1    2.25                           rst_ni (net)
                  0.00    0.00    0.30 ^ hold1042/A (CLKBUF_X3)
                  0.02    0.05    0.35 ^ hold1042/Z (CLKBUF_X3)
     1   27.79                           net1403 (net)
                  0.02    0.00    0.35 ^ input11/A (BUF_X32)
                  0.01    0.03    0.37 ^ input11/Z (BUF_X32)
    87  205.61                           net11 (net)
                  0.04    0.03    0.40 ^ _553_/RN (DFFR_X1)
                                  0.40   data arrival time

                          3.00    3.00   clock clk_i (rise edge)
                          0.00    3.00   clock source latency
                  0.00    0.00    3.00 ^ clk_i (in)
     1   51.16                           clk_i (net)
                  0.01    0.01    3.01 ^ clkbuf_0_clk_i/A (BUF_X32)
                  0.01    0.02    3.03 ^ clkbuf_0_clk_i/Z (BUF_X32)
    16   96.51                           clknet_0_clk_i (net)
                  0.01    0.01    3.04 ^ clkbuf_4_7_0_clk_i/A (BUF_X4)
                  0.01    0.03    3.07 ^ clkbuf_4_7_0_clk_i/Z (BUF_X4)
     9   14.54                           clknet_4_7_0_clk_i (net)
                  0.01    0.00    3.07 ^ _553_/CK (DFFR_X1)
                          0.00    3.07   clock reconvergence pessimism
                          0.05    3.12   library recovery time
                                  3.12   data required time
-----------------------------------------------------------------------------
                                  3.12   data required time
                                 -0.40   data arrival time
-----------------------------------------------------------------------------
                                  2.72   slack (MET)


Startpoint: lut/gen_sub_units_scm[1].sub_unit_i/_2832_
            (negative level-sensitive latch clocked by clk_i)
Endpoint: lut/gen_sub_units_scm[1].sub_unit_i/_2390_
          (rising clock gating-check end-point clocked by clk_i)
Path Group: **clock_gating_default**
Path Type: max

Fanout     Cap    Slew   Delay    Time   Description
-----------------------------------------------------------------------------
                          1.50    1.50   clock clk_i (fall edge)
                          0.00    1.50   clock source latency
                  0.00    0.00    1.50 v clk_i (in)
     1   48.03                           clk_i (net)
                  0.01    0.01    1.51 v clkbuf_0_clk_i/A (BUF_X32)
                  0.01    0.03    1.53 v clkbuf_0_clk_i/Z (BUF_X32)
    16   90.14                           clknet_0_clk_i (net)
                  0.01    0.01    1.54 v clkbuf_4_6_0_clk_i/A (BUF_X4)
                  0.01    0.03    1.57 v clkbuf_4_6_0_clk_i/Z (BUF_X4)
     7   15.82                           clknet_4_6_0_clk_i (net)
                  0.01    0.00    1.57 v lut/gen_sub_units_scm[1].sub_unit_i/_2366_/A1 (NAND2_X1)
                  0.07    0.08    1.65 ^ lut/gen_sub_units_scm[1].sub_unit_i/_2366_/ZN (NAND2_X1)
     1   29.40                           lut/gen_sub_units_scm[1].sub_unit_i/_0830_ (net)
                  0.07    0.00    1.65 ^ clkbuf_0_lut/gen_sub_units_scm[1].sub_unit_i/_0830_/A (BUF_X32)
                  0.02    0.04    1.69 ^ clkbuf_0_lut/gen_sub_units_scm[1].sub_unit_i/_0830_/Z (BUF_X32)
     8  221.76                           clknet_0_lut/gen_sub_units_scm[1].sub_unit_i/_0830_ (net)
                  0.02    0.01    1.70 ^ clkbuf_3_5__f_lut/gen_sub_units_scm[1].sub_unit_i/_0830_/A (BUF_X32)
                  0.01    0.02    1.73 ^ clkbuf_3_5__f_lut/gen_sub_units_scm[1].sub_unit_i/_0830_/Z (BUF_X32)
    10   25.63                           clknet_3_5__leaf_lut/gen_sub_units_scm[1].sub_unit_i/_0830_ (net)
                  0.01    0.00    1.73 ^ lut/gen_sub_units_scm[1].sub_unit_i/_2367__513/A (INV_X1)
                  0.01    0.01    1.74 v lut/gen_sub_units_scm[1].sub_unit_i/_2367__513/ZN (INV_X1)
     1    8.29                           net874 (net)
                  0.01    0.00    1.74 v lut/gen_sub_units_scm[1].sub_unit_i/_2832_/GN (DLL_X1)
                  0.01    0.07    1.82 v lut/gen_sub_units_scm[1].sub_unit_i/_2832_/Q (DLL_X1)
     1    1.46                           lut/gen_sub_units_scm[1].sub_unit_i/gen_cg_word_iter[24].cg_i.en_latch (net)
                  0.01    0.00    1.82 v lut/gen_sub_units_scm[1].sub_unit_i/_2390_/A2 (AND2_X1)
                                  1.82   data arrival time

                          3.00    3.00   clock clk_i (rise edge)
                          0.00    3.00   clock source latency
                  0.00    0.00    3.00 ^ clk_i (in)
     1   51.16                           clk_i (net)
                  0.01    0.01    3.01 ^ clkbuf_0_clk_i/A (BUF_X32)
                  0.01    0.02    3.03 ^ clkbuf_0_clk_i/Z (BUF_X32)
    16   96.51                           clknet_0_clk_i (net)
                  0.01    0.01    3.04 ^ clkbuf_4_6_0_clk_i/A (BUF_X4)
                  0.01    0.03    3.07 ^ clkbuf_4_6_0_clk_i/Z (BUF_X4)
     7   16.47                           clknet_4_6_0_clk_i (net)
                  0.01    0.00    3.07 ^ lut/gen_sub_units_scm[1].sub_unit_i/_2366_/A1 (NAND2_X1)
                  0.05    0.06    3.13 v lut/gen_sub_units_scm[1].sub_unit_i/_2366_/ZN (NAND2_X1)
     1   26.27                           lut/gen_sub_units_scm[1].sub_unit_i/_0830_ (net)
                  0.05    0.00    3.14 v clkbuf_0_lut/gen_sub_units_scm[1].sub_unit_i/_0830_/A (BUF_X32)
                  0.01    0.05    3.18 v clkbuf_0_lut/gen_sub_units_scm[1].sub_unit_i/_0830_/Z (BUF_X32)
     8  196.71                           clknet_0_lut/gen_sub_units_scm[1].sub_unit_i/_0830_ (net)
                  0.02    0.01    3.19 v clkbuf_3_4__f_lut/gen_sub_units_scm[1].sub_unit_i/_0830_/A (BUF_X32)
                  0.00    0.03    3.22 v clkbuf_3_4__f_lut/gen_sub_units_scm[1].sub_unit_i/_0830_/Z (BUF_X32)
     8   20.74                           clknet_3_4__leaf_lut/gen_sub_units_scm[1].sub_unit_i/_0830_ (net)
                  0.00    0.00    3.22 v lut/gen_sub_units_scm[1].sub_unit_i/_2367__465/A (INV_X1)
                  0.01    0.01    3.23 ^ lut/gen_sub_units_scm[1].sub_unit_i/_2367__465/ZN (INV_X1)
     1    3.21                           net826 (net)
                  0.01    0.00    3.23 ^ lut/gen_sub_units_scm[1].sub_unit_i/_2390_/A1 (AND2_X1)
                          0.00    3.23   clock reconvergence pessimism
                          0.00    3.23   clock gating setup time
                                  3.23   data required time
-----------------------------------------------------------------------------
                                  3.23   data required time
                                 -1.82   data arrival time
-----------------------------------------------------------------------------
                                  1.42   slack (MET)


Startpoint: _547_ (rising edge-triggered flip-flop clocked by clk_i)
Endpoint: _539_ (rising edge-triggered flip-flop clocked by clk_i)
Path Group: clk_i
Path Type: max

Fanout     Cap    Slew   Delay    Time   Description
-----------------------------------------------------------------------------
                          0.00    0.00   clock clk_i (rise edge)
                          0.00    0.00   clock source latency
                  0.00    0.00    0.00 ^ clk_i (in)
     1   51.16                           clk_i (net)
                  0.01    0.01    0.01 ^ clkbuf_0_clk_i/A (BUF_X32)
                  0.01    0.02    0.03 ^ clkbuf_0_clk_i/Z (BUF_X32)
    16   96.51                           clknet_0_clk_i (net)
                  0.01    0.01    0.04 ^ clkbuf_4_7_0_clk_i/A (BUF_X4)
                  0.01    0.03    0.07 ^ clkbuf_4_7_0_clk_i/Z (BUF_X4)
     9   14.54                           clknet_4_7_0_clk_i (net)
                  0.01    0.00    0.07 ^ _547_/CK (DFFR_X1)
                  0.01    0.10    0.17 v _547_/Q (DFFR_X1)
     3    8.71                           rdata_o_q[6] (net)
                  0.01    0.00    0.17 v fp_adder/converter/_174_/A2 (NOR2_X2)
                  0.03    0.05    0.21 ^ fp_adder/converter/_174_/ZN (NOR2_X2)
     2    9.61                           fp_adder/converter/_107_ (net)
                  0.03    0.00    0.21 ^ fp_adder/converter/_175_/A2 (NAND2_X1)
                  0.02    0.03    0.24 v fp_adder/converter/_175_/ZN (NAND2_X1)
     2    6.81                           fp_adder/converter/_108_ (net)
                  0.02    0.00    0.24 v fp_adder/converter/_193_/A2 (NOR2_X2)
                  0.04    0.05    0.30 ^ fp_adder/converter/_193_/ZN (NOR2_X2)
     3   12.42                           fp_adder/converter/_126_ (net)
                  0.04    0.00    0.30 ^ fp_adder/converter/_196_/A1 (NAND2_X4)
                  0.02    0.03    0.33 v fp_adder/converter/_196_/ZN (NAND2_X4)
    13   31.52                           fp_adder/converter/_129_ (net)
                  0.02    0.00    0.34 v fp_adder/converter/_199_/A2 (NAND2_X4)
                  0.02    0.04    0.37 ^ fp_adder/converter/_199_/ZN (NAND2_X4)
    14   29.53                           fp_adder/converter/_132_ (net)
                  0.02    0.00    0.37 ^ fp_adder/converter/_233_/A1 (NAND2_X2)
                  0.01    0.03    0.40 v fp_adder/converter/_233_/ZN (NAND2_X2)
     4   11.02                           fp_adder/converter/_006_ (net)
                  0.01    0.00    0.40 v fp_adder/converter/_326_/B1 (AOI21_X1)
                  0.02    0.03    0.43 ^ fp_adder/converter/_326_/ZN (AOI21_X1)
     1    2.00                           fp_adder/converter/_089_ (net)
                  0.02    0.00    0.43 ^ fp_adder/converter/_327_/A (OAI21_X1)
                  0.01    0.02    0.45 v fp_adder/converter/_327_/ZN (OAI21_X1)
     1    1.68                           fp_adder/converter/_090_ (net)
                  0.01    0.00    0.45 v fp_adder/converter/_328_/A1 (NAND2_X1)
                  0.03    0.03    0.48 ^ fp_adder/converter/_328_/ZN (NAND2_X1)
     3    9.30                           fp_adder/operand_fp16_fp32[25] (net)
                  0.03    0.00    0.48 ^ fp_adder/adder/adder/_1255_/A (INV_X1)
                  0.01    0.02    0.50 v fp_adder/adder/adder/_1255_/ZN (INV_X1)
     2    5.21                           fp_adder/adder/adder/_0367_ (net)
                  0.01    0.00    0.50 v fp_adder/adder/adder/_1256_/A1 (NAND2_X1)
                  0.02    0.03    0.53 ^ fp_adder/adder/adder/_1256_/ZN (NAND2_X1)
     3    5.75                           fp_adder/adder/adder/_0368_ (net)
                  0.02    0.00    0.53 ^ fp_adder/adder/adder/_1259_/A1 (NAND2_X1)
                  0.01    0.02    0.55 v fp_adder/adder/adder/_1259_/ZN (NAND2_X1)
     2    3.32                           fp_adder/adder/adder/_0371_ (net)
                  0.01    0.00    0.55 v fp_adder/adder/adder/_1260_/A2 (NOR2_X1)
                  0.02    0.04    0.58 ^ fp_adder/adder/adder/_1260_/ZN (NOR2_X1)
     2    3.64                           fp_adder/adder/adder/_0372_ (net)
                  0.02    0.00    0.58 ^ fp_adder/adder/adder/_1261_/A2 (NAND2_X1)
                  0.02    0.02    0.61 v fp_adder/adder/adder/_1261_/ZN (NAND2_X1)
     2    3.76                           fp_adder/adder/adder/_0373_ (net)
                  0.02    0.00    0.61 v fp_adder/adder/adder/_1265_/A1 (NAND2_X1)
                  0.02    0.03    0.64 ^ fp_adder/adder/adder/_1265_/ZN (NAND2_X1)
     3    7.66                           fp_adder/adder/adder/_0377_ (net)
                  0.02    0.00    0.64 ^ fp_adder/adder/adder/_1298_/A1 (NAND2_X2)
                  0.02    0.03    0.67 v fp_adder/adder/adder/_1298_/ZN (NAND2_X2)
     4   12.79                           fp_adder/adder/adder/_0409_ (net)
                  0.02    0.00    0.67 v fp_adder/adder/adder/_1305_/A1 (NAND2_X4)
                  0.07    0.08    0.75 ^ fp_adder/adder/adder/_1305_/ZN (NAND2_X4)
    43  117.47                           fp_adder/adder/adder/_0416_ (net)
                  0.07    0.00    0.75 ^ fp_adder/adder/adder/_1323_/A (INV_X8)
                  0.03    0.03    0.79 v fp_adder/adder/adder/_1323_/ZN (INV_X8)
    42   93.06                           fp_adder/adder/adder/_0434_ (net)
                  0.03    0.00    0.79 v fp_adder/adder/adder/_1357_/A2 (NAND2_X1)
                  0.02    0.04    0.82 ^ fp_adder/adder/adder/_1357_/ZN (NAND2_X1)
     1    6.21                           fp_adder/adder/adder/_0468_ (net)
                  0.02    0.00    0.82 ^ fp_adder/adder/adder/_1362_/A1 (NAND2_X4)
                  0.03    0.04    0.86 v fp_adder/adder/adder/_1362_/ZN (NAND2_X4)
    27   56.00                           fp_adder/adder/adder/_0473_ (net)
                  0.03    0.01    0.87 v fp_adder/adder/adder/_1427_/A (INV_X4)
                  0.03    0.05    0.92 ^ fp_adder/adder/adder/_1427_/ZN (INV_X4)
    24   49.43                           fp_adder/adder/adder/_0530_ (net)
                  0.03    0.00    0.92 ^ fp_adder/adder/adder/_1431_/A2 (NAND3_X1)
                  0.02    0.03    0.95 v fp_adder/adder/adder/_1431_/ZN (NAND3_X1)
     2    3.68                           fp_adder/adder/adder/_0534_ (net)
                  0.02    0.00    0.95 v fp_adder/adder/adder/_1433_/A1 (NAND2_X1)
                  0.01    0.02    0.98 ^ fp_adder/adder/adder/_1433_/ZN (NAND2_X1)
     2    4.07                           fp_adder/adder/adder/_0536_ (net)
                  0.01    0.00    0.98 ^ fp_adder/adder/adder/_1434_/A (INV_X1)
                  0.01    0.01    0.98 v fp_adder/adder/adder/_1434_/ZN (INV_X1)
     1    2.02                           fp_adder/adder/adder/_0537_ (net)
                  0.01    0.00    0.98 v fp_adder/adder/adder/_1435_/A1 (NAND2_X1)
                  0.02    0.03    1.01 ^ fp_adder/adder/adder/_1435_/ZN (NAND2_X1)
     2    8.27                           fp_adder/adder/adder/_0538_ (net)
                  0.02    0.00    1.01 ^ fp_adder/adder/adder/_1439_/A1 (NAND2_X4)
                  0.02    0.03    1.05 v fp_adder/adder/adder/_1439_/ZN (NAND2_X4)
    20   34.56                           fp_adder/adder/adder/_0542_ (net)
                  0.02    0.00    1.05 v fp_adder/adder/adder/_1443_/A1 (NAND2_X1)
                  0.01    0.02    1.07 ^ fp_adder/adder/adder/_1443_/ZN (NAND2_X1)
     2    3.56                           fp_adder/adder/adder/_0546_ (net)
                  0.01    0.00    1.07 ^ fp_adder/adder/adder/_1447_/A1 (NAND2_X1)
                  0.02    0.02    1.09 v fp_adder/adder/adder/_1447_/ZN (NAND2_X1)
     2    3.49                           fp_adder/adder/adder/_0550_ (net)
                  0.02    0.00    1.09 v fp_adder/adder/adder/_1454_/A1 (NAND2_X1)
                  0.01    0.02    1.11 ^ fp_adder/adder/adder/_1454_/ZN (NAND2_X1)
     1    1.88                           fp_adder/adder/adder/_0557_ (net)
                  0.01    0.00    1.11 ^ fp_adder/adder/adder/_1463_/A1 (NAND2_X1)
                  0.01    0.02    1.13 v fp_adder/adder/adder/_1463_/ZN (NAND2_X1)
     2    3.55                           fp_adder/adder/adder/_0566_ (net)
                  0.01    0.00    1.13 v fp_adder/adder/adder/_1467_/A1 (NAND2_X1)
                  0.01    0.02    1.14 ^ fp_adder/adder/adder/_1467_/ZN (NAND2_X1)
     1    1.79                           fp_adder/adder/adder/_0570_ (net)
                  0.01    0.00    1.14 ^ fp_adder/adder/adder/_1476_/A1 (NAND2_X1)
                  0.01    0.01    1.16 v fp_adder/adder/adder/_1476_/ZN (NAND2_X1)
     1    1.59                           fp_adder/adder/adder/_0579_ (net)
                  0.01    0.00    1.16 v fp_adder/adder/adder/_1483_/A1 (NOR2_X1)
                  0.03    0.03    1.19 ^ fp_adder/adder/adder/_1483_/ZN (NOR2_X1)
     2    3.99                           fp_adder/adder/adder/_0586_ (net)
                  0.03    0.00    1.19 ^ fp_adder/adder/adder/_1574_/A2 (NAND2_X1)
                  0.01    0.02    1.21 v fp_adder/adder/adder/_1574_/ZN (NAND2_X1)
     1    1.77                           fp_adder/adder/adder/_0677_ (net)
                  0.01    0.00    1.21 v fp_adder/adder/adder/_1575_/A1 (NOR2_X1)
                  0.02    0.02    1.23 ^ fp_adder/adder/adder/_1575_/ZN (NOR2_X1)
     1    1.89                           fp_adder/adder/adder/_0678_ (net)
                  0.02    0.00    1.23 ^ fp_adder/adder/adder/_1645_/A1 (NAND3_X1)
                  0.01    0.02    1.26 v fp_adder/adder/adder/_1645_/ZN (NAND3_X1)
     1    3.39                           fp_adder/adder/adder/_0748_ (net)
                  0.01    0.00    1.26 v fp_adder/adder/adder/_1654_/A2 (NAND3_X2)
                  0.02    0.03    1.28 ^ fp_adder/adder/adder/_1654_/ZN (NAND3_X2)
     3    9.69                           fp_adder/adder/adder/_0757_ (net)
                  0.02    0.00    1.28 ^ fp_adder/adder/adder/_1846_/A1 (NAND4_X1)
                  0.02    0.03    1.31 v fp_adder/adder/adder/_1846_/ZN (NAND4_X1)
     1    1.95                           fp_adder/adder/adder/_0949_ (net)
                  0.02    0.00    1.31 v fp_adder/adder/adder/_1847_/A1 (NAND2_X1)
                  0.02    0.04    1.35 ^ fp_adder/adder/adder/_1847_/ZN (NAND2_X1)
     3    8.51                           fp_adder/adder/adder/_0950_ (net)
                  0.02    0.00    1.35 ^ fp_adder/adder/adder/_1957_/A1 (NAND2_X1)
                  0.01    0.02    1.37 v fp_adder/adder/adder/_1957_/ZN (NAND2_X1)
     1    3.12                           fp_adder/adder/adder/_1060_ (net)
                  0.01    0.00    1.37 v fp_adder/adder/adder/_1961_/A1 (NAND2_X2)
                  0.02    0.02    1.39 ^ fp_adder/adder/adder/_1961_/ZN (NAND2_X2)
     4   10.73                           fp_adder/adder/adder/_1064_ (net)
                  0.02    0.00    1.39 ^ fp_adder/adder/adder/_2069_/A1 (NAND2_X1)
                  0.01    0.02    1.41 v fp_adder/adder/adder/_2069_/ZN (NAND2_X1)
     1    3.34                           fp_adder/adder/adder/_0051_ (net)
                  0.01    0.00    1.41 v fp_adder/adder/adder/_2086_/A1 (NAND2_X2)
                  0.02    0.02    1.44 ^ fp_adder/adder/adder/_2086_/ZN (NAND2_X2)
     4   11.16                           fp_adder/adder/adder/_0069_ (net)
                  0.02    0.00    1.44 ^ fp_adder/adder/adder/_2260_/A1 (NAND2_X1)
                  0.01    0.02    1.45 v fp_adder/adder/adder/_2260_/ZN (NAND2_X1)
     1    1.79                           fp_adder/adder/adder/_0240_ (net)
                  0.01    0.00    1.45 v fp_adder/adder/adder/_2261_/A1 (NAND2_X1)
                  0.02    0.03    1.48 ^ fp_adder/adder/adder/_2261_/ZN (NAND2_X1)
     3    7.74                           fp_adder/adder/adder/_0241_ (net)
                  0.02    0.00    1.49 ^ fp_adder/adder/adder/_2266_/A1 (NAND2_X1)
                  0.01    0.02    1.50 v fp_adder/adder/adder/_2266_/ZN (NAND2_X1)
     1    2.33                           fp_adder/adder/adder/_0244_ (net)
                  0.01    0.00    1.50 v fp_adder/adder/adder/_2267_/A1 (NAND2_X1)
                  0.02    0.03    1.53 ^ fp_adder/adder/adder/_2267_/ZN (NAND2_X1)
     2    6.13                           fp_adder/adder/adder/_0245_ (net)
                  0.02    0.00    1.53 ^ fp_adder/adder/adder/_2270_/A1 (NAND2_X1)
                  0.01    0.02    1.55 v fp_adder/adder/adder/_2270_/ZN (NAND2_X1)
     2    3.89                           fp_adder/adder/adder/_0248_ (net)
                  0.01    0.00    1.55 v fp_adder/adder/adder/_2274_/A1 (NAND3_X1)
                  0.02    0.02    1.57 ^ fp_adder/adder/adder/_2274_/ZN (NAND3_X1)
     1    4.07                           fp_adder/adder/adder/_0252_ (net)
                  0.02    0.00    1.57 ^ fp_adder/adder/adder/_2275_/A2 (NAND2_X2)
                  0.01    0.02    1.59 v fp_adder/adder/adder/_2275_/ZN (NAND2_X2)
     4    9.27                           fp_adder/adder/mant_prenorm_d[43] (net)
                  0.01    0.00    1.60 v fp_adder/adder/norm/LOD/_177_/A2 (NOR2_X1)
                  0.03    0.04    1.64 ^ fp_adder/adder/norm/LOD/_177_/ZN (NOR2_X1)
     2    4.07                           fp_adder/adder/norm/LOD/_133_ (net)
                  0.03    0.00    1.64 ^ fp_adder/adder/norm/LOD/_178_/A2 (NAND2_X1)
                  0.02    0.03    1.67 v fp_adder/adder/norm/LOD/_178_/ZN (NAND2_X1)
     2    7.87                           fp_adder/adder/norm/LOD/_134_ (net)
                  0.02    0.00    1.67 v fp_adder/adder/norm/LOD/_179_/A (INV_X4)
                  0.01    0.01    1.68 ^ fp_adder/adder/norm/LOD/_179_/ZN (INV_X4)
     1    3.29                           fp_adder/adder/norm/LOD/_135_ (net)
                  0.01    0.00    1.68 ^ fp_adder/adder/norm/LOD/_187_/A1 (NAND2_X2)
                  0.02    0.02    1.70 v fp_adder/adder/norm/LOD/_187_/ZN (NAND2_X2)
     5    9.74                           fp_adder/adder/norm/LOD/_143_ (net)
                  0.02    0.00    1.70 v fp_adder/adder/norm/LOD/_200_/A1 (NOR2_X2)
                  0.04    0.05    1.75 ^ fp_adder/adder/norm/LOD/_200_/ZN (NOR2_X2)
     5   12.31                           fp_adder/adder/norm/LOD/_008_ (net)
                  0.04    0.00    1.75 ^ fp_adder/adder/norm/LOD/_207_/A1 (NAND2_X1)
                  0.02    0.03    1.78 v fp_adder/adder/norm/LOD/_207_/ZN (NAND2_X1)
     2    5.36                           fp_adder/adder/norm/LOD/_015_ (net)
                  0.02    0.00    1.78 v fp_adder/adder/norm/LOD/_292_/A (INV_X2)
                  0.01    0.02    1.80 ^ fp_adder/adder/norm/LOD/_292_/ZN (INV_X2)
     3    9.49                           fp_adder/adder/norm/Mant_leadingOne_D[4] (net)
                  0.01    0.00    1.80 ^ fp_adder/adder/norm/LOD/_295_/A1 (NAND2_X1)
                  0.01    0.01    1.82 v fp_adder/adder/norm/LOD/_295_/ZN (NAND2_X1)
     1    1.65                           fp_adder/adder/norm/LOD/_099_ (net)
                  0.01    0.00    1.82 v fp_adder/adder/norm/LOD/_296_/A3 (NAND3_X1)
                  0.02    0.03    1.85 ^ fp_adder/adder/norm/LOD/_296_/ZN (NAND3_X1)
     2    5.67                           fp_adder/adder/norm/Mant_leadingOne_D[2] (net)
                  0.02    0.00    1.85 ^ fp_adder/adder/norm/_1150_/A (INV_X1)
                  0.01    0.02    1.86 v fp_adder/adder/norm/_1150_/ZN (INV_X1)
     2    4.69                           fp_adder/adder/norm/_0101_ (net)
                  0.01    0.00    1.86 v fp_adder/adder/norm/_1151_/A1 (NAND2_X2)
                  0.02    0.02    1.88 ^ fp_adder/adder/norm/_1151_/ZN (NAND2_X2)
     3   10.08                           fp_adder/adder/norm/_0112_ (net)
                  0.02    0.00    1.88 ^ fp_adder/adder/norm/_1152_/A2 (NAND2_X1)
                  0.02    0.03    1.91 v fp_adder/adder/norm/_1152_/ZN (NAND2_X1)
     3    7.01                           fp_adder/adder/norm/_0123_ (net)
                  0.02    0.00    1.91 v fp_adder/adder/norm/_1158_/A1 (NOR2_X1)
                  0.03    0.04    1.95 ^ fp_adder/adder/norm/_1158_/ZN (NOR2_X1)
     2    3.92                           fp_adder/adder/norm/_0189_ (net)
                  0.03    0.00    1.95 ^ fp_adder/adder/norm/_1159_/A2 (NAND2_X1)
                  0.01    0.02    1.97 v fp_adder/adder/norm/_1159_/ZN (NAND2_X1)
     1    1.62                           fp_adder/adder/norm/_0200_ (net)
                  0.01    0.00    1.97 v fp_adder/adder/norm/_1163_/A1 (NAND2_X1)
                  0.01    0.01    1.98 ^ fp_adder/adder/norm/_1163_/ZN (NAND2_X1)
     1    1.89                           fp_adder/adder/norm/_0239_ (net)
                  0.01    0.00    1.98 ^ fp_adder/adder/norm/_1186_/A1 (NAND2_X1)
                  0.01    0.01    1.99 v fp_adder/adder/norm/_1186_/ZN (NAND2_X1)
     1    1.84                           fp_adder/adder/norm/_0282_ (net)
                  0.01    0.00    1.99 v fp_adder/adder/norm/_1194_/A1 (NAND2_X1)
                  0.01    0.02    2.01 ^ fp_adder/adder/norm/_1194_/ZN (NAND2_X1)
     1    3.29                           fp_adder/adder/norm/_0290_ (net)
                  0.01    0.00    2.01 ^ fp_adder/adder/norm/_1198_/A1 (NAND2_X2)
                  0.01    0.02    2.03 v fp_adder/adder/norm/_1198_/ZN (NAND2_X2)
     4   11.26                           fp_adder/adder/norm/_0294_ (net)
                  0.01    0.00    2.03 v fp_adder/adder/norm/_1211_/A1 (NAND2_X4)
                  0.03    0.04    2.08 ^ fp_adder/adder/norm/_1211_/ZN (NAND2_X4)
    13   51.52                           fp_adder/adder/norm/_0307_ (net)
                  0.03    0.00    2.08 ^ fp_adder/adder/norm/_1215_/A1 (NAND2_X1)
                  0.02    0.03    2.11 v fp_adder/adder/norm/_1215_/ZN (NAND2_X1)
     1    6.07                           fp_adder/adder/norm/_0311_ (net)
                  0.02    0.00    2.11 v fp_adder/adder/norm/_1217_/A1 (NAND2_X4)
                  0.08    0.09    2.19 ^ fp_adder/adder/norm/_1217_/ZN (NAND2_X4)
    52  138.69                           fp_adder/adder/norm/_0313_ (net)
                  0.08    0.01    2.20 ^ fp_adder/adder/norm/_1221_/A2 (NAND3_X2)
                  0.02    0.04    2.25 v fp_adder/adder/norm/_1221_/ZN (NAND3_X2)
     3    8.44                           fp_adder/adder/norm/_0317_ (net)
                  0.02    0.00    2.25 v fp_adder/adder/norm/_1236_/A1 (NAND3_X1)
                  0.02    0.03    2.28 ^ fp_adder/adder/norm/_1236_/ZN (NAND3_X1)
     2    5.74                           fp_adder/adder/norm/_0332_ (net)
                  0.02    0.00    2.28 ^ fp_adder/adder/norm/_1238_/A1 (NAND2_X1)
                  0.01    0.03    2.31 v fp_adder/adder/norm/_1238_/ZN (NAND2_X1)
     1    6.03                           fp_adder/adder/norm/_0334_ (net)
                  0.01    0.00    2.31 v fp_adder/adder/norm/_1240_/A1 (NAND2_X4)
                  0.08    0.08    2.39 ^ fp_adder/adder/norm/_1240_/ZN (NAND2_X4)
    75  151.19                           fp_adder/adder/norm/_0336_ (net)
                  0.09    0.03    2.42 ^ fp_adder/adder/norm/_1269_/A1 (AND2_X4)
                  0.04    0.08    2.50 ^ fp_adder/adder/norm/_1269_/ZN (AND2_X4)
    26   63.97                           fp_adder/adder/norm/_0365_ (net)
                  0.04    0.00    2.50 ^ fp_adder/adder/norm/_1615_/A1 (NAND2_X1)
                  0.02    0.03    2.53 v fp_adder/adder/norm/_1615_/ZN (NAND2_X1)
     4    6.50                           fp_adder/adder/norm/_0711_ (net)
                  0.02    0.00    2.53 v fp_adder/adder/norm/_1890_/A2 (NAND2_X1)
                  0.01    0.02    2.56 ^ fp_adder/adder/norm/_1890_/ZN (NAND2_X1)
     1    1.79                           fp_adder/adder/norm/_0986_ (net)
                  0.01    0.00    2.56 ^ fp_adder/adder/norm/_1891_/A1 (NAND2_X1)
                  0.02    0.01    2.57 v fp_adder/adder/norm/_1891_/ZN (NAND2_X1)
     1    1.97                           fp_adder/adder/norm/_0987_ (net)
                  0.02    0.00    2.57 v fp_adder/adder/norm/_1892_/A3 (NAND3_X1)
                  0.02    0.03    2.60 ^ fp_adder/adder/norm/_1892_/ZN (NAND3_X1)
     2    5.22                           fp_adder/adder/norm/_0988_ (net)
                  0.02    0.00    2.60 ^ fp_adder/adder/norm/_1895_/A1 (NAND2_X1)
                  0.01    0.02    2.62 v fp_adder/adder/norm/_1895_/ZN (NAND2_X1)
     1    1.89                           fp_adder/adder/norm/_0991_ (net)
                  0.01    0.00    2.62 v fp_adder/adder/norm/_1896_/A1 (NAND2_X1)
                  0.01    0.01    2.63 ^ fp_adder/adder/norm/_1896_/ZN (NAND2_X1)
     1    1.72                           fp_adder/adder/norm/_0992_ (net)
                  0.01    0.00    2.63 ^ fp_adder/adder/norm/_1902_/A1 (NAND2_X1)
                  0.01    0.01    2.65 v fp_adder/adder/norm/_1902_/ZN (NAND2_X1)
     1    2.37                           fp_adder/adder/norm/_0998_ (net)
                  0.01    0.00    2.65 v fp_adder/adder/norm/_1909_/A1 (NOR2_X1)
                  0.04    0.06    2.70 ^ fp_adder/adder/norm/_1909_/ZN (NOR2_X1)
     2    8.35                           fp_adder/adder/norm/_1005_ (net)
                  0.04    0.00    2.70 ^ fp_adder/adder/norm/_1925_/A1 (NAND2_X1)
                  0.01    0.02    2.72 v fp_adder/adder/norm/_1925_/ZN (NAND2_X1)
     1    1.54                           fp_adder/adder/norm/_1021_ (net)
                  0.01    0.00    2.72 v fp_adder/adder/norm/_1957_/A1 (NOR2_X1)
                  0.02    0.03    2.76 ^ fp_adder/adder/norm/_1957_/ZN (NOR2_X1)
     1    3.60                           fp_adder/adder/norm/_1053_ (net)
                  0.02    0.00    2.76 ^ fp_adder/adder/norm/_1991_/A2 (NAND3_X2)
                  0.02    0.04    2.79 v fp_adder/adder/norm/_1991_/ZN (NAND3_X2)
     5   11.68                           fp_adder/adder/norm/_1087_ (net)
                  0.02    0.00    2.79 v fp_adder/adder/norm/_1992_/A2 (NOR2_X2)
                  0.04    0.06    2.85 ^ fp_adder/adder/norm/_1992_/ZN (NOR2_X2)
     6   14.05                           fp_adder/adder/norm/_1088_ (net)
                  0.04    0.00    2.85 ^ fp_adder/adder/norm/_2078_/A1 (NAND4_X1)
                  0.02    0.03    2.89 v fp_adder/adder/norm/_2078_/ZN (NAND4_X1)
     1    1.61                           fp_adder/adder/norm/_0039_ (net)
                  0.02    0.00    2.89 v fp_adder/adder/norm/_2079_/A1 (NAND2_X1)
                  0.02    0.03    2.92 ^ fp_adder/adder/norm/_2079_/ZN (NAND2_X1)
     3    6.41                           fp_adder/adder/norm/_0040_ (net)
                  0.02    0.00    2.92 ^ fp_adder/adder/norm/_2089_/A1 (NAND2_X1)
                  0.01    0.02    2.93 v fp_adder/adder/norm/_2089_/ZN (NAND2_X1)
     1    1.62                           fp_adder/adder/norm/_0049_ (net)
                  0.01    0.00    2.93 v fp_adder/adder/norm/_2093_/A1 (NAND2_X1)
                  0.02    0.03    2.96 ^ fp_adder/adder/norm/_2093_/ZN (NAND2_X1)
     3    6.64                           fp_adder/adder/norm/_0054_ (net)
                  0.02    0.00    2.96 ^ fp_adder/adder/norm/_2104_/A1 (NAND2_X1)
                  0.01    0.02    2.98 v fp_adder/adder/norm/_2104_/ZN (NAND2_X1)
     1    2.06                           fp_adder/adder/norm/_0064_ (net)
                  0.01    0.00    2.98 v fp_adder/adder/norm/_2106_/A1 (NAND2_X1)
                  0.02    0.03    3.00 ^ fp_adder/adder/norm/_2106_/ZN (NAND2_X1)
     2    6.12                           fp_adder/adder/norm/_0066_ (net)
                  0.02    0.00    3.00 ^ fp_adder/adder/norm/_2112_/A1 (NAND2_X1)
                  0.01    0.02    3.02 v fp_adder/adder/norm/_2112_/ZN (NAND2_X1)
     2    3.55                           fp_adder/adder/norm/_0072_ (net)
                  0.01    0.00    3.02 v fp_adder/adder/norm/_2113_/A1 (NAND2_X1)
                  0.01    0.02    3.04 ^ fp_adder/adder/norm/_2113_/ZN (NAND2_X1)
     1    2.08                           fp_adder/adder/norm/_0073_ (net)
                  0.01    0.00    3.04 ^ fp_adder/adder/norm/_2116_/A1 (NAND2_X1)
                  0.01    0.01    3.05 v fp_adder/adder/norm/_2116_/ZN (NAND2_X1)
     1    1.85                           fp_adder/adder/norm/_0076_ (net)
                  0.01    0.00    3.05 v fp_adder/adder/norm/_2119_/A1 (NAND2_X1)
                  0.02    0.02    3.08 ^ fp_adder/adder/norm/_2119_/ZN (NAND2_X1)
     2    5.77                           result_int_d[30] (net)
                  0.02    0.00    3.08 ^ _499_/A4 (NAND4_X1)
                  0.03    0.03    3.11 v _499_/ZN (NAND4_X1)
     1    1.82                           _178_ (net)
                  0.03    0.00    3.11 v _500_/A2 (NAND2_X1)
                  0.01    0.03    3.13 ^ _500_/ZN (NAND2_X1)
     1    1.81                           _030_ (net)
                  0.01    0.00    3.13 ^ _539_/D (DFFR_X1)
                                  3.13   data arrival time

                          3.00    3.00   clock clk_i (rise edge)
                          0.00    3.00   clock source latency
                  0.00    0.00    3.00 ^ clk_i (in)
     1   51.16                           clk_i (net)
                  0.01    0.01    3.01 ^ clkbuf_0_clk_i/A (BUF_X32)
                  0.01    0.02    3.03 ^ clkbuf_0_clk_i/Z (BUF_X32)
    16   96.51                           clknet_0_clk_i (net)
                  0.01    0.01    3.04 ^ clkbuf_4_8_0_clk_i/A (BUF_X4)
                  0.02    0.03    3.07 ^ clkbuf_4_8_0_clk_i/Z (BUF_X4)
     5   22.81                           clknet_4_8_0_clk_i (net)
                  0.02    0.00    3.07 ^ _539_/CK (DFFR_X1)
                          0.00    3.07   clock reconvergence pessimism
                         -0.03    3.04   library setup time
                                  3.04   data required time
-----------------------------------------------------------------------------
                                  3.04   data required time
                                 -3.13   data arrival time
-----------------------------------------------------------------------------
                                 -0.09   slack (VIOLATED)



==========================================================================
global route report_checks -unconstrained
--------------------------------------------------------------------------
Startpoint: rst_ni (input port clocked by clk_i)
Endpoint: _553_ (recovery check against rising-edge clock clk_i)
Path Group: **async_default**
Path Type: max

Fanout     Cap    Slew   Delay    Time   Description
-----------------------------------------------------------------------------
                          0.00    0.00   clock clk_i (rise edge)
                          0.00    0.00   clock network delay (propagated)
                          0.30    0.30 ^ input external delay
                  0.00    0.00    0.30 ^ rst_ni (in)
     1    2.25                           rst_ni (net)
                  0.00    0.00    0.30 ^ hold1042/A (CLKBUF_X3)
                  0.02    0.05    0.35 ^ hold1042/Z (CLKBUF_X3)
     1   27.79                           net1403 (net)
                  0.02    0.00    0.35 ^ input11/A (BUF_X32)
                  0.01    0.03    0.37 ^ input11/Z (BUF_X32)
    87  205.61                           net11 (net)
                  0.04    0.03    0.40 ^ _553_/RN (DFFR_X1)
                                  0.40   data arrival time

                          3.00    3.00   clock clk_i (rise edge)
                          0.00    3.00   clock source latency
                  0.00    0.00    3.00 ^ clk_i (in)
     1   51.16                           clk_i (net)
                  0.01    0.01    3.01 ^ clkbuf_0_clk_i/A (BUF_X32)
                  0.01    0.02    3.03 ^ clkbuf_0_clk_i/Z (BUF_X32)
    16   96.51                           clknet_0_clk_i (net)
                  0.01    0.01    3.04 ^ clkbuf_4_7_0_clk_i/A (BUF_X4)
                  0.01    0.03    3.07 ^ clkbuf_4_7_0_clk_i/Z (BUF_X4)
     9   14.54                           clknet_4_7_0_clk_i (net)
                  0.01    0.00    3.07 ^ _553_/CK (DFFR_X1)
                          0.00    3.07   clock reconvergence pessimism
                          0.05    3.12   library recovery time
                                  3.12   data required time
-----------------------------------------------------------------------------
                                  3.12   data required time
                                 -0.40   data arrival time
-----------------------------------------------------------------------------
                                  2.72   slack (MET)


Startpoint: lut/gen_sub_units_scm[1].sub_unit_i/_2832_
            (negative level-sensitive latch clocked by clk_i)
Endpoint: lut/gen_sub_units_scm[1].sub_unit_i/_2390_
          (rising clock gating-check end-point clocked by clk_i)
Path Group: **clock_gating_default**
Path Type: max

Fanout     Cap    Slew   Delay    Time   Description
-----------------------------------------------------------------------------
                          1.50    1.50   clock clk_i (fall edge)
                          0.00    1.50   clock source latency
                  0.00    0.00    1.50 v clk_i (in)
     1   48.03                           clk_i (net)
                  0.01    0.01    1.51 v clkbuf_0_clk_i/A (BUF_X32)
                  0.01    0.03    1.53 v clkbuf_0_clk_i/Z (BUF_X32)
    16   90.14                           clknet_0_clk_i (net)
                  0.01    0.01    1.54 v clkbuf_4_6_0_clk_i/A (BUF_X4)
                  0.01    0.03    1.57 v clkbuf_4_6_0_clk_i/Z (BUF_X4)
     7   15.82                           clknet_4_6_0_clk_i (net)
                  0.01    0.00    1.57 v lut/gen_sub_units_scm[1].sub_unit_i/_2366_/A1 (NAND2_X1)
                  0.07    0.08    1.65 ^ lut/gen_sub_units_scm[1].sub_unit_i/_2366_/ZN (NAND2_X1)
     1   29.40                           lut/gen_sub_units_scm[1].sub_unit_i/_0830_ (net)
                  0.07    0.00    1.65 ^ clkbuf_0_lut/gen_sub_units_scm[1].sub_unit_i/_0830_/A (BUF_X32)
                  0.02    0.04    1.69 ^ clkbuf_0_lut/gen_sub_units_scm[1].sub_unit_i/_0830_/Z (BUF_X32)
     8  221.76                           clknet_0_lut/gen_sub_units_scm[1].sub_unit_i/_0830_ (net)
                  0.02    0.01    1.70 ^ clkbuf_3_5__f_lut/gen_sub_units_scm[1].sub_unit_i/_0830_/A (BUF_X32)
                  0.01    0.02    1.73 ^ clkbuf_3_5__f_lut/gen_sub_units_scm[1].sub_unit_i/_0830_/Z (BUF_X32)
    10   25.63                           clknet_3_5__leaf_lut/gen_sub_units_scm[1].sub_unit_i/_0830_ (net)
                  0.01    0.00    1.73 ^ lut/gen_sub_units_scm[1].sub_unit_i/_2367__513/A (INV_X1)
                  0.01    0.01    1.74 v lut/gen_sub_units_scm[1].sub_unit_i/_2367__513/ZN (INV_X1)
     1    8.29                           net874 (net)
                  0.01    0.00    1.74 v lut/gen_sub_units_scm[1].sub_unit_i/_2832_/GN (DLL_X1)
                  0.01    0.07    1.82 v lut/gen_sub_units_scm[1].sub_unit_i/_2832_/Q (DLL_X1)
     1    1.46                           lut/gen_sub_units_scm[1].sub_unit_i/gen_cg_word_iter[24].cg_i.en_latch (net)
                  0.01    0.00    1.82 v lut/gen_sub_units_scm[1].sub_unit_i/_2390_/A2 (AND2_X1)
                                  1.82   data arrival time

                          3.00    3.00   clock clk_i (rise edge)
                          0.00    3.00   clock source latency
                  0.00    0.00    3.00 ^ clk_i (in)
     1   51.16                           clk_i (net)
                  0.01    0.01    3.01 ^ clkbuf_0_clk_i/A (BUF_X32)
                  0.01    0.02    3.03 ^ clkbuf_0_clk_i/Z (BUF_X32)
    16   96.51                           clknet_0_clk_i (net)
                  0.01    0.01    3.04 ^ clkbuf_4_6_0_clk_i/A (BUF_X4)
                  0.01    0.03    3.07 ^ clkbuf_4_6_0_clk_i/Z (BUF_X4)
     7   16.47                           clknet_4_6_0_clk_i (net)
                  0.01    0.00    3.07 ^ lut/gen_sub_units_scm[1].sub_unit_i/_2366_/A1 (NAND2_X1)
                  0.05    0.06    3.13 v lut/gen_sub_units_scm[1].sub_unit_i/_2366_/ZN (NAND2_X1)
     1   26.27                           lut/gen_sub_units_scm[1].sub_unit_i/_0830_ (net)
                  0.05    0.00    3.14 v clkbuf_0_lut/gen_sub_units_scm[1].sub_unit_i/_0830_/A (BUF_X32)
                  0.01    0.05    3.18 v clkbuf_0_lut/gen_sub_units_scm[1].sub_unit_i/_0830_/Z (BUF_X32)
     8  196.71                           clknet_0_lut/gen_sub_units_scm[1].sub_unit_i/_0830_ (net)
                  0.02    0.01    3.19 v clkbuf_3_4__f_lut/gen_sub_units_scm[1].sub_unit_i/_0830_/A (BUF_X32)
                  0.00    0.03    3.22 v clkbuf_3_4__f_lut/gen_sub_units_scm[1].sub_unit_i/_0830_/Z (BUF_X32)
     8   20.74                           clknet_3_4__leaf_lut/gen_sub_units_scm[1].sub_unit_i/_0830_ (net)
                  0.00    0.00    3.22 v lut/gen_sub_units_scm[1].sub_unit_i/_2367__465/A (INV_X1)
                  0.01    0.01    3.23 ^ lut/gen_sub_units_scm[1].sub_unit_i/_2367__465/ZN (INV_X1)
     1    3.21                           net826 (net)
                  0.01    0.00    3.23 ^ lut/gen_sub_units_scm[1].sub_unit_i/_2390_/A1 (AND2_X1)
                          0.00    3.23   clock reconvergence pessimism
                          0.00    3.23   clock gating setup time
                                  3.23   data required time
-----------------------------------------------------------------------------
                                  3.23   data required time
                                 -1.82   data arrival time
-----------------------------------------------------------------------------
                                  1.42   slack (MET)


Startpoint: _547_ (rising edge-triggered flip-flop clocked by clk_i)
Endpoint: _539_ (rising edge-triggered flip-flop clocked by clk_i)
Path Group: clk_i
Path Type: max

Fanout     Cap    Slew   Delay    Time   Description
-----------------------------------------------------------------------------
                          0.00    0.00   clock clk_i (rise edge)
                          0.00    0.00   clock source latency
                  0.00    0.00    0.00 ^ clk_i (in)
     1   51.16                           clk_i (net)
                  0.01    0.01    0.01 ^ clkbuf_0_clk_i/A (BUF_X32)
                  0.01    0.02    0.03 ^ clkbuf_0_clk_i/Z (BUF_X32)
    16   96.51                           clknet_0_clk_i (net)
                  0.01    0.01    0.04 ^ clkbuf_4_7_0_clk_i/A (BUF_X4)
                  0.01    0.03    0.07 ^ clkbuf_4_7_0_clk_i/Z (BUF_X4)
     9   14.54                           clknet_4_7_0_clk_i (net)
                  0.01    0.00    0.07 ^ _547_/CK (DFFR_X1)
                  0.01    0.10    0.17 v _547_/Q (DFFR_X1)
     3    8.71                           rdata_o_q[6] (net)
                  0.01    0.00    0.17 v fp_adder/converter/_174_/A2 (NOR2_X2)
                  0.03    0.05    0.21 ^ fp_adder/converter/_174_/ZN (NOR2_X2)
     2    9.61                           fp_adder/converter/_107_ (net)
                  0.03    0.00    0.21 ^ fp_adder/converter/_175_/A2 (NAND2_X1)
                  0.02    0.03    0.24 v fp_adder/converter/_175_/ZN (NAND2_X1)
     2    6.81                           fp_adder/converter/_108_ (net)
                  0.02    0.00    0.24 v fp_adder/converter/_193_/A2 (NOR2_X2)
                  0.04    0.05    0.30 ^ fp_adder/converter/_193_/ZN (NOR2_X2)
     3   12.42                           fp_adder/converter/_126_ (net)
                  0.04    0.00    0.30 ^ fp_adder/converter/_196_/A1 (NAND2_X4)
                  0.02    0.03    0.33 v fp_adder/converter/_196_/ZN (NAND2_X4)
    13   31.52                           fp_adder/converter/_129_ (net)
                  0.02    0.00    0.34 v fp_adder/converter/_199_/A2 (NAND2_X4)
                  0.02    0.04    0.37 ^ fp_adder/converter/_199_/ZN (NAND2_X4)
    14   29.53                           fp_adder/converter/_132_ (net)
                  0.02    0.00    0.37 ^ fp_adder/converter/_233_/A1 (NAND2_X2)
                  0.01    0.03    0.40 v fp_adder/converter/_233_/ZN (NAND2_X2)
     4   11.02                           fp_adder/converter/_006_ (net)
                  0.01    0.00    0.40 v fp_adder/converter/_326_/B1 (AOI21_X1)
                  0.02    0.03    0.43 ^ fp_adder/converter/_326_/ZN (AOI21_X1)
     1    2.00                           fp_adder/converter/_089_ (net)
                  0.02    0.00    0.43 ^ fp_adder/converter/_327_/A (OAI21_X1)
                  0.01    0.02    0.45 v fp_adder/converter/_327_/ZN (OAI21_X1)
     1    1.68                           fp_adder/converter/_090_ (net)
                  0.01    0.00    0.45 v fp_adder/converter/_328_/A1 (NAND2_X1)
                  0.03    0.03    0.48 ^ fp_adder/converter/_328_/ZN (NAND2_X1)
     3    9.30                           fp_adder/operand_fp16_fp32[25] (net)
                  0.03    0.00    0.48 ^ fp_adder/adder/adder/_1255_/A (INV_X1)
                  0.01    0.02    0.50 v fp_adder/adder/adder/_1255_/ZN (INV_X1)
     2    5.21                           fp_adder/adder/adder/_0367_ (net)
                  0.01    0.00    0.50 v fp_adder/adder/adder/_1256_/A1 (NAND2_X1)
                  0.02    0.03    0.53 ^ fp_adder/adder/adder/_1256_/ZN (NAND2_X1)
     3    5.75                           fp_adder/adder/adder/_0368_ (net)
                  0.02    0.00    0.53 ^ fp_adder/adder/adder/_1259_/A1 (NAND2_X1)
                  0.01    0.02    0.55 v fp_adder/adder/adder/_1259_/ZN (NAND2_X1)
     2    3.32                           fp_adder/adder/adder/_0371_ (net)
                  0.01    0.00    0.55 v fp_adder/adder/adder/_1260_/A2 (NOR2_X1)
                  0.02    0.04    0.58 ^ fp_adder/adder/adder/_1260_/ZN (NOR2_X1)
     2    3.64                           fp_adder/adder/adder/_0372_ (net)
                  0.02    0.00    0.58 ^ fp_adder/adder/adder/_1261_/A2 (NAND2_X1)
                  0.02    0.02    0.61 v fp_adder/adder/adder/_1261_/ZN (NAND2_X1)
     2    3.76                           fp_adder/adder/adder/_0373_ (net)
                  0.02    0.00    0.61 v fp_adder/adder/adder/_1265_/A1 (NAND2_X1)
                  0.02    0.03    0.64 ^ fp_adder/adder/adder/_1265_/ZN (NAND2_X1)
     3    7.66                           fp_adder/adder/adder/_0377_ (net)
                  0.02    0.00    0.64 ^ fp_adder/adder/adder/_1298_/A1 (NAND2_X2)
                  0.02    0.03    0.67 v fp_adder/adder/adder/_1298_/ZN (NAND2_X2)
     4   12.79                           fp_adder/adder/adder/_0409_ (net)
                  0.02    0.00    0.67 v fp_adder/adder/adder/_1305_/A1 (NAND2_X4)
                  0.07    0.08    0.75 ^ fp_adder/adder/adder/_1305_/ZN (NAND2_X4)
    43  117.47                           fp_adder/adder/adder/_0416_ (net)
                  0.07    0.00    0.75 ^ fp_adder/adder/adder/_1323_/A (INV_X8)
                  0.03    0.03    0.79 v fp_adder/adder/adder/_1323_/ZN (INV_X8)
    42   93.06                           fp_adder/adder/adder/_0434_ (net)
                  0.03    0.00    0.79 v fp_adder/adder/adder/_1357_/A2 (NAND2_X1)
                  0.02    0.04    0.82 ^ fp_adder/adder/adder/_1357_/ZN (NAND2_X1)
     1    6.21                           fp_adder/adder/adder/_0468_ (net)
                  0.02    0.00    0.82 ^ fp_adder/adder/adder/_1362_/A1 (NAND2_X4)
                  0.03    0.04    0.86 v fp_adder/adder/adder/_1362_/ZN (NAND2_X4)
    27   56.00                           fp_adder/adder/adder/_0473_ (net)
                  0.03    0.01    0.87 v fp_adder/adder/adder/_1427_/A (INV_X4)
                  0.03    0.05    0.92 ^ fp_adder/adder/adder/_1427_/ZN (INV_X4)
    24   49.43                           fp_adder/adder/adder/_0530_ (net)
                  0.03    0.00    0.92 ^ fp_adder/adder/adder/_1431_/A2 (NAND3_X1)
                  0.02    0.03    0.95 v fp_adder/adder/adder/_1431_/ZN (NAND3_X1)
     2    3.68                           fp_adder/adder/adder/_0534_ (net)
                  0.02    0.00    0.95 v fp_adder/adder/adder/_1433_/A1 (NAND2_X1)
                  0.01    0.02    0.98 ^ fp_adder/adder/adder/_1433_/ZN (NAND2_X1)
     2    4.07                           fp_adder/adder/adder/_0536_ (net)
                  0.01    0.00    0.98 ^ fp_adder/adder/adder/_1434_/A (INV_X1)
                  0.01    0.01    0.98 v fp_adder/adder/adder/_1434_/ZN (INV_X1)
     1    2.02                           fp_adder/adder/adder/_0537_ (net)
                  0.01    0.00    0.98 v fp_adder/adder/adder/_1435_/A1 (NAND2_X1)
                  0.02    0.03    1.01 ^ fp_adder/adder/adder/_1435_/ZN (NAND2_X1)
     2    8.27                           fp_adder/adder/adder/_0538_ (net)
                  0.02    0.00    1.01 ^ fp_adder/adder/adder/_1439_/A1 (NAND2_X4)
                  0.02    0.03    1.05 v fp_adder/adder/adder/_1439_/ZN (NAND2_X4)
    20   34.56                           fp_adder/adder/adder/_0542_ (net)
                  0.02    0.00    1.05 v fp_adder/adder/adder/_1443_/A1 (NAND2_X1)
                  0.01    0.02    1.07 ^ fp_adder/adder/adder/_1443_/ZN (NAND2_X1)
     2    3.56                           fp_adder/adder/adder/_0546_ (net)
                  0.01    0.00    1.07 ^ fp_adder/adder/adder/_1447_/A1 (NAND2_X1)
                  0.02    0.02    1.09 v fp_adder/adder/adder/_1447_/ZN (NAND2_X1)
     2    3.49                           fp_adder/adder/adder/_0550_ (net)
                  0.02    0.00    1.09 v fp_adder/adder/adder/_1454_/A1 (NAND2_X1)
                  0.01    0.02    1.11 ^ fp_adder/adder/adder/_1454_/ZN (NAND2_X1)
     1    1.88                           fp_adder/adder/adder/_0557_ (net)
                  0.01    0.00    1.11 ^ fp_adder/adder/adder/_1463_/A1 (NAND2_X1)
                  0.01    0.02    1.13 v fp_adder/adder/adder/_1463_/ZN (NAND2_X1)
     2    3.55                           fp_adder/adder/adder/_0566_ (net)
                  0.01    0.00    1.13 v fp_adder/adder/adder/_1467_/A1 (NAND2_X1)
                  0.01    0.02    1.14 ^ fp_adder/adder/adder/_1467_/ZN (NAND2_X1)
     1    1.79                           fp_adder/adder/adder/_0570_ (net)
                  0.01    0.00    1.14 ^ fp_adder/adder/adder/_1476_/A1 (NAND2_X1)
                  0.01    0.01    1.16 v fp_adder/adder/adder/_1476_/ZN (NAND2_X1)
     1    1.59                           fp_adder/adder/adder/_0579_ (net)
                  0.01    0.00    1.16 v fp_adder/adder/adder/_1483_/A1 (NOR2_X1)
                  0.03    0.03    1.19 ^ fp_adder/adder/adder/_1483_/ZN (NOR2_X1)
     2    3.99                           fp_adder/adder/adder/_0586_ (net)
                  0.03    0.00    1.19 ^ fp_adder/adder/adder/_1574_/A2 (NAND2_X1)
                  0.01    0.02    1.21 v fp_adder/adder/adder/_1574_/ZN (NAND2_X1)
     1    1.77                           fp_adder/adder/adder/_0677_ (net)
                  0.01    0.00    1.21 v fp_adder/adder/adder/_1575_/A1 (NOR2_X1)
                  0.02    0.02    1.23 ^ fp_adder/adder/adder/_1575_/ZN (NOR2_X1)
     1    1.89                           fp_adder/adder/adder/_0678_ (net)
                  0.02    0.00    1.23 ^ fp_adder/adder/adder/_1645_/A1 (NAND3_X1)
                  0.01    0.02    1.26 v fp_adder/adder/adder/_1645_/ZN (NAND3_X1)
     1    3.39                           fp_adder/adder/adder/_0748_ (net)
                  0.01    0.00    1.26 v fp_adder/adder/adder/_1654_/A2 (NAND3_X2)
                  0.02    0.03    1.28 ^ fp_adder/adder/adder/_1654_/ZN (NAND3_X2)
     3    9.69                           fp_adder/adder/adder/_0757_ (net)
                  0.02    0.00    1.28 ^ fp_adder/adder/adder/_1846_/A1 (NAND4_X1)
                  0.02    0.03    1.31 v fp_adder/adder/adder/_1846_/ZN (NAND4_X1)
     1    1.95                           fp_adder/adder/adder/_0949_ (net)
                  0.02    0.00    1.31 v fp_adder/adder/adder/_1847_/A1 (NAND2_X1)
                  0.02    0.04    1.35 ^ fp_adder/adder/adder/_1847_/ZN (NAND2_X1)
     3    8.51                           fp_adder/adder/adder/_0950_ (net)
                  0.02    0.00    1.35 ^ fp_adder/adder/adder/_1957_/A1 (NAND2_X1)
                  0.01    0.02    1.37 v fp_adder/adder/adder/_1957_/ZN (NAND2_X1)
     1    3.12                           fp_adder/adder/adder/_1060_ (net)
                  0.01    0.00    1.37 v fp_adder/adder/adder/_1961_/A1 (NAND2_X2)
                  0.02    0.02    1.39 ^ fp_adder/adder/adder/_1961_/ZN (NAND2_X2)
     4   10.73                           fp_adder/adder/adder/_1064_ (net)
                  0.02    0.00    1.39 ^ fp_adder/adder/adder/_2069_/A1 (NAND2_X1)
                  0.01    0.02    1.41 v fp_adder/adder/adder/_2069_/ZN (NAND2_X1)
     1    3.34                           fp_adder/adder/adder/_0051_ (net)
                  0.01    0.00    1.41 v fp_adder/adder/adder/_2086_/A1 (NAND2_X2)
                  0.02    0.02    1.44 ^ fp_adder/adder/adder/_2086_/ZN (NAND2_X2)
     4   11.16                           fp_adder/adder/adder/_0069_ (net)
                  0.02    0.00    1.44 ^ fp_adder/adder/adder/_2260_/A1 (NAND2_X1)
                  0.01    0.02    1.45 v fp_adder/adder/adder/_2260_/ZN (NAND2_X1)
     1    1.79                           fp_adder/adder/adder/_0240_ (net)
                  0.01    0.00    1.45 v fp_adder/adder/adder/_2261_/A1 (NAND2_X1)
                  0.02    0.03    1.48 ^ fp_adder/adder/adder/_2261_/ZN (NAND2_X1)
     3    7.74                           fp_adder/adder/adder/_0241_ (net)
                  0.02    0.00    1.49 ^ fp_adder/adder/adder/_2266_/A1 (NAND2_X1)
                  0.01    0.02    1.50 v fp_adder/adder/adder/_2266_/ZN (NAND2_X1)
     1    2.33                           fp_adder/adder/adder/_0244_ (net)
                  0.01    0.00    1.50 v fp_adder/adder/adder/_2267_/A1 (NAND2_X1)
                  0.02    0.03    1.53 ^ fp_adder/adder/adder/_2267_/ZN (NAND2_X1)
     2    6.13                           fp_adder/adder/adder/_0245_ (net)
                  0.02    0.00    1.53 ^ fp_adder/adder/adder/_2270_/A1 (NAND2_X1)
                  0.01    0.02    1.55 v fp_adder/adder/adder/_2270_/ZN (NAND2_X1)
     2    3.89                           fp_adder/adder/adder/_0248_ (net)
                  0.01    0.00    1.55 v fp_adder/adder/adder/_2274_/A1 (NAND3_X1)
                  0.02    0.02    1.57 ^ fp_adder/adder/adder/_2274_/ZN (NAND3_X1)
     1    4.07                           fp_adder/adder/adder/_0252_ (net)
                  0.02    0.00    1.57 ^ fp_adder/adder/adder/_2275_/A2 (NAND2_X2)
                  0.01    0.02    1.59 v fp_adder/adder/adder/_2275_/ZN (NAND2_X2)
     4    9.27                           fp_adder/adder/mant_prenorm_d[43] (net)
                  0.01    0.00    1.60 v fp_adder/adder/norm/LOD/_177_/A2 (NOR2_X1)
                  0.03    0.04    1.64 ^ fp_adder/adder/norm/LOD/_177_/ZN (NOR2_X1)
     2    4.07                           fp_adder/adder/norm/LOD/_133_ (net)
                  0.03    0.00    1.64 ^ fp_adder/adder/norm/LOD/_178_/A2 (NAND2_X1)
                  0.02    0.03    1.67 v fp_adder/adder/norm/LOD/_178_/ZN (NAND2_X1)
     2    7.87                           fp_adder/adder/norm/LOD/_134_ (net)
                  0.02    0.00    1.67 v fp_adder/adder/norm/LOD/_179_/A (INV_X4)
                  0.01    0.01    1.68 ^ fp_adder/adder/norm/LOD/_179_/ZN (INV_X4)
     1    3.29                           fp_adder/adder/norm/LOD/_135_ (net)
                  0.01    0.00    1.68 ^ fp_adder/adder/norm/LOD/_187_/A1 (NAND2_X2)
                  0.02    0.02    1.70 v fp_adder/adder/norm/LOD/_187_/ZN (NAND2_X2)
     5    9.74                           fp_adder/adder/norm/LOD/_143_ (net)
                  0.02    0.00    1.70 v fp_adder/adder/norm/LOD/_200_/A1 (NOR2_X2)
                  0.04    0.05    1.75 ^ fp_adder/adder/norm/LOD/_200_/ZN (NOR2_X2)
     5   12.31                           fp_adder/adder/norm/LOD/_008_ (net)
                  0.04    0.00    1.75 ^ fp_adder/adder/norm/LOD/_207_/A1 (NAND2_X1)
                  0.02    0.03    1.78 v fp_adder/adder/norm/LOD/_207_/ZN (NAND2_X1)
     2    5.36                           fp_adder/adder/norm/LOD/_015_ (net)
                  0.02    0.00    1.78 v fp_adder/adder/norm/LOD/_292_/A (INV_X2)
                  0.01    0.02    1.80 ^ fp_adder/adder/norm/LOD/_292_/ZN (INV_X2)
     3    9.49                           fp_adder/adder/norm/Mant_leadingOne_D[4] (net)
                  0.01    0.00    1.80 ^ fp_adder/adder/norm/LOD/_295_/A1 (NAND2_X1)
                  0.01    0.01    1.82 v fp_adder/adder/norm/LOD/_295_/ZN (NAND2_X1)
     1    1.65                           fp_adder/adder/norm/LOD/_099_ (net)
                  0.01    0.00    1.82 v fp_adder/adder/norm/LOD/_296_/A3 (NAND3_X1)
                  0.02    0.03    1.85 ^ fp_adder/adder/norm/LOD/_296_/ZN (NAND3_X1)
     2    5.67                           fp_adder/adder/norm/Mant_leadingOne_D[2] (net)
                  0.02    0.00    1.85 ^ fp_adder/adder/norm/_1150_/A (INV_X1)
                  0.01    0.02    1.86 v fp_adder/adder/norm/_1150_/ZN (INV_X1)
     2    4.69                           fp_adder/adder/norm/_0101_ (net)
                  0.01    0.00    1.86 v fp_adder/adder/norm/_1151_/A1 (NAND2_X2)
                  0.02    0.02    1.88 ^ fp_adder/adder/norm/_1151_/ZN (NAND2_X2)
     3   10.08                           fp_adder/adder/norm/_0112_ (net)
                  0.02    0.00    1.88 ^ fp_adder/adder/norm/_1152_/A2 (NAND2_X1)
                  0.02    0.03    1.91 v fp_adder/adder/norm/_1152_/ZN (NAND2_X1)
     3    7.01                           fp_adder/adder/norm/_0123_ (net)
                  0.02    0.00    1.91 v fp_adder/adder/norm/_1158_/A1 (NOR2_X1)
                  0.03    0.04    1.95 ^ fp_adder/adder/norm/_1158_/ZN (NOR2_X1)
     2    3.92                           fp_adder/adder/norm/_0189_ (net)
                  0.03    0.00    1.95 ^ fp_adder/adder/norm/_1159_/A2 (NAND2_X1)
                  0.01    0.02    1.97 v fp_adder/adder/norm/_1159_/ZN (NAND2_X1)
     1    1.62                           fp_adder/adder/norm/_0200_ (net)
                  0.01    0.00    1.97 v fp_adder/adder/norm/_1163_/A1 (NAND2_X1)
                  0.01    0.01    1.98 ^ fp_adder/adder/norm/_1163_/ZN (NAND2_X1)
     1    1.89                           fp_adder/adder/norm/_0239_ (net)
                  0.01    0.00    1.98 ^ fp_adder/adder/norm/_1186_/A1 (NAND2_X1)
                  0.01    0.01    1.99 v fp_adder/adder/norm/_1186_/ZN (NAND2_X1)
     1    1.84                           fp_adder/adder/norm/_0282_ (net)
                  0.01    0.00    1.99 v fp_adder/adder/norm/_1194_/A1 (NAND2_X1)
                  0.01    0.02    2.01 ^ fp_adder/adder/norm/_1194_/ZN (NAND2_X1)
     1    3.29                           fp_adder/adder/norm/_0290_ (net)
                  0.01    0.00    2.01 ^ fp_adder/adder/norm/_1198_/A1 (NAND2_X2)
                  0.01    0.02    2.03 v fp_adder/adder/norm/_1198_/ZN (NAND2_X2)
     4   11.26                           fp_adder/adder/norm/_0294_ (net)
                  0.01    0.00    2.03 v fp_adder/adder/norm/_1211_/A1 (NAND2_X4)
                  0.03    0.04    2.08 ^ fp_adder/adder/norm/_1211_/ZN (NAND2_X4)
    13   51.52                           fp_adder/adder/norm/_0307_ (net)
                  0.03    0.00    2.08 ^ fp_adder/adder/norm/_1215_/A1 (NAND2_X1)
                  0.02    0.03    2.11 v fp_adder/adder/norm/_1215_/ZN (NAND2_X1)
     1    6.07                           fp_adder/adder/norm/_0311_ (net)
                  0.02    0.00    2.11 v fp_adder/adder/norm/_1217_/A1 (NAND2_X4)
                  0.08    0.09    2.19 ^ fp_adder/adder/norm/_1217_/ZN (NAND2_X4)
    52  138.69                           fp_adder/adder/norm/_0313_ (net)
                  0.08    0.01    2.20 ^ fp_adder/adder/norm/_1221_/A2 (NAND3_X2)
                  0.02    0.04    2.25 v fp_adder/adder/norm/_1221_/ZN (NAND3_X2)
     3    8.44                           fp_adder/adder/norm/_0317_ (net)
                  0.02    0.00    2.25 v fp_adder/adder/norm/_1236_/A1 (NAND3_X1)
                  0.02    0.03    2.28 ^ fp_adder/adder/norm/_1236_/ZN (NAND3_X1)
     2    5.74                           fp_adder/adder/norm/_0332_ (net)
                  0.02    0.00    2.28 ^ fp_adder/adder/norm/_1238_/A1 (NAND2_X1)
                  0.01    0.03    2.31 v fp_adder/adder/norm/_1238_/ZN (NAND2_X1)
     1    6.03                           fp_adder/adder/norm/_0334_ (net)
                  0.01    0.00    2.31 v fp_adder/adder/norm/_1240_/A1 (NAND2_X4)
                  0.08    0.08    2.39 ^ fp_adder/adder/norm/_1240_/ZN (NAND2_X4)
    75  151.19                           fp_adder/adder/norm/_0336_ (net)
                  0.09    0.03    2.42 ^ fp_adder/adder/norm/_1269_/A1 (AND2_X4)
                  0.04    0.08    2.50 ^ fp_adder/adder/norm/_1269_/ZN (AND2_X4)
    26   63.97                           fp_adder/adder/norm/_0365_ (net)
                  0.04    0.00    2.50 ^ fp_adder/adder/norm/_1615_/A1 (NAND2_X1)
                  0.02    0.03    2.53 v fp_adder/adder/norm/_1615_/ZN (NAND2_X1)
     4    6.50                           fp_adder/adder/norm/_0711_ (net)
                  0.02    0.00    2.53 v fp_adder/adder/norm/_1890_/A2 (NAND2_X1)
                  0.01    0.02    2.56 ^ fp_adder/adder/norm/_1890_/ZN (NAND2_X1)
     1    1.79                           fp_adder/adder/norm/_0986_ (net)
                  0.01    0.00    2.56 ^ fp_adder/adder/norm/_1891_/A1 (NAND2_X1)
                  0.02    0.01    2.57 v fp_adder/adder/norm/_1891_/ZN (NAND2_X1)
     1    1.97                           fp_adder/adder/norm/_0987_ (net)
                  0.02    0.00    2.57 v fp_adder/adder/norm/_1892_/A3 (NAND3_X1)
                  0.02    0.03    2.60 ^ fp_adder/adder/norm/_1892_/ZN (NAND3_X1)
     2    5.22                           fp_adder/adder/norm/_0988_ (net)
                  0.02    0.00    2.60 ^ fp_adder/adder/norm/_1895_/A1 (NAND2_X1)
                  0.01    0.02    2.62 v fp_adder/adder/norm/_1895_/ZN (NAND2_X1)
     1    1.89                           fp_adder/adder/norm/_0991_ (net)
                  0.01    0.00    2.62 v fp_adder/adder/norm/_1896_/A1 (NAND2_X1)
                  0.01    0.01    2.63 ^ fp_adder/adder/norm/_1896_/ZN (NAND2_X1)
     1    1.72                           fp_adder/adder/norm/_0992_ (net)
                  0.01    0.00    2.63 ^ fp_adder/adder/norm/_1902_/A1 (NAND2_X1)
                  0.01    0.01    2.65 v fp_adder/adder/norm/_1902_/ZN (NAND2_X1)
     1    2.37                           fp_adder/adder/norm/_0998_ (net)
                  0.01    0.00    2.65 v fp_adder/adder/norm/_1909_/A1 (NOR2_X1)
                  0.04    0.06    2.70 ^ fp_adder/adder/norm/_1909_/ZN (NOR2_X1)
     2    8.35                           fp_adder/adder/norm/_1005_ (net)
                  0.04    0.00    2.70 ^ fp_adder/adder/norm/_1925_/A1 (NAND2_X1)
                  0.01    0.02    2.72 v fp_adder/adder/norm/_1925_/ZN (NAND2_X1)
     1    1.54                           fp_adder/adder/norm/_1021_ (net)
                  0.01    0.00    2.72 v fp_adder/adder/norm/_1957_/A1 (NOR2_X1)
                  0.02    0.03    2.76 ^ fp_adder/adder/norm/_1957_/ZN (NOR2_X1)
     1    3.60                           fp_adder/adder/norm/_1053_ (net)
                  0.02    0.00    2.76 ^ fp_adder/adder/norm/_1991_/A2 (NAND3_X2)
                  0.02    0.04    2.79 v fp_adder/adder/norm/_1991_/ZN (NAND3_X2)
     5   11.68                           fp_adder/adder/norm/_1087_ (net)
                  0.02    0.00    2.79 v fp_adder/adder/norm/_1992_/A2 (NOR2_X2)
                  0.04    0.06    2.85 ^ fp_adder/adder/norm/_1992_/ZN (NOR2_X2)
     6   14.05                           fp_adder/adder/norm/_1088_ (net)
                  0.04    0.00    2.85 ^ fp_adder/adder/norm/_2078_/A1 (NAND4_X1)
                  0.02    0.03    2.89 v fp_adder/adder/norm/_2078_/ZN (NAND4_X1)
     1    1.61                           fp_adder/adder/norm/_0039_ (net)
                  0.02    0.00    2.89 v fp_adder/adder/norm/_2079_/A1 (NAND2_X1)
                  0.02    0.03    2.92 ^ fp_adder/adder/norm/_2079_/ZN (NAND2_X1)
     3    6.41                           fp_adder/adder/norm/_0040_ (net)
                  0.02    0.00    2.92 ^ fp_adder/adder/norm/_2089_/A1 (NAND2_X1)
                  0.01    0.02    2.93 v fp_adder/adder/norm/_2089_/ZN (NAND2_X1)
     1    1.62                           fp_adder/adder/norm/_0049_ (net)
                  0.01    0.00    2.93 v fp_adder/adder/norm/_2093_/A1 (NAND2_X1)
                  0.02    0.03    2.96 ^ fp_adder/adder/norm/_2093_/ZN (NAND2_X1)
     3    6.64                           fp_adder/adder/norm/_0054_ (net)
                  0.02    0.00    2.96 ^ fp_adder/adder/norm/_2104_/A1 (NAND2_X1)
                  0.01    0.02    2.98 v fp_adder/adder/norm/_2104_/ZN (NAND2_X1)
     1    2.06                           fp_adder/adder/norm/_0064_ (net)
                  0.01    0.00    2.98 v fp_adder/adder/norm/_2106_/A1 (NAND2_X1)
                  0.02    0.03    3.00 ^ fp_adder/adder/norm/_2106_/ZN (NAND2_X1)
     2    6.12                           fp_adder/adder/norm/_0066_ (net)
                  0.02    0.00    3.00 ^ fp_adder/adder/norm/_2112_/A1 (NAND2_X1)
                  0.01    0.02    3.02 v fp_adder/adder/norm/_2112_/ZN (NAND2_X1)
     2    3.55                           fp_adder/adder/norm/_0072_ (net)
                  0.01    0.00    3.02 v fp_adder/adder/norm/_2113_/A1 (NAND2_X1)
                  0.01    0.02    3.04 ^ fp_adder/adder/norm/_2113_/ZN (NAND2_X1)
     1    2.08                           fp_adder/adder/norm/_0073_ (net)
                  0.01    0.00    3.04 ^ fp_adder/adder/norm/_2116_/A1 (NAND2_X1)
                  0.01    0.01    3.05 v fp_adder/adder/norm/_2116_/ZN (NAND2_X1)
     1    1.85                           fp_adder/adder/norm/_0076_ (net)
                  0.01    0.00    3.05 v fp_adder/adder/norm/_2119_/A1 (NAND2_X1)
                  0.02    0.02    3.08 ^ fp_adder/adder/norm/_2119_/ZN (NAND2_X1)
     2    5.77                           result_int_d[30] (net)
                  0.02    0.00    3.08 ^ _499_/A4 (NAND4_X1)
                  0.03    0.03    3.11 v _499_/ZN (NAND4_X1)
     1    1.82                           _178_ (net)
                  0.03    0.00    3.11 v _500_/A2 (NAND2_X1)
                  0.01    0.03    3.13 ^ _500_/ZN (NAND2_X1)
     1    1.81                           _030_ (net)
                  0.01    0.00    3.13 ^ _539_/D (DFFR_X1)
                                  3.13   data arrival time

                          3.00    3.00   clock clk_i (rise edge)
                          0.00    3.00   clock source latency
                  0.00    0.00    3.00 ^ clk_i (in)
     1   51.16                           clk_i (net)
                  0.01    0.01    3.01 ^ clkbuf_0_clk_i/A (BUF_X32)
                  0.01    0.02    3.03 ^ clkbuf_0_clk_i/Z (BUF_X32)
    16   96.51                           clknet_0_clk_i (net)
                  0.01    0.01    3.04 ^ clkbuf_4_8_0_clk_i/A (BUF_X4)
                  0.02    0.03    3.07 ^ clkbuf_4_8_0_clk_i/Z (BUF_X4)
     5   22.81                           clknet_4_8_0_clk_i (net)
                  0.02    0.00    3.07 ^ _539_/CK (DFFR_X1)
                          0.00    3.07   clock reconvergence pessimism
                         -0.03    3.04   library setup time
                                  3.04   data required time
-----------------------------------------------------------------------------
                                  3.04   data required time
                                 -3.13   data arrival time
-----------------------------------------------------------------------------
                                 -0.09   slack (VIOLATED)



==========================================================================
global route report_check_types -max_slew -max_cap -max_fanout -violators
--------------------------------------------------------------------------
max capacitance

Pin                                    Limit     Cap   Slack
------------------------------------------------------------
lut/gen_sub_units_scm[2].sub_unit_i/_1277_/ZN  106.81  111.84   -5.02 (VIOLATED)
lut/_215_/Q                           120.85  125.87   -5.02 (VIOLATED)
lut/gen_sub_units_scm[15].sub_unit_i/_1321_/ZN  106.81  111.55   -4.74 (VIOLATED)
lut/gen_sub_units_scm[3].sub_unit_i/_1321_/ZN  106.81  110.63   -3.82 (VIOLATED)
lut/gen_sub_units_scm[1].sub_unit_i/_1277_/ZN  106.81  110.43   -3.62 (VIOLATED)
lut/gen_sub_units_scm[2].sub_unit_i/_1321_/ZN  106.81  108.94   -2.13 (VIOLATED)
lut/gen_sub_units_scm[11].sub_unit_i/_1277_/ZN  106.81  108.56   -1.75 (VIOLATED)
lut/gen_sub_units_scm[9].sub_unit_i/_1277_/ZN  106.81  108.17   -1.36 (VIOLATED)
lut/gen_sub_units_scm[13].sub_unit_i/_1277_/ZN  106.81  106.84   -0.03 (VIOLATED)


==========================================================================
global route max_slew_check_slack
--------------------------------------------------------------------------
0.06149950250983238

==========================================================================
global route max_slew_check_limit
--------------------------------------------------------------------------
0.1985349953174591

==========================================================================
global route max_slew_check_slack_limit
--------------------------------------------------------------------------
0.3098

==========================================================================
global route max_fanout_check_slack
--------------------------------------------------------------------------
1.0000000150474662e+30

==========================================================================
global route max_fanout_check_limit
--------------------------------------------------------------------------
1.0000000150474662e+30

==========================================================================
global route max_capacitance_check_slack
--------------------------------------------------------------------------
-5.024403095245361

==========================================================================
global route max_capacitance_check_limit
--------------------------------------------------------------------------
106.81099700927734

==========================================================================
global route max_capacitance_check_slack_limit
--------------------------------------------------------------------------
-0.0470

==========================================================================
global route max_slew_violation_count
--------------------------------------------------------------------------
max slew violation count 0

==========================================================================
global route max_fanout_violation_count
--------------------------------------------------------------------------
max fanout violation count 0

==========================================================================
global route max_cap_violation_count
--------------------------------------------------------------------------
max cap violation count 9

==========================================================================
global route setup_violation_count
--------------------------------------------------------------------------
setup violation count 0

==========================================================================
global route hold_violation_count
--------------------------------------------------------------------------
hold violation count 1

==========================================================================
global route critical path delay
--------------------------------------------------------------------------
3.1347

==========================================================================
global route critical path slack
--------------------------------------------------------------------------
-0.0935

==========================================================================
global route slack div critical path delay
--------------------------------------------------------------------------
-2.982742

==========================================================================
global route report_power
--------------------------------------------------------------------------
Group                  Internal  Switching    Leakage      Total
                          Power      Power      Power      Power (Watts)
----------------------------------------------------------------
Sequential             9.52e-03   4.22e-04   2.75e-04   1.02e-02   8.5%
Combinational          7.88e-02   2.99e-02   1.71e-03   1.10e-01  91.5%
Macro                  0.00e+00   0.00e+00   0.00e+00   0.00e+00   0.0%
Pad                    0.00e+00   0.00e+00   0.00e+00   0.00e+00   0.0%
----------------------------------------------------------------
Total                  8.84e-02   3.03e-02   1.99e-03   1.21e-01 100.0%
                          73.2%      25.1%       1.6%

==========================================================================
global route report_design_area
--------------------------------------------------------------------------
Design area 68941 u^2 59% utilization.


==========================================================================
check_antennas
--------------------------------------------------------------------------
[WARNING ANT-0011] -report_violating_nets is deprecated.
[INFO GRT-0043] No OR_DEFAULT vias defined.
[INFO ANT-0002] Found 0 net violations.
[INFO ANT-0001] Found 0 pin violations.
[INFO FLW-0007] clock clk_i period 3.000000
[INFO FLW-0008] Clock clk_i period 2.939
[INFO FLW-0009] Clock clk_i slack -0.093
[INFO FLW-0011] Path endpoint count 9773
Elapsed time: 0:26.23[h:]min:sec. CPU time: user 25.88 sys 0.33 (99%). Peak memory: 513944KB.
