1. Executing Verilog-2005 frontend: ../src/lowrisc_prim_abstract_prim_pkg_0.1/prim_pkg.sv
2. Executing Verilog-2005 frontend: ../src/lowrisc_prim_generic_and2_0/rtl/prim_generic_and2.sv
3. Executing Verilog-2005 frontend: ../src/lowrisc_prim_util_0.1/rtl/prim_util_pkg.sv
4. Executing Verilog-2005 frontend: ../src/lowrisc_prim_xilinx_and2_0/rtl/prim_xilinx_and2.sv
5. Executing Verilog-2005 frontend: ../src/lowrisc_prim_abstract_and2_0/prim_and2.sv
6. Executing Verilog-2005 frontend: ../src/lowrisc_prim_onehot_0/rtl/prim_onehot_enc.sv
7. Executing Verilog-2005 frontend: ../src/lowrisc_prim_onehot_0/rtl/prim_onehot_mux.sv
8. Executing Verilog-2005 frontend: ../src/halut_ip_halut_top_0.1/rtl/halut_pkg.sv
9. Executing Verilog-2005 frontend: ../src/halut_ip_halut_top_0.1/rtl/fp_defs_pkg.sv
10. Executing Verilog-2005 frontend: ../src/halut_ip_halut_top_0.1/rtl/halut_matmul.sv
11. Executing Verilog-2005 frontend: ../src/halut_ip_halut_top_0.1/rtl/halut_decoder_x.sv
12. Executing Verilog-2005 frontend: ../src/halut_ip_halut_top_0.1/rtl/halut_encoder_4.sv
13. Executing Verilog-2005 frontend: ../src/halut_ip_halut_top_0.1/rtl/halut_decoder.sv
14. Executing Verilog-2005 frontend: ../src/halut_ip_halut_top_0.1/rtl/halut_encoder.sv
15. Executing Verilog-2005 frontend: ../src/halut_ip_halut_top_0.1/rtl/fp_16_comparision.sv
16. Executing Verilog-2005 frontend: ../src/halut_ip_halut_top_0.1/rtl/fp_add.sv
17. Executing Verilog-2005 frontend: ../src/halut_ip_halut_top_0.1/rtl/fp_leading_one.sv
18. Executing Verilog-2005 frontend: ../src/halut_ip_halut_top_0.1/rtl/fp_norm.sv
19. Executing Verilog-2005 frontend: ../src/halut_ip_halut_top_0.1/rtl/fp_adder.sv
20. Executing Verilog-2005 frontend: ../src/halut_ip_halut_top_0.1/rtl/fp_16_to_32_convert.sv
21. Executing Verilog-2005 frontend: ../src/halut_ip_halut_top_0.1/rtl/fp_16_32_adder.sv
22. Executing Verilog-2005 frontend: ../src/halut_ip_halut_top_0.1/rtl/register_file_mem_latch.sv
23. Executing Verilog-2005 frontend: ../src/halut_ip_halut_top_0.1/rtl/prim_clock_gating.sv
24. Executing Verilog-2005 frontend: ../src/halut_ip_halut_top_0.1/rtl/scm.sv
25. Executing Liberty frontend: ./objects/nangate45/fp_16_32_adder/base/lib/NangateOpenCellLibrary_typical.lib
26. Executing Verilog-2005 frontend: /__w/halutmatmul/halutmatmul/hardware/flow/OpenROAD/flow/platforms/nangate45/cells_clkgate.v
27. Executing SYNTH pass.
27.1. Executing HIERARCHY pass (managing design hierarchy).
27.2. Executing AST frontend in derive mode using pre-parsed AST for module `\fp_16_32_adder'.
27.2.1. Analyzing design hierarchy..
27.2.2. Executing AST frontend in derive mode using pre-parsed AST for module `\fp_adder'.
27.2.3. Executing AST frontend in derive mode using pre-parsed AST for module `\fp_16_to_32_convert'.
27.2.4. Analyzing design hierarchy..
27.2.5. Executing AST frontend in derive mode using pre-parsed AST for module `\fp_leading_one'.
27.2.6. Executing AST frontend in derive mode using pre-parsed AST for module `\fp_norm'.
27.2.7. Executing AST frontend in derive mode using pre-parsed AST for module `\fp_add'.
27.2.8. Analyzing design hierarchy..
27.2.9. Executing AST frontend in derive mode using pre-parsed AST for module `\fp_leading_one'.
27.2.10. Analyzing design hierarchy..
27.2.11. Analyzing design hierarchy..
27.3. Executing PROC pass (convert processes to netlists).
27.3.1. Executing PROC_CLEAN pass (remove empty switches from decision trees).
27.3.2. Executing PROC_RMDEAD pass (remove dead branches from decision trees).
27.3.3. Executing PROC_PRUNE pass (remove redundant assignments in processes).
27.3.4. Executing PROC_INIT pass (extract init attributes).
27.3.5. Executing PROC_ARST pass (detect async resets in processes).
27.3.6. Executing PROC_ROM pass (convert switches to ROMs).
27.3.7. Executing PROC_MUX pass (convert decision trees to multiplexers).
27.3.8. Executing PROC_DLATCH pass (convert process syncs to latches).
27.3.9. Executing PROC_DFF pass (convert process syncs to FFs).
27.3.10. Executing PROC_MEMWR pass (convert process memory writes to cells).
27.3.11. Executing PROC_CLEAN pass (remove empty switches from decision trees).
27.3.12. Executing OPT_EXPR pass (perform const folding).
27.4. Executing OPT_EXPR pass (perform const folding).
27.5. Executing OPT_CLEAN pass (remove unused cells and wires).
27.6. Executing CHECK pass (checking for obvious problems).
27.7. Executing OPT pass (performing simple optimizations).
27.7.1. Executing OPT_EXPR pass (perform const folding).
27.7.2. Executing OPT_MERGE pass (detect identical cells).
27.7.3. Executing OPT_MUXTREE pass (detect dead branches in mux trees).
27.7.4. Executing OPT_REDUCE pass (consolidate $*mux and $reduce_* inputs).
27.7.5. Executing OPT_MERGE pass (detect identical cells).
27.7.6. Executing OPT_DFF pass (perform DFF optimizations).
27.7.7. Executing OPT_CLEAN pass (remove unused cells and wires).
27.7.8. Executing OPT_EXPR pass (perform const folding).
27.7.9. Rerunning OPT passes. (Maybe there is more to do..)
27.7.10. Executing OPT_MUXTREE pass (detect dead branches in mux trees).
27.7.11. Executing OPT_REDUCE pass (consolidate $*mux and $reduce_* inputs).
27.7.12. Executing OPT_MERGE pass (detect identical cells).
27.7.13. Executing OPT_DFF pass (perform DFF optimizations).
27.7.14. Executing OPT_CLEAN pass (remove unused cells and wires).
27.7.15. Executing OPT_EXPR pass (perform const folding).
27.7.16. Finished OPT passes. (There is nothing left to do.)
27.8. Executing FSM pass (extract and optimize FSM).
27.8.1. Executing FSM_DETECT pass (finding FSMs in design).
27.8.2. Executing FSM_EXTRACT pass (extracting FSM from design).
27.8.3. Executing FSM_OPT pass (simple optimizations of FSMs).
27.8.4. Executing OPT_CLEAN pass (remove unused cells and wires).
27.8.5. Executing FSM_OPT pass (simple optimizations of FSMs).
27.8.6. Executing FSM_RECODE pass (re-assigning FSM state encoding).
27.8.7. Executing FSM_INFO pass (dumping all available information on FSM cells).
27.8.8. Executing FSM_MAP pass (mapping FSMs to basic logic).
27.9. Executing OPT pass (performing simple optimizations).
27.9.1. Executing OPT_EXPR pass (perform const folding).
27.9.2. Executing OPT_MERGE pass (detect identical cells).
27.9.3. Executing OPT_MUXTREE pass (detect dead branches in mux trees).
27.9.4. Executing OPT_REDUCE pass (consolidate $*mux and $reduce_* inputs).
27.9.5. Executing OPT_MERGE pass (detect identical cells).
27.9.6. Executing OPT_DFF pass (perform DFF optimizations).
27.9.7. Executing OPT_CLEAN pass (remove unused cells and wires).
27.9.8. Executing OPT_EXPR pass (perform const folding).
27.9.9. Finished OPT passes. (There is nothing left to do.)
27.10. Executing WREDUCE pass (reducing word size of cells).
27.11. Executing PEEPOPT pass (run peephole optimizers).
27.12. Executing OPT_CLEAN pass (remove unused cells and wires).
27.13. Executing ALUMACC pass (create $alu and $macc cells).
27.14. Executing SHARE pass (SAT-based resource sharing).
27.15. Executing OPT pass (performing simple optimizations).
27.15.1. Executing OPT_EXPR pass (perform const folding).
27.15.2. Executing OPT_MERGE pass (detect identical cells).
27.15.3. Executing OPT_MUXTREE pass (detect dead branches in mux trees).
27.15.4. Executing OPT_REDUCE pass (consolidate $*mux and $reduce_* inputs).
27.15.5. Executing OPT_MERGE pass (detect identical cells).
27.15.6. Executing OPT_DFF pass (perform DFF optimizations).
27.15.7. Executing OPT_CLEAN pass (remove unused cells and wires).
27.15.8. Executing OPT_EXPR pass (perform const folding).
27.15.9. Rerunning OPT passes. (Maybe there is more to do..)
27.15.10. Executing OPT_MUXTREE pass (detect dead branches in mux trees).
27.15.11. Executing OPT_REDUCE pass (consolidate $*mux and $reduce_* inputs).
27.15.12. Executing OPT_MERGE pass (detect identical cells).
27.15.13. Executing OPT_DFF pass (perform DFF optimizations).
27.15.14. Executing OPT_CLEAN pass (remove unused cells and wires).
27.15.15. Executing OPT_EXPR pass (perform const folding).
27.15.16. Finished OPT passes. (There is nothing left to do.)
27.16. Executing MEMORY pass.
27.16.1. Executing OPT_MEM pass (optimize memories).
27.16.2. Executing OPT_MEM_PRIORITY pass (removing unnecessary memory write priority relations).
27.16.3. Executing OPT_MEM_FEEDBACK pass (finding memory read-to-write feedback paths).
27.16.4. Executing MEMORY_BMUX2ROM pass (converting muxes to ROMs).
27.16.5. Executing MEMORY_DFF pass (merging $dff cells to $memrd).
27.16.6. Executing OPT_CLEAN pass (remove unused cells and wires).
27.16.7. Executing MEMORY_SHARE pass (consolidating $memrd/$memwr cells).
27.16.8. Executing OPT_MEM_WIDEN pass (optimize memories where all ports are wide).
27.16.9. Executing OPT_CLEAN pass (remove unused cells and wires).
27.16.10. Executing MEMORY_COLLECT pass (generating $mem cells).
27.17. Executing OPT_CLEAN pass (remove unused cells and wires).
27.18. Executing OPT pass (performing simple optimizations).
27.18.1. Executing OPT_EXPR pass (perform const folding).
27.18.2. Executing OPT_MERGE pass (detect identical cells).
27.18.3. Executing OPT_DFF pass (perform DFF optimizations).
27.18.4. Executing OPT_CLEAN pass (remove unused cells and wires).
27.18.5. Finished fast OPT passes.
27.19. Executing MEMORY_MAP pass (converting memories to logic and flip-flops).
27.20. Executing OPT pass (performing simple optimizations).
27.20.1. Executing OPT_EXPR pass (perform const folding).
27.20.2. Executing OPT_MERGE pass (detect identical cells).
27.20.3. Executing OPT_MUXTREE pass (detect dead branches in mux trees).
27.20.4. Executing OPT_REDUCE pass (consolidate $*mux and $reduce_* inputs).
27.20.5. Executing OPT_MERGE pass (detect identical cells).
27.20.6. Executing OPT_SHARE pass.
27.20.7. Executing OPT_DFF pass (perform DFF optimizations).
27.20.8. Executing OPT_CLEAN pass (remove unused cells and wires).
27.20.9. Executing OPT_EXPR pass (perform const folding).
27.20.10. Rerunning OPT passes. (Maybe there is more to do..)
27.20.11. Executing OPT_MUXTREE pass (detect dead branches in mux trees).
27.20.12. Executing OPT_REDUCE pass (consolidate $*mux and $reduce_* inputs).
27.20.13. Executing OPT_MERGE pass (detect identical cells).
27.20.14. Executing OPT_SHARE pass.
27.20.15. Executing OPT_DFF pass (perform DFF optimizations).
27.20.16. Executing OPT_CLEAN pass (remove unused cells and wires).
27.20.17. Executing OPT_EXPR pass (perform const folding).
27.20.18. Finished OPT passes. (There is nothing left to do.)
27.21. Executing TECHMAP pass (map to technology primitives).
27.21.1. Executing Verilog-2005 frontend: /venv/bin/../share/yosys/techmap.v
27.21.2. Continuing TECHMAP pass.
27.22. Executing OPT pass (performing simple optimizations).
27.22.1. Executing OPT_EXPR pass (perform const folding).
27.22.2. Executing OPT_MERGE pass (detect identical cells).
27.22.3. Executing OPT_DFF pass (perform DFF optimizations).
27.22.4. Executing OPT_CLEAN pass (remove unused cells and wires).
27.22.5. Finished fast OPT passes.
27.23. Executing ABC pass (technology mapping using ABC).
27.23.1. Extracting gate netlist of module `$paramod\fp_leading_one\LEN=32'00000000000000000000000000110000' to `<abc-temp-dir>/input.blif'..
27.23.2. Extracting gate netlist of module `$paramod\fp_leading_one\LEN=s32'00000000000000000000000000001010' to `<abc-temp-dir>/input.blif'..
27.23.3. Extracting gate netlist of module `\fp_16_32_adder' to `<abc-temp-dir>/input.blif'..
27.23.4. Extracting gate netlist of module `\fp_16_to_32_convert' to `<abc-temp-dir>/input.blif'..
27.23.5. Extracting gate netlist of module `\fp_add' to `<abc-temp-dir>/input.blif'..
27.23.6. Extracting gate netlist of module `\fp_adder' to `<abc-temp-dir>/input.blif'..
27.23.7. Extracting gate netlist of module `\fp_norm' to `<abc-temp-dir>/input.blif'..
27.24. Executing OPT pass (performing simple optimizations).
27.24.1. Executing OPT_EXPR pass (perform const folding).
27.24.2. Executing OPT_MERGE pass (detect identical cells).
27.24.3. Executing OPT_DFF pass (perform DFF optimizations).
27.24.4. Executing OPT_CLEAN pass (remove unused cells and wires).
27.24.5. Finished fast OPT passes.
27.25. Executing HIERARCHY pass (managing design hierarchy).
27.25.1. Analyzing design hierarchy..
27.25.2. Analyzing design hierarchy..
27.26. Printing statistics.
27.27. Executing CHECK pass (checking for obvious problems).
28. Executing TECHMAP pass (map to technology primitives).
28.1. Executing Verilog-2005 frontend: /venv/bin/../share/yosys/techmap.v
28.2. Continuing TECHMAP pass.
29. Executing DFFLIBMAP pass (mapping DFF cells to sequential cells from liberty file).
Warning: Found unsupported expression 'SE*SI+D*!SE' in pin attribute of cell 'SDFFRS_X1' - skipping.
Warning: Found unsupported expression 'SE*SI+D*!SE' in pin attribute of cell 'SDFFRS_X2' - skipping.
Warning: Found unsupported expression 'SE*SI+D*!SE' in pin attribute of cell 'SDFFR_X1' - skipping.
Warning: Found unsupported expression 'SE*SI+D*!SE' in pin attribute of cell 'SDFFR_X2' - skipping.
Warning: Found unsupported expression 'SE*SI+D*!SE' in pin attribute of cell 'SDFFS_X1' - skipping.
Warning: Found unsupported expression 'SE*SI+D*!SE' in pin attribute of cell 'SDFFS_X2' - skipping.
Warning: Found unsupported expression 'SE*SI+D*!SE' in pin attribute of cell 'SDFF_X1' - skipping.
Warning: Found unsupported expression 'SE*SI+D*!SE' in pin attribute of cell 'SDFF_X2' - skipping.
29.1. Executing DFFLEGALIZE pass (convert FFs to types supported by the target).
30. Executing ABC pass (technology mapping using ABC).
30.1. Extracting gate netlist of module `$paramod\fp_leading_one\LEN=32'00000000000000000000000000110000' to `<abc-temp-dir>/input.blif'..
30.1.1. Executing ABC.
30.1.2. Re-integrating ABC results.
30.2. Extracting gate netlist of module `$paramod\fp_leading_one\LEN=s32'00000000000000000000000000001010' to `<abc-temp-dir>/input.blif'..
30.2.1. Executing ABC.
30.2.2. Re-integrating ABC results.
30.3. Extracting gate netlist of module `\fp_16_32_adder' to `<abc-temp-dir>/input.blif'..
30.4. Extracting gate netlist of module `\fp_16_to_32_convert' to `<abc-temp-dir>/input.blif'..
30.4.1. Executing ABC.
30.4.2. Re-integrating ABC results.
30.5. Extracting gate netlist of module `\fp_add' to `<abc-temp-dir>/input.blif'..
30.5.1. Executing ABC.
30.5.2. Re-integrating ABC results.
30.6. Extracting gate netlist of module `\fp_adder' to `<abc-temp-dir>/input.blif'..
30.6.1. Executing ABC.
30.6.2. Re-integrating ABC results.
30.7. Extracting gate netlist of module `\fp_norm' to `<abc-temp-dir>/input.blif'..
30.7.1. Executing ABC.
30.7.2. Re-integrating ABC results.
31. Printing statistics.
Ungroup modules of size 100
32. Executing HIERARCHY pass (managing design hierarchy).
32.1. Analyzing design hierarchy..
32.2. Analyzing design hierarchy..
Found module fp_16_32_adder
Found module fp_16_to_32_convert
Found module $paramod\fp_leading_one\LEN=s32'00000000000000000000000000001010
Found module fp_adder
Found module fp_add
Found module fp_norm
Found module $paramod\fp_leading_one\LEN=32'00000000000000000000000000110000
33. Printing statistics.
Area of module \fp_16_32_adder is 2682.610000
Preserving hierarchical module: \fp_16_32_adder
34. Printing statistics.
Area of module \fp_16_to_32_convert is 146.832000
Preserving hierarchical module: \fp_16_to_32_convert
35. Printing statistics.
Area of module $paramod\fp_leading_one\LEN=s32'00000000000000000000000000001010 is 29.260000
36. Printing statistics.
Area of module \fp_adder is 2535.778000
Preserving hierarchical module: \fp_adder
37. Printing statistics.
Area of module \fp_add is 1042.720000
Preserving hierarchical module: \fp_add
38. Printing statistics.
Area of module \fp_norm is 1486.142000
Preserving hierarchical module: \fp_norm
39. Printing statistics.
Area of module $paramod\fp_leading_one\LEN=32'00000000000000000000000000110000 is 110.390000
Preserving hierarchical module: $paramod\fp_leading_one\LEN=32'00000000000000000000000000110000
Warnings: 8 unique messages, 72 total
End of script. Logfile hash: b0dca9a756, CPU: user 3.70s system 0.06s, MEM: 41.54 MB peak
Yosys 0.31+16 (git sha1 b04d0e09e, x86_64-conda-linux-gnu-cc 11.2.0 -fvisibility-inlines-hidden -fmessage-length=0 -march=nocona -mtune=haswell -ftree-vectorize -fPIC -fstack-protector-strong -fno-plt -O2 -ffunction-sections -fdebug-prefix-map=/root/conda-eda/conda-eda/workdir/conda-env/conda-bld/yosys_1690240592554/work=/usr/local/src/conda/yosys-0.31_31_gb04d0e09e -fdebug-prefix-map=/venv=/usr/local/src/conda-prefix -fPIC -Os -fno-merge-constants)
Time spent: 48% 2x abc (3 sec), 20% 9x stat (1 sec), ...
Elapsed time: 0:07.95[h:]min:sec. CPU time: user 6.67 sys 0.35 (88%). Peak memory: 42616KB.
