OpenROAD b57893514040c5aa453ab5c104f35d1173a8add9 
This program is licensed under the BSD-3 license. See the LICENSE file for details.
Components of this program may be licensed under more restrictive licenses which must be honored.
Placement Analysis
---------------------------------
total displacement       8271.7 u
average displacement        0.3 u
max displacement            2.1 u
original HPWL           79031.8 u
legalized HPWL          87330.5 u
delta HPWL                   11 %

Detailed placement improvement.
Importing netlist into detailed improver.
[INFO DPO-0100] Creating network with 31596 cells, 71 terminals, 30361 edges and 93044 pins.
[INFO DPO-0109] Network stats: inst 31667, edges 30361, pins 93044
[INFO DPO-0110] Number of regions is 1
[INFO DPO-0401] Setting random seed to 1.
[INFO DPO-0402] Setting maximum displacement 5 1 to 1350 270 units.
[INFO DPO-0320] Collected 1344 fixed cells (excluded terminal_NI).
[INFO DPO-0318] Collected 30323 single height cells.
[INFO DPO-0321] Collected 0 wide cells.
[INFO DPO-0322] Image (2052, 2160) - (100332, 100170)
[INFO DPO-0310] Assigned 30323 cells into segments.  Movement in X-direction is 0.000000, movement in Y-direction is 0.000000.
[INFO DPO-0313] Found 0 cells in wrong regions.
[INFO DPO-0315] Found 0 row alignment problems.
[INFO DPO-0314] Found 0 site alignment problems.
[INFO DPO-0311] Found 0 overlaps between adjacent cells.
[INFO DPO-0312] Found 0 edge spacing violations and 0 padding violations.
[INFO DPO-0303] Running algorithm for independent set matching.
[INFO DPO-0300] Set matching objective is wirelength.
[INFO DPO-0301] Pass   1 of matching; objective is 8.743376e+07.
[INFO DPO-0302] End of matching; objective is 8.729085e+07, improvement is 0.16 percent.
[INFO DPO-0303] Running algorithm for global swaps.
[INFO DPO-0306] Pass   1 of global swaps; hpwl is 8.595924e+07.
[INFO DPO-0306] Pass   2 of global swaps; hpwl is 8.577786e+07.
[INFO DPO-0307] End of global swaps; objective is 8.577786e+07, improvement is 1.73 percent.
[INFO DPO-0303] Running algorithm for vertical swaps.
[INFO DPO-0308] Pass   1 of vertical swaps; hpwl is 8.545572e+07.
[INFO DPO-0309] End of vertical swaps; objective is 8.545572e+07, improvement is 0.38 percent.
[INFO DPO-0303] Running algorithm for reordering.
[INFO DPO-0304] Pass   1 of reordering; objective is 8.530948e+07.
[INFO DPO-0305] End of reordering; objective is 8.530948e+07, improvement is 0.17 percent.
[INFO DPO-0303] Running algorithm for random improvement.
[INFO DPO-0324] Random improver is using displacement generator.
[INFO DPO-0325] Random improver is using hpwl objective.
[INFO DPO-0326] Random improver cost string is (a).
[INFO DPO-0332] End of pass, Generator displacement called 606460 times.
[INFO DPO-0335] Generator displacement, Cumulative attempts 606460, swaps 78417, moves 168699 since last reset.
[INFO DPO-0333] End of pass, Objective hpwl, Initial cost 8.508179e+07, Scratch cost 8.421485e+07, Incremental cost 8.421485e+07, Mismatch? N
[INFO DPO-0338] End of pass, Total cost is 8.421485e+07.
[INFO DPO-0327] Pass   1 of random improver; improvement in cost is 1.02 percent.
[INFO DPO-0332] End of pass, Generator displacement called 606460 times.
[INFO DPO-0335] Generator displacement, Cumulative attempts 1212920, swaps 153899, moves 338558 since last reset.
[INFO DPO-0333] End of pass, Objective hpwl, Initial cost 8.421485e+07, Scratch cost 8.390501e+07, Incremental cost 8.390501e+07, Mismatch? N
[INFO DPO-0338] End of pass, Total cost is 8.390501e+07.
[INFO DPO-0327] Pass   2 of random improver; improvement in cost is 0.37 percent.
[INFO DPO-0328] End of random improver; improvement is 1.383109 percent.
[INFO DPO-0380] Cell flipping.
[INFO DPO-0382] Changed 15169 cell orientations for row compatibility.
[INFO DPO-0383] Performed 5906 cell flips.
[INFO DPO-0384] End of flipping; objective is 8.360819e+07, improvement is 0.62 percent.
[INFO DPO-0313] Found 0 cells in wrong regions.
[INFO DPO-0315] Found 0 row alignment problems.
[INFO DPO-0314] Found 0 site alignment problems.
[INFO DPO-0311] Found 0 overlaps between adjacent cells.
[INFO DPO-0312] Found 0 edge spacing violations and 0 padding violations.
Detailed Improvement Results
------------------------------------------
Original HPWL            87330.5 u
Final HPWL               83347.2 u
Delta HPWL                  -4.6 %

[INFO DPL-0020] Mirrored 5252 instances
[INFO DPL-0021] HPWL before           83347.2 u
[INFO DPL-0022] HPWL after            83222.5 u
[INFO DPL-0023] HPWL delta               -0.1 %
[INFO FLW-0012] Placement violations .

==========================================================================
detailed place report_tns
--------------------------------------------------------------------------
tns -27790.66

==========================================================================
detailed place report_wns
--------------------------------------------------------------------------
wns -519.68

==========================================================================
detailed place report_worst_slack
--------------------------------------------------------------------------
worst slack -519.68

==========================================================================
detailed place report_clock_skew
--------------------------------------------------------------------------
Clock clk_i
Latency      CRPR       Skew
lut/_39883_/CLK ^
 115.70
_716_/CLK ^
   0.00      0.00     115.70


==========================================================================
detailed place report_checks -path_delay min
--------------------------------------------------------------------------
Startpoint: rst_ni (input port clocked by clk_i)
Endpoint: lut/_45486_ (removal check against rising-edge clock clk_i)
Path Group: **async_default**
Path Type: min

Fanout     Cap    Slew   Delay    Time   Description
-----------------------------------------------------------------------------
                  0.00    0.00    0.00   clock clk_i (rise edge)
                          0.00    0.00   clock network delay (ideal)
                        150.00  150.00 ^ input external delay
                  0.00    0.00  150.00 ^ rst_ni (in)
     1    2.88                           rst_ni (net)
                  0.32    0.10  150.10 ^ input11/A (BUFx16f_ASAP7_75t_R)
                 11.54   13.99  164.09 ^ input11/Y (BUFx16f_ASAP7_75t_R)
     2   31.45                           net11 (net)
                 11.57    0.31  164.40 ^ lut/_37250_/A (CKINVDCx8_ASAP7_75t_R)
                 14.30    9.16  173.56 v lut/_37250_/Y (CKINVDCx8_ASAP7_75t_R)
    16   15.37                           lut/_00016_ (net)
                 14.39    0.66  174.22 v lut/_45486_/RESET (ASYNC_DFFHx1_ASAP7_75t_R)
                                174.22   data arrival time

                  0.00    0.00    0.00   clock clk_i (rise edge)
                          0.00    0.00   clock network delay (ideal)
                          0.00    0.00   clock reconvergence pessimism
                                  0.00 ^ lut/_45486_/CLK (ASYNC_DFFHx1_ASAP7_75t_R)
                         33.36   33.36   library removal time
                                 33.36   data required time
-----------------------------------------------------------------------------
                                 33.36   data required time
                               -174.22   data arrival time
-----------------------------------------------------------------------------
                                140.85   slack (MET)


Startpoint: lut/_37302_ (negative level-sensitive latch clocked by clk_i)
Endpoint: lut/_36621_ (rising clock gating-check end-point clocked by clk_i)
Path Group: **clock_gating_default**
Path Type: min

Fanout     Cap    Slew   Delay    Time   Description
-----------------------------------------------------------------------------
                  0.00  750.00  750.00   clock clk_i (fall edge)
                          0.00  750.00   clock network delay (ideal)
                  0.00    0.00  750.00 v lut/_37302_/CLK (DLLx1_ASAP7_75t_R)
                  7.90   18.39  768.39 ^ lut/_37302_/Q (DLLx1_ASAP7_75t_R)
     1    0.64                           lut/gen_sub_units_scm[1].sub_unit_i.gen_cg_word_iter[31].cg_i.en_latch (net)
                  7.90    0.00  768.39 ^ lut/_36621_/C (AND3x1_ASAP7_75t_R)
                                768.39   data arrival time

                  0.00  750.00  750.00   clock clk_i (fall edge)
                          0.00  750.00   clock network delay (ideal)
                          0.00  750.00   clock reconvergence pessimism
                                750.00 v lut/_36621_/A (AND3x1_ASAP7_75t_R)
                          0.00  750.00   clock gating hold time
                                750.00   data required time
-----------------------------------------------------------------------------
                                750.00   data required time
                               -768.39   data arrival time
-----------------------------------------------------------------------------
                                 18.39   slack (MET)


Startpoint: _783_ (rising edge-triggered flip-flop clocked by clk_i)
Endpoint: _783_ (rising edge-triggered flip-flop clocked by clk_i)
Path Group: clk_i
Path Type: min

Fanout     Cap    Slew   Delay    Time   Description
-----------------------------------------------------------------------------
                  0.00    0.00    0.00   clock clk_i (rise edge)
                          0.00    0.00   clock network delay (ideal)
                  0.00    0.00    0.00 ^ _783_/CLK (ASYNC_DFFHx1_ASAP7_75t_R)
                 13.42   36.34   36.34 ^ _783_/QN (ASYNC_DFFHx1_ASAP7_75t_R)
     1    0.72                           _012_ (net)
                 13.42    0.01   36.35 ^ _371_/A (INVx1_ASAP7_75t_R)
                 14.17   10.66   47.01 v _371_/Y (INVx1_ASAP7_75t_R)
     2    2.21                           net48 (net)
                 14.17    0.02   47.03 v _670_/B (OAI21x1_ASAP7_75t_R)
                  8.73    7.86   54.89 ^ _670_/Y (OAI21x1_ASAP7_75t_R)
     1    1.46                           _330_ (net)
                  8.73    0.02   54.92 ^ _671_/B (OAI21x1_ASAP7_75t_R)
                  6.06    5.46   60.37 v _671_/Y (OAI21x1_ASAP7_75t_R)
     1    0.68                           _160_ (net)
                  6.06    0.01   60.38 v _783_/D (ASYNC_DFFHx1_ASAP7_75t_R)
                                 60.38   data arrival time

                  0.00    0.00    0.00   clock clk_i (rise edge)
                          0.00    0.00   clock network delay (ideal)
                          0.00    0.00   clock reconvergence pessimism
                                  0.00 ^ _783_/CLK (ASYNC_DFFHx1_ASAP7_75t_R)
                          5.22    5.22   library hold time
                                  5.22   data required time
-----------------------------------------------------------------------------
                                  5.22   data required time
                                -60.38   data arrival time
-----------------------------------------------------------------------------
                                 55.17   slack (MET)



==========================================================================
detailed place report_checks -path_delay max
--------------------------------------------------------------------------
Startpoint: rst_ni (input port clocked by clk_i)
Endpoint: _712_ (recovery check against rising-edge clock clk_i)
Path Group: **async_default**
Path Type: max

Fanout     Cap    Slew   Delay    Time   Description
-----------------------------------------------------------------------------
                  0.00    0.00    0.00   clock clk_i (rise edge)
                          0.00    0.00   clock network delay (ideal)
                        150.00  150.00 ^ input external delay
                  0.00    0.00  150.00 ^ rst_ni (in)
     1    2.88                           rst_ni (net)
                  0.32    0.10  150.10 ^ input11/A (BUFx16f_ASAP7_75t_R)
                 11.54   13.99  164.09 ^ input11/Y (BUFx16f_ASAP7_75t_R)
     2   31.45                           net11 (net)
                107.33   33.60  197.69 ^ _358_/A (CKINVDCx20_ASAP7_75t_R)
                 63.35   21.19  218.88 v _358_/Y (CKINVDCx20_ASAP7_75t_R)
    86   87.18                           _086_ (net)
                142.52   41.71  260.59 v _712_/RESET (ASYNC_DFFHx1_ASAP7_75t_R)
                                260.59   data arrival time

                  0.00 1500.00 1500.00   clock clk_i (rise edge)
                          0.00 1500.00   clock network delay (ideal)
                          0.00 1500.00   clock reconvergence pessimism
                               1500.00 ^ _712_/CLK (ASYNC_DFFHx1_ASAP7_75t_R)
                         29.90 1529.90   library recovery time
                               1529.90   data required time
-----------------------------------------------------------------------------
                               1529.90   data required time
                               -260.59   data arrival time
-----------------------------------------------------------------------------
                               1269.31   slack (MET)


Startpoint: lut/_39514_ (negative level-sensitive latch clocked by clk_i)
Endpoint: lut/_36804_ (rising clock gating-check end-point clocked by clk_i)
Path Group: **clock_gating_default**
Path Type: max

Fanout     Cap    Slew   Delay    Time   Description
-----------------------------------------------------------------------------
                  0.00  750.00  750.00   clock clk_i (fall edge)
                          0.00  750.00   clock network delay (ideal)
                  0.00    0.00  750.00 v lut/_39514_/CLK (DLLx3_ASAP7_75t_R)
                 60.33   53.98  803.98 v lut/_39514_/Q (DLLx3_ASAP7_75t_R)
    33   28.53                           lut/gen_sub_units_scm[5].sub_unit_i.cg_we_global.en_latch (net)
                 69.26   12.08  816.06 v lut/_36804_/B (AND3x1_ASAP7_75t_R)
                                816.06   data arrival time

                  0.00 1500.00 1500.00   clock clk_i (rise edge)
                          0.00 1500.00   clock network delay (ideal)
                          0.00 1500.00   clock reconvergence pessimism
                               1500.00 ^ lut/_36804_/A (AND3x1_ASAP7_75t_R)
                          0.00 1500.00   clock gating setup time
                               1500.00   data required time
-----------------------------------------------------------------------------
                               1500.00   data required time
                               -816.06   data arrival time
-----------------------------------------------------------------------------
                                683.94   slack (MET)


Startpoint: _723_ (rising edge-triggered flip-flop clocked by clk_i)
Endpoint: _762_ (rising edge-triggered flip-flop clocked by clk_i)
Path Group: clk_i
Path Type: max

Fanout     Cap    Slew   Delay    Time   Description
-----------------------------------------------------------------------------
                  0.00    0.00    0.00   clock clk_i (rise edge)
                          0.00    0.00   clock network delay (ideal)
                  0.00    0.00    0.00 ^ _723_/CLK (ASYNC_DFFHx1_ASAP7_75t_R)
                 34.02   49.16   49.16 ^ _723_/QN (ASYNC_DFFHx1_ASAP7_75t_R)
     2    3.82                           _072_ (net)
                 34.02    0.08   49.24 ^ _431_/A (INVx4_ASAP7_75t_R)
                 17.98   13.52   62.76 v _431_/Y (INVx4_ASAP7_75t_R)
     5    7.67                           rdata_o_q[7] (net)
                 17.99    0.18   62.94 v fp_adder/_141_/A (NOR2x2_ASAP7_75t_R)
                 20.46   15.78   78.72 ^ fp_adder/_141_/Y (NOR2x2_ASAP7_75t_R)
     3    4.28                           fp_adder/_081_ (net)
                 20.47    0.18   78.90 ^ fp_adder/_142_/B (NAND2x2_ASAP7_75t_R)
                 28.06   19.29   98.20 v fp_adder/_142_/Y (NAND2x2_ASAP7_75t_R)
     5    8.84                           fp_adder/_082_ (net)
                 28.07    0.31   98.50 v fp_adder/_151_/C (AOI211x1_ASAP7_75t_R)
                100.99   53.18  151.68 ^ fp_adder/_151_/Y (AOI211x1_ASAP7_75t_R)
     8   10.70                           fp_adder/_091_ (net)
                100.99    0.07  151.75 ^ fp_adder/_152_/B (NOR2x2_ASAP7_75t_R)
                 29.91   25.94  177.69 v fp_adder/_152_/Y (NOR2x2_ASAP7_75t_R)
     3    3.42                           fp_adder/_092_ (net)
                 29.91    0.14  177.83 v fp_adder/_153_/A2 (AO21x2_ASAP7_75t_R)
                 21.77   30.89  208.72 v fp_adder/_153_/Y (AO21x2_ASAP7_75t_R)
     3    6.62                           fp_adder/converter.exp_fp32_converted[0] (net)
                 21.82    0.58  209.30 v fp_adder/adder/_1126_/A (INVx3_ASAP7_75t_R)
                 18.81   14.42  223.72 ^ fp_adder/adder/_1126_/Y (INVx3_ASAP7_75t_R)
     4    6.84                           fp_adder/adder/_0200_ (net)
                 18.81    0.08  223.80 ^ fp_adder/adder/_1127_/B (NOR2x2_ASAP7_75t_R)
                 18.65   14.35  238.15 v fp_adder/adder/_1127_/Y (NOR2x2_ASAP7_75t_R)
     2    4.11                           fp_adder/adder/_0207_ (net)
                 18.66    0.20  238.35 v fp_adder/adder/_1128_/B (NOR2x2_ASAP7_75t_R)
                188.79   82.08  320.42 ^ fp_adder/adder/_1128_/Y (NOR2x2_ASAP7_75t_R)
    45   50.43                           fp_adder/adder/_0215_ (net)
                188.79    0.04  320.46 ^ fp_adder/adder/_1129_/B (NAND2x2_ASAP7_75t_R)
                 41.36   26.25  346.71 v fp_adder/adder/_1129_/Y (NAND2x2_ASAP7_75t_R)
     2    3.84                           fp_adder/adder/_0223_ (net)
                 41.36    0.11  346.83 v fp_adder/adder/_1130_/B (NOR2x1_ASAP7_75t_R)
                 27.34   21.68  368.50 ^ fp_adder/adder/_1130_/Y (NOR2x1_ASAP7_75t_R)
     1    2.31                           fp_adder/adder/_0230_ (net)
                 27.34    0.05  368.56 ^ fp_adder/adder/_1131_/B (NAND2x2_ASAP7_75t_R)
                 72.36   38.89  407.44 v fp_adder/adder/_1131_/Y (NAND2x2_ASAP7_75t_R)
    21   25.04                           fp_adder/adder/_0237_ (net)
                 72.51    1.97  409.41 v fp_adder/adder/_1172_/A (NAND2x2_ASAP7_75t_R)
                278.44  142.66  552.07 ^ fp_adder/adder/_1172_/Y (NAND2x2_ASAP7_75t_R)
    68   74.48                           fp_adder/adder/_0282_ (net)
                278.69    4.91  556.98 ^ fp_adder/adder/_1395_/A1 (OAI21x1_ASAP7_75t_R)
                119.58   73.51  630.48 v fp_adder/adder/_1395_/Y (OAI21x1_ASAP7_75t_R)
    13   16.65                           fp_adder/adder/_0497_ (net)
                119.85    3.30  633.78 v load_slew81/A (BUFx16f_ASAP7_75t_R)
                 25.28   40.85  674.63 v load_slew81/Y (BUFx16f_ASAP7_75t_R)
    17   35.57                           net81 (net)
                 32.80    7.10  681.73 v fp_adder/adder/_1432_/A (CKINVDCx20_ASAP7_75t_R)
                 23.53   16.38  698.11 ^ fp_adder/adder/_1432_/Y (CKINVDCx20_ASAP7_75t_R)
    26   33.99                           fp_adder/adder/_0533_ (net)
                 24.69    2.79  700.89 ^ fp_adder/adder/_2013_/B (OAI21x1_ASAP7_75t_R)
                 28.35   11.44  712.34 v fp_adder/adder/_2013_/Y (OAI21x1_ASAP7_75t_R)
     1    1.11                           fp_adder/adder/_0005_ (net)
                 28.35    0.01  712.34 v fp_adder/adder/_2018_/A2 (OAI21x1_ASAP7_75t_R)
                 30.93   20.79  733.14 ^ fp_adder/adder/_2018_/Y (OAI21x1_ASAP7_75t_R)
     2    3.82                           fp_adder/adder/_0010_ (net)
                 30.94    0.31  733.45 ^ fp_adder/adder/_2019_/B (NOR2x2_ASAP7_75t_R)
                 31.49   22.49  755.95 v fp_adder/adder/_2019_/Y (NOR2x2_ASAP7_75t_R)
     5    7.33                           fp_adder/adder/_0011_ (net)
                 31.50    0.23  756.18 v fp_adder/adder/_2042_/A1 (OAI21x1_ASAP7_75t_R)
                 36.84   25.92  782.11 ^ fp_adder/adder/_2042_/Y (OAI21x1_ASAP7_75t_R)
     3    4.67                           fp_adder/adder/_0035_ (net)
                 36.84    0.19  782.29 ^ fp_adder/adder/_2043_/B (NAND2x2_ASAP7_75t_R)
                 32.22   16.08  798.38 v fp_adder/adder/_2043_/Y (NAND2x2_ASAP7_75t_R)
     2    3.92                           fp_adder/adder/_0036_ (net)
                 32.22    0.04  798.42 v fp_adder/adder/_2044_/B (NAND3x2_ASAP7_75t_R)
                 32.49   21.07  819.49 ^ fp_adder/adder/_2044_/Y (NAND3x2_ASAP7_75t_R)
     2    2.39                           fp_adder/adder/_0037_ (net)
                 32.49    0.09  819.58 ^ fp_adder/adder/_2045_/B (NAND2x1_ASAP7_75t_R)
                 14.12   11.89  831.47 v fp_adder/adder/_2045_/Y (NAND2x1_ASAP7_75t_R)
     1    1.12                           fp_adder/adder/_0038_ (net)
                 14.12    0.01  831.48 v fp_adder/adder/_2050_/A2 (OAI21x1_ASAP7_75t_R)
                 21.75   11.19  842.67 ^ fp_adder/adder/_2050_/Y (OAI21x1_ASAP7_75t_R)
     1    1.31                           fp_adder/adder/_0044_ (net)
                 21.75    0.02  842.69 ^ fp_adder/adder/_2068_/A1 (AOI21x1_ASAP7_75t_R)
                 14.66   12.17  854.86 v fp_adder/adder/_2068_/Y (AOI21x1_ASAP7_75t_R)
     1    1.54                           fp_adder/adder/_0064_ (net)
                 14.67    0.08  854.94 v fp_adder/adder/_2152_/A1 (OAI21x1_ASAP7_75t_R)
                 46.49   25.01  879.95 ^ fp_adder/adder/_2152_/Y (OAI21x1_ASAP7_75t_R)
     3    6.71                           fp_adder/adder/_0156_ (net)
                 46.85    2.29  882.24 ^ fp_adder/adder/_2159_/A2 (OAI21x1_ASAP7_75t_R)
                 42.35   18.08  900.32 v fp_adder/adder/_2159_/Y (OAI21x1_ASAP7_75t_R)
     3    3.41                           fp_adder/adder/_0164_ (net)
                 42.35    0.03  900.35 v fp_adder/adder/_2160_/B (NOR2x1_ASAP7_75t_R)
                 27.12   21.48  921.83 ^ fp_adder/adder/_2160_/Y (NOR2x1_ASAP7_75t_R)
     2    2.23                           fp_adder/adder/_0165_ (net)
                 27.12    0.08  921.91 ^ fp_adder/adder/_2161_/A2 (AOI21x1_ASAP7_75t_R)
                 24.63   16.57  938.49 v fp_adder/adder/_2161_/Y (AOI21x1_ASAP7_75t_R)
     4    3.98                           fp_adder/adder/_0166_ (net)
                 24.64    0.24  938.73 v fp_adder/adder/_2167_/A2 (OAI21x1_ASAP7_75t_R)
                 36.40   23.01  961.74 ^ fp_adder/adder/_2167_/Y (OAI21x1_ASAP7_75t_R)
     5    5.00                           fp_adder/adder/_0172_ (net)
                 36.43    0.59  962.32 ^ fp_adder/adder/_2180_/A2 (AOI21x1_ASAP7_75t_R)
                 35.57   22.35  984.67 v fp_adder/adder/_2180_/Y (AOI21x1_ASAP7_75t_R)
     4    6.11                           fp_adder/adder/_0187_ (net)
                 35.75    1.39  986.06 v fp_adder/adder/_2181_/A (INVx2_ASAP7_75t_R)
                 13.76   11.46  997.52 ^ fp_adder/adder/_2181_/Y (INVx2_ASAP7_75t_R)
     2    1.85                           fp_adder/adder/_0188_ (net)
                 13.76    0.03  997.55 ^ fp_adder/adder/_2182_/B (NAND2x1_ASAP7_75t_R)
                 16.29   12.22 1009.77 v fp_adder/adder/_2182_/Y (NAND2x1_ASAP7_75t_R)
     2    2.37                           fp_adder/adder/_0189_ (net)
                 16.29    0.09 1009.85 v fp_adder/adder/_2187_/A2 (AOI21x1_ASAP7_75t_R)
                 20.68   14.82 1024.68 ^ fp_adder/adder/_2187_/Y (AOI21x1_ASAP7_75t_R)
     2    2.51                           fp_adder/adder/_0194_ (net)
                 20.68    0.12 1024.80 ^ fp_adder/adder/_2254_/B (NOR2x1_ASAP7_75t_R)
                 12.25   11.17 1035.97 v fp_adder/adder/_2254_/Y (NOR2x1_ASAP7_75t_R)
     1    0.97                           fp_adder/adder/_0241_ (net)
                 12.25    0.01 1035.98 v fp_adder/adder/_2255_/B (XNOR2x2_ASAP7_75t_R)
                 24.00   32.34 1068.32 ^ fp_adder/adder/_2255_/Y (XNOR2x2_ASAP7_75t_R)
     4    5.39                           fp_adder/adder/adder.Mant_addOut_D[26] (net)
                 24.00    0.16 1068.48 ^ fp_adder/adder/norm/_1295_/A (NOR2x2_ASAP7_75t_R)
                 16.70   15.26 1083.74 v fp_adder/adder/norm/_1295_/Y (NOR2x2_ASAP7_75t_R)
     2    2.82                           fp_adder/adder/norm/_0350_ (net)
                 16.70    0.05 1083.79 v fp_adder/adder/norm/_1297_/A (NAND2x2_ASAP7_75t_R)
                 23.37   18.21 1101.99 ^ fp_adder/adder/norm/_1297_/Y (NAND2x2_ASAP7_75t_R)
     3    4.82                           fp_adder/adder/norm/_0363_ (net)
                 23.37    0.07 1102.07 ^ fp_adder/adder/norm/_1301_/A (NOR2x2_ASAP7_75t_R)
                 30.32   22.96 1125.02 v fp_adder/adder/norm/_1301_/Y (NOR2x2_ASAP7_75t_R)
     6    8.44                           fp_adder/adder/norm/_0383_ (net)
                 30.33    0.22 1125.24 v fp_adder/adder/norm/_1309_/A (NAND2x2_ASAP7_75t_R)
                 41.52   30.13 1155.37 ^ fp_adder/adder/norm/_1309_/Y (NAND2x2_ASAP7_75t_R)
     6    9.39                           fp_adder/adder/norm/_0391_ (net)
                 41.55    0.53 1155.89 ^ fp_adder/adder/norm/_1316_/A (NOR2x2_ASAP7_75t_R)
                 42.48   33.58 1189.48 v fp_adder/adder/norm/_1316_/Y (NOR2x2_ASAP7_75t_R)
     8   11.72                           fp_adder/adder/norm/_0398_ (net)
                 42.48    0.04 1189.52 v fp_adder/adder/norm/_1412_/A2 (AOI21x1_ASAP7_75t_R)
                 61.04   37.08 1226.60 ^ fp_adder/adder/norm/_1412_/Y (AOI21x1_ASAP7_75t_R)
     7    8.94                           fp_adder/adder/norm/_0494_ (net)
                 61.08    0.89 1227.50 ^ fp_adder/adder/norm/_1450_/B (NOR2x2_ASAP7_75t_R)
                 21.99   20.22 1247.72 v fp_adder/adder/norm/_1450_/Y (NOR2x2_ASAP7_75t_R)
     2    3.03                           fp_adder/adder/norm/_0532_ (net)
                 21.99    0.01 1247.73 v fp_adder/adder/norm/_1453_/A1 (OAI21x1_ASAP7_75t_R)
                 20.40   16.17 1263.91 ^ fp_adder/adder/norm/_1453_/Y (OAI21x1_ASAP7_75t_R)
     2    2.07                           fp_adder/adder/norm/_0535_ (net)
                 20.40    0.03 1263.94 ^ fp_adder/adder/norm/_1454_/A (INVx1_ASAP7_75t_R)
                 12.22   10.21 1274.15 v fp_adder/adder/norm/_1454_/Y (INVx1_ASAP7_75t_R)
     1    1.44                           fp_adder/adder/norm/_0536_ (net)
                 12.22    0.02 1274.17 v fp_adder/adder/norm/_1455_/B (OAI21x1_ASAP7_75t_R)
                 14.15    7.28 1281.45 ^ fp_adder/adder/norm/_1455_/Y (OAI21x1_ASAP7_75t_R)
     1    1.30                           fp_adder/adder/norm/_0537_ (net)
                 14.15    0.05 1281.49 ^ fp_adder/adder/norm/_1461_/A2 (AOI21x1_ASAP7_75t_R)
                 11.85    8.75 1290.24 v fp_adder/adder/norm/_1461_/Y (AOI21x1_ASAP7_75t_R)
     1    1.27                           fp_adder/adder/norm/_0543_ (net)
                 11.85    0.04 1290.28 v fp_adder/adder/norm/_1466_/A2 (OAI21x1_ASAP7_75t_R)
                103.77   49.36 1339.64 ^ fp_adder/adder/norm/_1466_/Y (OAI21x1_ASAP7_75t_R)
    14   16.56                           fp_adder/adder/norm/_0548_ (net)
                103.78    0.79 1340.43 ^ fp_adder/adder/norm/_1503_/B (NOR2x2_ASAP7_75t_R)
                 41.07   34.34 1374.77 v fp_adder/adder/norm/_1503_/Y (NOR2x2_ASAP7_75t_R)
     3    6.36                           fp_adder/adder/norm/_0585_ (net)
                 41.22    1.41 1376.18 v fp_adder/adder/norm/_1543_/A (NOR2x2_ASAP7_75t_R)
                 67.78   41.29 1417.47 ^ fp_adder/adder/norm/_1543_/Y (NOR2x2_ASAP7_75t_R)
    10   17.19                           fp_adder/adder/norm/_0625_ (net)
                 67.78    0.04 1417.51 ^ load_slew77/A (BUFx16f_ASAP7_75t_R)
                 28.45   31.87 1449.38 ^ load_slew77/Y (BUFx16f_ASAP7_75t_R)
    24   42.27                           net77 (net)
                 32.47    5.57 1454.95 ^ fp_adder/adder/norm/_1547_/A (CKINVDCx20_ASAP7_75t_R)
                 39.67   17.20 1472.15 v fp_adder/adder/norm/_1547_/Y (CKINVDCx20_ASAP7_75t_R)
    62   81.33                           fp_adder/adder/norm/_0629_ (net)
                 40.09    2.43 1474.58 v fp_adder/adder/norm/_1567_/B (NOR2x2_ASAP7_75t_R)
                 32.91   25.47 1500.05 ^ fp_adder/adder/norm/_1567_/Y (NOR2x2_ASAP7_75t_R)
     6    6.49                           fp_adder/adder/norm/_0649_ (net)
                 32.91    0.16 1500.21 ^ fp_adder/adder/norm/_1568_/B (NOR2x2_ASAP7_75t_R)
                256.12  115.83 1616.04 v fp_adder/adder/norm/_1568_/Y (NOR2x2_ASAP7_75t_R)
    51   83.70                           fp_adder/adder/norm/_0650_ (net)
                257.68   11.45 1627.48 v fp_adder/adder/norm/_1569_/A (CKINVDCx20_ASAP7_75t_R)
                 87.26   50.68 1678.16 ^ fp_adder/adder/norm/_1569_/Y (CKINVDCx20_ASAP7_75t_R)
    59   74.23                           fp_adder/adder/norm/_0651_ (net)
                 95.91   14.46 1692.63 ^ fp_adder/adder/norm/_2148_/B (AOI21x1_ASAP7_75t_R)
                 31.38   23.59 1716.22 v fp_adder/adder/norm/_2148_/Y (AOI21x1_ASAP7_75t_R)
     2    2.84                           fp_adder/adder/norm/_1237_ (net)
                 31.39    0.31 1716.53 v fp_adder/adder/norm/_2149_/B (NOR2x1_ASAP7_75t_R)
                 19.63   14.77 1731.30 ^ fp_adder/adder/norm/_2149_/Y (NOR2x1_ASAP7_75t_R)
     1    1.23                           fp_adder/adder/norm/_1238_ (net)
                 19.63    0.04 1731.34 ^ fp_adder/adder/norm/_2150_/B (NAND2x1_ASAP7_75t_R)
                 17.96   11.19 1742.53 v fp_adder/adder/norm/_2150_/Y (NAND2x1_ASAP7_75t_R)
     1    1.42                           fp_adder/adder/norm/_1239_ (net)
                 17.96    0.08 1742.61 v fp_adder/adder/norm/_2151_/B (NAND2x1_ASAP7_75t_R)
                 22.37   16.59 1759.20 ^ fp_adder/adder/norm/_2151_/Y (NAND2x1_ASAP7_75t_R)
     1    2.29                           fp_adder/adder/norm/_1240_ (net)
                 22.37    0.04 1759.24 ^ fp_adder/adder/norm/_2152_/B (NOR2x2_ASAP7_75t_R)
                 20.72   14.48 1773.72 v fp_adder/adder/norm/_2152_/Y (NOR2x2_ASAP7_75t_R)
     2    3.55                           fp_adder/adder/norm/_1241_ (net)
                 20.72    0.09 1773.81 v fp_adder/adder/norm/_2160_/A (NAND2x2_ASAP7_75t_R)
                 27.05   20.93 1794.74 ^ fp_adder/adder/norm/_2160_/Y (NAND2x2_ASAP7_75t_R)
     4    5.69                           fp_adder/adder/norm/_1250_ (net)
                 27.08    0.49 1795.23 ^ fp_adder/adder/norm/_2161_/B (NOR2x2_ASAP7_75t_R)
                 21.35   18.14 1813.38 v fp_adder/adder/norm/_2161_/Y (NOR2x2_ASAP7_75t_R)
     4    5.13                           fp_adder/adder/norm/_1251_ (net)
                 21.35    0.10 1813.48 v fp_adder/adder/norm/_2204_/A (NAND3x2_ASAP7_75t_R)
                 42.59   26.07 1839.55 ^ fp_adder/adder/norm/_2204_/Y (NAND3x2_ASAP7_75t_R)
     6    8.94                           fp_adder/adder/norm/_0045_ (net)
                 42.60    0.47 1840.02 ^ fp_adder/adder/norm/_2363_/A (NOR2x2_ASAP7_75t_R)
                 35.04   28.96 1868.98 v fp_adder/adder/norm/_2363_/Y (NOR2x2_ASAP7_75t_R)
     7    8.45                           fp_adder/adder/norm/_0220_ (net)
                 35.06    0.53 1869.51 v fp_adder/adder/norm/_2366_/A (NAND3x2_ASAP7_75t_R)
                 23.47   20.84 1890.35 ^ fp_adder/adder/norm/_2366_/Y (NAND3x2_ASAP7_75t_R)
     2    3.37                           fp_adder/adder/norm/_0222_ (net)
                 23.49    0.32 1890.67 ^ fp_adder/adder/norm/_2372_/A2 (OAI21x1_ASAP7_75t_R)
                 23.77   15.93 1906.61 v fp_adder/adder/norm/_2372_/Y (OAI21x1_ASAP7_75t_R)
     3    3.92                           fp_adder/adder/norm/_0227_ (net)
                 23.78    0.26 1906.87 v fp_adder/adder/norm/_2384_/A2 (AOI21x1_ASAP7_75t_R)
                 27.98   19.42 1926.30 ^ fp_adder/adder/norm/_2384_/Y (AOI21x1_ASAP7_75t_R)
     3    3.64                           fp_adder/adder/norm/_0239_ (net)
                 27.98    0.07 1926.36 ^ fp_adder/adder/norm/_2394_/A2 (OAI21x1_ASAP7_75t_R)
                 19.47   14.34 1940.70 v fp_adder/adder/norm/_2394_/Y (OAI21x1_ASAP7_75t_R)
     2    2.82                           fp_adder/adder/norm/_0248_ (net)
                 19.47    0.03 1940.73 v fp_adder/adder/norm/_2398_/A2 (AOI21x1_ASAP7_75t_R)
                 16.87   13.46 1954.19 ^ fp_adder/adder/norm/_2398_/Y (AOI21x1_ASAP7_75t_R)
     1    1.73                           fp_adder/adder/norm/_0251_ (net)
                 16.87    0.03 1954.21 ^ fp_adder/adder/norm/_2400_/A (XOR2x1_ASAP7_75t_R)
                 20.92   22.39 1976.60 ^ fp_adder/adder/norm/_2400_/Y (XOR2x1_ASAP7_75t_R)
     2    2.00                           result_int_d[30] (net)
                 20.93    0.20 1976.81 ^ _600_/A2 (AO21x1_ASAP7_75t_R)
                  8.16   15.67 1992.48 ^ _600_/Y (AO21x1_ASAP7_75t_R)
     1    0.60                           _281_ (net)
                  8.16    0.00 1992.48 ^ _601_/B (AND2x2_ASAP7_75t_R)
                 12.42   16.01 2008.49 ^ _601_/Y (AND2x2_ASAP7_75t_R)
     1    0.69                           _139_ (net)
                 12.42    0.01 2008.50 ^ _762_/D (ASYNC_DFFHx1_ASAP7_75t_R)
                               2008.50   data arrival time

                  0.00 1500.00 1500.00   clock clk_i (rise edge)
                          0.00 1500.00   clock network delay (ideal)
                          0.00 1500.00   clock reconvergence pessimism
                               1500.00 ^ _762_/CLK (ASYNC_DFFHx1_ASAP7_75t_R)
                        -11.18 1488.82   library setup time
                               1488.82   data required time
-----------------------------------------------------------------------------
                               1488.82   data required time
                               -2008.50   data arrival time
-----------------------------------------------------------------------------
                               -519.68   slack (VIOLATED)



==========================================================================
detailed place report_checks -unconstrained
--------------------------------------------------------------------------
Startpoint: rst_ni (input port clocked by clk_i)
Endpoint: _712_ (recovery check against rising-edge clock clk_i)
Path Group: **async_default**
Path Type: max

Fanout     Cap    Slew   Delay    Time   Description
-----------------------------------------------------------------------------
                  0.00    0.00    0.00   clock clk_i (rise edge)
                          0.00    0.00   clock network delay (ideal)
                        150.00  150.00 ^ input external delay
                  0.00    0.00  150.00 ^ rst_ni (in)
     1    2.88                           rst_ni (net)
                  0.32    0.10  150.10 ^ input11/A (BUFx16f_ASAP7_75t_R)
                 11.54   13.99  164.09 ^ input11/Y (BUFx16f_ASAP7_75t_R)
     2   31.45                           net11 (net)
                107.33   33.60  197.69 ^ _358_/A (CKINVDCx20_ASAP7_75t_R)
                 63.35   21.19  218.88 v _358_/Y (CKINVDCx20_ASAP7_75t_R)
    86   87.18                           _086_ (net)
                142.52   41.71  260.59 v _712_/RESET (ASYNC_DFFHx1_ASAP7_75t_R)
                                260.59   data arrival time

                  0.00 1500.00 1500.00   clock clk_i (rise edge)
                          0.00 1500.00   clock network delay (ideal)
                          0.00 1500.00   clock reconvergence pessimism
                               1500.00 ^ _712_/CLK (ASYNC_DFFHx1_ASAP7_75t_R)
                         29.90 1529.90   library recovery time
                               1529.90   data required time
-----------------------------------------------------------------------------
                               1529.90   data required time
                               -260.59   data arrival time
-----------------------------------------------------------------------------
                               1269.31   slack (MET)


Startpoint: lut/_39514_ (negative level-sensitive latch clocked by clk_i)
Endpoint: lut/_36804_ (rising clock gating-check end-point clocked by clk_i)
Path Group: **clock_gating_default**
Path Type: max

Fanout     Cap    Slew   Delay    Time   Description
-----------------------------------------------------------------------------
                  0.00  750.00  750.00   clock clk_i (fall edge)
                          0.00  750.00   clock network delay (ideal)
                  0.00    0.00  750.00 v lut/_39514_/CLK (DLLx3_ASAP7_75t_R)
                 60.33   53.98  803.98 v lut/_39514_/Q (DLLx3_ASAP7_75t_R)
    33   28.53                           lut/gen_sub_units_scm[5].sub_unit_i.cg_we_global.en_latch (net)
                 69.26   12.08  816.06 v lut/_36804_/B (AND3x1_ASAP7_75t_R)
                                816.06   data arrival time

                  0.00 1500.00 1500.00   clock clk_i (rise edge)
                          0.00 1500.00   clock network delay (ideal)
                          0.00 1500.00   clock reconvergence pessimism
                               1500.00 ^ lut/_36804_/A (AND3x1_ASAP7_75t_R)
                          0.00 1500.00   clock gating setup time
                               1500.00   data required time
-----------------------------------------------------------------------------
                               1500.00   data required time
                               -816.06   data arrival time
-----------------------------------------------------------------------------
                                683.94   slack (MET)


Startpoint: _723_ (rising edge-triggered flip-flop clocked by clk_i)
Endpoint: _762_ (rising edge-triggered flip-flop clocked by clk_i)
Path Group: clk_i
Path Type: max

Fanout     Cap    Slew   Delay    Time   Description
-----------------------------------------------------------------------------
                  0.00    0.00    0.00   clock clk_i (rise edge)
                          0.00    0.00   clock network delay (ideal)
                  0.00    0.00    0.00 ^ _723_/CLK (ASYNC_DFFHx1_ASAP7_75t_R)
                 34.02   49.16   49.16 ^ _723_/QN (ASYNC_DFFHx1_ASAP7_75t_R)
     2    3.82                           _072_ (net)
                 34.02    0.08   49.24 ^ _431_/A (INVx4_ASAP7_75t_R)
                 17.98   13.52   62.76 v _431_/Y (INVx4_ASAP7_75t_R)
     5    7.67                           rdata_o_q[7] (net)
                 17.99    0.18   62.94 v fp_adder/_141_/A (NOR2x2_ASAP7_75t_R)
                 20.46   15.78   78.72 ^ fp_adder/_141_/Y (NOR2x2_ASAP7_75t_R)
     3    4.28                           fp_adder/_081_ (net)
                 20.47    0.18   78.90 ^ fp_adder/_142_/B (NAND2x2_ASAP7_75t_R)
                 28.06   19.29   98.20 v fp_adder/_142_/Y (NAND2x2_ASAP7_75t_R)
     5    8.84                           fp_adder/_082_ (net)
                 28.07    0.31   98.50 v fp_adder/_151_/C (AOI211x1_ASAP7_75t_R)
                100.99   53.18  151.68 ^ fp_adder/_151_/Y (AOI211x1_ASAP7_75t_R)
     8   10.70                           fp_adder/_091_ (net)
                100.99    0.07  151.75 ^ fp_adder/_152_/B (NOR2x2_ASAP7_75t_R)
                 29.91   25.94  177.69 v fp_adder/_152_/Y (NOR2x2_ASAP7_75t_R)
     3    3.42                           fp_adder/_092_ (net)
                 29.91    0.14  177.83 v fp_adder/_153_/A2 (AO21x2_ASAP7_75t_R)
                 21.77   30.89  208.72 v fp_adder/_153_/Y (AO21x2_ASAP7_75t_R)
     3    6.62                           fp_adder/converter.exp_fp32_converted[0] (net)
                 21.82    0.58  209.30 v fp_adder/adder/_1126_/A (INVx3_ASAP7_75t_R)
                 18.81   14.42  223.72 ^ fp_adder/adder/_1126_/Y (INVx3_ASAP7_75t_R)
     4    6.84                           fp_adder/adder/_0200_ (net)
                 18.81    0.08  223.80 ^ fp_adder/adder/_1127_/B (NOR2x2_ASAP7_75t_R)
                 18.65   14.35  238.15 v fp_adder/adder/_1127_/Y (NOR2x2_ASAP7_75t_R)
     2    4.11                           fp_adder/adder/_0207_ (net)
                 18.66    0.20  238.35 v fp_adder/adder/_1128_/B (NOR2x2_ASAP7_75t_R)
                188.79   82.08  320.42 ^ fp_adder/adder/_1128_/Y (NOR2x2_ASAP7_75t_R)
    45   50.43                           fp_adder/adder/_0215_ (net)
                188.79    0.04  320.46 ^ fp_adder/adder/_1129_/B (NAND2x2_ASAP7_75t_R)
                 41.36   26.25  346.71 v fp_adder/adder/_1129_/Y (NAND2x2_ASAP7_75t_R)
     2    3.84                           fp_adder/adder/_0223_ (net)
                 41.36    0.11  346.83 v fp_adder/adder/_1130_/B (NOR2x1_ASAP7_75t_R)
                 27.34   21.68  368.50 ^ fp_adder/adder/_1130_/Y (NOR2x1_ASAP7_75t_R)
     1    2.31                           fp_adder/adder/_0230_ (net)
                 27.34    0.05  368.56 ^ fp_adder/adder/_1131_/B (NAND2x2_ASAP7_75t_R)
                 72.36   38.89  407.44 v fp_adder/adder/_1131_/Y (NAND2x2_ASAP7_75t_R)
    21   25.04                           fp_adder/adder/_0237_ (net)
                 72.51    1.97  409.41 v fp_adder/adder/_1172_/A (NAND2x2_ASAP7_75t_R)
                278.44  142.66  552.07 ^ fp_adder/adder/_1172_/Y (NAND2x2_ASAP7_75t_R)
    68   74.48                           fp_adder/adder/_0282_ (net)
                278.69    4.91  556.98 ^ fp_adder/adder/_1395_/A1 (OAI21x1_ASAP7_75t_R)
                119.58   73.51  630.48 v fp_adder/adder/_1395_/Y (OAI21x1_ASAP7_75t_R)
    13   16.65                           fp_adder/adder/_0497_ (net)
                119.85    3.30  633.78 v load_slew81/A (BUFx16f_ASAP7_75t_R)
                 25.28   40.85  674.63 v load_slew81/Y (BUFx16f_ASAP7_75t_R)
    17   35.57                           net81 (net)
                 32.80    7.10  681.73 v fp_adder/adder/_1432_/A (CKINVDCx20_ASAP7_75t_R)
                 23.53   16.38  698.11 ^ fp_adder/adder/_1432_/Y (CKINVDCx20_ASAP7_75t_R)
    26   33.99                           fp_adder/adder/_0533_ (net)
                 24.69    2.79  700.89 ^ fp_adder/adder/_2013_/B (OAI21x1_ASAP7_75t_R)
                 28.35   11.44  712.34 v fp_adder/adder/_2013_/Y (OAI21x1_ASAP7_75t_R)
     1    1.11                           fp_adder/adder/_0005_ (net)
                 28.35    0.01  712.34 v fp_adder/adder/_2018_/A2 (OAI21x1_ASAP7_75t_R)
                 30.93   20.79  733.14 ^ fp_adder/adder/_2018_/Y (OAI21x1_ASAP7_75t_R)
     2    3.82                           fp_adder/adder/_0010_ (net)
                 30.94    0.31  733.45 ^ fp_adder/adder/_2019_/B (NOR2x2_ASAP7_75t_R)
                 31.49   22.49  755.95 v fp_adder/adder/_2019_/Y (NOR2x2_ASAP7_75t_R)
     5    7.33                           fp_adder/adder/_0011_ (net)
                 31.50    0.23  756.18 v fp_adder/adder/_2042_/A1 (OAI21x1_ASAP7_75t_R)
                 36.84   25.92  782.11 ^ fp_adder/adder/_2042_/Y (OAI21x1_ASAP7_75t_R)
     3    4.67                           fp_adder/adder/_0035_ (net)
                 36.84    0.19  782.29 ^ fp_adder/adder/_2043_/B (NAND2x2_ASAP7_75t_R)
                 32.22   16.08  798.38 v fp_adder/adder/_2043_/Y (NAND2x2_ASAP7_75t_R)
     2    3.92                           fp_adder/adder/_0036_ (net)
                 32.22    0.04  798.42 v fp_adder/adder/_2044_/B (NAND3x2_ASAP7_75t_R)
                 32.49   21.07  819.49 ^ fp_adder/adder/_2044_/Y (NAND3x2_ASAP7_75t_R)
     2    2.39                           fp_adder/adder/_0037_ (net)
                 32.49    0.09  819.58 ^ fp_adder/adder/_2045_/B (NAND2x1_ASAP7_75t_R)
                 14.12   11.89  831.47 v fp_adder/adder/_2045_/Y (NAND2x1_ASAP7_75t_R)
     1    1.12                           fp_adder/adder/_0038_ (net)
                 14.12    0.01  831.48 v fp_adder/adder/_2050_/A2 (OAI21x1_ASAP7_75t_R)
                 21.75   11.19  842.67 ^ fp_adder/adder/_2050_/Y (OAI21x1_ASAP7_75t_R)
     1    1.31                           fp_adder/adder/_0044_ (net)
                 21.75    0.02  842.69 ^ fp_adder/adder/_2068_/A1 (AOI21x1_ASAP7_75t_R)
                 14.66   12.17  854.86 v fp_adder/adder/_2068_/Y (AOI21x1_ASAP7_75t_R)
     1    1.54                           fp_adder/adder/_0064_ (net)
                 14.67    0.08  854.94 v fp_adder/adder/_2152_/A1 (OAI21x1_ASAP7_75t_R)
                 46.49   25.01  879.95 ^ fp_adder/adder/_2152_/Y (OAI21x1_ASAP7_75t_R)
     3    6.71                           fp_adder/adder/_0156_ (net)
                 46.85    2.29  882.24 ^ fp_adder/adder/_2159_/A2 (OAI21x1_ASAP7_75t_R)
                 42.35   18.08  900.32 v fp_adder/adder/_2159_/Y (OAI21x1_ASAP7_75t_R)
     3    3.41                           fp_adder/adder/_0164_ (net)
                 42.35    0.03  900.35 v fp_adder/adder/_2160_/B (NOR2x1_ASAP7_75t_R)
                 27.12   21.48  921.83 ^ fp_adder/adder/_2160_/Y (NOR2x1_ASAP7_75t_R)
     2    2.23                           fp_adder/adder/_0165_ (net)
                 27.12    0.08  921.91 ^ fp_adder/adder/_2161_/A2 (AOI21x1_ASAP7_75t_R)
                 24.63   16.57  938.49 v fp_adder/adder/_2161_/Y (AOI21x1_ASAP7_75t_R)
     4    3.98                           fp_adder/adder/_0166_ (net)
                 24.64    0.24  938.73 v fp_adder/adder/_2167_/A2 (OAI21x1_ASAP7_75t_R)
                 36.40   23.01  961.74 ^ fp_adder/adder/_2167_/Y (OAI21x1_ASAP7_75t_R)
     5    5.00                           fp_adder/adder/_0172_ (net)
                 36.43    0.59  962.32 ^ fp_adder/adder/_2180_/A2 (AOI21x1_ASAP7_75t_R)
                 35.57   22.35  984.67 v fp_adder/adder/_2180_/Y (AOI21x1_ASAP7_75t_R)
     4    6.11                           fp_adder/adder/_0187_ (net)
                 35.75    1.39  986.06 v fp_adder/adder/_2181_/A (INVx2_ASAP7_75t_R)
                 13.76   11.46  997.52 ^ fp_adder/adder/_2181_/Y (INVx2_ASAP7_75t_R)
     2    1.85                           fp_adder/adder/_0188_ (net)
                 13.76    0.03  997.55 ^ fp_adder/adder/_2182_/B (NAND2x1_ASAP7_75t_R)
                 16.29   12.22 1009.77 v fp_adder/adder/_2182_/Y (NAND2x1_ASAP7_75t_R)
     2    2.37                           fp_adder/adder/_0189_ (net)
                 16.29    0.09 1009.85 v fp_adder/adder/_2187_/A2 (AOI21x1_ASAP7_75t_R)
                 20.68   14.82 1024.68 ^ fp_adder/adder/_2187_/Y (AOI21x1_ASAP7_75t_R)
     2    2.51                           fp_adder/adder/_0194_ (net)
                 20.68    0.12 1024.80 ^ fp_adder/adder/_2254_/B (NOR2x1_ASAP7_75t_R)
                 12.25   11.17 1035.97 v fp_adder/adder/_2254_/Y (NOR2x1_ASAP7_75t_R)
     1    0.97                           fp_adder/adder/_0241_ (net)
                 12.25    0.01 1035.98 v fp_adder/adder/_2255_/B (XNOR2x2_ASAP7_75t_R)
                 24.00   32.34 1068.32 ^ fp_adder/adder/_2255_/Y (XNOR2x2_ASAP7_75t_R)
     4    5.39                           fp_adder/adder/adder.Mant_addOut_D[26] (net)
                 24.00    0.16 1068.48 ^ fp_adder/adder/norm/_1295_/A (NOR2x2_ASAP7_75t_R)
                 16.70   15.26 1083.74 v fp_adder/adder/norm/_1295_/Y (NOR2x2_ASAP7_75t_R)
     2    2.82                           fp_adder/adder/norm/_0350_ (net)
                 16.70    0.05 1083.79 v fp_adder/adder/norm/_1297_/A (NAND2x2_ASAP7_75t_R)
                 23.37   18.21 1101.99 ^ fp_adder/adder/norm/_1297_/Y (NAND2x2_ASAP7_75t_R)
     3    4.82                           fp_adder/adder/norm/_0363_ (net)
                 23.37    0.07 1102.07 ^ fp_adder/adder/norm/_1301_/A (NOR2x2_ASAP7_75t_R)
                 30.32   22.96 1125.02 v fp_adder/adder/norm/_1301_/Y (NOR2x2_ASAP7_75t_R)
     6    8.44                           fp_adder/adder/norm/_0383_ (net)
                 30.33    0.22 1125.24 v fp_adder/adder/norm/_1309_/A (NAND2x2_ASAP7_75t_R)
                 41.52   30.13 1155.37 ^ fp_adder/adder/norm/_1309_/Y (NAND2x2_ASAP7_75t_R)
     6    9.39                           fp_adder/adder/norm/_0391_ (net)
                 41.55    0.53 1155.89 ^ fp_adder/adder/norm/_1316_/A (NOR2x2_ASAP7_75t_R)
                 42.48   33.58 1189.48 v fp_adder/adder/norm/_1316_/Y (NOR2x2_ASAP7_75t_R)
     8   11.72                           fp_adder/adder/norm/_0398_ (net)
                 42.48    0.04 1189.52 v fp_adder/adder/norm/_1412_/A2 (AOI21x1_ASAP7_75t_R)
                 61.04   37.08 1226.60 ^ fp_adder/adder/norm/_1412_/Y (AOI21x1_ASAP7_75t_R)
     7    8.94                           fp_adder/adder/norm/_0494_ (net)
                 61.08    0.89 1227.50 ^ fp_adder/adder/norm/_1450_/B (NOR2x2_ASAP7_75t_R)
                 21.99   20.22 1247.72 v fp_adder/adder/norm/_1450_/Y (NOR2x2_ASAP7_75t_R)
     2    3.03                           fp_adder/adder/norm/_0532_ (net)
                 21.99    0.01 1247.73 v fp_adder/adder/norm/_1453_/A1 (OAI21x1_ASAP7_75t_R)
                 20.40   16.17 1263.91 ^ fp_adder/adder/norm/_1453_/Y (OAI21x1_ASAP7_75t_R)
     2    2.07                           fp_adder/adder/norm/_0535_ (net)
                 20.40    0.03 1263.94 ^ fp_adder/adder/norm/_1454_/A (INVx1_ASAP7_75t_R)
                 12.22   10.21 1274.15 v fp_adder/adder/norm/_1454_/Y (INVx1_ASAP7_75t_R)
     1    1.44                           fp_adder/adder/norm/_0536_ (net)
                 12.22    0.02 1274.17 v fp_adder/adder/norm/_1455_/B (OAI21x1_ASAP7_75t_R)
                 14.15    7.28 1281.45 ^ fp_adder/adder/norm/_1455_/Y (OAI21x1_ASAP7_75t_R)
     1    1.30                           fp_adder/adder/norm/_0537_ (net)
                 14.15    0.05 1281.49 ^ fp_adder/adder/norm/_1461_/A2 (AOI21x1_ASAP7_75t_R)
                 11.85    8.75 1290.24 v fp_adder/adder/norm/_1461_/Y (AOI21x1_ASAP7_75t_R)
     1    1.27                           fp_adder/adder/norm/_0543_ (net)
                 11.85    0.04 1290.28 v fp_adder/adder/norm/_1466_/A2 (OAI21x1_ASAP7_75t_R)
                103.77   49.36 1339.64 ^ fp_adder/adder/norm/_1466_/Y (OAI21x1_ASAP7_75t_R)
    14   16.56                           fp_adder/adder/norm/_0548_ (net)
                103.78    0.79 1340.43 ^ fp_adder/adder/norm/_1503_/B (NOR2x2_ASAP7_75t_R)
                 41.07   34.34 1374.77 v fp_adder/adder/norm/_1503_/Y (NOR2x2_ASAP7_75t_R)
     3    6.36                           fp_adder/adder/norm/_0585_ (net)
                 41.22    1.41 1376.18 v fp_adder/adder/norm/_1543_/A (NOR2x2_ASAP7_75t_R)
                 67.78   41.29 1417.47 ^ fp_adder/adder/norm/_1543_/Y (NOR2x2_ASAP7_75t_R)
    10   17.19                           fp_adder/adder/norm/_0625_ (net)
                 67.78    0.04 1417.51 ^ load_slew77/A (BUFx16f_ASAP7_75t_R)
                 28.45   31.87 1449.38 ^ load_slew77/Y (BUFx16f_ASAP7_75t_R)
    24   42.27                           net77 (net)
                 32.47    5.57 1454.95 ^ fp_adder/adder/norm/_1547_/A (CKINVDCx20_ASAP7_75t_R)
                 39.67   17.20 1472.15 v fp_adder/adder/norm/_1547_/Y (CKINVDCx20_ASAP7_75t_R)
    62   81.33                           fp_adder/adder/norm/_0629_ (net)
                 40.09    2.43 1474.58 v fp_adder/adder/norm/_1567_/B (NOR2x2_ASAP7_75t_R)
                 32.91   25.47 1500.05 ^ fp_adder/adder/norm/_1567_/Y (NOR2x2_ASAP7_75t_R)
     6    6.49                           fp_adder/adder/norm/_0649_ (net)
                 32.91    0.16 1500.21 ^ fp_adder/adder/norm/_1568_/B (NOR2x2_ASAP7_75t_R)
                256.12  115.83 1616.04 v fp_adder/adder/norm/_1568_/Y (NOR2x2_ASAP7_75t_R)
    51   83.70                           fp_adder/adder/norm/_0650_ (net)
                257.68   11.45 1627.48 v fp_adder/adder/norm/_1569_/A (CKINVDCx20_ASAP7_75t_R)
                 87.26   50.68 1678.16 ^ fp_adder/adder/norm/_1569_/Y (CKINVDCx20_ASAP7_75t_R)
    59   74.23                           fp_adder/adder/norm/_0651_ (net)
                 95.91   14.46 1692.63 ^ fp_adder/adder/norm/_2148_/B (AOI21x1_ASAP7_75t_R)
                 31.38   23.59 1716.22 v fp_adder/adder/norm/_2148_/Y (AOI21x1_ASAP7_75t_R)
     2    2.84                           fp_adder/adder/norm/_1237_ (net)
                 31.39    0.31 1716.53 v fp_adder/adder/norm/_2149_/B (NOR2x1_ASAP7_75t_R)
                 19.63   14.77 1731.30 ^ fp_adder/adder/norm/_2149_/Y (NOR2x1_ASAP7_75t_R)
     1    1.23                           fp_adder/adder/norm/_1238_ (net)
                 19.63    0.04 1731.34 ^ fp_adder/adder/norm/_2150_/B (NAND2x1_ASAP7_75t_R)
                 17.96   11.19 1742.53 v fp_adder/adder/norm/_2150_/Y (NAND2x1_ASAP7_75t_R)
     1    1.42                           fp_adder/adder/norm/_1239_ (net)
                 17.96    0.08 1742.61 v fp_adder/adder/norm/_2151_/B (NAND2x1_ASAP7_75t_R)
                 22.37   16.59 1759.20 ^ fp_adder/adder/norm/_2151_/Y (NAND2x1_ASAP7_75t_R)
     1    2.29                           fp_adder/adder/norm/_1240_ (net)
                 22.37    0.04 1759.24 ^ fp_adder/adder/norm/_2152_/B (NOR2x2_ASAP7_75t_R)
                 20.72   14.48 1773.72 v fp_adder/adder/norm/_2152_/Y (NOR2x2_ASAP7_75t_R)
     2    3.55                           fp_adder/adder/norm/_1241_ (net)
                 20.72    0.09 1773.81 v fp_adder/adder/norm/_2160_/A (NAND2x2_ASAP7_75t_R)
                 27.05   20.93 1794.74 ^ fp_adder/adder/norm/_2160_/Y (NAND2x2_ASAP7_75t_R)
     4    5.69                           fp_adder/adder/norm/_1250_ (net)
                 27.08    0.49 1795.23 ^ fp_adder/adder/norm/_2161_/B (NOR2x2_ASAP7_75t_R)
                 21.35   18.14 1813.38 v fp_adder/adder/norm/_2161_/Y (NOR2x2_ASAP7_75t_R)
     4    5.13                           fp_adder/adder/norm/_1251_ (net)
                 21.35    0.10 1813.48 v fp_adder/adder/norm/_2204_/A (NAND3x2_ASAP7_75t_R)
                 42.59   26.07 1839.55 ^ fp_adder/adder/norm/_2204_/Y (NAND3x2_ASAP7_75t_R)
     6    8.94                           fp_adder/adder/norm/_0045_ (net)
                 42.60    0.47 1840.02 ^ fp_adder/adder/norm/_2363_/A (NOR2x2_ASAP7_75t_R)
                 35.04   28.96 1868.98 v fp_adder/adder/norm/_2363_/Y (NOR2x2_ASAP7_75t_R)
     7    8.45                           fp_adder/adder/norm/_0220_ (net)
                 35.06    0.53 1869.51 v fp_adder/adder/norm/_2366_/A (NAND3x2_ASAP7_75t_R)
                 23.47   20.84 1890.35 ^ fp_adder/adder/norm/_2366_/Y (NAND3x2_ASAP7_75t_R)
     2    3.37                           fp_adder/adder/norm/_0222_ (net)
                 23.49    0.32 1890.67 ^ fp_adder/adder/norm/_2372_/A2 (OAI21x1_ASAP7_75t_R)
                 23.77   15.93 1906.61 v fp_adder/adder/norm/_2372_/Y (OAI21x1_ASAP7_75t_R)
     3    3.92                           fp_adder/adder/norm/_0227_ (net)
                 23.78    0.26 1906.87 v fp_adder/adder/norm/_2384_/A2 (AOI21x1_ASAP7_75t_R)
                 27.98   19.42 1926.30 ^ fp_adder/adder/norm/_2384_/Y (AOI21x1_ASAP7_75t_R)
     3    3.64                           fp_adder/adder/norm/_0239_ (net)
                 27.98    0.07 1926.36 ^ fp_adder/adder/norm/_2394_/A2 (OAI21x1_ASAP7_75t_R)
                 19.47   14.34 1940.70 v fp_adder/adder/norm/_2394_/Y (OAI21x1_ASAP7_75t_R)
     2    2.82                           fp_adder/adder/norm/_0248_ (net)
                 19.47    0.03 1940.73 v fp_adder/adder/norm/_2398_/A2 (AOI21x1_ASAP7_75t_R)
                 16.87   13.46 1954.19 ^ fp_adder/adder/norm/_2398_/Y (AOI21x1_ASAP7_75t_R)
     1    1.73                           fp_adder/adder/norm/_0251_ (net)
                 16.87    0.03 1954.21 ^ fp_adder/adder/norm/_2400_/A (XOR2x1_ASAP7_75t_R)
                 20.92   22.39 1976.60 ^ fp_adder/adder/norm/_2400_/Y (XOR2x1_ASAP7_75t_R)
     2    2.00                           result_int_d[30] (net)
                 20.93    0.20 1976.81 ^ _600_/A2 (AO21x1_ASAP7_75t_R)
                  8.16   15.67 1992.48 ^ _600_/Y (AO21x1_ASAP7_75t_R)
     1    0.60                           _281_ (net)
                  8.16    0.00 1992.48 ^ _601_/B (AND2x2_ASAP7_75t_R)
                 12.42   16.01 2008.49 ^ _601_/Y (AND2x2_ASAP7_75t_R)
     1    0.69                           _139_ (net)
                 12.42    0.01 2008.50 ^ _762_/D (ASYNC_DFFHx1_ASAP7_75t_R)
                               2008.50   data arrival time

                  0.00 1500.00 1500.00   clock clk_i (rise edge)
                          0.00 1500.00   clock network delay (ideal)
                          0.00 1500.00   clock reconvergence pessimism
                               1500.00 ^ _762_/CLK (ASYNC_DFFHx1_ASAP7_75t_R)
                        -11.18 1488.82   library setup time
                               1488.82   data required time
-----------------------------------------------------------------------------
                               1488.82   data required time
                               -2008.50   data arrival time
-----------------------------------------------------------------------------
                               -519.68   slack (VIOLATED)



==========================================================================
detailed place report_check_types -max_slew -max_cap -max_fanout -violators
--------------------------------------------------------------------------

==========================================================================
detailed place max_slew_check_slack
--------------------------------------------------------------------------
10.556305885314941

==========================================================================
detailed place max_slew_check_limit
--------------------------------------------------------------------------
320.0

==========================================================================
detailed place max_slew_check_slack_limit
--------------------------------------------------------------------------
0.0330

==========================================================================
detailed place max_fanout_check_slack
--------------------------------------------------------------------------
1.0000000150474662e+30

==========================================================================
detailed place max_fanout_check_limit
--------------------------------------------------------------------------
1.0000000150474662e+30

==========================================================================
detailed place max_capacitance_check_slack
--------------------------------------------------------------------------
1.2102407217025757

==========================================================================
detailed place max_capacitance_check_limit
--------------------------------------------------------------------------
92.16000366210938

==========================================================================
detailed place max_capacitance_check_slack_limit
--------------------------------------------------------------------------
0.0131

==========================================================================
detailed place max_slew_violation_count
--------------------------------------------------------------------------
max slew violation count 0

==========================================================================
detailed place max_fanout_violation_count
--------------------------------------------------------------------------
max fanout violation count 0

==========================================================================
detailed place max_cap_violation_count
--------------------------------------------------------------------------
max cap violation count 0

==========================================================================
detailed place setup_violation_count
--------------------------------------------------------------------------
setup violation count 0

==========================================================================
detailed place hold_violation_count
--------------------------------------------------------------------------
hold violation count 1

==========================================================================
detailed place critical path delay
--------------------------------------------------------------------------
2008.5021

==========================================================================
detailed place critical path slack
--------------------------------------------------------------------------
-519.6777

==========================================================================
detailed place slack div critical path delay
--------------------------------------------------------------------------
-25.873894

==========================================================================
detailed place report_power
--------------------------------------------------------------------------
Group                  Internal  Switching    Leakage      Total
                          Power      Power      Power      Power (Watts)
----------------------------------------------------------------
Sequential             4.49e-03   1.49e-04   8.21e-07   4.64e-03  49.1%
Combinational          1.32e-03   3.48e-03   2.40e-06   4.80e-03  50.9%
Macro                  0.00e+00   0.00e+00   0.00e+00   0.00e+00   0.0%
Pad                    0.00e+00   0.00e+00   0.00e+00   0.00e+00   0.0%
----------------------------------------------------------------
Total                  5.82e-03   3.63e-03   3.23e-06   9.45e-03 100.0%
                          61.6%      38.4%       0.0%

==========================================================================
detailed place report_design_area
--------------------------------------------------------------------------
Design area 4070 u^2 42% utilization.

Elapsed time: 0:22.89[h:]min:sec. CPU time: user 22.71 sys 0.12 (99%). Peak memory: 352340KB.
