asap7 halut_matmul (base)
  Found 537 warnings in the logs.
      [WARNING IFP-0028] Core area lower left (2.000, 2.000) snapped to (2.052, 2.160).
      [WARNING RSZ-0021] no estimated parasitics. Using wire load models.
      [WARNING RSZ-0021] no estimated parasitics. Using wire load models.
      [WARNING RMP-0032] -tielo_port not specified
      [WARNING RMP-0033] -tiehi_port not specified
      [WARNING PDN-1024] -verbose has been deprecated.
      [WARNING CTS-0043] 7920 wires are pure wire and no slew degradation.
      [WARNING CTS-0041] Net "net1760" has 1 sinks. Skipping...
      [WARNING CTS-0041] Net "net1759" has 1 sinks. Skipping...
      [WARNING CTS-0041] Net "net1758" has 1 sinks. Skipping...
      [WARNING CTS-0041] Net "net1757" has 1 sinks. Skipping...
      [WARNING CTS-0041] Net "net1756" has 1 sinks. Skipping...
      [WARNING CTS-0041] Net "net1755" has 1 sinks. Skipping...
      [WARNING CTS-0041] Net "net1754" has 1 sinks. Skipping...
      [WARNING CTS-0041] Net "net1753" has 1 sinks. Skipping...
      [WARNING CTS-0041] Net "net1752" has 1 sinks. Skipping...
      [WARNING CTS-0041] Net "net1751" has 1 sinks. Skipping...
      [WARNING CTS-0041] Net "net1750" has 1 sinks. Skipping...
      [WARNING CTS-0041] Net "net1749" has 1 sinks. Skipping...
      [WARNING CTS-0041] Net "net1748" has 1 sinks. Skipping...
      [WARNING CTS-0041] Net "net1747" has 1 sinks. Skipping...
      [WARNING CTS-0041] Net "net1746" has 1 sinks. Skipping...
      [WARNING CTS-0041] Net "net1745" has 1 sinks. Skipping...
      [WARNING CTS-0041] Net "net1744" has 1 sinks. Skipping...
      [WARNING CTS-0041] Net "net1743" has 1 sinks. Skipping...
      [WARNING CTS-0041] Net "net1742" has 1 sinks. Skipping...
      [WARNING CTS-0041] Net "net1741" has 1 sinks. Skipping...
      [WARNING CTS-0041] Net "net1740" has 1 sinks. Skipping...
      [WARNING CTS-0041] Net "net1739" has 1 sinks. Skipping...
      [WARNING CTS-0041] Net "net1738" has 1 sinks. Skipping...
      [WARNING CTS-0041] Net "net1737" has 1 sinks. Skipping...
      [WARNING CTS-0041] Net "net1736" has 1 sinks. Skipping...
      [WARNING CTS-0041] Net "net1735" has 1 sinks. Skipping...
      [WARNING CTS-0041] Net "net1734" has 1 sinks. Skipping...
      [WARNING CTS-0041] Net "net1733" has 1 sinks. Skipping...
      [WARNING CTS-0041] Net "net1732" has 1 sinks. Skipping...
      [WARNING CTS-0041] Net "net1731" has 1 sinks. Skipping...
      [WARNING CTS-0041] Net "net1730" has 1 sinks. Skipping...
      [WARNING CTS-0041] Net "net1729" has 1 sinks. Skipping...
      [WARNING CTS-0041] Net "net1728" has 1 sinks. Skipping...
      [WARNING CTS-0041] Net "net1727" has 1 sinks. Skipping...
      [WARNING CTS-0041] Net "net1726" has 1 sinks. Skipping...
      [WARNING CTS-0041] Net "net1725" has 1 sinks. Skipping...
      [WARNING CTS-0041] Net "net1724" has 1 sinks. Skipping...
      [WARNING CTS-0041] Net "net1723" has 1 sinks. Skipping...
      [WARNING CTS-0041] Net "net1722" has 1 sinks. Skipping...
      [WARNING CTS-0041] Net "net1721" has 1 sinks. Skipping...
      [WARNING CTS-0041] Net "net1720" has 1 sinks. Skipping...
      [WARNING CTS-0041] Net "net1719" has 1 sinks. Skipping...
      [WARNING CTS-0041] Net "net1718" has 1 sinks. Skipping...
      [WARNING CTS-0041] Net "net1717" has 1 sinks. Skipping...
      [WARNING CTS-0041] Net "net1716" has 1 sinks. Skipping...
      [WARNING CTS-0041] Net "net1715" has 1 sinks. Skipping...
      [WARNING CTS-0041] Net "net1714" has 1 sinks. Skipping...
      [WARNING CTS-0041] Net "net1713" has 1 sinks. Skipping...
      [WARNING CTS-0041] Net "net1712" has 1 sinks. Skipping...
      [WARNING CTS-0041] Net "net1711" has 1 sinks. Skipping...
      [WARNING CTS-0041] Net "net1710" has 1 sinks. Skipping...
      [WARNING CTS-0041] Net "net1709" has 1 sinks. Skipping...
      [WARNING CTS-0041] Net "net1708" has 1 sinks. Skipping...
      [WARNING CTS-0041] Net "net1707" has 1 sinks. Skipping...
      [WARNING CTS-0041] Net "net1706" has 1 sinks. Skipping...
      [WARNING CTS-0041] Net "net1705" has 1 sinks. Skipping...
      [WARNING CTS-0041] Net "net1704" has 1 sinks. Skipping...
      [WARNING CTS-0041] Net "net1703" has 1 sinks. Skipping...
      [WARNING CTS-0041] Net "net1702" has 1 sinks. Skipping...
      [WARNING CTS-0041] Net "net1701" has 1 sinks. Skipping...
      [WARNING CTS-0041] Net "net1700" has 1 sinks. Skipping...
      [WARNING CTS-0041] Net "net1699" has 1 sinks. Skipping...
      [WARNING CTS-0041] Net "net1698" has 1 sinks. Skipping...
      [WARNING CTS-0041] Net "net1697" has 1 sinks. Skipping...
      [WARNING CTS-0045] Creating fake entries in the LUT.
      [WARNING CTS-0045] Creating fake entries in the LUT.
      [WARNING CTS-0045] Creating fake entries in the LUT.
      [WARNING CTS-0045] Creating fake entries in the LUT.
      [WARNING CTS-0045] Creating fake entries in the LUT.
      [WARNING CTS-0045] Creating fake entries in the LUT.
      [WARNING CTS-0045] Creating fake entries in the LUT.
      [WARNING CTS-0045] Creating fake entries in the LUT.
      [WARNING CTS-0045] Creating fake entries in the LUT.
      [WARNING CTS-0045] Creating fake entries in the LUT.
      [WARNING CTS-0045] Creating fake entries in the LUT.
      [WARNING CTS-0045] Creating fake entries in the LUT.
      [WARNING CTS-0045] Creating fake entries in the LUT.
      [WARNING CTS-0045] Creating fake entries in the LUT.
      [WARNING CTS-0045] Creating fake entries in the LUT.
      [WARNING CTS-0045] Creating fake entries in the LUT.
      [WARNING CTS-0045] Creating fake entries in the LUT.
      [WARNING CTS-0045] Creating fake entries in the LUT.
      [WARNING CTS-0045] Creating fake entries in the LUT.
      [WARNING CTS-0045] Creating fake entries in the LUT.
      [WARNING CTS-0045] Creating fake entries in the LUT.
      [WARNING CTS-0045] Creating fake entries in the LUT.
      [WARNING CTS-0045] Creating fake entries in the LUT.
      [WARNING CTS-0045] Creating fake entries in the LUT.
      [WARNING CTS-0045] Creating fake entries in the LUT.
      [WARNING CTS-0045] Creating fake entries in the LUT.
      [WARNING CTS-0045] Creating fake entries in the LUT.
      [WARNING CTS-0045] Creating fake entries in the LUT.
      [WARNING CTS-0045] Creating fake entries in the LUT.
      [WARNING CTS-0045] Creating fake entries in the LUT.
      [WARNING CTS-0045] Creating fake entries in the LUT.
      [WARNING CTS-0045] Creating fake entries in the LUT.
      [WARNING CTS-0045] Creating fake entries in the LUT.
      [WARNING CTS-0045] Creating fake entries in the LUT.
      [WARNING CTS-0045] Creating fake entries in the LUT.
      [WARNING CTS-0045] Creating fake entries in the LUT.
      [WARNING CTS-0045] Creating fake entries in the LUT.
      [WARNING CTS-0045] Creating fake entries in the LUT.
      [WARNING CTS-0045] Creating fake entries in the LUT.
      [WARNING CTS-0045] Creating fake entries in the LUT.
      [WARNING CTS-0045] Creating fake entries in the LUT.
      [WARNING CTS-0045] Creating fake entries in the LUT.
      [WARNING CTS-0045] Creating fake entries in the LUT.
      [WARNING CTS-0045] Creating fake entries in the LUT.
      [WARNING CTS-0045] Creating fake entries in the LUT.
      [WARNING CTS-0045] Creating fake entries in the LUT.
      [WARNING CTS-0045] Creating fake entries in the LUT.
      [WARNING CTS-0045] Creating fake entries in the LUT.
      [WARNING CTS-0045] Creating fake entries in the LUT.
      [WARNING CTS-0045] Creating fake entries in the LUT.
      [WARNING CTS-0045] Creating fake entries in the LUT.
      [WARNING CTS-0045] Creating fake entries in the LUT.
      [WARNING CTS-0045] Creating fake entries in the LUT.
      [WARNING CTS-0045] Creating fake entries in the LUT.
      [WARNING CTS-0045] Creating fake entries in the LUT.
      [WARNING CTS-0045] Creating fake entries in the LUT.
      [WARNING CTS-0045] Creating fake entries in the LUT.
      [WARNING CTS-0045] Creating fake entries in the LUT.
      [WARNING CTS-0045] Creating fake entries in the LUT.
      [WARNING CTS-0045] Creating fake entries in the LUT.
      [WARNING CTS-0045] Creating fake entries in the LUT.
      [WARNING CTS-0045] Creating fake entries in the LUT.
      [WARNING CTS-0045] Creating fake entries in the LUT.
      [WARNING CTS-0045] Creating fake entries in the LUT.
      [WARNING CTS-0045] Creating fake entries in the LUT.
      [WARNING CTS-0045] Creating fake entries in the LUT.
      [WARNING CTS-0045] Creating fake entries in the LUT.
      [WARNING CTS-0045] Creating fake entries in the LUT.
      [WARNING CTS-0045] Creating fake entries in the LUT.
      [WARNING CTS-0045] Creating fake entries in the LUT.
      [WARNING CTS-0045] Creating fake entries in the LUT.
      [WARNING CTS-0045] Creating fake entries in the LUT.
      [WARNING CTS-0045] Creating fake entries in the LUT.
      [WARNING CTS-0045] Creating fake entries in the LUT.
      [WARNING CTS-0045] Creating fake entries in the LUT.
      [WARNING CTS-0045] Creating fake entries in the LUT.
      [WARNING CTS-0045] Creating fake entries in the LUT.
      [WARNING CTS-0045] Creating fake entries in the LUT.
      [WARNING CTS-0045] Creating fake entries in the LUT.
      [WARNING CTS-0045] Creating fake entries in the LUT.
      [WARNING CTS-0045] Creating fake entries in the LUT.
      [WARNING CTS-0045] Creating fake entries in the LUT.
      [WARNING CTS-0045] Creating fake entries in the LUT.
      [WARNING CTS-0045] Creating fake entries in the LUT.
      [WARNING CTS-0045] Creating fake entries in the LUT.
      [WARNING CTS-0045] Creating fake entries in the LUT.
      [WARNING CTS-0045] Creating fake entries in the LUT.
      [WARNING CTS-0045] Creating fake entries in the LUT.
      [WARNING CTS-0045] Creating fake entries in the LUT.
      [WARNING CTS-0045] Creating fake entries in the LUT.
      [WARNING CTS-0045] Creating fake entries in the LUT.
      [WARNING CTS-0045] Creating fake entries in the LUT.
      [WARNING CTS-0045] Creating fake entries in the LUT.
      [WARNING CTS-0045] Creating fake entries in the LUT.
      [WARNING CTS-0045] Creating fake entries in the LUT.
      [WARNING CTS-0045] Creating fake entries in the LUT.
      [WARNING CTS-0045] Creating fake entries in the LUT.
      [WARNING CTS-0045] Creating fake entries in the LUT.
      [WARNING CTS-0045] Creating fake entries in the LUT.
      [WARNING CTS-0045] Creating fake entries in the LUT.
      [WARNING CTS-0045] Creating fake entries in the LUT.
      [WARNING CTS-0045] Creating fake entries in the LUT.
      [WARNING CTS-0045] Creating fake entries in the LUT.
      [WARNING CTS-0045] Creating fake entries in the LUT.
      [WARNING CTS-0045] Creating fake entries in the LUT.
      [WARNING CTS-0045] Creating fake entries in the LUT.
      [WARNING CTS-0045] Creating fake entries in the LUT.
      [WARNING CTS-0045] Creating fake entries in the LUT.
      [WARNING CTS-0045] Creating fake entries in the LUT.
      [WARNING CTS-0045] Creating fake entries in the LUT.
      [WARNING CTS-0045] Creating fake entries in the LUT.
      [WARNING CTS-0045] Creating fake entries in the LUT.
      [WARNING CTS-0045] Creating fake entries in the LUT.
      [WARNING CTS-0045] Creating fake entries in the LUT.
      [WARNING CTS-0045] Creating fake entries in the LUT.
      [WARNING CTS-0045] Creating fake entries in the LUT.
      [WARNING CTS-0045] Creating fake entries in the LUT.
      [WARNING CTS-0045] Creating fake entries in the LUT.
      [WARNING CTS-0045] Creating fake entries in the LUT.
      [WARNING CTS-0045] Creating fake entries in the LUT.
      [WARNING CTS-0045] Creating fake entries in the LUT.
      [WARNING CTS-0045] Creating fake entries in the LUT.
      [WARNING CTS-0045] Creating fake entries in the LUT.
      [WARNING CTS-0045] Creating fake entries in the LUT.
      [WARNING CTS-0045] Creating fake entries in the LUT.
      [WARNING CTS-0045] Creating fake entries in the LUT.
      [WARNING CTS-0045] Creating fake entries in the LUT.
      [WARNING CTS-0045] Creating fake entries in the LUT.
      [WARNING CTS-0045] Creating fake entries in the LUT.
      [WARNING CTS-0045] Creating fake entries in the LUT.
      [WARNING CTS-0045] Creating fake entries in the LUT.
      [WARNING CTS-0045] Creating fake entries in the LUT.
      [WARNING CTS-0045] Creating fake entries in the LUT.
      [WARNING CTS-0045] Creating fake entries in the LUT.
      [WARNING CTS-0045] Creating fake entries in the LUT.
      [WARNING CTS-0045] Creating fake entries in the LUT.
      [WARNING CTS-0045] Creating fake entries in the LUT.
      [WARNING CTS-0045] Creating fake entries in the LUT.
      [WARNING CTS-0045] Creating fake entries in the LUT.
      [WARNING CTS-0045] Creating fake entries in the LUT.
      [WARNING CTS-0045] Creating fake entries in the LUT.
      [WARNING CTS-0045] Creating fake entries in the LUT.
      [WARNING CTS-0045] Creating fake entries in the LUT.
      [WARNING CTS-0045] Creating fake entries in the LUT.
      [WARNING CTS-0045] Creating fake entries in the LUT.
      [WARNING CTS-0045] Creating fake entries in the LUT.
      [WARNING CTS-0045] Creating fake entries in the LUT.
      [WARNING CTS-0045] Creating fake entries in the LUT.
      [WARNING CTS-0045] Creating fake entries in the LUT.
      [WARNING CTS-0045] Creating fake entries in the LUT.
      [WARNING CTS-0045] Creating fake entries in the LUT.
      [WARNING CTS-0045] Creating fake entries in the LUT.
      [WARNING CTS-0045] Creating fake entries in the LUT.
      [WARNING CTS-0045] Creating fake entries in the LUT.
      [WARNING CTS-0045] Creating fake entries in the LUT.
      [WARNING CTS-0045] Creating fake entries in the LUT.
      [WARNING CTS-0045] Creating fake entries in the LUT.
      [WARNING CTS-0045] Creating fake entries in the LUT.
      [WARNING CTS-0045] Creating fake entries in the LUT.
      [WARNING CTS-0045] Creating fake entries in the LUT.
      [WARNING CTS-0045] Creating fake entries in the LUT.
      [WARNING CTS-0045] Creating fake entries in the LUT.
      [WARNING CTS-0045] Creating fake entries in the LUT.
      [WARNING CTS-0045] Creating fake entries in the LUT.
      [WARNING CTS-0045] Creating fake entries in the LUT.
      [WARNING CTS-0045] Creating fake entries in the LUT.
      [WARNING CTS-0045] Creating fake entries in the LUT.
      [WARNING CTS-0045] Creating fake entries in the LUT.
      [WARNING CTS-0045] Creating fake entries in the LUT.
      [WARNING CTS-0045] Creating fake entries in the LUT.
      [WARNING CTS-0045] Creating fake entries in the LUT.
      [WARNING CTS-0045] Creating fake entries in the LUT.
      [WARNING CTS-0045] Creating fake entries in the LUT.
      [WARNING CTS-0045] Creating fake entries in the LUT.
      [WARNING CTS-0045] Creating fake entries in the LUT.
      [WARNING CTS-0045] Creating fake entries in the LUT.
      [WARNING CTS-0045] Creating fake entries in the LUT.
      [WARNING CTS-0045] Creating fake entries in the LUT.
      [WARNING CTS-0045] Creating fake entries in the LUT.
      [WARNING CTS-0045] Creating fake entries in the LUT.
      [WARNING CTS-0045] Creating fake entries in the LUT.
      [WARNING CTS-0045] Creating fake entries in the LUT.
      [WARNING CTS-0045] Creating fake entries in the LUT.
      [WARNING CTS-0045] Creating fake entries in the LUT.
      [WARNING CTS-0045] Creating fake entries in the LUT.
      [WARNING CTS-0045] Creating fake entries in the LUT.
      [WARNING CTS-0045] Creating fake entries in the LUT.
      [WARNING CTS-0045] Creating fake entries in the LUT.
      [WARNING CTS-0045] Creating fake entries in the LUT.
      [WARNING CTS-0045] Creating fake entries in the LUT.
      [WARNING CTS-0045] Creating fake entries in the LUT.
      [WARNING CTS-0045] Creating fake entries in the LUT.
      [WARNING CTS-0045] Creating fake entries in the LUT.
      [WARNING CTS-0045] Creating fake entries in the LUT.
      [WARNING CTS-0045] Creating fake entries in the LUT.
      [WARNING CTS-0045] Creating fake entries in the LUT.
      [WARNING CTS-0045] Creating fake entries in the LUT.
      [WARNING CTS-0045] Creating fake entries in the LUT.
      [WARNING CTS-0045] Creating fake entries in the LUT.
      [WARNING CTS-0045] Creating fake entries in the LUT.
      [WARNING CTS-0045] Creating fake entries in the LUT.
      [WARNING CTS-0045] Creating fake entries in the LUT.
      [WARNING CTS-0045] Creating fake entries in the LUT.
      [WARNING CTS-0045] Creating fake entries in the LUT.
      [WARNING CTS-0045] Creating fake entries in the LUT.
      [WARNING CTS-0045] Creating fake entries in the LUT.
      [WARNING CTS-0045] Creating fake entries in the LUT.
      [WARNING CTS-0045] Creating fake entries in the LUT.
      [WARNING CTS-0045] Creating fake entries in the LUT.
      [WARNING CTS-0045] Creating fake entries in the LUT.
      [WARNING CTS-0045] Creating fake entries in the LUT.
      [WARNING CTS-0045] Creating fake entries in the LUT.
      [WARNING CTS-0045] Creating fake entries in the LUT.
      [WARNING CTS-0045] Creating fake entries in the LUT.
      [WARNING CTS-0045] Creating fake entries in the LUT.
      [WARNING CTS-0045] Creating fake entries in the LUT.
      [WARNING CTS-0045] Creating fake entries in the LUT.
      [WARNING CTS-0045] Creating fake entries in the LUT.
      [WARNING CTS-0045] Creating fake entries in the LUT.
      [WARNING CTS-0045] Creating fake entries in the LUT.
      [WARNING CTS-0045] Creating fake entries in the LUT.
      [WARNING CTS-0045] Creating fake entries in the LUT.
      [WARNING CTS-0045] Creating fake entries in the LUT.
      [WARNING CTS-0045] Creating fake entries in the LUT.
      [WARNING CTS-0045] Creating fake entries in the LUT.
      [WARNING CTS-0045] Creating fake entries in the LUT.
      [WARNING CTS-0045] Creating fake entries in the LUT.
      [WARNING CTS-0045] Creating fake entries in the LUT.
      [WARNING CTS-0045] Creating fake entries in the LUT.
      [WARNING CTS-0045] Creating fake entries in the LUT.
      [WARNING CTS-0045] Creating fake entries in the LUT.
      [WARNING CTS-0045] Creating fake entries in the LUT.
      [WARNING CTS-0045] Creating fake entries in the LUT.
      [WARNING CTS-0045] Creating fake entries in the LUT.
      [WARNING CTS-0045] Creating fake entries in the LUT.
      [WARNING CTS-0045] Creating fake entries in the LUT.
      [WARNING CTS-0045] Creating fake entries in the LUT.
      [WARNING CTS-0045] Creating fake entries in the LUT.
      [WARNING CTS-0045] Creating fake entries in the LUT.
      [WARNING CTS-0045] Creating fake entries in the LUT.
      [WARNING CTS-0045] Creating fake entries in the LUT.
      [WARNING CTS-0045] Creating fake entries in the LUT.
      [WARNING CTS-0045] Creating fake entries in the LUT.
      [WARNING CTS-0045] Creating fake entries in the LUT.
      [WARNING CTS-0045] Creating fake entries in the LUT.
      [WARNING CTS-0045] Creating fake entries in the LUT.
      [WARNING CTS-0045] Creating fake entries in the LUT.
      [WARNING CTS-0045] Creating fake entries in the LUT.
      [WARNING CTS-0045] Creating fake entries in the LUT.
      [WARNING CTS-0045] Creating fake entries in the LUT.
      [WARNING CTS-0045] Creating fake entries in the LUT.
      [WARNING CTS-0045] Creating fake entries in the LUT.
      [WARNING CTS-0045] Creating fake entries in the LUT.
      [WARNING CTS-0045] Creating fake entries in the LUT.
      [WARNING CTS-0045] Creating fake entries in the LUT.
      [WARNING CTS-0045] Creating fake entries in the LUT.
      [WARNING CTS-0045] Creating fake entries in the LUT.
      [WARNING CTS-0045] Creating fake entries in the LUT.
      [WARNING CTS-0045] Creating fake entries in the LUT.
      [WARNING CTS-0045] Creating fake entries in the LUT.
      [WARNING CTS-0045] Creating fake entries in the LUT.
      [WARNING CTS-0045] Creating fake entries in the LUT.
      [WARNING CTS-0045] Creating fake entries in the LUT.
      [WARNING CTS-0045] Creating fake entries in the LUT.
      [WARNING CTS-0045] Creating fake entries in the LUT.
      [WARNING CTS-0045] Creating fake entries in the LUT.
      [WARNING CTS-0045] Creating fake entries in the LUT.
      [WARNING CTS-0045] Creating fake entries in the LUT.
      [WARNING CTS-0045] Creating fake entries in the LUT.
      [WARNING CTS-0045] Creating fake entries in the LUT.
      [WARNING CTS-0045] Creating fake entries in the LUT.
      [WARNING CTS-0045] Creating fake entries in the LUT.
      [WARNING CTS-0045] Creating fake entries in the LUT.
      [WARNING CTS-0045] Creating fake entries in the LUT.
      [WARNING CTS-0045] Creating fake entries in the LUT.
      [WARNING CTS-0045] Creating fake entries in the LUT.
      [WARNING CTS-0045] Creating fake entries in the LUT.
      [WARNING CTS-0045] Creating fake entries in the LUT.
      [WARNING CTS-0045] Creating fake entries in the LUT.
      [WARNING CTS-0045] Creating fake entries in the LUT.
      [WARNING CTS-0045] Creating fake entries in the LUT.
      [WARNING CTS-0045] Creating fake entries in the LUT.
      [WARNING CTS-0045] Creating fake entries in the LUT.
      [WARNING CTS-0045] Creating fake entries in the LUT.
      [WARNING CTS-0045] Creating fake entries in the LUT.
      [WARNING CTS-0045] Creating fake entries in the LUT.
      [WARNING CTS-0045] Creating fake entries in the LUT.
      [WARNING CTS-0045] Creating fake entries in the LUT.
      [WARNING CTS-0045] Creating fake entries in the LUT.
      [WARNING CTS-0045] Creating fake entries in the LUT.
      [WARNING CTS-0045] Creating fake entries in the LUT.
      [WARNING CTS-0045] Creating fake entries in the LUT.
      [WARNING CTS-0045] Creating fake entries in the LUT.
      [WARNING CTS-0045] Creating fake entries in the LUT.
      [WARNING CTS-0045] Creating fake entries in the LUT.
      [WARNING CTS-0045] Creating fake entries in the LUT.
      [WARNING CTS-0045] Creating fake entries in the LUT.
      [WARNING CTS-0045] Creating fake entries in the LUT.
      [WARNING CTS-0045] Creating fake entries in the LUT.
      [WARNING CTS-0045] Creating fake entries in the LUT.
      [WARNING CTS-0045] Creating fake entries in the LUT.
      [WARNING CTS-0045] Creating fake entries in the LUT.
      [WARNING CTS-0045] Creating fake entries in the LUT.
      [WARNING CTS-0045] Creating fake entries in the LUT.
      [WARNING CTS-0045] Creating fake entries in the LUT.
      [WARNING CTS-0045] Creating fake entries in the LUT.
      [WARNING CTS-0045] Creating fake entries in the LUT.
      [WARNING CTS-0045] Creating fake entries in the LUT.
      [WARNING CTS-0045] Creating fake entries in the LUT.
      [WARNING CTS-0045] Creating fake entries in the LUT.
      [WARNING CTS-0045] Creating fake entries in the LUT.
      [WARNING CTS-0045] Creating fake entries in the LUT.
      [WARNING CTS-0045] Creating fake entries in the LUT.
      [WARNING CTS-0045] Creating fake entries in the LUT.
      [WARNING CTS-0045] Creating fake entries in the LUT.
      [WARNING CTS-0045] Creating fake entries in the LUT.
      [WARNING CTS-0045] Creating fake entries in the LUT.
      [WARNING CTS-0045] Creating fake entries in the LUT.
      [WARNING CTS-0045] Creating fake entries in the LUT.
      [WARNING CTS-0045] Creating fake entries in the LUT.
      [WARNING CTS-0045] Creating fake entries in the LUT.
      [WARNING CTS-0045] Creating fake entries in the LUT.
      [WARNING CTS-0045] Creating fake entries in the LUT.
      [WARNING CTS-0045] Creating fake entries in the LUT.
      [WARNING CTS-0045] Creating fake entries in the LUT.
      [WARNING CTS-0045] Creating fake entries in the LUT.
      [WARNING CTS-0045] Creating fake entries in the LUT.
      [WARNING CTS-0045] Creating fake entries in the LUT.
      [WARNING CTS-0045] Creating fake entries in the LUT.
      [WARNING CTS-0045] Creating fake entries in the LUT.
      [WARNING CTS-0045] Creating fake entries in the LUT.
      [WARNING CTS-0045] Creating fake entries in the LUT.
      [WARNING CTS-0045] Creating fake entries in the LUT.
      [WARNING CTS-0045] Creating fake entries in the LUT.
      [WARNING CTS-0045] Creating fake entries in the LUT.
      [WARNING CTS-0045] Creating fake entries in the LUT.
      [WARNING CTS-0045] Creating fake entries in the LUT.
      [WARNING CTS-0045] Creating fake entries in the LUT.
      [WARNING CTS-0045] Creating fake entries in the LUT.
      [WARNING CTS-0045] Creating fake entries in the LUT.
      [WARNING CTS-0045] Creating fake entries in the LUT.
      [WARNING CTS-0045] Creating fake entries in the LUT.
      [WARNING CTS-0045] Creating fake entries in the LUT.
      [WARNING CTS-0045] Creating fake entries in the LUT.
      [WARNING CTS-0045] Creating fake entries in the LUT.
      [WARNING CTS-0045] Creating fake entries in the LUT.
      [WARNING CTS-0045] Creating fake entries in the LUT.
      [WARNING CTS-0045] Creating fake entries in the LUT.
      [WARNING CTS-0045] Creating fake entries in the LUT.
      [WARNING CTS-0045] Creating fake entries in the LUT.
      [WARNING CTS-0045] Creating fake entries in the LUT.
      [WARNING CTS-0045] Creating fake entries in the LUT.
      [WARNING CTS-0045] Creating fake entries in the LUT.
      [WARNING CTS-0045] Creating fake entries in the LUT.
      [WARNING CTS-0045] Creating fake entries in the LUT.
      [WARNING CTS-0045] Creating fake entries in the LUT.
      [WARNING CTS-0045] Creating fake entries in the LUT.
      [WARNING CTS-0045] Creating fake entries in the LUT.
      [WARNING CTS-0045] Creating fake entries in the LUT.
      [WARNING CTS-0045] Creating fake entries in the LUT.
      [WARNING CTS-0045] Creating fake entries in the LUT.
      [WARNING CTS-0045] Creating fake entries in the LUT.
      [WARNING CTS-0045] Creating fake entries in the LUT.
      [WARNING CTS-0045] Creating fake entries in the LUT.
      [WARNING CTS-0045] Creating fake entries in the LUT.
      [WARNING CTS-0045] Creating fake entries in the LUT.
      [WARNING CTS-0045] Creating fake entries in the LUT.
      [WARNING CTS-0045] Creating fake entries in the LUT.
      [WARNING CTS-0045] Creating fake entries in the LUT.
      [WARNING CTS-0045] Creating fake entries in the LUT.
      [WARNING CTS-0045] Creating fake entries in the LUT.
      [WARNING CTS-0045] Creating fake entries in the LUT.
      [WARNING CTS-0045] Creating fake entries in the LUT.
      [WARNING CTS-0045] Creating fake entries in the LUT.
      [WARNING CTS-0045] Creating fake entries in the LUT.
      [WARNING CTS-0045] Creating fake entries in the LUT.
      [WARNING CTS-0045] Creating fake entries in the LUT.
      [WARNING CTS-0045] Creating fake entries in the LUT.
      [WARNING CTS-0045] Creating fake entries in the LUT.
      [WARNING CTS-0045] Creating fake entries in the LUT.
      [WARNING CTS-0045] Creating fake entries in the LUT.
      [WARNING CTS-0045] Creating fake entries in the LUT.
      [WARNING CTS-0045] Creating fake entries in the LUT.
      [WARNING CTS-0045] Creating fake entries in the LUT.
      [WARNING CTS-0045] Creating fake entries in the LUT.
      [WARNING CTS-0045] Creating fake entries in the LUT.
      [WARNING CTS-0045] Creating fake entries in the LUT.
      [WARNING CTS-0045] Creating fake entries in the LUT.
      [WARNING CTS-0045] Creating fake entries in the LUT.
      [WARNING CTS-0045] Creating fake entries in the LUT.
      [WARNING CTS-0045] Creating fake entries in the LUT.
      [WARNING CTS-0045] Creating fake entries in the LUT.
      [WARNING CTS-0045] Creating fake entries in the LUT.
      [WARNING CTS-0045] Creating fake entries in the LUT.
      [WARNING CTS-0045] Creating fake entries in the LUT.
      [WARNING CTS-0045] Creating fake entries in the LUT.
      [WARNING CTS-0045] Creating fake entries in the LUT.
      [WARNING CTS-0045] Creating fake entries in the LUT.
      [WARNING CTS-0045] Creating fake entries in the LUT.
      [WARNING CTS-0045] Creating fake entries in the LUT.
      [WARNING CTS-0045] Creating fake entries in the LUT.
      [WARNING CTS-0045] Creating fake entries in the LUT.
      [WARNING CTS-0045] Creating fake entries in the LUT.
      [WARNING CTS-0045] Creating fake entries in the LUT.
      [WARNING CTS-0045] Creating fake entries in the LUT.
      [WARNING CTS-0045] Creating fake entries in the LUT.
      [WARNING CTS-0045] Creating fake entries in the LUT.
      [WARNING CTS-0045] Creating fake entries in the LUT.
      [WARNING CTS-0045] Creating fake entries in the LUT.
      [WARNING CTS-0045] Creating fake entries in the LUT.
      [WARNING CTS-0045] Creating fake entries in the LUT.
      [WARNING CTS-0045] Creating fake entries in the LUT.
      [WARNING CTS-0045] Creating fake entries in the LUT.
      [WARNING CTS-0045] Creating fake entries in the LUT.
      [WARNING CTS-0045] Creating fake entries in the LUT.
      [WARNING CTS-0045] Creating fake entries in the LUT.
      [WARNING CTS-0045] Creating fake entries in the LUT.
      [WARNING CTS-0045] Creating fake entries in the LUT.
      [WARNING CTS-0045] Creating fake entries in the LUT.
      [WARNING CTS-0045] Creating fake entries in the LUT.
      [WARNING CTS-0045] Creating fake entries in the LUT.
      [WARNING CTS-0045] Creating fake entries in the LUT.
      [WARNING CTS-0045] Creating fake entries in the LUT.
      [WARNING CTS-0045] Creating fake entries in the LUT.
      [WARNING CTS-0045] Creating fake entries in the LUT.
      [WARNING CTS-0045] Creating fake entries in the LUT.
      [WARNING CTS-0045] Creating fake entries in the LUT.
      [WARNING CTS-0045] Creating fake entries in the LUT.
      [WARNING CTS-0045] Creating fake entries in the LUT.
      [WARNING CTS-0045] Creating fake entries in the LUT.
      [WARNING CTS-0045] Creating fake entries in the LUT.
      [WARNING CTS-0045] Creating fake entries in the LUT.
      [WARNING CTS-0045] Creating fake entries in the LUT.
      [WARNING CTS-0045] Creating fake entries in the LUT.
      [WARNING CTS-0045] Creating fake entries in the LUT.
      [WARNING CTS-0045] Creating fake entries in the LUT.
      [WARNING CTS-0045] Creating fake entries in the LUT.
      [WARNING CTS-0045] Creating fake entries in the LUT.
      [WARNING CTS-0045] Creating fake entries in the LUT.
      [WARNING CTS-0045] Creating fake entries in the LUT.
      [WARNING CTS-0045] Creating fake entries in the LUT.
      [WARNING CTS-0045] Creating fake entries in the LUT.
      [WARNING CTS-0045] Creating fake entries in the LUT.
      [WARNING ANT-0011] -report_violating_nets is deprecated.
      [WARNING DRT-0140] SpacingRange unsupported.
      [WARNING DRT-0145] New SPACINGTABLE PARALLELRUNLENGTH overrides old SPACING rule.
      [WARNING DRT-0145] New SPACINGTABLE PARALLELRUNLENGTH overrides old SPACING rule.
      [WARNING DRT-0145] New SPACINGTABLE PARALLELRUNLENGTH overrides old SPACING rule.
      [WARNING DRT-0145] New SPACINGTABLE PARALLELRUNLENGTH overrides old SPACING rule.
      [WARNING DRT-0240] CUT layer V3 does not have square single-cut via, cut layer width may be set incorrectly.
      [WARNING DRT-0240] CUT layer V5 does not have square single-cut via, cut layer width may be set incorrectly.
      [WARNING STA-0179] ./results/asap7/halut_matmul/base/6_final.spef line 286, syntax error.
      [WARNING PSM-0016] Voltage pad location (VSRC) file not specified, defaulting pad location to checkerboard pattern on core area.
      [WARNING PSM-0017] X direction bump pitch is not specified, defaulting to 140um.
      [WARNING PSM-0018] Y direction bump pitch is not specified, defaulting to 140um.
      [WARNING PSM-0063] Specified bump pitches of 140.000 and 140.000 are less than core width of 138.942 or core height of 138.780. Changing bump location to the center of the die at (71.523, 71.550).
      [WARNING PSM-0065] VSRC location not specified, using default checkerboard pattern with one VDD every size bumps in x-direction and one in two bumps in the y-direction
      [WARNING PSM-0016] Voltage pad location (VSRC) file not specified, defaulting pad location to checkerboard pattern on core area.
      [WARNING PSM-0017] X direction bump pitch is not specified, defaulting to 140um.
      [WARNING PSM-0018] Y direction bump pitch is not specified, defaulting to 140um.
      [WARNING PSM-0063] Specified bump pitches of 140.000 and 140.000 are less than core width of 138.942 or core height of 138.780. Changing bump location to the center of the die at (71.523, 71.550).
      [WARNING PSM-0065] VSRC location not specified, using default checkerboard pattern with one VDD every size bumps in x-direction and one in two bumps in the y-direction
      [WARNING GUI-0010] File path does not end with a valid extension, new path is: ./reports/asap7/halut_matmul/base/final_routing.webp.png
      [WARNING GUI-0010] File path does not end with a valid extension, new path is: ./reports/asap7/halut_matmul/base/final_placement.webp.png
      [WARNING GUI-0010] File path does not end with a valid extension, new path is: ./reports/asap7/halut_matmul/base/final_clocks.webp.png
      [WARNING GUI-0010] File path does not end with a valid extension, new path is: ./reports/asap7/halut_matmul/base/final_resizer.webp.png