OpenROAD b57893514040c5aa453ab5c104f35d1173a8add9 
This program is licensed under the BSD-3 license. See the LICENSE file for details.
Components of this program may be licensed under more restrictive licenses which must be honored.
[INFO GPL-0002] DBU: 2000
[INFO GPL-0003] SiteSize: 380 2800
[INFO GPL-0004] CoreAreaLxLy: 4180 5600
[INFO GPL-0005] CoreAreaUxUy: 184680 184800
[INFO GPL-0006] NumInstances: 2729
[INFO GPL-0007] NumPlaceInstances: 2601
[INFO GPL-0008] NumFixedInstances: 128
[INFO GPL-0009] NumDummyInstances: 0
[INFO GPL-0010] NumNets: 2715
[INFO GPL-0011] NumPins: 8672
[INFO GPL-0012] DieAreaLxLy: 0 0
[INFO GPL-0013] DieAreaUxUy: 188840 188840
[INFO GPL-0014] CoreAreaLxLy: 4180 5600
[INFO GPL-0015] CoreAreaUxUy: 184680 184800
[INFO GPL-0016] CoreArea: 32345600000
[INFO GPL-0017] NonPlaceInstsArea: 136192000
[INFO GPL-0018] PlaceInstsArea: 11700808000
[INFO GPL-0019] Util(%): 36.33
[INFO GPL-0020] StdInstsArea: 11700808000
[INFO GPL-0021] MacroInstsArea: 0
[InitialPlace]  Iter: 1 CG residual: 0.00000498 HPWL: 42771749
[InitialPlace]  Iter: 2 CG residual: 0.00000099 HPWL: 24199272
[InitialPlace]  Iter: 3 CG residual: 0.00000215 HPWL: 24011403
[InitialPlace]  Iter: 4 CG residual: 0.00000020 HPWL: 23936996
[InitialPlace]  Iter: 5 CG residual: 0.00000093 HPWL: 23819284
[INFO GPL-0031] FillerInit: NumGCells: 4526
[INFO GPL-0032] FillerInit: NumGNets: 2715
[INFO GPL-0033] FillerInit: NumGPins: 8672
[INFO GPL-0023] TargetDensity: 0.60
[INFO GPL-0024] AveragePlaceInstArea: 4498580
[INFO GPL-0025] IdealBinArea: 7497633
[INFO GPL-0026] IdealBinCnt: 4314
[INFO GPL-0027] TotalBinArea: 32345600000
[INFO GPL-0028] BinCnt: 64 64
[INFO GPL-0029] BinSize: 2821 2800
[INFO GPL-0030] NumBins: 4096
[NesterovSolve] Iter: 1 overflow: 0.935686 HPWL: 11801527
[NesterovSolve] Iter: 10 overflow: 0.830246 HPWL: 15593919
[NesterovSolve] Iter: 20 overflow: 0.785739 HPWL: 17498598
[INFO GPL-0100] worst slack -1.54e-10
[INFO GPL-0103] Weighted 246 nets.
[NesterovSolve] Iter: 30 overflow: 0.768899 HPWL: 17735632
[NesterovSolve] Iter: 40 overflow: 0.763589 HPWL: 17674665
[NesterovSolve] Iter: 50 overflow: 0.765782 HPWL: 17837079
[NesterovSolve] Iter: 60 overflow: 0.764913 HPWL: 17989975
[NesterovSolve] Iter: 70 overflow: 0.76193 HPWL: 18105022
[NesterovSolve] Iter: 80 overflow: 0.757118 HPWL: 18175618
[NesterovSolve] Iter: 90 overflow: 0.754439 HPWL: 18197252
[NesterovSolve] Iter: 100 overflow: 0.751232 HPWL: 18177859
[NesterovSolve] Iter: 110 overflow: 0.751008 HPWL: 18140504
[NesterovSolve] Iter: 120 overflow: 0.750733 HPWL: 18104726
[NesterovSolve] Iter: 130 overflow: 0.749999 HPWL: 18076061
[NesterovSolve] Iter: 140 overflow: 0.749231 HPWL: 18058951
[NesterovSolve] Iter: 150 overflow: 0.748932 HPWL: 18072298
[NesterovSolve] Iter: 160 overflow: 0.748477 HPWL: 18124776
[NesterovSolve] Iter: 170 overflow: 0.748263 HPWL: 18217094
[NesterovSolve] Iter: 180 overflow: 0.744469 HPWL: 18358083
[NesterovSolve] Iter: 190 overflow: 0.737882 HPWL: 18557771
[NesterovSolve] Iter: 200 overflow: 0.730417 HPWL: 18834987
[NesterovSolve] Iter: 210 overflow: 0.722604 HPWL: 19234424
[NesterovSolve] Iter: 220 overflow: 0.708344 HPWL: 19761227
[NesterovSolve] Iter: 230 overflow: 0.689636 HPWL: 20364451
[NesterovSolve] Iter: 240 overflow: 0.660456 HPWL: 21050842
[NesterovSolve] Iter: 250 overflow: 0.63392 HPWL: 21916719
[INFO GPL-0100] worst slack -1.85e-10
[INFO GPL-0103] Weighted 249 nets.
[NesterovSolve] Iter: 260 overflow: 0.604068 HPWL: 22723540
[NesterovSolve] Snapshot saved at iter = 261
[NesterovSolve] Iter: 270 overflow: 0.571158 HPWL: 23374677
[NesterovSolve] Iter: 280 overflow: 0.533626 HPWL: 24061127
[NesterovSolve] Iter: 290 overflow: 0.491088 HPWL: 24614360
[INFO GPL-0100] worst slack -1.8e-10
[INFO GPL-0103] Weighted 252 nets.
[NesterovSolve] Iter: 300 overflow: 0.449619 HPWL: 25288863
[NesterovSolve] Iter: 310 overflow: 0.403862 HPWL: 26091404
[NesterovSolve] Iter: 320 overflow: 0.357383 HPWL: 26849601
[NesterovSolve] Iter: 330 overflow: 0.321145 HPWL: 27294377
[NesterovSolve] Iter: 340 overflow: 0.293339 HPWL: 27548791
[INFO GPL-0100] worst slack -2.07e-10
[INFO GPL-0103] Weighted 251 nets.
[NesterovSolve] Iter: 350 overflow: 0.26196 HPWL: 27850758
[NesterovSolve] Iter: 360 overflow: 0.234972 HPWL: 28038591
[NesterovSolve] Iter: 370 overflow: 0.211867 HPWL: 28351025
[INFO GPL-0100] worst slack -2.23e-10
[INFO GPL-0103] Weighted 250 nets.
[INFO GPL-0075] Routability numCall: 1 inflationIterCnt: 1 bloatIterCnt: 0
[INFO GPL-0036] TileLxLy: 0 0
[INFO GPL-0037] TileSize: 4200 4200
[INFO GPL-0038] TileCnt: 44 44
[INFO GPL-0039] numRoutingLayers: 10
[INFO GPL-0040] NumTiles: 1936
[INFO GPL-0063] TotalRouteOverflowH2: 0.0
[INFO GPL-0064] TotalRouteOverflowV2: 0.0
[INFO GPL-0065] OverflowTileCnt2: 0
[INFO GPL-0066] 0.5%RC: 1.0
[INFO GPL-0067] 1.0%RC: 1.0
[INFO GPL-0068] 2.0%RC: 1.0
[INFO GPL-0069] 5.0%RC: 1.0
[INFO GPL-0070] 0.5rcK: 1.0
[INFO GPL-0071] 1.0rcK: 1.0
[INFO GPL-0072] 2.0rcK: 0.0
[INFO GPL-0073] 5.0rcK: 0.0
[INFO GPL-0074] FinalRC: 1.0
[NesterovSolve] Iter: 380 overflow: 0.188873 HPWL: 28530382
[NesterovSolve] Iter: 390 overflow: 0.166037 HPWL: 28704429
[NesterovSolve] Iter: 400 overflow: 0.143654 HPWL: 28851393
[INFO GPL-0100] worst slack -2.16e-10
[INFO GPL-0103] Weighted 250 nets.
[NesterovSolve] Iter: 410 overflow: 0.127438 HPWL: 28972164
[NesterovSolve] Iter: 420 overflow: 0.112125 HPWL: 29079096
[NesterovSolve] Iter: 430 overflow: 0.0993432 HPWL: 29180278
[NesterovSolve] Finished with Overflow: 0.099343

==========================================================================
global place report_tns
--------------------------------------------------------------------------
tns -2.29

==========================================================================
global place report_wns
--------------------------------------------------------------------------
wns -0.19

==========================================================================
global place report_worst_slack
--------------------------------------------------------------------------
worst slack -0.19

==========================================================================
global place report_clock_skew
--------------------------------------------------------------------------
Clock clk_i
No launch/capture paths found.


==========================================================================
global place report_checks -path_delay min
--------------------------------------------------------------------------
Startpoint: rst_i (input port clocked by clk_i)
Endpoint: adder/_171_ (removal check against rising-edge clock clk_i')
Path Group: **async_default**
Path Type: min

Fanout     Cap    Slew   Delay    Time   Description
-----------------------------------------------------------------------------
                  0.00    6.00    6.00   clock clk_i (rise edge)
                          0.00    6.00   clock network delay (ideal)
                          0.60    6.60 v input external delay
                  0.00    0.00    6.60 v rst_i (in)
     1   23.68                           rst_i (net)
                  0.00    0.00    6.60 v adder/_109_/A (INV_X16)
                  0.01    0.02    6.62 ^ adder/_109_/ZN (INV_X16)
    64  136.88                           adder/_000_ (net)
                  0.03    0.02    6.64 ^ adder/_171_/RN (DFFR_X1)
                                  6.64   data arrival time

                  0.00    3.00    3.00   clock clk_i' (rise edge)
                          0.00    3.00   clock network delay (ideal)
                          0.00    3.00   clock reconvergence pessimism
                                  3.00 ^ adder/_171_/CK (DFFR_X1)
                          0.22    3.22   library removal time
                                  3.22   data required time
-----------------------------------------------------------------------------
                                  3.22   data required time
                                 -6.64   data arrival time
-----------------------------------------------------------------------------
                                  3.42   slack (MET)


Startpoint: operand_fp32_i[15] (input port clocked by clk_i)
Endpoint: adder/_157_ (rising edge-triggered flip-flop clocked by clk_i')
Path Group: clk_i
Path Type: min

Fanout     Cap    Slew   Delay    Time   Description
-----------------------------------------------------------------------------
                  0.00    6.00    6.00   clock clk_i (rise edge)
                          0.00    6.00   clock network delay (ideal)
                          0.60    6.60 v input external delay
                  0.00    0.00    6.60 v operand_fp32_i[15] (in)
     1    1.32                           operand_fp32_i[15] (net)
                  0.00    0.00    6.60 v adder/_157_/D (DFFR_X1)
                                  6.60   data arrival time

                  0.00    3.00    3.00   clock clk_i' (rise edge)
                          0.00    3.00   clock network delay (ideal)
                          0.00    3.00   clock reconvergence pessimism
                                  3.00 ^ adder/_157_/CK (DFFR_X1)
                          0.00    3.00   library hold time
                                  3.00   data required time
-----------------------------------------------------------------------------
                                  3.00   data required time
                                 -6.60   data arrival time
-----------------------------------------------------------------------------
                                  3.60   slack (MET)



==========================================================================
global place report_checks -path_delay max
--------------------------------------------------------------------------
Startpoint: rst_i (input port clocked by clk_i)
Endpoint: adder/_171_ (recovery check against rising-edge clock clk_i')
Path Group: **async_default**
Path Type: max

Fanout     Cap    Slew   Delay    Time   Description
-----------------------------------------------------------------------------
                  0.00    0.00    0.00   clock clk_i (rise edge)
                          0.00    0.00   clock network delay (ideal)
                          0.60    0.60 v input external delay
                  0.00    0.00    0.60 v rst_i (in)
     1   23.68                           rst_i (net)
                  0.00    0.00    0.60 v adder/_109_/A (INV_X16)
                  0.01    0.02    0.62 ^ adder/_109_/ZN (INV_X16)
    64  136.88                           adder/_000_ (net)
                  0.03    0.02    0.64 ^ adder/_171_/RN (DFFR_X1)
                                  0.64   data arrival time

                  0.00    3.00    3.00   clock clk_i' (rise edge)
                          0.00    3.00   clock network delay (ideal)
                          0.00    3.00   clock reconvergence pessimism
                                  3.00 ^ adder/_171_/CK (DFFR_X1)
                          0.05    3.05   library recovery time
                                  3.05   data required time
-----------------------------------------------------------------------------
                                  3.05   data required time
                                 -0.64   data arrival time
-----------------------------------------------------------------------------
                                  2.41   slack (MET)


Startpoint: adder/_165_ (rising edge-triggered flip-flop clocked by clk_i')
Endpoint: result_o[30] (output port clocked by clk_i)
Path Group: clk_i
Path Type: max

Fanout     Cap    Slew   Delay    Time   Description
-----------------------------------------------------------------------------
                  0.00    3.00    3.00   clock clk_i' (rise edge)
                          0.00    3.00   clock network delay (ideal)
                  0.00    0.00    3.00 ^ adder/_165_/CK (DFFR_X1)
                  0.02    0.11    3.11 ^ adder/_165_/Q (DFFR_X1)
     4    7.10                           adder/exp_b_d[0] (net)
                  0.02    0.00    3.11 ^ adder/adder/_1253_/A (INV_X1)
                  0.01    0.01    3.12 v adder/adder/_1253_/ZN (INV_X1)
     1    1.58                           adder/adder/_0365_ (net)
                  0.01    0.00    3.12 v adder/adder/_1254_/A1 (NAND2_X1)
                  0.02    0.03    3.15 ^ adder/adder/_1254_/ZN (NAND2_X1)
     2    8.17                           adder/adder/_0366_ (net)
                  0.02    0.00    3.15 ^ adder/adder/_1255_/A2 (NAND2_X4)
                  0.03    0.05    3.20 v adder/adder/_1255_/ZN (NAND2_X4)
    35   75.17                           adder/adder/_0367_ (net)
                  0.03    0.00    3.20 v adder/adder/_1256_/A2 (NOR2_X2)
                  0.03    0.05    3.25 ^ adder/adder/_1256_/ZN (NOR2_X2)
     2    9.30                           adder/adder/_0368_ (net)
                  0.03    0.00    3.25 ^ adder/adder/_1257_/A2 (NAND2_X1)
                  0.02    0.03    3.28 v adder/adder/_1257_/ZN (NAND2_X1)
     1    6.48                           adder/adder/_0369_ (net)
                  0.02    0.00    3.28 v adder/adder/_1258_/A2 (NOR2_X4)
                  0.03    0.05    3.33 ^ adder/adder/_1258_/ZN (NOR2_X4)
     5   17.38                           adder/adder/_0370_ (net)
                  0.03    0.00    3.33 ^ adder/adder/_1277_/A (INV_X2)
                  0.01    0.02    3.34 v adder/adder/_1277_/ZN (INV_X2)
     2    8.75                           adder/adder/_0389_ (net)
                  0.01    0.00    3.34 v adder/adder/_1278_/A2 (NAND2_X4)
                  0.09    0.11    3.45 ^ adder/adder/_1278_/ZN (NAND2_X4)
    87  167.93                           adder/adder/_0390_ (net)
                  0.09    0.00    3.45 ^ adder/adder/_1306_/A1 (NAND2_X1)
                  0.03    0.04    3.50 v adder/adder/_1306_/ZN (NAND2_X1)
     2    7.33                           adder/adder/_0409_ (net)
                  0.03    0.00    3.50 v adder/adder/_1309_/A1 (NAND3_X1)
                  0.02    0.04    3.54 ^ adder/adder/_1309_/ZN (NAND3_X1)
     2    5.24                           adder/adder/_0412_ (net)
                  0.02    0.00    3.54 ^ adder/adder/_1399_/A (INV_X1)
                  0.01    0.02    3.56 v adder/adder/_1399_/ZN (INV_X1)
     2    7.28                           adder/adder/_0502_ (net)
                  0.01    0.00    3.56 v adder/adder/_1400_/A1 (NOR2_X4)
                  0.05    0.06    3.62 ^ adder/adder/_1400_/ZN (NOR2_X4)
    17   40.17                           adder/adder/_0503_ (net)
                  0.05    0.00    3.62 ^ adder/adder/_1412_/A (INV_X4)
                  0.02    0.02    3.65 v adder/adder/_1412_/ZN (INV_X4)
    16   28.17                           adder/adder/_0515_ (net)
                  0.02    0.00    3.65 v adder/adder/_1413_/A2 (NAND2_X1)
                  0.01    0.02    3.67 ^ adder/adder/_1413_/ZN (NAND2_X1)
     1    1.74                           adder/adder/_0516_ (net)
                  0.01    0.00    3.67 ^ adder/adder/_1414_/A2 (NAND2_X1)
                  0.01    0.02    3.69 v adder/adder/_1414_/ZN (NAND2_X1)
     2    3.30                           adder/adder/_0517_ (net)
                  0.01    0.00    3.69 v adder/adder/_1417_/A1 (NAND2_X1)
                  0.01    0.01    3.70 ^ adder/adder/_1417_/ZN (NAND2_X1)
     1    1.74                           adder/adder/_0520_ (net)
                  0.01    0.00    3.70 ^ adder/adder/_1418_/A (INV_X1)
                  0.00    0.01    3.71 v adder/adder/_1418_/ZN (INV_X1)
     1    1.71                           adder/adder/_0521_ (net)
                  0.00    0.00    3.71 v adder/adder/_1419_/A2 (NAND2_X1)
                  0.01    0.01    3.72 ^ adder/adder/_1419_/ZN (NAND2_X1)
     1    1.67                           adder/adder/_0522_ (net)
                  0.01    0.00    3.72 ^ adder/adder/_1424_/A1 (NAND2_X1)
                  0.01    0.01    3.74 v adder/adder/_1424_/ZN (NAND2_X1)
     1    2.11                           adder/adder/_0527_ (net)
                  0.01    0.00    3.74 v adder/adder/_1439_/A1 (NOR2_X1)
                  0.02    0.02    3.76 ^ adder/adder/_1439_/ZN (NOR2_X1)
     1    1.68                           adder/adder/_0542_ (net)
                  0.02    0.00    3.76 ^ adder/adder/_1451_/A1 (NAND2_X1)
                  0.01    0.01    3.77 v adder/adder/_1451_/ZN (NAND2_X1)
     1    1.51                           adder/adder/_0554_ (net)
                  0.01    0.00    3.77 v adder/adder/_1464_/A1 (NOR2_X1)
                  0.02    0.02    3.80 ^ adder/adder/_1464_/ZN (NOR2_X1)
     1    1.65                           adder/adder/_0567_ (net)
                  0.02    0.00    3.80 ^ adder/adder/_1504_/A1 (NAND3_X1)
                  0.01    0.02    3.81 v adder/adder/_1504_/ZN (NAND3_X1)
     1    1.50                           adder/adder/_0607_ (net)
                  0.01    0.00    3.81 v adder/adder/_1516_/A1 (NOR2_X1)
                  0.02    0.02    3.84 ^ adder/adder/_1516_/ZN (NOR2_X1)
     1    1.70                           adder/adder/_0619_ (net)
                  0.02    0.00    3.84 ^ adder/adder/_1580_/A1 (NAND2_X1)
                  0.01    0.01    3.85 v adder/adder/_1580_/ZN (NAND2_X1)
     1    1.51                           adder/adder/_0683_ (net)
                  0.01    0.00    3.85 v adder/adder/_1612_/A1 (NOR2_X1)
                  0.02    0.02    3.88 ^ adder/adder/_1612_/ZN (NOR2_X1)
     1    1.86                           adder/adder/_0715_ (net)
                  0.02    0.00    3.88 ^ adder/adder/_1631_/B1 (AOI21_X1)
                  0.01    0.02    3.89 v adder/adder/_1631_/ZN (AOI21_X1)
     1    1.63                           adder/adder/_0734_ (net)
                  0.01    0.00    3.89 v adder/adder/_1639_/A1 (NAND2_X1)
                  0.01    0.02    3.91 ^ adder/adder/_1639_/ZN (NAND2_X1)
     2    3.83                           adder/adder/_0742_ (net)
                  0.01    0.00    3.91 ^ adder/adder/_1822_/A1 (NAND4_X1)
                  0.02    0.02    3.94 v adder/adder/_1822_/ZN (NAND4_X1)
     1    1.72                           adder/adder/_0925_ (net)
                  0.02    0.00    3.94 v adder/adder/_1823_/A1 (NAND2_X1)
                  0.02    0.03    3.97 ^ adder/adder/_1823_/ZN (NAND2_X1)
     3    8.04                           adder/adder/_0926_ (net)
                  0.02    0.00    3.97 ^ adder/adder/_1923_/A1 (NAND2_X1)
                  0.01    0.02    3.99 v adder/adder/_1923_/ZN (NAND2_X1)
     1    3.02                           adder/adder/_1026_ (net)
                  0.01    0.00    3.99 v adder/adder/_1933_/A1 (NAND2_X2)
                  0.02    0.03    4.02 ^ adder/adder/_1933_/ZN (NAND2_X2)
     4   11.63                           adder/adder/_1036_ (net)
                  0.02    0.00    4.02 ^ adder/adder/_2027_/A1 (NAND2_X1)
                  0.01    0.02    4.04 v adder/adder/_2027_/ZN (NAND2_X1)
     1    3.05                           adder/adder/_0032_ (net)
                  0.01    0.00    4.04 v adder/adder/_2044_/A1 (NAND2_X2)
                  0.02    0.02    4.06 ^ adder/adder/_2044_/ZN (NAND2_X2)
     4   10.89                           adder/adder/_0049_ (net)
                  0.02    0.00    4.06 ^ adder/adder/_2213_/A1 (NAND2_X1)
                  0.01    0.01    4.08 v adder/adder/_2213_/ZN (NAND2_X1)
     1    1.62                           adder/adder/_0214_ (net)
                  0.01    0.00    4.08 v adder/adder/_2214_/A1 (NAND2_X1)
                  0.02    0.03    4.11 ^ adder/adder/_2214_/ZN (NAND2_X1)
     3    7.77                           adder/adder/_0215_ (net)
                  0.02    0.00    4.11 ^ adder/adder/_2219_/A1 (NAND2_X1)
                  0.01    0.02    4.12 v adder/adder/_2219_/ZN (NAND2_X1)
     1    1.64                           adder/adder/_0219_ (net)
                  0.01    0.00    4.12 v adder/adder/_2220_/A1 (NAND2_X1)
                  0.02    0.03    4.15 ^ adder/adder/_2220_/ZN (NAND2_X1)
     2    6.05                           adder/adder/_0220_ (net)
                  0.02    0.00    4.15 ^ adder/adder/_2223_/A1 (NAND2_X1)
                  0.01    0.02    4.17 v adder/adder/_2223_/ZN (NAND2_X1)
     2    3.20                           adder/adder/_0222_ (net)
                  0.01    0.00    4.17 v adder/adder/_2227_/A1 (NAND3_X1)
                  0.01    0.02    4.18 ^ adder/adder/_2227_/ZN (NAND3_X1)
     1    1.75                           adder/adder/_0227_ (net)
                  0.01    0.00    4.18 ^ adder/adder/_2228_/A2 (NAND2_X1)
                  0.02    0.03    4.21 v adder/adder/_2228_/ZN (NAND2_X1)
     4    7.00                           adder/mant_prenorm_d[43] (net)
                  0.02    0.00    4.21 v adder/norm/LOD/_154_/A2 (NOR2_X1)
                  0.02    0.04    4.25 ^ adder/norm/LOD/_154_/ZN (NOR2_X1)
     2    3.46                           adder/norm/LOD/_133_ (net)
                  0.02    0.00    4.25 ^ adder/norm/LOD/_155_/A2 (NAND2_X1)
                  0.02    0.03    4.28 v adder/norm/LOD/_155_/ZN (NAND2_X1)
     2    7.44                           adder/norm/LOD/_134_ (net)
                  0.02    0.00    4.28 v adder/norm/LOD/_156_/A (INV_X4)
                  0.01    0.01    4.29 ^ adder/norm/LOD/_156_/ZN (INV_X4)
     1    3.12                           adder/norm/LOD/_135_ (net)
                  0.01    0.00    4.29 ^ adder/norm/LOD/_164_/A1 (NAND2_X2)
                  0.01    0.02    4.31 v adder/norm/LOD/_164_/ZN (NAND2_X2)
     5    9.25                           adder/norm/LOD/_143_ (net)
                  0.01    0.00    4.31 v adder/norm/LOD/_177_/A1 (NOR2_X2)
                  0.03    0.04    4.35 ^ adder/norm/LOD/_177_/ZN (NOR2_X2)
     5    9.17                           adder/norm/LOD/_008_ (net)
                  0.03    0.00    4.35 ^ adder/norm/LOD/_184_/A1 (NAND2_X1)
                  0.01    0.03    4.38 v adder/norm/LOD/_184_/ZN (NAND2_X1)
     2    4.69                           adder/norm/LOD/_015_ (net)
                  0.01    0.00    4.38 v adder/norm/LOD/_269_/A (INV_X2)
                  0.01    0.02    4.39 ^ adder/norm/LOD/_269_/ZN (INV_X2)
     3    5.64                           adder/norm/Mant_leadingOne_D[4] (net)
                  0.01    0.00    4.39 ^ adder/norm/LOD/_272_/A1 (NAND2_X1)
                  0.01    0.01    4.41 v adder/norm/LOD/_272_/ZN (NAND2_X1)
     1    1.53                           adder/norm/LOD/_099_ (net)
                  0.01    0.00    4.41 v adder/norm/LOD/_273_/A3 (NAND3_X1)
                  0.02    0.02    4.43 ^ adder/norm/LOD/_273_/ZN (NAND3_X1)
     2    3.81                           adder/norm/Mant_leadingOne_D[2] (net)
                  0.02    0.00    4.43 ^ adder/norm/_1150_/A (INV_X1)
                  0.01    0.01    4.45 v adder/norm/_1150_/ZN (INV_X1)
     2    4.79                           adder/norm/_0101_ (net)
                  0.01    0.00    4.45 v adder/norm/_1151_/A1 (NAND2_X1)
                  0.02    0.03    4.47 ^ adder/norm/_1151_/ZN (NAND2_X1)
     3    6.77                           adder/norm/_0112_ (net)
                  0.02    0.00    4.47 ^ adder/norm/_1152_/A2 (NAND2_X1)
                  0.02    0.03    4.50 v adder/norm/_1152_/ZN (NAND2_X1)
     3    6.90                           adder/norm/_0123_ (net)
                  0.02    0.00    4.50 v adder/norm/_1158_/A1 (NOR2_X1)
                  0.02    0.04    4.54 ^ adder/norm/_1158_/ZN (NOR2_X1)
     2    3.56                           adder/norm/_0189_ (net)
                  0.02    0.00    4.54 ^ adder/norm/_1159_/A2 (NAND2_X1)
                  0.01    0.02    4.55 v adder/norm/_1159_/ZN (NAND2_X1)
     1    1.63                           adder/norm/_0200_ (net)
                  0.01    0.00    4.55 v adder/norm/_1163_/A1 (NAND2_X1)
                  0.01    0.01    4.57 ^ adder/norm/_1163_/ZN (NAND2_X1)
     1    1.77                           adder/norm/_0239_ (net)
                  0.01    0.00    4.57 ^ adder/norm/_1186_/A1 (NAND2_X1)
                  0.01    0.01    4.58 v adder/norm/_1186_/ZN (NAND2_X1)
     1    1.61                           adder/norm/_0282_ (net)
                  0.01    0.00    4.58 v adder/norm/_1194_/A1 (NAND2_X1)
                  0.01    0.02    4.60 ^ adder/norm/_1194_/ZN (NAND2_X1)
     1    3.17                           adder/norm/_0290_ (net)
                  0.01    0.00    4.60 ^ adder/norm/_1198_/A1 (NAND2_X2)
                  0.01    0.02    4.62 v adder/norm/_1198_/ZN (NAND2_X2)
     4   12.41                           adder/norm/_0294_ (net)
                  0.01    0.00    4.62 v adder/norm/_1211_/A1 (NAND2_X4)
                  0.03    0.04    4.66 ^ adder/norm/_1211_/ZN (NAND2_X4)
    13   48.38                           adder/norm/_0307_ (net)
                  0.03    0.00    4.66 ^ adder/norm/_1215_/A1 (NAND2_X1)
                  0.02    0.03    4.69 v adder/norm/_1215_/ZN (NAND2_X1)
     1    5.72                           adder/norm/_0311_ (net)
                  0.02    0.00    4.69 v adder/norm/_1217_/A1 (NAND2_X4)
                  0.08    0.09    4.78 ^ adder/norm/_1217_/ZN (NAND2_X4)
    52  132.73                           adder/norm/_0313_ (net)
                  0.08    0.00    4.78 ^ adder/norm/_1221_/A2 (NAND3_X2)
                  0.02    0.04    4.82 v adder/norm/_1221_/ZN (NAND3_X2)
     3    7.95                           adder/norm/_0317_ (net)
                  0.02    0.00    4.82 v adder/norm/_1236_/A1 (NAND3_X1)
                  0.02    0.03    4.86 ^ adder/norm/_1236_/ZN (NAND3_X1)
     2    5.37                           adder/norm/_0332_ (net)
                  0.02    0.00    4.86 ^ adder/norm/_1238_/A1 (NAND2_X1)
                  0.01    0.03    4.88 v adder/norm/_1238_/ZN (NAND2_X1)
     1    6.00                           adder/norm/_0334_ (net)
                  0.01    0.00    4.88 v adder/norm/_1240_/A1 (NAND2_X4)
                  0.08    0.09    4.97 ^ adder/norm/_1240_/ZN (NAND2_X4)
    75  149.02                           adder/norm/_0336_ (net)
                  0.08    0.01    4.99 ^ adder/norm/_1269_/A1 (AND2_X4)
                  0.04    0.08    5.06 ^ adder/norm/_1269_/ZN (AND2_X4)
    26   59.09                           adder/norm/_0365_ (net)
                  0.04    0.00    5.06 ^ adder/norm/_1523_/A1 (NAND3_X1)
                  0.02    0.04    5.10 v adder/norm/_1523_/ZN (NAND3_X1)
     3    4.84                           adder/norm/_0619_ (net)
                  0.02    0.00    5.10 v adder/norm/_1528_/A1 (NAND3_X1)
                  0.02    0.03    5.13 ^ adder/norm/_1528_/ZN (NAND3_X1)
     2    3.47                           adder/norm/_0624_ (net)
                  0.02    0.00    5.13 ^ adder/norm/_1934_/A2 (NAND3_X1)
                  0.03    0.03    5.16 v adder/norm/_1934_/ZN (NAND3_X1)
     2    4.36                           adder/norm/_1030_ (net)
                  0.03    0.00    5.16 v adder/norm/_1936_/A1 (NAND3_X1)
                  0.01    0.02    5.18 ^ adder/norm/_1936_/ZN (NAND3_X1)
     1    1.79                           adder/norm/_1032_ (net)
                  0.01    0.00    5.18 ^ adder/norm/_1940_/A1 (NAND2_X1)
                  0.01    0.02    5.20 v adder/norm/_1940_/ZN (NAND2_X1)
     1    2.36                           adder/norm/_1036_ (net)
                  0.01    0.00    5.20 v adder/norm/_1941_/A2 (NOR2_X1)
                  0.04    0.06    5.26 ^ adder/norm/_1941_/ZN (NOR2_X1)
     3    7.54                           adder/norm/_1037_ (net)
                  0.04    0.00    5.26 ^ adder/norm/_1956_/A1 (NAND2_X1)
                  0.02    0.02    5.28 v adder/norm/_1956_/ZN (NAND2_X1)
     2    3.29                           adder/norm/_1052_ (net)
                  0.02    0.00    5.28 v adder/norm/_1957_/A2 (NOR2_X1)
                  0.02    0.04    5.32 ^ adder/norm/_1957_/ZN (NOR2_X1)
     1    3.45                           adder/norm/_1053_ (net)
                  0.02    0.00    5.32 ^ adder/norm/_1991_/A2 (NAND3_X2)
                  0.02    0.04    5.36 v adder/norm/_1991_/ZN (NAND3_X2)
     5   13.33                           adder/norm/_1087_ (net)
                  0.02    0.00    5.36 v adder/norm/_1992_/A2 (NOR2_X4)
                  0.02    0.04    5.40 ^ adder/norm/_1992_/ZN (NOR2_X4)
     6   14.15                           adder/norm/_1088_ (net)
                  0.02    0.00    5.40 ^ adder/norm/_2078_/A1 (NAND4_X1)
                  0.02    0.03    5.43 v adder/norm/_2078_/ZN (NAND4_X1)
     1    1.87                           adder/norm/_0039_ (net)
                  0.02    0.00    5.43 v adder/norm/_2079_/A1 (NAND2_X1)
                  0.02    0.03    5.46 ^ adder/norm/_2079_/ZN (NAND2_X1)
     3    6.06                           adder/norm/_0040_ (net)
                  0.02    0.00    5.46 ^ adder/norm/_2089_/A1 (NAND2_X1)
                  0.01    0.02    5.48 v adder/norm/_2089_/ZN (NAND2_X1)
     1    1.78                           adder/norm/_0049_ (net)
                  0.01    0.00    5.48 v adder/norm/_2093_/A1 (NAND2_X1)
                  0.02    0.02    5.50 ^ adder/norm/_2093_/ZN (NAND2_X1)
     3    5.93                           adder/norm/_0054_ (net)
                  0.02    0.00    5.50 ^ adder/norm/_2104_/A1 (NAND2_X1)
                  0.01    0.02    5.52 v adder/norm/_2104_/ZN (NAND2_X1)
     1    1.75                           adder/norm/_0064_ (net)
                  0.01    0.00    5.52 v adder/norm/_2106_/A1 (NAND2_X1)
                  0.01    0.02    5.54 ^ adder/norm/_2106_/ZN (NAND2_X1)
     2    4.07                           adder/norm/_0066_ (net)
                  0.01    0.00    5.54 ^ adder/norm/_2112_/A1 (NAND2_X1)
                  0.01    0.02    5.56 v adder/norm/_2112_/ZN (NAND2_X1)
     2    3.27                           adder/norm/_0072_ (net)
                  0.01    0.00    5.56 v adder/norm/_2113_/A1 (NAND2_X1)
                  0.01    0.01    5.57 ^ adder/norm/_2113_/ZN (NAND2_X1)
     1    1.68                           adder/norm/_0073_ (net)
                  0.01    0.00    5.57 ^ adder/norm/_2116_/A1 (NAND2_X1)
                  0.01    0.01    5.58 v adder/norm/_2116_/ZN (NAND2_X1)
     1    1.73                           adder/norm/_0076_ (net)
                  0.01    0.00    5.58 v adder/norm/_2119_/A1 (NAND2_X1)
                  0.01    0.01    5.59 ^ adder/norm/_2119_/ZN (NAND2_X1)
     1    0.69                           result_o[30] (net)
                  0.01    0.00    5.59 ^ result_o[30] (out)
                                  5.59   data arrival time

                  0.00    6.00    6.00   clock clk_i (rise edge)
                          0.00    6.00   clock network delay (ideal)
                          0.00    6.00   clock reconvergence pessimism
                         -0.60    5.40   output external delay
                                  5.40   data required time
-----------------------------------------------------------------------------
                                  5.40   data required time
                                 -5.59   data arrival time
-----------------------------------------------------------------------------
                                 -0.19   slack (VIOLATED)



==========================================================================
global place report_checks -unconstrained
--------------------------------------------------------------------------
Startpoint: rst_i (input port clocked by clk_i)
Endpoint: adder/_171_ (recovery check against rising-edge clock clk_i')
Path Group: **async_default**
Path Type: max

Fanout     Cap    Slew   Delay    Time   Description
-----------------------------------------------------------------------------
                  0.00    0.00    0.00   clock clk_i (rise edge)
                          0.00    0.00   clock network delay (ideal)
                          0.60    0.60 v input external delay
                  0.00    0.00    0.60 v rst_i (in)
     1   23.68                           rst_i (net)
                  0.00    0.00    0.60 v adder/_109_/A (INV_X16)
                  0.01    0.02    0.62 ^ adder/_109_/ZN (INV_X16)
    64  136.88                           adder/_000_ (net)
                  0.03    0.02    0.64 ^ adder/_171_/RN (DFFR_X1)
                                  0.64   data arrival time

                  0.00    3.00    3.00   clock clk_i' (rise edge)
                          0.00    3.00   clock network delay (ideal)
                          0.00    3.00   clock reconvergence pessimism
                                  3.00 ^ adder/_171_/CK (DFFR_X1)
                          0.05    3.05   library recovery time
                                  3.05   data required time
-----------------------------------------------------------------------------
                                  3.05   data required time
                                 -0.64   data arrival time
-----------------------------------------------------------------------------
                                  2.41   slack (MET)


Startpoint: adder/_165_ (rising edge-triggered flip-flop clocked by clk_i')
Endpoint: result_o[30] (output port clocked by clk_i)
Path Group: clk_i
Path Type: max

Fanout     Cap    Slew   Delay    Time   Description
-----------------------------------------------------------------------------
                  0.00    3.00    3.00   clock clk_i' (rise edge)
                          0.00    3.00   clock network delay (ideal)
                  0.00    0.00    3.00 ^ adder/_165_/CK (DFFR_X1)
                  0.02    0.11    3.11 ^ adder/_165_/Q (DFFR_X1)
     4    7.10                           adder/exp_b_d[0] (net)
                  0.02    0.00    3.11 ^ adder/adder/_1253_/A (INV_X1)
                  0.01    0.01    3.12 v adder/adder/_1253_/ZN (INV_X1)
     1    1.58                           adder/adder/_0365_ (net)
                  0.01    0.00    3.12 v adder/adder/_1254_/A1 (NAND2_X1)
                  0.02    0.03    3.15 ^ adder/adder/_1254_/ZN (NAND2_X1)
     2    8.17                           adder/adder/_0366_ (net)
                  0.02    0.00    3.15 ^ adder/adder/_1255_/A2 (NAND2_X4)
                  0.03    0.05    3.20 v adder/adder/_1255_/ZN (NAND2_X4)
    35   75.17                           adder/adder/_0367_ (net)
                  0.03    0.00    3.20 v adder/adder/_1256_/A2 (NOR2_X2)
                  0.03    0.05    3.25 ^ adder/adder/_1256_/ZN (NOR2_X2)
     2    9.30                           adder/adder/_0368_ (net)
                  0.03    0.00    3.25 ^ adder/adder/_1257_/A2 (NAND2_X1)
                  0.02    0.03    3.28 v adder/adder/_1257_/ZN (NAND2_X1)
     1    6.48                           adder/adder/_0369_ (net)
                  0.02    0.00    3.28 v adder/adder/_1258_/A2 (NOR2_X4)
                  0.03    0.05    3.33 ^ adder/adder/_1258_/ZN (NOR2_X4)
     5   17.38                           adder/adder/_0370_ (net)
                  0.03    0.00    3.33 ^ adder/adder/_1277_/A (INV_X2)
                  0.01    0.02    3.34 v adder/adder/_1277_/ZN (INV_X2)
     2    8.75                           adder/adder/_0389_ (net)
                  0.01    0.00    3.34 v adder/adder/_1278_/A2 (NAND2_X4)
                  0.09    0.11    3.45 ^ adder/adder/_1278_/ZN (NAND2_X4)
    87  167.93                           adder/adder/_0390_ (net)
                  0.09    0.00    3.45 ^ adder/adder/_1306_/A1 (NAND2_X1)
                  0.03    0.04    3.50 v adder/adder/_1306_/ZN (NAND2_X1)
     2    7.33                           adder/adder/_0409_ (net)
                  0.03    0.00    3.50 v adder/adder/_1309_/A1 (NAND3_X1)
                  0.02    0.04    3.54 ^ adder/adder/_1309_/ZN (NAND3_X1)
     2    5.24                           adder/adder/_0412_ (net)
                  0.02    0.00    3.54 ^ adder/adder/_1399_/A (INV_X1)
                  0.01    0.02    3.56 v adder/adder/_1399_/ZN (INV_X1)
     2    7.28                           adder/adder/_0502_ (net)
                  0.01    0.00    3.56 v adder/adder/_1400_/A1 (NOR2_X4)
                  0.05    0.06    3.62 ^ adder/adder/_1400_/ZN (NOR2_X4)
    17   40.17                           adder/adder/_0503_ (net)
                  0.05    0.00    3.62 ^ adder/adder/_1412_/A (INV_X4)
                  0.02    0.02    3.65 v adder/adder/_1412_/ZN (INV_X4)
    16   28.17                           adder/adder/_0515_ (net)
                  0.02    0.00    3.65 v adder/adder/_1413_/A2 (NAND2_X1)
                  0.01    0.02    3.67 ^ adder/adder/_1413_/ZN (NAND2_X1)
     1    1.74                           adder/adder/_0516_ (net)
                  0.01    0.00    3.67 ^ adder/adder/_1414_/A2 (NAND2_X1)
                  0.01    0.02    3.69 v adder/adder/_1414_/ZN (NAND2_X1)
     2    3.30                           adder/adder/_0517_ (net)
                  0.01    0.00    3.69 v adder/adder/_1417_/A1 (NAND2_X1)
                  0.01    0.01    3.70 ^ adder/adder/_1417_/ZN (NAND2_X1)
     1    1.74                           adder/adder/_0520_ (net)
                  0.01    0.00    3.70 ^ adder/adder/_1418_/A (INV_X1)
                  0.00    0.01    3.71 v adder/adder/_1418_/ZN (INV_X1)
     1    1.71                           adder/adder/_0521_ (net)
                  0.00    0.00    3.71 v adder/adder/_1419_/A2 (NAND2_X1)
                  0.01    0.01    3.72 ^ adder/adder/_1419_/ZN (NAND2_X1)
     1    1.67                           adder/adder/_0522_ (net)
                  0.01    0.00    3.72 ^ adder/adder/_1424_/A1 (NAND2_X1)
                  0.01    0.01    3.74 v adder/adder/_1424_/ZN (NAND2_X1)
     1    2.11                           adder/adder/_0527_ (net)
                  0.01    0.00    3.74 v adder/adder/_1439_/A1 (NOR2_X1)
                  0.02    0.02    3.76 ^ adder/adder/_1439_/ZN (NOR2_X1)
     1    1.68                           adder/adder/_0542_ (net)
                  0.02    0.00    3.76 ^ adder/adder/_1451_/A1 (NAND2_X1)
                  0.01    0.01    3.77 v adder/adder/_1451_/ZN (NAND2_X1)
     1    1.51                           adder/adder/_0554_ (net)
                  0.01    0.00    3.77 v adder/adder/_1464_/A1 (NOR2_X1)
                  0.02    0.02    3.80 ^ adder/adder/_1464_/ZN (NOR2_X1)
     1    1.65                           adder/adder/_0567_ (net)
                  0.02    0.00    3.80 ^ adder/adder/_1504_/A1 (NAND3_X1)
                  0.01    0.02    3.81 v adder/adder/_1504_/ZN (NAND3_X1)
     1    1.50                           adder/adder/_0607_ (net)
                  0.01    0.00    3.81 v adder/adder/_1516_/A1 (NOR2_X1)
                  0.02    0.02    3.84 ^ adder/adder/_1516_/ZN (NOR2_X1)
     1    1.70                           adder/adder/_0619_ (net)
                  0.02    0.00    3.84 ^ adder/adder/_1580_/A1 (NAND2_X1)
                  0.01    0.01    3.85 v adder/adder/_1580_/ZN (NAND2_X1)
     1    1.51                           adder/adder/_0683_ (net)
                  0.01    0.00    3.85 v adder/adder/_1612_/A1 (NOR2_X1)
                  0.02    0.02    3.88 ^ adder/adder/_1612_/ZN (NOR2_X1)
     1    1.86                           adder/adder/_0715_ (net)
                  0.02    0.00    3.88 ^ adder/adder/_1631_/B1 (AOI21_X1)
                  0.01    0.02    3.89 v adder/adder/_1631_/ZN (AOI21_X1)
     1    1.63                           adder/adder/_0734_ (net)
                  0.01    0.00    3.89 v adder/adder/_1639_/A1 (NAND2_X1)
                  0.01    0.02    3.91 ^ adder/adder/_1639_/ZN (NAND2_X1)
     2    3.83                           adder/adder/_0742_ (net)
                  0.01    0.00    3.91 ^ adder/adder/_1822_/A1 (NAND4_X1)
                  0.02    0.02    3.94 v adder/adder/_1822_/ZN (NAND4_X1)
     1    1.72                           adder/adder/_0925_ (net)
                  0.02    0.00    3.94 v adder/adder/_1823_/A1 (NAND2_X1)
                  0.02    0.03    3.97 ^ adder/adder/_1823_/ZN (NAND2_X1)
     3    8.04                           adder/adder/_0926_ (net)
                  0.02    0.00    3.97 ^ adder/adder/_1923_/A1 (NAND2_X1)
                  0.01    0.02    3.99 v adder/adder/_1923_/ZN (NAND2_X1)
     1    3.02                           adder/adder/_1026_ (net)
                  0.01    0.00    3.99 v adder/adder/_1933_/A1 (NAND2_X2)
                  0.02    0.03    4.02 ^ adder/adder/_1933_/ZN (NAND2_X2)
     4   11.63                           adder/adder/_1036_ (net)
                  0.02    0.00    4.02 ^ adder/adder/_2027_/A1 (NAND2_X1)
                  0.01    0.02    4.04 v adder/adder/_2027_/ZN (NAND2_X1)
     1    3.05                           adder/adder/_0032_ (net)
                  0.01    0.00    4.04 v adder/adder/_2044_/A1 (NAND2_X2)
                  0.02    0.02    4.06 ^ adder/adder/_2044_/ZN (NAND2_X2)
     4   10.89                           adder/adder/_0049_ (net)
                  0.02    0.00    4.06 ^ adder/adder/_2213_/A1 (NAND2_X1)
                  0.01    0.01    4.08 v adder/adder/_2213_/ZN (NAND2_X1)
     1    1.62                           adder/adder/_0214_ (net)
                  0.01    0.00    4.08 v adder/adder/_2214_/A1 (NAND2_X1)
                  0.02    0.03    4.11 ^ adder/adder/_2214_/ZN (NAND2_X1)
     3    7.77                           adder/adder/_0215_ (net)
                  0.02    0.00    4.11 ^ adder/adder/_2219_/A1 (NAND2_X1)
                  0.01    0.02    4.12 v adder/adder/_2219_/ZN (NAND2_X1)
     1    1.64                           adder/adder/_0219_ (net)
                  0.01    0.00    4.12 v adder/adder/_2220_/A1 (NAND2_X1)
                  0.02    0.03    4.15 ^ adder/adder/_2220_/ZN (NAND2_X1)
     2    6.05                           adder/adder/_0220_ (net)
                  0.02    0.00    4.15 ^ adder/adder/_2223_/A1 (NAND2_X1)
                  0.01    0.02    4.17 v adder/adder/_2223_/ZN (NAND2_X1)
     2    3.20                           adder/adder/_0222_ (net)
                  0.01    0.00    4.17 v adder/adder/_2227_/A1 (NAND3_X1)
                  0.01    0.02    4.18 ^ adder/adder/_2227_/ZN (NAND3_X1)
     1    1.75                           adder/adder/_0227_ (net)
                  0.01    0.00    4.18 ^ adder/adder/_2228_/A2 (NAND2_X1)
                  0.02    0.03    4.21 v adder/adder/_2228_/ZN (NAND2_X1)
     4    7.00                           adder/mant_prenorm_d[43] (net)
                  0.02    0.00    4.21 v adder/norm/LOD/_154_/A2 (NOR2_X1)
                  0.02    0.04    4.25 ^ adder/norm/LOD/_154_/ZN (NOR2_X1)
     2    3.46                           adder/norm/LOD/_133_ (net)
                  0.02    0.00    4.25 ^ adder/norm/LOD/_155_/A2 (NAND2_X1)
                  0.02    0.03    4.28 v adder/norm/LOD/_155_/ZN (NAND2_X1)
     2    7.44                           adder/norm/LOD/_134_ (net)
                  0.02    0.00    4.28 v adder/norm/LOD/_156_/A (INV_X4)
                  0.01    0.01    4.29 ^ adder/norm/LOD/_156_/ZN (INV_X4)
     1    3.12                           adder/norm/LOD/_135_ (net)
                  0.01    0.00    4.29 ^ adder/norm/LOD/_164_/A1 (NAND2_X2)
                  0.01    0.02    4.31 v adder/norm/LOD/_164_/ZN (NAND2_X2)
     5    9.25                           adder/norm/LOD/_143_ (net)
                  0.01    0.00    4.31 v adder/norm/LOD/_177_/A1 (NOR2_X2)
                  0.03    0.04    4.35 ^ adder/norm/LOD/_177_/ZN (NOR2_X2)
     5    9.17                           adder/norm/LOD/_008_ (net)
                  0.03    0.00    4.35 ^ adder/norm/LOD/_184_/A1 (NAND2_X1)
                  0.01    0.03    4.38 v adder/norm/LOD/_184_/ZN (NAND2_X1)
     2    4.69                           adder/norm/LOD/_015_ (net)
                  0.01    0.00    4.38 v adder/norm/LOD/_269_/A (INV_X2)
                  0.01    0.02    4.39 ^ adder/norm/LOD/_269_/ZN (INV_X2)
     3    5.64                           adder/norm/Mant_leadingOne_D[4] (net)
                  0.01    0.00    4.39 ^ adder/norm/LOD/_272_/A1 (NAND2_X1)
                  0.01    0.01    4.41 v adder/norm/LOD/_272_/ZN (NAND2_X1)
     1    1.53                           adder/norm/LOD/_099_ (net)
                  0.01    0.00    4.41 v adder/norm/LOD/_273_/A3 (NAND3_X1)
                  0.02    0.02    4.43 ^ adder/norm/LOD/_273_/ZN (NAND3_X1)
     2    3.81                           adder/norm/Mant_leadingOne_D[2] (net)
                  0.02    0.00    4.43 ^ adder/norm/_1150_/A (INV_X1)
                  0.01    0.01    4.45 v adder/norm/_1150_/ZN (INV_X1)
     2    4.79                           adder/norm/_0101_ (net)
                  0.01    0.00    4.45 v adder/norm/_1151_/A1 (NAND2_X1)
                  0.02    0.03    4.47 ^ adder/norm/_1151_/ZN (NAND2_X1)
     3    6.77                           adder/norm/_0112_ (net)
                  0.02    0.00    4.47 ^ adder/norm/_1152_/A2 (NAND2_X1)
                  0.02    0.03    4.50 v adder/norm/_1152_/ZN (NAND2_X1)
     3    6.90                           adder/norm/_0123_ (net)
                  0.02    0.00    4.50 v adder/norm/_1158_/A1 (NOR2_X1)
                  0.02    0.04    4.54 ^ adder/norm/_1158_/ZN (NOR2_X1)
     2    3.56                           adder/norm/_0189_ (net)
                  0.02    0.00    4.54 ^ adder/norm/_1159_/A2 (NAND2_X1)
                  0.01    0.02    4.55 v adder/norm/_1159_/ZN (NAND2_X1)
     1    1.63                           adder/norm/_0200_ (net)
                  0.01    0.00    4.55 v adder/norm/_1163_/A1 (NAND2_X1)
                  0.01    0.01    4.57 ^ adder/norm/_1163_/ZN (NAND2_X1)
     1    1.77                           adder/norm/_0239_ (net)
                  0.01    0.00    4.57 ^ adder/norm/_1186_/A1 (NAND2_X1)
                  0.01    0.01    4.58 v adder/norm/_1186_/ZN (NAND2_X1)
     1    1.61                           adder/norm/_0282_ (net)
                  0.01    0.00    4.58 v adder/norm/_1194_/A1 (NAND2_X1)
                  0.01    0.02    4.60 ^ adder/norm/_1194_/ZN (NAND2_X1)
     1    3.17                           adder/norm/_0290_ (net)
                  0.01    0.00    4.60 ^ adder/norm/_1198_/A1 (NAND2_X2)
                  0.01    0.02    4.62 v adder/norm/_1198_/ZN (NAND2_X2)
     4   12.41                           adder/norm/_0294_ (net)
                  0.01    0.00    4.62 v adder/norm/_1211_/A1 (NAND2_X4)
                  0.03    0.04    4.66 ^ adder/norm/_1211_/ZN (NAND2_X4)
    13   48.38                           adder/norm/_0307_ (net)
                  0.03    0.00    4.66 ^ adder/norm/_1215_/A1 (NAND2_X1)
                  0.02    0.03    4.69 v adder/norm/_1215_/ZN (NAND2_X1)
     1    5.72                           adder/norm/_0311_ (net)
                  0.02    0.00    4.69 v adder/norm/_1217_/A1 (NAND2_X4)
                  0.08    0.09    4.78 ^ adder/norm/_1217_/ZN (NAND2_X4)
    52  132.73                           adder/norm/_0313_ (net)
                  0.08    0.00    4.78 ^ adder/norm/_1221_/A2 (NAND3_X2)
                  0.02    0.04    4.82 v adder/norm/_1221_/ZN (NAND3_X2)
     3    7.95                           adder/norm/_0317_ (net)
                  0.02    0.00    4.82 v adder/norm/_1236_/A1 (NAND3_X1)
                  0.02    0.03    4.86 ^ adder/norm/_1236_/ZN (NAND3_X1)
     2    5.37                           adder/norm/_0332_ (net)
                  0.02    0.00    4.86 ^ adder/norm/_1238_/A1 (NAND2_X1)
                  0.01    0.03    4.88 v adder/norm/_1238_/ZN (NAND2_X1)
     1    6.00                           adder/norm/_0334_ (net)
                  0.01    0.00    4.88 v adder/norm/_1240_/A1 (NAND2_X4)
                  0.08    0.09    4.97 ^ adder/norm/_1240_/ZN (NAND2_X4)
    75  149.02                           adder/norm/_0336_ (net)
                  0.08    0.01    4.99 ^ adder/norm/_1269_/A1 (AND2_X4)
                  0.04    0.08    5.06 ^ adder/norm/_1269_/ZN (AND2_X4)
    26   59.09                           adder/norm/_0365_ (net)
                  0.04    0.00    5.06 ^ adder/norm/_1523_/A1 (NAND3_X1)
                  0.02    0.04    5.10 v adder/norm/_1523_/ZN (NAND3_X1)
     3    4.84                           adder/norm/_0619_ (net)
                  0.02    0.00    5.10 v adder/norm/_1528_/A1 (NAND3_X1)
                  0.02    0.03    5.13 ^ adder/norm/_1528_/ZN (NAND3_X1)
     2    3.47                           adder/norm/_0624_ (net)
                  0.02    0.00    5.13 ^ adder/norm/_1934_/A2 (NAND3_X1)
                  0.03    0.03    5.16 v adder/norm/_1934_/ZN (NAND3_X1)
     2    4.36                           adder/norm/_1030_ (net)
                  0.03    0.00    5.16 v adder/norm/_1936_/A1 (NAND3_X1)
                  0.01    0.02    5.18 ^ adder/norm/_1936_/ZN (NAND3_X1)
     1    1.79                           adder/norm/_1032_ (net)
                  0.01    0.00    5.18 ^ adder/norm/_1940_/A1 (NAND2_X1)
                  0.01    0.02    5.20 v adder/norm/_1940_/ZN (NAND2_X1)
     1    2.36                           adder/norm/_1036_ (net)
                  0.01    0.00    5.20 v adder/norm/_1941_/A2 (NOR2_X1)
                  0.04    0.06    5.26 ^ adder/norm/_1941_/ZN (NOR2_X1)
     3    7.54                           adder/norm/_1037_ (net)
                  0.04    0.00    5.26 ^ adder/norm/_1956_/A1 (NAND2_X1)
                  0.02    0.02    5.28 v adder/norm/_1956_/ZN (NAND2_X1)
     2    3.29                           adder/norm/_1052_ (net)
                  0.02    0.00    5.28 v adder/norm/_1957_/A2 (NOR2_X1)
                  0.02    0.04    5.32 ^ adder/norm/_1957_/ZN (NOR2_X1)
     1    3.45                           adder/norm/_1053_ (net)
                  0.02    0.00    5.32 ^ adder/norm/_1991_/A2 (NAND3_X2)
                  0.02    0.04    5.36 v adder/norm/_1991_/ZN (NAND3_X2)
     5   13.33                           adder/norm/_1087_ (net)
                  0.02    0.00    5.36 v adder/norm/_1992_/A2 (NOR2_X4)
                  0.02    0.04    5.40 ^ adder/norm/_1992_/ZN (NOR2_X4)
     6   14.15                           adder/norm/_1088_ (net)
                  0.02    0.00    5.40 ^ adder/norm/_2078_/A1 (NAND4_X1)
                  0.02    0.03    5.43 v adder/norm/_2078_/ZN (NAND4_X1)
     1    1.87                           adder/norm/_0039_ (net)
                  0.02    0.00    5.43 v adder/norm/_2079_/A1 (NAND2_X1)
                  0.02    0.03    5.46 ^ adder/norm/_2079_/ZN (NAND2_X1)
     3    6.06                           adder/norm/_0040_ (net)
                  0.02    0.00    5.46 ^ adder/norm/_2089_/A1 (NAND2_X1)
                  0.01    0.02    5.48 v adder/norm/_2089_/ZN (NAND2_X1)
     1    1.78                           adder/norm/_0049_ (net)
                  0.01    0.00    5.48 v adder/norm/_2093_/A1 (NAND2_X1)
                  0.02    0.02    5.50 ^ adder/norm/_2093_/ZN (NAND2_X1)
     3    5.93                           adder/norm/_0054_ (net)
                  0.02    0.00    5.50 ^ adder/norm/_2104_/A1 (NAND2_X1)
                  0.01    0.02    5.52 v adder/norm/_2104_/ZN (NAND2_X1)
     1    1.75                           adder/norm/_0064_ (net)
                  0.01    0.00    5.52 v adder/norm/_2106_/A1 (NAND2_X1)
                  0.01    0.02    5.54 ^ adder/norm/_2106_/ZN (NAND2_X1)
     2    4.07                           adder/norm/_0066_ (net)
                  0.01    0.00    5.54 ^ adder/norm/_2112_/A1 (NAND2_X1)
                  0.01    0.02    5.56 v adder/norm/_2112_/ZN (NAND2_X1)
     2    3.27                           adder/norm/_0072_ (net)
                  0.01    0.00    5.56 v adder/norm/_2113_/A1 (NAND2_X1)
                  0.01    0.01    5.57 ^ adder/norm/_2113_/ZN (NAND2_X1)
     1    1.68                           adder/norm/_0073_ (net)
                  0.01    0.00    5.57 ^ adder/norm/_2116_/A1 (NAND2_X1)
                  0.01    0.01    5.58 v adder/norm/_2116_/ZN (NAND2_X1)
     1    1.73                           adder/norm/_0076_ (net)
                  0.01    0.00    5.58 v adder/norm/_2119_/A1 (NAND2_X1)
                  0.01    0.01    5.59 ^ adder/norm/_2119_/ZN (NAND2_X1)
     1    0.69                           result_o[30] (net)
                  0.01    0.00    5.59 ^ result_o[30] (out)
                                  5.59   data arrival time

                  0.00    6.00    6.00   clock clk_i (rise edge)
                          0.00    6.00   clock network delay (ideal)
                          0.00    6.00   clock reconvergence pessimism
                         -0.60    5.40   output external delay
                                  5.40   data required time
-----------------------------------------------------------------------------
                                  5.40   data required time
                                 -5.59   data arrival time
-----------------------------------------------------------------------------
                                 -0.19   slack (VIOLATED)



==========================================================================
global place report_power
--------------------------------------------------------------------------
Group                  Internal  Switching    Leakage      Total
                          Power      Power      Power      Power (Watts)
----------------------------------------------------------------
Sequential             5.38e-05   3.20e-06   4.20e-06   6.12e-05  12.2%
Combinational          1.45e-04   2.36e-04   5.93e-05   4.40e-04  87.8%
Macro                  0.00e+00   0.00e+00   0.00e+00   0.00e+00   0.0%
Pad                    0.00e+00   0.00e+00   0.00e+00   0.00e+00   0.0%
----------------------------------------------------------------
Total                  1.98e-04   2.39e-04   6.35e-05   5.01e-04 100.0%
                          39.6%      47.7%      12.7%

==========================================================================
global place report_design_area
--------------------------------------------------------------------------
Design area 2959 u^2 37% utilization.

Elapsed time: 0:09.62[h:]min:sec. CPU time: user 9.50 sys 0.11 (99%). Peak memory: 214836KB.
