OpenROAD b57893514040c5aa453ab5c104f35d1173a8add9 
This program is licensed under the BSD-3 license. See the LICENSE file for details.
Components of this program may be licensed under more restrictive licenses which must be honored.
[INFO GPL-0002] DBU: 1000
[INFO GPL-0003] SiteSize: 54 270
[INFO GPL-0004] CoreAreaLxLy: 2052 2160
[INFO GPL-0005] CoreAreaUxUy: 100170 100170
[INFO GPL-0006] NumInstances: 29491
[INFO GPL-0007] NumPlaceInstances: 28218
[INFO GPL-0008] NumFixedInstances: 1273
[INFO GPL-0009] NumDummyInstances: 0
[INFO GPL-0010] NumNets: 28573
[INFO GPL-0011] NumPins: 88963
[INFO GPL-0012] DieAreaLxLy: 0 0
[INFO GPL-0013] DieAreaUxUy: 102223 102223
[INFO GPL-0014] CoreAreaLxLy: 2052 2160
[INFO GPL-0015] CoreAreaUxUy: 100170 100170
[INFO GPL-0016] CoreArea: 9616545180
[INFO GPL-0017] NonPlaceInstsArea: 37120680
[INFO GPL-0018] PlaceInstsArea: 5391713160
[INFO GPL-0019] Util(%): 56.28
[INFO GPL-0020] StdInstsArea: 5391713160
[INFO GPL-0021] MacroInstsArea: 0
[InitialPlace]  Iter: 1 CG residual: 0.00026295 HPWL: 97947865
[InitialPlace]  Iter: 2 CG residual: 0.00008346 HPWL: 42643245
[InitialPlace]  Iter: 3 CG residual: 0.00005676 HPWL: 39819970
[InitialPlace]  Iter: 4 CG residual: 0.00006061 HPWL: 37839550
[InitialPlace]  Iter: 5 CG residual: 0.00002762 HPWL: 37044108
[InitialPlace]  Iter: 6 CG residual: 0.00001534 HPWL: 36638588
[InitialPlace]  Iter: 7 CG residual: 0.00001284 HPWL: 36500668
[InitialPlace]  Iter: 8 CG residual: 0.00000276 HPWL: 36389620
[INFO GPL-0031] FillerInit: NumGCells: 30090
[INFO GPL-0032] FillerInit: NumGNets: 28573
[INFO GPL-0033] FillerInit: NumGPins: 88963
[INFO GPL-0023] TargetDensity: 0.60
[INFO GPL-0024] AveragePlaceInstArea: 191073
[INFO GPL-0025] IdealBinArea: 318455
[INFO GPL-0026] IdealBinCnt: 30197
[INFO GPL-0027] TotalBinArea: 9616545180
[INFO GPL-0028] BinCnt: 128 128
[INFO GPL-0029] BinSize: 767 766
[INFO GPL-0030] NumBins: 16384
[NesterovSolve] Iter: 1 overflow: 0.971226 HPWL: 12873845
[NesterovSolve] Iter: 10 overflow: 0.961188 HPWL: 14744814
[NesterovSolve] Iter: 20 overflow: 0.959593 HPWL: 14323037
[NesterovSolve] Iter: 30 overflow: 0.957933 HPWL: 14741633
[NesterovSolve] Iter: 40 overflow: 0.958101 HPWL: 14817879
[NesterovSolve] Iter: 50 overflow: 0.958022 HPWL: 14750656
[NesterovSolve] Iter: 60 overflow: 0.957757 HPWL: 14692929
[NesterovSolve] Iter: 70 overflow: 0.957204 HPWL: 14736077
[NesterovSolve] Iter: 80 overflow: 0.956661 HPWL: 14843006
[NesterovSolve] Iter: 90 overflow: 0.956431 HPWL: 14938004
[NesterovSolve] Iter: 100 overflow: 0.956115 HPWL: 15012819
[NesterovSolve] Iter: 110 overflow: 0.955673 HPWL: 15085725
[NesterovSolve] Iter: 120 overflow: 0.95514 HPWL: 15177783
[NesterovSolve] Iter: 130 overflow: 0.954681 HPWL: 15311824
[NesterovSolve] Iter: 140 overflow: 0.954382 HPWL: 15498697
[NesterovSolve] Iter: 150 overflow: 0.953826 HPWL: 15760239
[NesterovSolve] Iter: 160 overflow: 0.953222 HPWL: 16175384
[NesterovSolve] Iter: 170 overflow: 0.952168 HPWL: 17007157
[NesterovSolve] Iter: 180 overflow: 0.950249 HPWL: 18645391
[NesterovSolve] Iter: 190 overflow: 0.945803 HPWL: 21094484
[NesterovSolve] Iter: 200 overflow: 0.940086 HPWL: 22954633
[NesterovSolve] Iter: 210 overflow: 0.934587 HPWL: 24709084
[NesterovSolve] Iter: 220 overflow: 0.925883 HPWL: 27719841
[NesterovSolve] Iter: 230 overflow: 0.911505 HPWL: 31576462
[NesterovSolve] Iter: 240 overflow: 0.893413 HPWL: 35106215
[NesterovSolve] Iter: 250 overflow: 0.872033 HPWL: 38904333
[NesterovSolve] Iter: 260 overflow: 0.844604 HPWL: 43323397
[NesterovSolve] Iter: 270 overflow: 0.811976 HPWL: 47974065
[INFO GPL-0100] worst slack -1.39e-17
[INFO GPL-0103] Weighted 3349 nets.
[NesterovSolve] Iter: 280 overflow: 0.780199 HPWL: 53147411
[NesterovSolve] Iter: 290 overflow: 0.763517 HPWL: 55298132
[NesterovSolve] Iter: 300 overflow: 0.702052 HPWL: 61330487
[NesterovSolve] Iter: 310 overflow: 0.661287 HPWL: 66374262
[INFO GPL-0100] worst slack -1.39e-17
[INFO GPL-0103] Weighted 3350 nets.
[NesterovSolve] Iter: 320 overflow: 0.603486 HPWL: 71325350
[NesterovSolve] Snapshot saved at iter = 320
[NesterovSolve] Iter: 330 overflow: 0.555962 HPWL: 74276090
[NesterovSolve] Iter: 340 overflow: 0.496461 HPWL: 75939484
[INFO GPL-0100] worst slack -1.39e-17
[INFO GPL-0103] Weighted 3350 nets.
[NesterovSolve] Iter: 350 overflow: 0.435601 HPWL: 75747627
[NesterovSolve] Iter: 360 overflow: 0.375229 HPWL: 75036903
[NesterovSolve] Iter: 370 overflow: 0.330646 HPWL: 73948805
[NesterovSolve] Iter: 380 overflow: 0.294168 HPWL: 72958389
[INFO GPL-0100] worst slack -1.39e-17
[INFO GPL-0103] Weighted 3350 nets.
[NesterovSolve] Iter: 390 overflow: 0.262714 HPWL: 72437082
[NesterovSolve] Iter: 400 overflow: 0.234663 HPWL: 71750829
[NesterovSolve] Iter: 410 overflow: 0.207065 HPWL: 71248177
[INFO GPL-0100] worst slack -1.39e-17
[INFO GPL-0103] Weighted 3350 nets.
[INFO GPL-0075] Routability numCall: 1 inflationIterCnt: 1 bloatIterCnt: 0
[INFO GPL-0036] TileLxLy: 0 0
[INFO GPL-0037] TileSize: 540 540
[INFO GPL-0038] TileCnt: 189 189
[INFO GPL-0039] numRoutingLayers: 10
[INFO GPL-0040] NumTiles: 35721
[INFO GPL-0063] TotalRouteOverflowH2: 422.4182689189911
[INFO GPL-0064] TotalRouteOverflowV2: 29.539394974708557
[INFO GPL-0065] OverflowTileCnt2: 3244
[INFO GPL-0066] 0.5%RC: 1.2450013625656755
[INFO GPL-0067] 1.0%RC: 1.222533745737678
[INFO GPL-0068] 2.0%RC: 1.192137253091899
[INFO GPL-0069] 5.0%RC: 1.1241311398527742
[INFO GPL-0070] 0.5rcK: 1.0
[INFO GPL-0071] 1.0rcK: 1.0
[INFO GPL-0072] 2.0rcK: 0.0
[INFO GPL-0073] 5.0rcK: 0.0
[INFO GPL-0074] FinalRC: 1.2337675
[NesterovSolve] Iter: 420 overflow: 0.18244 HPWL: 70841128
[NesterovSolve] Iter: 430 overflow: 0.157522 HPWL: 70592569
[INFO GPL-0100] worst slack -1.39e-17
[INFO GPL-0103] Weighted 3349 nets.
[NesterovSolve] Iter: 440 overflow: 0.137755 HPWL: 70417005
[NesterovSolve] Iter: 450 overflow: 0.117287 HPWL: 70350283
[NesterovSolve] Iter: 460 overflow: 0.101059 HPWL: 70307468
[NesterovSolve] Finished with Overflow: 0.099300

==========================================================================
global place report_tns
--------------------------------------------------------------------------
tns -25023.05

==========================================================================
global place report_wns
--------------------------------------------------------------------------
wns -3321.73

==========================================================================
global place report_worst_slack
--------------------------------------------------------------------------
worst slack -3321.73

==========================================================================
global place report_clock_skew
--------------------------------------------------------------------------
Clock clk_i
Latency      CRPR       Skew
gen_encoder_units[2].encoder_unit/threshold_memory/_10868_/CLK ^
 166.86
gen_encoder_units[2].encoder_unit/_527_/CLK ^
   0.00      0.00     166.86


==========================================================================
global place report_checks -path_delay min
--------------------------------------------------------------------------
Startpoint: rst_ni (input port clocked by clk_i)
Endpoint: gen_encoder_units[3].encoder_unit/threshold_memory/_09471_
          (removal check against rising-edge clock clk_i)
Path Group: **async_default**
Path Type: min

Fanout     Cap    Slew   Delay    Time   Description
-----------------------------------------------------------------------------
                  0.00    0.00    0.00   clock clk_i (rise edge)
                          0.00    0.00   clock network delay (ideal)
                        150.00  150.00 ^ input external delay
                  0.00    0.00  150.00 ^ rst_ni (in)
     9   30.74                           rst_ni (net)
                 35.82   11.30  161.30 ^ gen_encoder_units[3].encoder_unit/threshold_memory/_09404_/A (INVx1_ASAP7_75t_R)
                 80.95   47.08  208.38 v gen_encoder_units[3].encoder_unit/threshold_memory/_09404_/Y (INVx1_ASAP7_75t_R)
    16   14.91                           gen_encoder_units[3].encoder_unit/threshold_memory/_00016_ (net)
                 80.95    0.00  208.38 v gen_encoder_units[3].encoder_unit/threshold_memory/_09471_/RESET (ASYNC_DFFHx1_ASAP7_75t_R)
                                208.38   data arrival time

                  0.00    0.00    0.00   clock clk_i (rise edge)
                          0.00    0.00   clock network delay (ideal)
                          0.00    0.00   clock reconvergence pessimism
                                  0.00 ^ gen_encoder_units[3].encoder_unit/threshold_memory/_09471_/CLK (ASYNC_DFFHx1_ASAP7_75t_R)
                         54.09   54.09   library removal time
                                 54.09   data required time
-----------------------------------------------------------------------------
                                 54.09   data required time
                               -208.38   data arrival time
-----------------------------------------------------------------------------
                                154.29   slack (MET)


Startpoint: gen_encoder_units[3].encoder_unit/threshold_memory/_09472_
            (negative level-sensitive latch clocked by clk_i)
Endpoint: gen_encoder_units[3].encoder_unit/threshold_memory/_09247_
          (rising clock gating-check end-point clocked by clk_i)
Path Group: **clock_gating_default**
Path Type: min

Fanout     Cap    Slew   Delay    Time   Description
-----------------------------------------------------------------------------
                  0.00  750.00  750.00   clock clk_i (fall edge)
                          0.00  750.00   clock network delay (ideal)
                  0.00    0.00  750.00 v gen_encoder_units[3].encoder_unit/threshold_memory/_09472_/CLK (DLLx1_ASAP7_75t_R)
                  7.67   18.26  768.26 ^ gen_encoder_units[3].encoder_unit/threshold_memory/_09472_/Q (DLLx1_ASAP7_75t_R)
     1    0.60                           gen_encoder_units[3].encoder_unit/threshold_memory/cg_we_global.en_latch (net)
                  7.67    0.00  768.26 ^ gen_encoder_units[3].encoder_unit/threshold_memory/_09247_/B (AND2x2_ASAP7_75t_R)
                                768.26   data arrival time

                  0.00  750.00  750.00   clock clk_i (fall edge)
                          0.00  750.00   clock network delay (ideal)
                          0.00  750.00   clock reconvergence pessimism
                                750.00 v gen_encoder_units[3].encoder_unit/threshold_memory/_09247_/A (AND2x2_ASAP7_75t_R)
                          0.00  750.00   clock gating hold time
                                750.00   data required time
-----------------------------------------------------------------------------
                                750.00   data required time
                               -768.26   data arrival time
-----------------------------------------------------------------------------
                                 18.26   slack (MET)


Startpoint: gen_encoder_units[2].encoder_unit/_530_
            (rising edge-triggered flip-flop clocked by clk_i)
Endpoint: gen_encoder_units[2].encoder_unit/_530_
          (rising edge-triggered flip-flop clocked by clk_i)
Path Group: clk_i
Path Type: min

Fanout     Cap    Slew   Delay    Time   Description
-----------------------------------------------------------------------------
                  0.00    0.00    0.00   clock clk_i (rise edge)
                          0.00    0.00   clock network delay (ideal)
                  0.00    0.00    0.00 ^ gen_encoder_units[2].encoder_unit/_530_/CLK (ASYNC_DFFHx1_ASAP7_75t_R)
                 13.49   36.39   36.39 ^ gen_encoder_units[2].encoder_unit/_530_/QN (ASYNC_DFFHx1_ASAP7_75t_R)
     1    0.73                           gen_encoder_units[2].encoder_unit/_012_ (net)
                 13.49    0.01   36.40 ^ gen_encoder_units[2].encoder_unit/_300_/A (INVx1_ASAP7_75t_R)
                  9.91    8.29   44.69 v gen_encoder_units[2].encoder_unit/_300_/Y (INVx1_ASAP7_75t_R)
     2    1.31                           k_addr_int[2][3] (net)
                  9.91    0.01   44.70 v gen_encoder_units[2].encoder_unit/_505_/B2 (AO22x1_ASAP7_75t_R)
                  7.19   15.05   59.74 v gen_encoder_units[2].encoder_unit/_505_/Y (AO22x1_ASAP7_75t_R)
     1    0.77                           gen_encoder_units[2].encoder_unit/_022_ (net)
                  7.19    0.02   59.76 v gen_encoder_units[2].encoder_unit/_530_/D (ASYNC_DFFHx1_ASAP7_75t_R)
                                 59.76   data arrival time

                  0.00    0.00    0.00   clock clk_i (rise edge)
                          0.00    0.00   clock network delay (ideal)
                          0.00    0.00   clock reconvergence pessimism
                                  0.00 ^ gen_encoder_units[2].encoder_unit/_530_/CLK (ASYNC_DFFHx1_ASAP7_75t_R)
                          4.99    4.99   library hold time
                                  4.99   data required time
-----------------------------------------------------------------------------
                                  4.99   data required time
                                -59.76   data arrival time
-----------------------------------------------------------------------------
                                 54.77   slack (MET)



==========================================================================
global place report_checks -path_delay max
--------------------------------------------------------------------------
Startpoint: rst_ni (input port clocked by clk_i)
Endpoint: gen_encoder_units[0].encoder_unit/_561_
          (recovery check against rising-edge clock clk_i)
Path Group: **async_default**
Path Type: max

Fanout     Cap    Slew   Delay    Time   Description
-----------------------------------------------------------------------------
                  0.00    0.00    0.00   clock clk_i (rise edge)
                          0.00    0.00   clock network delay (ideal)
                        150.00  150.00 ^ input external delay
                  0.00    0.00  150.00 ^ rst_ni (in)
     9   30.74                           rst_ni (net)
                 99.97   31.54  181.54 ^ gen_encoder_units[0].encoder_unit/_309_/A (INVx1_ASAP7_75t_R)
                112.99   74.25  255.78 v gen_encoder_units[0].encoder_unit/_309_/Y (INVx1_ASAP7_75t_R)
    17   18.66                           gen_encoder_units[0].encoder_unit/_017_ (net)
                113.14    2.37  258.16 v gen_encoder_units[0].encoder_unit/_561_/SET (ASYNC_DFFHx1_ASAP7_75t_R)
                                258.16   data arrival time

                  0.00 1500.00 1500.00   clock clk_i (rise edge)
                          0.00 1500.00   clock network delay (ideal)
                          0.00 1500.00   clock reconvergence pessimism
                               1500.00 ^ gen_encoder_units[0].encoder_unit/_561_/CLK (ASYNC_DFFHx1_ASAP7_75t_R)
                        -23.66 1476.34   library recovery time
                               1476.34   data required time
-----------------------------------------------------------------------------
                               1476.34   data required time
                               -258.16   data arrival time
-----------------------------------------------------------------------------
                               1218.18   slack (MET)


Startpoint: gen_encoder_units[2].encoder_unit/threshold_memory/_10595_
            (negative level-sensitive latch clocked by clk_i)
Endpoint: gen_encoder_units[2].encoder_unit/threshold_memory/_09352_
          (rising clock gating-check end-point clocked by clk_i)
Path Group: **clock_gating_default**
Path Type: max

Fanout     Cap    Slew   Delay    Time   Description
-----------------------------------------------------------------------------
                  0.00  750.00  750.00   clock clk_i (fall edge)
                          0.00  750.00   clock network delay (ideal)
                  0.00    0.00  750.00 v gen_encoder_units[2].encoder_unit/threshold_memory/_10595_/CLK (DLLx1_ASAP7_75t_R)
                190.75   95.97  845.97 ^ gen_encoder_units[2].encoder_unit/threshold_memory/_10595_/Q (DLLx1_ASAP7_75t_R)
    33   30.07                           gen_encoder_units[2].encoder_unit/threshold_memory/gen_sub_units_scm[2].sub_unit_i.cg_we_global.en_latch (net)
                191.08    4.61  850.58 ^ gen_encoder_units[2].encoder_unit/threshold_memory/_09352_/B (AND3x1_ASAP7_75t_R)
                                850.58   data arrival time

                  0.00 1500.00 1500.00   clock clk_i (rise edge)
                          0.00 1500.00   clock network delay (ideal)
                          0.00 1500.00   clock reconvergence pessimism
                               1500.00 ^ gen_encoder_units[2].encoder_unit/threshold_memory/_09352_/A (AND3x1_ASAP7_75t_R)
                          0.00 1500.00   clock gating setup time
                               1500.00   data required time
-----------------------------------------------------------------------------
                               1500.00   data required time
                               -850.58   data arrival time
-----------------------------------------------------------------------------
                                649.42   slack (MET)


Startpoint: gen_encoder_units[3].encoder_unit/_546_
            (rising edge-triggered flip-flop clocked by clk_i)
Endpoint: gen_encoder_units[3].encoder_unit/_556_
          (rising edge-triggered flip-flop clocked by clk_i)
Path Group: clk_i
Path Type: max

Fanout     Cap    Slew   Delay    Time   Description
-----------------------------------------------------------------------------
                  0.00    0.00    0.00   clock clk_i (rise edge)
                          0.00    0.00   clock network delay (ideal)
                  0.00    0.00    0.00 ^ gen_encoder_units[3].encoder_unit/_546_/CLK (ASYNC_DFFHx1_ASAP7_75t_R)
                 13.21   33.85   33.85 v gen_encoder_units[3].encoder_unit/_546_/QN (ASYNC_DFFHx1_ASAP7_75t_R)
     1    0.69                           gen_encoder_units[3].encoder_unit/_004_ (net)
                 13.21    0.00   33.85 v gen_encoder_units[3].encoder_unit/_305_/A (INVx1_ASAP7_75t_R)
               2065.40  770.08  803.94 ^ gen_encoder_units[3].encoder_unit/_305_/Y (INVx1_ASAP7_75t_R)
   194  319.38                           gen_encoder_units[3].encoder_unit/c_addr_internal[0] (net)
               2107.57  163.48  967.42 ^ gen_encoder_units[3].encoder_unit/threshold_memory/_04617_/A (INVx3_ASAP7_75t_R)
               2411.52 1229.98 2197.40 v gen_encoder_units[3].encoder_unit/threshold_memory/_04617_/Y (INVx3_ASAP7_75t_R)
   197  314.31                           gen_encoder_units[3].encoder_unit/threshold_memory/_00062_ (net)
               2478.08  228.22 2425.62 v gen_encoder_units[3].encoder_unit/threshold_memory/_04638_/A (NOR3x2_ASAP7_75t_R)
               1408.72 1084.93 3510.56 ^ gen_encoder_units[3].encoder_unit/threshold_memory/_04638_/Y (NOR3x2_ASAP7_75t_R)
    78  142.91                           gen_encoder_units[3].encoder_unit/threshold_memory/_00083_ (net)
               1419.55   74.04 3584.59 ^ gen_encoder_units[3].encoder_unit/threshold_memory/_04772_/B (NAND2x1_ASAP7_75t_R)
               1140.59  814.93 4399.52 v gen_encoder_units[3].encoder_unit/threshold_memory/_04772_/Y (NAND2x1_ASAP7_75t_R)
    50   83.98                           gen_encoder_units[3].encoder_unit/threshold_memory/_00217_ (net)
               1141.07   13.30 4412.83 v gen_encoder_units[3].encoder_unit/threshold_memory/_05500_/B1 (OAI22x1_ASAP7_75t_R)
                129.96   96.48 4509.31 ^ gen_encoder_units[3].encoder_unit/threshold_memory/_05500_/Y (OAI22x1_ASAP7_75t_R)
     1    1.07                           gen_encoder_units[3].encoder_unit/threshold_memory/_00943_ (net)
                129.96    0.01 4509.31 ^ gen_encoder_units[3].encoder_unit/threshold_memory/_05504_/A (NOR2x1_ASAP7_75t_R)
                 30.72   28.75 4538.06 v gen_encoder_units[3].encoder_unit/threshold_memory/_05504_/Y (NOR2x1_ASAP7_75t_R)
     1    1.10                           gen_encoder_units[3].encoder_unit/threshold_memory/_00947_ (net)
                 30.72    0.01 4538.07 v gen_encoder_units[3].encoder_unit/threshold_memory/_05505_/B (NAND2x1_ASAP7_75t_R)
                 26.58   21.48 4559.55 ^ gen_encoder_units[3].encoder_unit/threshold_memory/_05505_/Y (NAND2x1_ASAP7_75t_R)
     1    2.58                           gen_encoder_units[3].encoder_unit/threshold_memory/_00948_ (net)
                 26.61    0.51 4560.06 ^ gen_encoder_units[3].encoder_unit/threshold_memory/_05506_/B (NOR2x1_ASAP7_75t_R)
                 18.74   16.51 4576.56 v gen_encoder_units[3].encoder_unit/threshold_memory/_05506_/Y (NOR2x1_ASAP7_75t_R)
     1    2.17                           gen_encoder_units[3].encoder_unit/threshold_memory/_00949_ (net)
                 18.76    0.30 4576.86 v gen_encoder_units[3].encoder_unit/threshold_memory/_05540_/A1 (AOI21x1_ASAP7_75t_R)
                 27.55   17.30 4594.16 ^ gen_encoder_units[3].encoder_unit/threshold_memory/_05540_/Y (AOI21x1_ASAP7_75t_R)
     1    3.56                           gen_encoder_units[3].encoder_unit/threshold_memory/_00983_ (net)
                 27.69    1.07 4595.24 ^ gen_encoder_units[3].encoder_unit/threshold_memory/_05541_/B (NOR2x1_ASAP7_75t_R)
                 29.83   22.30 4617.53 v gen_encoder_units[3].encoder_unit/threshold_memory/_05541_/Y (NOR2x1_ASAP7_75t_R)
     1    4.15                           gen_encoder_units[3].encoder_unit/threshold_memory/_00984_ (net)
                 30.07    1.50 4619.03 v gen_encoder_units[3].encoder_unit/threshold_memory/_05686_/A (NAND2x1_ASAP7_75t_R)
                 55.84   35.54 4654.58 ^ gen_encoder_units[3].encoder_unit/threshold_memory/_05686_/Y (NAND2x1_ASAP7_75t_R)
     4    6.73                           gen_encoder_units[3].encoder_unit/fp_compare.operand_b_i[13] (net)
                 56.14    2.32 4656.90 ^ gen_encoder_units[3].encoder_unit/_458_/B (NOR3x1_ASAP7_75t_R)
                 21.70   22.57 4679.47 v gen_encoder_units[3].encoder_unit/_458_/Y (NOR3x1_ASAP7_75t_R)
     1    1.13                           gen_encoder_units[3].encoder_unit/_198_ (net)
                 21.70    0.01 4679.48 v gen_encoder_units[3].encoder_unit/_459_/B (NOR2x1_ASAP7_75t_R)
                 21.11   16.29 4695.77 ^ gen_encoder_units[3].encoder_unit/_459_/Y (NOR2x1_ASAP7_75t_R)
     1    2.12                           gen_encoder_units[3].encoder_unit/_199_ (net)
                 21.11    0.04 4695.82 ^ gen_encoder_units[3].encoder_unit/_468_/A (NOR2x2_ASAP7_75t_R)
                 16.90   15.71 4711.52 v gen_encoder_units[3].encoder_unit/_468_/Y (NOR2x2_ASAP7_75t_R)
     2    3.59                           gen_encoder_units[3].encoder_unit/_208_ (net)
                 16.90    0.05 4711.57 v gen_encoder_units[3].encoder_unit/_498_/A (NAND3x2_ASAP7_75t_R)
                 30.42   19.28 4730.85 ^ gen_encoder_units[3].encoder_unit/_498_/Y (NAND3x2_ASAP7_75t_R)
     4    5.59                           gen_encoder_units[3].encoder_unit/_238_ (net)
                 30.42    0.25 4731.10 ^ gen_encoder_units[3].encoder_unit/_499_/B (NOR2x2_ASAP7_75t_R)
                 14.91   14.32 4745.43 v gen_encoder_units[3].encoder_unit/_499_/Y (NOR2x2_ASAP7_75t_R)
     2    2.55                           gen_encoder_units[3].encoder_unit/_239_ (net)
                 14.91    0.05 4745.47 v gen_encoder_units[3].encoder_unit/_519_/A (NAND2x1_ASAP7_75t_R)
                 15.50   13.98 4759.46 ^ gen_encoder_units[3].encoder_unit/_519_/Y (NAND2x1_ASAP7_75t_R)
     1    1.27                           gen_encoder_units[3].encoder_unit/_259_ (net)
                 15.50    0.04 4759.50 ^ gen_encoder_units[3].encoder_unit/_520_/A2 (AOI21x1_ASAP7_75t_R)
                 14.17    8.70 4768.20 v gen_encoder_units[3].encoder_unit/_520_/Y (AOI21x1_ASAP7_75t_R)
     1    1.16                           gen_encoder_units[3].encoder_unit/_260_ (net)
                 14.17    0.02 4768.21 v gen_encoder_units[3].encoder_unit/_522_/A2 (OAI21x1_ASAP7_75t_R)
                 28.64   17.49 4785.70 ^ gen_encoder_units[3].encoder_unit/_522_/Y (OAI21x1_ASAP7_75t_R)
     2    3.82                           gen_encoder_units[3].encoder_unit/_262_ (net)
                 28.73    0.92 4786.62 ^ gen_encoder_units[3].encoder_unit/_535_/A2 (OAI21x1_ASAP7_75t_R)
                 23.70   13.18 4799.79 v gen_encoder_units[3].encoder_unit/_535_/Y (OAI21x1_ASAP7_75t_R)
     1    2.30                           gen_encoder_units[3].encoder_unit/_269_ (net)
                 23.70    0.05 4799.84 v gen_encoder_units[3].encoder_unit/_536_/B (NAND2x2_ASAP7_75t_R)
                 11.27   10.84 4810.69 ^ gen_encoder_units[3].encoder_unit/_536_/Y (NAND2x2_ASAP7_75t_R)
     1    0.74                           gen_encoder_units[3].encoder_unit/_028_ (net)
                 11.27    0.02 4810.70 ^ gen_encoder_units[3].encoder_unit/_556_/D (ASYNC_DFFHx1_ASAP7_75t_R)
                               4810.70   data arrival time

                  0.00 1500.00 1500.00   clock clk_i (rise edge)
                          0.00 1500.00   clock network delay (ideal)
                          0.00 1500.00   clock reconvergence pessimism
                               1500.00 ^ gen_encoder_units[3].encoder_unit/_556_/CLK (ASYNC_DFFHx1_ASAP7_75t_R)
                        -11.03 1488.97   library setup time
                               1488.97   data required time
-----------------------------------------------------------------------------
                               1488.97   data required time
                               -4810.70   data arrival time
-----------------------------------------------------------------------------
                               -3321.73   slack (VIOLATED)



==========================================================================
global place report_checks -unconstrained
--------------------------------------------------------------------------
Startpoint: rst_ni (input port clocked by clk_i)
Endpoint: gen_encoder_units[0].encoder_unit/_561_
          (recovery check against rising-edge clock clk_i)
Path Group: **async_default**
Path Type: max

Fanout     Cap    Slew   Delay    Time   Description
-----------------------------------------------------------------------------
                  0.00    0.00    0.00   clock clk_i (rise edge)
                          0.00    0.00   clock network delay (ideal)
                        150.00  150.00 ^ input external delay
                  0.00    0.00  150.00 ^ rst_ni (in)
     9   30.74                           rst_ni (net)
                 99.97   31.54  181.54 ^ gen_encoder_units[0].encoder_unit/_309_/A (INVx1_ASAP7_75t_R)
                112.99   74.25  255.78 v gen_encoder_units[0].encoder_unit/_309_/Y (INVx1_ASAP7_75t_R)
    17   18.66                           gen_encoder_units[0].encoder_unit/_017_ (net)
                113.14    2.37  258.16 v gen_encoder_units[0].encoder_unit/_561_/SET (ASYNC_DFFHx1_ASAP7_75t_R)
                                258.16   data arrival time

                  0.00 1500.00 1500.00   clock clk_i (rise edge)
                          0.00 1500.00   clock network delay (ideal)
                          0.00 1500.00   clock reconvergence pessimism
                               1500.00 ^ gen_encoder_units[0].encoder_unit/_561_/CLK (ASYNC_DFFHx1_ASAP7_75t_R)
                        -23.66 1476.34   library recovery time
                               1476.34   data required time
-----------------------------------------------------------------------------
                               1476.34   data required time
                               -258.16   data arrival time
-----------------------------------------------------------------------------
                               1218.18   slack (MET)


Startpoint: gen_encoder_units[2].encoder_unit/threshold_memory/_10595_
            (negative level-sensitive latch clocked by clk_i)
Endpoint: gen_encoder_units[2].encoder_unit/threshold_memory/_09352_
          (rising clock gating-check end-point clocked by clk_i)
Path Group: **clock_gating_default**
Path Type: max

Fanout     Cap    Slew   Delay    Time   Description
-----------------------------------------------------------------------------
                  0.00  750.00  750.00   clock clk_i (fall edge)
                          0.00  750.00   clock network delay (ideal)
                  0.00    0.00  750.00 v gen_encoder_units[2].encoder_unit/threshold_memory/_10595_/CLK (DLLx1_ASAP7_75t_R)
                190.75   95.97  845.97 ^ gen_encoder_units[2].encoder_unit/threshold_memory/_10595_/Q (DLLx1_ASAP7_75t_R)
    33   30.07                           gen_encoder_units[2].encoder_unit/threshold_memory/gen_sub_units_scm[2].sub_unit_i.cg_we_global.en_latch (net)
                191.08    4.61  850.58 ^ gen_encoder_units[2].encoder_unit/threshold_memory/_09352_/B (AND3x1_ASAP7_75t_R)
                                850.58   data arrival time

                  0.00 1500.00 1500.00   clock clk_i (rise edge)
                          0.00 1500.00   clock network delay (ideal)
                          0.00 1500.00   clock reconvergence pessimism
                               1500.00 ^ gen_encoder_units[2].encoder_unit/threshold_memory/_09352_/A (AND3x1_ASAP7_75t_R)
                          0.00 1500.00   clock gating setup time
                               1500.00   data required time
-----------------------------------------------------------------------------
                               1500.00   data required time
                               -850.58   data arrival time
-----------------------------------------------------------------------------
                                649.42   slack (MET)


Startpoint: gen_encoder_units[3].encoder_unit/_546_
            (rising edge-triggered flip-flop clocked by clk_i)
Endpoint: gen_encoder_units[3].encoder_unit/_556_
          (rising edge-triggered flip-flop clocked by clk_i)
Path Group: clk_i
Path Type: max

Fanout     Cap    Slew   Delay    Time   Description
-----------------------------------------------------------------------------
                  0.00    0.00    0.00   clock clk_i (rise edge)
                          0.00    0.00   clock network delay (ideal)
                  0.00    0.00    0.00 ^ gen_encoder_units[3].encoder_unit/_546_/CLK (ASYNC_DFFHx1_ASAP7_75t_R)
                 13.21   33.85   33.85 v gen_encoder_units[3].encoder_unit/_546_/QN (ASYNC_DFFHx1_ASAP7_75t_R)
     1    0.69                           gen_encoder_units[3].encoder_unit/_004_ (net)
                 13.21    0.00   33.85 v gen_encoder_units[3].encoder_unit/_305_/A (INVx1_ASAP7_75t_R)
               2065.40  770.08  803.94 ^ gen_encoder_units[3].encoder_unit/_305_/Y (INVx1_ASAP7_75t_R)
   194  319.38                           gen_encoder_units[3].encoder_unit/c_addr_internal[0] (net)
               2107.57  163.48  967.42 ^ gen_encoder_units[3].encoder_unit/threshold_memory/_04617_/A (INVx3_ASAP7_75t_R)
               2411.52 1229.98 2197.40 v gen_encoder_units[3].encoder_unit/threshold_memory/_04617_/Y (INVx3_ASAP7_75t_R)
   197  314.31                           gen_encoder_units[3].encoder_unit/threshold_memory/_00062_ (net)
               2478.08  228.22 2425.62 v gen_encoder_units[3].encoder_unit/threshold_memory/_04638_/A (NOR3x2_ASAP7_75t_R)
               1408.72 1084.93 3510.56 ^ gen_encoder_units[3].encoder_unit/threshold_memory/_04638_/Y (NOR3x2_ASAP7_75t_R)
    78  142.91                           gen_encoder_units[3].encoder_unit/threshold_memory/_00083_ (net)
               1419.55   74.04 3584.59 ^ gen_encoder_units[3].encoder_unit/threshold_memory/_04772_/B (NAND2x1_ASAP7_75t_R)
               1140.59  814.93 4399.52 v gen_encoder_units[3].encoder_unit/threshold_memory/_04772_/Y (NAND2x1_ASAP7_75t_R)
    50   83.98                           gen_encoder_units[3].encoder_unit/threshold_memory/_00217_ (net)
               1141.07   13.30 4412.83 v gen_encoder_units[3].encoder_unit/threshold_memory/_05500_/B1 (OAI22x1_ASAP7_75t_R)
                129.96   96.48 4509.31 ^ gen_encoder_units[3].encoder_unit/threshold_memory/_05500_/Y (OAI22x1_ASAP7_75t_R)
     1    1.07                           gen_encoder_units[3].encoder_unit/threshold_memory/_00943_ (net)
                129.96    0.01 4509.31 ^ gen_encoder_units[3].encoder_unit/threshold_memory/_05504_/A (NOR2x1_ASAP7_75t_R)
                 30.72   28.75 4538.06 v gen_encoder_units[3].encoder_unit/threshold_memory/_05504_/Y (NOR2x1_ASAP7_75t_R)
     1    1.10                           gen_encoder_units[3].encoder_unit/threshold_memory/_00947_ (net)
                 30.72    0.01 4538.07 v gen_encoder_units[3].encoder_unit/threshold_memory/_05505_/B (NAND2x1_ASAP7_75t_R)
                 26.58   21.48 4559.55 ^ gen_encoder_units[3].encoder_unit/threshold_memory/_05505_/Y (NAND2x1_ASAP7_75t_R)
     1    2.58                           gen_encoder_units[3].encoder_unit/threshold_memory/_00948_ (net)
                 26.61    0.51 4560.06 ^ gen_encoder_units[3].encoder_unit/threshold_memory/_05506_/B (NOR2x1_ASAP7_75t_R)
                 18.74   16.51 4576.56 v gen_encoder_units[3].encoder_unit/threshold_memory/_05506_/Y (NOR2x1_ASAP7_75t_R)
     1    2.17                           gen_encoder_units[3].encoder_unit/threshold_memory/_00949_ (net)
                 18.76    0.30 4576.86 v gen_encoder_units[3].encoder_unit/threshold_memory/_05540_/A1 (AOI21x1_ASAP7_75t_R)
                 27.55   17.30 4594.16 ^ gen_encoder_units[3].encoder_unit/threshold_memory/_05540_/Y (AOI21x1_ASAP7_75t_R)
     1    3.56                           gen_encoder_units[3].encoder_unit/threshold_memory/_00983_ (net)
                 27.69    1.07 4595.24 ^ gen_encoder_units[3].encoder_unit/threshold_memory/_05541_/B (NOR2x1_ASAP7_75t_R)
                 29.83   22.30 4617.53 v gen_encoder_units[3].encoder_unit/threshold_memory/_05541_/Y (NOR2x1_ASAP7_75t_R)
     1    4.15                           gen_encoder_units[3].encoder_unit/threshold_memory/_00984_ (net)
                 30.07    1.50 4619.03 v gen_encoder_units[3].encoder_unit/threshold_memory/_05686_/A (NAND2x1_ASAP7_75t_R)
                 55.84   35.54 4654.58 ^ gen_encoder_units[3].encoder_unit/threshold_memory/_05686_/Y (NAND2x1_ASAP7_75t_R)
     4    6.73                           gen_encoder_units[3].encoder_unit/fp_compare.operand_b_i[13] (net)
                 56.14    2.32 4656.90 ^ gen_encoder_units[3].encoder_unit/_458_/B (NOR3x1_ASAP7_75t_R)
                 21.70   22.57 4679.47 v gen_encoder_units[3].encoder_unit/_458_/Y (NOR3x1_ASAP7_75t_R)
     1    1.13                           gen_encoder_units[3].encoder_unit/_198_ (net)
                 21.70    0.01 4679.48 v gen_encoder_units[3].encoder_unit/_459_/B (NOR2x1_ASAP7_75t_R)
                 21.11   16.29 4695.77 ^ gen_encoder_units[3].encoder_unit/_459_/Y (NOR2x1_ASAP7_75t_R)
     1    2.12                           gen_encoder_units[3].encoder_unit/_199_ (net)
                 21.11    0.04 4695.82 ^ gen_encoder_units[3].encoder_unit/_468_/A (NOR2x2_ASAP7_75t_R)
                 16.90   15.71 4711.52 v gen_encoder_units[3].encoder_unit/_468_/Y (NOR2x2_ASAP7_75t_R)
     2    3.59                           gen_encoder_units[3].encoder_unit/_208_ (net)
                 16.90    0.05 4711.57 v gen_encoder_units[3].encoder_unit/_498_/A (NAND3x2_ASAP7_75t_R)
                 30.42   19.28 4730.85 ^ gen_encoder_units[3].encoder_unit/_498_/Y (NAND3x2_ASAP7_75t_R)
     4    5.59                           gen_encoder_units[3].encoder_unit/_238_ (net)
                 30.42    0.25 4731.10 ^ gen_encoder_units[3].encoder_unit/_499_/B (NOR2x2_ASAP7_75t_R)
                 14.91   14.32 4745.43 v gen_encoder_units[3].encoder_unit/_499_/Y (NOR2x2_ASAP7_75t_R)
     2    2.55                           gen_encoder_units[3].encoder_unit/_239_ (net)
                 14.91    0.05 4745.47 v gen_encoder_units[3].encoder_unit/_519_/A (NAND2x1_ASAP7_75t_R)
                 15.50   13.98 4759.46 ^ gen_encoder_units[3].encoder_unit/_519_/Y (NAND2x1_ASAP7_75t_R)
     1    1.27                           gen_encoder_units[3].encoder_unit/_259_ (net)
                 15.50    0.04 4759.50 ^ gen_encoder_units[3].encoder_unit/_520_/A2 (AOI21x1_ASAP7_75t_R)
                 14.17    8.70 4768.20 v gen_encoder_units[3].encoder_unit/_520_/Y (AOI21x1_ASAP7_75t_R)
     1    1.16                           gen_encoder_units[3].encoder_unit/_260_ (net)
                 14.17    0.02 4768.21 v gen_encoder_units[3].encoder_unit/_522_/A2 (OAI21x1_ASAP7_75t_R)
                 28.64   17.49 4785.70 ^ gen_encoder_units[3].encoder_unit/_522_/Y (OAI21x1_ASAP7_75t_R)
     2    3.82                           gen_encoder_units[3].encoder_unit/_262_ (net)
                 28.73    0.92 4786.62 ^ gen_encoder_units[3].encoder_unit/_535_/A2 (OAI21x1_ASAP7_75t_R)
                 23.70   13.18 4799.79 v gen_encoder_units[3].encoder_unit/_535_/Y (OAI21x1_ASAP7_75t_R)
     1    2.30                           gen_encoder_units[3].encoder_unit/_269_ (net)
                 23.70    0.05 4799.84 v gen_encoder_units[3].encoder_unit/_536_/B (NAND2x2_ASAP7_75t_R)
                 11.27   10.84 4810.69 ^ gen_encoder_units[3].encoder_unit/_536_/Y (NAND2x2_ASAP7_75t_R)
     1    0.74                           gen_encoder_units[3].encoder_unit/_028_ (net)
                 11.27    0.02 4810.70 ^ gen_encoder_units[3].encoder_unit/_556_/D (ASYNC_DFFHx1_ASAP7_75t_R)
                               4810.70   data arrival time

                  0.00 1500.00 1500.00   clock clk_i (rise edge)
                          0.00 1500.00   clock network delay (ideal)
                          0.00 1500.00   clock reconvergence pessimism
                               1500.00 ^ gen_encoder_units[3].encoder_unit/_556_/CLK (ASYNC_DFFHx1_ASAP7_75t_R)
                        -11.03 1488.97   library setup time
                               1488.97   data required time
-----------------------------------------------------------------------------
                               1488.97   data required time
                               -4810.70   data arrival time
-----------------------------------------------------------------------------
                               -3321.73   slack (VIOLATED)



==========================================================================
global place report_power
--------------------------------------------------------------------------
Group                  Internal  Switching    Leakage      Total
                          Power      Power      Power      Power (Watts)
----------------------------------------------------------------
Sequential             4.70e-03   1.60e-04   8.26e-07   4.86e-03  55.4%
Combinational          1.10e-03   2.80e-03   1.87e-06   3.90e-03  44.6%
Macro                  0.00e+00   0.00e+00   0.00e+00   0.00e+00   0.0%
Pad                    0.00e+00   0.00e+00   0.00e+00   0.00e+00   0.0%
----------------------------------------------------------------
Total                  5.80e-03   2.96e-03   2.69e-06   8.76e-03 100.0%
                          66.2%      33.8%       0.0%

==========================================================================
global place report_design_area
--------------------------------------------------------------------------
Design area 3783 u^2 39% utilization.

Elapsed time: 1:39.81[h:]min:sec. CPU time: user 99.40 sys 0.19 (99%). Peak memory: 504524KB.
